2018-04-14 15:20:59 [scrapy] DEBUG: Crawled (200) <GET https://twitter.com/i/search/timeline?l=en&f=tweets&q=%22Eye%20Pigment%22&src=typed&max_position=> (referer: None)
2018-04-14 15:20:59 [scrapy] DEBUG: Scraped from <200 https://twitter.com/i/search/timeline?l=en&f=tweets&q=%22Eye%20Pigment%22&src=typed&max_position=>
None
2018-04-14 15:20:59 [scrapy] DEBUG: Scraped from <200 https://twitter.com/i/search/timeline?l=en&f=tweets&q=%22Eye%20Pigment%22&src=typed&max_position=>
None
2018-04-14 15:20:59 [scrapy] DEBUG: Scraped from <200 https://twitter.com/i/search/timeline?l=en&f=tweets&q=%22Eye%20Pigment%22&src=typed&max_position=>
None
2018-04-14 15:20:59 [scrapy] DEBUG: Scraped from <200 https://twitter.com/i/search/timeline?l=en&f=tweets&q=%22Eye%20Pigment%22&src=typed&max_position=>
None
2018-04-14 15:20:59 [scrapy] DEBUG: Scraped from <200 https://twitter.com/i/search/timeline?l=en&f=tweets&q=%22Eye%20Pigment%22&src=typed&max_position=>
None
2018-04-14 15:21:00 [scrapy] DEBUG: Crawled (200) <GET https://twitter.com/i/search/timeline?l=en&f=tweets&q=%22Eye%20Pigment%22&src=typed&max_position=TWEET-981317210013618178-984678152973799424> (referer: https://twitter.com/i/search/timeline?l=en&f=tweets&q=%22Eye%20Pigment%22&src=typed&max_position=)
2018-04-14 15:21:00 [scrapy] DEBUG: Scraped from <200 https://twitter.com/i/search/timeline?l=en&f=tweets&q=%22Eye%20Pigment%22&src=typed&max_position=TWEET-981317210013618178-984678152973799424>
None
2018-04-14 15:21:00 [scrapy] DEBUG: Scraped from <200 https://twitter.com/i/search/timeline?l=en&f=tweets&q=%22Eye%20Pigment%22&src=typed&max_position=TWEET-981317210013618178-984678152973799424>
None
2018-04-14 15:21:00 [scrapy] DEBUG: Scraped from <200 https://twitter.com/i/search/timeline?l=en&f=tweets&q=%22Eye%20Pigment%22&src=typed&max_position=TWEET-981317210013618178-984678152973799424>
None
2018-04-14 15:21:00 [scrapy] DEBUG: Crawled (200) <GET https://twitter.com/i/search/timeline?l=en&f=tweets&q=%22Eye%20Pigment%22&src=typed&max_position=TWEET-977670501735821312-984678152973799424> (referer: https://twitter.com/i/search/timeline?l=en&f=tweets&q=%22Eye%20Pigment%22&src=typed&max_position=TWEET-981317210013618178-984678152973799424)
2018-04-14 15:21:01 [scrapy] DEBUG: Scraped from <200 https://twitter.com/i/search/timeline?l=en&f=tweets&q=%22Eye%20Pigment%22&src=typed&max_position=TWEET-977670501735821312-984678152973799424>
None
2018-04-14 15:21:01 [scrapy] DEBUG: Scraped from <200 https://twitter.com/i/search/timeline?l=en&f=tweets&q=%22Eye%20Pigment%22&src=typed&max_position=TWEET-977670501735821312-984678152973799424>
None
2018-04-14 15:21:01 [scrapy] DEBUG: Scraped from <200 https://twitter.com/i/search/timeline?l=en&f=tweets&q=%22Eye%20Pigment%22&src=typed&max_position=TWEET-977670501735821312-984678152973799424>
None
2018-04-14 15:21:01 [scrapy] DEBUG: Scraped from <200 https://twitter.com/i/search/timeline?l=en&f=tweets&q=%22Eye%20Pigment%22&src=typed&max_position=TWEET-977670501735821312-984678152973799424>
None
2018-04-14 15:21:01 [scrapy] DEBUG: Scraped from <200 https://twitter.com/i/search/timeline?l=en&f=tweets&q=%22Eye%20Pigment%22&src=typed&max_position=TWEET-977670501735821312-984678152973799424>
None
2018-04-14 15:21:01 [scrapy] DEBUG: Crawled (200) <GET https://twitter.com/i/search/timeline?l=en&f=tweets&q=%22Eye%20Pigment%22&src=typed&max_position=TWEET-974338221080444928-984678152973799424> (referer: https://twitter.com/i/search/timeline?l=en&f=tweets&q=%22Eye%20Pigment%22&src=typed&max_position=TWEET-977670501735821312-984678152973799424)
2018-04-14 15:21:01 [scrapy] DEBUG: Scraped from <200 https://twitter.com/i/search/timeline?l=en&f=tweets&q=%22Eye%20Pigment%22&src=typed&max_position=TWEET-974338221080444928-984678152973799424>
None
2018-04-14 15:21:02 [scrapy] DEBUG: Scraped from <200 https://twitter.com/i/search/timeline?l=en&f=tweets&q=%22Eye%20Pigment%22&src=typed&max_position=TWEET-974338221080444928-984678152973799424>
None
2018-04-14 15:21:02 [scrapy] DEBUG: Scraped from <200 https://twitter.com/i/search/timeline?l=en&f=tweets&q=%22Eye%20Pigment%22&src=typed&max_position=TWEET-974338221080444928-984678152973799424>
None
2018-04-14 15:21:02 [scrapy] DEBUG: Scraped from <200 https://twitter.com/i/search/timeline?l=en&f=tweets&q=%22Eye%20Pigment%22&src=typed&max_position=TWEET-974338221080444928-984678152973799424>
None
2018-04-14 15:21:02 [scrapy] DEBUG: Scraped from <200 https://twitter.com/i/search/timeline?l=en&f=tweets&q=%22Eye%20Pigment%22&src=typed&max_position=TWEET-974338221080444928-984678152973799424>
None
2018-04-14 15:21:02 [scrapy] DEBUG: Scraped from <200 https://twitter.com/i/search/timeline?l=en&f=tweets&q=%22Eye%20Pigment%22&src=typed&max_position=TWEET-974338221080444928-984678152973799424>
None
2018-04-14 15:21:02 [scrapy] DEBUG: Scraped from <200 https://twitter.com/i/search/timeline?l=en&f=tweets&q=%22Eye%20Pigment%22&src=typed&max_position=TWEET-974338221080444928-984678152973799424>
None
2018-04-14 15:21:02 [scrapy] DEBUG: Scraped from <200 https://twitter.com/i/search/timeline?l=en&f=tweets&q=%22Eye%20Pigment%22&src=typed&max_position=TWEET-974338221080444928-984678152973799424>
None
2018-04-14 15:21:02 [scrapy] DEBUG: Scraped from <200 https://twitter.com/i/search/timeline?l=en&f=tweets&q=%22Eye%20Pigment%22&src=typed&max_position=TWEET-974338221080444928-984678152973799424>
None
2018-04-14 15:21:02 [scrapy] DEBUG: Scraped from <200 https://twitter.com/i/search/timeline?l=en&f=tweets&q=%22Eye%20Pigment%22&src=typed&max_position=TWEET-974338221080444928-984678152973799424>
None
2018-04-14 15:21:02 [scrapy] DEBUG: Scraped from <200 https://twitter.com/i/search/timeline?l=en&f=tweets&q=%22Eye%20Pigment%22&src=typed&max_position=TWEET-974338221080444928-984678152973799424>
None
2018-04-14 15:21:03 [scrapy] DEBUG: Crawled (200) <GET https://twitter.com/i/search/timeline?l=en&f=tweets&q=%22Eye%20Pigment%22&src=typed&max_position=TWEET-970422087579029504-984678152973799424> (referer: https://twitter.com/i/search/timeline?l=en&f=tweets&q=%22Eye%20Pigment%22&src=typed&max_position=TWEET-974338221080444928-984678152973799424)
2018-04-14 15:21:03 [scrapy] DEBUG: Scraped from <200 https://twitter.com/i/search/timeline?l=en&f=tweets&q=%22Eye%20Pigment%22&src=typed&max_position=TWEET-970422087579029504-984678152973799424>
None
2018-04-14 15:21:03 [scrapy] DEBUG: Scraped from <200 https://twitter.com/i/search/timeline?l=en&f=tweets&q=%22Eye%20Pigment%22&src=typed&max_position=TWEET-970422087579029504-984678152973799424>
None
2018-04-14 15:21:03 [scrapy] DEBUG: Scraped from <200 https://twitter.com/i/search/timeline?l=en&f=tweets&q=%22Eye%20Pigment%22&src=typed&max_position=TWEET-970422087579029504-984678152973799424>
None
2018-04-14 15:21:03 [scrapy] DEBUG: Scraped from <200 https://twitter.com/i/search/timeline?l=en&f=tweets&q=%22Eye%20Pigment%22&src=typed&max_position=TWEET-970422087579029504-984678152973799424>
None
2018-04-14 15:21:03 [scrapy] DEBUG: Scraped from <200 https://twitter.com/i/search/timeline?l=en&f=tweets&q=%22Eye%20Pigment%22&src=typed&max_position=TWEET-970422087579029504-984678152973799424>
None
2018-04-14 15:21:03 [scrapy] DEBUG: Scraped from <200 https://twitter.com/i/search/timeline?l=en&f=tweets&q=%22Eye%20Pigment%22&src=typed&max_position=TWEET-970422087579029504-984678152973799424>
None
2018-04-14 15:21:03 [scrapy] DEBUG: Scraped from <200 https://twitter.com/i/search/timeline?l=en&f=tweets&q=%22Eye%20Pigment%22&src=typed&max_position=TWEET-970422087579029504-984678152973799424>
None
2018-04-14 15:21:03 [scrapy] DEBUG: Scraped from <200 https://twitter.com/i/search/timeline?l=en&f=tweets&q=%22Eye%20Pigment%22&src=typed&max_position=TWEET-970422087579029504-984678152973799424>
None
2018-04-14 15:21:04 [scrapy] DEBUG: Crawled (200) <GET https://twitter.com/i/search/timeline?l=en&f=tweets&q=%22Eye%20Pigment%22&src=typed&max_position=TWEET-967160550357573632-984678152973799424> (referer: https://twitter.com/i/search/timeline?l=en&f=tweets&q=%22Eye%20Pigment%22&src=typed&max_position=TWEET-970422087579029504-984678152973799424)
2018-04-14 15:21:04 [scrapy] DEBUG: Scraped from <200 https://twitter.com/i/search/timeline?l=en&f=tweets&q=%22Eye%20Pigment%22&src=typed&max_position=TWEET-967160550357573632-984678152973799424>
None
2018-04-14 15:21:04 [scrapy] DEBUG: Scraped from <200 https://twitter.com/i/search/timeline?l=en&f=tweets&q=%22Eye%20Pigment%22&src=typed&max_position=TWEET-967160550357573632-984678152973799424>
None
2018-04-14 15:21:04 [scrapy] DEBUG: Scraped from <200 https://twitter.com/i/search/timeline?l=en&f=tweets&q=%22Eye%20Pigment%22&src=typed&max_position=TWEET-967160550357573632-984678152973799424>
None
2018-04-14 15:21:04 [scrapy] DEBUG: Scraped from <200 https://twitter.com/i/search/timeline?l=en&f=tweets&q=%22Eye%20Pigment%22&src=typed&max_position=TWEET-967160550357573632-984678152973799424>
None
2018-04-14 15:21:04 [scrapy] DEBUG: Scraped from <200 https://twitter.com/i/search/timeline?l=en&f=tweets&q=%22Eye%20Pigment%22&src=typed&max_position=TWEET-967160550357573632-984678152973799424>
None
2018-04-14 15:21:05 [scrapy] DEBUG: Crawled (200) <GET https://twitter.com/i/search/timeline?l=en&f=tweets&q=%22Eye%20Pigment%22&src=typed&max_position=TWEET-962175108772118528-984678152973799424> (referer: https://twitter.com/i/search/timeline?l=en&f=tweets&q=%22Eye%20Pigment%22&src=typed&max_position=TWEET-967160550357573632-984678152973799424)
2018-04-14 15:21:05 [scrapy] DEBUG: Scraped from <200 https://twitter.com/i/search/timeline?l=en&f=tweets&q=%22Eye%20Pigment%22&src=typed&max_position=TWEET-962175108772118528-984678152973799424>
None
2018-04-14 15:21:05 [scrapy] DEBUG: Scraped from <200 https://twitter.com/i/search/timeline?l=en&f=tweets&q=%22Eye%20Pigment%22&src=typed&max_position=TWEET-962175108772118528-984678152973799424>
None
2018-04-14 15:21:06 [scrapy] DEBUG: Scraped from <200 https://twitter.com/i/search/timeline?l=en&f=tweets&q=%22Eye%20Pigment%22&src=typed&max_position=TWEET-962175108772118528-984678152973799424>
None
2018-04-14 15:21:06 [scrapy] DEBUG: Scraped from <200 https://twitter.com/i/search/timeline?l=en&f=tweets&q=%22Eye%20Pigment%22&src=typed&max_position=TWEET-962175108772118528-984678152973799424>
None
2018-04-14 15:21:06 [scrapy] DEBUG: Scraped from <200 https://twitter.com/i/search/timeline?l=en&f=tweets&q=%22Eye%20Pigment%22&src=typed&max_position=TWEET-962175108772118528-984678152973799424>
None
2018-04-14 15:21:06 [scrapy] DEBUG: Scraped from <200 https://twitter.com/i/search/timeline?l=en&f=tweets&q=%22Eye%20Pigment%22&src=typed&max_position=TWEET-962175108772118528-984678152973799424>
None
2018-04-14 15:21:06 [scrapy] DEBUG: Scraped from <200 https://twitter.com/i/search/timeline?l=en&f=tweets&q=%22Eye%20Pigment%22&src=typed&max_position=TWEET-962175108772118528-984678152973799424>
None
2018-04-14 15:21:06 [scrapy] DEBUG: Scraped from <200 https://twitter.com/i/search/timeline?l=en&f=tweets&q=%22Eye%20Pigment%22&src=typed&max_position=TWEET-962175108772118528-984678152973799424>
None
2018-04-14 15:21:06 [scrapy] DEBUG: Scraped from <200 https://twitter.com/i/search/timeline?l=en&f=tweets&q=%22Eye%20Pigment%22&src=typed&max_position=TWEET-962175108772118528-984678152973799424>
None
2018-04-14 15:21:06 [scrapy] DEBUG: Scraped from <200 https://twitter.com/i/search/timeline?l=en&f=tweets&q=%22Eye%20Pigment%22&src=typed&max_position=TWEET-962175108772118528-984678152973799424>
None
2018-04-14 15:21:07 [scrapy] DEBUG: Crawled (200) <GET https://twitter.com/i/search/timeline?l=en&f=tweets&q=%22Eye%20Pigment%22&src=typed&max_position=TWEET-958200337797595136-984678152973799424> (referer: https://twitter.com/i/search/timeline?l=en&f=tweets&q=%22Eye%20Pigment%22&src=typed&max_position=TWEET-962175108772118528-984678152973799424)
2018-04-14 15:21:07 [scrapy] DEBUG: Scraped from <200 https://twitter.com/i/search/timeline?l=en&f=tweets&q=%22Eye%20Pigment%22&src=typed&max_position=TWEET-958200337797595136-984678152973799424>
None
2018-04-14 15:21:07 [scrapy] DEBUG: Scraped from <200 https://twitter.com/i/search/timeline?l=en&f=tweets&q=%22Eye%20Pigment%22&src=typed&max_position=TWEET-958200337797595136-984678152973799424>
None
2018-04-14 15:21:07 [scrapy] DEBUG: Scraped from <200 https://twitter.com/i/search/timeline?l=en&f=tweets&q=%22Eye%20Pigment%22&src=typed&max_position=TWEET-958200337797595136-984678152973799424>
None
2018-04-14 15:21:07 [scrapy] DEBUG: Scraped from <200 https://twitter.com/i/search/timeline?l=en&f=tweets&q=%22Eye%20Pigment%22&src=typed&max_position=TWEET-958200337797595136-984678152973799424>
None
2018-04-14 15:21:07 [scrapy] DEBUG: Scraped from <200 https://twitter.com/i/search/timeline?l=en&f=tweets&q=%22Eye%20Pigment%22&src=typed&max_position=TWEET-958200337797595136-984678152973799424>
None
2018-04-14 15:21:07 [scrapy] DEBUG: Scraped from <200 https://twitter.com/i/search/timeline?l=en&f=tweets&q=%22Eye%20Pigment%22&src=typed&max_position=TWEET-958200337797595136-984678152973799424>
None
2018-04-14 15:21:08 [scrapy] DEBUG: Scraped from <200 https://twitter.com/i/search/timeline?l=en&f=tweets&q=%22Eye%20Pigment%22&src=typed&max_position=TWEET-958200337797595136-984678152973799424>
None
2018-04-14 15:21:08 [scrapy] DEBUG: Scraped from <200 https://twitter.com/i/search/timeline?l=en&f=tweets&q=%22Eye%20Pigment%22&src=typed&max_position=TWEET-958200337797595136-984678152973799424>
None
2018-04-14 15:21:08 [scrapy] DEBUG: Scraped from <200 https://twitter.com/i/search/timeline?l=en&f=tweets&q=%22Eye%20Pigment%22&src=typed&max_position=TWEET-958200337797595136-984678152973799424>
None
2018-04-14 15:21:08 [scrapy] DEBUG: Crawled (200) <GET https://twitter.com/i/search/timeline?l=en&f=tweets&q=%22Eye%20Pigment%22&src=typed&max_position=TWEET-952294818205634563-984678152973799424> (referer: https://twitter.com/i/search/timeline?l=en&f=tweets&q=%22Eye%20Pigment%22&src=typed&max_position=TWEET-958200337797595136-984678152973799424)
2018-04-14 15:21:08 [scrapy] DEBUG: Scraped from <200 https://twitter.com/i/search/timeline?l=en&f=tweets&q=%22Eye%20Pigment%22&src=typed&max_position=TWEET-952294818205634563-984678152973799424>
None
2018-04-14 15:21:09 [scrapy] DEBUG: Scraped from <200 https://twitter.com/i/search/timeline?l=en&f=tweets&q=%22Eye%20Pigment%22&src=typed&max_position=TWEET-952294818205634563-984678152973799424>
None
2018-04-14 15:21:09 [scrapy] DEBUG: Scraped from <200 https://twitter.com/i/search/timeline?l=en&f=tweets&q=%22Eye%20Pigment%22&src=typed&max_position=TWEET-952294818205634563-984678152973799424>
None
2018-04-14 15:21:09 [scrapy] DEBUG: Scraped from <200 https://twitter.com/i/search/timeline?l=en&f=tweets&q=%22Eye%20Pigment%22&src=typed&max_position=TWEET-952294818205634563-984678152973799424>
None
2018-04-14 15:21:09 [scrapy] DEBUG: Scraped from <200 https://twitter.com/i/search/timeline?l=en&f=tweets&q=%22Eye%20Pigment%22&src=typed&max_position=TWEET-952294818205634563-984678152973799424>
None
2018-04-14 15:21:09 [scrapy] DEBUG: Scraped from <200 https://twitter.com/i/search/timeline?l=en&f=tweets&q=%22Eye%20Pigment%22&src=typed&max_position=TWEET-952294818205634563-984678152973799424>
None
2018-04-14 15:21:09 [scrapy] DEBUG: Scraped from <200 https://twitter.com/i/search/timeline?l=en&f=tweets&q=%22Eye%20Pigment%22&src=typed&max_position=TWEET-952294818205634563-984678152973799424>
None
2018-04-14 15:21:09 [scrapy] DEBUG: Scraped from <200 https://twitter.com/i/search/timeline?l=en&f=tweets&q=%22Eye%20Pigment%22&src=typed&max_position=TWEET-952294818205634563-984678152973799424>
None
2018-04-14 15:21:09 [scrapy] DEBUG: Scraped from <200 https://twitter.com/i/search/timeline?l=en&f=tweets&q=%22Eye%20Pigment%22&src=typed&max_position=TWEET-952294818205634563-984678152973799424>
None
2018-04-14 15:21:09 [scrapy] DEBUG: Scraped from <200 https://twitter.com/i/search/timeline?l=en&f=tweets&q=%22Eye%20Pigment%22&src=typed&max_position=TWEET-952294818205634563-984678152973799424>
None
2018-04-14 15:21:09 [scrapy] DEBUG: Scraped from <200 https://twitter.com/i/search/timeline?l=en&f=tweets&q=%22Eye%20Pigment%22&src=typed&max_position=TWEET-952294818205634563-984678152973799424>
None
2018-04-14 15:21:09 [scrapy] DEBUG: Scraped from <200 https://twitter.com/i/search/timeline?l=en&f=tweets&q=%22Eye%20Pigment%22&src=typed&max_position=TWEET-952294818205634563-984678152973799424>
None
2018-04-14 15:21:10 [scrapy] DEBUG: Scraped from <200 https://twitter.com/i/search/timeline?l=en&f=tweets&q=%22Eye%20Pigment%22&src=typed&max_position=TWEET-952294818205634563-984678152973799424>
None
2018-04-14 15:21:10 [scrapy] DEBUG: Crawled (200) <GET https://twitter.com/i/search/timeline?l=en&f=tweets&q=%22Eye%20Pigment%22&src=typed&max_position=TWEET-943239495020720128-984678152973799424> (referer: https://twitter.com/i/search/timeline?l=en&f=tweets&q=%22Eye%20Pigment%22&src=typed&max_position=TWEET-952294818205634563-984678152973799424)
2018-04-14 15:21:10 [scrapy] DEBUG: Scraped from <200 https://twitter.com/i/search/timeline?l=en&f=tweets&q=%22Eye%20Pigment%22&src=typed&max_position=TWEET-943239495020720128-984678152973799424>
None
2018-04-14 15:21:10 [scrapy] DEBUG: Scraped from <200 https://twitter.com/i/search/timeline?l=en&f=tweets&q=%22Eye%20Pigment%22&src=typed&max_position=TWEET-943239495020720128-984678152973799424>
None
2018-04-14 15:21:11 [scrapy] DEBUG: Scraped from <200 https://twitter.com/i/search/timeline?l=en&f=tweets&q=%22Eye%20Pigment%22&src=typed&max_position=TWEET-943239495020720128-984678152973799424>
None
2018-04-14 15:21:11 [scrapy] DEBUG: Scraped from <200 https://twitter.com/i/search/timeline?l=en&f=tweets&q=%22Eye%20Pigment%22&src=typed&max_position=TWEET-943239495020720128-984678152973799424>
None
2018-04-14 15:21:11 [scrapy] DEBUG: Scraped from <200 https://twitter.com/i/search/timeline?l=en&f=tweets&q=%22Eye%20Pigment%22&src=typed&max_position=TWEET-943239495020720128-984678152973799424>
None
2018-04-14 15:21:11 [scrapy] DEBUG: Scraped from <200 https://twitter.com/i/search/timeline?l=en&f=tweets&q=%22Eye%20Pigment%22&src=typed&max_position=TWEET-943239495020720128-984678152973799424>
None
2018-04-14 15:21:11 [scrapy] DEBUG: Scraped from <200 https://twitter.com/i/search/timeline?l=en&f=tweets&q=%22Eye%20Pigment%22&src=typed&max_position=TWEET-943239495020720128-984678152973799424>
None
2018-04-14 15:21:11 [scrapy] DEBUG: Scraped from <200 https://twitter.com/i/search/timeline?l=en&f=tweets&q=%22Eye%20Pigment%22&src=typed&max_position=TWEET-943239495020720128-984678152973799424>
None
2018-04-14 15:21:11 [scrapy] DEBUG: Scraped from <200 https://twitter.com/i/search/timeline?l=en&f=tweets&q=%22Eye%20Pigment%22&src=typed&max_position=TWEET-943239495020720128-984678152973799424>
None
2018-04-14 15:21:11 [scrapy] DEBUG: Scraped from <200 https://twitter.com/i/search/timeline?l=en&f=tweets&q=%22Eye%20Pigment%22&src=typed&max_position=TWEET-943239495020720128-984678152973799424>
None
2018-04-14 15:21:11 [scrapy] DEBUG: Scraped from <200 https://twitter.com/i/search/timeline?l=en&f=tweets&q=%22Eye%20Pigment%22&src=typed&max_position=TWEET-943239495020720128-984678152973799424>
None
2018-04-14 15:21:11 [scrapy] DEBUG: Scraped from <200 https://twitter.com/i/search/timeline?l=en&f=tweets&q=%22Eye%20Pigment%22&src=typed&max_position=TWEET-943239495020720128-984678152973799424>
None
2018-04-14 15:21:11 [scrapy] DEBUG: Scraped from <200 https://twitter.com/i/search/timeline?l=en&f=tweets&q=%22Eye%20Pigment%22&src=typed&max_position=TWEET-943239495020720128-984678152973799424>
None
2018-04-14 15:21:12 [scrapy] DEBUG: Scraped from <200 https://twitter.com/i/search/timeline?l=en&f=tweets&q=%22Eye%20Pigment%22&src=typed&max_position=TWEET-943239495020720128-984678152973799424>
None
2018-04-14 15:21:12 [scrapy] DEBUG: Crawled (200) <GET https://twitter.com/i/search/timeline?l=en&f=tweets&q=%22Eye%20Pigment%22&src=typed&max_position=TWEET-935628543203016705-984678152973799424> (referer: https://twitter.com/i/search/timeline?l=en&f=tweets&q=%22Eye%20Pigment%22&src=typed&max_position=TWEET-943239495020720128-984678152973799424)
2018-04-14 15:21:12 [scrapy] DEBUG: Scraped from <200 https://twitter.com/i/search/timeline?l=en&f=tweets&q=%22Eye%20Pigment%22&src=typed&max_position=TWEET-935628543203016705-984678152973799424>
None
2018-04-14 15:21:12 [scrapy] DEBUG: Scraped from <200 https://twitter.com/i/search/timeline?l=en&f=tweets&q=%22Eye%20Pigment%22&src=typed&max_position=TWEET-935628543203016705-984678152973799424>
None
2018-04-14 15:21:12 [scrapy] DEBUG: Scraped from <200 https://twitter.com/i/search/timeline?l=en&f=tweets&q=%22Eye%20Pigment%22&src=typed&max_position=TWEET-935628543203016705-984678152973799424>
None
2018-04-14 15:21:12 [scrapy] DEBUG: Scraped from <200 https://twitter.com/i/search/timeline?l=en&f=tweets&q=%22Eye%20Pigment%22&src=typed&max_position=TWEET-935628543203016705-984678152973799424>
None
2018-04-14 15:21:13 [scrapy] DEBUG: Scraped from <200 https://twitter.com/i/search/timeline?l=en&f=tweets&q=%22Eye%20Pigment%22&src=typed&max_position=TWEET-935628543203016705-984678152973799424>
None
2018-04-14 15:21:13 [scrapy] DEBUG: Scraped from <200 https://twitter.com/i/search/timeline?l=en&f=tweets&q=%22Eye%20Pigment%22&src=typed&max_position=TWEET-935628543203016705-984678152973799424>
None
2018-04-14 15:21:13 [scrapy] DEBUG: Scraped from <200 https://twitter.com/i/search/timeline?l=en&f=tweets&q=%22Eye%20Pigment%22&src=typed&max_position=TWEET-935628543203016705-984678152973799424>
None
2018-04-14 15:21:13 [scrapy] DEBUG: Scraped from <200 https://twitter.com/i/search/timeline?l=en&f=tweets&q=%22Eye%20Pigment%22&src=typed&max_position=TWEET-935628543203016705-984678152973799424>
None
2018-04-14 15:21:13 [scrapy] DEBUG: Scraped from <200 https://twitter.com/i/search/timeline?l=en&f=tweets&q=%22Eye%20Pigment%22&src=typed&max_position=TWEET-935628543203016705-984678152973799424>
None
2018-04-14 15:21:13 [scrapy] DEBUG: Scraped from <200 https://twitter.com/i/search/timeline?l=en&f=tweets&q=%22Eye%20Pigment%22&src=typed&max_position=TWEET-935628543203016705-984678152973799424>
None
2018-04-14 15:21:13 [scrapy] DEBUG: Scraped from <200 https://twitter.com/i/search/timeline?l=en&f=tweets&q=%22Eye%20Pigment%22&src=typed&max_position=TWEET-935628543203016705-984678152973799424>
None
2018-04-14 15:21:13 [scrapy] DEBUG: Scraped from <200 https://twitter.com/i/search/timeline?l=en&f=tweets&q=%22Eye%20Pigment%22&src=typed&max_position=TWEET-935628543203016705-984678152973799424>
None
2018-04-14 15:21:13 [scrapy] DEBUG: Scraped from <200 https://twitter.com/i/search/timeline?l=en&f=tweets&q=%22Eye%20Pigment%22&src=typed&max_position=TWEET-935628543203016705-984678152973799424>
None
2018-04-14 15:21:13 [scrapy] DEBUG: Scraped from <200 https://twitter.com/i/search/timeline?l=en&f=tweets&q=%22Eye%20Pigment%22&src=typed&max_position=TWEET-935628543203016705-984678152973799424>
None
2018-04-14 15:21:13 [scrapy] DEBUG: Scraped from <200 https://twitter.com/i/search/timeline?l=en&f=tweets&q=%22Eye%20Pigment%22&src=typed&max_position=TWEET-935628543203016705-984678152973799424>
None
2018-04-14 15:21:13 [scrapy] DEBUG: Scraped from <200 https://twitter.com/i/search/timeline?l=en&f=tweets&q=%22Eye%20Pigment%22&src=typed&max_position=TWEET-935628543203016705-984678152973799424>
None
2018-04-14 15:21:13 [scrapy] DEBUG: Scraped from <200 https://twitter.com/i/search/timeline?l=en&f=tweets&q=%22Eye%20Pigment%22&src=typed&max_position=TWEET-935628543203016705-984678152973799424>
None
2018-04-14 15:21:14 [scrapy] DEBUG: Crawled (200) <GET https://twitter.com/i/search/timeline?l=en&f=tweets&q=%22Eye%20Pigment%22&src=typed&max_position=TWEET-924723823714455552-984678152973799424> (referer: https://twitter.com/i/search/timeline?l=en&f=tweets&q=%22Eye%20Pigment%22&src=typed&max_position=TWEET-935628543203016705-984678152973799424)
2018-04-14 15:21:14 [scrapy] DEBUG: Scraped from <200 https://twitter.com/i/search/timeline?l=en&f=tweets&q=%22Eye%20Pigment%22&src=typed&max_position=TWEET-924723823714455552-984678152973799424>
None
2018-04-14 15:21:14 [scrapy] DEBUG: Scraped from <200 https://twitter.com/i/search/timeline?l=en&f=tweets&q=%22Eye%20Pigment%22&src=typed&max_position=TWEET-924723823714455552-984678152973799424>
None
2018-04-14 15:21:14 [scrapy] DEBUG: Scraped from <200 https://twitter.com/i/search/timeline?l=en&f=tweets&q=%22Eye%20Pigment%22&src=typed&max_position=TWEET-924723823714455552-984678152973799424>
None
2018-04-14 15:21:14 [scrapy] DEBUG: Scraped from <200 https://twitter.com/i/search/timeline?l=en&f=tweets&q=%22Eye%20Pigment%22&src=typed&max_position=TWEET-924723823714455552-984678152973799424>
None
2018-04-14 15:21:14 [scrapy] DEBUG: Scraped from <200 https://twitter.com/i/search/timeline?l=en&f=tweets&q=%22Eye%20Pigment%22&src=typed&max_position=TWEET-924723823714455552-984678152973799424>
None
2018-04-14 15:21:14 [scrapy] DEBUG: Scraped from <200 https://twitter.com/i/search/timeline?l=en&f=tweets&q=%22Eye%20Pigment%22&src=typed&max_position=TWEET-924723823714455552-984678152973799424>
None
2018-04-14 15:21:14 [scrapy] DEBUG: Scraped from <200 https://twitter.com/i/search/timeline?l=en&f=tweets&q=%22Eye%20Pigment%22&src=typed&max_position=TWEET-924723823714455552-984678152973799424>
None
2018-04-14 15:21:14 [scrapy] DEBUG: Scraped from <200 https://twitter.com/i/search/timeline?l=en&f=tweets&q=%22Eye%20Pigment%22&src=typed&max_position=TWEET-924723823714455552-984678152973799424>
None
2018-04-14 15:21:15 [scrapy] DEBUG: Scraped from <200 https://twitter.com/i/search/timeline?l=en&f=tweets&q=%22Eye%20Pigment%22&src=typed&max_position=TWEET-924723823714455552-984678152973799424>
None
2018-04-14 15:21:15 [scrapy] DEBUG: Scraped from <200 https://twitter.com/i/search/timeline?l=en&f=tweets&q=%22Eye%20Pigment%22&src=typed&max_position=TWEET-924723823714455552-984678152973799424>
None
2018-04-14 15:21:15 [scrapy] DEBUG: Scraped from <200 https://twitter.com/i/search/timeline?l=en&f=tweets&q=%22Eye%20Pigment%22&src=typed&max_position=TWEET-924723823714455552-984678152973799424>
None
2018-04-14 15:21:15 [scrapy] DEBUG: Scraped from <200 https://twitter.com/i/search/timeline?l=en&f=tweets&q=%22Eye%20Pigment%22&src=typed&max_position=TWEET-924723823714455552-984678152973799424>
None
2018-04-14 15:21:15 [scrapy] DEBUG: Scraped from <200 https://twitter.com/i/search/timeline?l=en&f=tweets&q=%22Eye%20Pigment%22&src=typed&max_position=TWEET-924723823714455552-984678152973799424>
None
2018-04-14 15:21:15 [scrapy] DEBUG: Scraped from <200 https://twitter.com/i/search/timeline?l=en&f=tweets&q=%22Eye%20Pigment%22&src=typed&max_position=TWEET-924723823714455552-984678152973799424>
None
2018-04-14 15:21:15 [scrapy] DEBUG: Scraped from <200 https://twitter.com/i/search/timeline?l=en&f=tweets&q=%22Eye%20Pigment%22&src=typed&max_position=TWEET-924723823714455552-984678152973799424>
None
2018-04-14 15:21:15 [scrapy] DEBUG: Scraped from <200 https://twitter.com/i/search/timeline?l=en&f=tweets&q=%22Eye%20Pigment%22&src=typed&max_position=TWEET-924723823714455552-984678152973799424>
None
2018-04-14 15:21:16 [scrapy] DEBUG: Crawled (200) <GET https://twitter.com/i/search/timeline?l=en&f=tweets&q=%22Eye%20Pigment%22&src=typed&max_position=TWEET-918149960973025281-984678152973799424> (referer: https://twitter.com/i/search/timeline?l=en&f=tweets&q=%22Eye%20Pigment%22&src=typed&max_position=TWEET-924723823714455552-984678152973799424)
2018-04-14 15:21:16 [scrapy] DEBUG: Scraped from <200 https://twitter.com/i/search/timeline?l=en&f=tweets&q=%22Eye%20Pigment%22&src=typed&max_position=TWEET-918149960973025281-984678152973799424>
None
2018-04-14 15:21:16 [scrapy] DEBUG: Scraped from <200 https://twitter.com/i/search/timeline?l=en&f=tweets&q=%22Eye%20Pigment%22&src=typed&max_position=TWEET-918149960973025281-984678152973799424>
None
2018-04-14 15:21:16 [scrapy] DEBUG: Scraped from <200 https://twitter.com/i/search/timeline?l=en&f=tweets&q=%22Eye%20Pigment%22&src=typed&max_position=TWEET-918149960973025281-984678152973799424>
None
2018-04-14 15:21:16 [scrapy] DEBUG: Scraped from <200 https://twitter.com/i/search/timeline?l=en&f=tweets&q=%22Eye%20Pigment%22&src=typed&max_position=TWEET-918149960973025281-984678152973799424>
None
2018-04-14 15:21:16 [scrapy] DEBUG: Scraped from <200 https://twitter.com/i/search/timeline?l=en&f=tweets&q=%22Eye%20Pigment%22&src=typed&max_position=TWEET-918149960973025281-984678152973799424>
None
2018-04-14 15:21:16 [scrapy] DEBUG: Scraped from <200 https://twitter.com/i/search/timeline?l=en&f=tweets&q=%22Eye%20Pigment%22&src=typed&max_position=TWEET-918149960973025281-984678152973799424>
None
2018-04-14 15:21:16 [scrapy] DEBUG: Scraped from <200 https://twitter.com/i/search/timeline?l=en&f=tweets&q=%22Eye%20Pigment%22&src=typed&max_position=TWEET-918149960973025281-984678152973799424>
None
2018-04-14 15:21:17 [scrapy] DEBUG: Scraped from <200 https://twitter.com/i/search/timeline?l=en&f=tweets&q=%22Eye%20Pigment%22&src=typed&max_position=TWEET-918149960973025281-984678152973799424>
None
2018-04-14 15:21:17 [scrapy] DEBUG: Scraped from <200 https://twitter.com/i/search/timeline?l=en&f=tweets&q=%22Eye%20Pigment%22&src=typed&max_position=TWEET-918149960973025281-984678152973799424>
None
2018-04-14 15:21:17 [scrapy] DEBUG: Scraped from <200 https://twitter.com/i/search/timeline?l=en&f=tweets&q=%22Eye%20Pigment%22&src=typed&max_position=TWEET-918149960973025281-984678152973799424>
None
2018-04-14 15:21:17 [scrapy] DEBUG: Scraped from <200 https://twitter.com/i/search/timeline?l=en&f=tweets&q=%22Eye%20Pigment%22&src=typed&max_position=TWEET-918149960973025281-984678152973799424>
None
2018-04-14 15:21:17 [scrapy] DEBUG: Scraped from <200 https://twitter.com/i/search/timeline?l=en&f=tweets&q=%22Eye%20Pigment%22&src=typed&max_position=TWEET-918149960973025281-984678152973799424>
None
2018-04-14 15:21:17 [scrapy] DEBUG: Scraped from <200 https://twitter.com/i/search/timeline?l=en&f=tweets&q=%22Eye%20Pigment%22&src=typed&max_position=TWEET-918149960973025281-984678152973799424>
None
2018-04-14 15:21:17 [scrapy] DEBUG: Scraped from <200 https://twitter.com/i/search/timeline?l=en&f=tweets&q=%22Eye%20Pigment%22&src=typed&max_position=TWEET-918149960973025281-984678152973799424>
None
2018-04-14 15:21:17 [scrapy] DEBUG: Scraped from <200 https://twitter.com/i/search/timeline?l=en&f=tweets&q=%22Eye%20Pigment%22&src=typed&max_position=TWEET-918149960973025281-984678152973799424>
None
2018-04-14 15:21:17 [scrapy] DEBUG: Scraped from <200 https://twitter.com/i/search/timeline?l=en&f=tweets&q=%22Eye%20Pigment%22&src=typed&max_position=TWEET-918149960973025281-984678152973799424>
None
2018-04-14 15:21:18 [scrapy] DEBUG: Crawled (200) <GET https://twitter.com/i/search/timeline?l=en&f=tweets&q=%22Eye%20Pigment%22&src=typed&max_position=TWEET-911713060577878016-984678152973799424> (referer: https://twitter.com/i/search/timeline?l=en&f=tweets&q=%22Eye%20Pigment%22&src=typed&max_position=TWEET-918149960973025281-984678152973799424)
2018-04-14 15:21:18 [scrapy] DEBUG: Scraped from <200 https://twitter.com/i/search/timeline?l=en&f=tweets&q=%22Eye%20Pigment%22&src=typed&max_position=TWEET-911713060577878016-984678152973799424>
None
2018-04-14 15:21:18 [scrapy] DEBUG: Scraped from <200 https://twitter.com/i/search/timeline?l=en&f=tweets&q=%22Eye%20Pigment%22&src=typed&max_position=TWEET-911713060577878016-984678152973799424>
None
2018-04-14 15:21:18 [scrapy] DEBUG: Scraped from <200 https://twitter.com/i/search/timeline?l=en&f=tweets&q=%22Eye%20Pigment%22&src=typed&max_position=TWEET-911713060577878016-984678152973799424>
None
2018-04-14 15:21:18 [scrapy] DEBUG: Scraped from <200 https://twitter.com/i/search/timeline?l=en&f=tweets&q=%22Eye%20Pigment%22&src=typed&max_position=TWEET-911713060577878016-984678152973799424>
None
2018-04-14 15:21:18 [scrapy] DEBUG: Scraped from <200 https://twitter.com/i/search/timeline?l=en&f=tweets&q=%22Eye%20Pigment%22&src=typed&max_position=TWEET-911713060577878016-984678152973799424>
None
2018-04-14 15:21:18 [scrapy] DEBUG: Scraped from <200 https://twitter.com/i/search/timeline?l=en&f=tweets&q=%22Eye%20Pigment%22&src=typed&max_position=TWEET-911713060577878016-984678152973799424>
None
2018-04-14 15:21:18 [scrapy] DEBUG: Scraped from <200 https://twitter.com/i/search/timeline?l=en&f=tweets&q=%22Eye%20Pigment%22&src=typed&max_position=TWEET-911713060577878016-984678152973799424>
None
2018-04-14 15:21:18 [scrapy] DEBUG: Scraped from <200 https://twitter.com/i/search/timeline?l=en&f=tweets&q=%22Eye%20Pigment%22&src=typed&max_position=TWEET-911713060577878016-984678152973799424>
None
2018-04-14 15:21:18 [scrapy] DEBUG: Scraped from <200 https://twitter.com/i/search/timeline?l=en&f=tweets&q=%22Eye%20Pigment%22&src=typed&max_position=TWEET-911713060577878016-984678152973799424>
None
2018-04-14 15:21:19 [scrapy] DEBUG: Scraped from <200 https://twitter.com/i/search/timeline?l=en&f=tweets&q=%22Eye%20Pigment%22&src=typed&max_position=TWEET-911713060577878016-984678152973799424>
None
2018-04-14 15:21:19 [scrapy] DEBUG: Scraped from <200 https://twitter.com/i/search/timeline?l=en&f=tweets&q=%22Eye%20Pigment%22&src=typed&max_position=TWEET-911713060577878016-984678152973799424>
None
2018-04-14 15:21:19 [scrapy] DEBUG: Scraped from <200 https://twitter.com/i/search/timeline?l=en&f=tweets&q=%22Eye%20Pigment%22&src=typed&max_position=TWEET-911713060577878016-984678152973799424>
None
2018-04-14 15:21:19 [scrapy] DEBUG: Scraped from <200 https://twitter.com/i/search/timeline?l=en&f=tweets&q=%22Eye%20Pigment%22&src=typed&max_position=TWEET-911713060577878016-984678152973799424>
None
2018-04-14 15:21:19 [scrapy] DEBUG: Scraped from <200 https://twitter.com/i/search/timeline?l=en&f=tweets&q=%22Eye%20Pigment%22&src=typed&max_position=TWEET-911713060577878016-984678152973799424>
None
2018-04-14 15:21:19 [scrapy] DEBUG: Crawled (200) <GET https://twitter.com/i/search/timeline?l=en&f=tweets&q=%22Eye%20Pigment%22&src=typed&max_position=TWEET-904431218263023616-984678152973799424> (referer: https://twitter.com/i/search/timeline?l=en&f=tweets&q=%22Eye%20Pigment%22&src=typed&max_position=TWEET-911713060577878016-984678152973799424)
2018-04-14 15:21:20 [scrapy] DEBUG: Scraped from <200 https://twitter.com/i/search/timeline?l=en&f=tweets&q=%22Eye%20Pigment%22&src=typed&max_position=TWEET-904431218263023616-984678152973799424>
None
2018-04-14 15:21:20 [scrapy] DEBUG: Scraped from <200 https://twitter.com/i/search/timeline?l=en&f=tweets&q=%22Eye%20Pigment%22&src=typed&max_position=TWEET-904431218263023616-984678152973799424>
None
2018-04-14 15:21:20 [scrapy] DEBUG: Scraped from <200 https://twitter.com/i/search/timeline?l=en&f=tweets&q=%22Eye%20Pigment%22&src=typed&max_position=TWEET-904431218263023616-984678152973799424>
None
2018-04-14 15:21:20 [scrapy] DEBUG: Scraped from <200 https://twitter.com/i/search/timeline?l=en&f=tweets&q=%22Eye%20Pigment%22&src=typed&max_position=TWEET-904431218263023616-984678152973799424>
None
2018-04-14 15:21:20 [scrapy] DEBUG: Scraped from <200 https://twitter.com/i/search/timeline?l=en&f=tweets&q=%22Eye%20Pigment%22&src=typed&max_position=TWEET-904431218263023616-984678152973799424>
None
2018-04-14 15:21:20 [scrapy] DEBUG: Scraped from <200 https://twitter.com/i/search/timeline?l=en&f=tweets&q=%22Eye%20Pigment%22&src=typed&max_position=TWEET-904431218263023616-984678152973799424>
None
2018-04-14 15:21:20 [scrapy] DEBUG: Scraped from <200 https://twitter.com/i/search/timeline?l=en&f=tweets&q=%22Eye%20Pigment%22&src=typed&max_position=TWEET-904431218263023616-984678152973799424>
None
2018-04-14 15:21:20 [scrapy] DEBUG: Scraped from <200 https://twitter.com/i/search/timeline?l=en&f=tweets&q=%22Eye%20Pigment%22&src=typed&max_position=TWEET-904431218263023616-984678152973799424>
None
2018-04-14 15:21:20 [scrapy] DEBUG: Scraped from <200 https://twitter.com/i/search/timeline?l=en&f=tweets&q=%22Eye%20Pigment%22&src=typed&max_position=TWEET-904431218263023616-984678152973799424>
None
2018-04-14 15:21:20 [scrapy] DEBUG: Scraped from <200 https://twitter.com/i/search/timeline?l=en&f=tweets&q=%22Eye%20Pigment%22&src=typed&max_position=TWEET-904431218263023616-984678152973799424>
None
2018-04-14 15:21:21 [scrapy] DEBUG: Scraped from <200 https://twitter.com/i/search/timeline?l=en&f=tweets&q=%22Eye%20Pigment%22&src=typed&max_position=TWEET-904431218263023616-984678152973799424>
None
2018-04-14 15:21:21 [scrapy] DEBUG: Scraped from <200 https://twitter.com/i/search/timeline?l=en&f=tweets&q=%22Eye%20Pigment%22&src=typed&max_position=TWEET-904431218263023616-984678152973799424>
None
2018-04-14 15:21:21 [scrapy] DEBUG: Scraped from <200 https://twitter.com/i/search/timeline?l=en&f=tweets&q=%22Eye%20Pigment%22&src=typed&max_position=TWEET-904431218263023616-984678152973799424>
None
2018-04-14 15:21:21 [scrapy] DEBUG: Scraped from <200 https://twitter.com/i/search/timeline?l=en&f=tweets&q=%22Eye%20Pigment%22&src=typed&max_position=TWEET-904431218263023616-984678152973799424>
None
2018-04-14 15:21:21 [scrapy] DEBUG: Scraped from <200 https://twitter.com/i/search/timeline?l=en&f=tweets&q=%22Eye%20Pigment%22&src=typed&max_position=TWEET-904431218263023616-984678152973799424>
None
2018-04-14 15:21:21 [scrapy] DEBUG: Scraped from <200 https://twitter.com/i/search/timeline?l=en&f=tweets&q=%22Eye%20Pigment%22&src=typed&max_position=TWEET-904431218263023616-984678152973799424>
None
2018-04-14 15:21:21 [scrapy] DEBUG: Scraped from <200 https://twitter.com/i/search/timeline?l=en&f=tweets&q=%22Eye%20Pigment%22&src=typed&max_position=TWEET-904431218263023616-984678152973799424>
None
2018-04-14 15:21:21 [scrapy] DEBUG: Crawled (200) <GET https://twitter.com/i/search/timeline?l=en&f=tweets&q=%22Eye%20Pigment%22&src=typed&max_position=TWEET-898286263509405698-984678152973799424> (referer: https://twitter.com/i/search/timeline?l=en&f=tweets&q=%22Eye%20Pigment%22&src=typed&max_position=TWEET-904431218263023616-984678152973799424)
2018-04-14 15:21:22 [scrapy] DEBUG: Scraped from <200 https://twitter.com/i/search/timeline?l=en&f=tweets&q=%22Eye%20Pigment%22&src=typed&max_position=TWEET-898286263509405698-984678152973799424>
None
2018-04-14 15:21:22 [scrapy] DEBUG: Scraped from <200 https://twitter.com/i/search/timeline?l=en&f=tweets&q=%22Eye%20Pigment%22&src=typed&max_position=TWEET-898286263509405698-984678152973799424>
None
2018-04-14 15:21:22 [scrapy] DEBUG: Scraped from <200 https://twitter.com/i/search/timeline?l=en&f=tweets&q=%22Eye%20Pigment%22&src=typed&max_position=TWEET-898286263509405698-984678152973799424>
None
2018-04-14 15:21:22 [scrapy] DEBUG: Scraped from <200 https://twitter.com/i/search/timeline?l=en&f=tweets&q=%22Eye%20Pigment%22&src=typed&max_position=TWEET-898286263509405698-984678152973799424>
None
2018-04-14 15:21:22 [scrapy] DEBUG: Scraped from <200 https://twitter.com/i/search/timeline?l=en&f=tweets&q=%22Eye%20Pigment%22&src=typed&max_position=TWEET-898286263509405698-984678152973799424>
None
2018-04-14 15:21:22 [scrapy] DEBUG: Scraped from <200 https://twitter.com/i/search/timeline?l=en&f=tweets&q=%22Eye%20Pigment%22&src=typed&max_position=TWEET-898286263509405698-984678152973799424>
None
2018-04-14 15:21:22 [scrapy] DEBUG: Scraped from <200 https://twitter.com/i/search/timeline?l=en&f=tweets&q=%22Eye%20Pigment%22&src=typed&max_position=TWEET-898286263509405698-984678152973799424>
None
2018-04-14 15:21:22 [scrapy] DEBUG: Scraped from <200 https://twitter.com/i/search/timeline?l=en&f=tweets&q=%22Eye%20Pigment%22&src=typed&max_position=TWEET-898286263509405698-984678152973799424>
None
2018-04-14 15:21:22 [scrapy] DEBUG: Scraped from <200 https://twitter.com/i/search/timeline?l=en&f=tweets&q=%22Eye%20Pigment%22&src=typed&max_position=TWEET-898286263509405698-984678152973799424>
None
2018-04-14 15:21:22 [scrapy] DEBUG: Scraped from <200 https://twitter.com/i/search/timeline?l=en&f=tweets&q=%22Eye%20Pigment%22&src=typed&max_position=TWEET-898286263509405698-984678152973799424>
None
2018-04-14 15:21:22 [scrapy] DEBUG: Scraped from <200 https://twitter.com/i/search/timeline?l=en&f=tweets&q=%22Eye%20Pigment%22&src=typed&max_position=TWEET-898286263509405698-984678152973799424>
None
2018-04-14 15:21:22 [scrapy] DEBUG: Scraped from <200 https://twitter.com/i/search/timeline?l=en&f=tweets&q=%22Eye%20Pigment%22&src=typed&max_position=TWEET-898286263509405698-984678152973799424>
None
2018-04-14 15:21:23 [scrapy] DEBUG: Scraped from <200 https://twitter.com/i/search/timeline?l=en&f=tweets&q=%22Eye%20Pigment%22&src=typed&max_position=TWEET-898286263509405698-984678152973799424>
None
2018-04-14 15:21:23 [scrapy] DEBUG: Scraped from <200 https://twitter.com/i/search/timeline?l=en&f=tweets&q=%22Eye%20Pigment%22&src=typed&max_position=TWEET-898286263509405698-984678152973799424>
None
2018-04-14 15:21:23 [scrapy] DEBUG: Scraped from <200 https://twitter.com/i/search/timeline?l=en&f=tweets&q=%22Eye%20Pigment%22&src=typed&max_position=TWEET-898286263509405698-984678152973799424>
None
2018-04-14 15:21:23 [scrapy] DEBUG: Scraped from <200 https://twitter.com/i/search/timeline?l=en&f=tweets&q=%22Eye%20Pigment%22&src=typed&max_position=TWEET-898286263509405698-984678152973799424>
None
2018-04-14 15:21:23 [scrapy] DEBUG: Scraped from <200 https://twitter.com/i/search/timeline?l=en&f=tweets&q=%22Eye%20Pigment%22&src=typed&max_position=TWEET-898286263509405698-984678152973799424>
None
2018-04-14 15:21:23 [scrapy] DEBUG: Scraped from <200 https://twitter.com/i/search/timeline?l=en&f=tweets&q=%22Eye%20Pigment%22&src=typed&max_position=TWEET-898286263509405698-984678152973799424>
None
2018-04-14 15:21:23 [scrapy] DEBUG: Scraped from <200 https://twitter.com/i/search/timeline?l=en&f=tweets&q=%22Eye%20Pigment%22&src=typed&max_position=TWEET-898286263509405698-984678152973799424>
None
2018-04-14 15:21:24 [scrapy] DEBUG: Crawled (200) <GET https://twitter.com/i/search/timeline?l=en&f=tweets&q=%22Eye%20Pigment%22&src=typed&max_position=TWEET-892200212730720257-984678152973799424> (referer: https://twitter.com/i/search/timeline?l=en&f=tweets&q=%22Eye%20Pigment%22&src=typed&max_position=TWEET-898286263509405698-984678152973799424)
2018-04-14 15:21:24 [scrapy] DEBUG: Scraped from <200 https://twitter.com/i/search/timeline?l=en&f=tweets&q=%22Eye%20Pigment%22&src=typed&max_position=TWEET-892200212730720257-984678152973799424>
None
2018-04-14 15:21:24 [scrapy] DEBUG: Scraped from <200 https://twitter.com/i/search/timeline?l=en&f=tweets&q=%22Eye%20Pigment%22&src=typed&max_position=TWEET-892200212730720257-984678152973799424>
None
2018-04-14 15:21:24 [scrapy] DEBUG: Scraped from <200 https://twitter.com/i/search/timeline?l=en&f=tweets&q=%22Eye%20Pigment%22&src=typed&max_position=TWEET-892200212730720257-984678152973799424>
None
2018-04-14 15:21:24 [scrapy] DEBUG: Scraped from <200 https://twitter.com/i/search/timeline?l=en&f=tweets&q=%22Eye%20Pigment%22&src=typed&max_position=TWEET-892200212730720257-984678152973799424>
None
2018-04-14 15:21:24 [scrapy] DEBUG: Scraped from <200 https://twitter.com/i/search/timeline?l=en&f=tweets&q=%22Eye%20Pigment%22&src=typed&max_position=TWEET-892200212730720257-984678152973799424>
None
2018-04-14 15:21:24 [scrapy] DEBUG: Scraped from <200 https://twitter.com/i/search/timeline?l=en&f=tweets&q=%22Eye%20Pigment%22&src=typed&max_position=TWEET-892200212730720257-984678152973799424>
None
2018-04-14 15:21:24 [scrapy] DEBUG: Scraped from <200 https://twitter.com/i/search/timeline?l=en&f=tweets&q=%22Eye%20Pigment%22&src=typed&max_position=TWEET-892200212730720257-984678152973799424>
None
2018-04-14 15:21:25 [scrapy] DEBUG: Scraped from <200 https://twitter.com/i/search/timeline?l=en&f=tweets&q=%22Eye%20Pigment%22&src=typed&max_position=TWEET-892200212730720257-984678152973799424>
None
2018-04-14 15:21:25 [scrapy] DEBUG: Scraped from <200 https://twitter.com/i/search/timeline?l=en&f=tweets&q=%22Eye%20Pigment%22&src=typed&max_position=TWEET-892200212730720257-984678152973799424>
None
2018-04-14 15:21:25 [scrapy] DEBUG: Scraped from <200 https://twitter.com/i/search/timeline?l=en&f=tweets&q=%22Eye%20Pigment%22&src=typed&max_position=TWEET-892200212730720257-984678152973799424>
None
2018-04-14 15:21:25 [scrapy] DEBUG: Scraped from <200 https://twitter.com/i/search/timeline?l=en&f=tweets&q=%22Eye%20Pigment%22&src=typed&max_position=TWEET-892200212730720257-984678152973799424>
None
2018-04-14 15:21:25 [scrapy] DEBUG: Scraped from <200 https://twitter.com/i/search/timeline?l=en&f=tweets&q=%22Eye%20Pigment%22&src=typed&max_position=TWEET-892200212730720257-984678152973799424>
None
2018-04-14 15:21:25 [scrapy] DEBUG: Scraped from <200 https://twitter.com/i/search/timeline?l=en&f=tweets&q=%22Eye%20Pigment%22&src=typed&max_position=TWEET-892200212730720257-984678152973799424>
None
2018-04-14 15:21:25 [scrapy] DEBUG: Scraped from <200 https://twitter.com/i/search/timeline?l=en&f=tweets&q=%22Eye%20Pigment%22&src=typed&max_position=TWEET-892200212730720257-984678152973799424>
None
2018-04-14 15:21:25 [scrapy] DEBUG: Scraped from <200 https://twitter.com/i/search/timeline?l=en&f=tweets&q=%22Eye%20Pigment%22&src=typed&max_position=TWEET-892200212730720257-984678152973799424>
None
2018-04-14 15:21:25 [scrapy] DEBUG: Scraped from <200 https://twitter.com/i/search/timeline?l=en&f=tweets&q=%22Eye%20Pigment%22&src=typed&max_position=TWEET-892200212730720257-984678152973799424>
None
2018-04-14 15:21:25 [scrapy] DEBUG: Scraped from <200 https://twitter.com/i/search/timeline?l=en&f=tweets&q=%22Eye%20Pigment%22&src=typed&max_position=TWEET-892200212730720257-984678152973799424>
None
2018-04-14 15:21:25 [scrapy] DEBUG: Scraped from <200 https://twitter.com/i/search/timeline?l=en&f=tweets&q=%22Eye%20Pigment%22&src=typed&max_position=TWEET-892200212730720257-984678152973799424>
None
2018-04-14 15:21:25 [scrapy] DEBUG: Scraped from <200 https://twitter.com/i/search/timeline?l=en&f=tweets&q=%22Eye%20Pigment%22&src=typed&max_position=TWEET-892200212730720257-984678152973799424>
None
2018-04-14 15:21:25 [scrapy] DEBUG: Scraped from <200 https://twitter.com/i/search/timeline?l=en&f=tweets&q=%22Eye%20Pigment%22&src=typed&max_position=TWEET-892200212730720257-984678152973799424>
None
2018-04-14 15:21:26 [scrapy] DEBUG: Crawled (200) <GET https://twitter.com/i/search/timeline?l=en&f=tweets&q=%22Eye%20Pigment%22&src=typed&max_position=TWEET-889122926309416960-984678152973799424> (referer: https://twitter.com/i/search/timeline?l=en&f=tweets&q=%22Eye%20Pigment%22&src=typed&max_position=TWEET-892200212730720257-984678152973799424)
2018-04-14 15:21:26 [scrapy] DEBUG: Scraped from <200 https://twitter.com/i/search/timeline?l=en&f=tweets&q=%22Eye%20Pigment%22&src=typed&max_position=TWEET-889122926309416960-984678152973799424>
None
2018-04-14 15:21:26 [scrapy] DEBUG: Scraped from <200 https://twitter.com/i/search/timeline?l=en&f=tweets&q=%22Eye%20Pigment%22&src=typed&max_position=TWEET-889122926309416960-984678152973799424>
None
2018-04-14 15:21:26 [scrapy] DEBUG: Scraped from <200 https://twitter.com/i/search/timeline?l=en&f=tweets&q=%22Eye%20Pigment%22&src=typed&max_position=TWEET-889122926309416960-984678152973799424>
None
2018-04-14 15:21:27 [scrapy] DEBUG: Scraped from <200 https://twitter.com/i/search/timeline?l=en&f=tweets&q=%22Eye%20Pigment%22&src=typed&max_position=TWEET-889122926309416960-984678152973799424>
None
2018-04-14 15:21:27 [scrapy] DEBUG: Scraped from <200 https://twitter.com/i/search/timeline?l=en&f=tweets&q=%22Eye%20Pigment%22&src=typed&max_position=TWEET-889122926309416960-984678152973799424>
None
2018-04-14 15:21:27 [scrapy] DEBUG: Scraped from <200 https://twitter.com/i/search/timeline?l=en&f=tweets&q=%22Eye%20Pigment%22&src=typed&max_position=TWEET-889122926309416960-984678152973799424>
None
2018-04-14 15:21:27 [scrapy] DEBUG: Scraped from <200 https://twitter.com/i/search/timeline?l=en&f=tweets&q=%22Eye%20Pigment%22&src=typed&max_position=TWEET-889122926309416960-984678152973799424>
None
2018-04-14 15:21:27 [scrapy] DEBUG: Scraped from <200 https://twitter.com/i/search/timeline?l=en&f=tweets&q=%22Eye%20Pigment%22&src=typed&max_position=TWEET-889122926309416960-984678152973799424>
None
2018-04-14 15:21:27 [scrapy] DEBUG: Scraped from <200 https://twitter.com/i/search/timeline?l=en&f=tweets&q=%22Eye%20Pigment%22&src=typed&max_position=TWEET-889122926309416960-984678152973799424>
None
2018-04-14 15:21:27 [scrapy] DEBUG: Scraped from <200 https://twitter.com/i/search/timeline?l=en&f=tweets&q=%22Eye%20Pigment%22&src=typed&max_position=TWEET-889122926309416960-984678152973799424>
None
2018-04-14 15:21:27 [scrapy] DEBUG: Scraped from <200 https://twitter.com/i/search/timeline?l=en&f=tweets&q=%22Eye%20Pigment%22&src=typed&max_position=TWEET-889122926309416960-984678152973799424>
None
2018-04-14 15:21:27 [scrapy] DEBUG: Scraped from <200 https://twitter.com/i/search/timeline?l=en&f=tweets&q=%22Eye%20Pigment%22&src=typed&max_position=TWEET-889122926309416960-984678152973799424>
None
2018-04-14 15:21:27 [scrapy] DEBUG: Scraped from <200 https://twitter.com/i/search/timeline?l=en&f=tweets&q=%22Eye%20Pigment%22&src=typed&max_position=TWEET-889122926309416960-984678152973799424>
None
2018-04-14 15:21:27 [scrapy] DEBUG: Scraped from <200 https://twitter.com/i/search/timeline?l=en&f=tweets&q=%22Eye%20Pigment%22&src=typed&max_position=TWEET-889122926309416960-984678152973799424>
None
2018-04-14 15:21:27 [scrapy] DEBUG: Scraped from <200 https://twitter.com/i/search/timeline?l=en&f=tweets&q=%22Eye%20Pigment%22&src=typed&max_position=TWEET-889122926309416960-984678152973799424>
None
2018-04-14 15:21:28 [scrapy] DEBUG: Crawled (200) <GET https://twitter.com/i/search/timeline?l=en&f=tweets&q=%22Eye%20Pigment%22&src=typed&max_position=TWEET-886076520128815104-984678152973799424> (referer: https://twitter.com/i/search/timeline?l=en&f=tweets&q=%22Eye%20Pigment%22&src=typed&max_position=TWEET-889122926309416960-984678152973799424)
2018-04-14 15:21:28 [scrapy] DEBUG: Scraped from <200 https://twitter.com/i/search/timeline?l=en&f=tweets&q=%22Eye%20Pigment%22&src=typed&max_position=TWEET-886076520128815104-984678152973799424>
None
2018-04-14 15:21:28 [scrapy] DEBUG: Scraped from <200 https://twitter.com/i/search/timeline?l=en&f=tweets&q=%22Eye%20Pigment%22&src=typed&max_position=TWEET-886076520128815104-984678152973799424>
None
2018-04-14 15:21:28 [scrapy] DEBUG: Scraped from <200 https://twitter.com/i/search/timeline?l=en&f=tweets&q=%22Eye%20Pigment%22&src=typed&max_position=TWEET-886076520128815104-984678152973799424>
None
2018-04-14 15:21:28 [scrapy] DEBUG: Scraped from <200 https://twitter.com/i/search/timeline?l=en&f=tweets&q=%22Eye%20Pigment%22&src=typed&max_position=TWEET-886076520128815104-984678152973799424>
None
2018-04-14 15:21:28 [scrapy] DEBUG: Scraped from <200 https://twitter.com/i/search/timeline?l=en&f=tweets&q=%22Eye%20Pigment%22&src=typed&max_position=TWEET-886076520128815104-984678152973799424>
None
2018-04-14 15:21:28 [scrapy] DEBUG: Scraped from <200 https://twitter.com/i/search/timeline?l=en&f=tweets&q=%22Eye%20Pigment%22&src=typed&max_position=TWEET-886076520128815104-984678152973799424>
None
2018-04-14 15:21:29 [scrapy] DEBUG: Scraped from <200 https://twitter.com/i/search/timeline?l=en&f=tweets&q=%22Eye%20Pigment%22&src=typed&max_position=TWEET-886076520128815104-984678152973799424>
None
2018-04-14 15:21:29 [scrapy] DEBUG: Scraped from <200 https://twitter.com/i/search/timeline?l=en&f=tweets&q=%22Eye%20Pigment%22&src=typed&max_position=TWEET-886076520128815104-984678152973799424>
None
2018-04-14 15:21:29 [scrapy] DEBUG: Scraped from <200 https://twitter.com/i/search/timeline?l=en&f=tweets&q=%22Eye%20Pigment%22&src=typed&max_position=TWEET-886076520128815104-984678152973799424>
None
2018-04-14 15:21:29 [scrapy] DEBUG: Scraped from <200 https://twitter.com/i/search/timeline?l=en&f=tweets&q=%22Eye%20Pigment%22&src=typed&max_position=TWEET-886076520128815104-984678152973799424>
None
2018-04-14 15:21:29 [scrapy] DEBUG: Scraped from <200 https://twitter.com/i/search/timeline?l=en&f=tweets&q=%22Eye%20Pigment%22&src=typed&max_position=TWEET-886076520128815104-984678152973799424>
None
2018-04-14 15:21:29 [scrapy] DEBUG: Scraped from <200 https://twitter.com/i/search/timeline?l=en&f=tweets&q=%22Eye%20Pigment%22&src=typed&max_position=TWEET-886076520128815104-984678152973799424>
None
2018-04-14 15:21:29 [scrapy] DEBUG: Scraped from <200 https://twitter.com/i/search/timeline?l=en&f=tweets&q=%22Eye%20Pigment%22&src=typed&max_position=TWEET-886076520128815104-984678152973799424>
None
2018-04-14 15:21:29 [scrapy] DEBUG: Scraped from <200 https://twitter.com/i/search/timeline?l=en&f=tweets&q=%22Eye%20Pigment%22&src=typed&max_position=TWEET-886076520128815104-984678152973799424>
None
2018-04-14 15:21:29 [scrapy] DEBUG: Scraped from <200 https://twitter.com/i/search/timeline?l=en&f=tweets&q=%22Eye%20Pigment%22&src=typed&max_position=TWEET-886076520128815104-984678152973799424>
None
2018-04-14 15:21:29 [scrapy] DEBUG: Scraped from <200 https://twitter.com/i/search/timeline?l=en&f=tweets&q=%22Eye%20Pigment%22&src=typed&max_position=TWEET-886076520128815104-984678152973799424>
None
2018-04-14 15:21:29 [scrapy] DEBUG: Scraped from <200 https://twitter.com/i/search/timeline?l=en&f=tweets&q=%22Eye%20Pigment%22&src=typed&max_position=TWEET-886076520128815104-984678152973799424>
None
2018-04-14 15:21:29 [scrapy] DEBUG: Scraped from <200 https://twitter.com/i/search/timeline?l=en&f=tweets&q=%22Eye%20Pigment%22&src=typed&max_position=TWEET-886076520128815104-984678152973799424>
None
2018-04-14 15:21:30 [scrapy] DEBUG: Scraped from <200 https://twitter.com/i/search/timeline?l=en&f=tweets&q=%22Eye%20Pigment%22&src=typed&max_position=TWEET-886076520128815104-984678152973799424>
None
2018-04-14 15:21:30 [scrapy] DEBUG: Scraped from <200 https://twitter.com/i/search/timeline?l=en&f=tweets&q=%22Eye%20Pigment%22&src=typed&max_position=TWEET-886076520128815104-984678152973799424>
None
2018-04-14 15:21:30 [scrapy] DEBUG: Crawled (200) <GET https://twitter.com/i/search/timeline?l=en&f=tweets&q=%22Eye%20Pigment%22&src=typed&max_position=TWEET-885606327019610112-984678152973799424> (referer: https://twitter.com/i/search/timeline?l=en&f=tweets&q=%22Eye%20Pigment%22&src=typed&max_position=TWEET-886076520128815104-984678152973799424)
2018-04-14 15:21:31 [scrapy] DEBUG: Scraped from <200 https://twitter.com/i/search/timeline?l=en&f=tweets&q=%22Eye%20Pigment%22&src=typed&max_position=TWEET-885606327019610112-984678152973799424>
None
2018-04-14 15:21:31 [scrapy] DEBUG: Scraped from <200 https://twitter.com/i/search/timeline?l=en&f=tweets&q=%22Eye%20Pigment%22&src=typed&max_position=TWEET-885606327019610112-984678152973799424>
None
2018-04-14 15:21:31 [scrapy] DEBUG: Scraped from <200 https://twitter.com/i/search/timeline?l=en&f=tweets&q=%22Eye%20Pigment%22&src=typed&max_position=TWEET-885606327019610112-984678152973799424>
None
2018-04-14 15:21:31 [scrapy] DEBUG: Scraped from <200 https://twitter.com/i/search/timeline?l=en&f=tweets&q=%22Eye%20Pigment%22&src=typed&max_position=TWEET-885606327019610112-984678152973799424>
None
2018-04-14 15:21:31 [scrapy] DEBUG: Scraped from <200 https://twitter.com/i/search/timeline?l=en&f=tweets&q=%22Eye%20Pigment%22&src=typed&max_position=TWEET-885606327019610112-984678152973799424>
None
2018-04-14 15:21:31 [scrapy] DEBUG: Scraped from <200 https://twitter.com/i/search/timeline?l=en&f=tweets&q=%22Eye%20Pigment%22&src=typed&max_position=TWEET-885606327019610112-984678152973799424>
None
2018-04-14 15:21:31 [scrapy] DEBUG: Scraped from <200 https://twitter.com/i/search/timeline?l=en&f=tweets&q=%22Eye%20Pigment%22&src=typed&max_position=TWEET-885606327019610112-984678152973799424>
None
2018-04-14 15:21:31 [scrapy] DEBUG: Scraped from <200 https://twitter.com/i/search/timeline?l=en&f=tweets&q=%22Eye%20Pigment%22&src=typed&max_position=TWEET-885606327019610112-984678152973799424>
None
2018-04-14 15:21:31 [scrapy] DEBUG: Scraped from <200 https://twitter.com/i/search/timeline?l=en&f=tweets&q=%22Eye%20Pigment%22&src=typed&max_position=TWEET-885606327019610112-984678152973799424>
None
2018-04-14 15:21:31 [scrapy] DEBUG: Scraped from <200 https://twitter.com/i/search/timeline?l=en&f=tweets&q=%22Eye%20Pigment%22&src=typed&max_position=TWEET-885606327019610112-984678152973799424>
None
2018-04-14 15:21:31 [scrapy] DEBUG: Scraped from <200 https://twitter.com/i/search/timeline?l=en&f=tweets&q=%22Eye%20Pigment%22&src=typed&max_position=TWEET-885606327019610112-984678152973799424>
None
2018-04-14 15:21:31 [scrapy] DEBUG: Scraped from <200 https://twitter.com/i/search/timeline?l=en&f=tweets&q=%22Eye%20Pigment%22&src=typed&max_position=TWEET-885606327019610112-984678152973799424>
None
2018-04-14 15:21:32 [scrapy] DEBUG: Scraped from <200 https://twitter.com/i/search/timeline?l=en&f=tweets&q=%22Eye%20Pigment%22&src=typed&max_position=TWEET-885606327019610112-984678152973799424>
None
2018-04-14 15:21:32 [scrapy] DEBUG: Scraped from <200 https://twitter.com/i/search/timeline?l=en&f=tweets&q=%22Eye%20Pigment%22&src=typed&max_position=TWEET-885606327019610112-984678152973799424>
None
2018-04-14 15:21:32 [scrapy] DEBUG: Scraped from <200 https://twitter.com/i/search/timeline?l=en&f=tweets&q=%22Eye%20Pigment%22&src=typed&max_position=TWEET-885606327019610112-984678152973799424>
None
2018-04-14 15:21:32 [scrapy] DEBUG: Scraped from <200 https://twitter.com/i/search/timeline?l=en&f=tweets&q=%22Eye%20Pigment%22&src=typed&max_position=TWEET-885606327019610112-984678152973799424>
None
2018-04-14 15:21:32 [scrapy] DEBUG: Scraped from <200 https://twitter.com/i/search/timeline?l=en&f=tweets&q=%22Eye%20Pigment%22&src=typed&max_position=TWEET-885606327019610112-984678152973799424>
None
2018-04-14 15:21:32 [scrapy] DEBUG: Scraped from <200 https://twitter.com/i/search/timeline?l=en&f=tweets&q=%22Eye%20Pigment%22&src=typed&max_position=TWEET-885606327019610112-984678152973799424>
None
2018-04-14 15:21:32 [scrapy] DEBUG: Scraped from <200 https://twitter.com/i/search/timeline?l=en&f=tweets&q=%22Eye%20Pigment%22&src=typed&max_position=TWEET-885606327019610112-984678152973799424>
None
2018-04-14 15:21:32 [scrapy] DEBUG: Scraped from <200 https://twitter.com/i/search/timeline?l=en&f=tweets&q=%22Eye%20Pigment%22&src=typed&max_position=TWEET-885606327019610112-984678152973799424>
None
2018-04-14 15:21:32 [scrapy] DEBUG: Crawled (200) <GET https://twitter.com/i/search/timeline?l=en&f=tweets&q=%22Eye%20Pigment%22&src=typed&max_position=TWEET-884165222189199360-984678152973799424> (referer: https://twitter.com/i/search/timeline?l=en&f=tweets&q=%22Eye%20Pigment%22&src=typed&max_position=TWEET-885606327019610112-984678152973799424)
2018-04-14 15:21:33 [scrapy] DEBUG: Scraped from <200 https://twitter.com/i/search/timeline?l=en&f=tweets&q=%22Eye%20Pigment%22&src=typed&max_position=TWEET-884165222189199360-984678152973799424>
None
2018-04-14 15:21:33 [scrapy] DEBUG: Scraped from <200 https://twitter.com/i/search/timeline?l=en&f=tweets&q=%22Eye%20Pigment%22&src=typed&max_position=TWEET-884165222189199360-984678152973799424>
None
2018-04-14 15:21:33 [scrapy] DEBUG: Scraped from <200 https://twitter.com/i/search/timeline?l=en&f=tweets&q=%22Eye%20Pigment%22&src=typed&max_position=TWEET-884165222189199360-984678152973799424>
None
2018-04-14 15:21:33 [scrapy] DEBUG: Scraped from <200 https://twitter.com/i/search/timeline?l=en&f=tweets&q=%22Eye%20Pigment%22&src=typed&max_position=TWEET-884165222189199360-984678152973799424>
None
2018-04-14 15:21:33 [scrapy] DEBUG: Scraped from <200 https://twitter.com/i/search/timeline?l=en&f=tweets&q=%22Eye%20Pigment%22&src=typed&max_position=TWEET-884165222189199360-984678152973799424>
None
2018-04-14 15:21:33 [scrapy] DEBUG: Scraped from <200 https://twitter.com/i/search/timeline?l=en&f=tweets&q=%22Eye%20Pigment%22&src=typed&max_position=TWEET-884165222189199360-984678152973799424>
None
2018-04-14 15:21:33 [scrapy] DEBUG: Scraped from <200 https://twitter.com/i/search/timeline?l=en&f=tweets&q=%22Eye%20Pigment%22&src=typed&max_position=TWEET-884165222189199360-984678152973799424>
None
2018-04-14 15:21:33 [scrapy] DEBUG: Scraped from <200 https://twitter.com/i/search/timeline?l=en&f=tweets&q=%22Eye%20Pigment%22&src=typed&max_position=TWEET-884165222189199360-984678152973799424>
None
2018-04-14 15:21:33 [scrapy] DEBUG: Scraped from <200 https://twitter.com/i/search/timeline?l=en&f=tweets&q=%22Eye%20Pigment%22&src=typed&max_position=TWEET-884165222189199360-984678152973799424>
None
2018-04-14 15:21:33 [scrapy] DEBUG: Scraped from <200 https://twitter.com/i/search/timeline?l=en&f=tweets&q=%22Eye%20Pigment%22&src=typed&max_position=TWEET-884165222189199360-984678152973799424>
None
2018-04-14 15:21:33 [scrapy] DEBUG: Scraped from <200 https://twitter.com/i/search/timeline?l=en&f=tweets&q=%22Eye%20Pigment%22&src=typed&max_position=TWEET-884165222189199360-984678152973799424>
None
2018-04-14 15:21:34 [scrapy] DEBUG: Scraped from <200 https://twitter.com/i/search/timeline?l=en&f=tweets&q=%22Eye%20Pigment%22&src=typed&max_position=TWEET-884165222189199360-984678152973799424>
None
2018-04-14 15:21:34 [scrapy] DEBUG: Scraped from <200 https://twitter.com/i/search/timeline?l=en&f=tweets&q=%22Eye%20Pigment%22&src=typed&max_position=TWEET-884165222189199360-984678152973799424>
None
2018-04-14 15:21:34 [scrapy] DEBUG: Scraped from <200 https://twitter.com/i/search/timeline?l=en&f=tweets&q=%22Eye%20Pigment%22&src=typed&max_position=TWEET-884165222189199360-984678152973799424>
None
2018-04-14 15:21:34 [scrapy] DEBUG: Scraped from <200 https://twitter.com/i/search/timeline?l=en&f=tweets&q=%22Eye%20Pigment%22&src=typed&max_position=TWEET-884165222189199360-984678152973799424>
None
2018-04-14 15:21:34 [scrapy] DEBUG: Scraped from <200 https://twitter.com/i/search/timeline?l=en&f=tweets&q=%22Eye%20Pigment%22&src=typed&max_position=TWEET-884165222189199360-984678152973799424>
None
2018-04-14 15:21:34 [scrapy] DEBUG: Scraped from <200 https://twitter.com/i/search/timeline?l=en&f=tweets&q=%22Eye%20Pigment%22&src=typed&max_position=TWEET-884165222189199360-984678152973799424>
None
2018-04-14 15:21:34 [scrapy] DEBUG: Scraped from <200 https://twitter.com/i/search/timeline?l=en&f=tweets&q=%22Eye%20Pigment%22&src=typed&max_position=TWEET-884165222189199360-984678152973799424>
None
2018-04-14 15:21:34 [scrapy] DEBUG: Scraped from <200 https://twitter.com/i/search/timeline?l=en&f=tweets&q=%22Eye%20Pigment%22&src=typed&max_position=TWEET-884165222189199360-984678152973799424>
None
2018-04-14 15:21:34 [scrapy] DEBUG: Scraped from <200 https://twitter.com/i/search/timeline?l=en&f=tweets&q=%22Eye%20Pigment%22&src=typed&max_position=TWEET-884165222189199360-984678152973799424>
None
2018-04-14 15:21:35 [scrapy] DEBUG: Crawled (200) <GET https://twitter.com/i/search/timeline?l=en&f=tweets&q=%22Eye%20Pigment%22&src=typed&max_position=TWEET-882593593013260288-984678152973799424> (referer: https://twitter.com/i/search/timeline?l=en&f=tweets&q=%22Eye%20Pigment%22&src=typed&max_position=TWEET-884165222189199360-984678152973799424)
2018-04-14 15:21:35 [scrapy] DEBUG: Scraped from <200 https://twitter.com/i/search/timeline?l=en&f=tweets&q=%22Eye%20Pigment%22&src=typed&max_position=TWEET-882593593013260288-984678152973799424>
None
2018-04-14 15:21:35 [scrapy] DEBUG: Scraped from <200 https://twitter.com/i/search/timeline?l=en&f=tweets&q=%22Eye%20Pigment%22&src=typed&max_position=TWEET-882593593013260288-984678152973799424>
None
2018-04-14 15:21:35 [scrapy] DEBUG: Scraped from <200 https://twitter.com/i/search/timeline?l=en&f=tweets&q=%22Eye%20Pigment%22&src=typed&max_position=TWEET-882593593013260288-984678152973799424>
None
2018-04-14 15:21:35 [scrapy] DEBUG: Scraped from <200 https://twitter.com/i/search/timeline?l=en&f=tweets&q=%22Eye%20Pigment%22&src=typed&max_position=TWEET-882593593013260288-984678152973799424>
None
2018-04-14 15:21:35 [scrapy] DEBUG: Scraped from <200 https://twitter.com/i/search/timeline?l=en&f=tweets&q=%22Eye%20Pigment%22&src=typed&max_position=TWEET-882593593013260288-984678152973799424>
None
2018-04-14 15:21:35 [scrapy] DEBUG: Scraped from <200 https://twitter.com/i/search/timeline?l=en&f=tweets&q=%22Eye%20Pigment%22&src=typed&max_position=TWEET-882593593013260288-984678152973799424>
None
2018-04-14 15:21:35 [scrapy] DEBUG: Scraped from <200 https://twitter.com/i/search/timeline?l=en&f=tweets&q=%22Eye%20Pigment%22&src=typed&max_position=TWEET-882593593013260288-984678152973799424>
None
2018-04-14 15:21:35 [scrapy] DEBUG: Scraped from <200 https://twitter.com/i/search/timeline?l=en&f=tweets&q=%22Eye%20Pigment%22&src=typed&max_position=TWEET-882593593013260288-984678152973799424>
None
2018-04-14 15:21:35 [scrapy] DEBUG: Scraped from <200 https://twitter.com/i/search/timeline?l=en&f=tweets&q=%22Eye%20Pigment%22&src=typed&max_position=TWEET-882593593013260288-984678152973799424>
None
2018-04-14 15:21:36 [scrapy] DEBUG: Scraped from <200 https://twitter.com/i/search/timeline?l=en&f=tweets&q=%22Eye%20Pigment%22&src=typed&max_position=TWEET-882593593013260288-984678152973799424>
None
2018-04-14 15:21:36 [scrapy] DEBUG: Scraped from <200 https://twitter.com/i/search/timeline?l=en&f=tweets&q=%22Eye%20Pigment%22&src=typed&max_position=TWEET-882593593013260288-984678152973799424>
None
2018-04-14 15:21:36 [scrapy] DEBUG: Scraped from <200 https://twitter.com/i/search/timeline?l=en&f=tweets&q=%22Eye%20Pigment%22&src=typed&max_position=TWEET-882593593013260288-984678152973799424>
None
2018-04-14 15:21:36 [scrapy] DEBUG: Scraped from <200 https://twitter.com/i/search/timeline?l=en&f=tweets&q=%22Eye%20Pigment%22&src=typed&max_position=TWEET-882593593013260288-984678152973799424>
None
2018-04-14 15:21:36 [scrapy] DEBUG: Scraped from <200 https://twitter.com/i/search/timeline?l=en&f=tweets&q=%22Eye%20Pigment%22&src=typed&max_position=TWEET-882593593013260288-984678152973799424>
None
2018-04-14 15:21:36 [scrapy] DEBUG: Scraped from <200 https://twitter.com/i/search/timeline?l=en&f=tweets&q=%22Eye%20Pigment%22&src=typed&max_position=TWEET-882593593013260288-984678152973799424>
None
2018-04-14 15:21:36 [scrapy] DEBUG: Scraped from <200 https://twitter.com/i/search/timeline?l=en&f=tweets&q=%22Eye%20Pigment%22&src=typed&max_position=TWEET-882593593013260288-984678152973799424>
None
2018-04-14 15:21:36 [scrapy] DEBUG: Scraped from <200 https://twitter.com/i/search/timeline?l=en&f=tweets&q=%22Eye%20Pigment%22&src=typed&max_position=TWEET-882593593013260288-984678152973799424>
None
2018-04-14 15:21:36 [scrapy] DEBUG: Scraped from <200 https://twitter.com/i/search/timeline?l=en&f=tweets&q=%22Eye%20Pigment%22&src=typed&max_position=TWEET-882593593013260288-984678152973799424>
None
2018-04-14 15:21:36 [scrapy] DEBUG: Scraped from <200 https://twitter.com/i/search/timeline?l=en&f=tweets&q=%22Eye%20Pigment%22&src=typed&max_position=TWEET-882593593013260288-984678152973799424>
None
2018-04-14 15:21:36 [scrapy] DEBUG: Scraped from <200 https://twitter.com/i/search/timeline?l=en&f=tweets&q=%22Eye%20Pigment%22&src=typed&max_position=TWEET-882593593013260288-984678152973799424>
None
2018-04-14 15:21:37 [scrapy] DEBUG: Crawled (200) <GET https://twitter.com/i/search/timeline?l=en&f=tweets&q=%22Eye%20Pigment%22&src=typed&max_position=TWEET-880571465279524865-984678152973799424> (referer: https://twitter.com/i/search/timeline?l=en&f=tweets&q=%22Eye%20Pigment%22&src=typed&max_position=TWEET-882593593013260288-984678152973799424)
2018-04-14 15:21:37 [scrapy] DEBUG: Scraped from <200 https://twitter.com/i/search/timeline?l=en&f=tweets&q=%22Eye%20Pigment%22&src=typed&max_position=TWEET-880571465279524865-984678152973799424>
None
2018-04-14 15:21:37 [scrapy] DEBUG: Scraped from <200 https://twitter.com/i/search/timeline?l=en&f=tweets&q=%22Eye%20Pigment%22&src=typed&max_position=TWEET-880571465279524865-984678152973799424>
None
2018-04-14 15:21:37 [scrapy] DEBUG: Scraped from <200 https://twitter.com/i/search/timeline?l=en&f=tweets&q=%22Eye%20Pigment%22&src=typed&max_position=TWEET-880571465279524865-984678152973799424>
None
2018-04-14 15:21:37 [scrapy] INFO: Closing spider (closespider_itemcount)
2018-04-14 15:21:37 [scrapy] DEBUG: Scraped from <200 https://twitter.com/i/search/timeline?l=en&f=tweets&q=%22Eye%20Pigment%22&src=typed&max_position=TWEET-880571465279524865-984678152973799424>
None
2018-04-14 15:21:37 [scrapy] DEBUG: Scraped from <200 https://twitter.com/i/search/timeline?l=en&f=tweets&q=%22Eye%20Pigment%22&src=typed&max_position=TWEET-880571465279524865-984678152973799424>
None
2018-04-14 15:21:37 [scrapy] DEBUG: Scraped from <200 https://twitter.com/i/search/timeline?l=en&f=tweets&q=%22Eye%20Pigment%22&src=typed&max_position=TWEET-880571465279524865-984678152973799424>
None
2018-04-14 15:21:37 [scrapy] DEBUG: Scraped from <200 https://twitter.com/i/search/timeline?l=en&f=tweets&q=%22Eye%20Pigment%22&src=typed&max_position=TWEET-880571465279524865-984678152973799424>
None
2018-04-14 15:21:37 [scrapy] DEBUG: Scraped from <200 https://twitter.com/i/search/timeline?l=en&f=tweets&q=%22Eye%20Pigment%22&src=typed&max_position=TWEET-880571465279524865-984678152973799424>
None
2018-04-14 15:21:37 [scrapy] DEBUG: Scraped from <200 https://twitter.com/i/search/timeline?l=en&f=tweets&q=%22Eye%20Pigment%22&src=typed&max_position=TWEET-880571465279524865-984678152973799424>
None
2018-04-14 15:21:38 [scrapy] DEBUG: Scraped from <200 https://twitter.com/i/search/timeline?l=en&f=tweets&q=%22Eye%20Pigment%22&src=typed&max_position=TWEET-880571465279524865-984678152973799424>
None
2018-04-14 15:21:38 [scrapy] DEBUG: Scraped from <200 https://twitter.com/i/search/timeline?l=en&f=tweets&q=%22Eye%20Pigment%22&src=typed&max_position=TWEET-880571465279524865-984678152973799424>
None
2018-04-14 15:21:38 [scrapy] DEBUG: Scraped from <200 https://twitter.com/i/search/timeline?l=en&f=tweets&q=%22Eye%20Pigment%22&src=typed&max_position=TWEET-880571465279524865-984678152973799424>
None
2018-04-14 15:21:38 [scrapy] DEBUG: Scraped from <200 https://twitter.com/i/search/timeline?l=en&f=tweets&q=%22Eye%20Pigment%22&src=typed&max_position=TWEET-880571465279524865-984678152973799424>
None
2018-04-14 15:21:38 [scrapy] DEBUG: Scraped from <200 https://twitter.com/i/search/timeline?l=en&f=tweets&q=%22Eye%20Pigment%22&src=typed&max_position=TWEET-880571465279524865-984678152973799424>
None
2018-04-14 15:21:38 [scrapy] DEBUG: Scraped from <200 https://twitter.com/i/search/timeline?l=en&f=tweets&q=%22Eye%20Pigment%22&src=typed&max_position=TWEET-880571465279524865-984678152973799424>
None
2018-04-14 15:21:38 [scrapy] DEBUG: Scraped from <200 https://twitter.com/i/search/timeline?l=en&f=tweets&q=%22Eye%20Pigment%22&src=typed&max_position=TWEET-880571465279524865-984678152973799424>
None
2018-04-14 15:21:38 [scrapy] DEBUG: Scraped from <200 https://twitter.com/i/search/timeline?l=en&f=tweets&q=%22Eye%20Pigment%22&src=typed&max_position=TWEET-880571465279524865-984678152973799424>
None
2018-04-14 15:21:38 [scrapy] DEBUG: Scraped from <200 https://twitter.com/i/search/timeline?l=en&f=tweets&q=%22Eye%20Pigment%22&src=typed&max_position=TWEET-880571465279524865-984678152973799424>
None
2018-04-14 15:21:38 [scrapy] DEBUG: Scraped from <200 https://twitter.com/i/search/timeline?l=en&f=tweets&q=%22Eye%20Pigment%22&src=typed&max_position=TWEET-880571465279524865-984678152973799424>
None
2018-04-14 15:21:38 [scrapy] DEBUG: Scraped from <200 https://twitter.com/i/search/timeline?l=en&f=tweets&q=%22Eye%20Pigment%22&src=typed&max_position=TWEET-880571465279524865-984678152973799424>
None
2018-04-14 15:21:38 [scrapy] INFO: Dumping Scrapy stats:
{'downloader/request_bytes': 19802,
 'downloader/request_count': 23,
 'downloader/request_method_count/GET': 23,
 'downloader/response_bytes': 287042,
 'downloader/response_count': 23,
 'downloader/response_status_count/200': 23,
 'finish_reason': 'closespider_itemcount',
 'finish_time': datetime.datetime(2018, 4, 14, 20, 21, 38, 812037),
 'item_scraped_count': 317,
 'log_count/DEBUG': 656,
 'log_count/ERROR': 317,
 'log_count/INFO': 6,
 'memusage/max': 65814528,
 'memusage/startup': 65814528,
 'request_depth_max': 23,
 'response_received_count': 23,
 'scheduler/dequeued': 23,
 'scheduler/dequeued/memory': 23,
 'scheduler/enqueued': 24,
 'scheduler/enqueued/memory': 24,
 'start_time': datetime.datetime(2018, 4, 14, 20, 20, 58, 778915)}
2018-04-14 15:21:38 [scrapy] INFO: Spider closed (closespider_itemcount)
