2018-04-13 22:52:04 [scrapy] DEBUG: Crawled (200) <GET https://twitter.com/i/search/timeline?l=&f=tweets&q=%22Sephora%22%20since%3A2018-04-13&src=typed&max_position=> (referer: None)
2018-04-13 22:52:04 [scrapy] DEBUG: Scraped from <200 https://twitter.com/i/search/timeline?l=&f=tweets&q=%22Sephora%22%20since%3A2018-04-13&src=typed&max_position=>
None
2018-04-13 22:52:05 [scrapy] DEBUG: Scraped from <200 https://twitter.com/i/search/timeline?l=&f=tweets&q=%22Sephora%22%20since%3A2018-04-13&src=typed&max_position=>
None
2018-04-13 22:52:05 [scrapy] DEBUG: Scraped from <200 https://twitter.com/i/search/timeline?l=&f=tweets&q=%22Sephora%22%20since%3A2018-04-13&src=typed&max_position=>
None
2018-04-13 22:52:05 [scrapy] DEBUG: Scraped from <200 https://twitter.com/i/search/timeline?l=&f=tweets&q=%22Sephora%22%20since%3A2018-04-13&src=typed&max_position=>
None
2018-04-13 22:52:05 [scrapy] DEBUG: Scraped from <200 https://twitter.com/i/search/timeline?l=&f=tweets&q=%22Sephora%22%20since%3A2018-04-13&src=typed&max_position=>
None
2018-04-13 22:52:05 [scrapy] DEBUG: Scraped from <200 https://twitter.com/i/search/timeline?l=&f=tweets&q=%22Sephora%22%20since%3A2018-04-13&src=typed&max_position=>
None
2018-04-13 22:52:05 [scrapy] DEBUG: Scraped from <200 https://twitter.com/i/search/timeline?l=&f=tweets&q=%22Sephora%22%20since%3A2018-04-13&src=typed&max_position=>
None
2018-04-13 22:52:05 [scrapy] DEBUG: Scraped from <200 https://twitter.com/i/search/timeline?l=&f=tweets&q=%22Sephora%22%20since%3A2018-04-13&src=typed&max_position=>
None
2018-04-13 22:52:05 [scrapy] DEBUG: Scraped from <200 https://twitter.com/i/search/timeline?l=&f=tweets&q=%22Sephora%22%20since%3A2018-04-13&src=typed&max_position=>
None
2018-04-13 22:52:05 [scrapy] DEBUG: Scraped from <200 https://twitter.com/i/search/timeline?l=&f=tweets&q=%22Sephora%22%20since%3A2018-04-13&src=typed&max_position=>
None
2018-04-13 22:52:05 [scrapy] DEBUG: Scraped from <200 https://twitter.com/i/search/timeline?l=&f=tweets&q=%22Sephora%22%20since%3A2018-04-13&src=typed&max_position=>
None
2018-04-13 22:52:06 [scrapy] DEBUG: Scraped from <200 https://twitter.com/i/search/timeline?l=&f=tweets&q=%22Sephora%22%20since%3A2018-04-13&src=typed&max_position=>
None
2018-04-13 22:52:06 [scrapy] DEBUG: Scraped from <200 https://twitter.com/i/search/timeline?l=&f=tweets&q=%22Sephora%22%20since%3A2018-04-13&src=typed&max_position=>
None
2018-04-13 22:52:06 [scrapy] DEBUG: Scraped from <200 https://twitter.com/i/search/timeline?l=&f=tweets&q=%22Sephora%22%20since%3A2018-04-13&src=typed&max_position=>
None
2018-04-13 22:52:06 [scrapy] DEBUG: Scraped from <200 https://twitter.com/i/search/timeline?l=&f=tweets&q=%22Sephora%22%20since%3A2018-04-13&src=typed&max_position=>
None
2018-04-13 22:52:06 [scrapy] DEBUG: Scraped from <200 https://twitter.com/i/search/timeline?l=&f=tweets&q=%22Sephora%22%20since%3A2018-04-13&src=typed&max_position=>
None
2018-04-13 22:52:06 [scrapy] DEBUG: Scraped from <200 https://twitter.com/i/search/timeline?l=&f=tweets&q=%22Sephora%22%20since%3A2018-04-13&src=typed&max_position=>
None
2018-04-13 22:52:06 [scrapy] DEBUG: Scraped from <200 https://twitter.com/i/search/timeline?l=&f=tweets&q=%22Sephora%22%20since%3A2018-04-13&src=typed&max_position=>
None
2018-04-13 22:52:06 [scrapy] DEBUG: Scraped from <200 https://twitter.com/i/search/timeline?l=&f=tweets&q=%22Sephora%22%20since%3A2018-04-13&src=typed&max_position=>
None
2018-04-13 22:52:06 [scrapy] DEBUG: Scraped from <200 https://twitter.com/i/search/timeline?l=&f=tweets&q=%22Sephora%22%20since%3A2018-04-13&src=typed&max_position=>
None
2018-04-13 22:52:07 [scrapy] DEBUG: Crawled (200) <GET https://twitter.com/i/search/timeline?l=&f=tweets&q=%22Sephora%22%20since%3A2018-04-13&src=typed&max_position=TWEET-985001046853537794-985002335314305024> (referer: https://twitter.com/i/search/timeline?l=&f=tweets&q=%22Sephora%22%20since%3A2018-04-13&src=typed&max_position=)
2018-04-13 22:52:07 [scrapy] DEBUG: Scraped from <200 https://twitter.com/i/search/timeline?l=&f=tweets&q=%22Sephora%22%20since%3A2018-04-13&src=typed&max_position=TWEET-985001046853537794-985002335314305024>
None
2018-04-13 22:52:08 [scrapy] DEBUG: Scraped from <200 https://twitter.com/i/search/timeline?l=&f=tweets&q=%22Sephora%22%20since%3A2018-04-13&src=typed&max_position=TWEET-985001046853537794-985002335314305024>
None
2018-04-13 22:52:08 [scrapy] DEBUG: Scraped from <200 https://twitter.com/i/search/timeline?l=&f=tweets&q=%22Sephora%22%20since%3A2018-04-13&src=typed&max_position=TWEET-985001046853537794-985002335314305024>
None
2018-04-13 22:52:08 [scrapy] DEBUG: Scraped from <200 https://twitter.com/i/search/timeline?l=&f=tweets&q=%22Sephora%22%20since%3A2018-04-13&src=typed&max_position=TWEET-985001046853537794-985002335314305024>
None
2018-04-13 22:52:08 [scrapy] DEBUG: Scraped from <200 https://twitter.com/i/search/timeline?l=&f=tweets&q=%22Sephora%22%20since%3A2018-04-13&src=typed&max_position=TWEET-985001046853537794-985002335314305024>
None
2018-04-13 22:52:08 [scrapy] DEBUG: Scraped from <200 https://twitter.com/i/search/timeline?l=&f=tweets&q=%22Sephora%22%20since%3A2018-04-13&src=typed&max_position=TWEET-985001046853537794-985002335314305024>
None
2018-04-13 22:52:08 [scrapy] DEBUG: Scraped from <200 https://twitter.com/i/search/timeline?l=&f=tweets&q=%22Sephora%22%20since%3A2018-04-13&src=typed&max_position=TWEET-985001046853537794-985002335314305024>
None
2018-04-13 22:52:08 [scrapy] DEBUG: Scraped from <200 https://twitter.com/i/search/timeline?l=&f=tweets&q=%22Sephora%22%20since%3A2018-04-13&src=typed&max_position=TWEET-985001046853537794-985002335314305024>
None
2018-04-13 22:52:08 [scrapy] DEBUG: Scraped from <200 https://twitter.com/i/search/timeline?l=&f=tweets&q=%22Sephora%22%20since%3A2018-04-13&src=typed&max_position=TWEET-985001046853537794-985002335314305024>
None
2018-04-13 22:52:08 [scrapy] DEBUG: Scraped from <200 https://twitter.com/i/search/timeline?l=&f=tweets&q=%22Sephora%22%20since%3A2018-04-13&src=typed&max_position=TWEET-985001046853537794-985002335314305024>
None
2018-04-13 22:52:08 [scrapy] DEBUG: Scraped from <200 https://twitter.com/i/search/timeline?l=&f=tweets&q=%22Sephora%22%20since%3A2018-04-13&src=typed&max_position=TWEET-985001046853537794-985002335314305024>
None
2018-04-13 22:52:09 [scrapy] DEBUG: Scraped from <200 https://twitter.com/i/search/timeline?l=&f=tweets&q=%22Sephora%22%20since%3A2018-04-13&src=typed&max_position=TWEET-985001046853537794-985002335314305024>
None
2018-04-13 22:52:09 [scrapy] DEBUG: Scraped from <200 https://twitter.com/i/search/timeline?l=&f=tweets&q=%22Sephora%22%20since%3A2018-04-13&src=typed&max_position=TWEET-985001046853537794-985002335314305024>
None
2018-04-13 22:52:09 [scrapy] DEBUG: Scraped from <200 https://twitter.com/i/search/timeline?l=&f=tweets&q=%22Sephora%22%20since%3A2018-04-13&src=typed&max_position=TWEET-985001046853537794-985002335314305024>
None
2018-04-13 22:52:09 [scrapy] DEBUG: Scraped from <200 https://twitter.com/i/search/timeline?l=&f=tweets&q=%22Sephora%22%20since%3A2018-04-13&src=typed&max_position=TWEET-985001046853537794-985002335314305024>
None
2018-04-13 22:52:09 [scrapy] DEBUG: Scraped from <200 https://twitter.com/i/search/timeline?l=&f=tweets&q=%22Sephora%22%20since%3A2018-04-13&src=typed&max_position=TWEET-985001046853537794-985002335314305024>
None
2018-04-13 22:52:09 [scrapy] DEBUG: Scraped from <200 https://twitter.com/i/search/timeline?l=&f=tweets&q=%22Sephora%22%20since%3A2018-04-13&src=typed&max_position=TWEET-985001046853537794-985002335314305024>
None
2018-04-13 22:52:09 [scrapy] DEBUG: Scraped from <200 https://twitter.com/i/search/timeline?l=&f=tweets&q=%22Sephora%22%20since%3A2018-04-13&src=typed&max_position=TWEET-985001046853537794-985002335314305024>
None
2018-04-13 22:52:09 [scrapy] DEBUG: Scraped from <200 https://twitter.com/i/search/timeline?l=&f=tweets&q=%22Sephora%22%20since%3A2018-04-13&src=typed&max_position=TWEET-985001046853537794-985002335314305024>
None
2018-04-13 22:52:09 [scrapy] DEBUG: Scraped from <200 https://twitter.com/i/search/timeline?l=&f=tweets&q=%22Sephora%22%20since%3A2018-04-13&src=typed&max_position=TWEET-985001046853537794-985002335314305024>
None
2018-04-13 22:52:10 [scrapy] DEBUG: Crawled (200) <GET https://twitter.com/i/search/timeline?l=&f=tweets&q=%22Sephora%22%20since%3A2018-04-13&src=typed&max_position=TWEET-984998622076063746-985002335314305024> (referer: https://twitter.com/i/search/timeline?l=&f=tweets&q=%22Sephora%22%20since%3A2018-04-13&src=typed&max_position=TWEET-985001046853537794-985002335314305024)
2018-04-13 22:52:10 [scrapy] DEBUG: Scraped from <200 https://twitter.com/i/search/timeline?l=&f=tweets&q=%22Sephora%22%20since%3A2018-04-13&src=typed&max_position=TWEET-984998622076063746-985002335314305024>
None
2018-04-13 22:52:10 [scrapy] DEBUG: Scraped from <200 https://twitter.com/i/search/timeline?l=&f=tweets&q=%22Sephora%22%20since%3A2018-04-13&src=typed&max_position=TWEET-984998622076063746-985002335314305024>
None
2018-04-13 22:52:10 [scrapy] DEBUG: Scraped from <200 https://twitter.com/i/search/timeline?l=&f=tweets&q=%22Sephora%22%20since%3A2018-04-13&src=typed&max_position=TWEET-984998622076063746-985002335314305024>
None
2018-04-13 22:52:10 [scrapy] DEBUG: Scraped from <200 https://twitter.com/i/search/timeline?l=&f=tweets&q=%22Sephora%22%20since%3A2018-04-13&src=typed&max_position=TWEET-984998622076063746-985002335314305024>
None
2018-04-13 22:52:10 [scrapy] DEBUG: Scraped from <200 https://twitter.com/i/search/timeline?l=&f=tweets&q=%22Sephora%22%20since%3A2018-04-13&src=typed&max_position=TWEET-984998622076063746-985002335314305024>
None
2018-04-13 22:52:11 [scrapy] DEBUG: Scraped from <200 https://twitter.com/i/search/timeline?l=&f=tweets&q=%22Sephora%22%20since%3A2018-04-13&src=typed&max_position=TWEET-984998622076063746-985002335314305024>
None
2018-04-13 22:52:11 [scrapy] DEBUG: Scraped from <200 https://twitter.com/i/search/timeline?l=&f=tweets&q=%22Sephora%22%20since%3A2018-04-13&src=typed&max_position=TWEET-984998622076063746-985002335314305024>
None
2018-04-13 22:52:11 [scrapy] DEBUG: Scraped from <200 https://twitter.com/i/search/timeline?l=&f=tweets&q=%22Sephora%22%20since%3A2018-04-13&src=typed&max_position=TWEET-984998622076063746-985002335314305024>
None
2018-04-13 22:52:11 [scrapy] DEBUG: Scraped from <200 https://twitter.com/i/search/timeline?l=&f=tweets&q=%22Sephora%22%20since%3A2018-04-13&src=typed&max_position=TWEET-984998622076063746-985002335314305024>
None
2018-04-13 22:52:11 [scrapy] DEBUG: Scraped from <200 https://twitter.com/i/search/timeline?l=&f=tweets&q=%22Sephora%22%20since%3A2018-04-13&src=typed&max_position=TWEET-984998622076063746-985002335314305024>
None
2018-04-13 22:52:11 [scrapy] DEBUG: Scraped from <200 https://twitter.com/i/search/timeline?l=&f=tweets&q=%22Sephora%22%20since%3A2018-04-13&src=typed&max_position=TWEET-984998622076063746-985002335314305024>
None
2018-04-13 22:52:11 [scrapy] DEBUG: Scraped from <200 https://twitter.com/i/search/timeline?l=&f=tweets&q=%22Sephora%22%20since%3A2018-04-13&src=typed&max_position=TWEET-984998622076063746-985002335314305024>
None
2018-04-13 22:52:11 [scrapy] DEBUG: Scraped from <200 https://twitter.com/i/search/timeline?l=&f=tweets&q=%22Sephora%22%20since%3A2018-04-13&src=typed&max_position=TWEET-984998622076063746-985002335314305024>
None
2018-04-13 22:52:11 [scrapy] DEBUG: Scraped from <200 https://twitter.com/i/search/timeline?l=&f=tweets&q=%22Sephora%22%20since%3A2018-04-13&src=typed&max_position=TWEET-984998622076063746-985002335314305024>
None
2018-04-13 22:52:11 [scrapy] DEBUG: Scraped from <200 https://twitter.com/i/search/timeline?l=&f=tweets&q=%22Sephora%22%20since%3A2018-04-13&src=typed&max_position=TWEET-984998622076063746-985002335314305024>
None
2018-04-13 22:52:11 [scrapy] DEBUG: Scraped from <200 https://twitter.com/i/search/timeline?l=&f=tweets&q=%22Sephora%22%20since%3A2018-04-13&src=typed&max_position=TWEET-984998622076063746-985002335314305024>
None
2018-04-13 22:52:11 [scrapy] DEBUG: Scraped from <200 https://twitter.com/i/search/timeline?l=&f=tweets&q=%22Sephora%22%20since%3A2018-04-13&src=typed&max_position=TWEET-984998622076063746-985002335314305024>
None
2018-04-13 22:52:12 [scrapy] DEBUG: Scraped from <200 https://twitter.com/i/search/timeline?l=&f=tweets&q=%22Sephora%22%20since%3A2018-04-13&src=typed&max_position=TWEET-984998622076063746-985002335314305024>
None
2018-04-13 22:52:12 [scrapy] DEBUG: Scraped from <200 https://twitter.com/i/search/timeline?l=&f=tweets&q=%22Sephora%22%20since%3A2018-04-13&src=typed&max_position=TWEET-984998622076063746-985002335314305024>
None
2018-04-13 22:52:12 [scrapy] DEBUG: Crawled (200) <GET https://twitter.com/i/search/timeline?l=&f=tweets&q=%22Sephora%22%20since%3A2018-04-13&src=typed&max_position=TWEET-984996918357929984-985002335314305024> (referer: https://twitter.com/i/search/timeline?l=&f=tweets&q=%22Sephora%22%20since%3A2018-04-13&src=typed&max_position=TWEET-984998622076063746-985002335314305024)
2018-04-13 22:52:12 [scrapy] DEBUG: Scraped from <200 https://twitter.com/i/search/timeline?l=&f=tweets&q=%22Sephora%22%20since%3A2018-04-13&src=typed&max_position=TWEET-984996918357929984-985002335314305024>
None
2018-04-13 22:52:12 [scrapy] DEBUG: Scraped from <200 https://twitter.com/i/search/timeline?l=&f=tweets&q=%22Sephora%22%20since%3A2018-04-13&src=typed&max_position=TWEET-984996918357929984-985002335314305024>
None
2018-04-13 22:52:13 [scrapy] DEBUG: Scraped from <200 https://twitter.com/i/search/timeline?l=&f=tweets&q=%22Sephora%22%20since%3A2018-04-13&src=typed&max_position=TWEET-984996918357929984-985002335314305024>
None
2018-04-13 22:52:13 [scrapy] DEBUG: Scraped from <200 https://twitter.com/i/search/timeline?l=&f=tweets&q=%22Sephora%22%20since%3A2018-04-13&src=typed&max_position=TWEET-984996918357929984-985002335314305024>
None
2018-04-13 22:52:13 [scrapy] DEBUG: Scraped from <200 https://twitter.com/i/search/timeline?l=&f=tweets&q=%22Sephora%22%20since%3A2018-04-13&src=typed&max_position=TWEET-984996918357929984-985002335314305024>
None
2018-04-13 22:52:13 [scrapy] DEBUG: Scraped from <200 https://twitter.com/i/search/timeline?l=&f=tweets&q=%22Sephora%22%20since%3A2018-04-13&src=typed&max_position=TWEET-984996918357929984-985002335314305024>
None
2018-04-13 22:52:13 [scrapy] DEBUG: Scraped from <200 https://twitter.com/i/search/timeline?l=&f=tweets&q=%22Sephora%22%20since%3A2018-04-13&src=typed&max_position=TWEET-984996918357929984-985002335314305024>
None
2018-04-13 22:52:13 [scrapy] DEBUG: Scraped from <200 https://twitter.com/i/search/timeline?l=&f=tweets&q=%22Sephora%22%20since%3A2018-04-13&src=typed&max_position=TWEET-984996918357929984-985002335314305024>
None
2018-04-13 22:52:13 [scrapy] DEBUG: Scraped from <200 https://twitter.com/i/search/timeline?l=&f=tweets&q=%22Sephora%22%20since%3A2018-04-13&src=typed&max_position=TWEET-984996918357929984-985002335314305024>
None
2018-04-13 22:52:13 [scrapy] DEBUG: Scraped from <200 https://twitter.com/i/search/timeline?l=&f=tweets&q=%22Sephora%22%20since%3A2018-04-13&src=typed&max_position=TWEET-984996918357929984-985002335314305024>
None
2018-04-13 22:52:13 [scrapy] DEBUG: Scraped from <200 https://twitter.com/i/search/timeline?l=&f=tweets&q=%22Sephora%22%20since%3A2018-04-13&src=typed&max_position=TWEET-984996918357929984-985002335314305024>
None
2018-04-13 22:52:13 [scrapy] DEBUG: Scraped from <200 https://twitter.com/i/search/timeline?l=&f=tweets&q=%22Sephora%22%20since%3A2018-04-13&src=typed&max_position=TWEET-984996918357929984-985002335314305024>
None
2018-04-13 22:52:13 [scrapy] DEBUG: Scraped from <200 https://twitter.com/i/search/timeline?l=&f=tweets&q=%22Sephora%22%20since%3A2018-04-13&src=typed&max_position=TWEET-984996918357929984-985002335314305024>
None
2018-04-13 22:52:14 [scrapy] DEBUG: Scraped from <200 https://twitter.com/i/search/timeline?l=&f=tweets&q=%22Sephora%22%20since%3A2018-04-13&src=typed&max_position=TWEET-984996918357929984-985002335314305024>
None
2018-04-13 22:52:14 [scrapy] DEBUG: Scraped from <200 https://twitter.com/i/search/timeline?l=&f=tweets&q=%22Sephora%22%20since%3A2018-04-13&src=typed&max_position=TWEET-984996918357929984-985002335314305024>
None
2018-04-13 22:52:14 [scrapy] DEBUG: Scraped from <200 https://twitter.com/i/search/timeline?l=&f=tweets&q=%22Sephora%22%20since%3A2018-04-13&src=typed&max_position=TWEET-984996918357929984-985002335314305024>
None
2018-04-13 22:52:14 [scrapy] DEBUG: Scraped from <200 https://twitter.com/i/search/timeline?l=&f=tweets&q=%22Sephora%22%20since%3A2018-04-13&src=typed&max_position=TWEET-984996918357929984-985002335314305024>
None
2018-04-13 22:52:14 [scrapy] DEBUG: Scraped from <200 https://twitter.com/i/search/timeline?l=&f=tweets&q=%22Sephora%22%20since%3A2018-04-13&src=typed&max_position=TWEET-984996918357929984-985002335314305024>
None
2018-04-13 22:52:14 [scrapy] DEBUG: Crawled (200) <GET https://twitter.com/i/search/timeline?l=&f=tweets&q=%22Sephora%22%20since%3A2018-04-13&src=typed&max_position=TWEET-984994350248624128-985002335314305024> (referer: https://twitter.com/i/search/timeline?l=&f=tweets&q=%22Sephora%22%20since%3A2018-04-13&src=typed&max_position=TWEET-984996918357929984-985002335314305024)
2018-04-13 22:52:15 [scrapy] DEBUG: Scraped from <200 https://twitter.com/i/search/timeline?l=&f=tweets&q=%22Sephora%22%20since%3A2018-04-13&src=typed&max_position=TWEET-984994350248624128-985002335314305024>
None
2018-04-13 22:52:15 [scrapy] DEBUG: Scraped from <200 https://twitter.com/i/search/timeline?l=&f=tweets&q=%22Sephora%22%20since%3A2018-04-13&src=typed&max_position=TWEET-984994350248624128-985002335314305024>
None
2018-04-13 22:52:15 [scrapy] DEBUG: Scraped from <200 https://twitter.com/i/search/timeline?l=&f=tweets&q=%22Sephora%22%20since%3A2018-04-13&src=typed&max_position=TWEET-984994350248624128-985002335314305024>
None
2018-04-13 22:52:15 [scrapy] DEBUG: Scraped from <200 https://twitter.com/i/search/timeline?l=&f=tweets&q=%22Sephora%22%20since%3A2018-04-13&src=typed&max_position=TWEET-984994350248624128-985002335314305024>
None
2018-04-13 22:52:15 [scrapy] DEBUG: Scraped from <200 https://twitter.com/i/search/timeline?l=&f=tweets&q=%22Sephora%22%20since%3A2018-04-13&src=typed&max_position=TWEET-984994350248624128-985002335314305024>
None
2018-04-13 22:52:15 [scrapy] DEBUG: Scraped from <200 https://twitter.com/i/search/timeline?l=&f=tweets&q=%22Sephora%22%20since%3A2018-04-13&src=typed&max_position=TWEET-984994350248624128-985002335314305024>
None
2018-04-13 22:52:15 [scrapy] DEBUG: Scraped from <200 https://twitter.com/i/search/timeline?l=&f=tweets&q=%22Sephora%22%20since%3A2018-04-13&src=typed&max_position=TWEET-984994350248624128-985002335314305024>
None
2018-04-13 22:52:15 [scrapy] DEBUG: Scraped from <200 https://twitter.com/i/search/timeline?l=&f=tweets&q=%22Sephora%22%20since%3A2018-04-13&src=typed&max_position=TWEET-984994350248624128-985002335314305024>
None
2018-04-13 22:52:15 [scrapy] DEBUG: Scraped from <200 https://twitter.com/i/search/timeline?l=&f=tweets&q=%22Sephora%22%20since%3A2018-04-13&src=typed&max_position=TWEET-984994350248624128-985002335314305024>
None
2018-04-13 22:52:15 [scrapy] DEBUG: Scraped from <200 https://twitter.com/i/search/timeline?l=&f=tweets&q=%22Sephora%22%20since%3A2018-04-13&src=typed&max_position=TWEET-984994350248624128-985002335314305024>
None
2018-04-13 22:52:15 [scrapy] DEBUG: Scraped from <200 https://twitter.com/i/search/timeline?l=&f=tweets&q=%22Sephora%22%20since%3A2018-04-13&src=typed&max_position=TWEET-984994350248624128-985002335314305024>
None
2018-04-13 22:52:16 [scrapy] DEBUG: Scraped from <200 https://twitter.com/i/search/timeline?l=&f=tweets&q=%22Sephora%22%20since%3A2018-04-13&src=typed&max_position=TWEET-984994350248624128-985002335314305024>
None
2018-04-13 22:52:16 [scrapy] DEBUG: Scraped from <200 https://twitter.com/i/search/timeline?l=&f=tweets&q=%22Sephora%22%20since%3A2018-04-13&src=typed&max_position=TWEET-984994350248624128-985002335314305024>
None
2018-04-13 22:52:16 [scrapy] DEBUG: Scraped from <200 https://twitter.com/i/search/timeline?l=&f=tweets&q=%22Sephora%22%20since%3A2018-04-13&src=typed&max_position=TWEET-984994350248624128-985002335314305024>
None
2018-04-13 22:52:16 [scrapy] DEBUG: Scraped from <200 https://twitter.com/i/search/timeline?l=&f=tweets&q=%22Sephora%22%20since%3A2018-04-13&src=typed&max_position=TWEET-984994350248624128-985002335314305024>
None
2018-04-13 22:52:16 [scrapy] DEBUG: Scraped from <200 https://twitter.com/i/search/timeline?l=&f=tweets&q=%22Sephora%22%20since%3A2018-04-13&src=typed&max_position=TWEET-984994350248624128-985002335314305024>
None
2018-04-13 22:52:16 [scrapy] DEBUG: Scraped from <200 https://twitter.com/i/search/timeline?l=&f=tweets&q=%22Sephora%22%20since%3A2018-04-13&src=typed&max_position=TWEET-984994350248624128-985002335314305024>
None
2018-04-13 22:52:16 [scrapy] DEBUG: Scraped from <200 https://twitter.com/i/search/timeline?l=&f=tweets&q=%22Sephora%22%20since%3A2018-04-13&src=typed&max_position=TWEET-984994350248624128-985002335314305024>
None
2018-04-13 22:52:16 [scrapy] DEBUG: Scraped from <200 https://twitter.com/i/search/timeline?l=&f=tweets&q=%22Sephora%22%20since%3A2018-04-13&src=typed&max_position=TWEET-984994350248624128-985002335314305024>
None
2018-04-13 22:52:17 [scrapy] DEBUG: Crawled (200) <GET https://twitter.com/i/search/timeline?l=&f=tweets&q=%22Sephora%22%20since%3A2018-04-13&src=typed&max_position=TWEET-984992828580352000-985002335314305024> (referer: https://twitter.com/i/search/timeline?l=&f=tweets&q=%22Sephora%22%20since%3A2018-04-13&src=typed&max_position=TWEET-984994350248624128-985002335314305024)
2018-04-13 22:52:17 [scrapy] DEBUG: Scraped from <200 https://twitter.com/i/search/timeline?l=&f=tweets&q=%22Sephora%22%20since%3A2018-04-13&src=typed&max_position=TWEET-984992828580352000-985002335314305024>
None
2018-04-13 22:52:17 [scrapy] DEBUG: Scraped from <200 https://twitter.com/i/search/timeline?l=&f=tweets&q=%22Sephora%22%20since%3A2018-04-13&src=typed&max_position=TWEET-984992828580352000-985002335314305024>
None
2018-04-13 22:52:17 [scrapy] DEBUG: Scraped from <200 https://twitter.com/i/search/timeline?l=&f=tweets&q=%22Sephora%22%20since%3A2018-04-13&src=typed&max_position=TWEET-984992828580352000-985002335314305024>
None
2018-04-13 22:52:17 [scrapy] DEBUG: Scraped from <200 https://twitter.com/i/search/timeline?l=&f=tweets&q=%22Sephora%22%20since%3A2018-04-13&src=typed&max_position=TWEET-984992828580352000-985002335314305024>
None
2018-04-13 22:52:17 [scrapy] DEBUG: Scraped from <200 https://twitter.com/i/search/timeline?l=&f=tweets&q=%22Sephora%22%20since%3A2018-04-13&src=typed&max_position=TWEET-984992828580352000-985002335314305024>
None
2018-04-13 22:52:18 [scrapy] DEBUG: Scraped from <200 https://twitter.com/i/search/timeline?l=&f=tweets&q=%22Sephora%22%20since%3A2018-04-13&src=typed&max_position=TWEET-984992828580352000-985002335314305024>
None
2018-04-13 22:52:18 [scrapy] DEBUG: Scraped from <200 https://twitter.com/i/search/timeline?l=&f=tweets&q=%22Sephora%22%20since%3A2018-04-13&src=typed&max_position=TWEET-984992828580352000-985002335314305024>
None
2018-04-13 22:52:18 [scrapy] DEBUG: Scraped from <200 https://twitter.com/i/search/timeline?l=&f=tweets&q=%22Sephora%22%20since%3A2018-04-13&src=typed&max_position=TWEET-984992828580352000-985002335314305024>
None
2018-04-13 22:52:18 [scrapy] DEBUG: Scraped from <200 https://twitter.com/i/search/timeline?l=&f=tweets&q=%22Sephora%22%20since%3A2018-04-13&src=typed&max_position=TWEET-984992828580352000-985002335314305024>
None
2018-04-13 22:52:18 [scrapy] DEBUG: Scraped from <200 https://twitter.com/i/search/timeline?l=&f=tweets&q=%22Sephora%22%20since%3A2018-04-13&src=typed&max_position=TWEET-984992828580352000-985002335314305024>
None
2018-04-13 22:52:18 [scrapy] DEBUG: Scraped from <200 https://twitter.com/i/search/timeline?l=&f=tweets&q=%22Sephora%22%20since%3A2018-04-13&src=typed&max_position=TWEET-984992828580352000-985002335314305024>
None
2018-04-13 22:52:18 [scrapy] DEBUG: Scraped from <200 https://twitter.com/i/search/timeline?l=&f=tweets&q=%22Sephora%22%20since%3A2018-04-13&src=typed&max_position=TWEET-984992828580352000-985002335314305024>
None
2018-04-13 22:52:18 [scrapy] DEBUG: Scraped from <200 https://twitter.com/i/search/timeline?l=&f=tweets&q=%22Sephora%22%20since%3A2018-04-13&src=typed&max_position=TWEET-984992828580352000-985002335314305024>
None
2018-04-13 22:52:18 [scrapy] DEBUG: Scraped from <200 https://twitter.com/i/search/timeline?l=&f=tweets&q=%22Sephora%22%20since%3A2018-04-13&src=typed&max_position=TWEET-984992828580352000-985002335314305024>
None
2018-04-13 22:52:18 [scrapy] DEBUG: Scraped from <200 https://twitter.com/i/search/timeline?l=&f=tweets&q=%22Sephora%22%20since%3A2018-04-13&src=typed&max_position=TWEET-984992828580352000-985002335314305024>
None
2018-04-13 22:52:18 [scrapy] DEBUG: Scraped from <200 https://twitter.com/i/search/timeline?l=&f=tweets&q=%22Sephora%22%20since%3A2018-04-13&src=typed&max_position=TWEET-984992828580352000-985002335314305024>
None
2018-04-13 22:52:18 [scrapy] DEBUG: Scraped from <200 https://twitter.com/i/search/timeline?l=&f=tweets&q=%22Sephora%22%20since%3A2018-04-13&src=typed&max_position=TWEET-984992828580352000-985002335314305024>
None
2018-04-13 22:52:19 [scrapy] DEBUG: Scraped from <200 https://twitter.com/i/search/timeline?l=&f=tweets&q=%22Sephora%22%20since%3A2018-04-13&src=typed&max_position=TWEET-984992828580352000-985002335314305024>
None
2018-04-13 22:52:19 [scrapy] DEBUG: Scraped from <200 https://twitter.com/i/search/timeline?l=&f=tweets&q=%22Sephora%22%20since%3A2018-04-13&src=typed&max_position=TWEET-984992828580352000-985002335314305024>
None
2018-04-13 22:52:19 [scrapy] DEBUG: Crawled (200) <GET https://twitter.com/i/search/timeline?l=&f=tweets&q=%22Sephora%22%20since%3A2018-04-13&src=typed&max_position=TWEET-984991372343062529-985002335314305024> (referer: https://twitter.com/i/search/timeline?l=&f=tweets&q=%22Sephora%22%20since%3A2018-04-13&src=typed&max_position=TWEET-984992828580352000-985002335314305024)
2018-04-13 22:52:19 [scrapy] DEBUG: Scraped from <200 https://twitter.com/i/search/timeline?l=&f=tweets&q=%22Sephora%22%20since%3A2018-04-13&src=typed&max_position=TWEET-984991372343062529-985002335314305024>
None
2018-04-13 22:52:20 [scrapy] DEBUG: Scraped from <200 https://twitter.com/i/search/timeline?l=&f=tweets&q=%22Sephora%22%20since%3A2018-04-13&src=typed&max_position=TWEET-984991372343062529-985002335314305024>
None
2018-04-13 22:52:20 [scrapy] DEBUG: Scraped from <200 https://twitter.com/i/search/timeline?l=&f=tweets&q=%22Sephora%22%20since%3A2018-04-13&src=typed&max_position=TWEET-984991372343062529-985002335314305024>
None
2018-04-13 22:52:20 [scrapy] DEBUG: Scraped from <200 https://twitter.com/i/search/timeline?l=&f=tweets&q=%22Sephora%22%20since%3A2018-04-13&src=typed&max_position=TWEET-984991372343062529-985002335314305024>
None
2018-04-13 22:52:20 [scrapy] DEBUG: Scraped from <200 https://twitter.com/i/search/timeline?l=&f=tweets&q=%22Sephora%22%20since%3A2018-04-13&src=typed&max_position=TWEET-984991372343062529-985002335314305024>
None
2018-04-13 22:52:20 [scrapy] DEBUG: Scraped from <200 https://twitter.com/i/search/timeline?l=&f=tweets&q=%22Sephora%22%20since%3A2018-04-13&src=typed&max_position=TWEET-984991372343062529-985002335314305024>
None
2018-04-13 22:52:20 [scrapy] DEBUG: Scraped from <200 https://twitter.com/i/search/timeline?l=&f=tweets&q=%22Sephora%22%20since%3A2018-04-13&src=typed&max_position=TWEET-984991372343062529-985002335314305024>
None
2018-04-13 22:52:20 [scrapy] DEBUG: Scraped from <200 https://twitter.com/i/search/timeline?l=&f=tweets&q=%22Sephora%22%20since%3A2018-04-13&src=typed&max_position=TWEET-984991372343062529-985002335314305024>
None
2018-04-13 22:52:20 [scrapy] DEBUG: Scraped from <200 https://twitter.com/i/search/timeline?l=&f=tweets&q=%22Sephora%22%20since%3A2018-04-13&src=typed&max_position=TWEET-984991372343062529-985002335314305024>
None
2018-04-13 22:52:20 [scrapy] DEBUG: Scraped from <200 https://twitter.com/i/search/timeline?l=&f=tweets&q=%22Sephora%22%20since%3A2018-04-13&src=typed&max_position=TWEET-984991372343062529-985002335314305024>
None
2018-04-13 22:52:20 [scrapy] DEBUG: Scraped from <200 https://twitter.com/i/search/timeline?l=&f=tweets&q=%22Sephora%22%20since%3A2018-04-13&src=typed&max_position=TWEET-984991372343062529-985002335314305024>
None
2018-04-13 22:52:20 [scrapy] DEBUG: Scraped from <200 https://twitter.com/i/search/timeline?l=&f=tweets&q=%22Sephora%22%20since%3A2018-04-13&src=typed&max_position=TWEET-984991372343062529-985002335314305024>
None
2018-04-13 22:52:21 [scrapy] DEBUG: Scraped from <200 https://twitter.com/i/search/timeline?l=&f=tweets&q=%22Sephora%22%20since%3A2018-04-13&src=typed&max_position=TWEET-984991372343062529-985002335314305024>
None
2018-04-13 22:52:21 [scrapy] DEBUG: Scraped from <200 https://twitter.com/i/search/timeline?l=&f=tweets&q=%22Sephora%22%20since%3A2018-04-13&src=typed&max_position=TWEET-984991372343062529-985002335314305024>
None
2018-04-13 22:52:21 [scrapy] DEBUG: Scraped from <200 https://twitter.com/i/search/timeline?l=&f=tweets&q=%22Sephora%22%20since%3A2018-04-13&src=typed&max_position=TWEET-984991372343062529-985002335314305024>
None
2018-04-13 22:52:21 [scrapy] DEBUG: Scraped from <200 https://twitter.com/i/search/timeline?l=&f=tweets&q=%22Sephora%22%20since%3A2018-04-13&src=typed&max_position=TWEET-984991372343062529-985002335314305024>
None
2018-04-13 22:52:21 [scrapy] DEBUG: Scraped from <200 https://twitter.com/i/search/timeline?l=&f=tweets&q=%22Sephora%22%20since%3A2018-04-13&src=typed&max_position=TWEET-984991372343062529-985002335314305024>
None
2018-04-13 22:52:21 [scrapy] DEBUG: Scraped from <200 https://twitter.com/i/search/timeline?l=&f=tweets&q=%22Sephora%22%20since%3A2018-04-13&src=typed&max_position=TWEET-984991372343062529-985002335314305024>
None
2018-04-13 22:52:21 [scrapy] DEBUG: Scraped from <200 https://twitter.com/i/search/timeline?l=&f=tweets&q=%22Sephora%22%20since%3A2018-04-13&src=typed&max_position=TWEET-984991372343062529-985002335314305024>
None
2018-04-13 22:52:21 [scrapy] DEBUG: Scraped from <200 https://twitter.com/i/search/timeline?l=&f=tweets&q=%22Sephora%22%20since%3A2018-04-13&src=typed&max_position=TWEET-984991372343062529-985002335314305024>
None
2018-04-13 22:52:22 [scrapy] DEBUG: Crawled (200) <GET https://twitter.com/i/search/timeline?l=&f=tweets&q=%22Sephora%22%20since%3A2018-04-13&src=typed&max_position=TWEET-984989369466544129-985002335314305024> (referer: https://twitter.com/i/search/timeline?l=&f=tweets&q=%22Sephora%22%20since%3A2018-04-13&src=typed&max_position=TWEET-984991372343062529-985002335314305024)
2018-04-13 22:52:22 [scrapy] DEBUG: Scraped from <200 https://twitter.com/i/search/timeline?l=&f=tweets&q=%22Sephora%22%20since%3A2018-04-13&src=typed&max_position=TWEET-984989369466544129-985002335314305024>
None
2018-04-13 22:52:22 [scrapy] DEBUG: Scraped from <200 https://twitter.com/i/search/timeline?l=&f=tweets&q=%22Sephora%22%20since%3A2018-04-13&src=typed&max_position=TWEET-984989369466544129-985002335314305024>
None
2018-04-13 22:52:22 [scrapy] DEBUG: Scraped from <200 https://twitter.com/i/search/timeline?l=&f=tweets&q=%22Sephora%22%20since%3A2018-04-13&src=typed&max_position=TWEET-984989369466544129-985002335314305024>
None
2018-04-13 22:52:22 [scrapy] DEBUG: Scraped from <200 https://twitter.com/i/search/timeline?l=&f=tweets&q=%22Sephora%22%20since%3A2018-04-13&src=typed&max_position=TWEET-984989369466544129-985002335314305024>
None
2018-04-13 22:52:22 [scrapy] DEBUG: Scraped from <200 https://twitter.com/i/search/timeline?l=&f=tweets&q=%22Sephora%22%20since%3A2018-04-13&src=typed&max_position=TWEET-984989369466544129-985002335314305024>
None
2018-04-13 22:52:22 [scrapy] DEBUG: Scraped from <200 https://twitter.com/i/search/timeline?l=&f=tweets&q=%22Sephora%22%20since%3A2018-04-13&src=typed&max_position=TWEET-984989369466544129-985002335314305024>
None
2018-04-13 22:52:23 [scrapy] DEBUG: Scraped from <200 https://twitter.com/i/search/timeline?l=&f=tweets&q=%22Sephora%22%20since%3A2018-04-13&src=typed&max_position=TWEET-984989369466544129-985002335314305024>
None
2018-04-13 22:52:23 [scrapy] DEBUG: Scraped from <200 https://twitter.com/i/search/timeline?l=&f=tweets&q=%22Sephora%22%20since%3A2018-04-13&src=typed&max_position=TWEET-984989369466544129-985002335314305024>
None
2018-04-13 22:52:23 [scrapy] DEBUG: Scraped from <200 https://twitter.com/i/search/timeline?l=&f=tweets&q=%22Sephora%22%20since%3A2018-04-13&src=typed&max_position=TWEET-984989369466544129-985002335314305024>
None
2018-04-13 22:52:23 [scrapy] DEBUG: Scraped from <200 https://twitter.com/i/search/timeline?l=&f=tweets&q=%22Sephora%22%20since%3A2018-04-13&src=typed&max_position=TWEET-984989369466544129-985002335314305024>
None
2018-04-13 22:52:23 [scrapy] DEBUG: Scraped from <200 https://twitter.com/i/search/timeline?l=&f=tweets&q=%22Sephora%22%20since%3A2018-04-13&src=typed&max_position=TWEET-984989369466544129-985002335314305024>
None
2018-04-13 22:52:23 [scrapy] DEBUG: Scraped from <200 https://twitter.com/i/search/timeline?l=&f=tweets&q=%22Sephora%22%20since%3A2018-04-13&src=typed&max_position=TWEET-984989369466544129-985002335314305024>
None
2018-04-13 22:52:23 [scrapy] DEBUG: Scraped from <200 https://twitter.com/i/search/timeline?l=&f=tweets&q=%22Sephora%22%20since%3A2018-04-13&src=typed&max_position=TWEET-984989369466544129-985002335314305024>
None
2018-04-13 22:52:23 [scrapy] DEBUG: Scraped from <200 https://twitter.com/i/search/timeline?l=&f=tweets&q=%22Sephora%22%20since%3A2018-04-13&src=typed&max_position=TWEET-984989369466544129-985002335314305024>
None
2018-04-13 22:52:23 [scrapy] DEBUG: Scraped from <200 https://twitter.com/i/search/timeline?l=&f=tweets&q=%22Sephora%22%20since%3A2018-04-13&src=typed&max_position=TWEET-984989369466544129-985002335314305024>
None
2018-04-13 22:52:23 [scrapy] DEBUG: Scraped from <200 https://twitter.com/i/search/timeline?l=&f=tweets&q=%22Sephora%22%20since%3A2018-04-13&src=typed&max_position=TWEET-984989369466544129-985002335314305024>
None
2018-04-13 22:52:23 [scrapy] DEBUG: Scraped from <200 https://twitter.com/i/search/timeline?l=&f=tweets&q=%22Sephora%22%20since%3A2018-04-13&src=typed&max_position=TWEET-984989369466544129-985002335314305024>
None
2018-04-13 22:52:24 [scrapy] DEBUG: Scraped from <200 https://twitter.com/i/search/timeline?l=&f=tweets&q=%22Sephora%22%20since%3A2018-04-13&src=typed&max_position=TWEET-984989369466544129-985002335314305024>
None
2018-04-13 22:52:24 [scrapy] DEBUG: Scraped from <200 https://twitter.com/i/search/timeline?l=&f=tweets&q=%22Sephora%22%20since%3A2018-04-13&src=typed&max_position=TWEET-984989369466544129-985002335314305024>
None
2018-04-13 22:52:24 [scrapy] DEBUG: Scraped from <200 https://twitter.com/i/search/timeline?l=&f=tweets&q=%22Sephora%22%20since%3A2018-04-13&src=typed&max_position=TWEET-984989369466544129-985002335314305024>
None
2018-04-13 22:52:24 [scrapy] DEBUG: Crawled (200) <GET https://twitter.com/i/search/timeline?l=&f=tweets&q=%22Sephora%22%20since%3A2018-04-13&src=typed&max_position=TWEET-984987205037842432-985002335314305024> (referer: https://twitter.com/i/search/timeline?l=&f=tweets&q=%22Sephora%22%20since%3A2018-04-13&src=typed&max_position=TWEET-984989369466544129-985002335314305024)
2018-04-13 22:52:24 [scrapy] DEBUG: Scraped from <200 https://twitter.com/i/search/timeline?l=&f=tweets&q=%22Sephora%22%20since%3A2018-04-13&src=typed&max_position=TWEET-984987205037842432-985002335314305024>
None
2018-04-13 22:52:24 [scrapy] DEBUG: Scraped from <200 https://twitter.com/i/search/timeline?l=&f=tweets&q=%22Sephora%22%20since%3A2018-04-13&src=typed&max_position=TWEET-984987205037842432-985002335314305024>
None
2018-04-13 22:52:25 [scrapy] DEBUG: Scraped from <200 https://twitter.com/i/search/timeline?l=&f=tweets&q=%22Sephora%22%20since%3A2018-04-13&src=typed&max_position=TWEET-984987205037842432-985002335314305024>
None
2018-04-13 22:52:25 [scrapy] DEBUG: Scraped from <200 https://twitter.com/i/search/timeline?l=&f=tweets&q=%22Sephora%22%20since%3A2018-04-13&src=typed&max_position=TWEET-984987205037842432-985002335314305024>
None
2018-04-13 22:52:25 [scrapy] DEBUG: Scraped from <200 https://twitter.com/i/search/timeline?l=&f=tweets&q=%22Sephora%22%20since%3A2018-04-13&src=typed&max_position=TWEET-984987205037842432-985002335314305024>
None
2018-04-13 22:52:25 [scrapy] DEBUG: Scraped from <200 https://twitter.com/i/search/timeline?l=&f=tweets&q=%22Sephora%22%20since%3A2018-04-13&src=typed&max_position=TWEET-984987205037842432-985002335314305024>
None
2018-04-13 22:52:25 [scrapy] DEBUG: Scraped from <200 https://twitter.com/i/search/timeline?l=&f=tweets&q=%22Sephora%22%20since%3A2018-04-13&src=typed&max_position=TWEET-984987205037842432-985002335314305024>
None
2018-04-13 22:52:25 [scrapy] DEBUG: Scraped from <200 https://twitter.com/i/search/timeline?l=&f=tweets&q=%22Sephora%22%20since%3A2018-04-13&src=typed&max_position=TWEET-984987205037842432-985002335314305024>
None
2018-04-13 22:52:25 [scrapy] DEBUG: Scraped from <200 https://twitter.com/i/search/timeline?l=&f=tweets&q=%22Sephora%22%20since%3A2018-04-13&src=typed&max_position=TWEET-984987205037842432-985002335314305024>
None
2018-04-13 22:52:25 [scrapy] DEBUG: Scraped from <200 https://twitter.com/i/search/timeline?l=&f=tweets&q=%22Sephora%22%20since%3A2018-04-13&src=typed&max_position=TWEET-984987205037842432-985002335314305024>
None
2018-04-13 22:52:25 [scrapy] DEBUG: Scraped from <200 https://twitter.com/i/search/timeline?l=&f=tweets&q=%22Sephora%22%20since%3A2018-04-13&src=typed&max_position=TWEET-984987205037842432-985002335314305024>
None
2018-04-13 22:52:25 [scrapy] DEBUG: Scraped from <200 https://twitter.com/i/search/timeline?l=&f=tweets&q=%22Sephora%22%20since%3A2018-04-13&src=typed&max_position=TWEET-984987205037842432-985002335314305024>
None
2018-04-13 22:52:25 [scrapy] DEBUG: Scraped from <200 https://twitter.com/i/search/timeline?l=&f=tweets&q=%22Sephora%22%20since%3A2018-04-13&src=typed&max_position=TWEET-984987205037842432-985002335314305024>
None
2018-04-13 22:52:26 [scrapy] DEBUG: Scraped from <200 https://twitter.com/i/search/timeline?l=&f=tweets&q=%22Sephora%22%20since%3A2018-04-13&src=typed&max_position=TWEET-984987205037842432-985002335314305024>
None
2018-04-13 22:52:26 [scrapy] DEBUG: Scraped from <200 https://twitter.com/i/search/timeline?l=&f=tweets&q=%22Sephora%22%20since%3A2018-04-13&src=typed&max_position=TWEET-984987205037842432-985002335314305024>
None
2018-04-13 22:52:26 [scrapy] DEBUG: Scraped from <200 https://twitter.com/i/search/timeline?l=&f=tweets&q=%22Sephora%22%20since%3A2018-04-13&src=typed&max_position=TWEET-984987205037842432-985002335314305024>
None
2018-04-13 22:52:26 [scrapy] DEBUG: Scraped from <200 https://twitter.com/i/search/timeline?l=&f=tweets&q=%22Sephora%22%20since%3A2018-04-13&src=typed&max_position=TWEET-984987205037842432-985002335314305024>
None
2018-04-13 22:52:26 [scrapy] DEBUG: Scraped from <200 https://twitter.com/i/search/timeline?l=&f=tweets&q=%22Sephora%22%20since%3A2018-04-13&src=typed&max_position=TWEET-984987205037842432-985002335314305024>
None
2018-04-13 22:52:26 [scrapy] DEBUG: Scraped from <200 https://twitter.com/i/search/timeline?l=&f=tweets&q=%22Sephora%22%20since%3A2018-04-13&src=typed&max_position=TWEET-984987205037842432-985002335314305024>
None
2018-04-13 22:52:26 [scrapy] DEBUG: Scraped from <200 https://twitter.com/i/search/timeline?l=&f=tweets&q=%22Sephora%22%20since%3A2018-04-13&src=typed&max_position=TWEET-984987205037842432-985002335314305024>
None
2018-04-13 22:52:27 [scrapy] DEBUG: Crawled (200) <GET https://twitter.com/i/search/timeline?l=&f=tweets&q=%22Sephora%22%20since%3A2018-04-13&src=typed&max_position=TWEET-984985548384223232-985002335314305024> (referer: https://twitter.com/i/search/timeline?l=&f=tweets&q=%22Sephora%22%20since%3A2018-04-13&src=typed&max_position=TWEET-984987205037842432-985002335314305024)
2018-04-13 22:52:27 [scrapy] DEBUG: Scraped from <200 https://twitter.com/i/search/timeline?l=&f=tweets&q=%22Sephora%22%20since%3A2018-04-13&src=typed&max_position=TWEET-984985548384223232-985002335314305024>
None
2018-04-13 22:52:27 [scrapy] DEBUG: Scraped from <200 https://twitter.com/i/search/timeline?l=&f=tweets&q=%22Sephora%22%20since%3A2018-04-13&src=typed&max_position=TWEET-984985548384223232-985002335314305024>
None
2018-04-13 22:52:27 [scrapy] DEBUG: Scraped from <200 https://twitter.com/i/search/timeline?l=&f=tweets&q=%22Sephora%22%20since%3A2018-04-13&src=typed&max_position=TWEET-984985548384223232-985002335314305024>
None
2018-04-13 22:52:27 [scrapy] DEBUG: Scraped from <200 https://twitter.com/i/search/timeline?l=&f=tweets&q=%22Sephora%22%20since%3A2018-04-13&src=typed&max_position=TWEET-984985548384223232-985002335314305024>
None
2018-04-13 22:52:27 [scrapy] DEBUG: Scraped from <200 https://twitter.com/i/search/timeline?l=&f=tweets&q=%22Sephora%22%20since%3A2018-04-13&src=typed&max_position=TWEET-984985548384223232-985002335314305024>
None
2018-04-13 22:52:27 [scrapy] DEBUG: Scraped from <200 https://twitter.com/i/search/timeline?l=&f=tweets&q=%22Sephora%22%20since%3A2018-04-13&src=typed&max_position=TWEET-984985548384223232-985002335314305024>
None
2018-04-13 22:52:27 [scrapy] DEBUG: Scraped from <200 https://twitter.com/i/search/timeline?l=&f=tweets&q=%22Sephora%22%20since%3A2018-04-13&src=typed&max_position=TWEET-984985548384223232-985002335314305024>
None
2018-04-13 22:52:27 [scrapy] DEBUG: Scraped from <200 https://twitter.com/i/search/timeline?l=&f=tweets&q=%22Sephora%22%20since%3A2018-04-13&src=typed&max_position=TWEET-984985548384223232-985002335314305024>
None
2018-04-13 22:52:28 [scrapy] DEBUG: Scraped from <200 https://twitter.com/i/search/timeline?l=&f=tweets&q=%22Sephora%22%20since%3A2018-04-13&src=typed&max_position=TWEET-984985548384223232-985002335314305024>
None
2018-04-13 22:52:28 [scrapy] DEBUG: Scraped from <200 https://twitter.com/i/search/timeline?l=&f=tweets&q=%22Sephora%22%20since%3A2018-04-13&src=typed&max_position=TWEET-984985548384223232-985002335314305024>
None
2018-04-13 22:52:28 [scrapy] DEBUG: Scraped from <200 https://twitter.com/i/search/timeline?l=&f=tweets&q=%22Sephora%22%20since%3A2018-04-13&src=typed&max_position=TWEET-984985548384223232-985002335314305024>
None
2018-04-13 22:52:28 [scrapy] DEBUG: Scraped from <200 https://twitter.com/i/search/timeline?l=&f=tweets&q=%22Sephora%22%20since%3A2018-04-13&src=typed&max_position=TWEET-984985548384223232-985002335314305024>
None
2018-04-13 22:52:28 [scrapy] DEBUG: Scraped from <200 https://twitter.com/i/search/timeline?l=&f=tweets&q=%22Sephora%22%20since%3A2018-04-13&src=typed&max_position=TWEET-984985548384223232-985002335314305024>
None
2018-04-13 22:52:28 [scrapy] DEBUG: Scraped from <200 https://twitter.com/i/search/timeline?l=&f=tweets&q=%22Sephora%22%20since%3A2018-04-13&src=typed&max_position=TWEET-984985548384223232-985002335314305024>
None
2018-04-13 22:52:28 [scrapy] DEBUG: Scraped from <200 https://twitter.com/i/search/timeline?l=&f=tweets&q=%22Sephora%22%20since%3A2018-04-13&src=typed&max_position=TWEET-984985548384223232-985002335314305024>
None
2018-04-13 22:52:28 [scrapy] DEBUG: Scraped from <200 https://twitter.com/i/search/timeline?l=&f=tweets&q=%22Sephora%22%20since%3A2018-04-13&src=typed&max_position=TWEET-984985548384223232-985002335314305024>
None
2018-04-13 22:52:28 [scrapy] DEBUG: Scraped from <200 https://twitter.com/i/search/timeline?l=&f=tweets&q=%22Sephora%22%20since%3A2018-04-13&src=typed&max_position=TWEET-984985548384223232-985002335314305024>
None
2018-04-13 22:52:28 [scrapy] DEBUG: Scraped from <200 https://twitter.com/i/search/timeline?l=&f=tweets&q=%22Sephora%22%20since%3A2018-04-13&src=typed&max_position=TWEET-984985548384223232-985002335314305024>
None
2018-04-13 22:52:28 [scrapy] DEBUG: Scraped from <200 https://twitter.com/i/search/timeline?l=&f=tweets&q=%22Sephora%22%20since%3A2018-04-13&src=typed&max_position=TWEET-984985548384223232-985002335314305024>
None
2018-04-13 22:52:28 [scrapy] DEBUG: Scraped from <200 https://twitter.com/i/search/timeline?l=&f=tweets&q=%22Sephora%22%20since%3A2018-04-13&src=typed&max_position=TWEET-984985548384223232-985002335314305024>
None
2018-04-13 22:52:28 [scrapy] INFO: Closing spider (stop generating requests, only 10 requests allowed)
2018-04-13 22:52:28 [scrapy] INFO: Dumping Scrapy stats:
{'downloader/request_bytes': 8479,
 'downloader/request_count': 10,
 'downloader/request_method_count/GET': 10,
 'downloader/response_bytes': 174128,
 'downloader/response_count': 10,
 'downloader/response_status_count/200': 10,
 'finish_reason': 'stop generating requests, only 10 requests allowed',
 'finish_time': datetime.datetime(2018, 4, 14, 3, 52, 28, 984955),
 'item_scraped_count': 195,
 'log_count/DEBUG': 400,
 'log_count/ERROR': 195,
 'log_count/INFO': 6,
 'memusage/max': 52002816,
 'memusage/startup': 52002816,
 'request_depth_max': 10,
 'response_received_count': 10,
 'scheduler/dequeued': 10,
 'scheduler/dequeued/memory': 10,
 'scheduler/enqueued': 11,
 'scheduler/enqueued/memory': 11,
 'start_time': datetime.datetime(2018, 4, 14, 3, 52, 3, 960842)}
2018-04-13 22:52:28 [scrapy] INFO: Spider closed (stop generating requests, only 10 requests allowed)
