2018-04-14 14:51:52 [scrapy] DEBUG: Crawled (200) <GET https://twitter.com/i/search/timeline?l=en&f=tweets&q=MILK%20MAKEUP%20Eye%20Pigment&src=typed&max_position=> (referer: None)
2018-04-14 14:51:53 [scrapy] DEBUG: Scraped from <200 https://twitter.com/i/search/timeline?l=en&f=tweets&q=MILK%20MAKEUP%20Eye%20Pigment&src=typed&max_position=>
None
2018-04-14 14:51:53 [scrapy] DEBUG: Scraped from <200 https://twitter.com/i/search/timeline?l=en&f=tweets&q=MILK%20MAKEUP%20Eye%20Pigment&src=typed&max_position=>
None
2018-04-14 14:51:53 [scrapy] DEBUG: Scraped from <200 https://twitter.com/i/search/timeline?l=en&f=tweets&q=MILK%20MAKEUP%20Eye%20Pigment&src=typed&max_position=>
None
2018-04-14 14:51:53 [scrapy] DEBUG: Scraped from <200 https://twitter.com/i/search/timeline?l=en&f=tweets&q=MILK%20MAKEUP%20Eye%20Pigment&src=typed&max_position=>
None
2018-04-14 14:51:53 [scrapy] DEBUG: Scraped from <200 https://twitter.com/i/search/timeline?l=en&f=tweets&q=MILK%20MAKEUP%20Eye%20Pigment&src=typed&max_position=>
None
2018-04-14 14:51:53 [scrapy] DEBUG: Scraped from <200 https://twitter.com/i/search/timeline?l=en&f=tweets&q=MILK%20MAKEUP%20Eye%20Pigment&src=typed&max_position=>
None
2018-04-14 14:51:53 [scrapy] DEBUG: Scraped from <200 https://twitter.com/i/search/timeline?l=en&f=tweets&q=MILK%20MAKEUP%20Eye%20Pigment&src=typed&max_position=>
None
2018-04-14 14:51:53 [scrapy] DEBUG: Scraped from <200 https://twitter.com/i/search/timeline?l=en&f=tweets&q=MILK%20MAKEUP%20Eye%20Pigment&src=typed&max_position=>
None
2018-04-14 14:51:53 [scrapy] DEBUG: Scraped from <200 https://twitter.com/i/search/timeline?l=en&f=tweets&q=MILK%20MAKEUP%20Eye%20Pigment&src=typed&max_position=>
None
2018-04-14 14:51:53 [scrapy] DEBUG: Scraped from <200 https://twitter.com/i/search/timeline?l=en&f=tweets&q=MILK%20MAKEUP%20Eye%20Pigment&src=typed&max_position=>
None
2018-04-14 14:51:54 [scrapy] DEBUG: Crawled (200) <GET https://twitter.com/i/search/timeline?l=en&f=tweets&q=MILK%20MAKEUP%20Eye%20Pigment&src=typed&max_position=TWEET-962175108772118528-981737443291525121> (referer: https://twitter.com/i/search/timeline?l=en&f=tweets&q=MILK%20MAKEUP%20Eye%20Pigment&src=typed&max_position=)
2018-04-14 14:51:54 [scrapy] DEBUG: Scraped from <200 https://twitter.com/i/search/timeline?l=en&f=tweets&q=MILK%20MAKEUP%20Eye%20Pigment&src=typed&max_position=TWEET-962175108772118528-981737443291525121>
None
2018-04-14 14:51:54 [scrapy] DEBUG: Scraped from <200 https://twitter.com/i/search/timeline?l=en&f=tweets&q=MILK%20MAKEUP%20Eye%20Pigment&src=typed&max_position=TWEET-962175108772118528-981737443291525121>
None
2018-04-14 14:51:54 [scrapy] DEBUG: Scraped from <200 https://twitter.com/i/search/timeline?l=en&f=tweets&q=MILK%20MAKEUP%20Eye%20Pigment&src=typed&max_position=TWEET-962175108772118528-981737443291525121>
None
2018-04-14 14:51:54 [scrapy] DEBUG: Scraped from <200 https://twitter.com/i/search/timeline?l=en&f=tweets&q=MILK%20MAKEUP%20Eye%20Pigment&src=typed&max_position=TWEET-962175108772118528-981737443291525121>
None
2018-04-14 14:51:54 [scrapy] DEBUG: Scraped from <200 https://twitter.com/i/search/timeline?l=en&f=tweets&q=MILK%20MAKEUP%20Eye%20Pigment&src=typed&max_position=TWEET-962175108772118528-981737443291525121>
None
2018-04-14 14:51:54 [scrapy] DEBUG: Scraped from <200 https://twitter.com/i/search/timeline?l=en&f=tweets&q=MILK%20MAKEUP%20Eye%20Pigment&src=typed&max_position=TWEET-962175108772118528-981737443291525121>
None
2018-04-14 14:51:54 [scrapy] DEBUG: Scraped from <200 https://twitter.com/i/search/timeline?l=en&f=tweets&q=MILK%20MAKEUP%20Eye%20Pigment&src=typed&max_position=TWEET-962175108772118528-981737443291525121>
None
2018-04-14 14:51:54 [scrapy] DEBUG: Scraped from <200 https://twitter.com/i/search/timeline?l=en&f=tweets&q=MILK%20MAKEUP%20Eye%20Pigment&src=typed&max_position=TWEET-962175108772118528-981737443291525121>
None
2018-04-14 14:51:54 [scrapy] DEBUG: Scraped from <200 https://twitter.com/i/search/timeline?l=en&f=tweets&q=MILK%20MAKEUP%20Eye%20Pigment&src=typed&max_position=TWEET-962175108772118528-981737443291525121>
None
2018-04-14 14:51:55 [scrapy] DEBUG: Crawled (200) <GET https://twitter.com/i/search/timeline?l=en&f=tweets&q=MILK%20MAKEUP%20Eye%20Pigment&src=typed&max_position=TWEET-944202432669802496-981737443291525121> (referer: https://twitter.com/i/search/timeline?l=en&f=tweets&q=MILK%20MAKEUP%20Eye%20Pigment&src=typed&max_position=TWEET-962175108772118528-981737443291525121)
2018-04-14 14:51:55 [scrapy] DEBUG: Scraped from <200 https://twitter.com/i/search/timeline?l=en&f=tweets&q=MILK%20MAKEUP%20Eye%20Pigment&src=typed&max_position=TWEET-944202432669802496-981737443291525121>
None
2018-04-14 14:51:55 [scrapy] DEBUG: Scraped from <200 https://twitter.com/i/search/timeline?l=en&f=tweets&q=MILK%20MAKEUP%20Eye%20Pigment&src=typed&max_position=TWEET-944202432669802496-981737443291525121>
None
2018-04-14 14:51:55 [scrapy] DEBUG: Scraped from <200 https://twitter.com/i/search/timeline?l=en&f=tweets&q=MILK%20MAKEUP%20Eye%20Pigment&src=typed&max_position=TWEET-944202432669802496-981737443291525121>
None
2018-04-14 14:51:55 [scrapy] DEBUG: Scraped from <200 https://twitter.com/i/search/timeline?l=en&f=tweets&q=MILK%20MAKEUP%20Eye%20Pigment&src=typed&max_position=TWEET-944202432669802496-981737443291525121>
None
2018-04-14 14:51:55 [scrapy] DEBUG: Scraped from <200 https://twitter.com/i/search/timeline?l=en&f=tweets&q=MILK%20MAKEUP%20Eye%20Pigment&src=typed&max_position=TWEET-944202432669802496-981737443291525121>
None
2018-04-14 14:51:55 [scrapy] DEBUG: Scraped from <200 https://twitter.com/i/search/timeline?l=en&f=tweets&q=MILK%20MAKEUP%20Eye%20Pigment&src=typed&max_position=TWEET-944202432669802496-981737443291525121>
None
2018-04-14 14:51:55 [scrapy] DEBUG: Scraped from <200 https://twitter.com/i/search/timeline?l=en&f=tweets&q=MILK%20MAKEUP%20Eye%20Pigment&src=typed&max_position=TWEET-944202432669802496-981737443291525121>
None
2018-04-14 14:51:55 [scrapy] DEBUG: Scraped from <200 https://twitter.com/i/search/timeline?l=en&f=tweets&q=MILK%20MAKEUP%20Eye%20Pigment&src=typed&max_position=TWEET-944202432669802496-981737443291525121>
None
2018-04-14 14:51:55 [scrapy] DEBUG: Scraped from <200 https://twitter.com/i/search/timeline?l=en&f=tweets&q=MILK%20MAKEUP%20Eye%20Pigment&src=typed&max_position=TWEET-944202432669802496-981737443291525121>
None
2018-04-14 14:51:56 [scrapy] DEBUG: Crawled (200) <GET https://twitter.com/i/search/timeline?l=en&f=tweets&q=MILK%20MAKEUP%20Eye%20Pigment&src=typed&max_position=TWEET-923370724902846464-981737443291525121> (referer: https://twitter.com/i/search/timeline?l=en&f=tweets&q=MILK%20MAKEUP%20Eye%20Pigment&src=typed&max_position=TWEET-944202432669802496-981737443291525121)
2018-04-14 14:51:56 [scrapy] DEBUG: Scraped from <200 https://twitter.com/i/search/timeline?l=en&f=tweets&q=MILK%20MAKEUP%20Eye%20Pigment&src=typed&max_position=TWEET-923370724902846464-981737443291525121>
None
2018-04-14 14:51:56 [scrapy] DEBUG: Scraped from <200 https://twitter.com/i/search/timeline?l=en&f=tweets&q=MILK%20MAKEUP%20Eye%20Pigment&src=typed&max_position=TWEET-923370724902846464-981737443291525121>
None
2018-04-14 14:51:56 [scrapy] DEBUG: Scraped from <200 https://twitter.com/i/search/timeline?l=en&f=tweets&q=MILK%20MAKEUP%20Eye%20Pigment&src=typed&max_position=TWEET-923370724902846464-981737443291525121>
None
2018-04-14 14:51:56 [scrapy] DEBUG: Scraped from <200 https://twitter.com/i/search/timeline?l=en&f=tweets&q=MILK%20MAKEUP%20Eye%20Pigment&src=typed&max_position=TWEET-923370724902846464-981737443291525121>
None
2018-04-14 14:51:56 [scrapy] DEBUG: Scraped from <200 https://twitter.com/i/search/timeline?l=en&f=tweets&q=MILK%20MAKEUP%20Eye%20Pigment&src=typed&max_position=TWEET-923370724902846464-981737443291525121>
None
2018-04-14 14:51:56 [scrapy] DEBUG: Scraped from <200 https://twitter.com/i/search/timeline?l=en&f=tweets&q=MILK%20MAKEUP%20Eye%20Pigment&src=typed&max_position=TWEET-923370724902846464-981737443291525121>
None
2018-04-14 14:51:56 [scrapy] DEBUG: Scraped from <200 https://twitter.com/i/search/timeline?l=en&f=tweets&q=MILK%20MAKEUP%20Eye%20Pigment&src=typed&max_position=TWEET-923370724902846464-981737443291525121>
None
2018-04-14 14:51:56 [scrapy] DEBUG: Scraped from <200 https://twitter.com/i/search/timeline?l=en&f=tweets&q=MILK%20MAKEUP%20Eye%20Pigment&src=typed&max_position=TWEET-923370724902846464-981737443291525121>
None
2018-04-14 14:51:56 [scrapy] DEBUG: Scraped from <200 https://twitter.com/i/search/timeline?l=en&f=tweets&q=MILK%20MAKEUP%20Eye%20Pigment&src=typed&max_position=TWEET-923370724902846464-981737443291525121>
None
2018-04-14 14:51:56 [scrapy] DEBUG: Scraped from <200 https://twitter.com/i/search/timeline?l=en&f=tweets&q=MILK%20MAKEUP%20Eye%20Pigment&src=typed&max_position=TWEET-923370724902846464-981737443291525121>
None
2018-04-14 14:51:56 [scrapy] DEBUG: Scraped from <200 https://twitter.com/i/search/timeline?l=en&f=tweets&q=MILK%20MAKEUP%20Eye%20Pigment&src=typed&max_position=TWEET-923370724902846464-981737443291525121>
None
2018-04-14 14:51:56 [scrapy] DEBUG: Scraped from <200 https://twitter.com/i/search/timeline?l=en&f=tweets&q=MILK%20MAKEUP%20Eye%20Pigment&src=typed&max_position=TWEET-923370724902846464-981737443291525121>
None
2018-04-14 14:51:57 [scrapy] DEBUG: Crawled (200) <GET https://twitter.com/i/search/timeline?l=en&f=tweets&q=MILK%20MAKEUP%20Eye%20Pigment&src=typed&max_position=TWEET-913434671756713985-981737443291525121> (referer: https://twitter.com/i/search/timeline?l=en&f=tweets&q=MILK%20MAKEUP%20Eye%20Pigment&src=typed&max_position=TWEET-923370724902846464-981737443291525121)
2018-04-14 14:51:57 [scrapy] DEBUG: Scraped from <200 https://twitter.com/i/search/timeline?l=en&f=tweets&q=MILK%20MAKEUP%20Eye%20Pigment&src=typed&max_position=TWEET-913434671756713985-981737443291525121>
None
2018-04-14 14:51:57 [scrapy] DEBUG: Scraped from <200 https://twitter.com/i/search/timeline?l=en&f=tweets&q=MILK%20MAKEUP%20Eye%20Pigment&src=typed&max_position=TWEET-913434671756713985-981737443291525121>
None
2018-04-14 14:51:57 [scrapy] DEBUG: Scraped from <200 https://twitter.com/i/search/timeline?l=en&f=tweets&q=MILK%20MAKEUP%20Eye%20Pigment&src=typed&max_position=TWEET-913434671756713985-981737443291525121>
None
2018-04-14 14:51:57 [scrapy] DEBUG: Scraped from <200 https://twitter.com/i/search/timeline?l=en&f=tweets&q=MILK%20MAKEUP%20Eye%20Pigment&src=typed&max_position=TWEET-913434671756713985-981737443291525121>
None
2018-04-14 14:51:57 [scrapy] DEBUG: Scraped from <200 https://twitter.com/i/search/timeline?l=en&f=tweets&q=MILK%20MAKEUP%20Eye%20Pigment&src=typed&max_position=TWEET-913434671756713985-981737443291525121>
None
2018-04-14 14:51:57 [scrapy] DEBUG: Scraped from <200 https://twitter.com/i/search/timeline?l=en&f=tweets&q=MILK%20MAKEUP%20Eye%20Pigment&src=typed&max_position=TWEET-913434671756713985-981737443291525121>
None
2018-04-14 14:51:57 [scrapy] DEBUG: Scraped from <200 https://twitter.com/i/search/timeline?l=en&f=tweets&q=MILK%20MAKEUP%20Eye%20Pigment&src=typed&max_position=TWEET-913434671756713985-981737443291525121>
None
2018-04-14 14:51:58 [scrapy] DEBUG: Crawled (200) <GET https://twitter.com/i/search/timeline?l=en&f=tweets&q=MILK%20MAKEUP%20Eye%20Pigment&src=typed&max_position=TWEET-898266689229475840-981737443291525121> (referer: https://twitter.com/i/search/timeline?l=en&f=tweets&q=MILK%20MAKEUP%20Eye%20Pigment&src=typed&max_position=TWEET-913434671756713985-981737443291525121)
2018-04-14 14:51:58 [scrapy] DEBUG: Scraped from <200 https://twitter.com/i/search/timeline?l=en&f=tweets&q=MILK%20MAKEUP%20Eye%20Pigment&src=typed&max_position=TWEET-898266689229475840-981737443291525121>
None
2018-04-14 14:51:58 [scrapy] DEBUG: Scraped from <200 https://twitter.com/i/search/timeline?l=en&f=tweets&q=MILK%20MAKEUP%20Eye%20Pigment&src=typed&max_position=TWEET-898266689229475840-981737443291525121>
None
2018-04-14 14:51:58 [scrapy] DEBUG: Scraped from <200 https://twitter.com/i/search/timeline?l=en&f=tweets&q=MILK%20MAKEUP%20Eye%20Pigment&src=typed&max_position=TWEET-898266689229475840-981737443291525121>
None
2018-04-14 14:51:58 [scrapy] DEBUG: Scraped from <200 https://twitter.com/i/search/timeline?l=en&f=tweets&q=MILK%20MAKEUP%20Eye%20Pigment&src=typed&max_position=TWEET-898266689229475840-981737443291525121>
None
2018-04-14 14:51:58 [scrapy] DEBUG: Scraped from <200 https://twitter.com/i/search/timeline?l=en&f=tweets&q=MILK%20MAKEUP%20Eye%20Pigment&src=typed&max_position=TWEET-898266689229475840-981737443291525121>
None
2018-04-14 14:51:58 [scrapy] DEBUG: Scraped from <200 https://twitter.com/i/search/timeline?l=en&f=tweets&q=MILK%20MAKEUP%20Eye%20Pigment&src=typed&max_position=TWEET-898266689229475840-981737443291525121>
None
2018-04-14 14:51:58 [scrapy] DEBUG: Scraped from <200 https://twitter.com/i/search/timeline?l=en&f=tweets&q=MILK%20MAKEUP%20Eye%20Pigment&src=typed&max_position=TWEET-898266689229475840-981737443291525121>
None
2018-04-14 14:51:58 [scrapy] DEBUG: Scraped from <200 https://twitter.com/i/search/timeline?l=en&f=tweets&q=MILK%20MAKEUP%20Eye%20Pigment&src=typed&max_position=TWEET-898266689229475840-981737443291525121>
None
2018-04-14 14:51:58 [scrapy] DEBUG: Scraped from <200 https://twitter.com/i/search/timeline?l=en&f=tweets&q=MILK%20MAKEUP%20Eye%20Pigment&src=typed&max_position=TWEET-898266689229475840-981737443291525121>
None
2018-04-14 14:51:59 [scrapy] DEBUG: Scraped from <200 https://twitter.com/i/search/timeline?l=en&f=tweets&q=MILK%20MAKEUP%20Eye%20Pigment&src=typed&max_position=TWEET-898266689229475840-981737443291525121>
None
2018-04-14 14:51:59 [scrapy] DEBUG: Scraped from <200 https://twitter.com/i/search/timeline?l=en&f=tweets&q=MILK%20MAKEUP%20Eye%20Pigment&src=typed&max_position=TWEET-898266689229475840-981737443291525121>
None
2018-04-14 14:51:59 [scrapy] DEBUG: Scraped from <200 https://twitter.com/i/search/timeline?l=en&f=tweets&q=MILK%20MAKEUP%20Eye%20Pigment&src=typed&max_position=TWEET-898266689229475840-981737443291525121>
None
2018-04-14 14:51:59 [scrapy] DEBUG: Crawled (200) <GET https://twitter.com/i/search/timeline?l=en&f=tweets&q=MILK%20MAKEUP%20Eye%20Pigment&src=typed&max_position=TWEET-889087883297947648-981737443291525121> (referer: https://twitter.com/i/search/timeline?l=en&f=tweets&q=MILK%20MAKEUP%20Eye%20Pigment&src=typed&max_position=TWEET-898266689229475840-981737443291525121)
2018-04-14 14:51:59 [scrapy] DEBUG: Scraped from <200 https://twitter.com/i/search/timeline?l=en&f=tweets&q=MILK%20MAKEUP%20Eye%20Pigment&src=typed&max_position=TWEET-889087883297947648-981737443291525121>
None
2018-04-14 14:51:59 [scrapy] DEBUG: Scraped from <200 https://twitter.com/i/search/timeline?l=en&f=tweets&q=MILK%20MAKEUP%20Eye%20Pigment&src=typed&max_position=TWEET-889087883297947648-981737443291525121>
None
2018-04-14 14:52:00 [scrapy] DEBUG: Scraped from <200 https://twitter.com/i/search/timeline?l=en&f=tweets&q=MILK%20MAKEUP%20Eye%20Pigment&src=typed&max_position=TWEET-889087883297947648-981737443291525121>
None
2018-04-14 14:52:00 [scrapy] DEBUG: Scraped from <200 https://twitter.com/i/search/timeline?l=en&f=tweets&q=MILK%20MAKEUP%20Eye%20Pigment&src=typed&max_position=TWEET-889087883297947648-981737443291525121>
None
2018-04-14 14:52:00 [scrapy] DEBUG: Scraped from <200 https://twitter.com/i/search/timeline?l=en&f=tweets&q=MILK%20MAKEUP%20Eye%20Pigment&src=typed&max_position=TWEET-889087883297947648-981737443291525121>
None
2018-04-14 14:52:00 [scrapy] DEBUG: Scraped from <200 https://twitter.com/i/search/timeline?l=en&f=tweets&q=MILK%20MAKEUP%20Eye%20Pigment&src=typed&max_position=TWEET-889087883297947648-981737443291525121>
None
2018-04-14 14:52:00 [scrapy] DEBUG: Scraped from <200 https://twitter.com/i/search/timeline?l=en&f=tweets&q=MILK%20MAKEUP%20Eye%20Pigment&src=typed&max_position=TWEET-889087883297947648-981737443291525121>
None
2018-04-14 14:52:00 [scrapy] DEBUG: Scraped from <200 https://twitter.com/i/search/timeline?l=en&f=tweets&q=MILK%20MAKEUP%20Eye%20Pigment&src=typed&max_position=TWEET-889087883297947648-981737443291525121>
None
2018-04-14 14:52:00 [scrapy] DEBUG: Scraped from <200 https://twitter.com/i/search/timeline?l=en&f=tweets&q=MILK%20MAKEUP%20Eye%20Pigment&src=typed&max_position=TWEET-889087883297947648-981737443291525121>
None
2018-04-14 14:52:00 [scrapy] DEBUG: Scraped from <200 https://twitter.com/i/search/timeline?l=en&f=tweets&q=MILK%20MAKEUP%20Eye%20Pigment&src=typed&max_position=TWEET-889087883297947648-981737443291525121>
None
2018-04-14 14:52:00 [scrapy] DEBUG: Crawled (200) <GET https://twitter.com/i/search/timeline?l=en&f=tweets&q=MILK%20MAKEUP%20Eye%20Pigment&src=typed&max_position=TWEET-885648323276820480-981737443291525121> (referer: https://twitter.com/i/search/timeline?l=en&f=tweets&q=MILK%20MAKEUP%20Eye%20Pigment&src=typed&max_position=TWEET-889087883297947648-981737443291525121)
2018-04-14 14:52:01 [scrapy] DEBUG: Scraped from <200 https://twitter.com/i/search/timeline?l=en&f=tweets&q=MILK%20MAKEUP%20Eye%20Pigment&src=typed&max_position=TWEET-885648323276820480-981737443291525121>
None
2018-04-14 14:52:01 [scrapy] DEBUG: Scraped from <200 https://twitter.com/i/search/timeline?l=en&f=tweets&q=MILK%20MAKEUP%20Eye%20Pigment&src=typed&max_position=TWEET-885648323276820480-981737443291525121>
None
2018-04-14 14:52:01 [scrapy] DEBUG: Scraped from <200 https://twitter.com/i/search/timeline?l=en&f=tweets&q=MILK%20MAKEUP%20Eye%20Pigment&src=typed&max_position=TWEET-885648323276820480-981737443291525121>
None
2018-04-14 14:52:01 [scrapy] DEBUG: Scraped from <200 https://twitter.com/i/search/timeline?l=en&f=tweets&q=MILK%20MAKEUP%20Eye%20Pigment&src=typed&max_position=TWEET-885648323276820480-981737443291525121>
None
2018-04-14 14:52:01 [scrapy] DEBUG: Scraped from <200 https://twitter.com/i/search/timeline?l=en&f=tweets&q=MILK%20MAKEUP%20Eye%20Pigment&src=typed&max_position=TWEET-885648323276820480-981737443291525121>
None
2018-04-14 14:52:01 [scrapy] DEBUG: Scraped from <200 https://twitter.com/i/search/timeline?l=en&f=tweets&q=MILK%20MAKEUP%20Eye%20Pigment&src=typed&max_position=TWEET-885648323276820480-981737443291525121>
None
2018-04-14 14:52:01 [scrapy] DEBUG: Scraped from <200 https://twitter.com/i/search/timeline?l=en&f=tweets&q=MILK%20MAKEUP%20Eye%20Pigment&src=typed&max_position=TWEET-885648323276820480-981737443291525121>
None
2018-04-14 14:52:01 [scrapy] DEBUG: Scraped from <200 https://twitter.com/i/search/timeline?l=en&f=tweets&q=MILK%20MAKEUP%20Eye%20Pigment&src=typed&max_position=TWEET-885648323276820480-981737443291525121>
None
2018-04-14 14:52:01 [scrapy] DEBUG: Scraped from <200 https://twitter.com/i/search/timeline?l=en&f=tweets&q=MILK%20MAKEUP%20Eye%20Pigment&src=typed&max_position=TWEET-885648323276820480-981737443291525121>
None
2018-04-14 14:52:01 [scrapy] DEBUG: Scraped from <200 https://twitter.com/i/search/timeline?l=en&f=tweets&q=MILK%20MAKEUP%20Eye%20Pigment&src=typed&max_position=TWEET-885648323276820480-981737443291525121>
None
2018-04-14 14:52:01 [scrapy] DEBUG: Scraped from <200 https://twitter.com/i/search/timeline?l=en&f=tweets&q=MILK%20MAKEUP%20Eye%20Pigment&src=typed&max_position=TWEET-885648323276820480-981737443291525121>
None
2018-04-14 14:52:01 [scrapy] DEBUG: Scraped from <200 https://twitter.com/i/search/timeline?l=en&f=tweets&q=MILK%20MAKEUP%20Eye%20Pigment&src=typed&max_position=TWEET-885648323276820480-981737443291525121>
None
2018-04-14 14:52:01 [scrapy] DEBUG: Scraped from <200 https://twitter.com/i/search/timeline?l=en&f=tweets&q=MILK%20MAKEUP%20Eye%20Pigment&src=typed&max_position=TWEET-885648323276820480-981737443291525121>
None
2018-04-14 14:52:01 [scrapy] DEBUG: Scraped from <200 https://twitter.com/i/search/timeline?l=en&f=tweets&q=MILK%20MAKEUP%20Eye%20Pigment&src=typed&max_position=TWEET-885648323276820480-981737443291525121>
None
2018-04-14 14:52:01 [scrapy] DEBUG: Scraped from <200 https://twitter.com/i/search/timeline?l=en&f=tweets&q=MILK%20MAKEUP%20Eye%20Pigment&src=typed&max_position=TWEET-885648323276820480-981737443291525121>
None
2018-04-14 14:52:01 [scrapy] DEBUG: Scraped from <200 https://twitter.com/i/search/timeline?l=en&f=tweets&q=MILK%20MAKEUP%20Eye%20Pigment&src=typed&max_position=TWEET-885648323276820480-981737443291525121>
None
2018-04-14 14:52:01 [scrapy] DEBUG: Scraped from <200 https://twitter.com/i/search/timeline?l=en&f=tweets&q=MILK%20MAKEUP%20Eye%20Pigment&src=typed&max_position=TWEET-885648323276820480-981737443291525121>
None
2018-04-14 14:52:01 [scrapy] DEBUG: Scraped from <200 https://twitter.com/i/search/timeline?l=en&f=tweets&q=MILK%20MAKEUP%20Eye%20Pigment&src=typed&max_position=TWEET-885648323276820480-981737443291525121>
None
2018-04-14 14:52:02 [scrapy] DEBUG: Scraped from <200 https://twitter.com/i/search/timeline?l=en&f=tweets&q=MILK%20MAKEUP%20Eye%20Pigment&src=typed&max_position=TWEET-885648323276820480-981737443291525121>
None
2018-04-14 14:52:02 [scrapy] DEBUG: Crawled (200) <GET https://twitter.com/i/search/timeline?l=en&f=tweets&q=MILK%20MAKEUP%20Eye%20Pigment&src=typed&max_position=TWEET-878709572948692992-981737443291525121> (referer: https://twitter.com/i/search/timeline?l=en&f=tweets&q=MILK%20MAKEUP%20Eye%20Pigment&src=typed&max_position=TWEET-885648323276820480-981737443291525121)
2018-04-14 14:52:02 [scrapy] DEBUG: Scraped from <200 https://twitter.com/i/search/timeline?l=en&f=tweets&q=MILK%20MAKEUP%20Eye%20Pigment&src=typed&max_position=TWEET-878709572948692992-981737443291525121>
None
2018-04-14 14:52:02 [scrapy] DEBUG: Scraped from <200 https://twitter.com/i/search/timeline?l=en&f=tweets&q=MILK%20MAKEUP%20Eye%20Pigment&src=typed&max_position=TWEET-878709572948692992-981737443291525121>
None
2018-04-14 14:52:03 [scrapy] DEBUG: Scraped from <200 https://twitter.com/i/search/timeline?l=en&f=tweets&q=MILK%20MAKEUP%20Eye%20Pigment&src=typed&max_position=TWEET-878709572948692992-981737443291525121>
None
2018-04-14 14:52:03 [scrapy] DEBUG: Scraped from <200 https://twitter.com/i/search/timeline?l=en&f=tweets&q=MILK%20MAKEUP%20Eye%20Pigment&src=typed&max_position=TWEET-878709572948692992-981737443291525121>
None
2018-04-14 14:52:03 [scrapy] DEBUG: Scraped from <200 https://twitter.com/i/search/timeline?l=en&f=tweets&q=MILK%20MAKEUP%20Eye%20Pigment&src=typed&max_position=TWEET-878709572948692992-981737443291525121>
None
2018-04-14 14:52:03 [scrapy] DEBUG: Scraped from <200 https://twitter.com/i/search/timeline?l=en&f=tweets&q=MILK%20MAKEUP%20Eye%20Pigment&src=typed&max_position=TWEET-878709572948692992-981737443291525121>
None
2018-04-14 14:52:03 [scrapy] DEBUG: Scraped from <200 https://twitter.com/i/search/timeline?l=en&f=tweets&q=MILK%20MAKEUP%20Eye%20Pigment&src=typed&max_position=TWEET-878709572948692992-981737443291525121>
None
2018-04-14 14:52:03 [scrapy] DEBUG: Scraped from <200 https://twitter.com/i/search/timeline?l=en&f=tweets&q=MILK%20MAKEUP%20Eye%20Pigment&src=typed&max_position=TWEET-878709572948692992-981737443291525121>
None
2018-04-14 14:52:03 [scrapy] DEBUG: Scraped from <200 https://twitter.com/i/search/timeline?l=en&f=tweets&q=MILK%20MAKEUP%20Eye%20Pigment&src=typed&max_position=TWEET-878709572948692992-981737443291525121>
None
2018-04-14 14:52:03 [scrapy] DEBUG: Scraped from <200 https://twitter.com/i/search/timeline?l=en&f=tweets&q=MILK%20MAKEUP%20Eye%20Pigment&src=typed&max_position=TWEET-878709572948692992-981737443291525121>
None
2018-04-14 14:52:03 [scrapy] DEBUG: Scraped from <200 https://twitter.com/i/search/timeline?l=en&f=tweets&q=MILK%20MAKEUP%20Eye%20Pigment&src=typed&max_position=TWEET-878709572948692992-981737443291525121>
None
2018-04-14 14:52:03 [scrapy] DEBUG: Scraped from <200 https://twitter.com/i/search/timeline?l=en&f=tweets&q=MILK%20MAKEUP%20Eye%20Pigment&src=typed&max_position=TWEET-878709572948692992-981737443291525121>
None
2018-04-14 14:52:03 [scrapy] DEBUG: Scraped from <200 https://twitter.com/i/search/timeline?l=en&f=tweets&q=MILK%20MAKEUP%20Eye%20Pigment&src=typed&max_position=TWEET-878709572948692992-981737443291525121>
None
2018-04-14 14:52:03 [scrapy] DEBUG: Scraped from <200 https://twitter.com/i/search/timeline?l=en&f=tweets&q=MILK%20MAKEUP%20Eye%20Pigment&src=typed&max_position=TWEET-878709572948692992-981737443291525121>
None
2018-04-14 14:52:03 [scrapy] DEBUG: Scraped from <200 https://twitter.com/i/search/timeline?l=en&f=tweets&q=MILK%20MAKEUP%20Eye%20Pigment&src=typed&max_position=TWEET-878709572948692992-981737443291525121>
None
2018-04-14 14:52:03 [scrapy] DEBUG: Scraped from <200 https://twitter.com/i/search/timeline?l=en&f=tweets&q=MILK%20MAKEUP%20Eye%20Pigment&src=typed&max_position=TWEET-878709572948692992-981737443291525121>
None
2018-04-14 14:52:03 [scrapy] DEBUG: Scraped from <200 https://twitter.com/i/search/timeline?l=en&f=tweets&q=MILK%20MAKEUP%20Eye%20Pigment&src=typed&max_position=TWEET-878709572948692992-981737443291525121>
None
2018-04-14 14:52:03 [scrapy] DEBUG: Scraped from <200 https://twitter.com/i/search/timeline?l=en&f=tweets&q=MILK%20MAKEUP%20Eye%20Pigment&src=typed&max_position=TWEET-878709572948692992-981737443291525121>
None
2018-04-14 14:52:03 [scrapy] DEBUG: Scraped from <200 https://twitter.com/i/search/timeline?l=en&f=tweets&q=MILK%20MAKEUP%20Eye%20Pigment&src=typed&max_position=TWEET-878709572948692992-981737443291525121>
None
2018-04-14 14:52:03 [scrapy] DEBUG: Scraped from <200 https://twitter.com/i/search/timeline?l=en&f=tweets&q=MILK%20MAKEUP%20Eye%20Pigment&src=typed&max_position=TWEET-878709572948692992-981737443291525121>
None
2018-04-14 14:52:04 [scrapy] DEBUG: Crawled (200) <GET https://twitter.com/i/search/timeline?l=en&f=tweets&q=MILK%20MAKEUP%20Eye%20Pigment&src=typed&max_position=TWEET-877165239799820288-981737443291525121> (referer: https://twitter.com/i/search/timeline?l=en&f=tweets&q=MILK%20MAKEUP%20Eye%20Pigment&src=typed&max_position=TWEET-878709572948692992-981737443291525121)
2018-04-14 14:52:04 [scrapy] DEBUG: Scraped from <200 https://twitter.com/i/search/timeline?l=en&f=tweets&q=MILK%20MAKEUP%20Eye%20Pigment&src=typed&max_position=TWEET-877165239799820288-981737443291525121>
None
2018-04-14 14:52:05 [scrapy] DEBUG: Scraped from <200 https://twitter.com/i/search/timeline?l=en&f=tweets&q=MILK%20MAKEUP%20Eye%20Pigment&src=typed&max_position=TWEET-877165239799820288-981737443291525121>
None
2018-04-14 14:52:05 [scrapy] DEBUG: Scraped from <200 https://twitter.com/i/search/timeline?l=en&f=tweets&q=MILK%20MAKEUP%20Eye%20Pigment&src=typed&max_position=TWEET-877165239799820288-981737443291525121>
None
2018-04-14 14:52:05 [scrapy] DEBUG: Scraped from <200 https://twitter.com/i/search/timeline?l=en&f=tweets&q=MILK%20MAKEUP%20Eye%20Pigment&src=typed&max_position=TWEET-877165239799820288-981737443291525121>
None
2018-04-14 14:52:05 [scrapy] DEBUG: Scraped from <200 https://twitter.com/i/search/timeline?l=en&f=tweets&q=MILK%20MAKEUP%20Eye%20Pigment&src=typed&max_position=TWEET-877165239799820288-981737443291525121>
None
2018-04-14 14:52:05 [scrapy] DEBUG: Scraped from <200 https://twitter.com/i/search/timeline?l=en&f=tweets&q=MILK%20MAKEUP%20Eye%20Pigment&src=typed&max_position=TWEET-877165239799820288-981737443291525121>
None
2018-04-14 14:52:05 [scrapy] DEBUG: Scraped from <200 https://twitter.com/i/search/timeline?l=en&f=tweets&q=MILK%20MAKEUP%20Eye%20Pigment&src=typed&max_position=TWEET-877165239799820288-981737443291525121>
None
2018-04-14 14:52:05 [scrapy] DEBUG: Scraped from <200 https://twitter.com/i/search/timeline?l=en&f=tweets&q=MILK%20MAKEUP%20Eye%20Pigment&src=typed&max_position=TWEET-877165239799820288-981737443291525121>
None
2018-04-14 14:52:05 [scrapy] DEBUG: Scraped from <200 https://twitter.com/i/search/timeline?l=en&f=tweets&q=MILK%20MAKEUP%20Eye%20Pigment&src=typed&max_position=TWEET-877165239799820288-981737443291525121>
None
2018-04-14 14:52:05 [scrapy] DEBUG: Scraped from <200 https://twitter.com/i/search/timeline?l=en&f=tweets&q=MILK%20MAKEUP%20Eye%20Pigment&src=typed&max_position=TWEET-877165239799820288-981737443291525121>
None
2018-04-14 14:52:05 [scrapy] DEBUG: Scraped from <200 https://twitter.com/i/search/timeline?l=en&f=tweets&q=MILK%20MAKEUP%20Eye%20Pigment&src=typed&max_position=TWEET-877165239799820288-981737443291525121>
None
2018-04-14 14:52:05 [scrapy] DEBUG: Scraped from <200 https://twitter.com/i/search/timeline?l=en&f=tweets&q=MILK%20MAKEUP%20Eye%20Pigment&src=typed&max_position=TWEET-877165239799820288-981737443291525121>
None
2018-04-14 14:52:05 [scrapy] DEBUG: Scraped from <200 https://twitter.com/i/search/timeline?l=en&f=tweets&q=MILK%20MAKEUP%20Eye%20Pigment&src=typed&max_position=TWEET-877165239799820288-981737443291525121>
None
2018-04-14 14:52:05 [scrapy] DEBUG: Scraped from <200 https://twitter.com/i/search/timeline?l=en&f=tweets&q=MILK%20MAKEUP%20Eye%20Pigment&src=typed&max_position=TWEET-877165239799820288-981737443291525121>
None
2018-04-14 14:52:05 [scrapy] DEBUG: Scraped from <200 https://twitter.com/i/search/timeline?l=en&f=tweets&q=MILK%20MAKEUP%20Eye%20Pigment&src=typed&max_position=TWEET-877165239799820288-981737443291525121>
None
2018-04-14 14:52:05 [scrapy] DEBUG: Scraped from <200 https://twitter.com/i/search/timeline?l=en&f=tweets&q=MILK%20MAKEUP%20Eye%20Pigment&src=typed&max_position=TWEET-877165239799820288-981737443291525121>
None
2018-04-14 14:52:05 [scrapy] DEBUG: Scraped from <200 https://twitter.com/i/search/timeline?l=en&f=tweets&q=MILK%20MAKEUP%20Eye%20Pigment&src=typed&max_position=TWEET-877165239799820288-981737443291525121>
None
2018-04-14 14:52:05 [scrapy] DEBUG: Scraped from <200 https://twitter.com/i/search/timeline?l=en&f=tweets&q=MILK%20MAKEUP%20Eye%20Pigment&src=typed&max_position=TWEET-877165239799820288-981737443291525121>
None
2018-04-14 14:52:05 [scrapy] DEBUG: Scraped from <200 https://twitter.com/i/search/timeline?l=en&f=tweets&q=MILK%20MAKEUP%20Eye%20Pigment&src=typed&max_position=TWEET-877165239799820288-981737443291525121>
None
2018-04-14 14:52:05 [scrapy] DEBUG: Scraped from <200 https://twitter.com/i/search/timeline?l=en&f=tweets&q=MILK%20MAKEUP%20Eye%20Pigment&src=typed&max_position=TWEET-877165239799820288-981737443291525121>
None
2018-04-14 14:52:06 [scrapy] DEBUG: Crawled (200) <GET https://twitter.com/i/search/timeline?l=en&f=tweets&q=MILK%20MAKEUP%20Eye%20Pigment&src=typed&max_position=TWEET-872605235994402816-981737443291525121> (referer: https://twitter.com/i/search/timeline?l=en&f=tweets&q=MILK%20MAKEUP%20Eye%20Pigment&src=typed&max_position=TWEET-877165239799820288-981737443291525121)
2018-04-14 14:52:06 [scrapy] DEBUG: Scraped from <200 https://twitter.com/i/search/timeline?l=en&f=tweets&q=MILK%20MAKEUP%20Eye%20Pigment&src=typed&max_position=TWEET-872605235994402816-981737443291525121>
None
2018-04-14 14:52:06 [scrapy] DEBUG: Scraped from <200 https://twitter.com/i/search/timeline?l=en&f=tweets&q=MILK%20MAKEUP%20Eye%20Pigment&src=typed&max_position=TWEET-872605235994402816-981737443291525121>
None
2018-04-14 14:52:06 [scrapy] DEBUG: Scraped from <200 https://twitter.com/i/search/timeline?l=en&f=tweets&q=MILK%20MAKEUP%20Eye%20Pigment&src=typed&max_position=TWEET-872605235994402816-981737443291525121>
None
2018-04-14 14:52:06 [scrapy] DEBUG: Scraped from <200 https://twitter.com/i/search/timeline?l=en&f=tweets&q=MILK%20MAKEUP%20Eye%20Pigment&src=typed&max_position=TWEET-872605235994402816-981737443291525121>
None
2018-04-14 14:52:06 [scrapy] DEBUG: Scraped from <200 https://twitter.com/i/search/timeline?l=en&f=tweets&q=MILK%20MAKEUP%20Eye%20Pigment&src=typed&max_position=TWEET-872605235994402816-981737443291525121>
None
2018-04-14 14:52:06 [scrapy] DEBUG: Scraped from <200 https://twitter.com/i/search/timeline?l=en&f=tweets&q=MILK%20MAKEUP%20Eye%20Pigment&src=typed&max_position=TWEET-872605235994402816-981737443291525121>
None
2018-04-14 14:52:06 [scrapy] DEBUG: Scraped from <200 https://twitter.com/i/search/timeline?l=en&f=tweets&q=MILK%20MAKEUP%20Eye%20Pigment&src=typed&max_position=TWEET-872605235994402816-981737443291525121>
None
2018-04-14 14:52:07 [scrapy] DEBUG: Scraped from <200 https://twitter.com/i/search/timeline?l=en&f=tweets&q=MILK%20MAKEUP%20Eye%20Pigment&src=typed&max_position=TWEET-872605235994402816-981737443291525121>
None
2018-04-14 14:52:07 [scrapy] DEBUG: Scraped from <200 https://twitter.com/i/search/timeline?l=en&f=tweets&q=MILK%20MAKEUP%20Eye%20Pigment&src=typed&max_position=TWEET-872605235994402816-981737443291525121>
None
2018-04-14 14:52:07 [scrapy] DEBUG: Scraped from <200 https://twitter.com/i/search/timeline?l=en&f=tweets&q=MILK%20MAKEUP%20Eye%20Pigment&src=typed&max_position=TWEET-872605235994402816-981737443291525121>
None
2018-04-14 14:52:07 [scrapy] DEBUG: Scraped from <200 https://twitter.com/i/search/timeline?l=en&f=tweets&q=MILK%20MAKEUP%20Eye%20Pigment&src=typed&max_position=TWEET-872605235994402816-981737443291525121>
None
2018-04-14 14:52:07 [scrapy] DEBUG: Scraped from <200 https://twitter.com/i/search/timeline?l=en&f=tweets&q=MILK%20MAKEUP%20Eye%20Pigment&src=typed&max_position=TWEET-872605235994402816-981737443291525121>
None
2018-04-14 14:52:07 [scrapy] DEBUG: Scraped from <200 https://twitter.com/i/search/timeline?l=en&f=tweets&q=MILK%20MAKEUP%20Eye%20Pigment&src=typed&max_position=TWEET-872605235994402816-981737443291525121>
None
2018-04-14 14:52:07 [scrapy] DEBUG: Scraped from <200 https://twitter.com/i/search/timeline?l=en&f=tweets&q=MILK%20MAKEUP%20Eye%20Pigment&src=typed&max_position=TWEET-872605235994402816-981737443291525121>
None
2018-04-14 14:52:07 [scrapy] DEBUG: Scraped from <200 https://twitter.com/i/search/timeline?l=en&f=tweets&q=MILK%20MAKEUP%20Eye%20Pigment&src=typed&max_position=TWEET-872605235994402816-981737443291525121>
None
2018-04-14 14:52:07 [scrapy] DEBUG: Scraped from <200 https://twitter.com/i/search/timeline?l=en&f=tweets&q=MILK%20MAKEUP%20Eye%20Pigment&src=typed&max_position=TWEET-872605235994402816-981737443291525121>
None
2018-04-14 14:52:07 [scrapy] DEBUG: Scraped from <200 https://twitter.com/i/search/timeline?l=en&f=tweets&q=MILK%20MAKEUP%20Eye%20Pigment&src=typed&max_position=TWEET-872605235994402816-981737443291525121>
None
2018-04-14 14:52:07 [scrapy] DEBUG: Scraped from <200 https://twitter.com/i/search/timeline?l=en&f=tweets&q=MILK%20MAKEUP%20Eye%20Pigment&src=typed&max_position=TWEET-872605235994402816-981737443291525121>
None
2018-04-14 14:52:07 [scrapy] DEBUG: Scraped from <200 https://twitter.com/i/search/timeline?l=en&f=tweets&q=MILK%20MAKEUP%20Eye%20Pigment&src=typed&max_position=TWEET-872605235994402816-981737443291525121>
None
2018-04-14 14:52:08 [scrapy] DEBUG: Crawled (200) <GET https://twitter.com/i/search/timeline?l=en&f=tweets&q=MILK%20MAKEUP%20Eye%20Pigment&src=typed&max_position=TWEET-867550497850490880-981737443291525121> (referer: https://twitter.com/i/search/timeline?l=en&f=tweets&q=MILK%20MAKEUP%20Eye%20Pigment&src=typed&max_position=TWEET-872605235994402816-981737443291525121)
2018-04-14 14:52:08 [scrapy] DEBUG: Scraped from <200 https://twitter.com/i/search/timeline?l=en&f=tweets&q=MILK%20MAKEUP%20Eye%20Pigment&src=typed&max_position=TWEET-867550497850490880-981737443291525121>
None
2018-04-14 14:52:08 [scrapy] DEBUG: Scraped from <200 https://twitter.com/i/search/timeline?l=en&f=tweets&q=MILK%20MAKEUP%20Eye%20Pigment&src=typed&max_position=TWEET-867550497850490880-981737443291525121>
None
2018-04-14 14:52:08 [scrapy] DEBUG: Scraped from <200 https://twitter.com/i/search/timeline?l=en&f=tweets&q=MILK%20MAKEUP%20Eye%20Pigment&src=typed&max_position=TWEET-867550497850490880-981737443291525121>
None
2018-04-14 14:52:08 [scrapy] DEBUG: Scraped from <200 https://twitter.com/i/search/timeline?l=en&f=tweets&q=MILK%20MAKEUP%20Eye%20Pigment&src=typed&max_position=TWEET-867550497850490880-981737443291525121>
None
2018-04-14 14:52:08 [scrapy] DEBUG: Scraped from <200 https://twitter.com/i/search/timeline?l=en&f=tweets&q=MILK%20MAKEUP%20Eye%20Pigment&src=typed&max_position=TWEET-867550497850490880-981737443291525121>
None
2018-04-14 14:52:09 [scrapy] DEBUG: Scraped from <200 https://twitter.com/i/search/timeline?l=en&f=tweets&q=MILK%20MAKEUP%20Eye%20Pigment&src=typed&max_position=TWEET-867550497850490880-981737443291525121>
None
2018-04-14 14:52:09 [scrapy] DEBUG: Scraped from <200 https://twitter.com/i/search/timeline?l=en&f=tweets&q=MILK%20MAKEUP%20Eye%20Pigment&src=typed&max_position=TWEET-867550497850490880-981737443291525121>
None
2018-04-14 14:52:09 [scrapy] DEBUG: Scraped from <200 https://twitter.com/i/search/timeline?l=en&f=tweets&q=MILK%20MAKEUP%20Eye%20Pigment&src=typed&max_position=TWEET-867550497850490880-981737443291525121>
None
2018-04-14 14:52:09 [scrapy] DEBUG: Scraped from <200 https://twitter.com/i/search/timeline?l=en&f=tweets&q=MILK%20MAKEUP%20Eye%20Pigment&src=typed&max_position=TWEET-867550497850490880-981737443291525121>
None
2018-04-14 14:52:09 [scrapy] DEBUG: Scraped from <200 https://twitter.com/i/search/timeline?l=en&f=tweets&q=MILK%20MAKEUP%20Eye%20Pigment&src=typed&max_position=TWEET-867550497850490880-981737443291525121>
None
2018-04-14 14:52:09 [scrapy] DEBUG: Scraped from <200 https://twitter.com/i/search/timeline?l=en&f=tweets&q=MILK%20MAKEUP%20Eye%20Pigment&src=typed&max_position=TWEET-867550497850490880-981737443291525121>
None
2018-04-14 14:52:09 [scrapy] DEBUG: Scraped from <200 https://twitter.com/i/search/timeline?l=en&f=tweets&q=MILK%20MAKEUP%20Eye%20Pigment&src=typed&max_position=TWEET-867550497850490880-981737443291525121>
None
2018-04-14 14:52:09 [scrapy] DEBUG: Scraped from <200 https://twitter.com/i/search/timeline?l=en&f=tweets&q=MILK%20MAKEUP%20Eye%20Pigment&src=typed&max_position=TWEET-867550497850490880-981737443291525121>
None
2018-04-14 14:52:09 [scrapy] DEBUG: Scraped from <200 https://twitter.com/i/search/timeline?l=en&f=tweets&q=MILK%20MAKEUP%20Eye%20Pigment&src=typed&max_position=TWEET-867550497850490880-981737443291525121>
None
2018-04-14 14:52:09 [scrapy] DEBUG: Scraped from <200 https://twitter.com/i/search/timeline?l=en&f=tweets&q=MILK%20MAKEUP%20Eye%20Pigment&src=typed&max_position=TWEET-867550497850490880-981737443291525121>
None
2018-04-14 14:52:09 [scrapy] DEBUG: Scraped from <200 https://twitter.com/i/search/timeline?l=en&f=tweets&q=MILK%20MAKEUP%20Eye%20Pigment&src=typed&max_position=TWEET-867550497850490880-981737443291525121>
None
2018-04-14 14:52:09 [scrapy] DEBUG: Scraped from <200 https://twitter.com/i/search/timeline?l=en&f=tweets&q=MILK%20MAKEUP%20Eye%20Pigment&src=typed&max_position=TWEET-867550497850490880-981737443291525121>
None
2018-04-14 14:52:09 [scrapy] DEBUG: Scraped from <200 https://twitter.com/i/search/timeline?l=en&f=tweets&q=MILK%20MAKEUP%20Eye%20Pigment&src=typed&max_position=TWEET-867550497850490880-981737443291525121>
None
2018-04-14 14:52:09 [scrapy] DEBUG: Scraped from <200 https://twitter.com/i/search/timeline?l=en&f=tweets&q=MILK%20MAKEUP%20Eye%20Pigment&src=typed&max_position=TWEET-867550497850490880-981737443291525121>
None
2018-04-14 14:52:10 [scrapy] DEBUG: Crawled (200) <GET https://twitter.com/i/search/timeline?l=en&f=tweets&q=MILK%20MAKEUP%20Eye%20Pigment&src=typed&max_position=TWEET-863532854151610368-981737443291525121> (referer: https://twitter.com/i/search/timeline?l=en&f=tweets&q=MILK%20MAKEUP%20Eye%20Pigment&src=typed&max_position=TWEET-867550497850490880-981737443291525121)
2018-04-14 14:52:10 [scrapy] DEBUG: Scraped from <200 https://twitter.com/i/search/timeline?l=en&f=tweets&q=MILK%20MAKEUP%20Eye%20Pigment&src=typed&max_position=TWEET-863532854151610368-981737443291525121>
None
2018-04-14 14:52:10 [scrapy] DEBUG: Scraped from <200 https://twitter.com/i/search/timeline?l=en&f=tweets&q=MILK%20MAKEUP%20Eye%20Pigment&src=typed&max_position=TWEET-863532854151610368-981737443291525121>
None
2018-04-14 14:52:10 [scrapy] DEBUG: Scraped from <200 https://twitter.com/i/search/timeline?l=en&f=tweets&q=MILK%20MAKEUP%20Eye%20Pigment&src=typed&max_position=TWEET-863532854151610368-981737443291525121>
None
2018-04-14 14:52:10 [scrapy] DEBUG: Scraped from <200 https://twitter.com/i/search/timeline?l=en&f=tweets&q=MILK%20MAKEUP%20Eye%20Pigment&src=typed&max_position=TWEET-863532854151610368-981737443291525121>
None
2018-04-14 14:52:10 [scrapy] DEBUG: Scraped from <200 https://twitter.com/i/search/timeline?l=en&f=tweets&q=MILK%20MAKEUP%20Eye%20Pigment&src=typed&max_position=TWEET-863532854151610368-981737443291525121>
None
2018-04-14 14:52:11 [scrapy] DEBUG: Scraped from <200 https://twitter.com/i/search/timeline?l=en&f=tweets&q=MILK%20MAKEUP%20Eye%20Pigment&src=typed&max_position=TWEET-863532854151610368-981737443291525121>
None
2018-04-14 14:52:11 [scrapy] DEBUG: Scraped from <200 https://twitter.com/i/search/timeline?l=en&f=tweets&q=MILK%20MAKEUP%20Eye%20Pigment&src=typed&max_position=TWEET-863532854151610368-981737443291525121>
None
2018-04-14 14:52:11 [scrapy] DEBUG: Scraped from <200 https://twitter.com/i/search/timeline?l=en&f=tweets&q=MILK%20MAKEUP%20Eye%20Pigment&src=typed&max_position=TWEET-863532854151610368-981737443291525121>
None
2018-04-14 14:52:11 [scrapy] DEBUG: Scraped from <200 https://twitter.com/i/search/timeline?l=en&f=tweets&q=MILK%20MAKEUP%20Eye%20Pigment&src=typed&max_position=TWEET-863532854151610368-981737443291525121>
None
2018-04-14 14:52:11 [scrapy] DEBUG: Scraped from <200 https://twitter.com/i/search/timeline?l=en&f=tweets&q=MILK%20MAKEUP%20Eye%20Pigment&src=typed&max_position=TWEET-863532854151610368-981737443291525121>
None
2018-04-14 14:52:11 [scrapy] DEBUG: Scraped from <200 https://twitter.com/i/search/timeline?l=en&f=tweets&q=MILK%20MAKEUP%20Eye%20Pigment&src=typed&max_position=TWEET-863532854151610368-981737443291525121>
None
2018-04-14 14:52:11 [scrapy] DEBUG: Scraped from <200 https://twitter.com/i/search/timeline?l=en&f=tweets&q=MILK%20MAKEUP%20Eye%20Pigment&src=typed&max_position=TWEET-863532854151610368-981737443291525121>
None
2018-04-14 14:52:11 [scrapy] DEBUG: Scraped from <200 https://twitter.com/i/search/timeline?l=en&f=tweets&q=MILK%20MAKEUP%20Eye%20Pigment&src=typed&max_position=TWEET-863532854151610368-981737443291525121>
None
2018-04-14 14:52:11 [scrapy] DEBUG: Scraped from <200 https://twitter.com/i/search/timeline?l=en&f=tweets&q=MILK%20MAKEUP%20Eye%20Pigment&src=typed&max_position=TWEET-863532854151610368-981737443291525121>
None
2018-04-14 14:52:11 [scrapy] DEBUG: Scraped from <200 https://twitter.com/i/search/timeline?l=en&f=tweets&q=MILK%20MAKEUP%20Eye%20Pigment&src=typed&max_position=TWEET-863532854151610368-981737443291525121>
None
2018-04-14 14:52:11 [scrapy] DEBUG: Scraped from <200 https://twitter.com/i/search/timeline?l=en&f=tweets&q=MILK%20MAKEUP%20Eye%20Pigment&src=typed&max_position=TWEET-863532854151610368-981737443291525121>
None
2018-04-14 14:52:11 [scrapy] DEBUG: Scraped from <200 https://twitter.com/i/search/timeline?l=en&f=tweets&q=MILK%20MAKEUP%20Eye%20Pigment&src=typed&max_position=TWEET-863532854151610368-981737443291525121>
None
2018-04-14 14:52:11 [scrapy] DEBUG: Scraped from <200 https://twitter.com/i/search/timeline?l=en&f=tweets&q=MILK%20MAKEUP%20Eye%20Pigment&src=typed&max_position=TWEET-863532854151610368-981737443291525121>
None
2018-04-14 14:52:11 [scrapy] DEBUG: Scraped from <200 https://twitter.com/i/search/timeline?l=en&f=tweets&q=MILK%20MAKEUP%20Eye%20Pigment&src=typed&max_position=TWEET-863532854151610368-981737443291525121>
None
2018-04-14 14:52:12 [scrapy] DEBUG: Crawled (200) <GET https://twitter.com/i/search/timeline?l=en&f=tweets&q=MILK%20MAKEUP%20Eye%20Pigment&src=typed&max_position=TWEET-859147176483672064-981737443291525121> (referer: https://twitter.com/i/search/timeline?l=en&f=tweets&q=MILK%20MAKEUP%20Eye%20Pigment&src=typed&max_position=TWEET-863532854151610368-981737443291525121)
2018-04-14 14:52:12 [scrapy] DEBUG: Scraped from <200 https://twitter.com/i/search/timeline?l=en&f=tweets&q=MILK%20MAKEUP%20Eye%20Pigment&src=typed&max_position=TWEET-859147176483672064-981737443291525121>
None
2018-04-14 14:52:12 [scrapy] DEBUG: Scraped from <200 https://twitter.com/i/search/timeline?l=en&f=tweets&q=MILK%20MAKEUP%20Eye%20Pigment&src=typed&max_position=TWEET-859147176483672064-981737443291525121>
None
2018-04-14 14:52:12 [scrapy] DEBUG: Scraped from <200 https://twitter.com/i/search/timeline?l=en&f=tweets&q=MILK%20MAKEUP%20Eye%20Pigment&src=typed&max_position=TWEET-859147176483672064-981737443291525121>
None
2018-04-14 14:52:12 [scrapy] DEBUG: Scraped from <200 https://twitter.com/i/search/timeline?l=en&f=tweets&q=MILK%20MAKEUP%20Eye%20Pigment&src=typed&max_position=TWEET-859147176483672064-981737443291525121>
None
2018-04-14 14:52:12 [scrapy] DEBUG: Scraped from <200 https://twitter.com/i/search/timeline?l=en&f=tweets&q=MILK%20MAKEUP%20Eye%20Pigment&src=typed&max_position=TWEET-859147176483672064-981737443291525121>
None
2018-04-14 14:52:12 [scrapy] DEBUG: Scraped from <200 https://twitter.com/i/search/timeline?l=en&f=tweets&q=MILK%20MAKEUP%20Eye%20Pigment&src=typed&max_position=TWEET-859147176483672064-981737443291525121>
None
2018-04-14 14:52:12 [scrapy] DEBUG: Scraped from <200 https://twitter.com/i/search/timeline?l=en&f=tweets&q=MILK%20MAKEUP%20Eye%20Pigment&src=typed&max_position=TWEET-859147176483672064-981737443291525121>
None
2018-04-14 14:52:12 [scrapy] DEBUG: Scraped from <200 https://twitter.com/i/search/timeline?l=en&f=tweets&q=MILK%20MAKEUP%20Eye%20Pigment&src=typed&max_position=TWEET-859147176483672064-981737443291525121>
None
2018-04-14 14:52:12 [scrapy] DEBUG: Scraped from <200 https://twitter.com/i/search/timeline?l=en&f=tweets&q=MILK%20MAKEUP%20Eye%20Pigment&src=typed&max_position=TWEET-859147176483672064-981737443291525121>
None
2018-04-14 14:52:12 [scrapy] DEBUG: Scraped from <200 https://twitter.com/i/search/timeline?l=en&f=tweets&q=MILK%20MAKEUP%20Eye%20Pigment&src=typed&max_position=TWEET-859147176483672064-981737443291525121>
None
2018-04-14 14:52:12 [scrapy] DEBUG: Scraped from <200 https://twitter.com/i/search/timeline?l=en&f=tweets&q=MILK%20MAKEUP%20Eye%20Pigment&src=typed&max_position=TWEET-859147176483672064-981737443291525121>
None
2018-04-14 14:52:12 [scrapy] DEBUG: Scraped from <200 https://twitter.com/i/search/timeline?l=en&f=tweets&q=MILK%20MAKEUP%20Eye%20Pigment&src=typed&max_position=TWEET-859147176483672064-981737443291525121>
None
2018-04-14 14:52:13 [scrapy] DEBUG: Scraped from <200 https://twitter.com/i/search/timeline?l=en&f=tweets&q=MILK%20MAKEUP%20Eye%20Pigment&src=typed&max_position=TWEET-859147176483672064-981737443291525121>
None
2018-04-14 14:52:13 [scrapy] DEBUG: Scraped from <200 https://twitter.com/i/search/timeline?l=en&f=tweets&q=MILK%20MAKEUP%20Eye%20Pigment&src=typed&max_position=TWEET-859147176483672064-981737443291525121>
None
2018-04-14 14:52:13 [scrapy] DEBUG: Scraped from <200 https://twitter.com/i/search/timeline?l=en&f=tweets&q=MILK%20MAKEUP%20Eye%20Pigment&src=typed&max_position=TWEET-859147176483672064-981737443291525121>
None
2018-04-14 14:52:13 [scrapy] DEBUG: Scraped from <200 https://twitter.com/i/search/timeline?l=en&f=tweets&q=MILK%20MAKEUP%20Eye%20Pigment&src=typed&max_position=TWEET-859147176483672064-981737443291525121>
None
2018-04-14 14:52:13 [scrapy] DEBUG: Scraped from <200 https://twitter.com/i/search/timeline?l=en&f=tweets&q=MILK%20MAKEUP%20Eye%20Pigment&src=typed&max_position=TWEET-859147176483672064-981737443291525121>
None
2018-04-14 14:52:13 [scrapy] DEBUG: Scraped from <200 https://twitter.com/i/search/timeline?l=en&f=tweets&q=MILK%20MAKEUP%20Eye%20Pigment&src=typed&max_position=TWEET-859147176483672064-981737443291525121>
None
2018-04-14 14:52:13 [scrapy] DEBUG: Scraped from <200 https://twitter.com/i/search/timeline?l=en&f=tweets&q=MILK%20MAKEUP%20Eye%20Pigment&src=typed&max_position=TWEET-859147176483672064-981737443291525121>
None
2018-04-14 14:52:13 [scrapy] DEBUG: Crawled (200) <GET https://twitter.com/i/search/timeline?l=en&f=tweets&q=MILK%20MAKEUP%20Eye%20Pigment&src=typed&max_position=TWEET-856258713421742085-981737443291525121> (referer: https://twitter.com/i/search/timeline?l=en&f=tweets&q=MILK%20MAKEUP%20Eye%20Pigment&src=typed&max_position=TWEET-859147176483672064-981737443291525121)
2018-04-14 14:52:14 [scrapy] DEBUG: Scraped from <200 https://twitter.com/i/search/timeline?l=en&f=tweets&q=MILK%20MAKEUP%20Eye%20Pigment&src=typed&max_position=TWEET-856258713421742085-981737443291525121>
None
2018-04-14 14:52:14 [scrapy] DEBUG: Scraped from <200 https://twitter.com/i/search/timeline?l=en&f=tweets&q=MILK%20MAKEUP%20Eye%20Pigment&src=typed&max_position=TWEET-856258713421742085-981737443291525121>
None
2018-04-14 14:52:14 [scrapy] DEBUG: Scraped from <200 https://twitter.com/i/search/timeline?l=en&f=tweets&q=MILK%20MAKEUP%20Eye%20Pigment&src=typed&max_position=TWEET-856258713421742085-981737443291525121>
None
2018-04-14 14:52:14 [scrapy] DEBUG: Scraped from <200 https://twitter.com/i/search/timeline?l=en&f=tweets&q=MILK%20MAKEUP%20Eye%20Pigment&src=typed&max_position=TWEET-856258713421742085-981737443291525121>
None
2018-04-14 14:52:14 [scrapy] DEBUG: Scraped from <200 https://twitter.com/i/search/timeline?l=en&f=tweets&q=MILK%20MAKEUP%20Eye%20Pigment&src=typed&max_position=TWEET-856258713421742085-981737443291525121>
None
2018-04-14 14:52:14 [scrapy] DEBUG: Scraped from <200 https://twitter.com/i/search/timeline?l=en&f=tweets&q=MILK%20MAKEUP%20Eye%20Pigment&src=typed&max_position=TWEET-856258713421742085-981737443291525121>
None
2018-04-14 14:52:14 [scrapy] DEBUG: Scraped from <200 https://twitter.com/i/search/timeline?l=en&f=tweets&q=MILK%20MAKEUP%20Eye%20Pigment&src=typed&max_position=TWEET-856258713421742085-981737443291525121>
None
2018-04-14 14:52:14 [scrapy] DEBUG: Scraped from <200 https://twitter.com/i/search/timeline?l=en&f=tweets&q=MILK%20MAKEUP%20Eye%20Pigment&src=typed&max_position=TWEET-856258713421742085-981737443291525121>
None
2018-04-14 14:52:14 [scrapy] DEBUG: Scraped from <200 https://twitter.com/i/search/timeline?l=en&f=tweets&q=MILK%20MAKEUP%20Eye%20Pigment&src=typed&max_position=TWEET-856258713421742085-981737443291525121>
None
2018-04-14 14:52:14 [scrapy] DEBUG: Scraped from <200 https://twitter.com/i/search/timeline?l=en&f=tweets&q=MILK%20MAKEUP%20Eye%20Pigment&src=typed&max_position=TWEET-856258713421742085-981737443291525121>
None
2018-04-14 14:52:14 [scrapy] DEBUG: Scraped from <200 https://twitter.com/i/search/timeline?l=en&f=tweets&q=MILK%20MAKEUP%20Eye%20Pigment&src=typed&max_position=TWEET-856258713421742085-981737443291525121>
None
2018-04-14 14:52:14 [scrapy] DEBUG: Scraped from <200 https://twitter.com/i/search/timeline?l=en&f=tweets&q=MILK%20MAKEUP%20Eye%20Pigment&src=typed&max_position=TWEET-856258713421742085-981737443291525121>
None
2018-04-14 14:52:14 [scrapy] DEBUG: Scraped from <200 https://twitter.com/i/search/timeline?l=en&f=tweets&q=MILK%20MAKEUP%20Eye%20Pigment&src=typed&max_position=TWEET-856258713421742085-981737443291525121>
None
2018-04-14 14:52:15 [scrapy] DEBUG: Crawled (200) <GET https://twitter.com/i/search/timeline?l=en&f=tweets&q=MILK%20MAKEUP%20Eye%20Pigment&src=typed&max_position=TWEET-854781024265490433-981737443291525121> (referer: https://twitter.com/i/search/timeline?l=en&f=tweets&q=MILK%20MAKEUP%20Eye%20Pigment&src=typed&max_position=TWEET-856258713421742085-981737443291525121)
2018-04-14 14:52:16 [scrapy] DEBUG: Scraped from <200 https://twitter.com/i/search/timeline?l=en&f=tweets&q=MILK%20MAKEUP%20Eye%20Pigment&src=typed&max_position=TWEET-854781024265490433-981737443291525121>
None
2018-04-14 14:52:16 [scrapy] DEBUG: Scraped from <200 https://twitter.com/i/search/timeline?l=en&f=tweets&q=MILK%20MAKEUP%20Eye%20Pigment&src=typed&max_position=TWEET-854781024265490433-981737443291525121>
None
2018-04-14 14:52:16 [scrapy] DEBUG: Scraped from <200 https://twitter.com/i/search/timeline?l=en&f=tweets&q=MILK%20MAKEUP%20Eye%20Pigment&src=typed&max_position=TWEET-854781024265490433-981737443291525121>
None
2018-04-14 14:52:16 [scrapy] DEBUG: Scraped from <200 https://twitter.com/i/search/timeline?l=en&f=tweets&q=MILK%20MAKEUP%20Eye%20Pigment&src=typed&max_position=TWEET-854781024265490433-981737443291525121>
None
2018-04-14 14:52:16 [scrapy] DEBUG: Scraped from <200 https://twitter.com/i/search/timeline?l=en&f=tweets&q=MILK%20MAKEUP%20Eye%20Pigment&src=typed&max_position=TWEET-854781024265490433-981737443291525121>
None
2018-04-14 14:52:16 [scrapy] DEBUG: Scraped from <200 https://twitter.com/i/search/timeline?l=en&f=tweets&q=MILK%20MAKEUP%20Eye%20Pigment&src=typed&max_position=TWEET-854781024265490433-981737443291525121>
None
2018-04-14 14:52:16 [scrapy] DEBUG: Scraped from <200 https://twitter.com/i/search/timeline?l=en&f=tweets&q=MILK%20MAKEUP%20Eye%20Pigment&src=typed&max_position=TWEET-854781024265490433-981737443291525121>
None
2018-04-14 14:52:16 [scrapy] DEBUG: Scraped from <200 https://twitter.com/i/search/timeline?l=en&f=tweets&q=MILK%20MAKEUP%20Eye%20Pigment&src=typed&max_position=TWEET-854781024265490433-981737443291525121>
None
2018-04-14 14:52:16 [scrapy] DEBUG: Scraped from <200 https://twitter.com/i/search/timeline?l=en&f=tweets&q=MILK%20MAKEUP%20Eye%20Pigment&src=typed&max_position=TWEET-854781024265490433-981737443291525121>
None
2018-04-14 14:52:16 [scrapy] DEBUG: Scraped from <200 https://twitter.com/i/search/timeline?l=en&f=tweets&q=MILK%20MAKEUP%20Eye%20Pigment&src=typed&max_position=TWEET-854781024265490433-981737443291525121>
None
2018-04-14 14:52:16 [scrapy] DEBUG: Scraped from <200 https://twitter.com/i/search/timeline?l=en&f=tweets&q=MILK%20MAKEUP%20Eye%20Pigment&src=typed&max_position=TWEET-854781024265490433-981737443291525121>
None
2018-04-14 14:52:16 [scrapy] DEBUG: Scraped from <200 https://twitter.com/i/search/timeline?l=en&f=tweets&q=MILK%20MAKEUP%20Eye%20Pigment&src=typed&max_position=TWEET-854781024265490433-981737443291525121>
None
2018-04-14 14:52:16 [scrapy] DEBUG: Scraped from <200 https://twitter.com/i/search/timeline?l=en&f=tweets&q=MILK%20MAKEUP%20Eye%20Pigment&src=typed&max_position=TWEET-854781024265490433-981737443291525121>
None
2018-04-14 14:52:16 [scrapy] DEBUG: Scraped from <200 https://twitter.com/i/search/timeline?l=en&f=tweets&q=MILK%20MAKEUP%20Eye%20Pigment&src=typed&max_position=TWEET-854781024265490433-981737443291525121>
None
2018-04-14 14:52:17 [scrapy] DEBUG: Scraped from <200 https://twitter.com/i/search/timeline?l=en&f=tweets&q=MILK%20MAKEUP%20Eye%20Pigment&src=typed&max_position=TWEET-854781024265490433-981737443291525121>
None
2018-04-14 14:52:17 [scrapy] DEBUG: Scraped from <200 https://twitter.com/i/search/timeline?l=en&f=tweets&q=MILK%20MAKEUP%20Eye%20Pigment&src=typed&max_position=TWEET-854781024265490433-981737443291525121>
None
2018-04-14 14:52:17 [scrapy] DEBUG: Scraped from <200 https://twitter.com/i/search/timeline?l=en&f=tweets&q=MILK%20MAKEUP%20Eye%20Pigment&src=typed&max_position=TWEET-854781024265490433-981737443291525121>
None
2018-04-14 14:52:17 [scrapy] DEBUG: Scraped from <200 https://twitter.com/i/search/timeline?l=en&f=tweets&q=MILK%20MAKEUP%20Eye%20Pigment&src=typed&max_position=TWEET-854781024265490433-981737443291525121>
None
2018-04-14 14:52:17 [scrapy] DEBUG: Scraped from <200 https://twitter.com/i/search/timeline?l=en&f=tweets&q=MILK%20MAKEUP%20Eye%20Pigment&src=typed&max_position=TWEET-854781024265490433-981737443291525121>
None
2018-04-14 14:52:17 [scrapy] DEBUG: Scraped from <200 https://twitter.com/i/search/timeline?l=en&f=tweets&q=MILK%20MAKEUP%20Eye%20Pigment&src=typed&max_position=TWEET-854781024265490433-981737443291525121>
None
2018-04-14 14:52:18 [scrapy] DEBUG: Crawled (200) <GET https://twitter.com/i/search/timeline?l=en&f=tweets&q=MILK%20MAKEUP%20Eye%20Pigment&src=typed&max_position=TWEET-849952698820636673-981737443291525121> (referer: https://twitter.com/i/search/timeline?l=en&f=tweets&q=MILK%20MAKEUP%20Eye%20Pigment&src=typed&max_position=TWEET-854781024265490433-981737443291525121)
2018-04-14 14:52:18 [scrapy] DEBUG: Scraped from <200 https://twitter.com/i/search/timeline?l=en&f=tweets&q=MILK%20MAKEUP%20Eye%20Pigment&src=typed&max_position=TWEET-849952698820636673-981737443291525121>
None
2018-04-14 14:52:18 [scrapy] DEBUG: Scraped from <200 https://twitter.com/i/search/timeline?l=en&f=tweets&q=MILK%20MAKEUP%20Eye%20Pigment&src=typed&max_position=TWEET-849952698820636673-981737443291525121>
None
2018-04-14 14:52:18 [scrapy] DEBUG: Scraped from <200 https://twitter.com/i/search/timeline?l=en&f=tweets&q=MILK%20MAKEUP%20Eye%20Pigment&src=typed&max_position=TWEET-849952698820636673-981737443291525121>
None
2018-04-14 14:52:18 [scrapy] DEBUG: Scraped from <200 https://twitter.com/i/search/timeline?l=en&f=tweets&q=MILK%20MAKEUP%20Eye%20Pigment&src=typed&max_position=TWEET-849952698820636673-981737443291525121>
None
2018-04-14 14:52:18 [scrapy] DEBUG: Scraped from <200 https://twitter.com/i/search/timeline?l=en&f=tweets&q=MILK%20MAKEUP%20Eye%20Pigment&src=typed&max_position=TWEET-849952698820636673-981737443291525121>
None
2018-04-14 14:52:18 [scrapy] DEBUG: Scraped from <200 https://twitter.com/i/search/timeline?l=en&f=tweets&q=MILK%20MAKEUP%20Eye%20Pigment&src=typed&max_position=TWEET-849952698820636673-981737443291525121>
None
2018-04-14 14:52:18 [scrapy] DEBUG: Scraped from <200 https://twitter.com/i/search/timeline?l=en&f=tweets&q=MILK%20MAKEUP%20Eye%20Pigment&src=typed&max_position=TWEET-849952698820636673-981737443291525121>
None
2018-04-14 14:52:18 [scrapy] DEBUG: Scraped from <200 https://twitter.com/i/search/timeline?l=en&f=tweets&q=MILK%20MAKEUP%20Eye%20Pigment&src=typed&max_position=TWEET-849952698820636673-981737443291525121>
None
2018-04-14 14:52:18 [scrapy] DEBUG: Scraped from <200 https://twitter.com/i/search/timeline?l=en&f=tweets&q=MILK%20MAKEUP%20Eye%20Pigment&src=typed&max_position=TWEET-849952698820636673-981737443291525121>
None
2018-04-14 14:52:18 [scrapy] DEBUG: Scraped from <200 https://twitter.com/i/search/timeline?l=en&f=tweets&q=MILK%20MAKEUP%20Eye%20Pigment&src=typed&max_position=TWEET-849952698820636673-981737443291525121>
None
2018-04-14 14:52:18 [scrapy] DEBUG: Scraped from <200 https://twitter.com/i/search/timeline?l=en&f=tweets&q=MILK%20MAKEUP%20Eye%20Pigment&src=typed&max_position=TWEET-849952698820636673-981737443291525121>
None
2018-04-14 14:52:19 [scrapy] DEBUG: Scraped from <200 https://twitter.com/i/search/timeline?l=en&f=tweets&q=MILK%20MAKEUP%20Eye%20Pigment&src=typed&max_position=TWEET-849952698820636673-981737443291525121>
None
2018-04-14 14:52:19 [scrapy] DEBUG: Scraped from <200 https://twitter.com/i/search/timeline?l=en&f=tweets&q=MILK%20MAKEUP%20Eye%20Pigment&src=typed&max_position=TWEET-849952698820636673-981737443291525121>
None
2018-04-14 14:52:19 [scrapy] DEBUG: Scraped from <200 https://twitter.com/i/search/timeline?l=en&f=tweets&q=MILK%20MAKEUP%20Eye%20Pigment&src=typed&max_position=TWEET-849952698820636673-981737443291525121>
None
2018-04-14 14:52:19 [scrapy] DEBUG: Scraped from <200 https://twitter.com/i/search/timeline?l=en&f=tweets&q=MILK%20MAKEUP%20Eye%20Pigment&src=typed&max_position=TWEET-849952698820636673-981737443291525121>
None
2018-04-14 14:52:19 [scrapy] DEBUG: Scraped from <200 https://twitter.com/i/search/timeline?l=en&f=tweets&q=MILK%20MAKEUP%20Eye%20Pigment&src=typed&max_position=TWEET-849952698820636673-981737443291525121>
None
2018-04-14 14:52:19 [scrapy] DEBUG: Scraped from <200 https://twitter.com/i/search/timeline?l=en&f=tweets&q=MILK%20MAKEUP%20Eye%20Pigment&src=typed&max_position=TWEET-849952698820636673-981737443291525121>
None
2018-04-14 14:52:19 [scrapy] DEBUG: Scraped from <200 https://twitter.com/i/search/timeline?l=en&f=tweets&q=MILK%20MAKEUP%20Eye%20Pigment&src=typed&max_position=TWEET-849952698820636673-981737443291525121>
None
2018-04-14 14:52:19 [scrapy] DEBUG: Scraped from <200 https://twitter.com/i/search/timeline?l=en&f=tweets&q=MILK%20MAKEUP%20Eye%20Pigment&src=typed&max_position=TWEET-849952698820636673-981737443291525121>
None
2018-04-14 14:52:19 [scrapy] DEBUG: Scraped from <200 https://twitter.com/i/search/timeline?l=en&f=tweets&q=MILK%20MAKEUP%20Eye%20Pigment&src=typed&max_position=TWEET-849952698820636673-981737443291525121>
None
2018-04-14 14:52:20 [scrapy] DEBUG: Crawled (200) <GET https://twitter.com/i/search/timeline?l=en&f=tweets&q=MILK%20MAKEUP%20Eye%20Pigment&src=typed&max_position=TWEET-848057298002096128-981737443291525121> (referer: https://twitter.com/i/search/timeline?l=en&f=tweets&q=MILK%20MAKEUP%20Eye%20Pigment&src=typed&max_position=TWEET-849952698820636673-981737443291525121)
2018-04-14 14:52:20 [scrapy] DEBUG: Scraped from <200 https://twitter.com/i/search/timeline?l=en&f=tweets&q=MILK%20MAKEUP%20Eye%20Pigment&src=typed&max_position=TWEET-848057298002096128-981737443291525121>
None
2018-04-14 14:52:20 [scrapy] DEBUG: Scraped from <200 https://twitter.com/i/search/timeline?l=en&f=tweets&q=MILK%20MAKEUP%20Eye%20Pigment&src=typed&max_position=TWEET-848057298002096128-981737443291525121>
None
2018-04-14 14:52:20 [scrapy] DEBUG: Scraped from <200 https://twitter.com/i/search/timeline?l=en&f=tweets&q=MILK%20MAKEUP%20Eye%20Pigment&src=typed&max_position=TWEET-848057298002096128-981737443291525121>
None
2018-04-14 14:52:20 [scrapy] DEBUG: Scraped from <200 https://twitter.com/i/search/timeline?l=en&f=tweets&q=MILK%20MAKEUP%20Eye%20Pigment&src=typed&max_position=TWEET-848057298002096128-981737443291525121>
None
2018-04-14 14:52:20 [scrapy] DEBUG: Scraped from <200 https://twitter.com/i/search/timeline?l=en&f=tweets&q=MILK%20MAKEUP%20Eye%20Pigment&src=typed&max_position=TWEET-848057298002096128-981737443291525121>
None
2018-04-14 14:52:20 [scrapy] DEBUG: Scraped from <200 https://twitter.com/i/search/timeline?l=en&f=tweets&q=MILK%20MAKEUP%20Eye%20Pigment&src=typed&max_position=TWEET-848057298002096128-981737443291525121>
None
2018-04-14 14:52:20 [scrapy] DEBUG: Scraped from <200 https://twitter.com/i/search/timeline?l=en&f=tweets&q=MILK%20MAKEUP%20Eye%20Pigment&src=typed&max_position=TWEET-848057298002096128-981737443291525121>
None
2018-04-14 14:52:20 [scrapy] DEBUG: Scraped from <200 https://twitter.com/i/search/timeline?l=en&f=tweets&q=MILK%20MAKEUP%20Eye%20Pigment&src=typed&max_position=TWEET-848057298002096128-981737443291525121>
None
2018-04-14 14:52:20 [scrapy] DEBUG: Scraped from <200 https://twitter.com/i/search/timeline?l=en&f=tweets&q=MILK%20MAKEUP%20Eye%20Pigment&src=typed&max_position=TWEET-848057298002096128-981737443291525121>
None
2018-04-14 14:52:20 [scrapy] DEBUG: Scraped from <200 https://twitter.com/i/search/timeline?l=en&f=tweets&q=MILK%20MAKEUP%20Eye%20Pigment&src=typed&max_position=TWEET-848057298002096128-981737443291525121>
None
2018-04-14 14:52:20 [scrapy] DEBUG: Scraped from <200 https://twitter.com/i/search/timeline?l=en&f=tweets&q=MILK%20MAKEUP%20Eye%20Pigment&src=typed&max_position=TWEET-848057298002096128-981737443291525121>
None
2018-04-14 14:52:20 [scrapy] DEBUG: Scraped from <200 https://twitter.com/i/search/timeline?l=en&f=tweets&q=MILK%20MAKEUP%20Eye%20Pigment&src=typed&max_position=TWEET-848057298002096128-981737443291525121>
None
2018-04-14 14:52:20 [scrapy] DEBUG: Scraped from <200 https://twitter.com/i/search/timeline?l=en&f=tweets&q=MILK%20MAKEUP%20Eye%20Pigment&src=typed&max_position=TWEET-848057298002096128-981737443291525121>
None
2018-04-14 14:52:20 [scrapy] DEBUG: Scraped from <200 https://twitter.com/i/search/timeline?l=en&f=tweets&q=MILK%20MAKEUP%20Eye%20Pigment&src=typed&max_position=TWEET-848057298002096128-981737443291525121>
None
2018-04-14 14:52:21 [scrapy] DEBUG: Scraped from <200 https://twitter.com/i/search/timeline?l=en&f=tweets&q=MILK%20MAKEUP%20Eye%20Pigment&src=typed&max_position=TWEET-848057298002096128-981737443291525121>
None
2018-04-14 14:52:21 [scrapy] DEBUG: Scraped from <200 https://twitter.com/i/search/timeline?l=en&f=tweets&q=MILK%20MAKEUP%20Eye%20Pigment&src=typed&max_position=TWEET-848057298002096128-981737443291525121>
None
2018-04-14 14:52:21 [scrapy] DEBUG: Scraped from <200 https://twitter.com/i/search/timeline?l=en&f=tweets&q=MILK%20MAKEUP%20Eye%20Pigment&src=typed&max_position=TWEET-848057298002096128-981737443291525121>
None
2018-04-14 14:52:21 [scrapy] DEBUG: Scraped from <200 https://twitter.com/i/search/timeline?l=en&f=tweets&q=MILK%20MAKEUP%20Eye%20Pigment&src=typed&max_position=TWEET-848057298002096128-981737443291525121>
None
2018-04-14 14:52:21 [scrapy] DEBUG: Crawled (200) <GET https://twitter.com/i/search/timeline?l=en&f=tweets&q=MILK%20MAKEUP%20Eye%20Pigment&src=typed&max_position=TWEET-847207628669407232-981737443291525121> (referer: https://twitter.com/i/search/timeline?l=en&f=tweets&q=MILK%20MAKEUP%20Eye%20Pigment&src=typed&max_position=TWEET-848057298002096128-981737443291525121)
2018-04-14 14:52:22 [scrapy] DEBUG: Scraped from <200 https://twitter.com/i/search/timeline?l=en&f=tweets&q=MILK%20MAKEUP%20Eye%20Pigment&src=typed&max_position=TWEET-847207628669407232-981737443291525121>
None
2018-04-14 14:52:22 [scrapy] DEBUG: Scraped from <200 https://twitter.com/i/search/timeline?l=en&f=tweets&q=MILK%20MAKEUP%20Eye%20Pigment&src=typed&max_position=TWEET-847207628669407232-981737443291525121>
None
2018-04-14 14:52:22 [scrapy] DEBUG: Scraped from <200 https://twitter.com/i/search/timeline?l=en&f=tweets&q=MILK%20MAKEUP%20Eye%20Pigment&src=typed&max_position=TWEET-847207628669407232-981737443291525121>
None
2018-04-14 14:52:22 [scrapy] DEBUG: Scraped from <200 https://twitter.com/i/search/timeline?l=en&f=tweets&q=MILK%20MAKEUP%20Eye%20Pigment&src=typed&max_position=TWEET-847207628669407232-981737443291525121>
None
2018-04-14 14:52:22 [scrapy] DEBUG: Scraped from <200 https://twitter.com/i/search/timeline?l=en&f=tweets&q=MILK%20MAKEUP%20Eye%20Pigment&src=typed&max_position=TWEET-847207628669407232-981737443291525121>
None
2018-04-14 14:52:22 [scrapy] DEBUG: Scraped from <200 https://twitter.com/i/search/timeline?l=en&f=tweets&q=MILK%20MAKEUP%20Eye%20Pigment&src=typed&max_position=TWEET-847207628669407232-981737443291525121>
None
2018-04-14 14:52:22 [scrapy] DEBUG: Scraped from <200 https://twitter.com/i/search/timeline?l=en&f=tweets&q=MILK%20MAKEUP%20Eye%20Pigment&src=typed&max_position=TWEET-847207628669407232-981737443291525121>
None
2018-04-14 14:52:22 [scrapy] DEBUG: Scraped from <200 https://twitter.com/i/search/timeline?l=en&f=tweets&q=MILK%20MAKEUP%20Eye%20Pigment&src=typed&max_position=TWEET-847207628669407232-981737443291525121>
None
2018-04-14 14:52:22 [scrapy] DEBUG: Scraped from <200 https://twitter.com/i/search/timeline?l=en&f=tweets&q=MILK%20MAKEUP%20Eye%20Pigment&src=typed&max_position=TWEET-847207628669407232-981737443291525121>
None
2018-04-14 14:52:22 [scrapy] DEBUG: Scraped from <200 https://twitter.com/i/search/timeline?l=en&f=tweets&q=MILK%20MAKEUP%20Eye%20Pigment&src=typed&max_position=TWEET-847207628669407232-981737443291525121>
None
2018-04-14 14:52:22 [scrapy] DEBUG: Scraped from <200 https://twitter.com/i/search/timeline?l=en&f=tweets&q=MILK%20MAKEUP%20Eye%20Pigment&src=typed&max_position=TWEET-847207628669407232-981737443291525121>
None
2018-04-14 14:52:22 [scrapy] DEBUG: Scraped from <200 https://twitter.com/i/search/timeline?l=en&f=tweets&q=MILK%20MAKEUP%20Eye%20Pigment&src=typed&max_position=TWEET-847207628669407232-981737443291525121>
None
2018-04-14 14:52:22 [scrapy] DEBUG: Scraped from <200 https://twitter.com/i/search/timeline?l=en&f=tweets&q=MILK%20MAKEUP%20Eye%20Pigment&src=typed&max_position=TWEET-847207628669407232-981737443291525121>
None
2018-04-14 14:52:22 [scrapy] DEBUG: Scraped from <200 https://twitter.com/i/search/timeline?l=en&f=tweets&q=MILK%20MAKEUP%20Eye%20Pigment&src=typed&max_position=TWEET-847207628669407232-981737443291525121>
None
2018-04-14 14:52:22 [scrapy] DEBUG: Scraped from <200 https://twitter.com/i/search/timeline?l=en&f=tweets&q=MILK%20MAKEUP%20Eye%20Pigment&src=typed&max_position=TWEET-847207628669407232-981737443291525121>
None
2018-04-14 14:52:22 [scrapy] DEBUG: Scraped from <200 https://twitter.com/i/search/timeline?l=en&f=tweets&q=MILK%20MAKEUP%20Eye%20Pigment&src=typed&max_position=TWEET-847207628669407232-981737443291525121>
None
2018-04-14 14:52:22 [scrapy] DEBUG: Scraped from <200 https://twitter.com/i/search/timeline?l=en&f=tweets&q=MILK%20MAKEUP%20Eye%20Pigment&src=typed&max_position=TWEET-847207628669407232-981737443291525121>
None
2018-04-14 14:52:22 [scrapy] DEBUG: Scraped from <200 https://twitter.com/i/search/timeline?l=en&f=tweets&q=MILK%20MAKEUP%20Eye%20Pigment&src=typed&max_position=TWEET-847207628669407232-981737443291525121>
None
2018-04-14 14:52:23 [scrapy] DEBUG: Scraped from <200 https://twitter.com/i/search/timeline?l=en&f=tweets&q=MILK%20MAKEUP%20Eye%20Pigment&src=typed&max_position=TWEET-847207628669407232-981737443291525121>
None
2018-04-14 14:52:23 [scrapy] DEBUG: Scraped from <200 https://twitter.com/i/search/timeline?l=en&f=tweets&q=MILK%20MAKEUP%20Eye%20Pigment&src=typed&max_position=TWEET-847207628669407232-981737443291525121>
None
2018-04-14 14:52:23 [scrapy] DEBUG: Crawled (200) <GET https://twitter.com/i/search/timeline?l=en&f=tweets&q=MILK%20MAKEUP%20Eye%20Pigment&src=typed&max_position=TWEET-847099720178814977-981737443291525121> (referer: https://twitter.com/i/search/timeline?l=en&f=tweets&q=MILK%20MAKEUP%20Eye%20Pigment&src=typed&max_position=TWEET-847207628669407232-981737443291525121)
2018-04-14 14:52:23 [scrapy] DEBUG: Scraped from <200 https://twitter.com/i/search/timeline?l=en&f=tweets&q=MILK%20MAKEUP%20Eye%20Pigment&src=typed&max_position=TWEET-847099720178814977-981737443291525121>
None
2018-04-14 14:52:24 [scrapy] DEBUG: Scraped from <200 https://twitter.com/i/search/timeline?l=en&f=tweets&q=MILK%20MAKEUP%20Eye%20Pigment&src=typed&max_position=TWEET-847099720178814977-981737443291525121>
None
2018-04-14 14:52:24 [scrapy] DEBUG: Scraped from <200 https://twitter.com/i/search/timeline?l=en&f=tweets&q=MILK%20MAKEUP%20Eye%20Pigment&src=typed&max_position=TWEET-847099720178814977-981737443291525121>
None
2018-04-14 14:52:24 [scrapy] DEBUG: Scraped from <200 https://twitter.com/i/search/timeline?l=en&f=tweets&q=MILK%20MAKEUP%20Eye%20Pigment&src=typed&max_position=TWEET-847099720178814977-981737443291525121>
None
2018-04-14 14:52:24 [scrapy] DEBUG: Scraped from <200 https://twitter.com/i/search/timeline?l=en&f=tweets&q=MILK%20MAKEUP%20Eye%20Pigment&src=typed&max_position=TWEET-847099720178814977-981737443291525121>
None
2018-04-14 14:52:24 [scrapy] INFO: Closing spider (closespider_itemcount)
2018-04-14 14:52:24 [scrapy] DEBUG: Scraped from <200 https://twitter.com/i/search/timeline?l=en&f=tweets&q=MILK%20MAKEUP%20Eye%20Pigment&src=typed&max_position=TWEET-847099720178814977-981737443291525121>
None
2018-04-14 14:52:24 [scrapy] DEBUG: Scraped from <200 https://twitter.com/i/search/timeline?l=en&f=tweets&q=MILK%20MAKEUP%20Eye%20Pigment&src=typed&max_position=TWEET-847099720178814977-981737443291525121>
None
2018-04-14 14:52:24 [scrapy] DEBUG: Scraped from <200 https://twitter.com/i/search/timeline?l=en&f=tweets&q=MILK%20MAKEUP%20Eye%20Pigment&src=typed&max_position=TWEET-847099720178814977-981737443291525121>
None
2018-04-14 14:52:24 [scrapy] DEBUG: Scraped from <200 https://twitter.com/i/search/timeline?l=en&f=tweets&q=MILK%20MAKEUP%20Eye%20Pigment&src=typed&max_position=TWEET-847099720178814977-981737443291525121>
None
2018-04-14 14:52:24 [scrapy] DEBUG: Scraped from <200 https://twitter.com/i/search/timeline?l=en&f=tweets&q=MILK%20MAKEUP%20Eye%20Pigment&src=typed&max_position=TWEET-847099720178814977-981737443291525121>
None
2018-04-14 14:52:24 [scrapy] DEBUG: Scraped from <200 https://twitter.com/i/search/timeline?l=en&f=tweets&q=MILK%20MAKEUP%20Eye%20Pigment&src=typed&max_position=TWEET-847099720178814977-981737443291525121>
None
2018-04-14 14:52:24 [scrapy] DEBUG: Scraped from <200 https://twitter.com/i/search/timeline?l=en&f=tweets&q=MILK%20MAKEUP%20Eye%20Pigment&src=typed&max_position=TWEET-847099720178814977-981737443291525121>
None
2018-04-14 14:52:24 [scrapy] DEBUG: Scraped from <200 https://twitter.com/i/search/timeline?l=en&f=tweets&q=MILK%20MAKEUP%20Eye%20Pigment&src=typed&max_position=TWEET-847099720178814977-981737443291525121>
None
2018-04-14 14:52:24 [scrapy] DEBUG: Scraped from <200 https://twitter.com/i/search/timeline?l=en&f=tweets&q=MILK%20MAKEUP%20Eye%20Pigment&src=typed&max_position=TWEET-847099720178814977-981737443291525121>
None
2018-04-14 14:52:24 [scrapy] DEBUG: Scraped from <200 https://twitter.com/i/search/timeline?l=en&f=tweets&q=MILK%20MAKEUP%20Eye%20Pigment&src=typed&max_position=TWEET-847099720178814977-981737443291525121>
None
2018-04-14 14:52:24 [scrapy] DEBUG: Scraped from <200 https://twitter.com/i/search/timeline?l=en&f=tweets&q=MILK%20MAKEUP%20Eye%20Pigment&src=typed&max_position=TWEET-847099720178814977-981737443291525121>
None
2018-04-14 14:52:24 [scrapy] DEBUG: Scraped from <200 https://twitter.com/i/search/timeline?l=en&f=tweets&q=MILK%20MAKEUP%20Eye%20Pigment&src=typed&max_position=TWEET-847099720178814977-981737443291525121>
None
2018-04-14 14:52:24 [scrapy] DEBUG: Scraped from <200 https://twitter.com/i/search/timeline?l=en&f=tweets&q=MILK%20MAKEUP%20Eye%20Pigment&src=typed&max_position=TWEET-847099720178814977-981737443291525121>
None
2018-04-14 14:52:24 [scrapy] DEBUG: Scraped from <200 https://twitter.com/i/search/timeline?l=en&f=tweets&q=MILK%20MAKEUP%20Eye%20Pigment&src=typed&max_position=TWEET-847099720178814977-981737443291525121>
None
2018-04-14 14:52:24 [scrapy] INFO: Dumping Scrapy stats:
{'downloader/request_bytes': 17522,
 'downloader/request_count': 20,
 'downloader/request_method_count/GET': 20,
 'downloader/response_bytes': 255428,
 'downloader/response_count': 20,
 'downloader/response_status_count/200': 20,
 'finish_reason': 'closespider_itemcount',
 'finish_time': datetime.datetime(2018, 4, 14, 19, 52, 24, 957857),
 'item_scraped_count': 314,
 'log_count/DEBUG': 646,
 'log_count/ERROR': 314,
 'log_count/INFO': 6,
 'memusage/max': 63221760,
 'memusage/startup': 63221760,
 'request_depth_max': 20,
 'response_received_count': 20,
 'scheduler/dequeued': 20,
 'scheduler/dequeued/memory': 20,
 'scheduler/enqueued': 21,
 'scheduler/enqueued/memory': 21,
 'start_time': datetime.datetime(2018, 4, 14, 19, 51, 52, 254240)}
2018-04-14 14:52:24 [scrapy] INFO: Spider closed (closespider_itemcount)
