2018-04-13 23:39:30 [scrapy] DEBUG: Crawled (200) <GET https://twitter.com/i/search/timeline?l=&f=tweets&q=Chicago%20since%3A2018-04-13&src=typed&max_position=> (referer: None)
2018-04-13 23:39:30 [scrapy] DEBUG: Scraped from <200 https://twitter.com/i/search/timeline?l=&f=tweets&q=Chicago%20since%3A2018-04-13&src=typed&max_position=>
None
2018-04-13 23:39:30 [scrapy] DEBUG: Scraped from <200 https://twitter.com/i/search/timeline?l=&f=tweets&q=Chicago%20since%3A2018-04-13&src=typed&max_position=>
None
2018-04-13 23:39:30 [scrapy] DEBUG: Scraped from <200 https://twitter.com/i/search/timeline?l=&f=tweets&q=Chicago%20since%3A2018-04-13&src=typed&max_position=>
None
2018-04-13 23:39:31 [scrapy] DEBUG: Scraped from <200 https://twitter.com/i/search/timeline?l=&f=tweets&q=Chicago%20since%3A2018-04-13&src=typed&max_position=>
None
2018-04-13 23:39:31 [scrapy] DEBUG: Scraped from <200 https://twitter.com/i/search/timeline?l=&f=tweets&q=Chicago%20since%3A2018-04-13&src=typed&max_position=>
None
2018-04-13 23:39:31 [scrapy] DEBUG: Scraped from <200 https://twitter.com/i/search/timeline?l=&f=tweets&q=Chicago%20since%3A2018-04-13&src=typed&max_position=>
None
2018-04-13 23:39:31 [scrapy] DEBUG: Scraped from <200 https://twitter.com/i/search/timeline?l=&f=tweets&q=Chicago%20since%3A2018-04-13&src=typed&max_position=>
None
2018-04-13 23:39:31 [scrapy] DEBUG: Scraped from <200 https://twitter.com/i/search/timeline?l=&f=tweets&q=Chicago%20since%3A2018-04-13&src=typed&max_position=>
None
2018-04-13 23:39:31 [scrapy] DEBUG: Scraped from <200 https://twitter.com/i/search/timeline?l=&f=tweets&q=Chicago%20since%3A2018-04-13&src=typed&max_position=>
None
2018-04-13 23:39:31 [scrapy] DEBUG: Scraped from <200 https://twitter.com/i/search/timeline?l=&f=tweets&q=Chicago%20since%3A2018-04-13&src=typed&max_position=>
None
2018-04-13 23:39:31 [scrapy] DEBUG: Scraped from <200 https://twitter.com/i/search/timeline?l=&f=tweets&q=Chicago%20since%3A2018-04-13&src=typed&max_position=>
None
2018-04-13 23:39:31 [scrapy] DEBUG: Scraped from <200 https://twitter.com/i/search/timeline?l=&f=tweets&q=Chicago%20since%3A2018-04-13&src=typed&max_position=>
None
2018-04-13 23:39:31 [scrapy] DEBUG: Scraped from <200 https://twitter.com/i/search/timeline?l=&f=tweets&q=Chicago%20since%3A2018-04-13&src=typed&max_position=>
None
2018-04-13 23:39:32 [scrapy] DEBUG: Scraped from <200 https://twitter.com/i/search/timeline?l=&f=tweets&q=Chicago%20since%3A2018-04-13&src=typed&max_position=>
None
2018-04-13 23:39:32 [scrapy] DEBUG: Scraped from <200 https://twitter.com/i/search/timeline?l=&f=tweets&q=Chicago%20since%3A2018-04-13&src=typed&max_position=>
None
2018-04-13 23:39:32 [scrapy] DEBUG: Scraped from <200 https://twitter.com/i/search/timeline?l=&f=tweets&q=Chicago%20since%3A2018-04-13&src=typed&max_position=>
None
2018-04-13 23:39:32 [scrapy] DEBUG: Scraped from <200 https://twitter.com/i/search/timeline?l=&f=tweets&q=Chicago%20since%3A2018-04-13&src=typed&max_position=>
None
2018-04-13 23:39:32 [scrapy] DEBUG: Scraped from <200 https://twitter.com/i/search/timeline?l=&f=tweets&q=Chicago%20since%3A2018-04-13&src=typed&max_position=>
None
2018-04-13 23:39:32 [scrapy] DEBUG: Scraped from <200 https://twitter.com/i/search/timeline?l=&f=tweets&q=Chicago%20since%3A2018-04-13&src=typed&max_position=>
None
2018-04-13 23:39:32 [scrapy] DEBUG: Scraped from <200 https://twitter.com/i/search/timeline?l=&f=tweets&q=Chicago%20since%3A2018-04-13&src=typed&max_position=>
None
2018-04-13 23:39:33 [scrapy] DEBUG: Crawled (200) <GET https://twitter.com/i/search/timeline?l=&f=tweets&q=Chicago%20since%3A2018-04-13&src=typed&max_position=TWEET-985014312250019840-985014585613697024> (referer: https://twitter.com/i/search/timeline?l=&f=tweets&q=Chicago%20since%3A2018-04-13&src=typed&max_position=)
2018-04-13 23:39:33 [scrapy] DEBUG: Scraped from <200 https://twitter.com/i/search/timeline?l=&f=tweets&q=Chicago%20since%3A2018-04-13&src=typed&max_position=TWEET-985014312250019840-985014585613697024>
None
2018-04-13 23:39:33 [scrapy] DEBUG: Scraped from <200 https://twitter.com/i/search/timeline?l=&f=tweets&q=Chicago%20since%3A2018-04-13&src=typed&max_position=TWEET-985014312250019840-985014585613697024>
None
2018-04-13 23:39:33 [scrapy] DEBUG: Scraped from <200 https://twitter.com/i/search/timeline?l=&f=tweets&q=Chicago%20since%3A2018-04-13&src=typed&max_position=TWEET-985014312250019840-985014585613697024>
None
2018-04-13 23:39:33 [scrapy] DEBUG: Scraped from <200 https://twitter.com/i/search/timeline?l=&f=tweets&q=Chicago%20since%3A2018-04-13&src=typed&max_position=TWEET-985014312250019840-985014585613697024>
None
2018-04-13 23:39:33 [scrapy] DEBUG: Scraped from <200 https://twitter.com/i/search/timeline?l=&f=tweets&q=Chicago%20since%3A2018-04-13&src=typed&max_position=TWEET-985014312250019840-985014585613697024>
None
2018-04-13 23:39:34 [scrapy] DEBUG: Scraped from <200 https://twitter.com/i/search/timeline?l=&f=tweets&q=Chicago%20since%3A2018-04-13&src=typed&max_position=TWEET-985014312250019840-985014585613697024>
None
2018-04-13 23:39:34 [scrapy] DEBUG: Scraped from <200 https://twitter.com/i/search/timeline?l=&f=tweets&q=Chicago%20since%3A2018-04-13&src=typed&max_position=TWEET-985014312250019840-985014585613697024>
None
2018-04-13 23:39:34 [scrapy] DEBUG: Scraped from <200 https://twitter.com/i/search/timeline?l=&f=tweets&q=Chicago%20since%3A2018-04-13&src=typed&max_position=TWEET-985014312250019840-985014585613697024>
None
2018-04-13 23:39:34 [scrapy] DEBUG: Scraped from <200 https://twitter.com/i/search/timeline?l=&f=tweets&q=Chicago%20since%3A2018-04-13&src=typed&max_position=TWEET-985014312250019840-985014585613697024>
None
2018-04-13 23:39:34 [scrapy] DEBUG: Scraped from <200 https://twitter.com/i/search/timeline?l=&f=tweets&q=Chicago%20since%3A2018-04-13&src=typed&max_position=TWEET-985014312250019840-985014585613697024>
None
2018-04-13 23:39:34 [scrapy] DEBUG: Scraped from <200 https://twitter.com/i/search/timeline?l=&f=tweets&q=Chicago%20since%3A2018-04-13&src=typed&max_position=TWEET-985014312250019840-985014585613697024>
None
2018-04-13 23:39:34 [scrapy] DEBUG: Scraped from <200 https://twitter.com/i/search/timeline?l=&f=tweets&q=Chicago%20since%3A2018-04-13&src=typed&max_position=TWEET-985014312250019840-985014585613697024>
None
2018-04-13 23:39:34 [scrapy] DEBUG: Scraped from <200 https://twitter.com/i/search/timeline?l=&f=tweets&q=Chicago%20since%3A2018-04-13&src=typed&max_position=TWEET-985014312250019840-985014585613697024>
None
2018-04-13 23:39:34 [scrapy] DEBUG: Scraped from <200 https://twitter.com/i/search/timeline?l=&f=tweets&q=Chicago%20since%3A2018-04-13&src=typed&max_position=TWEET-985014312250019840-985014585613697024>
None
2018-04-13 23:39:34 [scrapy] DEBUG: Scraped from <200 https://twitter.com/i/search/timeline?l=&f=tweets&q=Chicago%20since%3A2018-04-13&src=typed&max_position=TWEET-985014312250019840-985014585613697024>
None
2018-04-13 23:39:34 [scrapy] DEBUG: Scraped from <200 https://twitter.com/i/search/timeline?l=&f=tweets&q=Chicago%20since%3A2018-04-13&src=typed&max_position=TWEET-985014312250019840-985014585613697024>
None
2018-04-13 23:39:35 [scrapy] DEBUG: Scraped from <200 https://twitter.com/i/search/timeline?l=&f=tweets&q=Chicago%20since%3A2018-04-13&src=typed&max_position=TWEET-985014312250019840-985014585613697024>
None
2018-04-13 23:39:35 [scrapy] DEBUG: Scraped from <200 https://twitter.com/i/search/timeline?l=&f=tweets&q=Chicago%20since%3A2018-04-13&src=typed&max_position=TWEET-985014312250019840-985014585613697024>
None
2018-04-13 23:39:35 [scrapy] DEBUG: Scraped from <200 https://twitter.com/i/search/timeline?l=&f=tweets&q=Chicago%20since%3A2018-04-13&src=typed&max_position=TWEET-985014312250019840-985014585613697024>
None
2018-04-13 23:39:35 [scrapy] DEBUG: Crawled (200) <GET https://twitter.com/i/search/timeline?l=&f=tweets&q=Chicago%20since%3A2018-04-13&src=typed&max_position=TWEET-985013843830169600-985014585613697024> (referer: https://twitter.com/i/search/timeline?l=&f=tweets&q=Chicago%20since%3A2018-04-13&src=typed&max_position=TWEET-985014312250019840-985014585613697024)
2018-04-13 23:39:35 [scrapy] DEBUG: Scraped from <200 https://twitter.com/i/search/timeline?l=&f=tweets&q=Chicago%20since%3A2018-04-13&src=typed&max_position=TWEET-985013843830169600-985014585613697024>
None
2018-04-13 23:39:35 [scrapy] DEBUG: Scraped from <200 https://twitter.com/i/search/timeline?l=&f=tweets&q=Chicago%20since%3A2018-04-13&src=typed&max_position=TWEET-985013843830169600-985014585613697024>
None
2018-04-13 23:39:35 [scrapy] DEBUG: Scraped from <200 https://twitter.com/i/search/timeline?l=&f=tweets&q=Chicago%20since%3A2018-04-13&src=typed&max_position=TWEET-985013843830169600-985014585613697024>
None
2018-04-13 23:39:35 [scrapy] DEBUG: Scraped from <200 https://twitter.com/i/search/timeline?l=&f=tweets&q=Chicago%20since%3A2018-04-13&src=typed&max_position=TWEET-985013843830169600-985014585613697024>
None
2018-04-13 23:39:35 [scrapy] DEBUG: Scraped from <200 https://twitter.com/i/search/timeline?l=&f=tweets&q=Chicago%20since%3A2018-04-13&src=typed&max_position=TWEET-985013843830169600-985014585613697024>
None
2018-04-13 23:39:35 [scrapy] DEBUG: Scraped from <200 https://twitter.com/i/search/timeline?l=&f=tweets&q=Chicago%20since%3A2018-04-13&src=typed&max_position=TWEET-985013843830169600-985014585613697024>
None
2018-04-13 23:39:35 [scrapy] DEBUG: Scraped from <200 https://twitter.com/i/search/timeline?l=&f=tweets&q=Chicago%20since%3A2018-04-13&src=typed&max_position=TWEET-985013843830169600-985014585613697024>
None
2018-04-13 23:39:35 [scrapy] DEBUG: Scraped from <200 https://twitter.com/i/search/timeline?l=&f=tweets&q=Chicago%20since%3A2018-04-13&src=typed&max_position=TWEET-985013843830169600-985014585613697024>
None
2018-04-13 23:39:35 [scrapy] DEBUG: Scraped from <200 https://twitter.com/i/search/timeline?l=&f=tweets&q=Chicago%20since%3A2018-04-13&src=typed&max_position=TWEET-985013843830169600-985014585613697024>
None
2018-04-13 23:39:35 [scrapy] DEBUG: Scraped from <200 https://twitter.com/i/search/timeline?l=&f=tweets&q=Chicago%20since%3A2018-04-13&src=typed&max_position=TWEET-985013843830169600-985014585613697024>
None
2018-04-13 23:39:36 [scrapy] DEBUG: Scraped from <200 https://twitter.com/i/search/timeline?l=&f=tweets&q=Chicago%20since%3A2018-04-13&src=typed&max_position=TWEET-985013843830169600-985014585613697024>
None
2018-04-13 23:39:36 [scrapy] DEBUG: Scraped from <200 https://twitter.com/i/search/timeline?l=&f=tweets&q=Chicago%20since%3A2018-04-13&src=typed&max_position=TWEET-985013843830169600-985014585613697024>
None
2018-04-13 23:39:36 [scrapy] DEBUG: Scraped from <200 https://twitter.com/i/search/timeline?l=&f=tweets&q=Chicago%20since%3A2018-04-13&src=typed&max_position=TWEET-985013843830169600-985014585613697024>
None
2018-04-13 23:39:36 [scrapy] DEBUG: Scraped from <200 https://twitter.com/i/search/timeline?l=&f=tweets&q=Chicago%20since%3A2018-04-13&src=typed&max_position=TWEET-985013843830169600-985014585613697024>
None
2018-04-13 23:39:36 [scrapy] DEBUG: Scraped from <200 https://twitter.com/i/search/timeline?l=&f=tweets&q=Chicago%20since%3A2018-04-13&src=typed&max_position=TWEET-985013843830169600-985014585613697024>
None
2018-04-13 23:39:36 [scrapy] DEBUG: Scraped from <200 https://twitter.com/i/search/timeline?l=&f=tweets&q=Chicago%20since%3A2018-04-13&src=typed&max_position=TWEET-985013843830169600-985014585613697024>
None
2018-04-13 23:39:36 [scrapy] DEBUG: Scraped from <200 https://twitter.com/i/search/timeline?l=&f=tweets&q=Chicago%20since%3A2018-04-13&src=typed&max_position=TWEET-985013843830169600-985014585613697024>
None
2018-04-13 23:39:36 [scrapy] DEBUG: Scraped from <200 https://twitter.com/i/search/timeline?l=&f=tweets&q=Chicago%20since%3A2018-04-13&src=typed&max_position=TWEET-985013843830169600-985014585613697024>
None
2018-04-13 23:39:36 [scrapy] DEBUG: Scraped from <200 https://twitter.com/i/search/timeline?l=&f=tweets&q=Chicago%20since%3A2018-04-13&src=typed&max_position=TWEET-985013843830169600-985014585613697024>
None
2018-04-13 23:39:36 [scrapy] DEBUG: Scraped from <200 https://twitter.com/i/search/timeline?l=&f=tweets&q=Chicago%20since%3A2018-04-13&src=typed&max_position=TWEET-985013843830169600-985014585613697024>
None
2018-04-13 23:39:36 [scrapy] DEBUG: Crawled (200) <GET https://twitter.com/i/search/timeline?l=&f=tweets&q=Chicago%20since%3A2018-04-13&src=typed&max_position=TWEET-985013318443204608-985014585613697024> (referer: https://twitter.com/i/search/timeline?l=&f=tweets&q=Chicago%20since%3A2018-04-13&src=typed&max_position=TWEET-985013843830169600-985014585613697024)
2018-04-13 23:39:37 [scrapy] DEBUG: Scraped from <200 https://twitter.com/i/search/timeline?l=&f=tweets&q=Chicago%20since%3A2018-04-13&src=typed&max_position=TWEET-985013318443204608-985014585613697024>
None
2018-04-13 23:39:37 [scrapy] DEBUG: Scraped from <200 https://twitter.com/i/search/timeline?l=&f=tweets&q=Chicago%20since%3A2018-04-13&src=typed&max_position=TWEET-985013318443204608-985014585613697024>
None
2018-04-13 23:39:37 [scrapy] DEBUG: Scraped from <200 https://twitter.com/i/search/timeline?l=&f=tweets&q=Chicago%20since%3A2018-04-13&src=typed&max_position=TWEET-985013318443204608-985014585613697024>
None
2018-04-13 23:39:37 [scrapy] DEBUG: Scraped from <200 https://twitter.com/i/search/timeline?l=&f=tweets&q=Chicago%20since%3A2018-04-13&src=typed&max_position=TWEET-985013318443204608-985014585613697024>
None
2018-04-13 23:39:37 [scrapy] DEBUG: Scraped from <200 https://twitter.com/i/search/timeline?l=&f=tweets&q=Chicago%20since%3A2018-04-13&src=typed&max_position=TWEET-985013318443204608-985014585613697024>
None
2018-04-13 23:39:37 [scrapy] DEBUG: Scraped from <200 https://twitter.com/i/search/timeline?l=&f=tweets&q=Chicago%20since%3A2018-04-13&src=typed&max_position=TWEET-985013318443204608-985014585613697024>
None
2018-04-13 23:39:37 [scrapy] DEBUG: Scraped from <200 https://twitter.com/i/search/timeline?l=&f=tweets&q=Chicago%20since%3A2018-04-13&src=typed&max_position=TWEET-985013318443204608-985014585613697024>
None
2018-04-13 23:39:37 [scrapy] DEBUG: Scraped from <200 https://twitter.com/i/search/timeline?l=&f=tweets&q=Chicago%20since%3A2018-04-13&src=typed&max_position=TWEET-985013318443204608-985014585613697024>
None
2018-04-13 23:39:37 [scrapy] DEBUG: Scraped from <200 https://twitter.com/i/search/timeline?l=&f=tweets&q=Chicago%20since%3A2018-04-13&src=typed&max_position=TWEET-985013318443204608-985014585613697024>
None
2018-04-13 23:39:37 [scrapy] DEBUG: Scraped from <200 https://twitter.com/i/search/timeline?l=&f=tweets&q=Chicago%20since%3A2018-04-13&src=typed&max_position=TWEET-985013318443204608-985014585613697024>
None
2018-04-13 23:39:37 [scrapy] DEBUG: Scraped from <200 https://twitter.com/i/search/timeline?l=&f=tweets&q=Chicago%20since%3A2018-04-13&src=typed&max_position=TWEET-985013318443204608-985014585613697024>
None
2018-04-13 23:39:37 [scrapy] DEBUG: Scraped from <200 https://twitter.com/i/search/timeline?l=&f=tweets&q=Chicago%20since%3A2018-04-13&src=typed&max_position=TWEET-985013318443204608-985014585613697024>
None
2018-04-13 23:39:37 [scrapy] DEBUG: Scraped from <200 https://twitter.com/i/search/timeline?l=&f=tweets&q=Chicago%20since%3A2018-04-13&src=typed&max_position=TWEET-985013318443204608-985014585613697024>
None
2018-04-13 23:39:37 [scrapy] DEBUG: Scraped from <200 https://twitter.com/i/search/timeline?l=&f=tweets&q=Chicago%20since%3A2018-04-13&src=typed&max_position=TWEET-985013318443204608-985014585613697024>
None
2018-04-13 23:39:37 [scrapy] DEBUG: Scraped from <200 https://twitter.com/i/search/timeline?l=&f=tweets&q=Chicago%20since%3A2018-04-13&src=typed&max_position=TWEET-985013318443204608-985014585613697024>
None
2018-04-13 23:39:37 [scrapy] DEBUG: Scraped from <200 https://twitter.com/i/search/timeline?l=&f=tweets&q=Chicago%20since%3A2018-04-13&src=typed&max_position=TWEET-985013318443204608-985014585613697024>
None
2018-04-13 23:39:37 [scrapy] DEBUG: Scraped from <200 https://twitter.com/i/search/timeline?l=&f=tweets&q=Chicago%20since%3A2018-04-13&src=typed&max_position=TWEET-985013318443204608-985014585613697024>
None
2018-04-13 23:39:37 [scrapy] DEBUG: Scraped from <200 https://twitter.com/i/search/timeline?l=&f=tweets&q=Chicago%20since%3A2018-04-13&src=typed&max_position=TWEET-985013318443204608-985014585613697024>
None
2018-04-13 23:39:38 [scrapy] DEBUG: Scraped from <200 https://twitter.com/i/search/timeline?l=&f=tweets&q=Chicago%20since%3A2018-04-13&src=typed&max_position=TWEET-985013318443204608-985014585613697024>
None
2018-04-13 23:39:38 [scrapy] DEBUG: Scraped from <200 https://twitter.com/i/search/timeline?l=&f=tweets&q=Chicago%20since%3A2018-04-13&src=typed&max_position=TWEET-985013318443204608-985014585613697024>
None
2018-04-13 23:39:38 [scrapy] DEBUG: Crawled (200) <GET https://twitter.com/i/search/timeline?l=&f=tweets&q=Chicago%20since%3A2018-04-13&src=typed&max_position=TWEET-985012842968608768-985014585613697024> (referer: https://twitter.com/i/search/timeline?l=&f=tweets&q=Chicago%20since%3A2018-04-13&src=typed&max_position=TWEET-985013318443204608-985014585613697024)
2018-04-13 23:39:38 [scrapy] DEBUG: Scraped from <200 https://twitter.com/i/search/timeline?l=&f=tweets&q=Chicago%20since%3A2018-04-13&src=typed&max_position=TWEET-985012842968608768-985014585613697024>
None
2018-04-13 23:39:38 [scrapy] DEBUG: Scraped from <200 https://twitter.com/i/search/timeline?l=&f=tweets&q=Chicago%20since%3A2018-04-13&src=typed&max_position=TWEET-985012842968608768-985014585613697024>
None
2018-04-13 23:39:38 [scrapy] DEBUG: Scraped from <200 https://twitter.com/i/search/timeline?l=&f=tweets&q=Chicago%20since%3A2018-04-13&src=typed&max_position=TWEET-985012842968608768-985014585613697024>
None
2018-04-13 23:39:38 [scrapy] DEBUG: Scraped from <200 https://twitter.com/i/search/timeline?l=&f=tweets&q=Chicago%20since%3A2018-04-13&src=typed&max_position=TWEET-985012842968608768-985014585613697024>
None
2018-04-13 23:39:38 [scrapy] DEBUG: Scraped from <200 https://twitter.com/i/search/timeline?l=&f=tweets&q=Chicago%20since%3A2018-04-13&src=typed&max_position=TWEET-985012842968608768-985014585613697024>
None
2018-04-13 23:39:38 [scrapy] DEBUG: Scraped from <200 https://twitter.com/i/search/timeline?l=&f=tweets&q=Chicago%20since%3A2018-04-13&src=typed&max_position=TWEET-985012842968608768-985014585613697024>
None
2018-04-13 23:39:38 [scrapy] DEBUG: Scraped from <200 https://twitter.com/i/search/timeline?l=&f=tweets&q=Chicago%20since%3A2018-04-13&src=typed&max_position=TWEET-985012842968608768-985014585613697024>
None
2018-04-13 23:39:38 [scrapy] DEBUG: Scraped from <200 https://twitter.com/i/search/timeline?l=&f=tweets&q=Chicago%20since%3A2018-04-13&src=typed&max_position=TWEET-985012842968608768-985014585613697024>
None
2018-04-13 23:39:39 [scrapy] DEBUG: Scraped from <200 https://twitter.com/i/search/timeline?l=&f=tweets&q=Chicago%20since%3A2018-04-13&src=typed&max_position=TWEET-985012842968608768-985014585613697024>
None
2018-04-13 23:39:39 [scrapy] DEBUG: Scraped from <200 https://twitter.com/i/search/timeline?l=&f=tweets&q=Chicago%20since%3A2018-04-13&src=typed&max_position=TWEET-985012842968608768-985014585613697024>
None
2018-04-13 23:39:39 [scrapy] DEBUG: Scraped from <200 https://twitter.com/i/search/timeline?l=&f=tweets&q=Chicago%20since%3A2018-04-13&src=typed&max_position=TWEET-985012842968608768-985014585613697024>
None
2018-04-13 23:39:39 [scrapy] DEBUG: Scraped from <200 https://twitter.com/i/search/timeline?l=&f=tweets&q=Chicago%20since%3A2018-04-13&src=typed&max_position=TWEET-985012842968608768-985014585613697024>
None
2018-04-13 23:39:39 [scrapy] DEBUG: Scraped from <200 https://twitter.com/i/search/timeline?l=&f=tweets&q=Chicago%20since%3A2018-04-13&src=typed&max_position=TWEET-985012842968608768-985014585613697024>
None
2018-04-13 23:39:39 [scrapy] DEBUG: Scraped from <200 https://twitter.com/i/search/timeline?l=&f=tweets&q=Chicago%20since%3A2018-04-13&src=typed&max_position=TWEET-985012842968608768-985014585613697024>
None
2018-04-13 23:39:39 [scrapy] DEBUG: Scraped from <200 https://twitter.com/i/search/timeline?l=&f=tweets&q=Chicago%20since%3A2018-04-13&src=typed&max_position=TWEET-985012842968608768-985014585613697024>
None
2018-04-13 23:39:39 [scrapy] DEBUG: Scraped from <200 https://twitter.com/i/search/timeline?l=&f=tweets&q=Chicago%20since%3A2018-04-13&src=typed&max_position=TWEET-985012842968608768-985014585613697024>
None
2018-04-13 23:39:39 [scrapy] DEBUG: Scraped from <200 https://twitter.com/i/search/timeline?l=&f=tweets&q=Chicago%20since%3A2018-04-13&src=typed&max_position=TWEET-985012842968608768-985014585613697024>
None
2018-04-13 23:39:39 [scrapy] DEBUG: Scraped from <200 https://twitter.com/i/search/timeline?l=&f=tweets&q=Chicago%20since%3A2018-04-13&src=typed&max_position=TWEET-985012842968608768-985014585613697024>
None
2018-04-13 23:39:39 [scrapy] DEBUG: Scraped from <200 https://twitter.com/i/search/timeline?l=&f=tweets&q=Chicago%20since%3A2018-04-13&src=typed&max_position=TWEET-985012842968608768-985014585613697024>
None
2018-04-13 23:39:39 [scrapy] DEBUG: Scraped from <200 https://twitter.com/i/search/timeline?l=&f=tweets&q=Chicago%20since%3A2018-04-13&src=typed&max_position=TWEET-985012842968608768-985014585613697024>
None
2018-04-13 23:39:40 [scrapy] DEBUG: Crawled (200) <GET https://twitter.com/i/search/timeline?l=&f=tweets&q=Chicago%20since%3A2018-04-13&src=typed&max_position=TWEET-985012387655761920-985014585613697024> (referer: https://twitter.com/i/search/timeline?l=&f=tweets&q=Chicago%20since%3A2018-04-13&src=typed&max_position=TWEET-985012842968608768-985014585613697024)
2018-04-13 23:39:40 [scrapy] DEBUG: Scraped from <200 https://twitter.com/i/search/timeline?l=&f=tweets&q=Chicago%20since%3A2018-04-13&src=typed&max_position=TWEET-985012387655761920-985014585613697024>
None
2018-04-13 23:39:40 [scrapy] INFO: Closing spider (closespider_itemcount)
2018-04-13 23:39:40 [scrapy] DEBUG: Scraped from <200 https://twitter.com/i/search/timeline?l=&f=tweets&q=Chicago%20since%3A2018-04-13&src=typed&max_position=TWEET-985012387655761920-985014585613697024>
None
2018-04-13 23:39:40 [scrapy] DEBUG: Scraped from <200 https://twitter.com/i/search/timeline?l=&f=tweets&q=Chicago%20since%3A2018-04-13&src=typed&max_position=TWEET-985012387655761920-985014585613697024>
None
2018-04-13 23:39:40 [scrapy] DEBUG: Scraped from <200 https://twitter.com/i/search/timeline?l=&f=tweets&q=Chicago%20since%3A2018-04-13&src=typed&max_position=TWEET-985012387655761920-985014585613697024>
None
2018-04-13 23:39:40 [scrapy] DEBUG: Scraped from <200 https://twitter.com/i/search/timeline?l=&f=tweets&q=Chicago%20since%3A2018-04-13&src=typed&max_position=TWEET-985012387655761920-985014585613697024>
None
2018-04-13 23:39:40 [scrapy] DEBUG: Scraped from <200 https://twitter.com/i/search/timeline?l=&f=tweets&q=Chicago%20since%3A2018-04-13&src=typed&max_position=TWEET-985012387655761920-985014585613697024>
None
2018-04-13 23:39:40 [scrapy] DEBUG: Scraped from <200 https://twitter.com/i/search/timeline?l=&f=tweets&q=Chicago%20since%3A2018-04-13&src=typed&max_position=TWEET-985012387655761920-985014585613697024>
None
2018-04-13 23:39:40 [scrapy] DEBUG: Scraped from <200 https://twitter.com/i/search/timeline?l=&f=tweets&q=Chicago%20since%3A2018-04-13&src=typed&max_position=TWEET-985012387655761920-985014585613697024>
None
2018-04-13 23:39:40 [scrapy] DEBUG: Scraped from <200 https://twitter.com/i/search/timeline?l=&f=tweets&q=Chicago%20since%3A2018-04-13&src=typed&max_position=TWEET-985012387655761920-985014585613697024>
None
2018-04-13 23:39:40 [scrapy] DEBUG: Scraped from <200 https://twitter.com/i/search/timeline?l=&f=tweets&q=Chicago%20since%3A2018-04-13&src=typed&max_position=TWEET-985012387655761920-985014585613697024>
None
2018-04-13 23:39:40 [scrapy] DEBUG: Scraped from <200 https://twitter.com/i/search/timeline?l=&f=tweets&q=Chicago%20since%3A2018-04-13&src=typed&max_position=TWEET-985012387655761920-985014585613697024>
None
2018-04-13 23:39:40 [scrapy] DEBUG: Scraped from <200 https://twitter.com/i/search/timeline?l=&f=tweets&q=Chicago%20since%3A2018-04-13&src=typed&max_position=TWEET-985012387655761920-985014585613697024>
None
2018-04-13 23:39:40 [scrapy] DEBUG: Scraped from <200 https://twitter.com/i/search/timeline?l=&f=tweets&q=Chicago%20since%3A2018-04-13&src=typed&max_position=TWEET-985012387655761920-985014585613697024>
None
2018-04-13 23:39:40 [scrapy] DEBUG: Scraped from <200 https://twitter.com/i/search/timeline?l=&f=tweets&q=Chicago%20since%3A2018-04-13&src=typed&max_position=TWEET-985012387655761920-985014585613697024>
None
2018-04-13 23:39:40 [scrapy] DEBUG: Scraped from <200 https://twitter.com/i/search/timeline?l=&f=tweets&q=Chicago%20since%3A2018-04-13&src=typed&max_position=TWEET-985012387655761920-985014585613697024>
None
2018-04-13 23:39:41 [scrapy] DEBUG: Scraped from <200 https://twitter.com/i/search/timeline?l=&f=tweets&q=Chicago%20since%3A2018-04-13&src=typed&max_position=TWEET-985012387655761920-985014585613697024>
None
2018-04-13 23:39:41 [scrapy] DEBUG: Scraped from <200 https://twitter.com/i/search/timeline?l=&f=tweets&q=Chicago%20since%3A2018-04-13&src=typed&max_position=TWEET-985012387655761920-985014585613697024>
None
2018-04-13 23:39:41 [scrapy] DEBUG: Scraped from <200 https://twitter.com/i/search/timeline?l=&f=tweets&q=Chicago%20since%3A2018-04-13&src=typed&max_position=TWEET-985012387655761920-985014585613697024>
None
2018-04-13 23:39:41 [scrapy] DEBUG: Scraped from <200 https://twitter.com/i/search/timeline?l=&f=tweets&q=Chicago%20since%3A2018-04-13&src=typed&max_position=TWEET-985012387655761920-985014585613697024>
None
2018-04-13 23:39:41 [scrapy] DEBUG: Scraped from <200 https://twitter.com/i/search/timeline?l=&f=tweets&q=Chicago%20since%3A2018-04-13&src=typed&max_position=TWEET-985012387655761920-985014585613697024>
None
2018-04-13 23:39:41 [scrapy] INFO: Dumping Scrapy stats:
{'downloader/request_bytes': 4749,
 'downloader/request_count': 6,
 'downloader/request_method_count/GET': 6,
 'downloader/response_bytes': 101560,
 'downloader/response_count': 6,
 'downloader/response_status_count/200': 6,
 'finish_reason': 'closespider_itemcount',
 'finish_time': datetime.datetime(2018, 4, 14, 4, 39, 41, 205979),
 'item_scraped_count': 119,
 'log_count/DEBUG': 159,
 'log_count/ERROR': 119,
 'log_count/INFO': 6,
 'memusage/max': 51175424,
 'memusage/startup': 51175424,
 'request_depth_max': 6,
 'response_received_count': 6,
 'scheduler/dequeued': 6,
 'scheduler/dequeued/memory': 6,
 'scheduler/enqueued': 7,
 'scheduler/enqueued/memory': 7,
 'start_time': datetime.datetime(2018, 4, 14, 4, 39, 29, 786568)}
2018-04-13 23:39:41 [scrapy] INFO: Spider closed (closespider_itemcount)
