2018-04-14 14:27:03 [scrapy] DEBUG: Crawled (200) <GET https://twitter.com/i/search/timeline?l=&f=tweets&q=Eye%20Pigment&src=typed&max_position=> (referer: None)
2018-04-14 14:27:04 [scrapy] DEBUG: Scraped from <200 https://twitter.com/i/search/timeline?l=&f=tweets&q=Eye%20Pigment&src=typed&max_position=>
None
2018-04-14 14:27:04 [scrapy] DEBUG: Scraped from <200 https://twitter.com/i/search/timeline?l=&f=tweets&q=Eye%20Pigment&src=typed&max_position=>
None
2018-04-14 14:27:04 [scrapy] DEBUG: Scraped from <200 https://twitter.com/i/search/timeline?l=&f=tweets&q=Eye%20Pigment&src=typed&max_position=>
None
2018-04-14 14:27:04 [scrapy] DEBUG: Scraped from <200 https://twitter.com/i/search/timeline?l=&f=tweets&q=Eye%20Pigment&src=typed&max_position=>
None
2018-04-14 14:27:04 [scrapy] DEBUG: Scraped from <200 https://twitter.com/i/search/timeline?l=&f=tweets&q=Eye%20Pigment&src=typed&max_position=>
None
2018-04-14 14:27:04 [scrapy] DEBUG: Scraped from <200 https://twitter.com/i/search/timeline?l=&f=tweets&q=Eye%20Pigment&src=typed&max_position=>
None
2018-04-14 14:27:04 [scrapy] DEBUG: Scraped from <200 https://twitter.com/i/search/timeline?l=&f=tweets&q=Eye%20Pigment&src=typed&max_position=>
None
2018-04-14 14:27:04 [scrapy] DEBUG: Scraped from <200 https://twitter.com/i/search/timeline?l=&f=tweets&q=Eye%20Pigment&src=typed&max_position=>
None
2018-04-14 14:27:04 [scrapy] DEBUG: Scraped from <200 https://twitter.com/i/search/timeline?l=&f=tweets&q=Eye%20Pigment&src=typed&max_position=>
None
2018-04-14 14:27:04 [scrapy] DEBUG: Scraped from <200 https://twitter.com/i/search/timeline?l=&f=tweets&q=Eye%20Pigment&src=typed&max_position=>
None
2018-04-14 14:27:04 [scrapy] DEBUG: Scraped from <200 https://twitter.com/i/search/timeline?l=&f=tweets&q=Eye%20Pigment&src=typed&max_position=>
None
2018-04-14 14:27:04 [scrapy] DEBUG: Scraped from <200 https://twitter.com/i/search/timeline?l=&f=tweets&q=Eye%20Pigment&src=typed&max_position=>
None
2018-04-14 14:27:04 [scrapy] DEBUG: Scraped from <200 https://twitter.com/i/search/timeline?l=&f=tweets&q=Eye%20Pigment&src=typed&max_position=>
None
2018-04-14 14:27:04 [scrapy] DEBUG: Scraped from <200 https://twitter.com/i/search/timeline?l=&f=tweets&q=Eye%20Pigment&src=typed&max_position=>
None
2018-04-14 14:27:04 [scrapy] DEBUG: Crawled (200) <GET https://twitter.com/i/search/timeline?l=&f=tweets&q=Eye%20Pigment&src=typed&max_position=TWEET-984753389031624704-985221434468458496> (referer: https://twitter.com/i/search/timeline?l=&f=tweets&q=Eye%20Pigment&src=typed&max_position=)
2018-04-14 14:27:05 [scrapy] DEBUG: Scraped from <200 https://twitter.com/i/search/timeline?l=&f=tweets&q=Eye%20Pigment&src=typed&max_position=TWEET-984753389031624704-985221434468458496>
None
2018-04-14 14:27:05 [scrapy] DEBUG: Scraped from <200 https://twitter.com/i/search/timeline?l=&f=tweets&q=Eye%20Pigment&src=typed&max_position=TWEET-984753389031624704-985221434468458496>
None
2018-04-14 14:27:05 [scrapy] DEBUG: Scraped from <200 https://twitter.com/i/search/timeline?l=&f=tweets&q=Eye%20Pigment&src=typed&max_position=TWEET-984753389031624704-985221434468458496>
None
2018-04-14 14:27:05 [scrapy] DEBUG: Scraped from <200 https://twitter.com/i/search/timeline?l=&f=tweets&q=Eye%20Pigment&src=typed&max_position=TWEET-984753389031624704-985221434468458496>
None
2018-04-14 14:27:05 [scrapy] DEBUG: Scraped from <200 https://twitter.com/i/search/timeline?l=&f=tweets&q=Eye%20Pigment&src=typed&max_position=TWEET-984753389031624704-985221434468458496>
None
2018-04-14 14:27:05 [scrapy] DEBUG: Scraped from <200 https://twitter.com/i/search/timeline?l=&f=tweets&q=Eye%20Pigment&src=typed&max_position=TWEET-984753389031624704-985221434468458496>
None
2018-04-14 14:27:05 [scrapy] DEBUG: Scraped from <200 https://twitter.com/i/search/timeline?l=&f=tweets&q=Eye%20Pigment&src=typed&max_position=TWEET-984753389031624704-985221434468458496>
None
2018-04-14 14:27:05 [scrapy] DEBUG: Scraped from <200 https://twitter.com/i/search/timeline?l=&f=tweets&q=Eye%20Pigment&src=typed&max_position=TWEET-984753389031624704-985221434468458496>
None
2018-04-14 14:27:05 [scrapy] DEBUG: Scraped from <200 https://twitter.com/i/search/timeline?l=&f=tweets&q=Eye%20Pigment&src=typed&max_position=TWEET-984753389031624704-985221434468458496>
None
2018-04-14 14:27:05 [scrapy] DEBUG: Scraped from <200 https://twitter.com/i/search/timeline?l=&f=tweets&q=Eye%20Pigment&src=typed&max_position=TWEET-984753389031624704-985221434468458496>
None
2018-04-14 14:27:05 [scrapy] DEBUG: Scraped from <200 https://twitter.com/i/search/timeline?l=&f=tweets&q=Eye%20Pigment&src=typed&max_position=TWEET-984753389031624704-985221434468458496>
None
2018-04-14 14:27:05 [scrapy] DEBUG: Scraped from <200 https://twitter.com/i/search/timeline?l=&f=tweets&q=Eye%20Pigment&src=typed&max_position=TWEET-984753389031624704-985221434468458496>
None
2018-04-14 14:27:05 [scrapy] DEBUG: Scraped from <200 https://twitter.com/i/search/timeline?l=&f=tweets&q=Eye%20Pigment&src=typed&max_position=TWEET-984753389031624704-985221434468458496>
None
2018-04-14 14:27:05 [scrapy] DEBUG: Scraped from <200 https://twitter.com/i/search/timeline?l=&f=tweets&q=Eye%20Pigment&src=typed&max_position=TWEET-984753389031624704-985221434468458496>
None
2018-04-14 14:27:05 [scrapy] DEBUG: Scraped from <200 https://twitter.com/i/search/timeline?l=&f=tweets&q=Eye%20Pigment&src=typed&max_position=TWEET-984753389031624704-985221434468458496>
None
2018-04-14 14:27:05 [scrapy] DEBUG: Scraped from <200 https://twitter.com/i/search/timeline?l=&f=tweets&q=Eye%20Pigment&src=typed&max_position=TWEET-984753389031624704-985221434468458496>
None
2018-04-14 14:27:05 [scrapy] DEBUG: Scraped from <200 https://twitter.com/i/search/timeline?l=&f=tweets&q=Eye%20Pigment&src=typed&max_position=TWEET-984753389031624704-985221434468458496>
None
2018-04-14 14:27:06 [scrapy] DEBUG: Crawled (200) <GET https://twitter.com/i/search/timeline?l=&f=tweets&q=Eye%20Pigment&src=typed&max_position=TWEET-984342436393766912-985221434468458496> (referer: https://twitter.com/i/search/timeline?l=&f=tweets&q=Eye%20Pigment&src=typed&max_position=TWEET-984753389031624704-985221434468458496)
2018-04-14 14:27:06 [scrapy] DEBUG: Scraped from <200 https://twitter.com/i/search/timeline?l=&f=tweets&q=Eye%20Pigment&src=typed&max_position=TWEET-984342436393766912-985221434468458496>
None
2018-04-14 14:27:06 [scrapy] DEBUG: Scraped from <200 https://twitter.com/i/search/timeline?l=&f=tweets&q=Eye%20Pigment&src=typed&max_position=TWEET-984342436393766912-985221434468458496>
None
2018-04-14 14:27:06 [scrapy] DEBUG: Scraped from <200 https://twitter.com/i/search/timeline?l=&f=tweets&q=Eye%20Pigment&src=typed&max_position=TWEET-984342436393766912-985221434468458496>
None
2018-04-14 14:27:06 [scrapy] DEBUG: Scraped from <200 https://twitter.com/i/search/timeline?l=&f=tweets&q=Eye%20Pigment&src=typed&max_position=TWEET-984342436393766912-985221434468458496>
None
2018-04-14 14:27:06 [scrapy] DEBUG: Scraped from <200 https://twitter.com/i/search/timeline?l=&f=tweets&q=Eye%20Pigment&src=typed&max_position=TWEET-984342436393766912-985221434468458496>
None
2018-04-14 14:27:06 [scrapy] DEBUG: Scraped from <200 https://twitter.com/i/search/timeline?l=&f=tweets&q=Eye%20Pigment&src=typed&max_position=TWEET-984342436393766912-985221434468458496>
None
2018-04-14 14:27:06 [scrapy] DEBUG: Scraped from <200 https://twitter.com/i/search/timeline?l=&f=tweets&q=Eye%20Pigment&src=typed&max_position=TWEET-984342436393766912-985221434468458496>
None
2018-04-14 14:27:06 [scrapy] DEBUG: Scraped from <200 https://twitter.com/i/search/timeline?l=&f=tweets&q=Eye%20Pigment&src=typed&max_position=TWEET-984342436393766912-985221434468458496>
None
2018-04-14 14:27:06 [scrapy] DEBUG: Scraped from <200 https://twitter.com/i/search/timeline?l=&f=tweets&q=Eye%20Pigment&src=typed&max_position=TWEET-984342436393766912-985221434468458496>
None
2018-04-14 14:27:06 [scrapy] DEBUG: Scraped from <200 https://twitter.com/i/search/timeline?l=&f=tweets&q=Eye%20Pigment&src=typed&max_position=TWEET-984342436393766912-985221434468458496>
None
2018-04-14 14:27:06 [scrapy] DEBUG: Scraped from <200 https://twitter.com/i/search/timeline?l=&f=tweets&q=Eye%20Pigment&src=typed&max_position=TWEET-984342436393766912-985221434468458496>
None
2018-04-14 14:27:06 [scrapy] DEBUG: Scraped from <200 https://twitter.com/i/search/timeline?l=&f=tweets&q=Eye%20Pigment&src=typed&max_position=TWEET-984342436393766912-985221434468458496>
None
2018-04-14 14:27:06 [scrapy] DEBUG: Scraped from <200 https://twitter.com/i/search/timeline?l=&f=tweets&q=Eye%20Pigment&src=typed&max_position=TWEET-984342436393766912-985221434468458496>
None
2018-04-14 14:27:06 [scrapy] DEBUG: Scraped from <200 https://twitter.com/i/search/timeline?l=&f=tweets&q=Eye%20Pigment&src=typed&max_position=TWEET-984342436393766912-985221434468458496>
None
2018-04-14 14:27:07 [scrapy] DEBUG: Crawled (200) <GET https://twitter.com/i/search/timeline?l=&f=tweets&q=Eye%20Pigment&src=typed&max_position=TWEET-984043620448776192-985221434468458496> (referer: https://twitter.com/i/search/timeline?l=&f=tweets&q=Eye%20Pigment&src=typed&max_position=TWEET-984342436393766912-985221434468458496)
2018-04-14 14:27:07 [scrapy] DEBUG: Scraped from <200 https://twitter.com/i/search/timeline?l=&f=tweets&q=Eye%20Pigment&src=typed&max_position=TWEET-984043620448776192-985221434468458496>
None
2018-04-14 14:27:07 [scrapy] DEBUG: Scraped from <200 https://twitter.com/i/search/timeline?l=&f=tweets&q=Eye%20Pigment&src=typed&max_position=TWEET-984043620448776192-985221434468458496>
None
2018-04-14 14:27:07 [scrapy] DEBUG: Scraped from <200 https://twitter.com/i/search/timeline?l=&f=tweets&q=Eye%20Pigment&src=typed&max_position=TWEET-984043620448776192-985221434468458496>
None
2018-04-14 14:27:07 [scrapy] DEBUG: Scraped from <200 https://twitter.com/i/search/timeline?l=&f=tweets&q=Eye%20Pigment&src=typed&max_position=TWEET-984043620448776192-985221434468458496>
None
2018-04-14 14:27:07 [scrapy] DEBUG: Scraped from <200 https://twitter.com/i/search/timeline?l=&f=tweets&q=Eye%20Pigment&src=typed&max_position=TWEET-984043620448776192-985221434468458496>
None
2018-04-14 14:27:07 [scrapy] DEBUG: Scraped from <200 https://twitter.com/i/search/timeline?l=&f=tweets&q=Eye%20Pigment&src=typed&max_position=TWEET-984043620448776192-985221434468458496>
None
2018-04-14 14:27:07 [scrapy] DEBUG: Scraped from <200 https://twitter.com/i/search/timeline?l=&f=tweets&q=Eye%20Pigment&src=typed&max_position=TWEET-984043620448776192-985221434468458496>
None
2018-04-14 14:27:07 [scrapy] DEBUG: Scraped from <200 https://twitter.com/i/search/timeline?l=&f=tweets&q=Eye%20Pigment&src=typed&max_position=TWEET-984043620448776192-985221434468458496>
None
2018-04-14 14:27:07 [scrapy] DEBUG: Scraped from <200 https://twitter.com/i/search/timeline?l=&f=tweets&q=Eye%20Pigment&src=typed&max_position=TWEET-984043620448776192-985221434468458496>
None
2018-04-14 14:27:07 [scrapy] DEBUG: Scraped from <200 https://twitter.com/i/search/timeline?l=&f=tweets&q=Eye%20Pigment&src=typed&max_position=TWEET-984043620448776192-985221434468458496>
None
2018-04-14 14:27:07 [scrapy] DEBUG: Scraped from <200 https://twitter.com/i/search/timeline?l=&f=tweets&q=Eye%20Pigment&src=typed&max_position=TWEET-984043620448776192-985221434468458496>
None
2018-04-14 14:27:07 [scrapy] DEBUG: Scraped from <200 https://twitter.com/i/search/timeline?l=&f=tweets&q=Eye%20Pigment&src=typed&max_position=TWEET-984043620448776192-985221434468458496>
None
2018-04-14 14:27:07 [scrapy] DEBUG: Scraped from <200 https://twitter.com/i/search/timeline?l=&f=tweets&q=Eye%20Pigment&src=typed&max_position=TWEET-984043620448776192-985221434468458496>
None
2018-04-14 14:27:07 [scrapy] DEBUG: Scraped from <200 https://twitter.com/i/search/timeline?l=&f=tweets&q=Eye%20Pigment&src=typed&max_position=TWEET-984043620448776192-985221434468458496>
None
2018-04-14 14:27:07 [scrapy] DEBUG: Scraped from <200 https://twitter.com/i/search/timeline?l=&f=tweets&q=Eye%20Pigment&src=typed&max_position=TWEET-984043620448776192-985221434468458496>
None
2018-04-14 14:27:08 [scrapy] DEBUG: Crawled (200) <GET https://twitter.com/i/search/timeline?l=&f=tweets&q=Eye%20Pigment&src=typed&max_position=TWEET-983648533461913601-985221434468458496> (referer: https://twitter.com/i/search/timeline?l=&f=tweets&q=Eye%20Pigment&src=typed&max_position=TWEET-984043620448776192-985221434468458496)
2018-04-14 14:27:08 [scrapy] DEBUG: Scraped from <200 https://twitter.com/i/search/timeline?l=&f=tweets&q=Eye%20Pigment&src=typed&max_position=TWEET-983648533461913601-985221434468458496>
None
2018-04-14 14:27:08 [scrapy] DEBUG: Scraped from <200 https://twitter.com/i/search/timeline?l=&f=tweets&q=Eye%20Pigment&src=typed&max_position=TWEET-983648533461913601-985221434468458496>
None
2018-04-14 14:27:08 [scrapy] DEBUG: Scraped from <200 https://twitter.com/i/search/timeline?l=&f=tweets&q=Eye%20Pigment&src=typed&max_position=TWEET-983648533461913601-985221434468458496>
None
2018-04-14 14:27:08 [scrapy] DEBUG: Scraped from <200 https://twitter.com/i/search/timeline?l=&f=tweets&q=Eye%20Pigment&src=typed&max_position=TWEET-983648533461913601-985221434468458496>
None
2018-04-14 14:27:08 [scrapy] DEBUG: Scraped from <200 https://twitter.com/i/search/timeline?l=&f=tweets&q=Eye%20Pigment&src=typed&max_position=TWEET-983648533461913601-985221434468458496>
None
2018-04-14 14:27:08 [scrapy] DEBUG: Scraped from <200 https://twitter.com/i/search/timeline?l=&f=tweets&q=Eye%20Pigment&src=typed&max_position=TWEET-983648533461913601-985221434468458496>
None
2018-04-14 14:27:08 [scrapy] DEBUG: Scraped from <200 https://twitter.com/i/search/timeline?l=&f=tweets&q=Eye%20Pigment&src=typed&max_position=TWEET-983648533461913601-985221434468458496>
None
2018-04-14 14:27:08 [scrapy] DEBUG: Scraped from <200 https://twitter.com/i/search/timeline?l=&f=tweets&q=Eye%20Pigment&src=typed&max_position=TWEET-983648533461913601-985221434468458496>
None
2018-04-14 14:27:08 [scrapy] DEBUG: Scraped from <200 https://twitter.com/i/search/timeline?l=&f=tweets&q=Eye%20Pigment&src=typed&max_position=TWEET-983648533461913601-985221434468458496>
None
2018-04-14 14:27:08 [scrapy] DEBUG: Scraped from <200 https://twitter.com/i/search/timeline?l=&f=tweets&q=Eye%20Pigment&src=typed&max_position=TWEET-983648533461913601-985221434468458496>
None
2018-04-14 14:27:08 [scrapy] DEBUG: Scraped from <200 https://twitter.com/i/search/timeline?l=&f=tweets&q=Eye%20Pigment&src=typed&max_position=TWEET-983648533461913601-985221434468458496>
None
2018-04-14 14:27:08 [scrapy] DEBUG: Scraped from <200 https://twitter.com/i/search/timeline?l=&f=tweets&q=Eye%20Pigment&src=typed&max_position=TWEET-983648533461913601-985221434468458496>
None
2018-04-14 14:27:08 [scrapy] DEBUG: Scraped from <200 https://twitter.com/i/search/timeline?l=&f=tweets&q=Eye%20Pigment&src=typed&max_position=TWEET-983648533461913601-985221434468458496>
None
2018-04-14 14:27:08 [scrapy] DEBUG: Scraped from <200 https://twitter.com/i/search/timeline?l=&f=tweets&q=Eye%20Pigment&src=typed&max_position=TWEET-983648533461913601-985221434468458496>
None
2018-04-14 14:27:08 [scrapy] DEBUG: Scraped from <200 https://twitter.com/i/search/timeline?l=&f=tweets&q=Eye%20Pigment&src=typed&max_position=TWEET-983648533461913601-985221434468458496>
None
2018-04-14 14:27:09 [scrapy] DEBUG: Crawled (200) <GET https://twitter.com/i/search/timeline?l=&f=tweets&q=Eye%20Pigment&src=typed&max_position=TWEET-983138566929879040-985221434468458496> (referer: https://twitter.com/i/search/timeline?l=&f=tweets&q=Eye%20Pigment&src=typed&max_position=TWEET-983648533461913601-985221434468458496)
2018-04-14 14:27:09 [scrapy] DEBUG: Scraped from <200 https://twitter.com/i/search/timeline?l=&f=tweets&q=Eye%20Pigment&src=typed&max_position=TWEET-983138566929879040-985221434468458496>
None
2018-04-14 14:27:09 [scrapy] DEBUG: Scraped from <200 https://twitter.com/i/search/timeline?l=&f=tweets&q=Eye%20Pigment&src=typed&max_position=TWEET-983138566929879040-985221434468458496>
None
2018-04-14 14:27:09 [scrapy] DEBUG: Scraped from <200 https://twitter.com/i/search/timeline?l=&f=tweets&q=Eye%20Pigment&src=typed&max_position=TWEET-983138566929879040-985221434468458496>
None
2018-04-14 14:27:09 [scrapy] DEBUG: Scraped from <200 https://twitter.com/i/search/timeline?l=&f=tweets&q=Eye%20Pigment&src=typed&max_position=TWEET-983138566929879040-985221434468458496>
None
2018-04-14 14:27:09 [scrapy] DEBUG: Scraped from <200 https://twitter.com/i/search/timeline?l=&f=tweets&q=Eye%20Pigment&src=typed&max_position=TWEET-983138566929879040-985221434468458496>
None
2018-04-14 14:27:09 [scrapy] DEBUG: Scraped from <200 https://twitter.com/i/search/timeline?l=&f=tweets&q=Eye%20Pigment&src=typed&max_position=TWEET-983138566929879040-985221434468458496>
None
2018-04-14 14:27:09 [scrapy] DEBUG: Scraped from <200 https://twitter.com/i/search/timeline?l=&f=tweets&q=Eye%20Pigment&src=typed&max_position=TWEET-983138566929879040-985221434468458496>
None
2018-04-14 14:27:09 [scrapy] DEBUG: Scraped from <200 https://twitter.com/i/search/timeline?l=&f=tweets&q=Eye%20Pigment&src=typed&max_position=TWEET-983138566929879040-985221434468458496>
None
2018-04-14 14:27:09 [scrapy] DEBUG: Scraped from <200 https://twitter.com/i/search/timeline?l=&f=tweets&q=Eye%20Pigment&src=typed&max_position=TWEET-983138566929879040-985221434468458496>
None
2018-04-14 14:27:09 [scrapy] DEBUG: Scraped from <200 https://twitter.com/i/search/timeline?l=&f=tweets&q=Eye%20Pigment&src=typed&max_position=TWEET-983138566929879040-985221434468458496>
None
2018-04-14 14:27:09 [scrapy] DEBUG: Scraped from <200 https://twitter.com/i/search/timeline?l=&f=tweets&q=Eye%20Pigment&src=typed&max_position=TWEET-983138566929879040-985221434468458496>
None
2018-04-14 14:27:09 [scrapy] DEBUG: Scraped from <200 https://twitter.com/i/search/timeline?l=&f=tweets&q=Eye%20Pigment&src=typed&max_position=TWEET-983138566929879040-985221434468458496>
None
2018-04-14 14:27:09 [scrapy] DEBUG: Scraped from <200 https://twitter.com/i/search/timeline?l=&f=tweets&q=Eye%20Pigment&src=typed&max_position=TWEET-983138566929879040-985221434468458496>
None
2018-04-14 14:27:09 [scrapy] DEBUG: Scraped from <200 https://twitter.com/i/search/timeline?l=&f=tweets&q=Eye%20Pigment&src=typed&max_position=TWEET-983138566929879040-985221434468458496>
None
2018-04-14 14:27:09 [scrapy] DEBUG: Scraped from <200 https://twitter.com/i/search/timeline?l=&f=tweets&q=Eye%20Pigment&src=typed&max_position=TWEET-983138566929879040-985221434468458496>
None
2018-04-14 14:27:09 [scrapy] DEBUG: Scraped from <200 https://twitter.com/i/search/timeline?l=&f=tweets&q=Eye%20Pigment&src=typed&max_position=TWEET-983138566929879040-985221434468458496>
None
2018-04-14 14:27:10 [scrapy] DEBUG: Crawled (200) <GET https://twitter.com/i/search/timeline?l=&f=tweets&q=Eye%20Pigment&src=typed&max_position=TWEET-982713367029837824-985221434468458496> (referer: https://twitter.com/i/search/timeline?l=&f=tweets&q=Eye%20Pigment&src=typed&max_position=TWEET-983138566929879040-985221434468458496)
2018-04-14 14:27:10 [scrapy] DEBUG: Scraped from <200 https://twitter.com/i/search/timeline?l=&f=tweets&q=Eye%20Pigment&src=typed&max_position=TWEET-982713367029837824-985221434468458496>
None
2018-04-14 14:27:10 [scrapy] DEBUG: Scraped from <200 https://twitter.com/i/search/timeline?l=&f=tweets&q=Eye%20Pigment&src=typed&max_position=TWEET-982713367029837824-985221434468458496>
None
2018-04-14 14:27:10 [scrapy] DEBUG: Scraped from <200 https://twitter.com/i/search/timeline?l=&f=tweets&q=Eye%20Pigment&src=typed&max_position=TWEET-982713367029837824-985221434468458496>
None
2018-04-14 14:27:10 [scrapy] DEBUG: Scraped from <200 https://twitter.com/i/search/timeline?l=&f=tweets&q=Eye%20Pigment&src=typed&max_position=TWEET-982713367029837824-985221434468458496>
None
2018-04-14 14:27:10 [scrapy] DEBUG: Scraped from <200 https://twitter.com/i/search/timeline?l=&f=tweets&q=Eye%20Pigment&src=typed&max_position=TWEET-982713367029837824-985221434468458496>
None
2018-04-14 14:27:10 [scrapy] DEBUG: Scraped from <200 https://twitter.com/i/search/timeline?l=&f=tweets&q=Eye%20Pigment&src=typed&max_position=TWEET-982713367029837824-985221434468458496>
None
2018-04-14 14:27:10 [scrapy] DEBUG: Scraped from <200 https://twitter.com/i/search/timeline?l=&f=tweets&q=Eye%20Pigment&src=typed&max_position=TWEET-982713367029837824-985221434468458496>
None
2018-04-14 14:27:10 [scrapy] DEBUG: Scraped from <200 https://twitter.com/i/search/timeline?l=&f=tweets&q=Eye%20Pigment&src=typed&max_position=TWEET-982713367029837824-985221434468458496>
None
2018-04-14 14:27:10 [scrapy] DEBUG: Scraped from <200 https://twitter.com/i/search/timeline?l=&f=tweets&q=Eye%20Pigment&src=typed&max_position=TWEET-982713367029837824-985221434468458496>
None
2018-04-14 14:27:10 [scrapy] INFO: Closing spider (closespider_itemcount)
2018-04-14 14:27:10 [scrapy] DEBUG: Scraped from <200 https://twitter.com/i/search/timeline?l=&f=tweets&q=Eye%20Pigment&src=typed&max_position=TWEET-982713367029837824-985221434468458496>
None
2018-04-14 14:27:10 [scrapy] DEBUG: Scraped from <200 https://twitter.com/i/search/timeline?l=&f=tweets&q=Eye%20Pigment&src=typed&max_position=TWEET-982713367029837824-985221434468458496>
None
2018-04-14 14:27:10 [scrapy] DEBUG: Scraped from <200 https://twitter.com/i/search/timeline?l=&f=tweets&q=Eye%20Pigment&src=typed&max_position=TWEET-982713367029837824-985221434468458496>
None
2018-04-14 14:27:10 [scrapy] INFO: Dumping Scrapy stats:
{'downloader/request_bytes': 5458,
 'downloader/request_count': 7,
 'downloader/request_method_count/GET': 7,
 'downloader/response_bytes': 102143,
 'downloader/response_count': 7,
 'downloader/response_status_count/200': 7,
 'finish_reason': 'closespider_itemcount',
 'finish_time': datetime.datetime(2018, 4, 14, 19, 27, 10, 753476),
 'item_scraped_count': 103,
 'log_count/DEBUG': 110,
 'log_count/ERROR': 103,
 'log_count/INFO': 6,
 'memusage/max': 58544128,
 'memusage/startup': 58544128,
 'request_depth_max': 7,
 'response_received_count': 7,
 'scheduler/dequeued': 7,
 'scheduler/dequeued/memory': 7,
 'scheduler/enqueued': 8,
 'scheduler/enqueued/memory': 8,
 'start_time': datetime.datetime(2018, 4, 14, 19, 27, 3, 313064)}
2018-04-14 14:27:10 [scrapy] INFO: Spider closed (closespider_itemcount)
