2018-04-13 23:34:30 [scrapy] DEBUG: Crawled (200) <GET https://twitter.com/i/search/timeline?l=&f=tweets&q=sephora%20since%3A2018-04-13&src=typed&max_position=> (referer: None)
2018-04-13 23:34:31 [scrapy] DEBUG: Scraped from <200 https://twitter.com/i/search/timeline?l=&f=tweets&q=sephora%20since%3A2018-04-13&src=typed&max_position=>
None
2018-04-13 23:34:31 [scrapy] DEBUG: Scraped from <200 https://twitter.com/i/search/timeline?l=&f=tweets&q=sephora%20since%3A2018-04-13&src=typed&max_position=>
None
2018-04-13 23:34:31 [scrapy] DEBUG: Scraped from <200 https://twitter.com/i/search/timeline?l=&f=tweets&q=sephora%20since%3A2018-04-13&src=typed&max_position=>
None
2018-04-13 23:34:31 [scrapy] DEBUG: Scraped from <200 https://twitter.com/i/search/timeline?l=&f=tweets&q=sephora%20since%3A2018-04-13&src=typed&max_position=>
None
2018-04-13 23:34:31 [scrapy] DEBUG: Scraped from <200 https://twitter.com/i/search/timeline?l=&f=tweets&q=sephora%20since%3A2018-04-13&src=typed&max_position=>
None
2018-04-13 23:34:31 [scrapy] DEBUG: Scraped from <200 https://twitter.com/i/search/timeline?l=&f=tweets&q=sephora%20since%3A2018-04-13&src=typed&max_position=>
None
2018-04-13 23:34:32 [scrapy] DEBUG: Scraped from <200 https://twitter.com/i/search/timeline?l=&f=tweets&q=sephora%20since%3A2018-04-13&src=typed&max_position=>
None
2018-04-13 23:34:32 [scrapy] DEBUG: Scraped from <200 https://twitter.com/i/search/timeline?l=&f=tweets&q=sephora%20since%3A2018-04-13&src=typed&max_position=>
None
2018-04-13 23:34:32 [scrapy] DEBUG: Scraped from <200 https://twitter.com/i/search/timeline?l=&f=tweets&q=sephora%20since%3A2018-04-13&src=typed&max_position=>
None
2018-04-13 23:34:32 [scrapy] DEBUG: Scraped from <200 https://twitter.com/i/search/timeline?l=&f=tweets&q=sephora%20since%3A2018-04-13&src=typed&max_position=>
None
2018-04-13 23:34:32 [scrapy] DEBUG: Scraped from <200 https://twitter.com/i/search/timeline?l=&f=tweets&q=sephora%20since%3A2018-04-13&src=typed&max_position=>
None
2018-04-13 23:34:32 [scrapy] DEBUG: Scraped from <200 https://twitter.com/i/search/timeline?l=&f=tweets&q=sephora%20since%3A2018-04-13&src=typed&max_position=>
None
2018-04-13 23:34:32 [scrapy] DEBUG: Scraped from <200 https://twitter.com/i/search/timeline?l=&f=tweets&q=sephora%20since%3A2018-04-13&src=typed&max_position=>
None
2018-04-13 23:34:32 [scrapy] DEBUG: Scraped from <200 https://twitter.com/i/search/timeline?l=&f=tweets&q=sephora%20since%3A2018-04-13&src=typed&max_position=>
None
2018-04-13 23:34:32 [scrapy] DEBUG: Scraped from <200 https://twitter.com/i/search/timeline?l=&f=tweets&q=sephora%20since%3A2018-04-13&src=typed&max_position=>
None
2018-04-13 23:34:33 [scrapy] DEBUG: Scraped from <200 https://twitter.com/i/search/timeline?l=&f=tweets&q=sephora%20since%3A2018-04-13&src=typed&max_position=>
None
2018-04-13 23:34:33 [scrapy] DEBUG: Scraped from <200 https://twitter.com/i/search/timeline?l=&f=tweets&q=sephora%20since%3A2018-04-13&src=typed&max_position=>
None
2018-04-13 23:34:33 [scrapy] DEBUG: Scraped from <200 https://twitter.com/i/search/timeline?l=&f=tweets&q=sephora%20since%3A2018-04-13&src=typed&max_position=>
None
2018-04-13 23:34:33 [scrapy] DEBUG: Scraped from <200 https://twitter.com/i/search/timeline?l=&f=tweets&q=sephora%20since%3A2018-04-13&src=typed&max_position=>
None
2018-04-13 23:34:33 [scrapy] DEBUG: Scraped from <200 https://twitter.com/i/search/timeline?l=&f=tweets&q=sephora%20since%3A2018-04-13&src=typed&max_position=>
None
2018-04-13 23:34:33 [scrapy] DEBUG: Crawled (200) <GET https://twitter.com/i/search/timeline?l=&f=tweets&q=sephora%20since%3A2018-04-13&src=typed&max_position=TWEET-985011038151036928-985013318006931456> (referer: https://twitter.com/i/search/timeline?l=&f=tweets&q=sephora%20since%3A2018-04-13&src=typed&max_position=)
2018-04-13 23:34:34 [scrapy] DEBUG: Scraped from <200 https://twitter.com/i/search/timeline?l=&f=tweets&q=sephora%20since%3A2018-04-13&src=typed&max_position=TWEET-985011038151036928-985013318006931456>
None
2018-04-13 23:34:34 [scrapy] DEBUG: Scraped from <200 https://twitter.com/i/search/timeline?l=&f=tweets&q=sephora%20since%3A2018-04-13&src=typed&max_position=TWEET-985011038151036928-985013318006931456>
None
2018-04-13 23:34:34 [scrapy] DEBUG: Scraped from <200 https://twitter.com/i/search/timeline?l=&f=tweets&q=sephora%20since%3A2018-04-13&src=typed&max_position=TWEET-985011038151036928-985013318006931456>
None
2018-04-13 23:34:34 [scrapy] DEBUG: Scraped from <200 https://twitter.com/i/search/timeline?l=&f=tweets&q=sephora%20since%3A2018-04-13&src=typed&max_position=TWEET-985011038151036928-985013318006931456>
None
2018-04-13 23:34:34 [scrapy] DEBUG: Scraped from <200 https://twitter.com/i/search/timeline?l=&f=tweets&q=sephora%20since%3A2018-04-13&src=typed&max_position=TWEET-985011038151036928-985013318006931456>
None
2018-04-13 23:34:34 [scrapy] DEBUG: Scraped from <200 https://twitter.com/i/search/timeline?l=&f=tweets&q=sephora%20since%3A2018-04-13&src=typed&max_position=TWEET-985011038151036928-985013318006931456>
None
2018-04-13 23:34:34 [scrapy] DEBUG: Scraped from <200 https://twitter.com/i/search/timeline?l=&f=tweets&q=sephora%20since%3A2018-04-13&src=typed&max_position=TWEET-985011038151036928-985013318006931456>
None
2018-04-13 23:34:34 [scrapy] DEBUG: Scraped from <200 https://twitter.com/i/search/timeline?l=&f=tweets&q=sephora%20since%3A2018-04-13&src=typed&max_position=TWEET-985011038151036928-985013318006931456>
None
2018-04-13 23:34:34 [scrapy] DEBUG: Scraped from <200 https://twitter.com/i/search/timeline?l=&f=tweets&q=sephora%20since%3A2018-04-13&src=typed&max_position=TWEET-985011038151036928-985013318006931456>
None
2018-04-13 23:34:34 [scrapy] DEBUG: Scraped from <200 https://twitter.com/i/search/timeline?l=&f=tweets&q=sephora%20since%3A2018-04-13&src=typed&max_position=TWEET-985011038151036928-985013318006931456>
None
2018-04-13 23:34:34 [scrapy] DEBUG: Scraped from <200 https://twitter.com/i/search/timeline?l=&f=tweets&q=sephora%20since%3A2018-04-13&src=typed&max_position=TWEET-985011038151036928-985013318006931456>
None
2018-04-13 23:34:34 [scrapy] DEBUG: Scraped from <200 https://twitter.com/i/search/timeline?l=&f=tweets&q=sephora%20since%3A2018-04-13&src=typed&max_position=TWEET-985011038151036928-985013318006931456>
None
2018-04-13 23:34:35 [scrapy] DEBUG: Scraped from <200 https://twitter.com/i/search/timeline?l=&f=tweets&q=sephora%20since%3A2018-04-13&src=typed&max_position=TWEET-985011038151036928-985013318006931456>
None
2018-04-13 23:34:35 [scrapy] DEBUG: Scraped from <200 https://twitter.com/i/search/timeline?l=&f=tweets&q=sephora%20since%3A2018-04-13&src=typed&max_position=TWEET-985011038151036928-985013318006931456>
None
2018-04-13 23:34:35 [scrapy] DEBUG: Scraped from <200 https://twitter.com/i/search/timeline?l=&f=tweets&q=sephora%20since%3A2018-04-13&src=typed&max_position=TWEET-985011038151036928-985013318006931456>
None
2018-04-13 23:34:35 [scrapy] DEBUG: Scraped from <200 https://twitter.com/i/search/timeline?l=&f=tweets&q=sephora%20since%3A2018-04-13&src=typed&max_position=TWEET-985011038151036928-985013318006931456>
None
2018-04-13 23:34:35 [scrapy] DEBUG: Scraped from <200 https://twitter.com/i/search/timeline?l=&f=tweets&q=sephora%20since%3A2018-04-13&src=typed&max_position=TWEET-985011038151036928-985013318006931456>
None
2018-04-13 23:34:35 [scrapy] DEBUG: Scraped from <200 https://twitter.com/i/search/timeline?l=&f=tweets&q=sephora%20since%3A2018-04-13&src=typed&max_position=TWEET-985011038151036928-985013318006931456>
None
2018-04-13 23:34:35 [scrapy] DEBUG: Scraped from <200 https://twitter.com/i/search/timeline?l=&f=tweets&q=sephora%20since%3A2018-04-13&src=typed&max_position=TWEET-985011038151036928-985013318006931456>
None
2018-04-13 23:34:35 [scrapy] DEBUG: Scraped from <200 https://twitter.com/i/search/timeline?l=&f=tweets&q=sephora%20since%3A2018-04-13&src=typed&max_position=TWEET-985011038151036928-985013318006931456>
None
2018-04-13 23:34:36 [scrapy] DEBUG: Crawled (200) <GET https://twitter.com/i/search/timeline?l=&f=tweets&q=sephora%20since%3A2018-04-13&src=typed&max_position=TWEET-985008464425603072-985013318006931456> (referer: https://twitter.com/i/search/timeline?l=&f=tweets&q=sephora%20since%3A2018-04-13&src=typed&max_position=TWEET-985011038151036928-985013318006931456)
2018-04-13 23:34:36 [scrapy] DEBUG: Scraped from <200 https://twitter.com/i/search/timeline?l=&f=tweets&q=sephora%20since%3A2018-04-13&src=typed&max_position=TWEET-985008464425603072-985013318006931456>
None
2018-04-13 23:34:36 [scrapy] DEBUG: Scraped from <200 https://twitter.com/i/search/timeline?l=&f=tweets&q=sephora%20since%3A2018-04-13&src=typed&max_position=TWEET-985008464425603072-985013318006931456>
None
2018-04-13 23:34:36 [scrapy] DEBUG: Scraped from <200 https://twitter.com/i/search/timeline?l=&f=tweets&q=sephora%20since%3A2018-04-13&src=typed&max_position=TWEET-985008464425603072-985013318006931456>
None
2018-04-13 23:34:36 [scrapy] DEBUG: Scraped from <200 https://twitter.com/i/search/timeline?l=&f=tweets&q=sephora%20since%3A2018-04-13&src=typed&max_position=TWEET-985008464425603072-985013318006931456>
None
2018-04-13 23:34:36 [scrapy] DEBUG: Scraped from <200 https://twitter.com/i/search/timeline?l=&f=tweets&q=sephora%20since%3A2018-04-13&src=typed&max_position=TWEET-985008464425603072-985013318006931456>
None
2018-04-13 23:34:37 [scrapy] DEBUG: Scraped from <200 https://twitter.com/i/search/timeline?l=&f=tweets&q=sephora%20since%3A2018-04-13&src=typed&max_position=TWEET-985008464425603072-985013318006931456>
None
2018-04-13 23:34:37 [scrapy] DEBUG: Scraped from <200 https://twitter.com/i/search/timeline?l=&f=tweets&q=sephora%20since%3A2018-04-13&src=typed&max_position=TWEET-985008464425603072-985013318006931456>
None
2018-04-13 23:34:37 [scrapy] DEBUG: Scraped from <200 https://twitter.com/i/search/timeline?l=&f=tweets&q=sephora%20since%3A2018-04-13&src=typed&max_position=TWEET-985008464425603072-985013318006931456>
None
2018-04-13 23:34:37 [scrapy] DEBUG: Scraped from <200 https://twitter.com/i/search/timeline?l=&f=tweets&q=sephora%20since%3A2018-04-13&src=typed&max_position=TWEET-985008464425603072-985013318006931456>
None
2018-04-13 23:34:37 [scrapy] DEBUG: Scraped from <200 https://twitter.com/i/search/timeline?l=&f=tweets&q=sephora%20since%3A2018-04-13&src=typed&max_position=TWEET-985008464425603072-985013318006931456>
None
2018-04-13 23:34:37 [scrapy] DEBUG: Scraped from <200 https://twitter.com/i/search/timeline?l=&f=tweets&q=sephora%20since%3A2018-04-13&src=typed&max_position=TWEET-985008464425603072-985013318006931456>
None
2018-04-13 23:34:37 [scrapy] DEBUG: Scraped from <200 https://twitter.com/i/search/timeline?l=&f=tweets&q=sephora%20since%3A2018-04-13&src=typed&max_position=TWEET-985008464425603072-985013318006931456>
None
2018-04-13 23:34:37 [scrapy] DEBUG: Scraped from <200 https://twitter.com/i/search/timeline?l=&f=tweets&q=sephora%20since%3A2018-04-13&src=typed&max_position=TWEET-985008464425603072-985013318006931456>
None
2018-04-13 23:34:37 [scrapy] DEBUG: Scraped from <200 https://twitter.com/i/search/timeline?l=&f=tweets&q=sephora%20since%3A2018-04-13&src=typed&max_position=TWEET-985008464425603072-985013318006931456>
None
2018-04-13 23:34:37 [scrapy] DEBUG: Scraped from <200 https://twitter.com/i/search/timeline?l=&f=tweets&q=sephora%20since%3A2018-04-13&src=typed&max_position=TWEET-985008464425603072-985013318006931456>
None
2018-04-13 23:34:37 [scrapy] DEBUG: Scraped from <200 https://twitter.com/i/search/timeline?l=&f=tweets&q=sephora%20since%3A2018-04-13&src=typed&max_position=TWEET-985008464425603072-985013318006931456>
None
2018-04-13 23:34:38 [scrapy] DEBUG: Scraped from <200 https://twitter.com/i/search/timeline?l=&f=tweets&q=sephora%20since%3A2018-04-13&src=typed&max_position=TWEET-985008464425603072-985013318006931456>
None
2018-04-13 23:34:38 [scrapy] DEBUG: Scraped from <200 https://twitter.com/i/search/timeline?l=&f=tweets&q=sephora%20since%3A2018-04-13&src=typed&max_position=TWEET-985008464425603072-985013318006931456>
None
2018-04-13 23:34:38 [scrapy] DEBUG: Scraped from <200 https://twitter.com/i/search/timeline?l=&f=tweets&q=sephora%20since%3A2018-04-13&src=typed&max_position=TWEET-985008464425603072-985013318006931456>
None
2018-04-13 23:34:38 [scrapy] DEBUG: Scraped from <200 https://twitter.com/i/search/timeline?l=&f=tweets&q=sephora%20since%3A2018-04-13&src=typed&max_position=TWEET-985008464425603072-985013318006931456>
None
2018-04-13 23:34:38 [scrapy] DEBUG: Crawled (200) <GET https://twitter.com/i/search/timeline?l=&f=tweets&q=sephora%20since%3A2018-04-13&src=typed&max_position=TWEET-985006505203138560-985013318006931456> (referer: https://twitter.com/i/search/timeline?l=&f=tweets&q=sephora%20since%3A2018-04-13&src=typed&max_position=TWEET-985008464425603072-985013318006931456)
2018-04-13 23:34:39 [scrapy] DEBUG: Scraped from <200 https://twitter.com/i/search/timeline?l=&f=tweets&q=sephora%20since%3A2018-04-13&src=typed&max_position=TWEET-985006505203138560-985013318006931456>
None
2018-04-13 23:34:39 [scrapy] DEBUG: Scraped from <200 https://twitter.com/i/search/timeline?l=&f=tweets&q=sephora%20since%3A2018-04-13&src=typed&max_position=TWEET-985006505203138560-985013318006931456>
None
2018-04-13 23:34:39 [scrapy] DEBUG: Scraped from <200 https://twitter.com/i/search/timeline?l=&f=tweets&q=sephora%20since%3A2018-04-13&src=typed&max_position=TWEET-985006505203138560-985013318006931456>
None
2018-04-13 23:34:39 [scrapy] DEBUG: Scraped from <200 https://twitter.com/i/search/timeline?l=&f=tweets&q=sephora%20since%3A2018-04-13&src=typed&max_position=TWEET-985006505203138560-985013318006931456>
None
2018-04-13 23:34:39 [scrapy] DEBUG: Scraped from <200 https://twitter.com/i/search/timeline?l=&f=tweets&q=sephora%20since%3A2018-04-13&src=typed&max_position=TWEET-985006505203138560-985013318006931456>
None
2018-04-13 23:34:39 [scrapy] DEBUG: Scraped from <200 https://twitter.com/i/search/timeline?l=&f=tweets&q=sephora%20since%3A2018-04-13&src=typed&max_position=TWEET-985006505203138560-985013318006931456>
None
2018-04-13 23:34:39 [scrapy] DEBUG: Scraped from <200 https://twitter.com/i/search/timeline?l=&f=tweets&q=sephora%20since%3A2018-04-13&src=typed&max_position=TWEET-985006505203138560-985013318006931456>
None
2018-04-13 23:34:39 [scrapy] DEBUG: Scraped from <200 https://twitter.com/i/search/timeline?l=&f=tweets&q=sephora%20since%3A2018-04-13&src=typed&max_position=TWEET-985006505203138560-985013318006931456>
None
2018-04-13 23:34:39 [scrapy] DEBUG: Scraped from <200 https://twitter.com/i/search/timeline?l=&f=tweets&q=sephora%20since%3A2018-04-13&src=typed&max_position=TWEET-985006505203138560-985013318006931456>
None
2018-04-13 23:34:39 [scrapy] DEBUG: Scraped from <200 https://twitter.com/i/search/timeline?l=&f=tweets&q=sephora%20since%3A2018-04-13&src=typed&max_position=TWEET-985006505203138560-985013318006931456>
None
2018-04-13 23:34:39 [scrapy] DEBUG: Scraped from <200 https://twitter.com/i/search/timeline?l=&f=tweets&q=sephora%20since%3A2018-04-13&src=typed&max_position=TWEET-985006505203138560-985013318006931456>
None
2018-04-13 23:34:39 [scrapy] DEBUG: Scraped from <200 https://twitter.com/i/search/timeline?l=&f=tweets&q=sephora%20since%3A2018-04-13&src=typed&max_position=TWEET-985006505203138560-985013318006931456>
None
2018-04-13 23:34:39 [scrapy] DEBUG: Scraped from <200 https://twitter.com/i/search/timeline?l=&f=tweets&q=sephora%20since%3A2018-04-13&src=typed&max_position=TWEET-985006505203138560-985013318006931456>
None
2018-04-13 23:34:40 [scrapy] DEBUG: Scraped from <200 https://twitter.com/i/search/timeline?l=&f=tweets&q=sephora%20since%3A2018-04-13&src=typed&max_position=TWEET-985006505203138560-985013318006931456>
None
2018-04-13 23:34:40 [scrapy] DEBUG: Scraped from <200 https://twitter.com/i/search/timeline?l=&f=tweets&q=sephora%20since%3A2018-04-13&src=typed&max_position=TWEET-985006505203138560-985013318006931456>
None
2018-04-13 23:34:40 [scrapy] DEBUG: Scraped from <200 https://twitter.com/i/search/timeline?l=&f=tweets&q=sephora%20since%3A2018-04-13&src=typed&max_position=TWEET-985006505203138560-985013318006931456>
None
2018-04-13 23:34:40 [scrapy] DEBUG: Scraped from <200 https://twitter.com/i/search/timeline?l=&f=tweets&q=sephora%20since%3A2018-04-13&src=typed&max_position=TWEET-985006505203138560-985013318006931456>
None
2018-04-13 23:34:40 [scrapy] DEBUG: Scraped from <200 https://twitter.com/i/search/timeline?l=&f=tweets&q=sephora%20since%3A2018-04-13&src=typed&max_position=TWEET-985006505203138560-985013318006931456>
None
2018-04-13 23:34:40 [scrapy] DEBUG: Scraped from <200 https://twitter.com/i/search/timeline?l=&f=tweets&q=sephora%20since%3A2018-04-13&src=typed&max_position=TWEET-985006505203138560-985013318006931456>
None
2018-04-13 23:34:40 [scrapy] DEBUG: Scraped from <200 https://twitter.com/i/search/timeline?l=&f=tweets&q=sephora%20since%3A2018-04-13&src=typed&max_position=TWEET-985006505203138560-985013318006931456>
None
2018-04-13 23:34:41 [scrapy] DEBUG: Crawled (200) <GET https://twitter.com/i/search/timeline?l=&f=tweets&q=sephora%20since%3A2018-04-13&src=typed&max_position=TWEET-985004656840663040-985013318006931456> (referer: https://twitter.com/i/search/timeline?l=&f=tweets&q=sephora%20since%3A2018-04-13&src=typed&max_position=TWEET-985006505203138560-985013318006931456)
2018-04-13 23:34:41 [scrapy] DEBUG: Scraped from <200 https://twitter.com/i/search/timeline?l=&f=tweets&q=sephora%20since%3A2018-04-13&src=typed&max_position=TWEET-985004656840663040-985013318006931456>
None
2018-04-13 23:34:41 [scrapy] DEBUG: Scraped from <200 https://twitter.com/i/search/timeline?l=&f=tweets&q=sephora%20since%3A2018-04-13&src=typed&max_position=TWEET-985004656840663040-985013318006931456>
None
2018-04-13 23:34:41 [scrapy] DEBUG: Scraped from <200 https://twitter.com/i/search/timeline?l=&f=tweets&q=sephora%20since%3A2018-04-13&src=typed&max_position=TWEET-985004656840663040-985013318006931456>
None
2018-04-13 23:34:41 [scrapy] DEBUG: Scraped from <200 https://twitter.com/i/search/timeline?l=&f=tweets&q=sephora%20since%3A2018-04-13&src=typed&max_position=TWEET-985004656840663040-985013318006931456>
None
2018-04-13 23:34:41 [scrapy] DEBUG: Scraped from <200 https://twitter.com/i/search/timeline?l=&f=tweets&q=sephora%20since%3A2018-04-13&src=typed&max_position=TWEET-985004656840663040-985013318006931456>
None
2018-04-13 23:34:41 [scrapy] DEBUG: Scraped from <200 https://twitter.com/i/search/timeline?l=&f=tweets&q=sephora%20since%3A2018-04-13&src=typed&max_position=TWEET-985004656840663040-985013318006931456>
None
2018-04-13 23:34:41 [scrapy] DEBUG: Scraped from <200 https://twitter.com/i/search/timeline?l=&f=tweets&q=sephora%20since%3A2018-04-13&src=typed&max_position=TWEET-985004656840663040-985013318006931456>
None
2018-04-13 23:34:41 [scrapy] DEBUG: Scraped from <200 https://twitter.com/i/search/timeline?l=&f=tweets&q=sephora%20since%3A2018-04-13&src=typed&max_position=TWEET-985004656840663040-985013318006931456>
None
2018-04-13 23:34:42 [scrapy] DEBUG: Scraped from <200 https://twitter.com/i/search/timeline?l=&f=tweets&q=sephora%20since%3A2018-04-13&src=typed&max_position=TWEET-985004656840663040-985013318006931456>
None
2018-04-13 23:34:42 [scrapy] DEBUG: Scraped from <200 https://twitter.com/i/search/timeline?l=&f=tweets&q=sephora%20since%3A2018-04-13&src=typed&max_position=TWEET-985004656840663040-985013318006931456>
None
2018-04-13 23:34:42 [scrapy] DEBUG: Scraped from <200 https://twitter.com/i/search/timeline?l=&f=tweets&q=sephora%20since%3A2018-04-13&src=typed&max_position=TWEET-985004656840663040-985013318006931456>
None
2018-04-13 23:34:42 [scrapy] DEBUG: Scraped from <200 https://twitter.com/i/search/timeline?l=&f=tweets&q=sephora%20since%3A2018-04-13&src=typed&max_position=TWEET-985004656840663040-985013318006931456>
None
2018-04-13 23:34:42 [scrapy] DEBUG: Scraped from <200 https://twitter.com/i/search/timeline?l=&f=tweets&q=sephora%20since%3A2018-04-13&src=typed&max_position=TWEET-985004656840663040-985013318006931456>
None
2018-04-13 23:34:42 [scrapy] DEBUG: Scraped from <200 https://twitter.com/i/search/timeline?l=&f=tweets&q=sephora%20since%3A2018-04-13&src=typed&max_position=TWEET-985004656840663040-985013318006931456>
None
2018-04-13 23:34:42 [scrapy] DEBUG: Scraped from <200 https://twitter.com/i/search/timeline?l=&f=tweets&q=sephora%20since%3A2018-04-13&src=typed&max_position=TWEET-985004656840663040-985013318006931456>
None
2018-04-13 23:34:42 [scrapy] DEBUG: Scraped from <200 https://twitter.com/i/search/timeline?l=&f=tweets&q=sephora%20since%3A2018-04-13&src=typed&max_position=TWEET-985004656840663040-985013318006931456>
None
2018-04-13 23:34:42 [scrapy] DEBUG: Scraped from <200 https://twitter.com/i/search/timeline?l=&f=tweets&q=sephora%20since%3A2018-04-13&src=typed&max_position=TWEET-985004656840663040-985013318006931456>
None
2018-04-13 23:34:42 [scrapy] DEBUG: Scraped from <200 https://twitter.com/i/search/timeline?l=&f=tweets&q=sephora%20since%3A2018-04-13&src=typed&max_position=TWEET-985004656840663040-985013318006931456>
None
2018-04-13 23:34:43 [scrapy] DEBUG: Scraped from <200 https://twitter.com/i/search/timeline?l=&f=tweets&q=sephora%20since%3A2018-04-13&src=typed&max_position=TWEET-985004656840663040-985013318006931456>
None
2018-04-13 23:34:43 [scrapy] DEBUG: Scraped from <200 https://twitter.com/i/search/timeline?l=&f=tweets&q=sephora%20since%3A2018-04-13&src=typed&max_position=TWEET-985004656840663040-985013318006931456>
None
2018-04-13 23:34:43 [scrapy] INFO: Closing spider (closespider_itemcount)
2018-04-13 23:34:43 [scrapy] INFO: Dumping Scrapy stats:
{'downloader/request_bytes': 3845,
 'downloader/request_count': 5,
 'downloader/request_method_count/GET': 5,
 'downloader/response_bytes': 88043,
 'downloader/response_count': 5,
 'downloader/response_status_count/200': 5,
 'finish_reason': 'closespider_itemcount',
 'finish_time': datetime.datetime(2018, 4, 14, 4, 34, 43, 105553),
 'item_scraped_count': 100,
 'log_count/DEBUG': 205,
 'log_count/ERROR': 100,
 'log_count/INFO': 6,
 'memusage/max': 51175424,
 'memusage/startup': 51175424,
 'request_depth_max': 5,
 'response_received_count': 5,
 'scheduler/dequeued': 5,
 'scheduler/dequeued/memory': 5,
 'scheduler/enqueued': 6,
 'scheduler/enqueued/memory': 6,
 'start_time': datetime.datetime(2018, 4, 14, 4, 34, 30, 175836)}
2018-04-13 23:34:43 [scrapy] INFO: Spider closed (closespider_itemcount)
