2018-04-13 23:17:48 [scrapy] DEBUG: Crawled (200) <GET https://twitter.com/i/search/timeline?l=&f=tweets&q=%22sephora%22&src=typed&max_position=> (referer: None)
2018-04-13 23:17:48 [scrapy] DEBUG: Scraped from <200 https://twitter.com/i/search/timeline?l=&f=tweets&q=%22sephora%22&src=typed&max_position=>
None
2018-04-13 23:17:48 [scrapy] DEBUG: Scraped from <200 https://twitter.com/i/search/timeline?l=&f=tweets&q=%22sephora%22&src=typed&max_position=>
None
2018-04-13 23:17:48 [scrapy] DEBUG: Scraped from <200 https://twitter.com/i/search/timeline?l=&f=tweets&q=%22sephora%22&src=typed&max_position=>
None
2018-04-13 23:17:48 [scrapy] DEBUG: Scraped from <200 https://twitter.com/i/search/timeline?l=&f=tweets&q=%22sephora%22&src=typed&max_position=>
None
2018-04-13 23:17:48 [scrapy] DEBUG: Scraped from <200 https://twitter.com/i/search/timeline?l=&f=tweets&q=%22sephora%22&src=typed&max_position=>
None
2018-04-13 23:17:48 [scrapy] DEBUG: Scraped from <200 https://twitter.com/i/search/timeline?l=&f=tweets&q=%22sephora%22&src=typed&max_position=>
None
2018-04-13 23:17:48 [scrapy] DEBUG: Scraped from <200 https://twitter.com/i/search/timeline?l=&f=tweets&q=%22sephora%22&src=typed&max_position=>
None
2018-04-13 23:17:48 [scrapy] DEBUG: Scraped from <200 https://twitter.com/i/search/timeline?l=&f=tweets&q=%22sephora%22&src=typed&max_position=>
None
2018-04-13 23:17:48 [scrapy] DEBUG: Scraped from <200 https://twitter.com/i/search/timeline?l=&f=tweets&q=%22sephora%22&src=typed&max_position=>
None
2018-04-13 23:17:48 [scrapy] DEBUG: Scraped from <200 https://twitter.com/i/search/timeline?l=&f=tweets&q=%22sephora%22&src=typed&max_position=>
None
2018-04-13 23:17:49 [scrapy] DEBUG: Scraped from <200 https://twitter.com/i/search/timeline?l=&f=tweets&q=%22sephora%22&src=typed&max_position=>
None
2018-04-13 23:17:49 [scrapy] DEBUG: Scraped from <200 https://twitter.com/i/search/timeline?l=&f=tweets&q=%22sephora%22&src=typed&max_position=>
None
2018-04-13 23:17:49 [scrapy] DEBUG: Scraped from <200 https://twitter.com/i/search/timeline?l=&f=tweets&q=%22sephora%22&src=typed&max_position=>
None
2018-04-13 23:17:49 [scrapy] DEBUG: Scraped from <200 https://twitter.com/i/search/timeline?l=&f=tweets&q=%22sephora%22&src=typed&max_position=>
None
2018-04-13 23:17:49 [scrapy] DEBUG: Scraped from <200 https://twitter.com/i/search/timeline?l=&f=tweets&q=%22sephora%22&src=typed&max_position=>
None
2018-04-13 23:17:49 [scrapy] DEBUG: Scraped from <200 https://twitter.com/i/search/timeline?l=&f=tweets&q=%22sephora%22&src=typed&max_position=>
None
2018-04-13 23:17:49 [scrapy] DEBUG: Scraped from <200 https://twitter.com/i/search/timeline?l=&f=tweets&q=%22sephora%22&src=typed&max_position=>
None
2018-04-13 23:17:49 [scrapy] DEBUG: Scraped from <200 https://twitter.com/i/search/timeline?l=&f=tweets&q=%22sephora%22&src=typed&max_position=>
None
2018-04-13 23:17:49 [scrapy] DEBUG: Scraped from <200 https://twitter.com/i/search/timeline?l=&f=tweets&q=%22sephora%22&src=typed&max_position=>
None
2018-04-13 23:17:49 [scrapy] DEBUG: Scraped from <200 https://twitter.com/i/search/timeline?l=&f=tweets&q=%22sephora%22&src=typed&max_position=>
None
2018-04-13 23:17:49 [scrapy] DEBUG: Crawled (200) <GET https://twitter.com/i/search/timeline?l=&f=tweets&q=%22sephora%22&src=typed&max_position=TWEET-985006795465740288-985008998834466817> (referer: https://twitter.com/i/search/timeline?l=&f=tweets&q=%22sephora%22&src=typed&max_position=)
2018-04-13 23:17:49 [scrapy] DEBUG: Scraped from <200 https://twitter.com/i/search/timeline?l=&f=tweets&q=%22sephora%22&src=typed&max_position=TWEET-985006795465740288-985008998834466817>
None
2018-04-13 23:17:49 [scrapy] DEBUG: Scraped from <200 https://twitter.com/i/search/timeline?l=&f=tweets&q=%22sephora%22&src=typed&max_position=TWEET-985006795465740288-985008998834466817>
None
2018-04-13 23:17:50 [scrapy] DEBUG: Scraped from <200 https://twitter.com/i/search/timeline?l=&f=tweets&q=%22sephora%22&src=typed&max_position=TWEET-985006795465740288-985008998834466817>
None
2018-04-13 23:17:50 [scrapy] DEBUG: Scraped from <200 https://twitter.com/i/search/timeline?l=&f=tweets&q=%22sephora%22&src=typed&max_position=TWEET-985006795465740288-985008998834466817>
None
2018-04-13 23:17:50 [scrapy] DEBUG: Scraped from <200 https://twitter.com/i/search/timeline?l=&f=tweets&q=%22sephora%22&src=typed&max_position=TWEET-985006795465740288-985008998834466817>
None
2018-04-13 23:17:50 [scrapy] DEBUG: Scraped from <200 https://twitter.com/i/search/timeline?l=&f=tweets&q=%22sephora%22&src=typed&max_position=TWEET-985006795465740288-985008998834466817>
None
2018-04-13 23:17:50 [scrapy] DEBUG: Scraped from <200 https://twitter.com/i/search/timeline?l=&f=tweets&q=%22sephora%22&src=typed&max_position=TWEET-985006795465740288-985008998834466817>
None
2018-04-13 23:17:50 [scrapy] DEBUG: Scraped from <200 https://twitter.com/i/search/timeline?l=&f=tweets&q=%22sephora%22&src=typed&max_position=TWEET-985006795465740288-985008998834466817>
None
2018-04-13 23:17:50 [scrapy] DEBUG: Scraped from <200 https://twitter.com/i/search/timeline?l=&f=tweets&q=%22sephora%22&src=typed&max_position=TWEET-985006795465740288-985008998834466817>
None
2018-04-13 23:17:50 [scrapy] DEBUG: Scraped from <200 https://twitter.com/i/search/timeline?l=&f=tweets&q=%22sephora%22&src=typed&max_position=TWEET-985006795465740288-985008998834466817>
None
2018-04-13 23:17:50 [scrapy] DEBUG: Scraped from <200 https://twitter.com/i/search/timeline?l=&f=tweets&q=%22sephora%22&src=typed&max_position=TWEET-985006795465740288-985008998834466817>
None
2018-04-13 23:17:50 [scrapy] DEBUG: Scraped from <200 https://twitter.com/i/search/timeline?l=&f=tweets&q=%22sephora%22&src=typed&max_position=TWEET-985006795465740288-985008998834466817>
None
2018-04-13 23:17:50 [scrapy] DEBUG: Scraped from <200 https://twitter.com/i/search/timeline?l=&f=tweets&q=%22sephora%22&src=typed&max_position=TWEET-985006795465740288-985008998834466817>
None
2018-04-13 23:17:50 [scrapy] DEBUG: Scraped from <200 https://twitter.com/i/search/timeline?l=&f=tweets&q=%22sephora%22&src=typed&max_position=TWEET-985006795465740288-985008998834466817>
None
2018-04-13 23:17:51 [scrapy] DEBUG: Scraped from <200 https://twitter.com/i/search/timeline?l=&f=tweets&q=%22sephora%22&src=typed&max_position=TWEET-985006795465740288-985008998834466817>
None
2018-04-13 23:17:51 [scrapy] DEBUG: Scraped from <200 https://twitter.com/i/search/timeline?l=&f=tweets&q=%22sephora%22&src=typed&max_position=TWEET-985006795465740288-985008998834466817>
None
2018-04-13 23:17:51 [scrapy] DEBUG: Scraped from <200 https://twitter.com/i/search/timeline?l=&f=tweets&q=%22sephora%22&src=typed&max_position=TWEET-985006795465740288-985008998834466817>
None
2018-04-13 23:17:51 [scrapy] DEBUG: Scraped from <200 https://twitter.com/i/search/timeline?l=&f=tweets&q=%22sephora%22&src=typed&max_position=TWEET-985006795465740288-985008998834466817>
None
2018-04-13 23:17:51 [scrapy] DEBUG: Scraped from <200 https://twitter.com/i/search/timeline?l=&f=tweets&q=%22sephora%22&src=typed&max_position=TWEET-985006795465740288-985008998834466817>
None
2018-04-13 23:17:51 [scrapy] DEBUG: Scraped from <200 https://twitter.com/i/search/timeline?l=&f=tweets&q=%22sephora%22&src=typed&max_position=TWEET-985006795465740288-985008998834466817>
None
2018-04-13 23:17:52 [scrapy] DEBUG: Crawled (200) <GET https://twitter.com/i/search/timeline?l=&f=tweets&q=%22sephora%22&src=typed&max_position=TWEET-985005053433008128-985008998834466817> (referer: https://twitter.com/i/search/timeline?l=&f=tweets&q=%22sephora%22&src=typed&max_position=TWEET-985006795465740288-985008998834466817)
2018-04-13 23:17:52 [scrapy] DEBUG: Scraped from <200 https://twitter.com/i/search/timeline?l=&f=tweets&q=%22sephora%22&src=typed&max_position=TWEET-985005053433008128-985008998834466817>
None
2018-04-13 23:17:52 [scrapy] DEBUG: Scraped from <200 https://twitter.com/i/search/timeline?l=&f=tweets&q=%22sephora%22&src=typed&max_position=TWEET-985005053433008128-985008998834466817>
None
2018-04-13 23:17:52 [scrapy] DEBUG: Scraped from <200 https://twitter.com/i/search/timeline?l=&f=tweets&q=%22sephora%22&src=typed&max_position=TWEET-985005053433008128-985008998834466817>
None
2018-04-13 23:17:52 [scrapy] DEBUG: Scraped from <200 https://twitter.com/i/search/timeline?l=&f=tweets&q=%22sephora%22&src=typed&max_position=TWEET-985005053433008128-985008998834466817>
None
2018-04-13 23:17:52 [scrapy] DEBUG: Scraped from <200 https://twitter.com/i/search/timeline?l=&f=tweets&q=%22sephora%22&src=typed&max_position=TWEET-985005053433008128-985008998834466817>
None
2018-04-13 23:17:52 [scrapy] DEBUG: Scraped from <200 https://twitter.com/i/search/timeline?l=&f=tweets&q=%22sephora%22&src=typed&max_position=TWEET-985005053433008128-985008998834466817>
None
2018-04-13 23:17:52 [scrapy] DEBUG: Scraped from <200 https://twitter.com/i/search/timeline?l=&f=tweets&q=%22sephora%22&src=typed&max_position=TWEET-985005053433008128-985008998834466817>
None
2018-04-13 23:17:52 [scrapy] DEBUG: Scraped from <200 https://twitter.com/i/search/timeline?l=&f=tweets&q=%22sephora%22&src=typed&max_position=TWEET-985005053433008128-985008998834466817>
None
2018-04-13 23:17:52 [scrapy] DEBUG: Scraped from <200 https://twitter.com/i/search/timeline?l=&f=tweets&q=%22sephora%22&src=typed&max_position=TWEET-985005053433008128-985008998834466817>
None
2018-04-13 23:17:52 [scrapy] DEBUG: Scraped from <200 https://twitter.com/i/search/timeline?l=&f=tweets&q=%22sephora%22&src=typed&max_position=TWEET-985005053433008128-985008998834466817>
None
2018-04-13 23:17:53 [scrapy] DEBUG: Scraped from <200 https://twitter.com/i/search/timeline?l=&f=tweets&q=%22sephora%22&src=typed&max_position=TWEET-985005053433008128-985008998834466817>
None
2018-04-13 23:17:53 [scrapy] DEBUG: Scraped from <200 https://twitter.com/i/search/timeline?l=&f=tweets&q=%22sephora%22&src=typed&max_position=TWEET-985005053433008128-985008998834466817>
None
2018-04-13 23:17:53 [scrapy] DEBUG: Scraped from <200 https://twitter.com/i/search/timeline?l=&f=tweets&q=%22sephora%22&src=typed&max_position=TWEET-985005053433008128-985008998834466817>
None
2018-04-13 23:17:53 [scrapy] DEBUG: Scraped from <200 https://twitter.com/i/search/timeline?l=&f=tweets&q=%22sephora%22&src=typed&max_position=TWEET-985005053433008128-985008998834466817>
None
2018-04-13 23:17:53 [scrapy] DEBUG: Scraped from <200 https://twitter.com/i/search/timeline?l=&f=tweets&q=%22sephora%22&src=typed&max_position=TWEET-985005053433008128-985008998834466817>
None
2018-04-13 23:17:53 [scrapy] DEBUG: Scraped from <200 https://twitter.com/i/search/timeline?l=&f=tweets&q=%22sephora%22&src=typed&max_position=TWEET-985005053433008128-985008998834466817>
None
2018-04-13 23:17:53 [scrapy] DEBUG: Scraped from <200 https://twitter.com/i/search/timeline?l=&f=tweets&q=%22sephora%22&src=typed&max_position=TWEET-985005053433008128-985008998834466817>
None
2018-04-13 23:17:54 [scrapy] DEBUG: Scraped from <200 https://twitter.com/i/search/timeline?l=&f=tweets&q=%22sephora%22&src=typed&max_position=TWEET-985005053433008128-985008998834466817>
None
2018-04-13 23:17:54 [scrapy] DEBUG: Scraped from <200 https://twitter.com/i/search/timeline?l=&f=tweets&q=%22sephora%22&src=typed&max_position=TWEET-985005053433008128-985008998834466817>
None
2018-04-13 23:17:54 [scrapy] DEBUG: Scraped from <200 https://twitter.com/i/search/timeline?l=&f=tweets&q=%22sephora%22&src=typed&max_position=TWEET-985005053433008128-985008998834466817>
None
2018-04-13 23:17:54 [scrapy] DEBUG: Crawled (200) <GET https://twitter.com/i/search/timeline?l=&f=tweets&q=%22sephora%22&src=typed&max_position=TWEET-985003014778957825-985008998834466817> (referer: https://twitter.com/i/search/timeline?l=&f=tweets&q=%22sephora%22&src=typed&max_position=TWEET-985005053433008128-985008998834466817)
2018-04-13 23:17:54 [scrapy] DEBUG: Scraped from <200 https://twitter.com/i/search/timeline?l=&f=tweets&q=%22sephora%22&src=typed&max_position=TWEET-985003014778957825-985008998834466817>
None
2018-04-13 23:17:55 [scrapy] DEBUG: Scraped from <200 https://twitter.com/i/search/timeline?l=&f=tweets&q=%22sephora%22&src=typed&max_position=TWEET-985003014778957825-985008998834466817>
None
2018-04-13 23:17:55 [scrapy] DEBUG: Scraped from <200 https://twitter.com/i/search/timeline?l=&f=tweets&q=%22sephora%22&src=typed&max_position=TWEET-985003014778957825-985008998834466817>
None
2018-04-13 23:17:55 [scrapy] DEBUG: Scraped from <200 https://twitter.com/i/search/timeline?l=&f=tweets&q=%22sephora%22&src=typed&max_position=TWEET-985003014778957825-985008998834466817>
None
2018-04-13 23:17:55 [scrapy] DEBUG: Scraped from <200 https://twitter.com/i/search/timeline?l=&f=tweets&q=%22sephora%22&src=typed&max_position=TWEET-985003014778957825-985008998834466817>
None
2018-04-13 23:17:55 [scrapy] DEBUG: Scraped from <200 https://twitter.com/i/search/timeline?l=&f=tweets&q=%22sephora%22&src=typed&max_position=TWEET-985003014778957825-985008998834466817>
None
2018-04-13 23:17:55 [scrapy] DEBUG: Scraped from <200 https://twitter.com/i/search/timeline?l=&f=tweets&q=%22sephora%22&src=typed&max_position=TWEET-985003014778957825-985008998834466817>
None
2018-04-13 23:17:55 [scrapy] DEBUG: Scraped from <200 https://twitter.com/i/search/timeline?l=&f=tweets&q=%22sephora%22&src=typed&max_position=TWEET-985003014778957825-985008998834466817>
None
2018-04-13 23:17:55 [scrapy] DEBUG: Scraped from <200 https://twitter.com/i/search/timeline?l=&f=tweets&q=%22sephora%22&src=typed&max_position=TWEET-985003014778957825-985008998834466817>
None
2018-04-13 23:17:55 [scrapy] DEBUG: Scraped from <200 https://twitter.com/i/search/timeline?l=&f=tweets&q=%22sephora%22&src=typed&max_position=TWEET-985003014778957825-985008998834466817>
None
2018-04-13 23:17:55 [scrapy] DEBUG: Scraped from <200 https://twitter.com/i/search/timeline?l=&f=tweets&q=%22sephora%22&src=typed&max_position=TWEET-985003014778957825-985008998834466817>
None
2018-04-13 23:17:55 [scrapy] DEBUG: Scraped from <200 https://twitter.com/i/search/timeline?l=&f=tweets&q=%22sephora%22&src=typed&max_position=TWEET-985003014778957825-985008998834466817>
None
2018-04-13 23:17:55 [scrapy] DEBUG: Scraped from <200 https://twitter.com/i/search/timeline?l=&f=tweets&q=%22sephora%22&src=typed&max_position=TWEET-985003014778957825-985008998834466817>
None
2018-04-13 23:17:56 [scrapy] DEBUG: Scraped from <200 https://twitter.com/i/search/timeline?l=&f=tweets&q=%22sephora%22&src=typed&max_position=TWEET-985003014778957825-985008998834466817>
None
2018-04-13 23:17:56 [scrapy] DEBUG: Scraped from <200 https://twitter.com/i/search/timeline?l=&f=tweets&q=%22sephora%22&src=typed&max_position=TWEET-985003014778957825-985008998834466817>
None
2018-04-13 23:17:56 [scrapy] DEBUG: Scraped from <200 https://twitter.com/i/search/timeline?l=&f=tweets&q=%22sephora%22&src=typed&max_position=TWEET-985003014778957825-985008998834466817>
None
2018-04-13 23:17:56 [scrapy] DEBUG: Scraped from <200 https://twitter.com/i/search/timeline?l=&f=tweets&q=%22sephora%22&src=typed&max_position=TWEET-985003014778957825-985008998834466817>
None
2018-04-13 23:17:56 [scrapy] DEBUG: Scraped from <200 https://twitter.com/i/search/timeline?l=&f=tweets&q=%22sephora%22&src=typed&max_position=TWEET-985003014778957825-985008998834466817>
None
2018-04-13 23:17:56 [scrapy] DEBUG: Scraped from <200 https://twitter.com/i/search/timeline?l=&f=tweets&q=%22sephora%22&src=typed&max_position=TWEET-985003014778957825-985008998834466817>
None
2018-04-13 23:17:56 [scrapy] DEBUG: Scraped from <200 https://twitter.com/i/search/timeline?l=&f=tweets&q=%22sephora%22&src=typed&max_position=TWEET-985003014778957825-985008998834466817>
None
2018-04-13 23:17:57 [scrapy] DEBUG: Crawled (200) <GET https://twitter.com/i/search/timeline?l=&f=tweets&q=%22sephora%22&src=typed&max_position=TWEET-985001149370544129-985008998834466817> (referer: https://twitter.com/i/search/timeline?l=&f=tweets&q=%22sephora%22&src=typed&max_position=TWEET-985003014778957825-985008998834466817)
2018-04-13 23:17:57 [scrapy] DEBUG: Scraped from <200 https://twitter.com/i/search/timeline?l=&f=tweets&q=%22sephora%22&src=typed&max_position=TWEET-985001149370544129-985008998834466817>
None
2018-04-13 23:17:57 [scrapy] DEBUG: Scraped from <200 https://twitter.com/i/search/timeline?l=&f=tweets&q=%22sephora%22&src=typed&max_position=TWEET-985001149370544129-985008998834466817>
None
2018-04-13 23:17:57 [scrapy] DEBUG: Scraped from <200 https://twitter.com/i/search/timeline?l=&f=tweets&q=%22sephora%22&src=typed&max_position=TWEET-985001149370544129-985008998834466817>
None
2018-04-13 23:17:57 [scrapy] DEBUG: Scraped from <200 https://twitter.com/i/search/timeline?l=&f=tweets&q=%22sephora%22&src=typed&max_position=TWEET-985001149370544129-985008998834466817>
None
2018-04-13 23:17:57 [scrapy] DEBUG: Scraped from <200 https://twitter.com/i/search/timeline?l=&f=tweets&q=%22sephora%22&src=typed&max_position=TWEET-985001149370544129-985008998834466817>
None
2018-04-13 23:17:57 [scrapy] DEBUG: Scraped from <200 https://twitter.com/i/search/timeline?l=&f=tweets&q=%22sephora%22&src=typed&max_position=TWEET-985001149370544129-985008998834466817>
None
2018-04-13 23:17:57 [scrapy] DEBUG: Scraped from <200 https://twitter.com/i/search/timeline?l=&f=tweets&q=%22sephora%22&src=typed&max_position=TWEET-985001149370544129-985008998834466817>
None
2018-04-13 23:17:58 [scrapy] DEBUG: Scraped from <200 https://twitter.com/i/search/timeline?l=&f=tweets&q=%22sephora%22&src=typed&max_position=TWEET-985001149370544129-985008998834466817>
None
2018-04-13 23:17:58 [scrapy] DEBUG: Scraped from <200 https://twitter.com/i/search/timeline?l=&f=tweets&q=%22sephora%22&src=typed&max_position=TWEET-985001149370544129-985008998834466817>
None
2018-04-13 23:17:58 [scrapy] DEBUG: Scraped from <200 https://twitter.com/i/search/timeline?l=&f=tweets&q=%22sephora%22&src=typed&max_position=TWEET-985001149370544129-985008998834466817>
None
2018-04-13 23:17:58 [scrapy] DEBUG: Scraped from <200 https://twitter.com/i/search/timeline?l=&f=tweets&q=%22sephora%22&src=typed&max_position=TWEET-985001149370544129-985008998834466817>
None
2018-04-13 23:17:58 [scrapy] DEBUG: Scraped from <200 https://twitter.com/i/search/timeline?l=&f=tweets&q=%22sephora%22&src=typed&max_position=TWEET-985001149370544129-985008998834466817>
None
2018-04-13 23:17:58 [scrapy] DEBUG: Scraped from <200 https://twitter.com/i/search/timeline?l=&f=tweets&q=%22sephora%22&src=typed&max_position=TWEET-985001149370544129-985008998834466817>
None
2018-04-13 23:17:58 [scrapy] DEBUG: Scraped from <200 https://twitter.com/i/search/timeline?l=&f=tweets&q=%22sephora%22&src=typed&max_position=TWEET-985001149370544129-985008998834466817>
None
2018-04-13 23:17:58 [scrapy] DEBUG: Scraped from <200 https://twitter.com/i/search/timeline?l=&f=tweets&q=%22sephora%22&src=typed&max_position=TWEET-985001149370544129-985008998834466817>
None
2018-04-13 23:17:58 [scrapy] DEBUG: Scraped from <200 https://twitter.com/i/search/timeline?l=&f=tweets&q=%22sephora%22&src=typed&max_position=TWEET-985001149370544129-985008998834466817>
None
2018-04-13 23:17:58 [scrapy] DEBUG: Scraped from <200 https://twitter.com/i/search/timeline?l=&f=tweets&q=%22sephora%22&src=typed&max_position=TWEET-985001149370544129-985008998834466817>
None
2018-04-13 23:17:58 [scrapy] DEBUG: Scraped from <200 https://twitter.com/i/search/timeline?l=&f=tweets&q=%22sephora%22&src=typed&max_position=TWEET-985001149370544129-985008998834466817>
None
2018-04-13 23:17:59 [scrapy] DEBUG: Scraped from <200 https://twitter.com/i/search/timeline?l=&f=tweets&q=%22sephora%22&src=typed&max_position=TWEET-985001149370544129-985008998834466817>
None
2018-04-13 23:17:59 [scrapy] DEBUG: Scraped from <200 https://twitter.com/i/search/timeline?l=&f=tweets&q=%22sephora%22&src=typed&max_position=TWEET-985001149370544129-985008998834466817>
None
2018-04-13 23:17:59 [scrapy] INFO: Closing spider (closespider_itemcount)
2018-04-13 23:17:59 [scrapy] INFO: Dumping Scrapy stats:
{'downloader/request_bytes': 3710,
 'downloader/request_count': 5,
 'downloader/request_method_count/GET': 5,
 'downloader/response_bytes': 86675,
 'downloader/response_count': 5,
 'downloader/response_status_count/200': 5,
 'finish_reason': 'closespider_itemcount',
 'finish_time': datetime.datetime(2018, 4, 14, 4, 17, 59, 113566),
 'item_scraped_count': 100,
 'log_count/DEBUG': 189,
 'log_count/ERROR': 100,
 'log_count/INFO': 15,
 'memusage/max': 49446912,
 'memusage/startup': 49442816,
 'request_depth_max': 5,
 'response_received_count': 5,
 'scheduler/dequeued': 5,
 'scheduler/dequeued/memory': 5,
 'scheduler/enqueued': 6,
 'scheduler/enqueued/memory': 6,
 'start_time': datetime.datetime(2018, 4, 14, 4, 17, 47, 616804)}
2018-04-13 23:17:59 [scrapy] INFO: Spider closed (closespider_itemcount)
