2018-04-14 15:15:06 [scrapy] DEBUG: Crawled (200) <GET https://twitter.com/i/search/timeline?l=en&f=tweets&q=%22Glitter%20%26%20Glow%20Liquid%20Eye%20Shadow%22&src=typed&max_position=> (referer: None)
2018-04-14 15:15:07 [scrapy] DEBUG: Scraped from <200 https://twitter.com/i/search/timeline?l=en&f=tweets&q=%22Glitter%20%26%20Glow%20Liquid%20Eye%20Shadow%22&src=typed&max_position=>
None
2018-04-14 15:15:07 [scrapy] DEBUG: Scraped from <200 https://twitter.com/i/search/timeline?l=en&f=tweets&q=%22Glitter%20%26%20Glow%20Liquid%20Eye%20Shadow%22&src=typed&max_position=>
None
2018-04-14 15:15:07 [scrapy] DEBUG: Scraped from <200 https://twitter.com/i/search/timeline?l=en&f=tweets&q=%22Glitter%20%26%20Glow%20Liquid%20Eye%20Shadow%22&src=typed&max_position=>
None
2018-04-14 15:15:07 [scrapy] DEBUG: Scraped from <200 https://twitter.com/i/search/timeline?l=en&f=tweets&q=%22Glitter%20%26%20Glow%20Liquid%20Eye%20Shadow%22&src=typed&max_position=>
None
2018-04-14 15:15:07 [scrapy] DEBUG: Scraped from <200 https://twitter.com/i/search/timeline?l=en&f=tweets&q=%22Glitter%20%26%20Glow%20Liquid%20Eye%20Shadow%22&src=typed&max_position=>
None
2018-04-14 15:15:07 [scrapy] DEBUG: Scraped from <200 https://twitter.com/i/search/timeline?l=en&f=tweets&q=%22Glitter%20%26%20Glow%20Liquid%20Eye%20Shadow%22&src=typed&max_position=>
None
2018-04-14 15:15:07 [scrapy] DEBUG: Scraped from <200 https://twitter.com/i/search/timeline?l=en&f=tweets&q=%22Glitter%20%26%20Glow%20Liquid%20Eye%20Shadow%22&src=typed&max_position=>
None
2018-04-14 15:15:07 [scrapy] DEBUG: Scraped from <200 https://twitter.com/i/search/timeline?l=en&f=tweets&q=%22Glitter%20%26%20Glow%20Liquid%20Eye%20Shadow%22&src=typed&max_position=>
None
2018-04-14 15:15:08 [scrapy] DEBUG: Scraped from <200 https://twitter.com/i/search/timeline?l=en&f=tweets&q=%22Glitter%20%26%20Glow%20Liquid%20Eye%20Shadow%22&src=typed&max_position=>
None
2018-04-14 15:15:08 [scrapy] DEBUG: Scraped from <200 https://twitter.com/i/search/timeline?l=en&f=tweets&q=%22Glitter%20%26%20Glow%20Liquid%20Eye%20Shadow%22&src=typed&max_position=>
None
2018-04-14 15:15:08 [scrapy] DEBUG: Scraped from <200 https://twitter.com/i/search/timeline?l=en&f=tweets&q=%22Glitter%20%26%20Glow%20Liquid%20Eye%20Shadow%22&src=typed&max_position=>
None
2018-04-14 15:15:08 [scrapy] DEBUG: Scraped from <200 https://twitter.com/i/search/timeline?l=en&f=tweets&q=%22Glitter%20%26%20Glow%20Liquid%20Eye%20Shadow%22&src=typed&max_position=>
None
2018-04-14 15:15:08 [scrapy] DEBUG: Scraped from <200 https://twitter.com/i/search/timeline?l=en&f=tweets&q=%22Glitter%20%26%20Glow%20Liquid%20Eye%20Shadow%22&src=typed&max_position=>
None
2018-04-14 15:15:08 [scrapy] DEBUG: Scraped from <200 https://twitter.com/i/search/timeline?l=en&f=tweets&q=%22Glitter%20%26%20Glow%20Liquid%20Eye%20Shadow%22&src=typed&max_position=>
None
2018-04-14 15:15:09 [scrapy] DEBUG: Scraped from <200 https://twitter.com/i/search/timeline?l=en&f=tweets&q=%22Glitter%20%26%20Glow%20Liquid%20Eye%20Shadow%22&src=typed&max_position=>
None
2018-04-14 15:15:09 [scrapy] DEBUG: Scraped from <200 https://twitter.com/i/search/timeline?l=en&f=tweets&q=%22Glitter%20%26%20Glow%20Liquid%20Eye%20Shadow%22&src=typed&max_position=>
None
2018-04-14 15:15:09 [scrapy] DEBUG: Scraped from <200 https://twitter.com/i/search/timeline?l=en&f=tweets&q=%22Glitter%20%26%20Glow%20Liquid%20Eye%20Shadow%22&src=typed&max_position=>
None
2018-04-14 15:15:09 [scrapy] DEBUG: Scraped from <200 https://twitter.com/i/search/timeline?l=en&f=tweets&q=%22Glitter%20%26%20Glow%20Liquid%20Eye%20Shadow%22&src=typed&max_position=>
None
2018-04-14 15:15:09 [scrapy] DEBUG: Scraped from <200 https://twitter.com/i/search/timeline?l=en&f=tweets&q=%22Glitter%20%26%20Glow%20Liquid%20Eye%20Shadow%22&src=typed&max_position=>
None
2018-04-14 15:15:09 [scrapy] DEBUG: Scraped from <200 https://twitter.com/i/search/timeline?l=en&f=tweets&q=%22Glitter%20%26%20Glow%20Liquid%20Eye%20Shadow%22&src=typed&max_position=>
None
2018-04-14 15:15:10 [scrapy] DEBUG: Crawled (200) <GET https://twitter.com/i/search/timeline?l=en&f=tweets&q=%22Glitter%20%26%20Glow%20Liquid%20Eye%20Shadow%22&src=typed&max_position=TWEET-977395668091207680-984476359266324481> (referer: https://twitter.com/i/search/timeline?l=en&f=tweets&q=%22Glitter%20%26%20Glow%20Liquid%20Eye%20Shadow%22&src=typed&max_position=)
2018-04-14 15:15:10 [scrapy] DEBUG: Scraped from <200 https://twitter.com/i/search/timeline?l=en&f=tweets&q=%22Glitter%20%26%20Glow%20Liquid%20Eye%20Shadow%22&src=typed&max_position=TWEET-977395668091207680-984476359266324481>
None
2018-04-14 15:15:10 [scrapy] DEBUG: Scraped from <200 https://twitter.com/i/search/timeline?l=en&f=tweets&q=%22Glitter%20%26%20Glow%20Liquid%20Eye%20Shadow%22&src=typed&max_position=TWEET-977395668091207680-984476359266324481>
None
2018-04-14 15:15:10 [scrapy] DEBUG: Scraped from <200 https://twitter.com/i/search/timeline?l=en&f=tweets&q=%22Glitter%20%26%20Glow%20Liquid%20Eye%20Shadow%22&src=typed&max_position=TWEET-977395668091207680-984476359266324481>
None
2018-04-14 15:15:10 [scrapy] DEBUG: Scraped from <200 https://twitter.com/i/search/timeline?l=en&f=tweets&q=%22Glitter%20%26%20Glow%20Liquid%20Eye%20Shadow%22&src=typed&max_position=TWEET-977395668091207680-984476359266324481>
None
2018-04-14 15:15:10 [scrapy] DEBUG: Scraped from <200 https://twitter.com/i/search/timeline?l=en&f=tweets&q=%22Glitter%20%26%20Glow%20Liquid%20Eye%20Shadow%22&src=typed&max_position=TWEET-977395668091207680-984476359266324481>
None
2018-04-14 15:15:10 [scrapy] DEBUG: Scraped from <200 https://twitter.com/i/search/timeline?l=en&f=tweets&q=%22Glitter%20%26%20Glow%20Liquid%20Eye%20Shadow%22&src=typed&max_position=TWEET-977395668091207680-984476359266324481>
None
2018-04-14 15:15:11 [scrapy] DEBUG: Scraped from <200 https://twitter.com/i/search/timeline?l=en&f=tweets&q=%22Glitter%20%26%20Glow%20Liquid%20Eye%20Shadow%22&src=typed&max_position=TWEET-977395668091207680-984476359266324481>
None
2018-04-14 15:15:11 [scrapy] DEBUG: Scraped from <200 https://twitter.com/i/search/timeline?l=en&f=tweets&q=%22Glitter%20%26%20Glow%20Liquid%20Eye%20Shadow%22&src=typed&max_position=TWEET-977395668091207680-984476359266324481>
None
2018-04-14 15:15:11 [scrapy] DEBUG: Scraped from <200 https://twitter.com/i/search/timeline?l=en&f=tweets&q=%22Glitter%20%26%20Glow%20Liquid%20Eye%20Shadow%22&src=typed&max_position=TWEET-977395668091207680-984476359266324481>
None
2018-04-14 15:15:11 [scrapy] DEBUG: Scraped from <200 https://twitter.com/i/search/timeline?l=en&f=tweets&q=%22Glitter%20%26%20Glow%20Liquid%20Eye%20Shadow%22&src=typed&max_position=TWEET-977395668091207680-984476359266324481>
None
2018-04-14 15:15:11 [scrapy] DEBUG: Scraped from <200 https://twitter.com/i/search/timeline?l=en&f=tweets&q=%22Glitter%20%26%20Glow%20Liquid%20Eye%20Shadow%22&src=typed&max_position=TWEET-977395668091207680-984476359266324481>
None
2018-04-14 15:15:11 [scrapy] DEBUG: Scraped from <200 https://twitter.com/i/search/timeline?l=en&f=tweets&q=%22Glitter%20%26%20Glow%20Liquid%20Eye%20Shadow%22&src=typed&max_position=TWEET-977395668091207680-984476359266324481>
None
2018-04-14 15:15:11 [scrapy] DEBUG: Scraped from <200 https://twitter.com/i/search/timeline?l=en&f=tweets&q=%22Glitter%20%26%20Glow%20Liquid%20Eye%20Shadow%22&src=typed&max_position=TWEET-977395668091207680-984476359266324481>
None
2018-04-14 15:15:11 [scrapy] DEBUG: Scraped from <200 https://twitter.com/i/search/timeline?l=en&f=tweets&q=%22Glitter%20%26%20Glow%20Liquid%20Eye%20Shadow%22&src=typed&max_position=TWEET-977395668091207680-984476359266324481>
None
2018-04-14 15:15:11 [scrapy] DEBUG: Scraped from <200 https://twitter.com/i/search/timeline?l=en&f=tweets&q=%22Glitter%20%26%20Glow%20Liquid%20Eye%20Shadow%22&src=typed&max_position=TWEET-977395668091207680-984476359266324481>
None
2018-04-14 15:15:11 [scrapy] DEBUG: Scraped from <200 https://twitter.com/i/search/timeline?l=en&f=tweets&q=%22Glitter%20%26%20Glow%20Liquid%20Eye%20Shadow%22&src=typed&max_position=TWEET-977395668091207680-984476359266324481>
None
2018-04-14 15:15:12 [scrapy] DEBUG: Crawled (200) <GET https://twitter.com/i/search/timeline?l=en&f=tweets&q=%22Glitter%20%26%20Glow%20Liquid%20Eye%20Shadow%22&src=typed&max_position=TWEET-975412351770943488-984476359266324481> (referer: https://twitter.com/i/search/timeline?l=en&f=tweets&q=%22Glitter%20%26%20Glow%20Liquid%20Eye%20Shadow%22&src=typed&max_position=TWEET-977395668091207680-984476359266324481)
2018-04-14 15:15:12 [scrapy] DEBUG: Scraped from <200 https://twitter.com/i/search/timeline?l=en&f=tweets&q=%22Glitter%20%26%20Glow%20Liquid%20Eye%20Shadow%22&src=typed&max_position=TWEET-975412351770943488-984476359266324481>
None
2018-04-14 15:15:12 [scrapy] DEBUG: Scraped from <200 https://twitter.com/i/search/timeline?l=en&f=tweets&q=%22Glitter%20%26%20Glow%20Liquid%20Eye%20Shadow%22&src=typed&max_position=TWEET-975412351770943488-984476359266324481>
None
2018-04-14 15:15:12 [scrapy] DEBUG: Scraped from <200 https://twitter.com/i/search/timeline?l=en&f=tweets&q=%22Glitter%20%26%20Glow%20Liquid%20Eye%20Shadow%22&src=typed&max_position=TWEET-975412351770943488-984476359266324481>
None
2018-04-14 15:15:12 [scrapy] DEBUG: Scraped from <200 https://twitter.com/i/search/timeline?l=en&f=tweets&q=%22Glitter%20%26%20Glow%20Liquid%20Eye%20Shadow%22&src=typed&max_position=TWEET-975412351770943488-984476359266324481>
None
2018-04-14 15:15:12 [scrapy] DEBUG: Scraped from <200 https://twitter.com/i/search/timeline?l=en&f=tweets&q=%22Glitter%20%26%20Glow%20Liquid%20Eye%20Shadow%22&src=typed&max_position=TWEET-975412351770943488-984476359266324481>
None
2018-04-14 15:15:12 [scrapy] DEBUG: Scraped from <200 https://twitter.com/i/search/timeline?l=en&f=tweets&q=%22Glitter%20%26%20Glow%20Liquid%20Eye%20Shadow%22&src=typed&max_position=TWEET-975412351770943488-984476359266324481>
None
2018-04-14 15:15:12 [scrapy] DEBUG: Scraped from <200 https://twitter.com/i/search/timeline?l=en&f=tweets&q=%22Glitter%20%26%20Glow%20Liquid%20Eye%20Shadow%22&src=typed&max_position=TWEET-975412351770943488-984476359266324481>
None
2018-04-14 15:15:12 [scrapy] DEBUG: Scraped from <200 https://twitter.com/i/search/timeline?l=en&f=tweets&q=%22Glitter%20%26%20Glow%20Liquid%20Eye%20Shadow%22&src=typed&max_position=TWEET-975412351770943488-984476359266324481>
None
2018-04-14 15:15:12 [scrapy] DEBUG: Scraped from <200 https://twitter.com/i/search/timeline?l=en&f=tweets&q=%22Glitter%20%26%20Glow%20Liquid%20Eye%20Shadow%22&src=typed&max_position=TWEET-975412351770943488-984476359266324481>
None
2018-04-14 15:15:12 [scrapy] DEBUG: Scraped from <200 https://twitter.com/i/search/timeline?l=en&f=tweets&q=%22Glitter%20%26%20Glow%20Liquid%20Eye%20Shadow%22&src=typed&max_position=TWEET-975412351770943488-984476359266324481>
None
2018-04-14 15:15:13 [scrapy] DEBUG: Scraped from <200 https://twitter.com/i/search/timeline?l=en&f=tweets&q=%22Glitter%20%26%20Glow%20Liquid%20Eye%20Shadow%22&src=typed&max_position=TWEET-975412351770943488-984476359266324481>
None
2018-04-14 15:15:13 [scrapy] DEBUG: Scraped from <200 https://twitter.com/i/search/timeline?l=en&f=tweets&q=%22Glitter%20%26%20Glow%20Liquid%20Eye%20Shadow%22&src=typed&max_position=TWEET-975412351770943488-984476359266324481>
None
2018-04-14 15:15:13 [scrapy] DEBUG: Scraped from <200 https://twitter.com/i/search/timeline?l=en&f=tweets&q=%22Glitter%20%26%20Glow%20Liquid%20Eye%20Shadow%22&src=typed&max_position=TWEET-975412351770943488-984476359266324481>
None
2018-04-14 15:15:13 [scrapy] DEBUG: Scraped from <200 https://twitter.com/i/search/timeline?l=en&f=tweets&q=%22Glitter%20%26%20Glow%20Liquid%20Eye%20Shadow%22&src=typed&max_position=TWEET-975412351770943488-984476359266324481>
None
2018-04-14 15:15:13 [scrapy] DEBUG: Scraped from <200 https://twitter.com/i/search/timeline?l=en&f=tweets&q=%22Glitter%20%26%20Glow%20Liquid%20Eye%20Shadow%22&src=typed&max_position=TWEET-975412351770943488-984476359266324481>
None
2018-04-14 15:15:13 [scrapy] DEBUG: Scraped from <200 https://twitter.com/i/search/timeline?l=en&f=tweets&q=%22Glitter%20%26%20Glow%20Liquid%20Eye%20Shadow%22&src=typed&max_position=TWEET-975412351770943488-984476359266324481>
None
2018-04-14 15:15:13 [scrapy] DEBUG: Scraped from <200 https://twitter.com/i/search/timeline?l=en&f=tweets&q=%22Glitter%20%26%20Glow%20Liquid%20Eye%20Shadow%22&src=typed&max_position=TWEET-975412351770943488-984476359266324481>
None
2018-04-14 15:15:13 [scrapy] DEBUG: Scraped from <200 https://twitter.com/i/search/timeline?l=en&f=tweets&q=%22Glitter%20%26%20Glow%20Liquid%20Eye%20Shadow%22&src=typed&max_position=TWEET-975412351770943488-984476359266324481>
None
2018-04-14 15:15:13 [scrapy] DEBUG: Scraped from <200 https://twitter.com/i/search/timeline?l=en&f=tweets&q=%22Glitter%20%26%20Glow%20Liquid%20Eye%20Shadow%22&src=typed&max_position=TWEET-975412351770943488-984476359266324481>
None
2018-04-14 15:15:13 [scrapy] DEBUG: Scraped from <200 https://twitter.com/i/search/timeline?l=en&f=tweets&q=%22Glitter%20%26%20Glow%20Liquid%20Eye%20Shadow%22&src=typed&max_position=TWEET-975412351770943488-984476359266324481>
None
2018-04-14 15:15:14 [scrapy] DEBUG: Crawled (200) <GET https://twitter.com/i/search/timeline?l=en&f=tweets&q=%22Glitter%20%26%20Glow%20Liquid%20Eye%20Shadow%22&src=typed&max_position=TWEET-975043448284766208-984476359266324481> (referer: https://twitter.com/i/search/timeline?l=en&f=tweets&q=%22Glitter%20%26%20Glow%20Liquid%20Eye%20Shadow%22&src=typed&max_position=TWEET-975412351770943488-984476359266324481)
2018-04-14 15:15:14 [scrapy] DEBUG: Scraped from <200 https://twitter.com/i/search/timeline?l=en&f=tweets&q=%22Glitter%20%26%20Glow%20Liquid%20Eye%20Shadow%22&src=typed&max_position=TWEET-975043448284766208-984476359266324481>
None
2018-04-14 15:15:14 [scrapy] DEBUG: Scraped from <200 https://twitter.com/i/search/timeline?l=en&f=tweets&q=%22Glitter%20%26%20Glow%20Liquid%20Eye%20Shadow%22&src=typed&max_position=TWEET-975043448284766208-984476359266324481>
None
2018-04-14 15:15:14 [scrapy] DEBUG: Scraped from <200 https://twitter.com/i/search/timeline?l=en&f=tweets&q=%22Glitter%20%26%20Glow%20Liquid%20Eye%20Shadow%22&src=typed&max_position=TWEET-975043448284766208-984476359266324481>
None
2018-04-14 15:15:14 [scrapy] DEBUG: Scraped from <200 https://twitter.com/i/search/timeline?l=en&f=tweets&q=%22Glitter%20%26%20Glow%20Liquid%20Eye%20Shadow%22&src=typed&max_position=TWEET-975043448284766208-984476359266324481>
None
2018-04-14 15:15:14 [scrapy] DEBUG: Scraped from <200 https://twitter.com/i/search/timeline?l=en&f=tweets&q=%22Glitter%20%26%20Glow%20Liquid%20Eye%20Shadow%22&src=typed&max_position=TWEET-975043448284766208-984476359266324481>
None
2018-04-14 15:15:14 [scrapy] DEBUG: Scraped from <200 https://twitter.com/i/search/timeline?l=en&f=tweets&q=%22Glitter%20%26%20Glow%20Liquid%20Eye%20Shadow%22&src=typed&max_position=TWEET-975043448284766208-984476359266324481>
None
2018-04-14 15:15:14 [scrapy] DEBUG: Scraped from <200 https://twitter.com/i/search/timeline?l=en&f=tweets&q=%22Glitter%20%26%20Glow%20Liquid%20Eye%20Shadow%22&src=typed&max_position=TWEET-975043448284766208-984476359266324481>
None
2018-04-14 15:15:14 [scrapy] DEBUG: Scraped from <200 https://twitter.com/i/search/timeline?l=en&f=tweets&q=%22Glitter%20%26%20Glow%20Liquid%20Eye%20Shadow%22&src=typed&max_position=TWEET-975043448284766208-984476359266324481>
None
2018-04-14 15:15:14 [scrapy] DEBUG: Scraped from <200 https://twitter.com/i/search/timeline?l=en&f=tweets&q=%22Glitter%20%26%20Glow%20Liquid%20Eye%20Shadow%22&src=typed&max_position=TWEET-975043448284766208-984476359266324481>
None
2018-04-14 15:15:14 [scrapy] DEBUG: Scraped from <200 https://twitter.com/i/search/timeline?l=en&f=tweets&q=%22Glitter%20%26%20Glow%20Liquid%20Eye%20Shadow%22&src=typed&max_position=TWEET-975043448284766208-984476359266324481>
None
2018-04-14 15:15:14 [scrapy] DEBUG: Scraped from <200 https://twitter.com/i/search/timeline?l=en&f=tweets&q=%22Glitter%20%26%20Glow%20Liquid%20Eye%20Shadow%22&src=typed&max_position=TWEET-975043448284766208-984476359266324481>
None
2018-04-14 15:15:14 [scrapy] DEBUG: Scraped from <200 https://twitter.com/i/search/timeline?l=en&f=tweets&q=%22Glitter%20%26%20Glow%20Liquid%20Eye%20Shadow%22&src=typed&max_position=TWEET-975043448284766208-984476359266324481>
None
2018-04-14 15:15:14 [scrapy] DEBUG: Scraped from <200 https://twitter.com/i/search/timeline?l=en&f=tweets&q=%22Glitter%20%26%20Glow%20Liquid%20Eye%20Shadow%22&src=typed&max_position=TWEET-975043448284766208-984476359266324481>
None
2018-04-14 15:15:14 [scrapy] DEBUG: Scraped from <200 https://twitter.com/i/search/timeline?l=en&f=tweets&q=%22Glitter%20%26%20Glow%20Liquid%20Eye%20Shadow%22&src=typed&max_position=TWEET-975043448284766208-984476359266324481>
None
2018-04-14 15:15:15 [scrapy] DEBUG: Scraped from <200 https://twitter.com/i/search/timeline?l=en&f=tweets&q=%22Glitter%20%26%20Glow%20Liquid%20Eye%20Shadow%22&src=typed&max_position=TWEET-975043448284766208-984476359266324481>
None
2018-04-14 15:15:15 [scrapy] DEBUG: Scraped from <200 https://twitter.com/i/search/timeline?l=en&f=tweets&q=%22Glitter%20%26%20Glow%20Liquid%20Eye%20Shadow%22&src=typed&max_position=TWEET-975043448284766208-984476359266324481>
None
2018-04-14 15:15:15 [scrapy] DEBUG: Scraped from <200 https://twitter.com/i/search/timeline?l=en&f=tweets&q=%22Glitter%20%26%20Glow%20Liquid%20Eye%20Shadow%22&src=typed&max_position=TWEET-975043448284766208-984476359266324481>
None
2018-04-14 15:15:15 [scrapy] DEBUG: Scraped from <200 https://twitter.com/i/search/timeline?l=en&f=tweets&q=%22Glitter%20%26%20Glow%20Liquid%20Eye%20Shadow%22&src=typed&max_position=TWEET-975043448284766208-984476359266324481>
None
2018-04-14 15:15:15 [scrapy] DEBUG: Scraped from <200 https://twitter.com/i/search/timeline?l=en&f=tweets&q=%22Glitter%20%26%20Glow%20Liquid%20Eye%20Shadow%22&src=typed&max_position=TWEET-975043448284766208-984476359266324481>
None
2018-04-14 15:15:15 [scrapy] DEBUG: Scraped from <200 https://twitter.com/i/search/timeline?l=en&f=tweets&q=%22Glitter%20%26%20Glow%20Liquid%20Eye%20Shadow%22&src=typed&max_position=TWEET-975043448284766208-984476359266324481>
None
2018-04-14 15:15:16 [scrapy] DEBUG: Crawled (200) <GET https://twitter.com/i/search/timeline?l=en&f=tweets&q=%22Glitter%20%26%20Glow%20Liquid%20Eye%20Shadow%22&src=typed&max_position=TWEET-974485869188001792-984476359266324481> (referer: https://twitter.com/i/search/timeline?l=en&f=tweets&q=%22Glitter%20%26%20Glow%20Liquid%20Eye%20Shadow%22&src=typed&max_position=TWEET-975043448284766208-984476359266324481)
2018-04-14 15:15:16 [scrapy] DEBUG: Scraped from <200 https://twitter.com/i/search/timeline?l=en&f=tweets&q=%22Glitter%20%26%20Glow%20Liquid%20Eye%20Shadow%22&src=typed&max_position=TWEET-974485869188001792-984476359266324481>
None
2018-04-14 15:15:16 [scrapy] DEBUG: Scraped from <200 https://twitter.com/i/search/timeline?l=en&f=tweets&q=%22Glitter%20%26%20Glow%20Liquid%20Eye%20Shadow%22&src=typed&max_position=TWEET-974485869188001792-984476359266324481>
None
2018-04-14 15:15:16 [scrapy] DEBUG: Scraped from <200 https://twitter.com/i/search/timeline?l=en&f=tweets&q=%22Glitter%20%26%20Glow%20Liquid%20Eye%20Shadow%22&src=typed&max_position=TWEET-974485869188001792-984476359266324481>
None
2018-04-14 15:15:16 [scrapy] DEBUG: Scraped from <200 https://twitter.com/i/search/timeline?l=en&f=tweets&q=%22Glitter%20%26%20Glow%20Liquid%20Eye%20Shadow%22&src=typed&max_position=TWEET-974485869188001792-984476359266324481>
None
2018-04-14 15:15:16 [scrapy] DEBUG: Scraped from <200 https://twitter.com/i/search/timeline?l=en&f=tweets&q=%22Glitter%20%26%20Glow%20Liquid%20Eye%20Shadow%22&src=typed&max_position=TWEET-974485869188001792-984476359266324481>
None
2018-04-14 15:15:16 [scrapy] DEBUG: Scraped from <200 https://twitter.com/i/search/timeline?l=en&f=tweets&q=%22Glitter%20%26%20Glow%20Liquid%20Eye%20Shadow%22&src=typed&max_position=TWEET-974485869188001792-984476359266324481>
None
2018-04-14 15:15:16 [scrapy] DEBUG: Scraped from <200 https://twitter.com/i/search/timeline?l=en&f=tweets&q=%22Glitter%20%26%20Glow%20Liquid%20Eye%20Shadow%22&src=typed&max_position=TWEET-974485869188001792-984476359266324481>
None
2018-04-14 15:15:16 [scrapy] DEBUG: Scraped from <200 https://twitter.com/i/search/timeline?l=en&f=tweets&q=%22Glitter%20%26%20Glow%20Liquid%20Eye%20Shadow%22&src=typed&max_position=TWEET-974485869188001792-984476359266324481>
None
2018-04-14 15:15:16 [scrapy] DEBUG: Scraped from <200 https://twitter.com/i/search/timeline?l=en&f=tweets&q=%22Glitter%20%26%20Glow%20Liquid%20Eye%20Shadow%22&src=typed&max_position=TWEET-974485869188001792-984476359266324481>
None
2018-04-14 15:15:16 [scrapy] DEBUG: Scraped from <200 https://twitter.com/i/search/timeline?l=en&f=tweets&q=%22Glitter%20%26%20Glow%20Liquid%20Eye%20Shadow%22&src=typed&max_position=TWEET-974485869188001792-984476359266324481>
None
2018-04-14 15:15:16 [scrapy] DEBUG: Scraped from <200 https://twitter.com/i/search/timeline?l=en&f=tweets&q=%22Glitter%20%26%20Glow%20Liquid%20Eye%20Shadow%22&src=typed&max_position=TWEET-974485869188001792-984476359266324481>
None
2018-04-14 15:15:16 [scrapy] DEBUG: Scraped from <200 https://twitter.com/i/search/timeline?l=en&f=tweets&q=%22Glitter%20%26%20Glow%20Liquid%20Eye%20Shadow%22&src=typed&max_position=TWEET-974485869188001792-984476359266324481>
None
2018-04-14 15:15:16 [scrapy] DEBUG: Scraped from <200 https://twitter.com/i/search/timeline?l=en&f=tweets&q=%22Glitter%20%26%20Glow%20Liquid%20Eye%20Shadow%22&src=typed&max_position=TWEET-974485869188001792-984476359266324481>
None
2018-04-14 15:15:16 [scrapy] DEBUG: Scraped from <200 https://twitter.com/i/search/timeline?l=en&f=tweets&q=%22Glitter%20%26%20Glow%20Liquid%20Eye%20Shadow%22&src=typed&max_position=TWEET-974485869188001792-984476359266324481>
None
2018-04-14 15:15:16 [scrapy] DEBUG: Scraped from <200 https://twitter.com/i/search/timeline?l=en&f=tweets&q=%22Glitter%20%26%20Glow%20Liquid%20Eye%20Shadow%22&src=typed&max_position=TWEET-974485869188001792-984476359266324481>
None
2018-04-14 15:15:17 [scrapy] DEBUG: Crawled (200) <GET https://twitter.com/i/search/timeline?l=en&f=tweets&q=%22Glitter%20%26%20Glow%20Liquid%20Eye%20Shadow%22&src=typed&max_position=TWEET-973656753719177216-984476359266324481> (referer: https://twitter.com/i/search/timeline?l=en&f=tweets&q=%22Glitter%20%26%20Glow%20Liquid%20Eye%20Shadow%22&src=typed&max_position=TWEET-974485869188001792-984476359266324481)
2018-04-14 15:15:17 [scrapy] DEBUG: Scraped from <200 https://twitter.com/i/search/timeline?l=en&f=tweets&q=%22Glitter%20%26%20Glow%20Liquid%20Eye%20Shadow%22&src=typed&max_position=TWEET-973656753719177216-984476359266324481>
None
2018-04-14 15:15:17 [scrapy] DEBUG: Scraped from <200 https://twitter.com/i/search/timeline?l=en&f=tweets&q=%22Glitter%20%26%20Glow%20Liquid%20Eye%20Shadow%22&src=typed&max_position=TWEET-973656753719177216-984476359266324481>
None
2018-04-14 15:15:18 [scrapy] DEBUG: Scraped from <200 https://twitter.com/i/search/timeline?l=en&f=tweets&q=%22Glitter%20%26%20Glow%20Liquid%20Eye%20Shadow%22&src=typed&max_position=TWEET-973656753719177216-984476359266324481>
None
2018-04-14 15:15:18 [scrapy] DEBUG: Scraped from <200 https://twitter.com/i/search/timeline?l=en&f=tweets&q=%22Glitter%20%26%20Glow%20Liquid%20Eye%20Shadow%22&src=typed&max_position=TWEET-973656753719177216-984476359266324481>
None
2018-04-14 15:15:18 [scrapy] DEBUG: Scraped from <200 https://twitter.com/i/search/timeline?l=en&f=tweets&q=%22Glitter%20%26%20Glow%20Liquid%20Eye%20Shadow%22&src=typed&max_position=TWEET-973656753719177216-984476359266324481>
None
2018-04-14 15:15:18 [scrapy] DEBUG: Scraped from <200 https://twitter.com/i/search/timeline?l=en&f=tweets&q=%22Glitter%20%26%20Glow%20Liquid%20Eye%20Shadow%22&src=typed&max_position=TWEET-973656753719177216-984476359266324481>
None
2018-04-14 15:15:18 [scrapy] DEBUG: Scraped from <200 https://twitter.com/i/search/timeline?l=en&f=tweets&q=%22Glitter%20%26%20Glow%20Liquid%20Eye%20Shadow%22&src=typed&max_position=TWEET-973656753719177216-984476359266324481>
None
2018-04-14 15:15:18 [scrapy] DEBUG: Scraped from <200 https://twitter.com/i/search/timeline?l=en&f=tweets&q=%22Glitter%20%26%20Glow%20Liquid%20Eye%20Shadow%22&src=typed&max_position=TWEET-973656753719177216-984476359266324481>
None
2018-04-14 15:15:18 [scrapy] DEBUG: Scraped from <200 https://twitter.com/i/search/timeline?l=en&f=tweets&q=%22Glitter%20%26%20Glow%20Liquid%20Eye%20Shadow%22&src=typed&max_position=TWEET-973656753719177216-984476359266324481>
None
2018-04-14 15:15:18 [scrapy] DEBUG: Scraped from <200 https://twitter.com/i/search/timeline?l=en&f=tweets&q=%22Glitter%20%26%20Glow%20Liquid%20Eye%20Shadow%22&src=typed&max_position=TWEET-973656753719177216-984476359266324481>
None
2018-04-14 15:15:18 [scrapy] DEBUG: Scraped from <200 https://twitter.com/i/search/timeline?l=en&f=tweets&q=%22Glitter%20%26%20Glow%20Liquid%20Eye%20Shadow%22&src=typed&max_position=TWEET-973656753719177216-984476359266324481>
None
2018-04-14 15:15:18 [scrapy] DEBUG: Scraped from <200 https://twitter.com/i/search/timeline?l=en&f=tweets&q=%22Glitter%20%26%20Glow%20Liquid%20Eye%20Shadow%22&src=typed&max_position=TWEET-973656753719177216-984476359266324481>
None
2018-04-14 15:15:18 [scrapy] DEBUG: Scraped from <200 https://twitter.com/i/search/timeline?l=en&f=tweets&q=%22Glitter%20%26%20Glow%20Liquid%20Eye%20Shadow%22&src=typed&max_position=TWEET-973656753719177216-984476359266324481>
None
2018-04-14 15:15:18 [scrapy] DEBUG: Scraped from <200 https://twitter.com/i/search/timeline?l=en&f=tweets&q=%22Glitter%20%26%20Glow%20Liquid%20Eye%20Shadow%22&src=typed&max_position=TWEET-973656753719177216-984476359266324481>
None
2018-04-14 15:15:18 [scrapy] DEBUG: Scraped from <200 https://twitter.com/i/search/timeline?l=en&f=tweets&q=%22Glitter%20%26%20Glow%20Liquid%20Eye%20Shadow%22&src=typed&max_position=TWEET-973656753719177216-984476359266324481>
None
2018-04-14 15:15:18 [scrapy] DEBUG: Scraped from <200 https://twitter.com/i/search/timeline?l=en&f=tweets&q=%22Glitter%20%26%20Glow%20Liquid%20Eye%20Shadow%22&src=typed&max_position=TWEET-973656753719177216-984476359266324481>
None
2018-04-14 15:15:18 [scrapy] DEBUG: Scraped from <200 https://twitter.com/i/search/timeline?l=en&f=tweets&q=%22Glitter%20%26%20Glow%20Liquid%20Eye%20Shadow%22&src=typed&max_position=TWEET-973656753719177216-984476359266324481>
None
2018-04-14 15:15:18 [scrapy] DEBUG: Scraped from <200 https://twitter.com/i/search/timeline?l=en&f=tweets&q=%22Glitter%20%26%20Glow%20Liquid%20Eye%20Shadow%22&src=typed&max_position=TWEET-973656753719177216-984476359266324481>
None
2018-04-14 15:15:18 [scrapy] DEBUG: Scraped from <200 https://twitter.com/i/search/timeline?l=en&f=tweets&q=%22Glitter%20%26%20Glow%20Liquid%20Eye%20Shadow%22&src=typed&max_position=TWEET-973656753719177216-984476359266324481>
None
2018-04-14 15:15:18 [scrapy] DEBUG: Scraped from <200 https://twitter.com/i/search/timeline?l=en&f=tweets&q=%22Glitter%20%26%20Glow%20Liquid%20Eye%20Shadow%22&src=typed&max_position=TWEET-973656753719177216-984476359266324481>
None
2018-04-14 15:15:19 [scrapy] DEBUG: Crawled (200) <GET https://twitter.com/i/search/timeline?l=en&f=tweets&q=%22Glitter%20%26%20Glow%20Liquid%20Eye%20Shadow%22&src=typed&max_position=TWEET-972922265099751425-984476359266324481> (referer: https://twitter.com/i/search/timeline?l=en&f=tweets&q=%22Glitter%20%26%20Glow%20Liquid%20Eye%20Shadow%22&src=typed&max_position=TWEET-973656753719177216-984476359266324481)
2018-04-14 15:15:20 [scrapy] DEBUG: Scraped from <200 https://twitter.com/i/search/timeline?l=en&f=tweets&q=%22Glitter%20%26%20Glow%20Liquid%20Eye%20Shadow%22&src=typed&max_position=TWEET-972922265099751425-984476359266324481>
None
2018-04-14 15:15:20 [scrapy] DEBUG: Scraped from <200 https://twitter.com/i/search/timeline?l=en&f=tweets&q=%22Glitter%20%26%20Glow%20Liquid%20Eye%20Shadow%22&src=typed&max_position=TWEET-972922265099751425-984476359266324481>
None
2018-04-14 15:15:20 [scrapy] DEBUG: Scraped from <200 https://twitter.com/i/search/timeline?l=en&f=tweets&q=%22Glitter%20%26%20Glow%20Liquid%20Eye%20Shadow%22&src=typed&max_position=TWEET-972922265099751425-984476359266324481>
None
2018-04-14 15:15:20 [scrapy] DEBUG: Scraped from <200 https://twitter.com/i/search/timeline?l=en&f=tweets&q=%22Glitter%20%26%20Glow%20Liquid%20Eye%20Shadow%22&src=typed&max_position=TWEET-972922265099751425-984476359266324481>
None
2018-04-14 15:15:20 [scrapy] DEBUG: Scraped from <200 https://twitter.com/i/search/timeline?l=en&f=tweets&q=%22Glitter%20%26%20Glow%20Liquid%20Eye%20Shadow%22&src=typed&max_position=TWEET-972922265099751425-984476359266324481>
None
2018-04-14 15:15:20 [scrapy] DEBUG: Scraped from <200 https://twitter.com/i/search/timeline?l=en&f=tweets&q=%22Glitter%20%26%20Glow%20Liquid%20Eye%20Shadow%22&src=typed&max_position=TWEET-972922265099751425-984476359266324481>
None
2018-04-14 15:15:20 [scrapy] DEBUG: Scraped from <200 https://twitter.com/i/search/timeline?l=en&f=tweets&q=%22Glitter%20%26%20Glow%20Liquid%20Eye%20Shadow%22&src=typed&max_position=TWEET-972922265099751425-984476359266324481>
None
2018-04-14 15:15:20 [scrapy] DEBUG: Scraped from <200 https://twitter.com/i/search/timeline?l=en&f=tweets&q=%22Glitter%20%26%20Glow%20Liquid%20Eye%20Shadow%22&src=typed&max_position=TWEET-972922265099751425-984476359266324481>
None
2018-04-14 15:15:20 [scrapy] DEBUG: Scraped from <200 https://twitter.com/i/search/timeline?l=en&f=tweets&q=%22Glitter%20%26%20Glow%20Liquid%20Eye%20Shadow%22&src=typed&max_position=TWEET-972922265099751425-984476359266324481>
None
2018-04-14 15:15:20 [scrapy] DEBUG: Scraped from <200 https://twitter.com/i/search/timeline?l=en&f=tweets&q=%22Glitter%20%26%20Glow%20Liquid%20Eye%20Shadow%22&src=typed&max_position=TWEET-972922265099751425-984476359266324481>
None
2018-04-14 15:15:20 [scrapy] DEBUG: Scraped from <200 https://twitter.com/i/search/timeline?l=en&f=tweets&q=%22Glitter%20%26%20Glow%20Liquid%20Eye%20Shadow%22&src=typed&max_position=TWEET-972922265099751425-984476359266324481>
None
2018-04-14 15:15:20 [scrapy] DEBUG: Scraped from <200 https://twitter.com/i/search/timeline?l=en&f=tweets&q=%22Glitter%20%26%20Glow%20Liquid%20Eye%20Shadow%22&src=typed&max_position=TWEET-972922265099751425-984476359266324481>
None
2018-04-14 15:15:20 [scrapy] DEBUG: Scraped from <200 https://twitter.com/i/search/timeline?l=en&f=tweets&q=%22Glitter%20%26%20Glow%20Liquid%20Eye%20Shadow%22&src=typed&max_position=TWEET-972922265099751425-984476359266324481>
None
2018-04-14 15:15:21 [scrapy] DEBUG: Scraped from <200 https://twitter.com/i/search/timeline?l=en&f=tweets&q=%22Glitter%20%26%20Glow%20Liquid%20Eye%20Shadow%22&src=typed&max_position=TWEET-972922265099751425-984476359266324481>
None
2018-04-14 15:15:21 [scrapy] DEBUG: Scraped from <200 https://twitter.com/i/search/timeline?l=en&f=tweets&q=%22Glitter%20%26%20Glow%20Liquid%20Eye%20Shadow%22&src=typed&max_position=TWEET-972922265099751425-984476359266324481>
None
2018-04-14 15:15:21 [scrapy] DEBUG: Scraped from <200 https://twitter.com/i/search/timeline?l=en&f=tweets&q=%22Glitter%20%26%20Glow%20Liquid%20Eye%20Shadow%22&src=typed&max_position=TWEET-972922265099751425-984476359266324481>
None
2018-04-14 15:15:21 [scrapy] DEBUG: Scraped from <200 https://twitter.com/i/search/timeline?l=en&f=tweets&q=%22Glitter%20%26%20Glow%20Liquid%20Eye%20Shadow%22&src=typed&max_position=TWEET-972922265099751425-984476359266324481>
None
2018-04-14 15:15:21 [scrapy] DEBUG: Scraped from <200 https://twitter.com/i/search/timeline?l=en&f=tweets&q=%22Glitter%20%26%20Glow%20Liquid%20Eye%20Shadow%22&src=typed&max_position=TWEET-972922265099751425-984476359266324481>
None
2018-04-14 15:15:21 [scrapy] DEBUG: Scraped from <200 https://twitter.com/i/search/timeline?l=en&f=tweets&q=%22Glitter%20%26%20Glow%20Liquid%20Eye%20Shadow%22&src=typed&max_position=TWEET-972922265099751425-984476359266324481>
None
2018-04-14 15:15:21 [scrapy] DEBUG: Scraped from <200 https://twitter.com/i/search/timeline?l=en&f=tweets&q=%22Glitter%20%26%20Glow%20Liquid%20Eye%20Shadow%22&src=typed&max_position=TWEET-972922265099751425-984476359266324481>
None
2018-04-14 15:15:21 [scrapy] DEBUG: Crawled (200) <GET https://twitter.com/i/search/timeline?l=en&f=tweets&q=%22Glitter%20%26%20Glow%20Liquid%20Eye%20Shadow%22&src=typed&max_position=TWEET-972126065148747776-984476359266324481> (referer: https://twitter.com/i/search/timeline?l=en&f=tweets&q=%22Glitter%20%26%20Glow%20Liquid%20Eye%20Shadow%22&src=typed&max_position=TWEET-972922265099751425-984476359266324481)
2018-04-14 15:15:22 [scrapy] DEBUG: Scraped from <200 https://twitter.com/i/search/timeline?l=en&f=tweets&q=%22Glitter%20%26%20Glow%20Liquid%20Eye%20Shadow%22&src=typed&max_position=TWEET-972126065148747776-984476359266324481>
None
2018-04-14 15:15:22 [scrapy] DEBUG: Scraped from <200 https://twitter.com/i/search/timeline?l=en&f=tweets&q=%22Glitter%20%26%20Glow%20Liquid%20Eye%20Shadow%22&src=typed&max_position=TWEET-972126065148747776-984476359266324481>
None
2018-04-14 15:15:22 [scrapy] DEBUG: Scraped from <200 https://twitter.com/i/search/timeline?l=en&f=tweets&q=%22Glitter%20%26%20Glow%20Liquid%20Eye%20Shadow%22&src=typed&max_position=TWEET-972126065148747776-984476359266324481>
None
2018-04-14 15:15:22 [scrapy] DEBUG: Scraped from <200 https://twitter.com/i/search/timeline?l=en&f=tweets&q=%22Glitter%20%26%20Glow%20Liquid%20Eye%20Shadow%22&src=typed&max_position=TWEET-972126065148747776-984476359266324481>
None
2018-04-14 15:15:22 [scrapy] DEBUG: Scraped from <200 https://twitter.com/i/search/timeline?l=en&f=tweets&q=%22Glitter%20%26%20Glow%20Liquid%20Eye%20Shadow%22&src=typed&max_position=TWEET-972126065148747776-984476359266324481>
None
2018-04-14 15:15:22 [scrapy] DEBUG: Scraped from <200 https://twitter.com/i/search/timeline?l=en&f=tweets&q=%22Glitter%20%26%20Glow%20Liquid%20Eye%20Shadow%22&src=typed&max_position=TWEET-972126065148747776-984476359266324481>
None
2018-04-14 15:15:22 [scrapy] DEBUG: Scraped from <200 https://twitter.com/i/search/timeline?l=en&f=tweets&q=%22Glitter%20%26%20Glow%20Liquid%20Eye%20Shadow%22&src=typed&max_position=TWEET-972126065148747776-984476359266324481>
None
2018-04-14 15:15:22 [scrapy] DEBUG: Scraped from <200 https://twitter.com/i/search/timeline?l=en&f=tweets&q=%22Glitter%20%26%20Glow%20Liquid%20Eye%20Shadow%22&src=typed&max_position=TWEET-972126065148747776-984476359266324481>
None
2018-04-14 15:15:22 [scrapy] DEBUG: Scraped from <200 https://twitter.com/i/search/timeline?l=en&f=tweets&q=%22Glitter%20%26%20Glow%20Liquid%20Eye%20Shadow%22&src=typed&max_position=TWEET-972126065148747776-984476359266324481>
None
2018-04-14 15:15:22 [scrapy] DEBUG: Scraped from <200 https://twitter.com/i/search/timeline?l=en&f=tweets&q=%22Glitter%20%26%20Glow%20Liquid%20Eye%20Shadow%22&src=typed&max_position=TWEET-972126065148747776-984476359266324481>
None
2018-04-14 15:15:22 [scrapy] DEBUG: Scraped from <200 https://twitter.com/i/search/timeline?l=en&f=tweets&q=%22Glitter%20%26%20Glow%20Liquid%20Eye%20Shadow%22&src=typed&max_position=TWEET-972126065148747776-984476359266324481>
None
2018-04-14 15:15:22 [scrapy] DEBUG: Scraped from <200 https://twitter.com/i/search/timeline?l=en&f=tweets&q=%22Glitter%20%26%20Glow%20Liquid%20Eye%20Shadow%22&src=typed&max_position=TWEET-972126065148747776-984476359266324481>
None
2018-04-14 15:15:22 [scrapy] DEBUG: Scraped from <200 https://twitter.com/i/search/timeline?l=en&f=tweets&q=%22Glitter%20%26%20Glow%20Liquid%20Eye%20Shadow%22&src=typed&max_position=TWEET-972126065148747776-984476359266324481>
None
2018-04-14 15:15:22 [scrapy] DEBUG: Scraped from <200 https://twitter.com/i/search/timeline?l=en&f=tweets&q=%22Glitter%20%26%20Glow%20Liquid%20Eye%20Shadow%22&src=typed&max_position=TWEET-972126065148747776-984476359266324481>
None
2018-04-14 15:15:22 [scrapy] DEBUG: Scraped from <200 https://twitter.com/i/search/timeline?l=en&f=tweets&q=%22Glitter%20%26%20Glow%20Liquid%20Eye%20Shadow%22&src=typed&max_position=TWEET-972126065148747776-984476359266324481>
None
2018-04-14 15:15:22 [scrapy] DEBUG: Scraped from <200 https://twitter.com/i/search/timeline?l=en&f=tweets&q=%22Glitter%20%26%20Glow%20Liquid%20Eye%20Shadow%22&src=typed&max_position=TWEET-972126065148747776-984476359266324481>
None
2018-04-14 15:15:22 [scrapy] DEBUG: Scraped from <200 https://twitter.com/i/search/timeline?l=en&f=tweets&q=%22Glitter%20%26%20Glow%20Liquid%20Eye%20Shadow%22&src=typed&max_position=TWEET-972126065148747776-984476359266324481>
None
2018-04-14 15:15:23 [scrapy] DEBUG: Scraped from <200 https://twitter.com/i/search/timeline?l=en&f=tweets&q=%22Glitter%20%26%20Glow%20Liquid%20Eye%20Shadow%22&src=typed&max_position=TWEET-972126065148747776-984476359266324481>
None
2018-04-14 15:15:23 [scrapy] DEBUG: Crawled (200) <GET https://twitter.com/i/search/timeline?l=en&f=tweets&q=%22Glitter%20%26%20Glow%20Liquid%20Eye%20Shadow%22&src=typed&max_position=TWEET-970025962686599168-984476359266324481> (referer: https://twitter.com/i/search/timeline?l=en&f=tweets&q=%22Glitter%20%26%20Glow%20Liquid%20Eye%20Shadow%22&src=typed&max_position=TWEET-972126065148747776-984476359266324481)
2018-04-14 15:15:23 [scrapy] DEBUG: Scraped from <200 https://twitter.com/i/search/timeline?l=en&f=tweets&q=%22Glitter%20%26%20Glow%20Liquid%20Eye%20Shadow%22&src=typed&max_position=TWEET-970025962686599168-984476359266324481>
None
2018-04-14 15:15:23 [scrapy] DEBUG: Scraped from <200 https://twitter.com/i/search/timeline?l=en&f=tweets&q=%22Glitter%20%26%20Glow%20Liquid%20Eye%20Shadow%22&src=typed&max_position=TWEET-970025962686599168-984476359266324481>
None
2018-04-14 15:15:24 [scrapy] DEBUG: Scraped from <200 https://twitter.com/i/search/timeline?l=en&f=tweets&q=%22Glitter%20%26%20Glow%20Liquid%20Eye%20Shadow%22&src=typed&max_position=TWEET-970025962686599168-984476359266324481>
None
2018-04-14 15:15:24 [scrapy] DEBUG: Scraped from <200 https://twitter.com/i/search/timeline?l=en&f=tweets&q=%22Glitter%20%26%20Glow%20Liquid%20Eye%20Shadow%22&src=typed&max_position=TWEET-970025962686599168-984476359266324481>
None
2018-04-14 15:15:24 [scrapy] DEBUG: Scraped from <200 https://twitter.com/i/search/timeline?l=en&f=tweets&q=%22Glitter%20%26%20Glow%20Liquid%20Eye%20Shadow%22&src=typed&max_position=TWEET-970025962686599168-984476359266324481>
None
2018-04-14 15:15:24 [scrapy] DEBUG: Scraped from <200 https://twitter.com/i/search/timeline?l=en&f=tweets&q=%22Glitter%20%26%20Glow%20Liquid%20Eye%20Shadow%22&src=typed&max_position=TWEET-970025962686599168-984476359266324481>
None
2018-04-14 15:15:24 [scrapy] DEBUG: Scraped from <200 https://twitter.com/i/search/timeline?l=en&f=tweets&q=%22Glitter%20%26%20Glow%20Liquid%20Eye%20Shadow%22&src=typed&max_position=TWEET-970025962686599168-984476359266324481>
None
2018-04-14 15:15:24 [scrapy] DEBUG: Scraped from <200 https://twitter.com/i/search/timeline?l=en&f=tweets&q=%22Glitter%20%26%20Glow%20Liquid%20Eye%20Shadow%22&src=typed&max_position=TWEET-970025962686599168-984476359266324481>
None
2018-04-14 15:15:24 [scrapy] DEBUG: Scraped from <200 https://twitter.com/i/search/timeline?l=en&f=tweets&q=%22Glitter%20%26%20Glow%20Liquid%20Eye%20Shadow%22&src=typed&max_position=TWEET-970025962686599168-984476359266324481>
None
2018-04-14 15:15:24 [scrapy] DEBUG: Scraped from <200 https://twitter.com/i/search/timeline?l=en&f=tweets&q=%22Glitter%20%26%20Glow%20Liquid%20Eye%20Shadow%22&src=typed&max_position=TWEET-970025962686599168-984476359266324481>
None
2018-04-14 15:15:24 [scrapy] DEBUG: Scraped from <200 https://twitter.com/i/search/timeline?l=en&f=tweets&q=%22Glitter%20%26%20Glow%20Liquid%20Eye%20Shadow%22&src=typed&max_position=TWEET-970025962686599168-984476359266324481>
None
2018-04-14 15:15:24 [scrapy] DEBUG: Scraped from <200 https://twitter.com/i/search/timeline?l=en&f=tweets&q=%22Glitter%20%26%20Glow%20Liquid%20Eye%20Shadow%22&src=typed&max_position=TWEET-970025962686599168-984476359266324481>
None
2018-04-14 15:15:24 [scrapy] DEBUG: Scraped from <200 https://twitter.com/i/search/timeline?l=en&f=tweets&q=%22Glitter%20%26%20Glow%20Liquid%20Eye%20Shadow%22&src=typed&max_position=TWEET-970025962686599168-984476359266324481>
None
2018-04-14 15:15:24 [scrapy] DEBUG: Scraped from <200 https://twitter.com/i/search/timeline?l=en&f=tweets&q=%22Glitter%20%26%20Glow%20Liquid%20Eye%20Shadow%22&src=typed&max_position=TWEET-970025962686599168-984476359266324481>
None
2018-04-14 15:15:24 [scrapy] DEBUG: Scraped from <200 https://twitter.com/i/search/timeline?l=en&f=tweets&q=%22Glitter%20%26%20Glow%20Liquid%20Eye%20Shadow%22&src=typed&max_position=TWEET-970025962686599168-984476359266324481>
None
2018-04-14 15:15:24 [scrapy] DEBUG: Scraped from <200 https://twitter.com/i/search/timeline?l=en&f=tweets&q=%22Glitter%20%26%20Glow%20Liquid%20Eye%20Shadow%22&src=typed&max_position=TWEET-970025962686599168-984476359266324481>
None
2018-04-14 15:15:25 [scrapy] DEBUG: Crawled (200) <GET https://twitter.com/i/search/timeline?l=en&f=tweets&q=%22Glitter%20%26%20Glow%20Liquid%20Eye%20Shadow%22&src=typed&max_position=TWEET-964963298079846400-984476359266324481> (referer: https://twitter.com/i/search/timeline?l=en&f=tweets&q=%22Glitter%20%26%20Glow%20Liquid%20Eye%20Shadow%22&src=typed&max_position=TWEET-970025962686599168-984476359266324481)
2018-04-14 15:15:25 [scrapy] DEBUG: Scraped from <200 https://twitter.com/i/search/timeline?l=en&f=tweets&q=%22Glitter%20%26%20Glow%20Liquid%20Eye%20Shadow%22&src=typed&max_position=TWEET-964963298079846400-984476359266324481>
None
2018-04-14 15:15:25 [scrapy] DEBUG: Scraped from <200 https://twitter.com/i/search/timeline?l=en&f=tweets&q=%22Glitter%20%26%20Glow%20Liquid%20Eye%20Shadow%22&src=typed&max_position=TWEET-964963298079846400-984476359266324481>
None
2018-04-14 15:15:25 [scrapy] DEBUG: Scraped from <200 https://twitter.com/i/search/timeline?l=en&f=tweets&q=%22Glitter%20%26%20Glow%20Liquid%20Eye%20Shadow%22&src=typed&max_position=TWEET-964963298079846400-984476359266324481>
None
2018-04-14 15:15:25 [scrapy] DEBUG: Scraped from <200 https://twitter.com/i/search/timeline?l=en&f=tweets&q=%22Glitter%20%26%20Glow%20Liquid%20Eye%20Shadow%22&src=typed&max_position=TWEET-964963298079846400-984476359266324481>
None
2018-04-14 15:15:25 [scrapy] DEBUG: Scraped from <200 https://twitter.com/i/search/timeline?l=en&f=tweets&q=%22Glitter%20%26%20Glow%20Liquid%20Eye%20Shadow%22&src=typed&max_position=TWEET-964963298079846400-984476359266324481>
None
2018-04-14 15:15:25 [scrapy] DEBUG: Scraped from <200 https://twitter.com/i/search/timeline?l=en&f=tweets&q=%22Glitter%20%26%20Glow%20Liquid%20Eye%20Shadow%22&src=typed&max_position=TWEET-964963298079846400-984476359266324481>
None
2018-04-14 15:15:25 [scrapy] DEBUG: Scraped from <200 https://twitter.com/i/search/timeline?l=en&f=tweets&q=%22Glitter%20%26%20Glow%20Liquid%20Eye%20Shadow%22&src=typed&max_position=TWEET-964963298079846400-984476359266324481>
None
2018-04-14 15:15:25 [scrapy] DEBUG: Scraped from <200 https://twitter.com/i/search/timeline?l=en&f=tweets&q=%22Glitter%20%26%20Glow%20Liquid%20Eye%20Shadow%22&src=typed&max_position=TWEET-964963298079846400-984476359266324481>
None
2018-04-14 15:15:25 [scrapy] DEBUG: Scraped from <200 https://twitter.com/i/search/timeline?l=en&f=tweets&q=%22Glitter%20%26%20Glow%20Liquid%20Eye%20Shadow%22&src=typed&max_position=TWEET-964963298079846400-984476359266324481>
None
2018-04-14 15:15:25 [scrapy] DEBUG: Scraped from <200 https://twitter.com/i/search/timeline?l=en&f=tweets&q=%22Glitter%20%26%20Glow%20Liquid%20Eye%20Shadow%22&src=typed&max_position=TWEET-964963298079846400-984476359266324481>
None
2018-04-14 15:15:25 [scrapy] DEBUG: Scraped from <200 https://twitter.com/i/search/timeline?l=en&f=tweets&q=%22Glitter%20%26%20Glow%20Liquid%20Eye%20Shadow%22&src=typed&max_position=TWEET-964963298079846400-984476359266324481>
None
2018-04-14 15:15:25 [scrapy] DEBUG: Scraped from <200 https://twitter.com/i/search/timeline?l=en&f=tweets&q=%22Glitter%20%26%20Glow%20Liquid%20Eye%20Shadow%22&src=typed&max_position=TWEET-964963298079846400-984476359266324481>
None
2018-04-14 15:15:26 [scrapy] DEBUG: Scraped from <200 https://twitter.com/i/search/timeline?l=en&f=tweets&q=%22Glitter%20%26%20Glow%20Liquid%20Eye%20Shadow%22&src=typed&max_position=TWEET-964963298079846400-984476359266324481>
None
2018-04-14 15:15:26 [scrapy] DEBUG: Scraped from <200 https://twitter.com/i/search/timeline?l=en&f=tweets&q=%22Glitter%20%26%20Glow%20Liquid%20Eye%20Shadow%22&src=typed&max_position=TWEET-964963298079846400-984476359266324481>
None
2018-04-14 15:15:26 [scrapy] DEBUG: Scraped from <200 https://twitter.com/i/search/timeline?l=en&f=tweets&q=%22Glitter%20%26%20Glow%20Liquid%20Eye%20Shadow%22&src=typed&max_position=TWEET-964963298079846400-984476359266324481>
None
2018-04-14 15:15:26 [scrapy] DEBUG: Scraped from <200 https://twitter.com/i/search/timeline?l=en&f=tweets&q=%22Glitter%20%26%20Glow%20Liquid%20Eye%20Shadow%22&src=typed&max_position=TWEET-964963298079846400-984476359266324481>
None
2018-04-14 15:15:26 [scrapy] DEBUG: Scraped from <200 https://twitter.com/i/search/timeline?l=en&f=tweets&q=%22Glitter%20%26%20Glow%20Liquid%20Eye%20Shadow%22&src=typed&max_position=TWEET-964963298079846400-984476359266324481>
None
2018-04-14 15:15:26 [scrapy] DEBUG: Scraped from <200 https://twitter.com/i/search/timeline?l=en&f=tweets&q=%22Glitter%20%26%20Glow%20Liquid%20Eye%20Shadow%22&src=typed&max_position=TWEET-964963298079846400-984476359266324481>
None
2018-04-14 15:15:26 [scrapy] DEBUG: Scraped from <200 https://twitter.com/i/search/timeline?l=en&f=tweets&q=%22Glitter%20%26%20Glow%20Liquid%20Eye%20Shadow%22&src=typed&max_position=TWEET-964963298079846400-984476359266324481>
None
2018-04-14 15:15:27 [scrapy] DEBUG: Crawled (200) <GET https://twitter.com/i/search/timeline?l=en&f=tweets&q=%22Glitter%20%26%20Glow%20Liquid%20Eye%20Shadow%22&src=typed&max_position=TWEET-961414125233627136-984476359266324481> (referer: https://twitter.com/i/search/timeline?l=en&f=tweets&q=%22Glitter%20%26%20Glow%20Liquid%20Eye%20Shadow%22&src=typed&max_position=TWEET-964963298079846400-984476359266324481)
2018-04-14 15:15:27 [scrapy] DEBUG: Scraped from <200 https://twitter.com/i/search/timeline?l=en&f=tweets&q=%22Glitter%20%26%20Glow%20Liquid%20Eye%20Shadow%22&src=typed&max_position=TWEET-961414125233627136-984476359266324481>
None
2018-04-14 15:15:27 [scrapy] DEBUG: Scraped from <200 https://twitter.com/i/search/timeline?l=en&f=tweets&q=%22Glitter%20%26%20Glow%20Liquid%20Eye%20Shadow%22&src=typed&max_position=TWEET-961414125233627136-984476359266324481>
None
2018-04-14 15:15:27 [scrapy] DEBUG: Scraped from <200 https://twitter.com/i/search/timeline?l=en&f=tweets&q=%22Glitter%20%26%20Glow%20Liquid%20Eye%20Shadow%22&src=typed&max_position=TWEET-961414125233627136-984476359266324481>
None
2018-04-14 15:15:27 [scrapy] DEBUG: Scraped from <200 https://twitter.com/i/search/timeline?l=en&f=tweets&q=%22Glitter%20%26%20Glow%20Liquid%20Eye%20Shadow%22&src=typed&max_position=TWEET-961414125233627136-984476359266324481>
None
2018-04-14 15:15:27 [scrapy] DEBUG: Scraped from <200 https://twitter.com/i/search/timeline?l=en&f=tweets&q=%22Glitter%20%26%20Glow%20Liquid%20Eye%20Shadow%22&src=typed&max_position=TWEET-961414125233627136-984476359266324481>
None
2018-04-14 15:15:27 [scrapy] DEBUG: Scraped from <200 https://twitter.com/i/search/timeline?l=en&f=tweets&q=%22Glitter%20%26%20Glow%20Liquid%20Eye%20Shadow%22&src=typed&max_position=TWEET-961414125233627136-984476359266324481>
None
2018-04-14 15:15:27 [scrapy] DEBUG: Scraped from <200 https://twitter.com/i/search/timeline?l=en&f=tweets&q=%22Glitter%20%26%20Glow%20Liquid%20Eye%20Shadow%22&src=typed&max_position=TWEET-961414125233627136-984476359266324481>
None
2018-04-14 15:15:27 [scrapy] DEBUG: Scraped from <200 https://twitter.com/i/search/timeline?l=en&f=tweets&q=%22Glitter%20%26%20Glow%20Liquid%20Eye%20Shadow%22&src=typed&max_position=TWEET-961414125233627136-984476359266324481>
None
2018-04-14 15:15:27 [scrapy] DEBUG: Scraped from <200 https://twitter.com/i/search/timeline?l=en&f=tweets&q=%22Glitter%20%26%20Glow%20Liquid%20Eye%20Shadow%22&src=typed&max_position=TWEET-961414125233627136-984476359266324481>
None
2018-04-14 15:15:27 [scrapy] DEBUG: Scraped from <200 https://twitter.com/i/search/timeline?l=en&f=tweets&q=%22Glitter%20%26%20Glow%20Liquid%20Eye%20Shadow%22&src=typed&max_position=TWEET-961414125233627136-984476359266324481>
None
2018-04-14 15:15:27 [scrapy] DEBUG: Scraped from <200 https://twitter.com/i/search/timeline?l=en&f=tweets&q=%22Glitter%20%26%20Glow%20Liquid%20Eye%20Shadow%22&src=typed&max_position=TWEET-961414125233627136-984476359266324481>
None
2018-04-14 15:15:27 [scrapy] DEBUG: Scraped from <200 https://twitter.com/i/search/timeline?l=en&f=tweets&q=%22Glitter%20%26%20Glow%20Liquid%20Eye%20Shadow%22&src=typed&max_position=TWEET-961414125233627136-984476359266324481>
None
2018-04-14 15:15:27 [scrapy] DEBUG: Scraped from <200 https://twitter.com/i/search/timeline?l=en&f=tweets&q=%22Glitter%20%26%20Glow%20Liquid%20Eye%20Shadow%22&src=typed&max_position=TWEET-961414125233627136-984476359266324481>
None
2018-04-14 15:15:27 [scrapy] DEBUG: Scraped from <200 https://twitter.com/i/search/timeline?l=en&f=tweets&q=%22Glitter%20%26%20Glow%20Liquid%20Eye%20Shadow%22&src=typed&max_position=TWEET-961414125233627136-984476359266324481>
None
2018-04-14 15:15:27 [scrapy] DEBUG: Scraped from <200 https://twitter.com/i/search/timeline?l=en&f=tweets&q=%22Glitter%20%26%20Glow%20Liquid%20Eye%20Shadow%22&src=typed&max_position=TWEET-961414125233627136-984476359266324481>
None
2018-04-14 15:15:28 [scrapy] DEBUG: Scraped from <200 https://twitter.com/i/search/timeline?l=en&f=tweets&q=%22Glitter%20%26%20Glow%20Liquid%20Eye%20Shadow%22&src=typed&max_position=TWEET-961414125233627136-984476359266324481>
None
2018-04-14 15:15:28 [scrapy] DEBUG: Scraped from <200 https://twitter.com/i/search/timeline?l=en&f=tweets&q=%22Glitter%20%26%20Glow%20Liquid%20Eye%20Shadow%22&src=typed&max_position=TWEET-961414125233627136-984476359266324481>
None
2018-04-14 15:15:28 [scrapy] DEBUG: Scraped from <200 https://twitter.com/i/search/timeline?l=en&f=tweets&q=%22Glitter%20%26%20Glow%20Liquid%20Eye%20Shadow%22&src=typed&max_position=TWEET-961414125233627136-984476359266324481>
None
2018-04-14 15:15:28 [scrapy] DEBUG: Scraped from <200 https://twitter.com/i/search/timeline?l=en&f=tweets&q=%22Glitter%20%26%20Glow%20Liquid%20Eye%20Shadow%22&src=typed&max_position=TWEET-961414125233627136-984476359266324481>
None
2018-04-14 15:15:28 [scrapy] DEBUG: Scraped from <200 https://twitter.com/i/search/timeline?l=en&f=tweets&q=%22Glitter%20%26%20Glow%20Liquid%20Eye%20Shadow%22&src=typed&max_position=TWEET-961414125233627136-984476359266324481>
None
2018-04-14 15:15:29 [scrapy] DEBUG: Crawled (200) <GET https://twitter.com/i/search/timeline?l=en&f=tweets&q=%22Glitter%20%26%20Glow%20Liquid%20Eye%20Shadow%22&src=typed&max_position=TWEET-957346357370638337-984476359266324481> (referer: https://twitter.com/i/search/timeline?l=en&f=tweets&q=%22Glitter%20%26%20Glow%20Liquid%20Eye%20Shadow%22&src=typed&max_position=TWEET-961414125233627136-984476359266324481)
2018-04-14 15:15:29 [scrapy] DEBUG: Scraped from <200 https://twitter.com/i/search/timeline?l=en&f=tweets&q=%22Glitter%20%26%20Glow%20Liquid%20Eye%20Shadow%22&src=typed&max_position=TWEET-957346357370638337-984476359266324481>
None
2018-04-14 15:15:29 [scrapy] DEBUG: Scraped from <200 https://twitter.com/i/search/timeline?l=en&f=tweets&q=%22Glitter%20%26%20Glow%20Liquid%20Eye%20Shadow%22&src=typed&max_position=TWEET-957346357370638337-984476359266324481>
None
2018-04-14 15:15:29 [scrapy] DEBUG: Scraped from <200 https://twitter.com/i/search/timeline?l=en&f=tweets&q=%22Glitter%20%26%20Glow%20Liquid%20Eye%20Shadow%22&src=typed&max_position=TWEET-957346357370638337-984476359266324481>
None
2018-04-14 15:15:29 [scrapy] DEBUG: Scraped from <200 https://twitter.com/i/search/timeline?l=en&f=tweets&q=%22Glitter%20%26%20Glow%20Liquid%20Eye%20Shadow%22&src=typed&max_position=TWEET-957346357370638337-984476359266324481>
None
2018-04-14 15:15:29 [scrapy] DEBUG: Scraped from <200 https://twitter.com/i/search/timeline?l=en&f=tweets&q=%22Glitter%20%26%20Glow%20Liquid%20Eye%20Shadow%22&src=typed&max_position=TWEET-957346357370638337-984476359266324481>
None
2018-04-14 15:15:29 [scrapy] DEBUG: Scraped from <200 https://twitter.com/i/search/timeline?l=en&f=tweets&q=%22Glitter%20%26%20Glow%20Liquid%20Eye%20Shadow%22&src=typed&max_position=TWEET-957346357370638337-984476359266324481>
None
2018-04-14 15:15:29 [scrapy] DEBUG: Scraped from <200 https://twitter.com/i/search/timeline?l=en&f=tweets&q=%22Glitter%20%26%20Glow%20Liquid%20Eye%20Shadow%22&src=typed&max_position=TWEET-957346357370638337-984476359266324481>
None
2018-04-14 15:15:29 [scrapy] DEBUG: Scraped from <200 https://twitter.com/i/search/timeline?l=en&f=tweets&q=%22Glitter%20%26%20Glow%20Liquid%20Eye%20Shadow%22&src=typed&max_position=TWEET-957346357370638337-984476359266324481>
None
2018-04-14 15:15:29 [scrapy] DEBUG: Scraped from <200 https://twitter.com/i/search/timeline?l=en&f=tweets&q=%22Glitter%20%26%20Glow%20Liquid%20Eye%20Shadow%22&src=typed&max_position=TWEET-957346357370638337-984476359266324481>
None
2018-04-14 15:15:29 [scrapy] DEBUG: Scraped from <200 https://twitter.com/i/search/timeline?l=en&f=tweets&q=%22Glitter%20%26%20Glow%20Liquid%20Eye%20Shadow%22&src=typed&max_position=TWEET-957346357370638337-984476359266324481>
None
2018-04-14 15:15:29 [scrapy] DEBUG: Scraped from <200 https://twitter.com/i/search/timeline?l=en&f=tweets&q=%22Glitter%20%26%20Glow%20Liquid%20Eye%20Shadow%22&src=typed&max_position=TWEET-957346357370638337-984476359266324481>
None
2018-04-14 15:15:29 [scrapy] DEBUG: Scraped from <200 https://twitter.com/i/search/timeline?l=en&f=tweets&q=%22Glitter%20%26%20Glow%20Liquid%20Eye%20Shadow%22&src=typed&max_position=TWEET-957346357370638337-984476359266324481>
None
2018-04-14 15:15:29 [scrapy] DEBUG: Scraped from <200 https://twitter.com/i/search/timeline?l=en&f=tweets&q=%22Glitter%20%26%20Glow%20Liquid%20Eye%20Shadow%22&src=typed&max_position=TWEET-957346357370638337-984476359266324481>
None
2018-04-14 15:15:30 [scrapy] DEBUG: Scraped from <200 https://twitter.com/i/search/timeline?l=en&f=tweets&q=%22Glitter%20%26%20Glow%20Liquid%20Eye%20Shadow%22&src=typed&max_position=TWEET-957346357370638337-984476359266324481>
None
2018-04-14 15:15:30 [scrapy] DEBUG: Scraped from <200 https://twitter.com/i/search/timeline?l=en&f=tweets&q=%22Glitter%20%26%20Glow%20Liquid%20Eye%20Shadow%22&src=typed&max_position=TWEET-957346357370638337-984476359266324481>
None
2018-04-14 15:15:30 [scrapy] DEBUG: Scraped from <200 https://twitter.com/i/search/timeline?l=en&f=tweets&q=%22Glitter%20%26%20Glow%20Liquid%20Eye%20Shadow%22&src=typed&max_position=TWEET-957346357370638337-984476359266324481>
None
2018-04-14 15:15:30 [scrapy] DEBUG: Scraped from <200 https://twitter.com/i/search/timeline?l=en&f=tweets&q=%22Glitter%20%26%20Glow%20Liquid%20Eye%20Shadow%22&src=typed&max_position=TWEET-957346357370638337-984476359266324481>
None
2018-04-14 15:15:30 [scrapy] DEBUG: Scraped from <200 https://twitter.com/i/search/timeline?l=en&f=tweets&q=%22Glitter%20%26%20Glow%20Liquid%20Eye%20Shadow%22&src=typed&max_position=TWEET-957346357370638337-984476359266324481>
None
2018-04-14 15:15:30 [scrapy] DEBUG: Scraped from <200 https://twitter.com/i/search/timeline?l=en&f=tweets&q=%22Glitter%20%26%20Glow%20Liquid%20Eye%20Shadow%22&src=typed&max_position=TWEET-957346357370638337-984476359266324481>
None
2018-04-14 15:15:30 [scrapy] DEBUG: Scraped from <200 https://twitter.com/i/search/timeline?l=en&f=tweets&q=%22Glitter%20%26%20Glow%20Liquid%20Eye%20Shadow%22&src=typed&max_position=TWEET-957346357370638337-984476359266324481>
None
2018-04-14 15:15:32 [scrapy] DEBUG: Crawled (200) <GET https://twitter.com/i/search/timeline?l=en&f=tweets&q=%22Glitter%20%26%20Glow%20Liquid%20Eye%20Shadow%22&src=typed&max_position=TWEET-953300234968469505-984476359266324481> (referer: https://twitter.com/i/search/timeline?l=en&f=tweets&q=%22Glitter%20%26%20Glow%20Liquid%20Eye%20Shadow%22&src=typed&max_position=TWEET-957346357370638337-984476359266324481)
2018-04-14 15:15:32 [scrapy] DEBUG: Scraped from <200 https://twitter.com/i/search/timeline?l=en&f=tweets&q=%22Glitter%20%26%20Glow%20Liquid%20Eye%20Shadow%22&src=typed&max_position=TWEET-953300234968469505-984476359266324481>
None
2018-04-14 15:15:32 [scrapy] DEBUG: Scraped from <200 https://twitter.com/i/search/timeline?l=en&f=tweets&q=%22Glitter%20%26%20Glow%20Liquid%20Eye%20Shadow%22&src=typed&max_position=TWEET-953300234968469505-984476359266324481>
None
2018-04-14 15:15:32 [scrapy] DEBUG: Scraped from <200 https://twitter.com/i/search/timeline?l=en&f=tweets&q=%22Glitter%20%26%20Glow%20Liquid%20Eye%20Shadow%22&src=typed&max_position=TWEET-953300234968469505-984476359266324481>
None
2018-04-14 15:15:32 [scrapy] DEBUG: Scraped from <200 https://twitter.com/i/search/timeline?l=en&f=tweets&q=%22Glitter%20%26%20Glow%20Liquid%20Eye%20Shadow%22&src=typed&max_position=TWEET-953300234968469505-984476359266324481>
None
2018-04-14 15:15:32 [scrapy] DEBUG: Scraped from <200 https://twitter.com/i/search/timeline?l=en&f=tweets&q=%22Glitter%20%26%20Glow%20Liquid%20Eye%20Shadow%22&src=typed&max_position=TWEET-953300234968469505-984476359266324481>
None
2018-04-14 15:15:32 [scrapy] DEBUG: Scraped from <200 https://twitter.com/i/search/timeline?l=en&f=tweets&q=%22Glitter%20%26%20Glow%20Liquid%20Eye%20Shadow%22&src=typed&max_position=TWEET-953300234968469505-984476359266324481>
None
2018-04-14 15:15:32 [scrapy] DEBUG: Scraped from <200 https://twitter.com/i/search/timeline?l=en&f=tweets&q=%22Glitter%20%26%20Glow%20Liquid%20Eye%20Shadow%22&src=typed&max_position=TWEET-953300234968469505-984476359266324481>
None
2018-04-14 15:15:32 [scrapy] DEBUG: Scraped from <200 https://twitter.com/i/search/timeline?l=en&f=tweets&q=%22Glitter%20%26%20Glow%20Liquid%20Eye%20Shadow%22&src=typed&max_position=TWEET-953300234968469505-984476359266324481>
None
2018-04-14 15:15:32 [scrapy] DEBUG: Scraped from <200 https://twitter.com/i/search/timeline?l=en&f=tweets&q=%22Glitter%20%26%20Glow%20Liquid%20Eye%20Shadow%22&src=typed&max_position=TWEET-953300234968469505-984476359266324481>
None
2018-04-14 15:15:32 [scrapy] DEBUG: Scraped from <200 https://twitter.com/i/search/timeline?l=en&f=tweets&q=%22Glitter%20%26%20Glow%20Liquid%20Eye%20Shadow%22&src=typed&max_position=TWEET-953300234968469505-984476359266324481>
None
2018-04-14 15:15:32 [scrapy] DEBUG: Scraped from <200 https://twitter.com/i/search/timeline?l=en&f=tweets&q=%22Glitter%20%26%20Glow%20Liquid%20Eye%20Shadow%22&src=typed&max_position=TWEET-953300234968469505-984476359266324481>
None
2018-04-14 15:15:32 [scrapy] DEBUG: Scraped from <200 https://twitter.com/i/search/timeline?l=en&f=tweets&q=%22Glitter%20%26%20Glow%20Liquid%20Eye%20Shadow%22&src=typed&max_position=TWEET-953300234968469505-984476359266324481>
None
2018-04-14 15:15:32 [scrapy] DEBUG: Scraped from <200 https://twitter.com/i/search/timeline?l=en&f=tweets&q=%22Glitter%20%26%20Glow%20Liquid%20Eye%20Shadow%22&src=typed&max_position=TWEET-953300234968469505-984476359266324481>
None
2018-04-14 15:15:32 [scrapy] DEBUG: Scraped from <200 https://twitter.com/i/search/timeline?l=en&f=tweets&q=%22Glitter%20%26%20Glow%20Liquid%20Eye%20Shadow%22&src=typed&max_position=TWEET-953300234968469505-984476359266324481>
None
2018-04-14 15:15:33 [scrapy] DEBUG: Scraped from <200 https://twitter.com/i/search/timeline?l=en&f=tweets&q=%22Glitter%20%26%20Glow%20Liquid%20Eye%20Shadow%22&src=typed&max_position=TWEET-953300234968469505-984476359266324481>
None
2018-04-14 15:15:33 [scrapy] DEBUG: Scraped from <200 https://twitter.com/i/search/timeline?l=en&f=tweets&q=%22Glitter%20%26%20Glow%20Liquid%20Eye%20Shadow%22&src=typed&max_position=TWEET-953300234968469505-984476359266324481>
None
2018-04-14 15:15:33 [scrapy] DEBUG: Crawled (200) <GET https://twitter.com/i/search/timeline?l=en&f=tweets&q=%22Glitter%20%26%20Glow%20Liquid%20Eye%20Shadow%22&src=typed&max_position=TWEET-947317207083692032-984476359266324481> (referer: https://twitter.com/i/search/timeline?l=en&f=tweets&q=%22Glitter%20%26%20Glow%20Liquid%20Eye%20Shadow%22&src=typed&max_position=TWEET-953300234968469505-984476359266324481)
2018-04-14 15:15:33 [scrapy] DEBUG: Scraped from <200 https://twitter.com/i/search/timeline?l=en&f=tweets&q=%22Glitter%20%26%20Glow%20Liquid%20Eye%20Shadow%22&src=typed&max_position=TWEET-947317207083692032-984476359266324481>
None
2018-04-14 15:15:33 [scrapy] DEBUG: Scraped from <200 https://twitter.com/i/search/timeline?l=en&f=tweets&q=%22Glitter%20%26%20Glow%20Liquid%20Eye%20Shadow%22&src=typed&max_position=TWEET-947317207083692032-984476359266324481>
None
2018-04-14 15:15:33 [scrapy] DEBUG: Scraped from <200 https://twitter.com/i/search/timeline?l=en&f=tweets&q=%22Glitter%20%26%20Glow%20Liquid%20Eye%20Shadow%22&src=typed&max_position=TWEET-947317207083692032-984476359266324481>
None
2018-04-14 15:15:33 [scrapy] DEBUG: Scraped from <200 https://twitter.com/i/search/timeline?l=en&f=tweets&q=%22Glitter%20%26%20Glow%20Liquid%20Eye%20Shadow%22&src=typed&max_position=TWEET-947317207083692032-984476359266324481>
None
2018-04-14 15:15:33 [scrapy] DEBUG: Scraped from <200 https://twitter.com/i/search/timeline?l=en&f=tweets&q=%22Glitter%20%26%20Glow%20Liquid%20Eye%20Shadow%22&src=typed&max_position=TWEET-947317207083692032-984476359266324481>
None
2018-04-14 15:15:33 [scrapy] DEBUG: Scraped from <200 https://twitter.com/i/search/timeline?l=en&f=tweets&q=%22Glitter%20%26%20Glow%20Liquid%20Eye%20Shadow%22&src=typed&max_position=TWEET-947317207083692032-984476359266324481>
None
2018-04-14 15:15:34 [scrapy] DEBUG: Scraped from <200 https://twitter.com/i/search/timeline?l=en&f=tweets&q=%22Glitter%20%26%20Glow%20Liquid%20Eye%20Shadow%22&src=typed&max_position=TWEET-947317207083692032-984476359266324481>
None
2018-04-14 15:15:34 [scrapy] DEBUG: Scraped from <200 https://twitter.com/i/search/timeline?l=en&f=tweets&q=%22Glitter%20%26%20Glow%20Liquid%20Eye%20Shadow%22&src=typed&max_position=TWEET-947317207083692032-984476359266324481>
None
2018-04-14 15:15:34 [scrapy] DEBUG: Scraped from <200 https://twitter.com/i/search/timeline?l=en&f=tweets&q=%22Glitter%20%26%20Glow%20Liquid%20Eye%20Shadow%22&src=typed&max_position=TWEET-947317207083692032-984476359266324481>
None
2018-04-14 15:15:34 [scrapy] DEBUG: Scraped from <200 https://twitter.com/i/search/timeline?l=en&f=tweets&q=%22Glitter%20%26%20Glow%20Liquid%20Eye%20Shadow%22&src=typed&max_position=TWEET-947317207083692032-984476359266324481>
None
2018-04-14 15:15:34 [scrapy] DEBUG: Scraped from <200 https://twitter.com/i/search/timeline?l=en&f=tweets&q=%22Glitter%20%26%20Glow%20Liquid%20Eye%20Shadow%22&src=typed&max_position=TWEET-947317207083692032-984476359266324481>
None
2018-04-14 15:15:34 [scrapy] DEBUG: Scraped from <200 https://twitter.com/i/search/timeline?l=en&f=tweets&q=%22Glitter%20%26%20Glow%20Liquid%20Eye%20Shadow%22&src=typed&max_position=TWEET-947317207083692032-984476359266324481>
None
2018-04-14 15:15:34 [scrapy] DEBUG: Scraped from <200 https://twitter.com/i/search/timeline?l=en&f=tweets&q=%22Glitter%20%26%20Glow%20Liquid%20Eye%20Shadow%22&src=typed&max_position=TWEET-947317207083692032-984476359266324481>
None
2018-04-14 15:15:34 [scrapy] DEBUG: Scraped from <200 https://twitter.com/i/search/timeline?l=en&f=tweets&q=%22Glitter%20%26%20Glow%20Liquid%20Eye%20Shadow%22&src=typed&max_position=TWEET-947317207083692032-984476359266324481>
None
2018-04-14 15:15:34 [scrapy] DEBUG: Scraped from <200 https://twitter.com/i/search/timeline?l=en&f=tweets&q=%22Glitter%20%26%20Glow%20Liquid%20Eye%20Shadow%22&src=typed&max_position=TWEET-947317207083692032-984476359266324481>
None
2018-04-14 15:15:34 [scrapy] DEBUG: Scraped from <200 https://twitter.com/i/search/timeline?l=en&f=tweets&q=%22Glitter%20%26%20Glow%20Liquid%20Eye%20Shadow%22&src=typed&max_position=TWEET-947317207083692032-984476359266324481>
None
2018-04-14 15:15:34 [scrapy] DEBUG: Scraped from <200 https://twitter.com/i/search/timeline?l=en&f=tweets&q=%22Glitter%20%26%20Glow%20Liquid%20Eye%20Shadow%22&src=typed&max_position=TWEET-947317207083692032-984476359266324481>
None
2018-04-14 15:15:34 [scrapy] DEBUG: Scraped from <200 https://twitter.com/i/search/timeline?l=en&f=tweets&q=%22Glitter%20%26%20Glow%20Liquid%20Eye%20Shadow%22&src=typed&max_position=TWEET-947317207083692032-984476359266324481>
None
2018-04-14 15:15:34 [scrapy] DEBUG: Scraped from <200 https://twitter.com/i/search/timeline?l=en&f=tweets&q=%22Glitter%20%26%20Glow%20Liquid%20Eye%20Shadow%22&src=typed&max_position=TWEET-947317207083692032-984476359266324481>
None
2018-04-14 15:15:35 [scrapy] DEBUG: Crawled (200) <GET https://twitter.com/i/search/timeline?l=en&f=tweets&q=%22Glitter%20%26%20Glow%20Liquid%20Eye%20Shadow%22&src=typed&max_position=TWEET-941503308526706690-984476359266324481> (referer: https://twitter.com/i/search/timeline?l=en&f=tweets&q=%22Glitter%20%26%20Glow%20Liquid%20Eye%20Shadow%22&src=typed&max_position=TWEET-947317207083692032-984476359266324481)
2018-04-14 15:15:35 [scrapy] DEBUG: Scraped from <200 https://twitter.com/i/search/timeline?l=en&f=tweets&q=%22Glitter%20%26%20Glow%20Liquid%20Eye%20Shadow%22&src=typed&max_position=TWEET-941503308526706690-984476359266324481>
None
2018-04-14 15:15:35 [scrapy] DEBUG: Scraped from <200 https://twitter.com/i/search/timeline?l=en&f=tweets&q=%22Glitter%20%26%20Glow%20Liquid%20Eye%20Shadow%22&src=typed&max_position=TWEET-941503308526706690-984476359266324481>
None
2018-04-14 15:15:36 [scrapy] DEBUG: Scraped from <200 https://twitter.com/i/search/timeline?l=en&f=tweets&q=%22Glitter%20%26%20Glow%20Liquid%20Eye%20Shadow%22&src=typed&max_position=TWEET-941503308526706690-984476359266324481>
None
2018-04-14 15:15:36 [scrapy] DEBUG: Scraped from <200 https://twitter.com/i/search/timeline?l=en&f=tweets&q=%22Glitter%20%26%20Glow%20Liquid%20Eye%20Shadow%22&src=typed&max_position=TWEET-941503308526706690-984476359266324481>
None
2018-04-14 15:15:36 [scrapy] DEBUG: Scraped from <200 https://twitter.com/i/search/timeline?l=en&f=tweets&q=%22Glitter%20%26%20Glow%20Liquid%20Eye%20Shadow%22&src=typed&max_position=TWEET-941503308526706690-984476359266324481>
None
2018-04-14 15:15:36 [scrapy] DEBUG: Scraped from <200 https://twitter.com/i/search/timeline?l=en&f=tweets&q=%22Glitter%20%26%20Glow%20Liquid%20Eye%20Shadow%22&src=typed&max_position=TWEET-941503308526706690-984476359266324481>
None
2018-04-14 15:15:36 [scrapy] DEBUG: Scraped from <200 https://twitter.com/i/search/timeline?l=en&f=tweets&q=%22Glitter%20%26%20Glow%20Liquid%20Eye%20Shadow%22&src=typed&max_position=TWEET-941503308526706690-984476359266324481>
None
2018-04-14 15:15:36 [scrapy] DEBUG: Scraped from <200 https://twitter.com/i/search/timeline?l=en&f=tweets&q=%22Glitter%20%26%20Glow%20Liquid%20Eye%20Shadow%22&src=typed&max_position=TWEET-941503308526706690-984476359266324481>
None
2018-04-14 15:15:36 [scrapy] DEBUG: Scraped from <200 https://twitter.com/i/search/timeline?l=en&f=tweets&q=%22Glitter%20%26%20Glow%20Liquid%20Eye%20Shadow%22&src=typed&max_position=TWEET-941503308526706690-984476359266324481>
None
2018-04-14 15:15:36 [scrapy] DEBUG: Scraped from <200 https://twitter.com/i/search/timeline?l=en&f=tweets&q=%22Glitter%20%26%20Glow%20Liquid%20Eye%20Shadow%22&src=typed&max_position=TWEET-941503308526706690-984476359266324481>
None
2018-04-14 15:15:36 [scrapy] DEBUG: Scraped from <200 https://twitter.com/i/search/timeline?l=en&f=tweets&q=%22Glitter%20%26%20Glow%20Liquid%20Eye%20Shadow%22&src=typed&max_position=TWEET-941503308526706690-984476359266324481>
None
2018-04-14 15:15:37 [scrapy] DEBUG: Crawled (200) <GET https://twitter.com/i/search/timeline?l=en&f=tweets&q=%22Glitter%20%26%20Glow%20Liquid%20Eye%20Shadow%22&src=typed&max_position=TWEET-937859635603587072-984476359266324481> (referer: https://twitter.com/i/search/timeline?l=en&f=tweets&q=%22Glitter%20%26%20Glow%20Liquid%20Eye%20Shadow%22&src=typed&max_position=TWEET-941503308526706690-984476359266324481)
2018-04-14 15:15:37 [scrapy] DEBUG: Scraped from <200 https://twitter.com/i/search/timeline?l=en&f=tweets&q=%22Glitter%20%26%20Glow%20Liquid%20Eye%20Shadow%22&src=typed&max_position=TWEET-937859635603587072-984476359266324481>
None
2018-04-14 15:15:37 [scrapy] DEBUG: Scraped from <200 https://twitter.com/i/search/timeline?l=en&f=tweets&q=%22Glitter%20%26%20Glow%20Liquid%20Eye%20Shadow%22&src=typed&max_position=TWEET-937859635603587072-984476359266324481>
None
2018-04-14 15:15:37 [scrapy] DEBUG: Scraped from <200 https://twitter.com/i/search/timeline?l=en&f=tweets&q=%22Glitter%20%26%20Glow%20Liquid%20Eye%20Shadow%22&src=typed&max_position=TWEET-937859635603587072-984476359266324481>
None
2018-04-14 15:15:37 [scrapy] DEBUG: Scraped from <200 https://twitter.com/i/search/timeline?l=en&f=tweets&q=%22Glitter%20%26%20Glow%20Liquid%20Eye%20Shadow%22&src=typed&max_position=TWEET-937859635603587072-984476359266324481>
None
2018-04-14 15:15:37 [scrapy] DEBUG: Scraped from <200 https://twitter.com/i/search/timeline?l=en&f=tweets&q=%22Glitter%20%26%20Glow%20Liquid%20Eye%20Shadow%22&src=typed&max_position=TWEET-937859635603587072-984476359266324481>
None
2018-04-14 15:15:37 [scrapy] DEBUG: Scraped from <200 https://twitter.com/i/search/timeline?l=en&f=tweets&q=%22Glitter%20%26%20Glow%20Liquid%20Eye%20Shadow%22&src=typed&max_position=TWEET-937859635603587072-984476359266324481>
None
2018-04-14 15:15:37 [scrapy] DEBUG: Scraped from <200 https://twitter.com/i/search/timeline?l=en&f=tweets&q=%22Glitter%20%26%20Glow%20Liquid%20Eye%20Shadow%22&src=typed&max_position=TWEET-937859635603587072-984476359266324481>
None
2018-04-14 15:15:37 [scrapy] DEBUG: Scraped from <200 https://twitter.com/i/search/timeline?l=en&f=tweets&q=%22Glitter%20%26%20Glow%20Liquid%20Eye%20Shadow%22&src=typed&max_position=TWEET-937859635603587072-984476359266324481>
None
2018-04-14 15:15:37 [scrapy] DEBUG: Scraped from <200 https://twitter.com/i/search/timeline?l=en&f=tweets&q=%22Glitter%20%26%20Glow%20Liquid%20Eye%20Shadow%22&src=typed&max_position=TWEET-937859635603587072-984476359266324481>
None
2018-04-14 15:15:37 [scrapy] DEBUG: Scraped from <200 https://twitter.com/i/search/timeline?l=en&f=tweets&q=%22Glitter%20%26%20Glow%20Liquid%20Eye%20Shadow%22&src=typed&max_position=TWEET-937859635603587072-984476359266324481>
None
2018-04-14 15:15:37 [scrapy] DEBUG: Scraped from <200 https://twitter.com/i/search/timeline?l=en&f=tweets&q=%22Glitter%20%26%20Glow%20Liquid%20Eye%20Shadow%22&src=typed&max_position=TWEET-937859635603587072-984476359266324481>
None
2018-04-14 15:15:37 [scrapy] DEBUG: Scraped from <200 https://twitter.com/i/search/timeline?l=en&f=tweets&q=%22Glitter%20%26%20Glow%20Liquid%20Eye%20Shadow%22&src=typed&max_position=TWEET-937859635603587072-984476359266324481>
None
2018-04-14 15:15:37 [scrapy] DEBUG: Scraped from <200 https://twitter.com/i/search/timeline?l=en&f=tweets&q=%22Glitter%20%26%20Glow%20Liquid%20Eye%20Shadow%22&src=typed&max_position=TWEET-937859635603587072-984476359266324481>
None
2018-04-14 15:15:37 [scrapy] DEBUG: Scraped from <200 https://twitter.com/i/search/timeline?l=en&f=tweets&q=%22Glitter%20%26%20Glow%20Liquid%20Eye%20Shadow%22&src=typed&max_position=TWEET-937859635603587072-984476359266324481>
None
2018-04-14 15:15:37 [scrapy] DEBUG: Scraped from <200 https://twitter.com/i/search/timeline?l=en&f=tweets&q=%22Glitter%20%26%20Glow%20Liquid%20Eye%20Shadow%22&src=typed&max_position=TWEET-937859635603587072-984476359266324481>
None
2018-04-14 15:15:37 [scrapy] DEBUG: Scraped from <200 https://twitter.com/i/search/timeline?l=en&f=tweets&q=%22Glitter%20%26%20Glow%20Liquid%20Eye%20Shadow%22&src=typed&max_position=TWEET-937859635603587072-984476359266324481>
None
2018-04-14 15:15:38 [scrapy] DEBUG: Scraped from <200 https://twitter.com/i/search/timeline?l=en&f=tweets&q=%22Glitter%20%26%20Glow%20Liquid%20Eye%20Shadow%22&src=typed&max_position=TWEET-937859635603587072-984476359266324481>
None
2018-04-14 15:15:38 [scrapy] DEBUG: Scraped from <200 https://twitter.com/i/search/timeline?l=en&f=tweets&q=%22Glitter%20%26%20Glow%20Liquid%20Eye%20Shadow%22&src=typed&max_position=TWEET-937859635603587072-984476359266324481>
None
2018-04-14 15:15:38 [scrapy] DEBUG: Scraped from <200 https://twitter.com/i/search/timeline?l=en&f=tweets&q=%22Glitter%20%26%20Glow%20Liquid%20Eye%20Shadow%22&src=typed&max_position=TWEET-937859635603587072-984476359266324481>
None
2018-04-14 15:15:38 [scrapy] DEBUG: Scraped from <200 https://twitter.com/i/search/timeline?l=en&f=tweets&q=%22Glitter%20%26%20Glow%20Liquid%20Eye%20Shadow%22&src=typed&max_position=TWEET-937859635603587072-984476359266324481>
None
2018-04-14 15:15:38 [scrapy] DEBUG: Crawled (200) <GET https://twitter.com/i/search/timeline?l=en&f=tweets&q=%22Glitter%20%26%20Glow%20Liquid%20Eye%20Shadow%22&src=typed&max_position=TWEET-933138055854284800-984476359266324481> (referer: https://twitter.com/i/search/timeline?l=en&f=tweets&q=%22Glitter%20%26%20Glow%20Liquid%20Eye%20Shadow%22&src=typed&max_position=TWEET-937859635603587072-984476359266324481)
2018-04-14 15:15:38 [scrapy] DEBUG: Scraped from <200 https://twitter.com/i/search/timeline?l=en&f=tweets&q=%22Glitter%20%26%20Glow%20Liquid%20Eye%20Shadow%22&src=typed&max_position=TWEET-933138055854284800-984476359266324481>
None
2018-04-14 15:15:38 [scrapy] DEBUG: Scraped from <200 https://twitter.com/i/search/timeline?l=en&f=tweets&q=%22Glitter%20%26%20Glow%20Liquid%20Eye%20Shadow%22&src=typed&max_position=TWEET-933138055854284800-984476359266324481>
None
2018-04-14 15:15:38 [scrapy] DEBUG: Scraped from <200 https://twitter.com/i/search/timeline?l=en&f=tweets&q=%22Glitter%20%26%20Glow%20Liquid%20Eye%20Shadow%22&src=typed&max_position=TWEET-933138055854284800-984476359266324481>
None
2018-04-14 15:15:39 [scrapy] DEBUG: Scraped from <200 https://twitter.com/i/search/timeline?l=en&f=tweets&q=%22Glitter%20%26%20Glow%20Liquid%20Eye%20Shadow%22&src=typed&max_position=TWEET-933138055854284800-984476359266324481>
None
2018-04-14 15:15:39 [scrapy] DEBUG: Scraped from <200 https://twitter.com/i/search/timeline?l=en&f=tweets&q=%22Glitter%20%26%20Glow%20Liquid%20Eye%20Shadow%22&src=typed&max_position=TWEET-933138055854284800-984476359266324481>
None
2018-04-14 15:15:39 [scrapy] DEBUG: Scraped from <200 https://twitter.com/i/search/timeline?l=en&f=tweets&q=%22Glitter%20%26%20Glow%20Liquid%20Eye%20Shadow%22&src=typed&max_position=TWEET-933138055854284800-984476359266324481>
None
2018-04-14 15:15:39 [scrapy] DEBUG: Scraped from <200 https://twitter.com/i/search/timeline?l=en&f=tweets&q=%22Glitter%20%26%20Glow%20Liquid%20Eye%20Shadow%22&src=typed&max_position=TWEET-933138055854284800-984476359266324481>
None
2018-04-14 15:15:39 [scrapy] DEBUG: Scraped from <200 https://twitter.com/i/search/timeline?l=en&f=tweets&q=%22Glitter%20%26%20Glow%20Liquid%20Eye%20Shadow%22&src=typed&max_position=TWEET-933138055854284800-984476359266324481>
None
2018-04-14 15:15:39 [scrapy] DEBUG: Scraped from <200 https://twitter.com/i/search/timeline?l=en&f=tweets&q=%22Glitter%20%26%20Glow%20Liquid%20Eye%20Shadow%22&src=typed&max_position=TWEET-933138055854284800-984476359266324481>
None
2018-04-14 15:15:39 [scrapy] DEBUG: Scraped from <200 https://twitter.com/i/search/timeline?l=en&f=tweets&q=%22Glitter%20%26%20Glow%20Liquid%20Eye%20Shadow%22&src=typed&max_position=TWEET-933138055854284800-984476359266324481>
None
2018-04-14 15:15:39 [scrapy] INFO: Closing spider (closespider_itemcount)
2018-04-14 15:15:39 [scrapy] DEBUG: Scraped from <200 https://twitter.com/i/search/timeline?l=en&f=tweets&q=%22Glitter%20%26%20Glow%20Liquid%20Eye%20Shadow%22&src=typed&max_position=TWEET-933138055854284800-984476359266324481>
None
2018-04-14 15:15:39 [scrapy] DEBUG: Scraped from <200 https://twitter.com/i/search/timeline?l=en&f=tweets&q=%22Glitter%20%26%20Glow%20Liquid%20Eye%20Shadow%22&src=typed&max_position=TWEET-933138055854284800-984476359266324481>
None
2018-04-14 15:15:39 [scrapy] DEBUG: Scraped from <200 https://twitter.com/i/search/timeline?l=en&f=tweets&q=%22Glitter%20%26%20Glow%20Liquid%20Eye%20Shadow%22&src=typed&max_position=TWEET-933138055854284800-984476359266324481>
None
2018-04-14 15:15:39 [scrapy] DEBUG: Scraped from <200 https://twitter.com/i/search/timeline?l=en&f=tweets&q=%22Glitter%20%26%20Glow%20Liquid%20Eye%20Shadow%22&src=typed&max_position=TWEET-933138055854284800-984476359266324481>
None
2018-04-14 15:15:39 [scrapy] DEBUG: Scraped from <200 https://twitter.com/i/search/timeline?l=en&f=tweets&q=%22Glitter%20%26%20Glow%20Liquid%20Eye%20Shadow%22&src=typed&max_position=TWEET-933138055854284800-984476359266324481>
None
2018-04-14 15:15:39 [scrapy] DEBUG: Scraped from <200 https://twitter.com/i/search/timeline?l=en&f=tweets&q=%22Glitter%20%26%20Glow%20Liquid%20Eye%20Shadow%22&src=typed&max_position=TWEET-933138055854284800-984476359266324481>
None
2018-04-14 15:15:39 [scrapy] DEBUG: Scraped from <200 https://twitter.com/i/search/timeline?l=en&f=tweets&q=%22Glitter%20%26%20Glow%20Liquid%20Eye%20Shadow%22&src=typed&max_position=TWEET-933138055854284800-984476359266324481>
None
2018-04-14 15:15:39 [scrapy] DEBUG: Scraped from <200 https://twitter.com/i/search/timeline?l=en&f=tweets&q=%22Glitter%20%26%20Glow%20Liquid%20Eye%20Shadow%22&src=typed&max_position=TWEET-933138055854284800-984476359266324481>
None
2018-04-14 15:15:39 [scrapy] DEBUG: Scraped from <200 https://twitter.com/i/search/timeline?l=en&f=tweets&q=%22Glitter%20%26%20Glow%20Liquid%20Eye%20Shadow%22&src=typed&max_position=TWEET-933138055854284800-984476359266324481>
None
2018-04-14 15:15:39 [scrapy] DEBUG: Scraped from <200 https://twitter.com/i/search/timeline?l=en&f=tweets&q=%22Glitter%20%26%20Glow%20Liquid%20Eye%20Shadow%22&src=typed&max_position=TWEET-933138055854284800-984476359266324481>
None
2018-04-14 15:15:39 [scrapy] INFO: Dumping Scrapy stats:
{'downloader/request_bytes': 15485,
 'downloader/request_count': 17,
 'downloader/request_method_count/GET': 17,
 'downloader/response_bytes': 264664,
 'downloader/response_count': 17,
 'downloader/response_status_count/200': 17,
 'finish_reason': 'closespider_itemcount',
 'finish_time': datetime.datetime(2018, 4, 14, 20, 15, 39, 862542),
 'item_scraped_count': 310,
 'log_count/DEBUG': 636,
 'log_count/ERROR': 310,
 'log_count/INFO': 6,
 'memusage/max': 65413120,
 'memusage/startup': 65413120,
 'request_depth_max': 17,
 'response_received_count': 17,
 'scheduler/dequeued': 17,
 'scheduler/dequeued/memory': 17,
 'scheduler/enqueued': 18,
 'scheduler/enqueued/memory': 18,
 'start_time': datetime.datetime(2018, 4, 14, 20, 15, 5, 988436)}
2018-04-14 15:15:39 [scrapy] INFO: Spider closed (closespider_itemcount)
