2018-04-14 14:44:27 [scrapy] DEBUG: Crawled (200) <GET https://twitter.com/i/search/timeline?l=en&f=tweets&q=TOM%20FORD%20Private%20Shadow&src=typed&max_position=> (referer: None)
2018-04-14 14:44:27 [scrapy] DEBUG: Scraped from <200 https://twitter.com/i/search/timeline?l=en&f=tweets&q=TOM%20FORD%20Private%20Shadow&src=typed&max_position=>
None
2018-04-14 14:44:27 [scrapy] DEBUG: Scraped from <200 https://twitter.com/i/search/timeline?l=en&f=tweets&q=TOM%20FORD%20Private%20Shadow&src=typed&max_position=>
None
2018-04-14 14:44:27 [scrapy] DEBUG: Scraped from <200 https://twitter.com/i/search/timeline?l=en&f=tweets&q=TOM%20FORD%20Private%20Shadow&src=typed&max_position=>
None
2018-04-14 14:44:27 [scrapy] DEBUG: Scraped from <200 https://twitter.com/i/search/timeline?l=en&f=tweets&q=TOM%20FORD%20Private%20Shadow&src=typed&max_position=>
None
2018-04-14 14:44:28 [scrapy] DEBUG: Scraped from <200 https://twitter.com/i/search/timeline?l=en&f=tweets&q=TOM%20FORD%20Private%20Shadow&src=typed&max_position=>
None
2018-04-14 14:44:28 [scrapy] DEBUG: Scraped from <200 https://twitter.com/i/search/timeline?l=en&f=tweets&q=TOM%20FORD%20Private%20Shadow&src=typed&max_position=>
None
2018-04-14 14:44:28 [scrapy] DEBUG: Scraped from <200 https://twitter.com/i/search/timeline?l=en&f=tweets&q=TOM%20FORD%20Private%20Shadow&src=typed&max_position=>
None
2018-04-14 14:44:28 [scrapy] DEBUG: Scraped from <200 https://twitter.com/i/search/timeline?l=en&f=tweets&q=TOM%20FORD%20Private%20Shadow&src=typed&max_position=>
None
2018-04-14 14:44:28 [scrapy] DEBUG: Scraped from <200 https://twitter.com/i/search/timeline?l=en&f=tweets&q=TOM%20FORD%20Private%20Shadow&src=typed&max_position=>
None
2018-04-14 14:44:28 [scrapy] DEBUG: Scraped from <200 https://twitter.com/i/search/timeline?l=en&f=tweets&q=TOM%20FORD%20Private%20Shadow&src=typed&max_position=>
None
2018-04-14 14:44:28 [scrapy] DEBUG: Scraped from <200 https://twitter.com/i/search/timeline?l=en&f=tweets&q=TOM%20FORD%20Private%20Shadow&src=typed&max_position=>
None
2018-04-14 14:44:28 [scrapy] DEBUG: Scraped from <200 https://twitter.com/i/search/timeline?l=en&f=tweets&q=TOM%20FORD%20Private%20Shadow&src=typed&max_position=>
None
2018-04-14 14:44:28 [scrapy] DEBUG: Scraped from <200 https://twitter.com/i/search/timeline?l=en&f=tweets&q=TOM%20FORD%20Private%20Shadow&src=typed&max_position=>
None
2018-04-14 14:44:28 [scrapy] DEBUG: Scraped from <200 https://twitter.com/i/search/timeline?l=en&f=tweets&q=TOM%20FORD%20Private%20Shadow&src=typed&max_position=>
None
2018-04-14 14:44:28 [scrapy] DEBUG: Scraped from <200 https://twitter.com/i/search/timeline?l=en&f=tweets&q=TOM%20FORD%20Private%20Shadow&src=typed&max_position=>
None
2018-04-14 14:44:28 [scrapy] DEBUG: Scraped from <200 https://twitter.com/i/search/timeline?l=en&f=tweets&q=TOM%20FORD%20Private%20Shadow&src=typed&max_position=>
None
2018-04-14 14:44:28 [scrapy] DEBUG: Scraped from <200 https://twitter.com/i/search/timeline?l=en&f=tweets&q=TOM%20FORD%20Private%20Shadow&src=typed&max_position=>
None
2018-04-14 14:44:28 [scrapy] DEBUG: Scraped from <200 https://twitter.com/i/search/timeline?l=en&f=tweets&q=TOM%20FORD%20Private%20Shadow&src=typed&max_position=>
None
2018-04-14 14:44:28 [scrapy] DEBUG: Scraped from <200 https://twitter.com/i/search/timeline?l=en&f=tweets&q=TOM%20FORD%20Private%20Shadow&src=typed&max_position=>
None
2018-04-14 14:44:28 [scrapy] DEBUG: Scraped from <200 https://twitter.com/i/search/timeline?l=en&f=tweets&q=TOM%20FORD%20Private%20Shadow&src=typed&max_position=>
None
2018-04-14 14:44:29 [scrapy] DEBUG: Crawled (200) <GET https://twitter.com/i/search/timeline?l=en&f=tweets&q=TOM%20FORD%20Private%20Shadow&src=typed&max_position=TWEET-982742111815684097-984829359944028165> (referer: https://twitter.com/i/search/timeline?l=en&f=tweets&q=TOM%20FORD%20Private%20Shadow&src=typed&max_position=)
2018-04-14 14:44:29 [scrapy] DEBUG: Scraped from <200 https://twitter.com/i/search/timeline?l=en&f=tweets&q=TOM%20FORD%20Private%20Shadow&src=typed&max_position=TWEET-982742111815684097-984829359944028165>
None
2018-04-14 14:44:29 [scrapy] DEBUG: Scraped from <200 https://twitter.com/i/search/timeline?l=en&f=tweets&q=TOM%20FORD%20Private%20Shadow&src=typed&max_position=TWEET-982742111815684097-984829359944028165>
None
2018-04-14 14:44:29 [scrapy] DEBUG: Scraped from <200 https://twitter.com/i/search/timeline?l=en&f=tweets&q=TOM%20FORD%20Private%20Shadow&src=typed&max_position=TWEET-982742111815684097-984829359944028165>
None
2018-04-14 14:44:29 [scrapy] DEBUG: Scraped from <200 https://twitter.com/i/search/timeline?l=en&f=tweets&q=TOM%20FORD%20Private%20Shadow&src=typed&max_position=TWEET-982742111815684097-984829359944028165>
None
2018-04-14 14:44:29 [scrapy] DEBUG: Scraped from <200 https://twitter.com/i/search/timeline?l=en&f=tweets&q=TOM%20FORD%20Private%20Shadow&src=typed&max_position=TWEET-982742111815684097-984829359944028165>
None
2018-04-14 14:44:29 [scrapy] DEBUG: Scraped from <200 https://twitter.com/i/search/timeline?l=en&f=tweets&q=TOM%20FORD%20Private%20Shadow&src=typed&max_position=TWEET-982742111815684097-984829359944028165>
None
2018-04-14 14:44:30 [scrapy] DEBUG: Scraped from <200 https://twitter.com/i/search/timeline?l=en&f=tweets&q=TOM%20FORD%20Private%20Shadow&src=typed&max_position=TWEET-982742111815684097-984829359944028165>
None
2018-04-14 14:44:30 [scrapy] DEBUG: Scraped from <200 https://twitter.com/i/search/timeline?l=en&f=tweets&q=TOM%20FORD%20Private%20Shadow&src=typed&max_position=TWEET-982742111815684097-984829359944028165>
None
2018-04-14 14:44:30 [scrapy] DEBUG: Scraped from <200 https://twitter.com/i/search/timeline?l=en&f=tweets&q=TOM%20FORD%20Private%20Shadow&src=typed&max_position=TWEET-982742111815684097-984829359944028165>
None
2018-04-14 14:44:30 [scrapy] DEBUG: Scraped from <200 https://twitter.com/i/search/timeline?l=en&f=tweets&q=TOM%20FORD%20Private%20Shadow&src=typed&max_position=TWEET-982742111815684097-984829359944028165>
None
2018-04-14 14:44:30 [scrapy] DEBUG: Scraped from <200 https://twitter.com/i/search/timeline?l=en&f=tweets&q=TOM%20FORD%20Private%20Shadow&src=typed&max_position=TWEET-982742111815684097-984829359944028165>
None
2018-04-14 14:44:30 [scrapy] DEBUG: Scraped from <200 https://twitter.com/i/search/timeline?l=en&f=tweets&q=TOM%20FORD%20Private%20Shadow&src=typed&max_position=TWEET-982742111815684097-984829359944028165>
None
2018-04-14 14:44:30 [scrapy] DEBUG: Scraped from <200 https://twitter.com/i/search/timeline?l=en&f=tweets&q=TOM%20FORD%20Private%20Shadow&src=typed&max_position=TWEET-982742111815684097-984829359944028165>
None
2018-04-14 14:44:30 [scrapy] DEBUG: Scraped from <200 https://twitter.com/i/search/timeline?l=en&f=tweets&q=TOM%20FORD%20Private%20Shadow&src=typed&max_position=TWEET-982742111815684097-984829359944028165>
None
2018-04-14 14:44:30 [scrapy] DEBUG: Scraped from <200 https://twitter.com/i/search/timeline?l=en&f=tweets&q=TOM%20FORD%20Private%20Shadow&src=typed&max_position=TWEET-982742111815684097-984829359944028165>
None
2018-04-14 14:44:30 [scrapy] DEBUG: Scraped from <200 https://twitter.com/i/search/timeline?l=en&f=tweets&q=TOM%20FORD%20Private%20Shadow&src=typed&max_position=TWEET-982742111815684097-984829359944028165>
None
2018-04-14 14:44:30 [scrapy] DEBUG: Scraped from <200 https://twitter.com/i/search/timeline?l=en&f=tweets&q=TOM%20FORD%20Private%20Shadow&src=typed&max_position=TWEET-982742111815684097-984829359944028165>
None
2018-04-14 14:44:30 [scrapy] DEBUG: Scraped from <200 https://twitter.com/i/search/timeline?l=en&f=tweets&q=TOM%20FORD%20Private%20Shadow&src=typed&max_position=TWEET-982742111815684097-984829359944028165>
None
2018-04-14 14:44:30 [scrapy] DEBUG: Scraped from <200 https://twitter.com/i/search/timeline?l=en&f=tweets&q=TOM%20FORD%20Private%20Shadow&src=typed&max_position=TWEET-982742111815684097-984829359944028165>
None
2018-04-14 14:44:30 [scrapy] DEBUG: Scraped from <200 https://twitter.com/i/search/timeline?l=en&f=tweets&q=TOM%20FORD%20Private%20Shadow&src=typed&max_position=TWEET-982742111815684097-984829359944028165>
None
2018-04-14 14:44:31 [scrapy] DEBUG: Crawled (200) <GET https://twitter.com/i/search/timeline?l=en&f=tweets&q=TOM%20FORD%20Private%20Shadow&src=typed&max_position=TWEET-979118226461417472-984829359944028165> (referer: https://twitter.com/i/search/timeline?l=en&f=tweets&q=TOM%20FORD%20Private%20Shadow&src=typed&max_position=TWEET-982742111815684097-984829359944028165)
2018-04-14 14:44:31 [scrapy] DEBUG: Scraped from <200 https://twitter.com/i/search/timeline?l=en&f=tweets&q=TOM%20FORD%20Private%20Shadow&src=typed&max_position=TWEET-979118226461417472-984829359944028165>
None
2018-04-14 14:44:31 [scrapy] DEBUG: Scraped from <200 https://twitter.com/i/search/timeline?l=en&f=tweets&q=TOM%20FORD%20Private%20Shadow&src=typed&max_position=TWEET-979118226461417472-984829359944028165>
None
2018-04-14 14:44:31 [scrapy] DEBUG: Scraped from <200 https://twitter.com/i/search/timeline?l=en&f=tweets&q=TOM%20FORD%20Private%20Shadow&src=typed&max_position=TWEET-979118226461417472-984829359944028165>
None
2018-04-14 14:44:31 [scrapy] DEBUG: Scraped from <200 https://twitter.com/i/search/timeline?l=en&f=tweets&q=TOM%20FORD%20Private%20Shadow&src=typed&max_position=TWEET-979118226461417472-984829359944028165>
None
2018-04-14 14:44:31 [scrapy] DEBUG: Scraped from <200 https://twitter.com/i/search/timeline?l=en&f=tweets&q=TOM%20FORD%20Private%20Shadow&src=typed&max_position=TWEET-979118226461417472-984829359944028165>
None
2018-04-14 14:44:31 [scrapy] DEBUG: Scraped from <200 https://twitter.com/i/search/timeline?l=en&f=tweets&q=TOM%20FORD%20Private%20Shadow&src=typed&max_position=TWEET-979118226461417472-984829359944028165>
None
2018-04-14 14:44:31 [scrapy] DEBUG: Scraped from <200 https://twitter.com/i/search/timeline?l=en&f=tweets&q=TOM%20FORD%20Private%20Shadow&src=typed&max_position=TWEET-979118226461417472-984829359944028165>
None
2018-04-14 14:44:31 [scrapy] DEBUG: Scraped from <200 https://twitter.com/i/search/timeline?l=en&f=tweets&q=TOM%20FORD%20Private%20Shadow&src=typed&max_position=TWEET-979118226461417472-984829359944028165>
None
2018-04-14 14:44:31 [scrapy] DEBUG: Scraped from <200 https://twitter.com/i/search/timeline?l=en&f=tweets&q=TOM%20FORD%20Private%20Shadow&src=typed&max_position=TWEET-979118226461417472-984829359944028165>
None
2018-04-14 14:44:31 [scrapy] DEBUG: Scraped from <200 https://twitter.com/i/search/timeline?l=en&f=tweets&q=TOM%20FORD%20Private%20Shadow&src=typed&max_position=TWEET-979118226461417472-984829359944028165>
None
2018-04-14 14:44:31 [scrapy] DEBUG: Scraped from <200 https://twitter.com/i/search/timeline?l=en&f=tweets&q=TOM%20FORD%20Private%20Shadow&src=typed&max_position=TWEET-979118226461417472-984829359944028165>
None
2018-04-14 14:44:31 [scrapy] DEBUG: Scraped from <200 https://twitter.com/i/search/timeline?l=en&f=tweets&q=TOM%20FORD%20Private%20Shadow&src=typed&max_position=TWEET-979118226461417472-984829359944028165>
None
2018-04-14 14:44:31 [scrapy] DEBUG: Scraped from <200 https://twitter.com/i/search/timeline?l=en&f=tweets&q=TOM%20FORD%20Private%20Shadow&src=typed&max_position=TWEET-979118226461417472-984829359944028165>
None
2018-04-14 14:44:32 [scrapy] DEBUG: Crawled (200) <GET https://twitter.com/i/search/timeline?l=en&f=tweets&q=TOM%20FORD%20Private%20Shadow&src=typed&max_position=TWEET-967594711220391940-984829359944028165> (referer: https://twitter.com/i/search/timeline?l=en&f=tweets&q=TOM%20FORD%20Private%20Shadow&src=typed&max_position=TWEET-979118226461417472-984829359944028165)
2018-04-14 14:44:32 [scrapy] DEBUG: Scraped from <200 https://twitter.com/i/search/timeline?l=en&f=tweets&q=TOM%20FORD%20Private%20Shadow&src=typed&max_position=TWEET-967594711220391940-984829359944028165>
None
2018-04-14 14:44:32 [scrapy] DEBUG: Scraped from <200 https://twitter.com/i/search/timeline?l=en&f=tweets&q=TOM%20FORD%20Private%20Shadow&src=typed&max_position=TWEET-967594711220391940-984829359944028165>
None
2018-04-14 14:44:32 [scrapy] DEBUG: Scraped from <200 https://twitter.com/i/search/timeline?l=en&f=tweets&q=TOM%20FORD%20Private%20Shadow&src=typed&max_position=TWEET-967594711220391940-984829359944028165>
None
2018-04-14 14:44:32 [scrapy] DEBUG: Scraped from <200 https://twitter.com/i/search/timeline?l=en&f=tweets&q=TOM%20FORD%20Private%20Shadow&src=typed&max_position=TWEET-967594711220391940-984829359944028165>
None
2018-04-14 14:44:32 [scrapy] DEBUG: Scraped from <200 https://twitter.com/i/search/timeline?l=en&f=tweets&q=TOM%20FORD%20Private%20Shadow&src=typed&max_position=TWEET-967594711220391940-984829359944028165>
None
2018-04-14 14:44:32 [scrapy] DEBUG: Scraped from <200 https://twitter.com/i/search/timeline?l=en&f=tweets&q=TOM%20FORD%20Private%20Shadow&src=typed&max_position=TWEET-967594711220391940-984829359944028165>
None
2018-04-14 14:44:32 [scrapy] DEBUG: Scraped from <200 https://twitter.com/i/search/timeline?l=en&f=tweets&q=TOM%20FORD%20Private%20Shadow&src=typed&max_position=TWEET-967594711220391940-984829359944028165>
None
2018-04-14 14:44:33 [scrapy] DEBUG: Scraped from <200 https://twitter.com/i/search/timeline?l=en&f=tweets&q=TOM%20FORD%20Private%20Shadow&src=typed&max_position=TWEET-967594711220391940-984829359944028165>
None
2018-04-14 14:44:33 [scrapy] DEBUG: Scraped from <200 https://twitter.com/i/search/timeline?l=en&f=tweets&q=TOM%20FORD%20Private%20Shadow&src=typed&max_position=TWEET-967594711220391940-984829359944028165>
None
2018-04-14 14:44:33 [scrapy] DEBUG: Scraped from <200 https://twitter.com/i/search/timeline?l=en&f=tweets&q=TOM%20FORD%20Private%20Shadow&src=typed&max_position=TWEET-967594711220391940-984829359944028165>
None
2018-04-14 14:44:33 [scrapy] DEBUG: Scraped from <200 https://twitter.com/i/search/timeline?l=en&f=tweets&q=TOM%20FORD%20Private%20Shadow&src=typed&max_position=TWEET-967594711220391940-984829359944028165>
None
2018-04-14 14:44:33 [scrapy] DEBUG: Scraped from <200 https://twitter.com/i/search/timeline?l=en&f=tweets&q=TOM%20FORD%20Private%20Shadow&src=typed&max_position=TWEET-967594711220391940-984829359944028165>
None
2018-04-14 14:44:33 [scrapy] DEBUG: Scraped from <200 https://twitter.com/i/search/timeline?l=en&f=tweets&q=TOM%20FORD%20Private%20Shadow&src=typed&max_position=TWEET-967594711220391940-984829359944028165>
None
2018-04-14 14:44:34 [scrapy] DEBUG: Crawled (200) <GET https://twitter.com/i/search/timeline?l=en&f=tweets&q=TOM%20FORD%20Private%20Shadow&src=typed&max_position=TWEET-961140408901341184-984829359944028165> (referer: https://twitter.com/i/search/timeline?l=en&f=tweets&q=TOM%20FORD%20Private%20Shadow&src=typed&max_position=TWEET-967594711220391940-984829359944028165)
2018-04-14 14:44:34 [scrapy] DEBUG: Scraped from <200 https://twitter.com/i/search/timeline?l=en&f=tweets&q=TOM%20FORD%20Private%20Shadow&src=typed&max_position=TWEET-961140408901341184-984829359944028165>
None
2018-04-14 14:44:34 [scrapy] DEBUG: Scraped from <200 https://twitter.com/i/search/timeline?l=en&f=tweets&q=TOM%20FORD%20Private%20Shadow&src=typed&max_position=TWEET-961140408901341184-984829359944028165>
None
2018-04-14 14:44:34 [scrapy] DEBUG: Scraped from <200 https://twitter.com/i/search/timeline?l=en&f=tweets&q=TOM%20FORD%20Private%20Shadow&src=typed&max_position=TWEET-961140408901341184-984829359944028165>
None
2018-04-14 14:44:34 [scrapy] DEBUG: Scraped from <200 https://twitter.com/i/search/timeline?l=en&f=tweets&q=TOM%20FORD%20Private%20Shadow&src=typed&max_position=TWEET-961140408901341184-984829359944028165>
None
2018-04-14 14:44:34 [scrapy] DEBUG: Scraped from <200 https://twitter.com/i/search/timeline?l=en&f=tweets&q=TOM%20FORD%20Private%20Shadow&src=typed&max_position=TWEET-961140408901341184-984829359944028165>
None
2018-04-14 14:44:34 [scrapy] DEBUG: Scraped from <200 https://twitter.com/i/search/timeline?l=en&f=tweets&q=TOM%20FORD%20Private%20Shadow&src=typed&max_position=TWEET-961140408901341184-984829359944028165>
None
2018-04-14 14:44:34 [scrapy] DEBUG: Scraped from <200 https://twitter.com/i/search/timeline?l=en&f=tweets&q=TOM%20FORD%20Private%20Shadow&src=typed&max_position=TWEET-961140408901341184-984829359944028165>
None
2018-04-14 14:44:34 [scrapy] DEBUG: Scraped from <200 https://twitter.com/i/search/timeline?l=en&f=tweets&q=TOM%20FORD%20Private%20Shadow&src=typed&max_position=TWEET-961140408901341184-984829359944028165>
None
2018-04-14 14:44:34 [scrapy] DEBUG: Scraped from <200 https://twitter.com/i/search/timeline?l=en&f=tweets&q=TOM%20FORD%20Private%20Shadow&src=typed&max_position=TWEET-961140408901341184-984829359944028165>
None
2018-04-14 14:44:34 [scrapy] DEBUG: Scraped from <200 https://twitter.com/i/search/timeline?l=en&f=tweets&q=TOM%20FORD%20Private%20Shadow&src=typed&max_position=TWEET-961140408901341184-984829359944028165>
None
2018-04-14 14:44:34 [scrapy] DEBUG: Scraped from <200 https://twitter.com/i/search/timeline?l=en&f=tweets&q=TOM%20FORD%20Private%20Shadow&src=typed&max_position=TWEET-961140408901341184-984829359944028165>
None
2018-04-14 14:44:34 [scrapy] DEBUG: Scraped from <200 https://twitter.com/i/search/timeline?l=en&f=tweets&q=TOM%20FORD%20Private%20Shadow&src=typed&max_position=TWEET-961140408901341184-984829359944028165>
None
2018-04-14 14:44:34 [scrapy] DEBUG: Scraped from <200 https://twitter.com/i/search/timeline?l=en&f=tweets&q=TOM%20FORD%20Private%20Shadow&src=typed&max_position=TWEET-961140408901341184-984829359944028165>
None
2018-04-14 14:44:35 [scrapy] DEBUG: Crawled (200) <GET https://twitter.com/i/search/timeline?l=en&f=tweets&q=TOM%20FORD%20Private%20Shadow&src=typed&max_position=TWEET-944249498930475008-984829359944028165> (referer: https://twitter.com/i/search/timeline?l=en&f=tweets&q=TOM%20FORD%20Private%20Shadow&src=typed&max_position=TWEET-961140408901341184-984829359944028165)
2018-04-14 14:44:35 [scrapy] DEBUG: Scraped from <200 https://twitter.com/i/search/timeline?l=en&f=tweets&q=TOM%20FORD%20Private%20Shadow&src=typed&max_position=TWEET-944249498930475008-984829359944028165>
None
2018-04-14 14:44:35 [scrapy] DEBUG: Scraped from <200 https://twitter.com/i/search/timeline?l=en&f=tweets&q=TOM%20FORD%20Private%20Shadow&src=typed&max_position=TWEET-944249498930475008-984829359944028165>
None
2018-04-14 14:44:35 [scrapy] DEBUG: Scraped from <200 https://twitter.com/i/search/timeline?l=en&f=tweets&q=TOM%20FORD%20Private%20Shadow&src=typed&max_position=TWEET-944249498930475008-984829359944028165>
None
2018-04-14 14:44:35 [scrapy] DEBUG: Scraped from <200 https://twitter.com/i/search/timeline?l=en&f=tweets&q=TOM%20FORD%20Private%20Shadow&src=typed&max_position=TWEET-944249498930475008-984829359944028165>
None
2018-04-14 14:44:35 [scrapy] DEBUG: Scraped from <200 https://twitter.com/i/search/timeline?l=en&f=tweets&q=TOM%20FORD%20Private%20Shadow&src=typed&max_position=TWEET-944249498930475008-984829359944028165>
None
2018-04-14 14:44:35 [scrapy] DEBUG: Scraped from <200 https://twitter.com/i/search/timeline?l=en&f=tweets&q=TOM%20FORD%20Private%20Shadow&src=typed&max_position=TWEET-944249498930475008-984829359944028165>
None
2018-04-14 14:44:35 [scrapy] DEBUG: Scraped from <200 https://twitter.com/i/search/timeline?l=en&f=tweets&q=TOM%20FORD%20Private%20Shadow&src=typed&max_position=TWEET-944249498930475008-984829359944028165>
None
2018-04-14 14:44:35 [scrapy] DEBUG: Scraped from <200 https://twitter.com/i/search/timeline?l=en&f=tweets&q=TOM%20FORD%20Private%20Shadow&src=typed&max_position=TWEET-944249498930475008-984829359944028165>
None
2018-04-14 14:44:36 [scrapy] DEBUG: Scraped from <200 https://twitter.com/i/search/timeline?l=en&f=tweets&q=TOM%20FORD%20Private%20Shadow&src=typed&max_position=TWEET-944249498930475008-984829359944028165>
None
2018-04-14 14:44:36 [scrapy] DEBUG: Scraped from <200 https://twitter.com/i/search/timeline?l=en&f=tweets&q=TOM%20FORD%20Private%20Shadow&src=typed&max_position=TWEET-944249498930475008-984829359944028165>
None
2018-04-14 14:44:36 [scrapy] DEBUG: Scraped from <200 https://twitter.com/i/search/timeline?l=en&f=tweets&q=TOM%20FORD%20Private%20Shadow&src=typed&max_position=TWEET-944249498930475008-984829359944028165>
None
2018-04-14 14:44:36 [scrapy] DEBUG: Scraped from <200 https://twitter.com/i/search/timeline?l=en&f=tweets&q=TOM%20FORD%20Private%20Shadow&src=typed&max_position=TWEET-944249498930475008-984829359944028165>
None
2018-04-14 14:44:36 [scrapy] DEBUG: Scraped from <200 https://twitter.com/i/search/timeline?l=en&f=tweets&q=TOM%20FORD%20Private%20Shadow&src=typed&max_position=TWEET-944249498930475008-984829359944028165>
None
2018-04-14 14:44:36 [scrapy] DEBUG: Crawled (200) <GET https://twitter.com/i/search/timeline?l=en&f=tweets&q=TOM%20FORD%20Private%20Shadow&src=typed&max_position=TWEET-937765844737650688-984829359944028165> (referer: https://twitter.com/i/search/timeline?l=en&f=tweets&q=TOM%20FORD%20Private%20Shadow&src=typed&max_position=TWEET-944249498930475008-984829359944028165)
2018-04-14 14:44:36 [scrapy] DEBUG: Scraped from <200 https://twitter.com/i/search/timeline?l=en&f=tweets&q=TOM%20FORD%20Private%20Shadow&src=typed&max_position=TWEET-937765844737650688-984829359944028165>
None
2018-04-14 14:44:36 [scrapy] DEBUG: Scraped from <200 https://twitter.com/i/search/timeline?l=en&f=tweets&q=TOM%20FORD%20Private%20Shadow&src=typed&max_position=TWEET-937765844737650688-984829359944028165>
None
2018-04-14 14:44:36 [scrapy] DEBUG: Scraped from <200 https://twitter.com/i/search/timeline?l=en&f=tweets&q=TOM%20FORD%20Private%20Shadow&src=typed&max_position=TWEET-937765844737650688-984829359944028165>
None
2018-04-14 14:44:37 [scrapy] DEBUG: Scraped from <200 https://twitter.com/i/search/timeline?l=en&f=tweets&q=TOM%20FORD%20Private%20Shadow&src=typed&max_position=TWEET-937765844737650688-984829359944028165>
None
2018-04-14 14:44:37 [scrapy] DEBUG: Scraped from <200 https://twitter.com/i/search/timeline?l=en&f=tweets&q=TOM%20FORD%20Private%20Shadow&src=typed&max_position=TWEET-937765844737650688-984829359944028165>
None
2018-04-14 14:44:37 [scrapy] DEBUG: Scraped from <200 https://twitter.com/i/search/timeline?l=en&f=tweets&q=TOM%20FORD%20Private%20Shadow&src=typed&max_position=TWEET-937765844737650688-984829359944028165>
None
2018-04-14 14:44:37 [scrapy] DEBUG: Scraped from <200 https://twitter.com/i/search/timeline?l=en&f=tweets&q=TOM%20FORD%20Private%20Shadow&src=typed&max_position=TWEET-937765844737650688-984829359944028165>
None
2018-04-14 14:44:37 [scrapy] DEBUG: Scraped from <200 https://twitter.com/i/search/timeline?l=en&f=tweets&q=TOM%20FORD%20Private%20Shadow&src=typed&max_position=TWEET-937765844737650688-984829359944028165>
None
2018-04-14 14:44:37 [scrapy] DEBUG: Scraped from <200 https://twitter.com/i/search/timeline?l=en&f=tweets&q=TOM%20FORD%20Private%20Shadow&src=typed&max_position=TWEET-937765844737650688-984829359944028165>
None
2018-04-14 14:44:37 [scrapy] DEBUG: Scraped from <200 https://twitter.com/i/search/timeline?l=en&f=tweets&q=TOM%20FORD%20Private%20Shadow&src=typed&max_position=TWEET-937765844737650688-984829359944028165>
None
2018-04-14 14:44:37 [scrapy] DEBUG: Scraped from <200 https://twitter.com/i/search/timeline?l=en&f=tweets&q=TOM%20FORD%20Private%20Shadow&src=typed&max_position=TWEET-937765844737650688-984829359944028165>
None
2018-04-14 14:44:37 [scrapy] DEBUG: Scraped from <200 https://twitter.com/i/search/timeline?l=en&f=tweets&q=TOM%20FORD%20Private%20Shadow&src=typed&max_position=TWEET-937765844737650688-984829359944028165>
None
2018-04-14 14:44:37 [scrapy] DEBUG: Scraped from <200 https://twitter.com/i/search/timeline?l=en&f=tweets&q=TOM%20FORD%20Private%20Shadow&src=typed&max_position=TWEET-937765844737650688-984829359944028165>
None
2018-04-14 14:44:38 [scrapy] DEBUG: Crawled (200) <GET https://twitter.com/i/search/timeline?l=en&f=tweets&q=TOM%20FORD%20Private%20Shadow&src=typed&max_position=TWEET-936445283633840128-984829359944028165> (referer: https://twitter.com/i/search/timeline?l=en&f=tweets&q=TOM%20FORD%20Private%20Shadow&src=typed&max_position=TWEET-937765844737650688-984829359944028165)
2018-04-14 14:44:38 [scrapy] DEBUG: Scraped from <200 https://twitter.com/i/search/timeline?l=en&f=tweets&q=TOM%20FORD%20Private%20Shadow&src=typed&max_position=TWEET-936445283633840128-984829359944028165>
None
2018-04-14 14:44:38 [scrapy] DEBUG: Scraped from <200 https://twitter.com/i/search/timeline?l=en&f=tweets&q=TOM%20FORD%20Private%20Shadow&src=typed&max_position=TWEET-936445283633840128-984829359944028165>
None
2018-04-14 14:44:38 [scrapy] DEBUG: Scraped from <200 https://twitter.com/i/search/timeline?l=en&f=tweets&q=TOM%20FORD%20Private%20Shadow&src=typed&max_position=TWEET-936445283633840128-984829359944028165>
None
2018-04-14 14:44:38 [scrapy] DEBUG: Scraped from <200 https://twitter.com/i/search/timeline?l=en&f=tweets&q=TOM%20FORD%20Private%20Shadow&src=typed&max_position=TWEET-936445283633840128-984829359944028165>
None
2018-04-14 14:44:38 [scrapy] DEBUG: Scraped from <200 https://twitter.com/i/search/timeline?l=en&f=tweets&q=TOM%20FORD%20Private%20Shadow&src=typed&max_position=TWEET-936445283633840128-984829359944028165>
None
2018-04-14 14:44:38 [scrapy] DEBUG: Scraped from <200 https://twitter.com/i/search/timeline?l=en&f=tweets&q=TOM%20FORD%20Private%20Shadow&src=typed&max_position=TWEET-936445283633840128-984829359944028165>
None
2018-04-14 14:44:38 [scrapy] DEBUG: Scraped from <200 https://twitter.com/i/search/timeline?l=en&f=tweets&q=TOM%20FORD%20Private%20Shadow&src=typed&max_position=TWEET-936445283633840128-984829359944028165>
None
2018-04-14 14:44:38 [scrapy] DEBUG: Scraped from <200 https://twitter.com/i/search/timeline?l=en&f=tweets&q=TOM%20FORD%20Private%20Shadow&src=typed&max_position=TWEET-936445283633840128-984829359944028165>
None
2018-04-14 14:44:38 [scrapy] DEBUG: Scraped from <200 https://twitter.com/i/search/timeline?l=en&f=tweets&q=TOM%20FORD%20Private%20Shadow&src=typed&max_position=TWEET-936445283633840128-984829359944028165>
None
2018-04-14 14:44:38 [scrapy] DEBUG: Scraped from <200 https://twitter.com/i/search/timeline?l=en&f=tweets&q=TOM%20FORD%20Private%20Shadow&src=typed&max_position=TWEET-936445283633840128-984829359944028165>
None
2018-04-14 14:44:38 [scrapy] DEBUG: Scraped from <200 https://twitter.com/i/search/timeline?l=en&f=tweets&q=TOM%20FORD%20Private%20Shadow&src=typed&max_position=TWEET-936445283633840128-984829359944028165>
None
2018-04-14 14:44:39 [scrapy] DEBUG: Scraped from <200 https://twitter.com/i/search/timeline?l=en&f=tweets&q=TOM%20FORD%20Private%20Shadow&src=typed&max_position=TWEET-936445283633840128-984829359944028165>
None
2018-04-14 14:44:39 [scrapy] DEBUG: Scraped from <200 https://twitter.com/i/search/timeline?l=en&f=tweets&q=TOM%20FORD%20Private%20Shadow&src=typed&max_position=TWEET-936445283633840128-984829359944028165>
None
2018-04-14 14:44:39 [scrapy] DEBUG: Scraped from <200 https://twitter.com/i/search/timeline?l=en&f=tweets&q=TOM%20FORD%20Private%20Shadow&src=typed&max_position=TWEET-936445283633840128-984829359944028165>
None
2018-04-14 14:44:39 [scrapy] DEBUG: Scraped from <200 https://twitter.com/i/search/timeline?l=en&f=tweets&q=TOM%20FORD%20Private%20Shadow&src=typed&max_position=TWEET-936445283633840128-984829359944028165>
None
2018-04-14 14:44:39 [scrapy] DEBUG: Scraped from <200 https://twitter.com/i/search/timeline?l=en&f=tweets&q=TOM%20FORD%20Private%20Shadow&src=typed&max_position=TWEET-936445283633840128-984829359944028165>
None
2018-04-14 14:44:39 [scrapy] DEBUG: Scraped from <200 https://twitter.com/i/search/timeline?l=en&f=tweets&q=TOM%20FORD%20Private%20Shadow&src=typed&max_position=TWEET-936445283633840128-984829359944028165>
None
2018-04-14 14:44:39 [scrapy] DEBUG: Scraped from <200 https://twitter.com/i/search/timeline?l=en&f=tweets&q=TOM%20FORD%20Private%20Shadow&src=typed&max_position=TWEET-936445283633840128-984829359944028165>
None
2018-04-14 14:44:39 [scrapy] DEBUG: Scraped from <200 https://twitter.com/i/search/timeline?l=en&f=tweets&q=TOM%20FORD%20Private%20Shadow&src=typed&max_position=TWEET-936445283633840128-984829359944028165>
None
2018-04-14 14:44:39 [scrapy] DEBUG: Scraped from <200 https://twitter.com/i/search/timeline?l=en&f=tweets&q=TOM%20FORD%20Private%20Shadow&src=typed&max_position=TWEET-936445283633840128-984829359944028165>
None
2018-04-14 14:44:39 [scrapy] DEBUG: Crawled (200) <GET https://twitter.com/i/search/timeline?l=en&f=tweets&q=TOM%20FORD%20Private%20Shadow&src=typed&max_position=TWEET-586281164975034368-984829359944028165> (referer: https://twitter.com/i/search/timeline?l=en&f=tweets&q=TOM%20FORD%20Private%20Shadow&src=typed&max_position=TWEET-936445283633840128-984829359944028165)
2018-04-14 14:44:40 [scrapy] DEBUG: Filtered duplicate request: <GET https://twitter.com/i/search/timeline?l=en&f=tweets&q=TOM%20FORD%20Private%20Shadow&src=typed&max_position=TWEET-586281164975034368-984829359944028165> - no more duplicates will be shown (see DUPEFILTER_DEBUG to show all duplicates)
2018-04-14 14:44:40 [scrapy] INFO: Closing spider (finished)
2018-04-14 14:44:40 [scrapy] INFO: Dumping Scrapy stats:
{'downloader/request_bytes': 7512,
 'downloader/request_count': 9,
 'downloader/request_method_count/GET': 9,
 'downloader/response_bytes': 100672,
 'downloader/response_count': 9,
 'downloader/response_status_count/200': 9,
 'dupefilter/filtered': 1,
 'finish_reason': 'finished',
 'finish_time': datetime.datetime(2018, 4, 14, 19, 44, 40, 79024),
 'item_scraped_count': 125,
 'log_count/DEBUG': 257,
 'log_count/ERROR': 125,
 'log_count/INFO': 6,
 'memusage/max': 63221760,
 'memusage/startup': 63221760,
 'request_depth_max': 9,
 'response_received_count': 9,
 'scheduler/dequeued': 9,
 'scheduler/dequeued/memory': 9,
 'scheduler/enqueued': 9,
 'scheduler/enqueued/memory': 9,
 'start_time': datetime.datetime(2018, 4, 14, 19, 44, 26, 864720)}
2018-04-14 14:44:40 [scrapy] INFO: Spider closed (finished)
