2018-04-14 14:51:31 [scrapy] DEBUG: Crawled (200) <GET https://twitter.com/i/search/timeline?l=en&f=tweets&q=Natasha%20Denona%20Duo%20Chrome%20Top%20Coat&src=typed&max_position=> (referer: None)
2018-04-14 14:51:31 [scrapy] DEBUG: Scraped from <200 https://twitter.com/i/search/timeline?l=en&f=tweets&q=Natasha%20Denona%20Duo%20Chrome%20Top%20Coat&src=typed&max_position=>
None
2018-04-14 14:51:31 [scrapy] DEBUG: Scraped from <200 https://twitter.com/i/search/timeline?l=en&f=tweets&q=Natasha%20Denona%20Duo%20Chrome%20Top%20Coat&src=typed&max_position=>
None
2018-04-14 14:51:31 [scrapy] DEBUG: Scraped from <200 https://twitter.com/i/search/timeline?l=en&f=tweets&q=Natasha%20Denona%20Duo%20Chrome%20Top%20Coat&src=typed&max_position=>
None
2018-04-14 14:51:31 [scrapy] DEBUG: Scraped from <200 https://twitter.com/i/search/timeline?l=en&f=tweets&q=Natasha%20Denona%20Duo%20Chrome%20Top%20Coat&src=typed&max_position=>
None
2018-04-14 14:51:31 [scrapy] DEBUG: Scraped from <200 https://twitter.com/i/search/timeline?l=en&f=tweets&q=Natasha%20Denona%20Duo%20Chrome%20Top%20Coat&src=typed&max_position=>
None
2018-04-14 14:51:31 [scrapy] DEBUG: Scraped from <200 https://twitter.com/i/search/timeline?l=en&f=tweets&q=Natasha%20Denona%20Duo%20Chrome%20Top%20Coat&src=typed&max_position=>
None
2018-04-14 14:51:31 [scrapy] DEBUG: Scraped from <200 https://twitter.com/i/search/timeline?l=en&f=tweets&q=Natasha%20Denona%20Duo%20Chrome%20Top%20Coat&src=typed&max_position=>
None
2018-04-14 14:51:31 [scrapy] DEBUG: Scraped from <200 https://twitter.com/i/search/timeline?l=en&f=tweets&q=Natasha%20Denona%20Duo%20Chrome%20Top%20Coat&src=typed&max_position=>
None
2018-04-14 14:51:31 [scrapy] DEBUG: Scraped from <200 https://twitter.com/i/search/timeline?l=en&f=tweets&q=Natasha%20Denona%20Duo%20Chrome%20Top%20Coat&src=typed&max_position=>
None
2018-04-14 14:51:31 [scrapy] DEBUG: Scraped from <200 https://twitter.com/i/search/timeline?l=en&f=tweets&q=Natasha%20Denona%20Duo%20Chrome%20Top%20Coat&src=typed&max_position=>
None
2018-04-14 14:51:31 [scrapy] DEBUG: Scraped from <200 https://twitter.com/i/search/timeline?l=en&f=tweets&q=Natasha%20Denona%20Duo%20Chrome%20Top%20Coat&src=typed&max_position=>
None
2018-04-14 14:51:31 [scrapy] DEBUG: Scraped from <200 https://twitter.com/i/search/timeline?l=en&f=tweets&q=Natasha%20Denona%20Duo%20Chrome%20Top%20Coat&src=typed&max_position=>
None
2018-04-14 14:51:31 [scrapy] DEBUG: Scraped from <200 https://twitter.com/i/search/timeline?l=en&f=tweets&q=Natasha%20Denona%20Duo%20Chrome%20Top%20Coat&src=typed&max_position=>
None
2018-04-14 14:51:31 [scrapy] DEBUG: Scraped from <200 https://twitter.com/i/search/timeline?l=en&f=tweets&q=Natasha%20Denona%20Duo%20Chrome%20Top%20Coat&src=typed&max_position=>
None
2018-04-14 14:51:31 [scrapy] DEBUG: Scraped from <200 https://twitter.com/i/search/timeline?l=en&f=tweets&q=Natasha%20Denona%20Duo%20Chrome%20Top%20Coat&src=typed&max_position=>
None
2018-04-14 14:51:31 [scrapy] DEBUG: Scraped from <200 https://twitter.com/i/search/timeline?l=en&f=tweets&q=Natasha%20Denona%20Duo%20Chrome%20Top%20Coat&src=typed&max_position=>
None
2018-04-14 14:51:31 [scrapy] DEBUG: Scraped from <200 https://twitter.com/i/search/timeline?l=en&f=tweets&q=Natasha%20Denona%20Duo%20Chrome%20Top%20Coat&src=typed&max_position=>
None
2018-04-14 14:51:32 [scrapy] DEBUG: Scraped from <200 https://twitter.com/i/search/timeline?l=en&f=tweets&q=Natasha%20Denona%20Duo%20Chrome%20Top%20Coat&src=typed&max_position=>
None
2018-04-14 14:51:32 [scrapy] DEBUG: Scraped from <200 https://twitter.com/i/search/timeline?l=en&f=tweets&q=Natasha%20Denona%20Duo%20Chrome%20Top%20Coat&src=typed&max_position=>
None
2018-04-14 14:51:32 [scrapy] DEBUG: Scraped from <200 https://twitter.com/i/search/timeline?l=en&f=tweets&q=Natasha%20Denona%20Duo%20Chrome%20Top%20Coat&src=typed&max_position=>
None
2018-04-14 14:51:33 [scrapy] DEBUG: Crawled (200) <GET https://twitter.com/i/search/timeline?l=en&f=tweets&q=Natasha%20Denona%20Duo%20Chrome%20Top%20Coat&src=typed&max_position=TWEET-957217575745806337-978645554275274753> (referer: https://twitter.com/i/search/timeline?l=en&f=tweets&q=Natasha%20Denona%20Duo%20Chrome%20Top%20Coat&src=typed&max_position=)
2018-04-14 14:51:33 [scrapy] DEBUG: Scraped from <200 https://twitter.com/i/search/timeline?l=en&f=tweets&q=Natasha%20Denona%20Duo%20Chrome%20Top%20Coat&src=typed&max_position=TWEET-957217575745806337-978645554275274753>
None
2018-04-14 14:51:33 [scrapy] DEBUG: Scraped from <200 https://twitter.com/i/search/timeline?l=en&f=tweets&q=Natasha%20Denona%20Duo%20Chrome%20Top%20Coat&src=typed&max_position=TWEET-957217575745806337-978645554275274753>
None
2018-04-14 14:51:33 [scrapy] DEBUG: Scraped from <200 https://twitter.com/i/search/timeline?l=en&f=tweets&q=Natasha%20Denona%20Duo%20Chrome%20Top%20Coat&src=typed&max_position=TWEET-957217575745806337-978645554275274753>
None
2018-04-14 14:51:33 [scrapy] DEBUG: Scraped from <200 https://twitter.com/i/search/timeline?l=en&f=tweets&q=Natasha%20Denona%20Duo%20Chrome%20Top%20Coat&src=typed&max_position=TWEET-957217575745806337-978645554275274753>
None
2018-04-14 14:51:33 [scrapy] DEBUG: Scraped from <200 https://twitter.com/i/search/timeline?l=en&f=tweets&q=Natasha%20Denona%20Duo%20Chrome%20Top%20Coat&src=typed&max_position=TWEET-957217575745806337-978645554275274753>
None
2018-04-14 14:51:33 [scrapy] DEBUG: Scraped from <200 https://twitter.com/i/search/timeline?l=en&f=tweets&q=Natasha%20Denona%20Duo%20Chrome%20Top%20Coat&src=typed&max_position=TWEET-957217575745806337-978645554275274753>
None
2018-04-14 14:51:33 [scrapy] DEBUG: Scraped from <200 https://twitter.com/i/search/timeline?l=en&f=tweets&q=Natasha%20Denona%20Duo%20Chrome%20Top%20Coat&src=typed&max_position=TWEET-957217575745806337-978645554275274753>
None
2018-04-14 14:51:33 [scrapy] DEBUG: Scraped from <200 https://twitter.com/i/search/timeline?l=en&f=tweets&q=Natasha%20Denona%20Duo%20Chrome%20Top%20Coat&src=typed&max_position=TWEET-957217575745806337-978645554275274753>
None
2018-04-14 14:51:33 [scrapy] DEBUG: Scraped from <200 https://twitter.com/i/search/timeline?l=en&f=tweets&q=Natasha%20Denona%20Duo%20Chrome%20Top%20Coat&src=typed&max_position=TWEET-957217575745806337-978645554275274753>
None
2018-04-14 14:51:33 [scrapy] DEBUG: Scraped from <200 https://twitter.com/i/search/timeline?l=en&f=tweets&q=Natasha%20Denona%20Duo%20Chrome%20Top%20Coat&src=typed&max_position=TWEET-957217575745806337-978645554275274753>
None
2018-04-14 14:51:33 [scrapy] DEBUG: Scraped from <200 https://twitter.com/i/search/timeline?l=en&f=tweets&q=Natasha%20Denona%20Duo%20Chrome%20Top%20Coat&src=typed&max_position=TWEET-957217575745806337-978645554275274753>
None
2018-04-14 14:51:33 [scrapy] DEBUG: Scraped from <200 https://twitter.com/i/search/timeline?l=en&f=tweets&q=Natasha%20Denona%20Duo%20Chrome%20Top%20Coat&src=typed&max_position=TWEET-957217575745806337-978645554275274753>
None
2018-04-14 14:51:33 [scrapy] DEBUG: Scraped from <200 https://twitter.com/i/search/timeline?l=en&f=tweets&q=Natasha%20Denona%20Duo%20Chrome%20Top%20Coat&src=typed&max_position=TWEET-957217575745806337-978645554275274753>
None
2018-04-14 14:51:33 [scrapy] DEBUG: Scraped from <200 https://twitter.com/i/search/timeline?l=en&f=tweets&q=Natasha%20Denona%20Duo%20Chrome%20Top%20Coat&src=typed&max_position=TWEET-957217575745806337-978645554275274753>
None
2018-04-14 14:51:33 [scrapy] DEBUG: Scraped from <200 https://twitter.com/i/search/timeline?l=en&f=tweets&q=Natasha%20Denona%20Duo%20Chrome%20Top%20Coat&src=typed&max_position=TWEET-957217575745806337-978645554275274753>
None
2018-04-14 14:51:33 [scrapy] DEBUG: Scraped from <200 https://twitter.com/i/search/timeline?l=en&f=tweets&q=Natasha%20Denona%20Duo%20Chrome%20Top%20Coat&src=typed&max_position=TWEET-957217575745806337-978645554275274753>
None
2018-04-14 14:51:34 [scrapy] DEBUG: Scraped from <200 https://twitter.com/i/search/timeline?l=en&f=tweets&q=Natasha%20Denona%20Duo%20Chrome%20Top%20Coat&src=typed&max_position=TWEET-957217575745806337-978645554275274753>
None
2018-04-14 14:51:34 [scrapy] DEBUG: Scraped from <200 https://twitter.com/i/search/timeline?l=en&f=tweets&q=Natasha%20Denona%20Duo%20Chrome%20Top%20Coat&src=typed&max_position=TWEET-957217575745806337-978645554275274753>
None
2018-04-14 14:51:34 [scrapy] DEBUG: Scraped from <200 https://twitter.com/i/search/timeline?l=en&f=tweets&q=Natasha%20Denona%20Duo%20Chrome%20Top%20Coat&src=typed&max_position=TWEET-957217575745806337-978645554275274753>
None
2018-04-14 14:51:34 [scrapy] DEBUG: Scraped from <200 https://twitter.com/i/search/timeline?l=en&f=tweets&q=Natasha%20Denona%20Duo%20Chrome%20Top%20Coat&src=typed&max_position=TWEET-957217575745806337-978645554275274753>
None
2018-04-14 14:51:34 [scrapy] DEBUG: Crawled (200) <GET https://twitter.com/i/search/timeline?l=en&f=tweets&q=Natasha%20Denona%20Duo%20Chrome%20Top%20Coat&src=typed&max_position=TWEET-955183396552134657-978645554275274753> (referer: https://twitter.com/i/search/timeline?l=en&f=tweets&q=Natasha%20Denona%20Duo%20Chrome%20Top%20Coat&src=typed&max_position=TWEET-957217575745806337-978645554275274753)
2018-04-14 14:51:34 [scrapy] DEBUG: Scraped from <200 https://twitter.com/i/search/timeline?l=en&f=tweets&q=Natasha%20Denona%20Duo%20Chrome%20Top%20Coat&src=typed&max_position=TWEET-955183396552134657-978645554275274753>
None
2018-04-14 14:51:35 [scrapy] DEBUG: Scraped from <200 https://twitter.com/i/search/timeline?l=en&f=tweets&q=Natasha%20Denona%20Duo%20Chrome%20Top%20Coat&src=typed&max_position=TWEET-955183396552134657-978645554275274753>
None
2018-04-14 14:51:35 [scrapy] DEBUG: Scraped from <200 https://twitter.com/i/search/timeline?l=en&f=tweets&q=Natasha%20Denona%20Duo%20Chrome%20Top%20Coat&src=typed&max_position=TWEET-955183396552134657-978645554275274753>
None
2018-04-14 14:51:35 [scrapy] DEBUG: Scraped from <200 https://twitter.com/i/search/timeline?l=en&f=tweets&q=Natasha%20Denona%20Duo%20Chrome%20Top%20Coat&src=typed&max_position=TWEET-955183396552134657-978645554275274753>
None
2018-04-14 14:51:35 [scrapy] DEBUG: Scraped from <200 https://twitter.com/i/search/timeline?l=en&f=tweets&q=Natasha%20Denona%20Duo%20Chrome%20Top%20Coat&src=typed&max_position=TWEET-955183396552134657-978645554275274753>
None
2018-04-14 14:51:35 [scrapy] DEBUG: Scraped from <200 https://twitter.com/i/search/timeline?l=en&f=tweets&q=Natasha%20Denona%20Duo%20Chrome%20Top%20Coat&src=typed&max_position=TWEET-955183396552134657-978645554275274753>
None
2018-04-14 14:51:35 [scrapy] DEBUG: Scraped from <200 https://twitter.com/i/search/timeline?l=en&f=tweets&q=Natasha%20Denona%20Duo%20Chrome%20Top%20Coat&src=typed&max_position=TWEET-955183396552134657-978645554275274753>
None
2018-04-14 14:51:35 [scrapy] DEBUG: Scraped from <200 https://twitter.com/i/search/timeline?l=en&f=tweets&q=Natasha%20Denona%20Duo%20Chrome%20Top%20Coat&src=typed&max_position=TWEET-955183396552134657-978645554275274753>
None
2018-04-14 14:51:35 [scrapy] DEBUG: Scraped from <200 https://twitter.com/i/search/timeline?l=en&f=tweets&q=Natasha%20Denona%20Duo%20Chrome%20Top%20Coat&src=typed&max_position=TWEET-955183396552134657-978645554275274753>
None
2018-04-14 14:51:35 [scrapy] DEBUG: Scraped from <200 https://twitter.com/i/search/timeline?l=en&f=tweets&q=Natasha%20Denona%20Duo%20Chrome%20Top%20Coat&src=typed&max_position=TWEET-955183396552134657-978645554275274753>
None
2018-04-14 14:51:35 [scrapy] DEBUG: Scraped from <200 https://twitter.com/i/search/timeline?l=en&f=tweets&q=Natasha%20Denona%20Duo%20Chrome%20Top%20Coat&src=typed&max_position=TWEET-955183396552134657-978645554275274753>
None
2018-04-14 14:51:35 [scrapy] DEBUG: Scraped from <200 https://twitter.com/i/search/timeline?l=en&f=tweets&q=Natasha%20Denona%20Duo%20Chrome%20Top%20Coat&src=typed&max_position=TWEET-955183396552134657-978645554275274753>
None
2018-04-14 14:51:35 [scrapy] DEBUG: Scraped from <200 https://twitter.com/i/search/timeline?l=en&f=tweets&q=Natasha%20Denona%20Duo%20Chrome%20Top%20Coat&src=typed&max_position=TWEET-955183396552134657-978645554275274753>
None
2018-04-14 14:51:35 [scrapy] DEBUG: Scraped from <200 https://twitter.com/i/search/timeline?l=en&f=tweets&q=Natasha%20Denona%20Duo%20Chrome%20Top%20Coat&src=typed&max_position=TWEET-955183396552134657-978645554275274753>
None
2018-04-14 14:51:35 [scrapy] DEBUG: Scraped from <200 https://twitter.com/i/search/timeline?l=en&f=tweets&q=Natasha%20Denona%20Duo%20Chrome%20Top%20Coat&src=typed&max_position=TWEET-955183396552134657-978645554275274753>
None
2018-04-14 14:51:35 [scrapy] DEBUG: Scraped from <200 https://twitter.com/i/search/timeline?l=en&f=tweets&q=Natasha%20Denona%20Duo%20Chrome%20Top%20Coat&src=typed&max_position=TWEET-955183396552134657-978645554275274753>
None
2018-04-14 14:51:35 [scrapy] DEBUG: Scraped from <200 https://twitter.com/i/search/timeline?l=en&f=tweets&q=Natasha%20Denona%20Duo%20Chrome%20Top%20Coat&src=typed&max_position=TWEET-955183396552134657-978645554275274753>
None
2018-04-14 14:51:35 [scrapy] DEBUG: Scraped from <200 https://twitter.com/i/search/timeline?l=en&f=tweets&q=Natasha%20Denona%20Duo%20Chrome%20Top%20Coat&src=typed&max_position=TWEET-955183396552134657-978645554275274753>
None
2018-04-14 14:51:35 [scrapy] DEBUG: Scraped from <200 https://twitter.com/i/search/timeline?l=en&f=tweets&q=Natasha%20Denona%20Duo%20Chrome%20Top%20Coat&src=typed&max_position=TWEET-955183396552134657-978645554275274753>
None
2018-04-14 14:51:35 [scrapy] DEBUG: Scraped from <200 https://twitter.com/i/search/timeline?l=en&f=tweets&q=Natasha%20Denona%20Duo%20Chrome%20Top%20Coat&src=typed&max_position=TWEET-955183396552134657-978645554275274753>
None
2018-04-14 14:51:36 [scrapy] DEBUG: Crawled (200) <GET https://twitter.com/i/search/timeline?l=en&f=tweets&q=Natasha%20Denona%20Duo%20Chrome%20Top%20Coat&src=typed&max_position=TWEET-953267382138519552-978645554275274753> (referer: https://twitter.com/i/search/timeline?l=en&f=tweets&q=Natasha%20Denona%20Duo%20Chrome%20Top%20Coat&src=typed&max_position=TWEET-955183396552134657-978645554275274753)
2018-04-14 14:51:36 [scrapy] DEBUG: Scraped from <200 https://twitter.com/i/search/timeline?l=en&f=tweets&q=Natasha%20Denona%20Duo%20Chrome%20Top%20Coat&src=typed&max_position=TWEET-953267382138519552-978645554275274753>
None
2018-04-14 14:51:36 [scrapy] DEBUG: Scraped from <200 https://twitter.com/i/search/timeline?l=en&f=tweets&q=Natasha%20Denona%20Duo%20Chrome%20Top%20Coat&src=typed&max_position=TWEET-953267382138519552-978645554275274753>
None
2018-04-14 14:51:36 [scrapy] DEBUG: Scraped from <200 https://twitter.com/i/search/timeline?l=en&f=tweets&q=Natasha%20Denona%20Duo%20Chrome%20Top%20Coat&src=typed&max_position=TWEET-953267382138519552-978645554275274753>
None
2018-04-14 14:51:36 [scrapy] DEBUG: Scraped from <200 https://twitter.com/i/search/timeline?l=en&f=tweets&q=Natasha%20Denona%20Duo%20Chrome%20Top%20Coat&src=typed&max_position=TWEET-953267382138519552-978645554275274753>
None
2018-04-14 14:51:36 [scrapy] DEBUG: Scraped from <200 https://twitter.com/i/search/timeline?l=en&f=tweets&q=Natasha%20Denona%20Duo%20Chrome%20Top%20Coat&src=typed&max_position=TWEET-953267382138519552-978645554275274753>
None
2018-04-14 14:51:37 [scrapy] DEBUG: Scraped from <200 https://twitter.com/i/search/timeline?l=en&f=tweets&q=Natasha%20Denona%20Duo%20Chrome%20Top%20Coat&src=typed&max_position=TWEET-953267382138519552-978645554275274753>
None
2018-04-14 14:51:37 [scrapy] DEBUG: Scraped from <200 https://twitter.com/i/search/timeline?l=en&f=tweets&q=Natasha%20Denona%20Duo%20Chrome%20Top%20Coat&src=typed&max_position=TWEET-953267382138519552-978645554275274753>
None
2018-04-14 14:51:37 [scrapy] DEBUG: Scraped from <200 https://twitter.com/i/search/timeline?l=en&f=tweets&q=Natasha%20Denona%20Duo%20Chrome%20Top%20Coat&src=typed&max_position=TWEET-953267382138519552-978645554275274753>
None
2018-04-14 14:51:37 [scrapy] DEBUG: Scraped from <200 https://twitter.com/i/search/timeline?l=en&f=tweets&q=Natasha%20Denona%20Duo%20Chrome%20Top%20Coat&src=typed&max_position=TWEET-953267382138519552-978645554275274753>
None
2018-04-14 14:51:37 [scrapy] DEBUG: Scraped from <200 https://twitter.com/i/search/timeline?l=en&f=tweets&q=Natasha%20Denona%20Duo%20Chrome%20Top%20Coat&src=typed&max_position=TWEET-953267382138519552-978645554275274753>
None
2018-04-14 14:51:37 [scrapy] DEBUG: Scraped from <200 https://twitter.com/i/search/timeline?l=en&f=tweets&q=Natasha%20Denona%20Duo%20Chrome%20Top%20Coat&src=typed&max_position=TWEET-953267382138519552-978645554275274753>
None
2018-04-14 14:51:37 [scrapy] DEBUG: Scraped from <200 https://twitter.com/i/search/timeline?l=en&f=tweets&q=Natasha%20Denona%20Duo%20Chrome%20Top%20Coat&src=typed&max_position=TWEET-953267382138519552-978645554275274753>
None
2018-04-14 14:51:37 [scrapy] DEBUG: Scraped from <200 https://twitter.com/i/search/timeline?l=en&f=tweets&q=Natasha%20Denona%20Duo%20Chrome%20Top%20Coat&src=typed&max_position=TWEET-953267382138519552-978645554275274753>
None
2018-04-14 14:51:37 [scrapy] DEBUG: Crawled (200) <GET https://twitter.com/i/search/timeline?l=en&f=tweets&q=Natasha%20Denona%20Duo%20Chrome%20Top%20Coat&src=typed&max_position=TWEET-952804865096511489-978645554275274753> (referer: https://twitter.com/i/search/timeline?l=en&f=tweets&q=Natasha%20Denona%20Duo%20Chrome%20Top%20Coat&src=typed&max_position=TWEET-953267382138519552-978645554275274753)
2018-04-14 14:51:38 [scrapy] DEBUG: Crawled (200) <GET https://twitter.com/i/search/timeline?l=en&f=tweets&q=Natasha%20Denona%20Duo%20Chrome%20Top%20Coat&src=typed&max_position=TWEET-952692602075336706-978645554275274753> (referer: https://twitter.com/i/search/timeline?l=en&f=tweets&q=Natasha%20Denona%20Duo%20Chrome%20Top%20Coat&src=typed&max_position=TWEET-952804865096511489-978645554275274753)
2018-04-14 14:51:38 [scrapy] DEBUG: Filtered duplicate request: <GET https://twitter.com/i/search/timeline?l=en&f=tweets&q=Natasha%20Denona%20Duo%20Chrome%20Top%20Coat&src=typed&max_position=TWEET-952692602075336706-978645554275274753> - no more duplicates will be shown (see DUPEFILTER_DEBUG to show all duplicates)
2018-04-14 14:51:38 [scrapy] INFO: Closing spider (finished)
2018-04-14 14:51:38 [scrapy] INFO: Dumping Scrapy stats:
{'downloader/request_bytes': 4947,
 'downloader/request_count': 6,
 'downloader/request_method_count/GET': 6,
 'downloader/response_bytes': 57564,
 'downloader/response_count': 6,
 'downloader/response_status_count/200': 6,
 'dupefilter/filtered': 1,
 'finish_reason': 'finished',
 'finish_time': datetime.datetime(2018, 4, 14, 19, 51, 38, 349350),
 'item_scraped_count': 73,
 'log_count/DEBUG': 152,
 'log_count/ERROR': 73,
 'log_count/INFO': 6,
 'memusage/max': 63221760,
 'memusage/startup': 63221760,
 'request_depth_max': 6,
 'response_received_count': 6,
 'scheduler/dequeued': 6,
 'scheduler/dequeued/memory': 6,
 'scheduler/enqueued': 6,
 'scheduler/enqueued/memory': 6,
 'start_time': datetime.datetime(2018, 4, 14, 19, 51, 30, 97743)}
2018-04-14 14:51:38 [scrapy] INFO: Spider closed (finished)
