2018-04-13 23:35:46 [scrapy] DEBUG: Crawled (200) <GET https://twitter.com/i/search/timeline?l=&f=tweets&q=sephora%20since%3A2018-04-13&src=typed&max_position=> (referer: None)
2018-04-13 23:35:46 [scrapy] DEBUG: Scraped from <200 https://twitter.com/i/search/timeline?l=&f=tweets&q=sephora%20since%3A2018-04-13&src=typed&max_position=>
None
2018-04-13 23:35:46 [scrapy] DEBUG: Scraped from <200 https://twitter.com/i/search/timeline?l=&f=tweets&q=sephora%20since%3A2018-04-13&src=typed&max_position=>
None
2018-04-13 23:35:46 [scrapy] DEBUG: Scraped from <200 https://twitter.com/i/search/timeline?l=&f=tweets&q=sephora%20since%3A2018-04-13&src=typed&max_position=>
None
2018-04-13 23:35:46 [scrapy] DEBUG: Scraped from <200 https://twitter.com/i/search/timeline?l=&f=tweets&q=sephora%20since%3A2018-04-13&src=typed&max_position=>
None
2018-04-13 23:35:46 [scrapy] DEBUG: Scraped from <200 https://twitter.com/i/search/timeline?l=&f=tweets&q=sephora%20since%3A2018-04-13&src=typed&max_position=>
None
2018-04-13 23:35:46 [scrapy] DEBUG: Scraped from <200 https://twitter.com/i/search/timeline?l=&f=tweets&q=sephora%20since%3A2018-04-13&src=typed&max_position=>
None
2018-04-13 23:35:46 [scrapy] DEBUG: Scraped from <200 https://twitter.com/i/search/timeline?l=&f=tweets&q=sephora%20since%3A2018-04-13&src=typed&max_position=>
None
2018-04-13 23:35:46 [scrapy] DEBUG: Scraped from <200 https://twitter.com/i/search/timeline?l=&f=tweets&q=sephora%20since%3A2018-04-13&src=typed&max_position=>
None
2018-04-13 23:35:46 [scrapy] DEBUG: Scraped from <200 https://twitter.com/i/search/timeline?l=&f=tweets&q=sephora%20since%3A2018-04-13&src=typed&max_position=>
None
2018-04-13 23:35:47 [scrapy] DEBUG: Scraped from <200 https://twitter.com/i/search/timeline?l=&f=tweets&q=sephora%20since%3A2018-04-13&src=typed&max_position=>
None
2018-04-13 23:35:47 [scrapy] DEBUG: Scraped from <200 https://twitter.com/i/search/timeline?l=&f=tweets&q=sephora%20since%3A2018-04-13&src=typed&max_position=>
None
2018-04-13 23:35:47 [scrapy] DEBUG: Scraped from <200 https://twitter.com/i/search/timeline?l=&f=tweets&q=sephora%20since%3A2018-04-13&src=typed&max_position=>
None
2018-04-13 23:35:47 [scrapy] DEBUG: Scraped from <200 https://twitter.com/i/search/timeline?l=&f=tweets&q=sephora%20since%3A2018-04-13&src=typed&max_position=>
None
2018-04-13 23:35:47 [scrapy] DEBUG: Scraped from <200 https://twitter.com/i/search/timeline?l=&f=tweets&q=sephora%20since%3A2018-04-13&src=typed&max_position=>
None
2018-04-13 23:35:47 [scrapy] DEBUG: Scraped from <200 https://twitter.com/i/search/timeline?l=&f=tweets&q=sephora%20since%3A2018-04-13&src=typed&max_position=>
None
2018-04-13 23:35:47 [scrapy] DEBUG: Scraped from <200 https://twitter.com/i/search/timeline?l=&f=tweets&q=sephora%20since%3A2018-04-13&src=typed&max_position=>
None
2018-04-13 23:35:47 [scrapy] DEBUG: Scraped from <200 https://twitter.com/i/search/timeline?l=&f=tweets&q=sephora%20since%3A2018-04-13&src=typed&max_position=>
None
2018-04-13 23:35:47 [scrapy] DEBUG: Scraped from <200 https://twitter.com/i/search/timeline?l=&f=tweets&q=sephora%20since%3A2018-04-13&src=typed&max_position=>
None
2018-04-13 23:35:47 [scrapy] DEBUG: Scraped from <200 https://twitter.com/i/search/timeline?l=&f=tweets&q=sephora%20since%3A2018-04-13&src=typed&max_position=>
None
2018-04-13 23:35:47 [scrapy] DEBUG: Scraped from <200 https://twitter.com/i/search/timeline?l=&f=tweets&q=sephora%20since%3A2018-04-13&src=typed&max_position=>
None
2018-04-13 23:35:47 [scrapy] DEBUG: Crawled (200) <GET https://twitter.com/i/search/timeline?l=&f=tweets&q=sephora%20since%3A2018-04-13&src=typed&max_position=TWEET-985011038151036928-985013318006931456> (referer: https://twitter.com/i/search/timeline?l=&f=tweets&q=sephora%20since%3A2018-04-13&src=typed&max_position=)
2018-04-13 23:35:48 [scrapy] DEBUG: Scraped from <200 https://twitter.com/i/search/timeline?l=&f=tweets&q=sephora%20since%3A2018-04-13&src=typed&max_position=TWEET-985011038151036928-985013318006931456>
None
2018-04-13 23:35:48 [scrapy] DEBUG: Scraped from <200 https://twitter.com/i/search/timeline?l=&f=tweets&q=sephora%20since%3A2018-04-13&src=typed&max_position=TWEET-985011038151036928-985013318006931456>
None
2018-04-13 23:35:48 [scrapy] DEBUG: Scraped from <200 https://twitter.com/i/search/timeline?l=&f=tweets&q=sephora%20since%3A2018-04-13&src=typed&max_position=TWEET-985011038151036928-985013318006931456>
None
2018-04-13 23:35:48 [scrapy] DEBUG: Scraped from <200 https://twitter.com/i/search/timeline?l=&f=tweets&q=sephora%20since%3A2018-04-13&src=typed&max_position=TWEET-985011038151036928-985013318006931456>
None
2018-04-13 23:35:48 [scrapy] DEBUG: Scraped from <200 https://twitter.com/i/search/timeline?l=&f=tweets&q=sephora%20since%3A2018-04-13&src=typed&max_position=TWEET-985011038151036928-985013318006931456>
None
2018-04-13 23:35:48 [scrapy] DEBUG: Scraped from <200 https://twitter.com/i/search/timeline?l=&f=tweets&q=sephora%20since%3A2018-04-13&src=typed&max_position=TWEET-985011038151036928-985013318006931456>
None
2018-04-13 23:35:48 [scrapy] DEBUG: Scraped from <200 https://twitter.com/i/search/timeline?l=&f=tweets&q=sephora%20since%3A2018-04-13&src=typed&max_position=TWEET-985011038151036928-985013318006931456>
None
2018-04-13 23:35:48 [scrapy] DEBUG: Scraped from <200 https://twitter.com/i/search/timeline?l=&f=tweets&q=sephora%20since%3A2018-04-13&src=typed&max_position=TWEET-985011038151036928-985013318006931456>
None
2018-04-13 23:35:48 [scrapy] DEBUG: Scraped from <200 https://twitter.com/i/search/timeline?l=&f=tweets&q=sephora%20since%3A2018-04-13&src=typed&max_position=TWEET-985011038151036928-985013318006931456>
None
2018-04-13 23:35:48 [scrapy] DEBUG: Scraped from <200 https://twitter.com/i/search/timeline?l=&f=tweets&q=sephora%20since%3A2018-04-13&src=typed&max_position=TWEET-985011038151036928-985013318006931456>
None
2018-04-13 23:35:48 [scrapy] DEBUG: Scraped from <200 https://twitter.com/i/search/timeline?l=&f=tweets&q=sephora%20since%3A2018-04-13&src=typed&max_position=TWEET-985011038151036928-985013318006931456>
None
2018-04-13 23:35:48 [scrapy] DEBUG: Scraped from <200 https://twitter.com/i/search/timeline?l=&f=tweets&q=sephora%20since%3A2018-04-13&src=typed&max_position=TWEET-985011038151036928-985013318006931456>
None
2018-04-13 23:35:48 [scrapy] DEBUG: Scraped from <200 https://twitter.com/i/search/timeline?l=&f=tweets&q=sephora%20since%3A2018-04-13&src=typed&max_position=TWEET-985011038151036928-985013318006931456>
None
2018-04-13 23:35:48 [scrapy] DEBUG: Scraped from <200 https://twitter.com/i/search/timeline?l=&f=tweets&q=sephora%20since%3A2018-04-13&src=typed&max_position=TWEET-985011038151036928-985013318006931456>
None
2018-04-13 23:35:48 [scrapy] DEBUG: Scraped from <200 https://twitter.com/i/search/timeline?l=&f=tweets&q=sephora%20since%3A2018-04-13&src=typed&max_position=TWEET-985011038151036928-985013318006931456>
None
2018-04-13 23:35:48 [scrapy] DEBUG: Scraped from <200 https://twitter.com/i/search/timeline?l=&f=tweets&q=sephora%20since%3A2018-04-13&src=typed&max_position=TWEET-985011038151036928-985013318006931456>
None
2018-04-13 23:35:48 [scrapy] DEBUG: Scraped from <200 https://twitter.com/i/search/timeline?l=&f=tweets&q=sephora%20since%3A2018-04-13&src=typed&max_position=TWEET-985011038151036928-985013318006931456>
None
2018-04-13 23:35:48 [scrapy] DEBUG: Scraped from <200 https://twitter.com/i/search/timeline?l=&f=tweets&q=sephora%20since%3A2018-04-13&src=typed&max_position=TWEET-985011038151036928-985013318006931456>
None
2018-04-13 23:35:48 [scrapy] DEBUG: Scraped from <200 https://twitter.com/i/search/timeline?l=&f=tweets&q=sephora%20since%3A2018-04-13&src=typed&max_position=TWEET-985011038151036928-985013318006931456>
None
2018-04-13 23:35:49 [scrapy] DEBUG: Scraped from <200 https://twitter.com/i/search/timeline?l=&f=tweets&q=sephora%20since%3A2018-04-13&src=typed&max_position=TWEET-985011038151036928-985013318006931456>
None
2018-04-13 23:35:49 [scrapy] DEBUG: Crawled (200) <GET https://twitter.com/i/search/timeline?l=&f=tweets&q=sephora%20since%3A2018-04-13&src=typed&max_position=TWEET-985008464425603072-985013318006931456> (referer: https://twitter.com/i/search/timeline?l=&f=tweets&q=sephora%20since%3A2018-04-13&src=typed&max_position=TWEET-985011038151036928-985013318006931456)
2018-04-13 23:35:49 [scrapy] DEBUG: Scraped from <200 https://twitter.com/i/search/timeline?l=&f=tweets&q=sephora%20since%3A2018-04-13&src=typed&max_position=TWEET-985008464425603072-985013318006931456>
None
2018-04-13 23:35:49 [scrapy] DEBUG: Scraped from <200 https://twitter.com/i/search/timeline?l=&f=tweets&q=sephora%20since%3A2018-04-13&src=typed&max_position=TWEET-985008464425603072-985013318006931456>
None
2018-04-13 23:35:50 [scrapy] DEBUG: Scraped from <200 https://twitter.com/i/search/timeline?l=&f=tweets&q=sephora%20since%3A2018-04-13&src=typed&max_position=TWEET-985008464425603072-985013318006931456>
None
2018-04-13 23:35:50 [scrapy] DEBUG: Scraped from <200 https://twitter.com/i/search/timeline?l=&f=tweets&q=sephora%20since%3A2018-04-13&src=typed&max_position=TWEET-985008464425603072-985013318006931456>
None
2018-04-13 23:35:50 [scrapy] DEBUG: Scraped from <200 https://twitter.com/i/search/timeline?l=&f=tweets&q=sephora%20since%3A2018-04-13&src=typed&max_position=TWEET-985008464425603072-985013318006931456>
None
2018-04-13 23:35:50 [scrapy] DEBUG: Scraped from <200 https://twitter.com/i/search/timeline?l=&f=tweets&q=sephora%20since%3A2018-04-13&src=typed&max_position=TWEET-985008464425603072-985013318006931456>
None
2018-04-13 23:35:50 [scrapy] DEBUG: Scraped from <200 https://twitter.com/i/search/timeline?l=&f=tweets&q=sephora%20since%3A2018-04-13&src=typed&max_position=TWEET-985008464425603072-985013318006931456>
None
2018-04-13 23:35:50 [scrapy] DEBUG: Scraped from <200 https://twitter.com/i/search/timeline?l=&f=tweets&q=sephora%20since%3A2018-04-13&src=typed&max_position=TWEET-985008464425603072-985013318006931456>
None
2018-04-13 23:35:50 [scrapy] DEBUG: Scraped from <200 https://twitter.com/i/search/timeline?l=&f=tweets&q=sephora%20since%3A2018-04-13&src=typed&max_position=TWEET-985008464425603072-985013318006931456>
None
2018-04-13 23:35:50 [scrapy] DEBUG: Scraped from <200 https://twitter.com/i/search/timeline?l=&f=tweets&q=sephora%20since%3A2018-04-13&src=typed&max_position=TWEET-985008464425603072-985013318006931456>
None
2018-04-13 23:35:50 [scrapy] DEBUG: Scraped from <200 https://twitter.com/i/search/timeline?l=&f=tweets&q=sephora%20since%3A2018-04-13&src=typed&max_position=TWEET-985008464425603072-985013318006931456>
None
2018-04-13 23:35:50 [scrapy] DEBUG: Scraped from <200 https://twitter.com/i/search/timeline?l=&f=tweets&q=sephora%20since%3A2018-04-13&src=typed&max_position=TWEET-985008464425603072-985013318006931456>
None
2018-04-13 23:35:50 [scrapy] DEBUG: Scraped from <200 https://twitter.com/i/search/timeline?l=&f=tweets&q=sephora%20since%3A2018-04-13&src=typed&max_position=TWEET-985008464425603072-985013318006931456>
None
2018-04-13 23:35:50 [scrapy] DEBUG: Scraped from <200 https://twitter.com/i/search/timeline?l=&f=tweets&q=sephora%20since%3A2018-04-13&src=typed&max_position=TWEET-985008464425603072-985013318006931456>
None
2018-04-13 23:35:50 [scrapy] DEBUG: Scraped from <200 https://twitter.com/i/search/timeline?l=&f=tweets&q=sephora%20since%3A2018-04-13&src=typed&max_position=TWEET-985008464425603072-985013318006931456>
None
2018-04-13 23:35:51 [scrapy] DEBUG: Scraped from <200 https://twitter.com/i/search/timeline?l=&f=tweets&q=sephora%20since%3A2018-04-13&src=typed&max_position=TWEET-985008464425603072-985013318006931456>
None
2018-04-13 23:35:51 [scrapy] DEBUG: Scraped from <200 https://twitter.com/i/search/timeline?l=&f=tweets&q=sephora%20since%3A2018-04-13&src=typed&max_position=TWEET-985008464425603072-985013318006931456>
None
2018-04-13 23:35:51 [scrapy] DEBUG: Scraped from <200 https://twitter.com/i/search/timeline?l=&f=tweets&q=sephora%20since%3A2018-04-13&src=typed&max_position=TWEET-985008464425603072-985013318006931456>
None
2018-04-13 23:35:51 [scrapy] DEBUG: Scraped from <200 https://twitter.com/i/search/timeline?l=&f=tweets&q=sephora%20since%3A2018-04-13&src=typed&max_position=TWEET-985008464425603072-985013318006931456>
None
2018-04-13 23:35:51 [scrapy] DEBUG: Scraped from <200 https://twitter.com/i/search/timeline?l=&f=tweets&q=sephora%20since%3A2018-04-13&src=typed&max_position=TWEET-985008464425603072-985013318006931456>
None
2018-04-13 23:35:51 [scrapy] DEBUG: Crawled (200) <GET https://twitter.com/i/search/timeline?l=&f=tweets&q=sephora%20since%3A2018-04-13&src=typed&max_position=TWEET-985006505203138560-985013318006931456> (referer: https://twitter.com/i/search/timeline?l=&f=tweets&q=sephora%20since%3A2018-04-13&src=typed&max_position=TWEET-985008464425603072-985013318006931456)
2018-04-13 23:35:52 [scrapy] DEBUG: Scraped from <200 https://twitter.com/i/search/timeline?l=&f=tweets&q=sephora%20since%3A2018-04-13&src=typed&max_position=TWEET-985006505203138560-985013318006931456>
None
2018-04-13 23:35:52 [scrapy] DEBUG: Scraped from <200 https://twitter.com/i/search/timeline?l=&f=tweets&q=sephora%20since%3A2018-04-13&src=typed&max_position=TWEET-985006505203138560-985013318006931456>
None
2018-04-13 23:35:52 [scrapy] DEBUG: Scraped from <200 https://twitter.com/i/search/timeline?l=&f=tweets&q=sephora%20since%3A2018-04-13&src=typed&max_position=TWEET-985006505203138560-985013318006931456>
None
2018-04-13 23:35:52 [scrapy] DEBUG: Scraped from <200 https://twitter.com/i/search/timeline?l=&f=tweets&q=sephora%20since%3A2018-04-13&src=typed&max_position=TWEET-985006505203138560-985013318006931456>
None
2018-04-13 23:35:52 [scrapy] DEBUG: Scraped from <200 https://twitter.com/i/search/timeline?l=&f=tweets&q=sephora%20since%3A2018-04-13&src=typed&max_position=TWEET-985006505203138560-985013318006931456>
None
2018-04-13 23:35:52 [scrapy] DEBUG: Scraped from <200 https://twitter.com/i/search/timeline?l=&f=tweets&q=sephora%20since%3A2018-04-13&src=typed&max_position=TWEET-985006505203138560-985013318006931456>
None
2018-04-13 23:35:52 [scrapy] DEBUG: Scraped from <200 https://twitter.com/i/search/timeline?l=&f=tweets&q=sephora%20since%3A2018-04-13&src=typed&max_position=TWEET-985006505203138560-985013318006931456>
None
2018-04-13 23:35:52 [scrapy] DEBUG: Scraped from <200 https://twitter.com/i/search/timeline?l=&f=tweets&q=sephora%20since%3A2018-04-13&src=typed&max_position=TWEET-985006505203138560-985013318006931456>
None
2018-04-13 23:35:52 [scrapy] DEBUG: Scraped from <200 https://twitter.com/i/search/timeline?l=&f=tweets&q=sephora%20since%3A2018-04-13&src=typed&max_position=TWEET-985006505203138560-985013318006931456>
None
2018-04-13 23:35:52 [scrapy] DEBUG: Scraped from <200 https://twitter.com/i/search/timeline?l=&f=tweets&q=sephora%20since%3A2018-04-13&src=typed&max_position=TWEET-985006505203138560-985013318006931456>
None
2018-04-13 23:35:52 [scrapy] DEBUG: Scraped from <200 https://twitter.com/i/search/timeline?l=&f=tweets&q=sephora%20since%3A2018-04-13&src=typed&max_position=TWEET-985006505203138560-985013318006931456>
None
2018-04-13 23:35:52 [scrapy] DEBUG: Scraped from <200 https://twitter.com/i/search/timeline?l=&f=tweets&q=sephora%20since%3A2018-04-13&src=typed&max_position=TWEET-985006505203138560-985013318006931456>
None
2018-04-13 23:35:52 [scrapy] DEBUG: Scraped from <200 https://twitter.com/i/search/timeline?l=&f=tweets&q=sephora%20since%3A2018-04-13&src=typed&max_position=TWEET-985006505203138560-985013318006931456>
None
2018-04-13 23:35:52 [scrapy] DEBUG: Scraped from <200 https://twitter.com/i/search/timeline?l=&f=tweets&q=sephora%20since%3A2018-04-13&src=typed&max_position=TWEET-985006505203138560-985013318006931456>
None
2018-04-13 23:35:52 [scrapy] DEBUG: Scraped from <200 https://twitter.com/i/search/timeline?l=&f=tweets&q=sephora%20since%3A2018-04-13&src=typed&max_position=TWEET-985006505203138560-985013318006931456>
None
2018-04-13 23:35:52 [scrapy] DEBUG: Scraped from <200 https://twitter.com/i/search/timeline?l=&f=tweets&q=sephora%20since%3A2018-04-13&src=typed&max_position=TWEET-985006505203138560-985013318006931456>
None
2018-04-13 23:35:52 [scrapy] DEBUG: Scraped from <200 https://twitter.com/i/search/timeline?l=&f=tweets&q=sephora%20since%3A2018-04-13&src=typed&max_position=TWEET-985006505203138560-985013318006931456>
None
2018-04-13 23:35:52 [scrapy] DEBUG: Scraped from <200 https://twitter.com/i/search/timeline?l=&f=tweets&q=sephora%20since%3A2018-04-13&src=typed&max_position=TWEET-985006505203138560-985013318006931456>
None
2018-04-13 23:35:52 [scrapy] DEBUG: Scraped from <200 https://twitter.com/i/search/timeline?l=&f=tweets&q=sephora%20since%3A2018-04-13&src=typed&max_position=TWEET-985006505203138560-985013318006931456>
None
2018-04-13 23:35:53 [scrapy] DEBUG: Scraped from <200 https://twitter.com/i/search/timeline?l=&f=tweets&q=sephora%20since%3A2018-04-13&src=typed&max_position=TWEET-985006505203138560-985013318006931456>
None
2018-04-13 23:35:53 [scrapy] DEBUG: Crawled (200) <GET https://twitter.com/i/search/timeline?l=&f=tweets&q=sephora%20since%3A2018-04-13&src=typed&max_position=TWEET-985004656840663040-985013318006931456> (referer: https://twitter.com/i/search/timeline?l=&f=tweets&q=sephora%20since%3A2018-04-13&src=typed&max_position=TWEET-985006505203138560-985013318006931456)
2018-04-13 23:35:53 [scrapy] DEBUG: Scraped from <200 https://twitter.com/i/search/timeline?l=&f=tweets&q=sephora%20since%3A2018-04-13&src=typed&max_position=TWEET-985004656840663040-985013318006931456>
None
2018-04-13 23:35:53 [scrapy] DEBUG: Scraped from <200 https://twitter.com/i/search/timeline?l=&f=tweets&q=sephora%20since%3A2018-04-13&src=typed&max_position=TWEET-985004656840663040-985013318006931456>
None
2018-04-13 23:35:53 [scrapy] DEBUG: Scraped from <200 https://twitter.com/i/search/timeline?l=&f=tweets&q=sephora%20since%3A2018-04-13&src=typed&max_position=TWEET-985004656840663040-985013318006931456>
None
2018-04-13 23:35:53 [scrapy] DEBUG: Scraped from <200 https://twitter.com/i/search/timeline?l=&f=tweets&q=sephora%20since%3A2018-04-13&src=typed&max_position=TWEET-985004656840663040-985013318006931456>
None
2018-04-13 23:35:53 [scrapy] DEBUG: Scraped from <200 https://twitter.com/i/search/timeline?l=&f=tweets&q=sephora%20since%3A2018-04-13&src=typed&max_position=TWEET-985004656840663040-985013318006931456>
None
2018-04-13 23:35:53 [scrapy] DEBUG: Scraped from <200 https://twitter.com/i/search/timeline?l=&f=tweets&q=sephora%20since%3A2018-04-13&src=typed&max_position=TWEET-985004656840663040-985013318006931456>
None
2018-04-13 23:35:53 [scrapy] DEBUG: Scraped from <200 https://twitter.com/i/search/timeline?l=&f=tweets&q=sephora%20since%3A2018-04-13&src=typed&max_position=TWEET-985004656840663040-985013318006931456>
None
2018-04-13 23:35:53 [scrapy] DEBUG: Scraped from <200 https://twitter.com/i/search/timeline?l=&f=tweets&q=sephora%20since%3A2018-04-13&src=typed&max_position=TWEET-985004656840663040-985013318006931456>
None
2018-04-13 23:35:53 [scrapy] DEBUG: Scraped from <200 https://twitter.com/i/search/timeline?l=&f=tweets&q=sephora%20since%3A2018-04-13&src=typed&max_position=TWEET-985004656840663040-985013318006931456>
None
2018-04-13 23:35:53 [scrapy] DEBUG: Scraped from <200 https://twitter.com/i/search/timeline?l=&f=tweets&q=sephora%20since%3A2018-04-13&src=typed&max_position=TWEET-985004656840663040-985013318006931456>
None
2018-04-13 23:35:54 [scrapy] DEBUG: Scraped from <200 https://twitter.com/i/search/timeline?l=&f=tweets&q=sephora%20since%3A2018-04-13&src=typed&max_position=TWEET-985004656840663040-985013318006931456>
None
2018-04-13 23:35:54 [scrapy] DEBUG: Scraped from <200 https://twitter.com/i/search/timeline?l=&f=tweets&q=sephora%20since%3A2018-04-13&src=typed&max_position=TWEET-985004656840663040-985013318006931456>
None
2018-04-13 23:35:54 [scrapy] DEBUG: Scraped from <200 https://twitter.com/i/search/timeline?l=&f=tweets&q=sephora%20since%3A2018-04-13&src=typed&max_position=TWEET-985004656840663040-985013318006931456>
None
2018-04-13 23:35:54 [scrapy] DEBUG: Scraped from <200 https://twitter.com/i/search/timeline?l=&f=tweets&q=sephora%20since%3A2018-04-13&src=typed&max_position=TWEET-985004656840663040-985013318006931456>
None
2018-04-13 23:35:54 [scrapy] DEBUG: Scraped from <200 https://twitter.com/i/search/timeline?l=&f=tweets&q=sephora%20since%3A2018-04-13&src=typed&max_position=TWEET-985004656840663040-985013318006931456>
None
2018-04-13 23:35:54 [scrapy] DEBUG: Scraped from <200 https://twitter.com/i/search/timeline?l=&f=tweets&q=sephora%20since%3A2018-04-13&src=typed&max_position=TWEET-985004656840663040-985013318006931456>
None
2018-04-13 23:35:54 [scrapy] DEBUG: Scraped from <200 https://twitter.com/i/search/timeline?l=&f=tweets&q=sephora%20since%3A2018-04-13&src=typed&max_position=TWEET-985004656840663040-985013318006931456>
None
2018-04-13 23:35:54 [scrapy] DEBUG: Scraped from <200 https://twitter.com/i/search/timeline?l=&f=tweets&q=sephora%20since%3A2018-04-13&src=typed&max_position=TWEET-985004656840663040-985013318006931456>
None
2018-04-13 23:35:54 [scrapy] DEBUG: Scraped from <200 https://twitter.com/i/search/timeline?l=&f=tweets&q=sephora%20since%3A2018-04-13&src=typed&max_position=TWEET-985004656840663040-985013318006931456>
None
2018-04-13 23:35:54 [scrapy] DEBUG: Scraped from <200 https://twitter.com/i/search/timeline?l=&f=tweets&q=sephora%20since%3A2018-04-13&src=typed&max_position=TWEET-985004656840663040-985013318006931456>
None
2018-04-13 23:35:54 [scrapy] INFO: Closing spider (closespider_itemcount)
2018-04-13 23:35:54 [scrapy] INFO: Dumping Scrapy stats:
{'downloader/request_bytes': 3845,
 'downloader/request_count': 5,
 'downloader/request_method_count/GET': 5,
 'downloader/response_bytes': 88086,
 'downloader/response_count': 5,
 'downloader/response_status_count/200': 5,
 'finish_reason': 'closespider_itemcount',
 'finish_time': datetime.datetime(2018, 4, 14, 4, 35, 54, 454929),
 'item_scraped_count': 100,
 'log_count/DEBUG': 105,
 'log_count/ERROR': 100,
 'log_count/INFO': 6,
 'memusage/max': 51175424,
 'memusage/startup': 51175424,
 'request_depth_max': 5,
 'response_received_count': 5,
 'scheduler/dequeued': 5,
 'scheduler/dequeued/memory': 5,
 'scheduler/enqueued': 6,
 'scheduler/enqueued/memory': 6,
 'start_time': datetime.datetime(2018, 4, 14, 4, 35, 45, 669659)}
2018-04-13 23:35:54 [scrapy] INFO: Spider closed (closespider_itemcount)
