2018-04-14 02:33:20 [scrapy] DEBUG: Crawled (200) <GET https://twitter.com/i/search/timeline?l=&f=tweets&q=Eye%20Pigment&src=typed&max_position=> (referer: None)
2018-04-14 02:33:20 [scrapy] DEBUG: Scraped from <200 https://twitter.com/i/search/timeline?l=&f=tweets&q=Eye%20Pigment&src=typed&max_position=>
None
2018-04-14 02:33:20 [scrapy] DEBUG: Scraped from <200 https://twitter.com/i/search/timeline?l=&f=tweets&q=Eye%20Pigment&src=typed&max_position=>
None
2018-04-14 02:33:20 [scrapy] DEBUG: Scraped from <200 https://twitter.com/i/search/timeline?l=&f=tweets&q=Eye%20Pigment&src=typed&max_position=>
None
2018-04-14 02:33:20 [scrapy] DEBUG: Scraped from <200 https://twitter.com/i/search/timeline?l=&f=tweets&q=Eye%20Pigment&src=typed&max_position=>
None
2018-04-14 02:33:20 [scrapy] DEBUG: Scraped from <200 https://twitter.com/i/search/timeline?l=&f=tweets&q=Eye%20Pigment&src=typed&max_position=>
None
2018-04-14 02:33:20 [scrapy] DEBUG: Scraped from <200 https://twitter.com/i/search/timeline?l=&f=tweets&q=Eye%20Pigment&src=typed&max_position=>
None
2018-04-14 02:33:21 [scrapy] DEBUG: Scraped from <200 https://twitter.com/i/search/timeline?l=&f=tweets&q=Eye%20Pigment&src=typed&max_position=>
None
2018-04-14 02:33:21 [scrapy] DEBUG: Scraped from <200 https://twitter.com/i/search/timeline?l=&f=tweets&q=Eye%20Pigment&src=typed&max_position=>
None
2018-04-14 02:33:21 [scrapy] DEBUG: Scraped from <200 https://twitter.com/i/search/timeline?l=&f=tweets&q=Eye%20Pigment&src=typed&max_position=>
None
2018-04-14 02:33:21 [scrapy] DEBUG: Scraped from <200 https://twitter.com/i/search/timeline?l=&f=tweets&q=Eye%20Pigment&src=typed&max_position=>
None
2018-04-14 02:33:21 [scrapy] DEBUG: Scraped from <200 https://twitter.com/i/search/timeline?l=&f=tweets&q=Eye%20Pigment&src=typed&max_position=>
None
2018-04-14 02:33:21 [scrapy] DEBUG: Scraped from <200 https://twitter.com/i/search/timeline?l=&f=tweets&q=Eye%20Pigment&src=typed&max_position=>
None
2018-04-14 02:33:21 [scrapy] DEBUG: Scraped from <200 https://twitter.com/i/search/timeline?l=&f=tweets&q=Eye%20Pigment&src=typed&max_position=>
None
2018-04-14 02:33:21 [scrapy] DEBUG: Scraped from <200 https://twitter.com/i/search/timeline?l=&f=tweets&q=Eye%20Pigment&src=typed&max_position=>
None
2018-04-14 02:33:22 [scrapy] DEBUG: Crawled (200) <GET https://twitter.com/i/search/timeline?l=&f=tweets&q=Eye%20Pigment&src=typed&max_position=TWEET-984648352942952448-985009451504734210> (referer: https://twitter.com/i/search/timeline?l=&f=tweets&q=Eye%20Pigment&src=typed&max_position=)
2018-04-14 02:33:22 [scrapy] DEBUG: Scraped from <200 https://twitter.com/i/search/timeline?l=&f=tweets&q=Eye%20Pigment&src=typed&max_position=TWEET-984648352942952448-985009451504734210>
None
2018-04-14 02:33:22 [scrapy] DEBUG: Scraped from <200 https://twitter.com/i/search/timeline?l=&f=tweets&q=Eye%20Pigment&src=typed&max_position=TWEET-984648352942952448-985009451504734210>
None
2018-04-14 02:33:22 [scrapy] DEBUG: Scraped from <200 https://twitter.com/i/search/timeline?l=&f=tweets&q=Eye%20Pigment&src=typed&max_position=TWEET-984648352942952448-985009451504734210>
None
2018-04-14 02:33:22 [scrapy] DEBUG: Scraped from <200 https://twitter.com/i/search/timeline?l=&f=tweets&q=Eye%20Pigment&src=typed&max_position=TWEET-984648352942952448-985009451504734210>
None
2018-04-14 02:33:22 [scrapy] DEBUG: Scraped from <200 https://twitter.com/i/search/timeline?l=&f=tweets&q=Eye%20Pigment&src=typed&max_position=TWEET-984648352942952448-985009451504734210>
None
2018-04-14 02:33:22 [scrapy] DEBUG: Scraped from <200 https://twitter.com/i/search/timeline?l=&f=tweets&q=Eye%20Pigment&src=typed&max_position=TWEET-984648352942952448-985009451504734210>
None
2018-04-14 02:33:22 [scrapy] DEBUG: Scraped from <200 https://twitter.com/i/search/timeline?l=&f=tweets&q=Eye%20Pigment&src=typed&max_position=TWEET-984648352942952448-985009451504734210>
None
2018-04-14 02:33:23 [scrapy] DEBUG: Scraped from <200 https://twitter.com/i/search/timeline?l=&f=tweets&q=Eye%20Pigment&src=typed&max_position=TWEET-984648352942952448-985009451504734210>
None
2018-04-14 02:33:23 [scrapy] DEBUG: Scraped from <200 https://twitter.com/i/search/timeline?l=&f=tweets&q=Eye%20Pigment&src=typed&max_position=TWEET-984648352942952448-985009451504734210>
None
2018-04-14 02:33:23 [scrapy] DEBUG: Scraped from <200 https://twitter.com/i/search/timeline?l=&f=tweets&q=Eye%20Pigment&src=typed&max_position=TWEET-984648352942952448-985009451504734210>
None
2018-04-14 02:33:23 [scrapy] DEBUG: Scraped from <200 https://twitter.com/i/search/timeline?l=&f=tweets&q=Eye%20Pigment&src=typed&max_position=TWEET-984648352942952448-985009451504734210>
None
2018-04-14 02:33:23 [scrapy] DEBUG: Scraped from <200 https://twitter.com/i/search/timeline?l=&f=tweets&q=Eye%20Pigment&src=typed&max_position=TWEET-984648352942952448-985009451504734210>
None
2018-04-14 02:33:23 [scrapy] DEBUG: Scraped from <200 https://twitter.com/i/search/timeline?l=&f=tweets&q=Eye%20Pigment&src=typed&max_position=TWEET-984648352942952448-985009451504734210>
None
2018-04-14 02:33:23 [scrapy] DEBUG: Scraped from <200 https://twitter.com/i/search/timeline?l=&f=tweets&q=Eye%20Pigment&src=typed&max_position=TWEET-984648352942952448-985009451504734210>
None
2018-04-14 02:33:23 [scrapy] DEBUG: Scraped from <200 https://twitter.com/i/search/timeline?l=&f=tweets&q=Eye%20Pigment&src=typed&max_position=TWEET-984648352942952448-985009451504734210>
None
2018-04-14 02:33:23 [scrapy] DEBUG: Scraped from <200 https://twitter.com/i/search/timeline?l=&f=tweets&q=Eye%20Pigment&src=typed&max_position=TWEET-984648352942952448-985009451504734210>
None
2018-04-14 02:33:23 [scrapy] DEBUG: Scraped from <200 https://twitter.com/i/search/timeline?l=&f=tweets&q=Eye%20Pigment&src=typed&max_position=TWEET-984648352942952448-985009451504734210>
None
2018-04-14 02:33:24 [scrapy] DEBUG: Crawled (200) <GET https://twitter.com/i/search/timeline?l=&f=tweets&q=Eye%20Pigment&src=typed&max_position=TWEET-984314141492916224-985009451504734210> (referer: https://twitter.com/i/search/timeline?l=&f=tweets&q=Eye%20Pigment&src=typed&max_position=TWEET-984648352942952448-985009451504734210)
2018-04-14 02:33:24 [scrapy] DEBUG: Scraped from <200 https://twitter.com/i/search/timeline?l=&f=tweets&q=Eye%20Pigment&src=typed&max_position=TWEET-984314141492916224-985009451504734210>
None
2018-04-14 02:33:24 [scrapy] DEBUG: Scraped from <200 https://twitter.com/i/search/timeline?l=&f=tweets&q=Eye%20Pigment&src=typed&max_position=TWEET-984314141492916224-985009451504734210>
None
2018-04-14 02:33:25 [scrapy] DEBUG: Scraped from <200 https://twitter.com/i/search/timeline?l=&f=tweets&q=Eye%20Pigment&src=typed&max_position=TWEET-984314141492916224-985009451504734210>
None
2018-04-14 02:33:25 [scrapy] DEBUG: Scraped from <200 https://twitter.com/i/search/timeline?l=&f=tweets&q=Eye%20Pigment&src=typed&max_position=TWEET-984314141492916224-985009451504734210>
None
2018-04-14 02:33:25 [scrapy] DEBUG: Scraped from <200 https://twitter.com/i/search/timeline?l=&f=tweets&q=Eye%20Pigment&src=typed&max_position=TWEET-984314141492916224-985009451504734210>
None
2018-04-14 02:33:25 [scrapy] DEBUG: Scraped from <200 https://twitter.com/i/search/timeline?l=&f=tweets&q=Eye%20Pigment&src=typed&max_position=TWEET-984314141492916224-985009451504734210>
None
2018-04-14 02:33:25 [scrapy] DEBUG: Scraped from <200 https://twitter.com/i/search/timeline?l=&f=tweets&q=Eye%20Pigment&src=typed&max_position=TWEET-984314141492916224-985009451504734210>
None
2018-04-14 02:33:25 [scrapy] DEBUG: Scraped from <200 https://twitter.com/i/search/timeline?l=&f=tweets&q=Eye%20Pigment&src=typed&max_position=TWEET-984314141492916224-985009451504734210>
None
2018-04-14 02:33:25 [scrapy] DEBUG: Scraped from <200 https://twitter.com/i/search/timeline?l=&f=tweets&q=Eye%20Pigment&src=typed&max_position=TWEET-984314141492916224-985009451504734210>
None
2018-04-14 02:33:25 [scrapy] DEBUG: Scraped from <200 https://twitter.com/i/search/timeline?l=&f=tweets&q=Eye%20Pigment&src=typed&max_position=TWEET-984314141492916224-985009451504734210>
None
2018-04-14 02:33:25 [scrapy] DEBUG: Scraped from <200 https://twitter.com/i/search/timeline?l=&f=tweets&q=Eye%20Pigment&src=typed&max_position=TWEET-984314141492916224-985009451504734210>
None
2018-04-14 02:33:25 [scrapy] DEBUG: Scraped from <200 https://twitter.com/i/search/timeline?l=&f=tweets&q=Eye%20Pigment&src=typed&max_position=TWEET-984314141492916224-985009451504734210>
None
2018-04-14 02:33:25 [scrapy] DEBUG: Scraped from <200 https://twitter.com/i/search/timeline?l=&f=tweets&q=Eye%20Pigment&src=typed&max_position=TWEET-984314141492916224-985009451504734210>
None
2018-04-14 02:33:25 [scrapy] DEBUG: Scraped from <200 https://twitter.com/i/search/timeline?l=&f=tweets&q=Eye%20Pigment&src=typed&max_position=TWEET-984314141492916224-985009451504734210>
None
2018-04-14 02:33:26 [scrapy] DEBUG: Crawled (200) <GET https://twitter.com/i/search/timeline?l=&f=tweets&q=Eye%20Pigment&src=typed&max_position=TWEET-983963635251851264-985009451504734210> (referer: https://twitter.com/i/search/timeline?l=&f=tweets&q=Eye%20Pigment&src=typed&max_position=TWEET-984314141492916224-985009451504734210)
2018-04-14 02:33:27 [scrapy] DEBUG: Scraped from <200 https://twitter.com/i/search/timeline?l=&f=tweets&q=Eye%20Pigment&src=typed&max_position=TWEET-983963635251851264-985009451504734210>
None
2018-04-14 02:33:27 [scrapy] DEBUG: Scraped from <200 https://twitter.com/i/search/timeline?l=&f=tweets&q=Eye%20Pigment&src=typed&max_position=TWEET-983963635251851264-985009451504734210>
None
2018-04-14 02:33:27 [scrapy] DEBUG: Scraped from <200 https://twitter.com/i/search/timeline?l=&f=tweets&q=Eye%20Pigment&src=typed&max_position=TWEET-983963635251851264-985009451504734210>
None
2018-04-14 02:33:27 [scrapy] DEBUG: Scraped from <200 https://twitter.com/i/search/timeline?l=&f=tweets&q=Eye%20Pigment&src=typed&max_position=TWEET-983963635251851264-985009451504734210>
None
2018-04-14 02:33:27 [scrapy] DEBUG: Scraped from <200 https://twitter.com/i/search/timeline?l=&f=tweets&q=Eye%20Pigment&src=typed&max_position=TWEET-983963635251851264-985009451504734210>
None
2018-04-14 02:33:27 [scrapy] DEBUG: Scraped from <200 https://twitter.com/i/search/timeline?l=&f=tweets&q=Eye%20Pigment&src=typed&max_position=TWEET-983963635251851264-985009451504734210>
None
2018-04-14 02:33:27 [scrapy] DEBUG: Scraped from <200 https://twitter.com/i/search/timeline?l=&f=tweets&q=Eye%20Pigment&src=typed&max_position=TWEET-983963635251851264-985009451504734210>
None
2018-04-14 02:33:27 [scrapy] DEBUG: Scraped from <200 https://twitter.com/i/search/timeline?l=&f=tweets&q=Eye%20Pigment&src=typed&max_position=TWEET-983963635251851264-985009451504734210>
None
2018-04-14 02:33:27 [scrapy] DEBUG: Scraped from <200 https://twitter.com/i/search/timeline?l=&f=tweets&q=Eye%20Pigment&src=typed&max_position=TWEET-983963635251851264-985009451504734210>
None
2018-04-14 02:33:27 [scrapy] DEBUG: Scraped from <200 https://twitter.com/i/search/timeline?l=&f=tweets&q=Eye%20Pigment&src=typed&max_position=TWEET-983963635251851264-985009451504734210>
None
2018-04-14 02:33:28 [scrapy] DEBUG: Scraped from <200 https://twitter.com/i/search/timeline?l=&f=tweets&q=Eye%20Pigment&src=typed&max_position=TWEET-983963635251851264-985009451504734210>
None
2018-04-14 02:33:28 [scrapy] DEBUG: Scraped from <200 https://twitter.com/i/search/timeline?l=&f=tweets&q=Eye%20Pigment&src=typed&max_position=TWEET-983963635251851264-985009451504734210>
None
2018-04-14 02:33:28 [scrapy] DEBUG: Scraped from <200 https://twitter.com/i/search/timeline?l=&f=tweets&q=Eye%20Pigment&src=typed&max_position=TWEET-983963635251851264-985009451504734210>
None
2018-04-14 02:33:28 [scrapy] DEBUG: Scraped from <200 https://twitter.com/i/search/timeline?l=&f=tweets&q=Eye%20Pigment&src=typed&max_position=TWEET-983963635251851264-985009451504734210>
None
2018-04-14 02:33:28 [scrapy] DEBUG: Scraped from <200 https://twitter.com/i/search/timeline?l=&f=tweets&q=Eye%20Pigment&src=typed&max_position=TWEET-983963635251851264-985009451504734210>
None
2018-04-14 02:33:28 [scrapy] DEBUG: Scraped from <200 https://twitter.com/i/search/timeline?l=&f=tweets&q=Eye%20Pigment&src=typed&max_position=TWEET-983963635251851264-985009451504734210>
None
2018-04-14 02:33:29 [scrapy] DEBUG: Crawled (200) <GET https://twitter.com/i/search/timeline?l=&f=tweets&q=Eye%20Pigment&src=typed&max_position=TWEET-983517421381156864-985009451504734210> (referer: https://twitter.com/i/search/timeline?l=&f=tweets&q=Eye%20Pigment&src=typed&max_position=TWEET-983963635251851264-985009451504734210)
2018-04-14 02:33:29 [scrapy] DEBUG: Scraped from <200 https://twitter.com/i/search/timeline?l=&f=tweets&q=Eye%20Pigment&src=typed&max_position=TWEET-983517421381156864-985009451504734210>
None
2018-04-14 02:33:29 [scrapy] DEBUG: Scraped from <200 https://twitter.com/i/search/timeline?l=&f=tweets&q=Eye%20Pigment&src=typed&max_position=TWEET-983517421381156864-985009451504734210>
None
2018-04-14 02:33:29 [scrapy] DEBUG: Scraped from <200 https://twitter.com/i/search/timeline?l=&f=tweets&q=Eye%20Pigment&src=typed&max_position=TWEET-983517421381156864-985009451504734210>
None
2018-04-14 02:33:29 [scrapy] DEBUG: Scraped from <200 https://twitter.com/i/search/timeline?l=&f=tweets&q=Eye%20Pigment&src=typed&max_position=TWEET-983517421381156864-985009451504734210>
None
2018-04-14 02:33:29 [scrapy] DEBUG: Scraped from <200 https://twitter.com/i/search/timeline?l=&f=tweets&q=Eye%20Pigment&src=typed&max_position=TWEET-983517421381156864-985009451504734210>
None
2018-04-14 02:33:29 [scrapy] DEBUG: Scraped from <200 https://twitter.com/i/search/timeline?l=&f=tweets&q=Eye%20Pigment&src=typed&max_position=TWEET-983517421381156864-985009451504734210>
None
2018-04-14 02:33:30 [scrapy] DEBUG: Scraped from <200 https://twitter.com/i/search/timeline?l=&f=tweets&q=Eye%20Pigment&src=typed&max_position=TWEET-983517421381156864-985009451504734210>
None
2018-04-14 02:33:30 [scrapy] DEBUG: Scraped from <200 https://twitter.com/i/search/timeline?l=&f=tweets&q=Eye%20Pigment&src=typed&max_position=TWEET-983517421381156864-985009451504734210>
None
2018-04-14 02:33:30 [scrapy] DEBUG: Scraped from <200 https://twitter.com/i/search/timeline?l=&f=tweets&q=Eye%20Pigment&src=typed&max_position=TWEET-983517421381156864-985009451504734210>
None
2018-04-14 02:33:30 [scrapy] DEBUG: Scraped from <200 https://twitter.com/i/search/timeline?l=&f=tweets&q=Eye%20Pigment&src=typed&max_position=TWEET-983517421381156864-985009451504734210>
None
2018-04-14 02:33:30 [scrapy] DEBUG: Scraped from <200 https://twitter.com/i/search/timeline?l=&f=tweets&q=Eye%20Pigment&src=typed&max_position=TWEET-983517421381156864-985009451504734210>
None
2018-04-14 02:33:30 [scrapy] DEBUG: Scraped from <200 https://twitter.com/i/search/timeline?l=&f=tweets&q=Eye%20Pigment&src=typed&max_position=TWEET-983517421381156864-985009451504734210>
None
2018-04-14 02:33:30 [scrapy] DEBUG: Scraped from <200 https://twitter.com/i/search/timeline?l=&f=tweets&q=Eye%20Pigment&src=typed&max_position=TWEET-983517421381156864-985009451504734210>
None
2018-04-14 02:33:30 [scrapy] DEBUG: Scraped from <200 https://twitter.com/i/search/timeline?l=&f=tweets&q=Eye%20Pigment&src=typed&max_position=TWEET-983517421381156864-985009451504734210>
None
2018-04-14 02:33:31 [scrapy] DEBUG: Crawled (200) <GET https://twitter.com/i/search/timeline?l=&f=tweets&q=Eye%20Pigment&src=typed&max_position=TWEET-983110630382153728-985009451504734210> (referer: https://twitter.com/i/search/timeline?l=&f=tweets&q=Eye%20Pigment&src=typed&max_position=TWEET-983517421381156864-985009451504734210)
2018-04-14 02:33:31 [scrapy] DEBUG: Scraped from <200 https://twitter.com/i/search/timeline?l=&f=tweets&q=Eye%20Pigment&src=typed&max_position=TWEET-983110630382153728-985009451504734210>
None
2018-04-14 02:33:31 [scrapy] DEBUG: Scraped from <200 https://twitter.com/i/search/timeline?l=&f=tweets&q=Eye%20Pigment&src=typed&max_position=TWEET-983110630382153728-985009451504734210>
None
2018-04-14 02:33:31 [scrapy] DEBUG: Scraped from <200 https://twitter.com/i/search/timeline?l=&f=tweets&q=Eye%20Pigment&src=typed&max_position=TWEET-983110630382153728-985009451504734210>
None
2018-04-14 02:33:31 [scrapy] DEBUG: Scraped from <200 https://twitter.com/i/search/timeline?l=&f=tweets&q=Eye%20Pigment&src=typed&max_position=TWEET-983110630382153728-985009451504734210>
None
2018-04-14 02:33:31 [scrapy] DEBUG: Scraped from <200 https://twitter.com/i/search/timeline?l=&f=tweets&q=Eye%20Pigment&src=typed&max_position=TWEET-983110630382153728-985009451504734210>
None
2018-04-14 02:33:31 [scrapy] DEBUG: Scraped from <200 https://twitter.com/i/search/timeline?l=&f=tweets&q=Eye%20Pigment&src=typed&max_position=TWEET-983110630382153728-985009451504734210>
None
2018-04-14 02:33:32 [scrapy] DEBUG: Scraped from <200 https://twitter.com/i/search/timeline?l=&f=tweets&q=Eye%20Pigment&src=typed&max_position=TWEET-983110630382153728-985009451504734210>
None
2018-04-14 02:33:32 [scrapy] DEBUG: Scraped from <200 https://twitter.com/i/search/timeline?l=&f=tweets&q=Eye%20Pigment&src=typed&max_position=TWEET-983110630382153728-985009451504734210>
None
2018-04-14 02:33:32 [scrapy] DEBUG: Scraped from <200 https://twitter.com/i/search/timeline?l=&f=tweets&q=Eye%20Pigment&src=typed&max_position=TWEET-983110630382153728-985009451504734210>
None
2018-04-14 02:33:32 [scrapy] DEBUG: Scraped from <200 https://twitter.com/i/search/timeline?l=&f=tweets&q=Eye%20Pigment&src=typed&max_position=TWEET-983110630382153728-985009451504734210>
None
2018-04-14 02:33:32 [scrapy] DEBUG: Scraped from <200 https://twitter.com/i/search/timeline?l=&f=tweets&q=Eye%20Pigment&src=typed&max_position=TWEET-983110630382153728-985009451504734210>
None
2018-04-14 02:33:32 [scrapy] DEBUG: Scraped from <200 https://twitter.com/i/search/timeline?l=&f=tweets&q=Eye%20Pigment&src=typed&max_position=TWEET-983110630382153728-985009451504734210>
None
2018-04-14 02:33:32 [scrapy] DEBUG: Scraped from <200 https://twitter.com/i/search/timeline?l=&f=tweets&q=Eye%20Pigment&src=typed&max_position=TWEET-983110630382153728-985009451504734210>
None
2018-04-14 02:33:32 [scrapy] DEBUG: Scraped from <200 https://twitter.com/i/search/timeline?l=&f=tweets&q=Eye%20Pigment&src=typed&max_position=TWEET-983110630382153728-985009451504734210>
None
2018-04-14 02:33:32 [scrapy] DEBUG: Scraped from <200 https://twitter.com/i/search/timeline?l=&f=tweets&q=Eye%20Pigment&src=typed&max_position=TWEET-983110630382153728-985009451504734210>
None
2018-04-14 02:33:33 [scrapy] DEBUG: Crawled (200) <GET https://twitter.com/i/search/timeline?l=&f=tweets&q=Eye%20Pigment&src=typed&max_position=TWEET-982709345849769984-985009451504734210> (referer: https://twitter.com/i/search/timeline?l=&f=tweets&q=Eye%20Pigment&src=typed&max_position=TWEET-983110630382153728-985009451504734210)
2018-04-14 02:33:33 [scrapy] DEBUG: Scraped from <200 https://twitter.com/i/search/timeline?l=&f=tweets&q=Eye%20Pigment&src=typed&max_position=TWEET-982709345849769984-985009451504734210>
None
2018-04-14 02:33:33 [scrapy] DEBUG: Scraped from <200 https://twitter.com/i/search/timeline?l=&f=tweets&q=Eye%20Pigment&src=typed&max_position=TWEET-982709345849769984-985009451504734210>
None
2018-04-14 02:33:33 [scrapy] DEBUG: Scraped from <200 https://twitter.com/i/search/timeline?l=&f=tweets&q=Eye%20Pigment&src=typed&max_position=TWEET-982709345849769984-985009451504734210>
None
2018-04-14 02:33:34 [scrapy] DEBUG: Scraped from <200 https://twitter.com/i/search/timeline?l=&f=tweets&q=Eye%20Pigment&src=typed&max_position=TWEET-982709345849769984-985009451504734210>
None
2018-04-14 02:33:34 [scrapy] DEBUG: Scraped from <200 https://twitter.com/i/search/timeline?l=&f=tweets&q=Eye%20Pigment&src=typed&max_position=TWEET-982709345849769984-985009451504734210>
None
2018-04-14 02:33:34 [scrapy] DEBUG: Scraped from <200 https://twitter.com/i/search/timeline?l=&f=tweets&q=Eye%20Pigment&src=typed&max_position=TWEET-982709345849769984-985009451504734210>
None
2018-04-14 02:33:34 [scrapy] DEBUG: Scraped from <200 https://twitter.com/i/search/timeline?l=&f=tweets&q=Eye%20Pigment&src=typed&max_position=TWEET-982709345849769984-985009451504734210>
None
2018-04-14 02:33:34 [scrapy] DEBUG: Scraped from <200 https://twitter.com/i/search/timeline?l=&f=tweets&q=Eye%20Pigment&src=typed&max_position=TWEET-982709345849769984-985009451504734210>
None
2018-04-14 02:33:34 [scrapy] DEBUG: Scraped from <200 https://twitter.com/i/search/timeline?l=&f=tweets&q=Eye%20Pigment&src=typed&max_position=TWEET-982709345849769984-985009451504734210>
None
2018-04-14 02:33:34 [scrapy] DEBUG: Scraped from <200 https://twitter.com/i/search/timeline?l=&f=tweets&q=Eye%20Pigment&src=typed&max_position=TWEET-982709345849769984-985009451504734210>
None
2018-04-14 02:33:34 [scrapy] INFO: Closing spider (closespider_itemcount)
2018-04-14 02:33:34 [scrapy] DEBUG: Scraped from <200 https://twitter.com/i/search/timeline?l=&f=tweets&q=Eye%20Pigment&src=typed&max_position=TWEET-982709345849769984-985009451504734210>
None
2018-04-14 02:33:34 [scrapy] DEBUG: Scraped from <200 https://twitter.com/i/search/timeline?l=&f=tweets&q=Eye%20Pigment&src=typed&max_position=TWEET-982709345849769984-985009451504734210>
None
2018-04-14 02:33:34 [scrapy] INFO: Dumping Scrapy stats:
{'downloader/request_bytes': 5458,
 'downloader/request_count': 7,
 'downloader/request_method_count/GET': 7,
 'downloader/response_bytes': 101606,
 'downloader/response_count': 7,
 'downloader/response_status_count/200': 7,
 'finish_reason': 'closespider_itemcount',
 'finish_time': datetime.datetime(2018, 4, 14, 7, 33, 34, 788933),
 'item_scraped_count': 102,
 'log_count/DEBUG': 211,
 'log_count/ERROR': 102,
 'log_count/INFO': 6,
 'memusage/max': 58544128,
 'memusage/startup': 58544128,
 'request_depth_max': 7,
 'response_received_count': 7,
 'scheduler/dequeued': 7,
 'scheduler/dequeued/memory': 7,
 'scheduler/enqueued': 8,
 'scheduler/enqueued/memory': 8,
 'start_time': datetime.datetime(2018, 4, 14, 7, 33, 19, 27365)}
2018-04-14 02:33:34 [scrapy] INFO: Spider closed (closespider_itemcount)
