2018-04-13 22:50:42 [scrapy] DEBUG: Crawled (200) <GET https://twitter.com/i/search/timeline?l=&f=tweets&q=Sephora%20since%3A%202018-04-13&src=typed&max_position=> (referer: None)
2018-04-13 22:50:43 [scrapy] DEBUG: Crawled (200) <GET https://twitter.com/i/search/timeline?l=&f=tweets&q=Sephora%20since%3A%202018-04-13&src=typed&max_position=TWEET--> (referer: https://twitter.com/i/search/timeline?l=&f=tweets&q=Sephora%20since%3A%202018-04-13&src=typed&max_position=)
2018-04-13 22:50:43 [scrapy] DEBUG: Filtered duplicate request: <GET https://twitter.com/i/search/timeline?l=&f=tweets&q=Sephora%20since%3A%202018-04-13&src=typed&max_position=TWEET--> - no more duplicates will be shown (see DUPEFILTER_DEBUG to show all duplicates)
2018-04-13 22:50:43 [scrapy] INFO: Closing spider (finished)
2018-04-13 22:50:43 [scrapy] INFO: Dumping Scrapy stats:
{'downloader/request_bytes': 1106,
 'downloader/request_count': 2,
 'downloader/request_method_count/GET': 2,
 'downloader/response_bytes': 3093,
 'downloader/response_count': 2,
 'downloader/response_status_count/200': 2,
 'dupefilter/filtered': 1,
 'finish_reason': 'finished',
 'finish_time': datetime.datetime(2018, 4, 14, 3, 50, 43, 308200),
 'log_count/DEBUG': 3,
 'log_count/INFO': 6,
 'memusage/max': 49172480,
 'memusage/startup': 49172480,
 'request_depth_max': 2,
 'response_received_count': 2,
 'scheduler/dequeued': 2,
 'scheduler/dequeued/memory': 2,
 'scheduler/enqueued': 2,
 'scheduler/enqueued/memory': 2,
 'start_time': datetime.datetime(2018, 4, 14, 3, 50, 42, 126741)}
2018-04-13 22:50:43 [scrapy] INFO: Spider closed (finished)
