2018-04-14 14:52:28 [scrapy] DEBUG: Crawled (200) <GET https://twitter.com/i/search/timeline?l=en&f=tweets&q=MAKE%20UP%20FOR%20EVER%20Aqua%20Black%20Waterproof%20Cream%20Eye%20Shadow&src=typed&max_position=> (referer: None)
2018-04-14 14:52:29 [scrapy] DEBUG: Scraped from <200 https://twitter.com/i/search/timeline?l=en&f=tweets&q=MAKE%20UP%20FOR%20EVER%20Aqua%20Black%20Waterproof%20Cream%20Eye%20Shadow&src=typed&max_position=>
None
2018-04-14 14:52:29 [scrapy] DEBUG: Scraped from <200 https://twitter.com/i/search/timeline?l=en&f=tweets&q=MAKE%20UP%20FOR%20EVER%20Aqua%20Black%20Waterproof%20Cream%20Eye%20Shadow&src=typed&max_position=>
None
2018-04-14 14:52:29 [scrapy] DEBUG: Scraped from <200 https://twitter.com/i/search/timeline?l=en&f=tweets&q=MAKE%20UP%20FOR%20EVER%20Aqua%20Black%20Waterproof%20Cream%20Eye%20Shadow&src=typed&max_position=>
None
2018-04-14 14:52:29 [scrapy] DEBUG: Scraped from <200 https://twitter.com/i/search/timeline?l=en&f=tweets&q=MAKE%20UP%20FOR%20EVER%20Aqua%20Black%20Waterproof%20Cream%20Eye%20Shadow&src=typed&max_position=>
None
2018-04-14 14:52:29 [scrapy] DEBUG: Scraped from <200 https://twitter.com/i/search/timeline?l=en&f=tweets&q=MAKE%20UP%20FOR%20EVER%20Aqua%20Black%20Waterproof%20Cream%20Eye%20Shadow&src=typed&max_position=>
None
2018-04-14 14:52:29 [scrapy] DEBUG: Scraped from <200 https://twitter.com/i/search/timeline?l=en&f=tweets&q=MAKE%20UP%20FOR%20EVER%20Aqua%20Black%20Waterproof%20Cream%20Eye%20Shadow&src=typed&max_position=>
None
2018-04-14 14:52:29 [scrapy] DEBUG: Scraped from <200 https://twitter.com/i/search/timeline?l=en&f=tweets&q=MAKE%20UP%20FOR%20EVER%20Aqua%20Black%20Waterproof%20Cream%20Eye%20Shadow&src=typed&max_position=>
None
2018-04-14 14:52:29 [scrapy] DEBUG: Scraped from <200 https://twitter.com/i/search/timeline?l=en&f=tweets&q=MAKE%20UP%20FOR%20EVER%20Aqua%20Black%20Waterproof%20Cream%20Eye%20Shadow&src=typed&max_position=>
None
2018-04-14 14:52:29 [scrapy] DEBUG: Scraped from <200 https://twitter.com/i/search/timeline?l=en&f=tweets&q=MAKE%20UP%20FOR%20EVER%20Aqua%20Black%20Waterproof%20Cream%20Eye%20Shadow&src=typed&max_position=>
None
2018-04-14 14:52:29 [scrapy] DEBUG: Scraped from <200 https://twitter.com/i/search/timeline?l=en&f=tweets&q=MAKE%20UP%20FOR%20EVER%20Aqua%20Black%20Waterproof%20Cream%20Eye%20Shadow&src=typed&max_position=>
None
2018-04-14 14:52:29 [scrapy] DEBUG: Scraped from <200 https://twitter.com/i/search/timeline?l=en&f=tweets&q=MAKE%20UP%20FOR%20EVER%20Aqua%20Black%20Waterproof%20Cream%20Eye%20Shadow&src=typed&max_position=>
None
2018-04-14 14:52:29 [scrapy] DEBUG: Scraped from <200 https://twitter.com/i/search/timeline?l=en&f=tweets&q=MAKE%20UP%20FOR%20EVER%20Aqua%20Black%20Waterproof%20Cream%20Eye%20Shadow&src=typed&max_position=>
None
2018-04-14 14:52:29 [scrapy] DEBUG: Scraped from <200 https://twitter.com/i/search/timeline?l=en&f=tweets&q=MAKE%20UP%20FOR%20EVER%20Aqua%20Black%20Waterproof%20Cream%20Eye%20Shadow&src=typed&max_position=>
None
2018-04-14 14:52:29 [scrapy] DEBUG: Scraped from <200 https://twitter.com/i/search/timeline?l=en&f=tweets&q=MAKE%20UP%20FOR%20EVER%20Aqua%20Black%20Waterproof%20Cream%20Eye%20Shadow&src=typed&max_position=>
None
2018-04-14 14:52:29 [scrapy] DEBUG: Scraped from <200 https://twitter.com/i/search/timeline?l=en&f=tweets&q=MAKE%20UP%20FOR%20EVER%20Aqua%20Black%20Waterproof%20Cream%20Eye%20Shadow&src=typed&max_position=>
None
2018-04-14 14:52:29 [scrapy] DEBUG: Scraped from <200 https://twitter.com/i/search/timeline?l=en&f=tweets&q=MAKE%20UP%20FOR%20EVER%20Aqua%20Black%20Waterproof%20Cream%20Eye%20Shadow&src=typed&max_position=>
None
2018-04-14 14:52:29 [scrapy] DEBUG: Scraped from <200 https://twitter.com/i/search/timeline?l=en&f=tweets&q=MAKE%20UP%20FOR%20EVER%20Aqua%20Black%20Waterproof%20Cream%20Eye%20Shadow&src=typed&max_position=>
None
2018-04-14 14:52:29 [scrapy] DEBUG: Scraped from <200 https://twitter.com/i/search/timeline?l=en&f=tweets&q=MAKE%20UP%20FOR%20EVER%20Aqua%20Black%20Waterproof%20Cream%20Eye%20Shadow&src=typed&max_position=>
None
2018-04-14 14:52:30 [scrapy] DEBUG: Scraped from <200 https://twitter.com/i/search/timeline?l=en&f=tweets&q=MAKE%20UP%20FOR%20EVER%20Aqua%20Black%20Waterproof%20Cream%20Eye%20Shadow&src=typed&max_position=>
None
2018-04-14 14:52:30 [scrapy] DEBUG: Scraped from <200 https://twitter.com/i/search/timeline?l=en&f=tweets&q=MAKE%20UP%20FOR%20EVER%20Aqua%20Black%20Waterproof%20Cream%20Eye%20Shadow&src=typed&max_position=>
None
2018-04-14 14:52:30 [scrapy] DEBUG: Crawled (200) <GET https://twitter.com/i/search/timeline?l=en&f=tweets&q=MAKE%20UP%20FOR%20EVER%20Aqua%20Black%20Waterproof%20Cream%20Eye%20Shadow&src=typed&max_position=TWEET-293417857772036096-858355491260452864> (referer: https://twitter.com/i/search/timeline?l=en&f=tweets&q=MAKE%20UP%20FOR%20EVER%20Aqua%20Black%20Waterproof%20Cream%20Eye%20Shadow&src=typed&max_position=)
2018-04-14 14:52:30 [scrapy] DEBUG: Scraped from <200 https://twitter.com/i/search/timeline?l=en&f=tweets&q=MAKE%20UP%20FOR%20EVER%20Aqua%20Black%20Waterproof%20Cream%20Eye%20Shadow&src=typed&max_position=TWEET-293417857772036096-858355491260452864>
None
2018-04-14 14:52:30 [scrapy] DEBUG: Scraped from <200 https://twitter.com/i/search/timeline?l=en&f=tweets&q=MAKE%20UP%20FOR%20EVER%20Aqua%20Black%20Waterproof%20Cream%20Eye%20Shadow&src=typed&max_position=TWEET-293417857772036096-858355491260452864>
None
2018-04-14 14:52:30 [scrapy] DEBUG: Scraped from <200 https://twitter.com/i/search/timeline?l=en&f=tweets&q=MAKE%20UP%20FOR%20EVER%20Aqua%20Black%20Waterproof%20Cream%20Eye%20Shadow&src=typed&max_position=TWEET-293417857772036096-858355491260452864>
None
2018-04-14 14:52:31 [scrapy] DEBUG: Scraped from <200 https://twitter.com/i/search/timeline?l=en&f=tweets&q=MAKE%20UP%20FOR%20EVER%20Aqua%20Black%20Waterproof%20Cream%20Eye%20Shadow&src=typed&max_position=TWEET-293417857772036096-858355491260452864>
None
2018-04-14 14:52:31 [scrapy] DEBUG: Scraped from <200 https://twitter.com/i/search/timeline?l=en&f=tweets&q=MAKE%20UP%20FOR%20EVER%20Aqua%20Black%20Waterproof%20Cream%20Eye%20Shadow&src=typed&max_position=TWEET-293417857772036096-858355491260452864>
None
2018-04-14 14:52:31 [scrapy] DEBUG: Scraped from <200 https://twitter.com/i/search/timeline?l=en&f=tweets&q=MAKE%20UP%20FOR%20EVER%20Aqua%20Black%20Waterproof%20Cream%20Eye%20Shadow&src=typed&max_position=TWEET-293417857772036096-858355491260452864>
None
2018-04-14 14:52:31 [scrapy] DEBUG: Scraped from <200 https://twitter.com/i/search/timeline?l=en&f=tweets&q=MAKE%20UP%20FOR%20EVER%20Aqua%20Black%20Waterproof%20Cream%20Eye%20Shadow&src=typed&max_position=TWEET-293417857772036096-858355491260452864>
None
2018-04-14 14:52:31 [scrapy] DEBUG: Scraped from <200 https://twitter.com/i/search/timeline?l=en&f=tweets&q=MAKE%20UP%20FOR%20EVER%20Aqua%20Black%20Waterproof%20Cream%20Eye%20Shadow&src=typed&max_position=TWEET-293417857772036096-858355491260452864>
None
2018-04-14 14:52:31 [scrapy] DEBUG: Scraped from <200 https://twitter.com/i/search/timeline?l=en&f=tweets&q=MAKE%20UP%20FOR%20EVER%20Aqua%20Black%20Waterproof%20Cream%20Eye%20Shadow&src=typed&max_position=TWEET-293417857772036096-858355491260452864>
None
2018-04-14 14:52:31 [scrapy] DEBUG: Scraped from <200 https://twitter.com/i/search/timeline?l=en&f=tweets&q=MAKE%20UP%20FOR%20EVER%20Aqua%20Black%20Waterproof%20Cream%20Eye%20Shadow&src=typed&max_position=TWEET-293417857772036096-858355491260452864>
None
2018-04-14 14:52:31 [scrapy] DEBUG: Scraped from <200 https://twitter.com/i/search/timeline?l=en&f=tweets&q=MAKE%20UP%20FOR%20EVER%20Aqua%20Black%20Waterproof%20Cream%20Eye%20Shadow&src=typed&max_position=TWEET-293417857772036096-858355491260452864>
None
2018-04-14 14:52:31 [scrapy] DEBUG: Scraped from <200 https://twitter.com/i/search/timeline?l=en&f=tweets&q=MAKE%20UP%20FOR%20EVER%20Aqua%20Black%20Waterproof%20Cream%20Eye%20Shadow&src=typed&max_position=TWEET-293417857772036096-858355491260452864>
None
2018-04-14 14:52:31 [scrapy] DEBUG: Scraped from <200 https://twitter.com/i/search/timeline?l=en&f=tweets&q=MAKE%20UP%20FOR%20EVER%20Aqua%20Black%20Waterproof%20Cream%20Eye%20Shadow&src=typed&max_position=TWEET-293417857772036096-858355491260452864>
None
2018-04-14 14:52:31 [scrapy] DEBUG: Scraped from <200 https://twitter.com/i/search/timeline?l=en&f=tweets&q=MAKE%20UP%20FOR%20EVER%20Aqua%20Black%20Waterproof%20Cream%20Eye%20Shadow&src=typed&max_position=TWEET-293417857772036096-858355491260452864>
None
2018-04-14 14:52:31 [scrapy] DEBUG: Scraped from <200 https://twitter.com/i/search/timeline?l=en&f=tweets&q=MAKE%20UP%20FOR%20EVER%20Aqua%20Black%20Waterproof%20Cream%20Eye%20Shadow&src=typed&max_position=TWEET-293417857772036096-858355491260452864>
None
2018-04-14 14:52:31 [scrapy] DEBUG: Scraped from <200 https://twitter.com/i/search/timeline?l=en&f=tweets&q=MAKE%20UP%20FOR%20EVER%20Aqua%20Black%20Waterproof%20Cream%20Eye%20Shadow&src=typed&max_position=TWEET-293417857772036096-858355491260452864>
None
2018-04-14 14:52:31 [scrapy] DEBUG: Scraped from <200 https://twitter.com/i/search/timeline?l=en&f=tweets&q=MAKE%20UP%20FOR%20EVER%20Aqua%20Black%20Waterproof%20Cream%20Eye%20Shadow&src=typed&max_position=TWEET-293417857772036096-858355491260452864>
None
2018-04-14 14:52:31 [scrapy] DEBUG: Scraped from <200 https://twitter.com/i/search/timeline?l=en&f=tweets&q=MAKE%20UP%20FOR%20EVER%20Aqua%20Black%20Waterproof%20Cream%20Eye%20Shadow&src=typed&max_position=TWEET-293417857772036096-858355491260452864>
None
2018-04-14 14:52:31 [scrapy] DEBUG: Scraped from <200 https://twitter.com/i/search/timeline?l=en&f=tweets&q=MAKE%20UP%20FOR%20EVER%20Aqua%20Black%20Waterproof%20Cream%20Eye%20Shadow&src=typed&max_position=TWEET-293417857772036096-858355491260452864>
None
2018-04-14 14:52:31 [scrapy] DEBUG: Scraped from <200 https://twitter.com/i/search/timeline?l=en&f=tweets&q=MAKE%20UP%20FOR%20EVER%20Aqua%20Black%20Waterproof%20Cream%20Eye%20Shadow&src=typed&max_position=TWEET-293417857772036096-858355491260452864>
None
2018-04-14 14:52:32 [scrapy] DEBUG: Crawled (200) <GET https://twitter.com/i/search/timeline?l=en&f=tweets&q=MAKE%20UP%20FOR%20EVER%20Aqua%20Black%20Waterproof%20Cream%20Eye%20Shadow&src=typed&max_position=TWEET-238003820389609472-858355491260452864> (referer: https://twitter.com/i/search/timeline?l=en&f=tweets&q=MAKE%20UP%20FOR%20EVER%20Aqua%20Black%20Waterproof%20Cream%20Eye%20Shadow&src=typed&max_position=TWEET-293417857772036096-858355491260452864)
2018-04-14 14:52:32 [scrapy] DEBUG: Scraped from <200 https://twitter.com/i/search/timeline?l=en&f=tweets&q=MAKE%20UP%20FOR%20EVER%20Aqua%20Black%20Waterproof%20Cream%20Eye%20Shadow&src=typed&max_position=TWEET-238003820389609472-858355491260452864>
None
2018-04-14 14:52:32 [scrapy] DEBUG: Scraped from <200 https://twitter.com/i/search/timeline?l=en&f=tweets&q=MAKE%20UP%20FOR%20EVER%20Aqua%20Black%20Waterproof%20Cream%20Eye%20Shadow&src=typed&max_position=TWEET-238003820389609472-858355491260452864>
None
2018-04-14 14:52:32 [scrapy] DEBUG: Scraped from <200 https://twitter.com/i/search/timeline?l=en&f=tweets&q=MAKE%20UP%20FOR%20EVER%20Aqua%20Black%20Waterproof%20Cream%20Eye%20Shadow&src=typed&max_position=TWEET-238003820389609472-858355491260452864>
None
2018-04-14 14:52:32 [scrapy] DEBUG: Scraped from <200 https://twitter.com/i/search/timeline?l=en&f=tweets&q=MAKE%20UP%20FOR%20EVER%20Aqua%20Black%20Waterproof%20Cream%20Eye%20Shadow&src=typed&max_position=TWEET-238003820389609472-858355491260452864>
None
2018-04-14 14:52:32 [scrapy] DEBUG: Scraped from <200 https://twitter.com/i/search/timeline?l=en&f=tweets&q=MAKE%20UP%20FOR%20EVER%20Aqua%20Black%20Waterproof%20Cream%20Eye%20Shadow&src=typed&max_position=TWEET-238003820389609472-858355491260452864>
None
2018-04-14 14:52:32 [scrapy] DEBUG: Scraped from <200 https://twitter.com/i/search/timeline?l=en&f=tweets&q=MAKE%20UP%20FOR%20EVER%20Aqua%20Black%20Waterproof%20Cream%20Eye%20Shadow&src=typed&max_position=TWEET-238003820389609472-858355491260452864>
None
2018-04-14 14:52:32 [scrapy] DEBUG: Scraped from <200 https://twitter.com/i/search/timeline?l=en&f=tweets&q=MAKE%20UP%20FOR%20EVER%20Aqua%20Black%20Waterproof%20Cream%20Eye%20Shadow&src=typed&max_position=TWEET-238003820389609472-858355491260452864>
None
2018-04-14 14:52:32 [scrapy] DEBUG: Scraped from <200 https://twitter.com/i/search/timeline?l=en&f=tweets&q=MAKE%20UP%20FOR%20EVER%20Aqua%20Black%20Waterproof%20Cream%20Eye%20Shadow&src=typed&max_position=TWEET-238003820389609472-858355491260452864>
None
2018-04-14 14:52:33 [scrapy] DEBUG: Scraped from <200 https://twitter.com/i/search/timeline?l=en&f=tweets&q=MAKE%20UP%20FOR%20EVER%20Aqua%20Black%20Waterproof%20Cream%20Eye%20Shadow&src=typed&max_position=TWEET-238003820389609472-858355491260452864>
None
2018-04-14 14:52:33 [scrapy] DEBUG: Scraped from <200 https://twitter.com/i/search/timeline?l=en&f=tweets&q=MAKE%20UP%20FOR%20EVER%20Aqua%20Black%20Waterproof%20Cream%20Eye%20Shadow&src=typed&max_position=TWEET-238003820389609472-858355491260452864>
None
2018-04-14 14:52:33 [scrapy] DEBUG: Scraped from <200 https://twitter.com/i/search/timeline?l=en&f=tweets&q=MAKE%20UP%20FOR%20EVER%20Aqua%20Black%20Waterproof%20Cream%20Eye%20Shadow&src=typed&max_position=TWEET-238003820389609472-858355491260452864>
None
2018-04-14 14:52:33 [scrapy] DEBUG: Scraped from <200 https://twitter.com/i/search/timeline?l=en&f=tweets&q=MAKE%20UP%20FOR%20EVER%20Aqua%20Black%20Waterproof%20Cream%20Eye%20Shadow&src=typed&max_position=TWEET-238003820389609472-858355491260452864>
None
2018-04-14 14:52:33 [scrapy] DEBUG: Scraped from <200 https://twitter.com/i/search/timeline?l=en&f=tweets&q=MAKE%20UP%20FOR%20EVER%20Aqua%20Black%20Waterproof%20Cream%20Eye%20Shadow&src=typed&max_position=TWEET-238003820389609472-858355491260452864>
None
2018-04-14 14:52:33 [scrapy] DEBUG: Scraped from <200 https://twitter.com/i/search/timeline?l=en&f=tweets&q=MAKE%20UP%20FOR%20EVER%20Aqua%20Black%20Waterproof%20Cream%20Eye%20Shadow&src=typed&max_position=TWEET-238003820389609472-858355491260452864>
None
2018-04-14 14:52:33 [scrapy] DEBUG: Scraped from <200 https://twitter.com/i/search/timeline?l=en&f=tweets&q=MAKE%20UP%20FOR%20EVER%20Aqua%20Black%20Waterproof%20Cream%20Eye%20Shadow&src=typed&max_position=TWEET-238003820389609472-858355491260452864>
None
2018-04-14 14:52:33 [scrapy] DEBUG: Scraped from <200 https://twitter.com/i/search/timeline?l=en&f=tweets&q=MAKE%20UP%20FOR%20EVER%20Aqua%20Black%20Waterproof%20Cream%20Eye%20Shadow&src=typed&max_position=TWEET-238003820389609472-858355491260452864>
None
2018-04-14 14:52:33 [scrapy] DEBUG: Scraped from <200 https://twitter.com/i/search/timeline?l=en&f=tweets&q=MAKE%20UP%20FOR%20EVER%20Aqua%20Black%20Waterproof%20Cream%20Eye%20Shadow&src=typed&max_position=TWEET-238003820389609472-858355491260452864>
None
2018-04-14 14:52:33 [scrapy] DEBUG: Scraped from <200 https://twitter.com/i/search/timeline?l=en&f=tweets&q=MAKE%20UP%20FOR%20EVER%20Aqua%20Black%20Waterproof%20Cream%20Eye%20Shadow&src=typed&max_position=TWEET-238003820389609472-858355491260452864>
None
2018-04-14 14:52:33 [scrapy] DEBUG: Scraped from <200 https://twitter.com/i/search/timeline?l=en&f=tweets&q=MAKE%20UP%20FOR%20EVER%20Aqua%20Black%20Waterproof%20Cream%20Eye%20Shadow&src=typed&max_position=TWEET-238003820389609472-858355491260452864>
None
2018-04-14 14:52:33 [scrapy] DEBUG: Scraped from <200 https://twitter.com/i/search/timeline?l=en&f=tweets&q=MAKE%20UP%20FOR%20EVER%20Aqua%20Black%20Waterproof%20Cream%20Eye%20Shadow&src=typed&max_position=TWEET-238003820389609472-858355491260452864>
None
2018-04-14 14:52:34 [scrapy] DEBUG: Crawled (200) <GET https://twitter.com/i/search/timeline?l=en&f=tweets&q=MAKE%20UP%20FOR%20EVER%20Aqua%20Black%20Waterproof%20Cream%20Eye%20Shadow&src=typed&max_position=TWEET-36653679679381504-858355491260452864> (referer: https://twitter.com/i/search/timeline?l=en&f=tweets&q=MAKE%20UP%20FOR%20EVER%20Aqua%20Black%20Waterproof%20Cream%20Eye%20Shadow&src=typed&max_position=TWEET-238003820389609472-858355491260452864)
2018-04-14 14:52:34 [scrapy] DEBUG: Scraped from <200 https://twitter.com/i/search/timeline?l=en&f=tweets&q=MAKE%20UP%20FOR%20EVER%20Aqua%20Black%20Waterproof%20Cream%20Eye%20Shadow&src=typed&max_position=TWEET-36653679679381504-858355491260452864>
None
2018-04-14 14:52:34 [scrapy] DEBUG: Scraped from <200 https://twitter.com/i/search/timeline?l=en&f=tweets&q=MAKE%20UP%20FOR%20EVER%20Aqua%20Black%20Waterproof%20Cream%20Eye%20Shadow&src=typed&max_position=TWEET-36653679679381504-858355491260452864>
None
2018-04-14 14:52:34 [scrapy] DEBUG: Scraped from <200 https://twitter.com/i/search/timeline?l=en&f=tweets&q=MAKE%20UP%20FOR%20EVER%20Aqua%20Black%20Waterproof%20Cream%20Eye%20Shadow&src=typed&max_position=TWEET-36653679679381504-858355491260452864>
None
2018-04-14 14:52:34 [scrapy] DEBUG: Scraped from <200 https://twitter.com/i/search/timeline?l=en&f=tweets&q=MAKE%20UP%20FOR%20EVER%20Aqua%20Black%20Waterproof%20Cream%20Eye%20Shadow&src=typed&max_position=TWEET-36653679679381504-858355491260452864>
None
2018-04-14 14:52:34 [scrapy] DEBUG: Scraped from <200 https://twitter.com/i/search/timeline?l=en&f=tweets&q=MAKE%20UP%20FOR%20EVER%20Aqua%20Black%20Waterproof%20Cream%20Eye%20Shadow&src=typed&max_position=TWEET-36653679679381504-858355491260452864>
None
2018-04-14 14:52:34 [scrapy] DEBUG: Scraped from <200 https://twitter.com/i/search/timeline?l=en&f=tweets&q=MAKE%20UP%20FOR%20EVER%20Aqua%20Black%20Waterproof%20Cream%20Eye%20Shadow&src=typed&max_position=TWEET-36653679679381504-858355491260452864>
None
2018-04-14 14:52:34 [scrapy] DEBUG: Scraped from <200 https://twitter.com/i/search/timeline?l=en&f=tweets&q=MAKE%20UP%20FOR%20EVER%20Aqua%20Black%20Waterproof%20Cream%20Eye%20Shadow&src=typed&max_position=TWEET-36653679679381504-858355491260452864>
None
2018-04-14 14:52:34 [scrapy] DEBUG: Scraped from <200 https://twitter.com/i/search/timeline?l=en&f=tweets&q=MAKE%20UP%20FOR%20EVER%20Aqua%20Black%20Waterproof%20Cream%20Eye%20Shadow&src=typed&max_position=TWEET-36653679679381504-858355491260452864>
None
2018-04-14 14:52:34 [scrapy] DEBUG: Scraped from <200 https://twitter.com/i/search/timeline?l=en&f=tweets&q=MAKE%20UP%20FOR%20EVER%20Aqua%20Black%20Waterproof%20Cream%20Eye%20Shadow&src=typed&max_position=TWEET-36653679679381504-858355491260452864>
None
2018-04-14 14:52:34 [scrapy] DEBUG: Scraped from <200 https://twitter.com/i/search/timeline?l=en&f=tweets&q=MAKE%20UP%20FOR%20EVER%20Aqua%20Black%20Waterproof%20Cream%20Eye%20Shadow&src=typed&max_position=TWEET-36653679679381504-858355491260452864>
None
2018-04-14 14:52:34 [scrapy] DEBUG: Scraped from <200 https://twitter.com/i/search/timeline?l=en&f=tweets&q=MAKE%20UP%20FOR%20EVER%20Aqua%20Black%20Waterproof%20Cream%20Eye%20Shadow&src=typed&max_position=TWEET-36653679679381504-858355491260452864>
None
2018-04-14 14:52:34 [scrapy] DEBUG: Crawled (200) <GET https://twitter.com/i/search/timeline?l=en&f=tweets&q=MAKE%20UP%20FOR%20EVER%20Aqua%20Black%20Waterproof%20Cream%20Eye%20Shadow&src=typed&max_position=TWEET-1665867435-858355491260452864> (referer: https://twitter.com/i/search/timeline?l=en&f=tweets&q=MAKE%20UP%20FOR%20EVER%20Aqua%20Black%20Waterproof%20Cream%20Eye%20Shadow&src=typed&max_position=TWEET-36653679679381504-858355491260452864)
2018-04-14 14:52:35 [scrapy] DEBUG: Filtered duplicate request: <GET https://twitter.com/i/search/timeline?l=en&f=tweets&q=MAKE%20UP%20FOR%20EVER%20Aqua%20Black%20Waterproof%20Cream%20Eye%20Shadow&src=typed&max_position=TWEET-1665867435-858355491260452864> - no more duplicates will be shown (see DUPEFILTER_DEBUG to show all duplicates)
2018-04-14 14:52:35 [scrapy] INFO: Closing spider (finished)
2018-04-14 14:52:35 [scrapy] INFO: Dumping Scrapy stats:
{'downloader/request_bytes': 4258,
 'downloader/request_count': 5,
 'downloader/request_method_count/GET': 5,
 'downloader/response_bytes': 44385,
 'downloader/response_count': 5,
 'downloader/response_status_count/200': 5,
 'dupefilter/filtered': 1,
 'finish_reason': 'finished',
 'finish_time': datetime.datetime(2018, 4, 14, 19, 52, 35, 31235),
 'item_scraped_count': 71,
 'log_count/DEBUG': 148,
 'log_count/ERROR': 71,
 'log_count/INFO': 6,
 'memusage/max': 63221760,
 'memusage/startup': 63221760,
 'request_depth_max': 5,
 'response_received_count': 5,
 'scheduler/dequeued': 5,
 'scheduler/dequeued/memory': 5,
 'scheduler/enqueued': 5,
 'scheduler/enqueued/memory': 5,
 'start_time': datetime.datetime(2018, 4, 14, 19, 52, 27, 894881)}
2018-04-14 14:52:35 [scrapy] INFO: Spider closed (finished)
