2018-04-14 15:11:44 [scrapy] DEBUG: Crawled (200) <GET https://twitter.com/i/search/timeline?l=en&f=tweets&q=%22Metallist%20Liquid%20Foil%20%26%20Glitter%20Eye%20Shadow%20Duo%22&src=typed&max_position=> (referer: None)
2018-04-14 15:11:44 [scrapy] DEBUG: Scraped from <200 https://twitter.com/i/search/timeline?l=en&f=tweets&q=%22Metallist%20Liquid%20Foil%20%26%20Glitter%20Eye%20Shadow%20Duo%22&src=typed&max_position=>
None
2018-04-14 15:11:44 [scrapy] DEBUG: Scraped from <200 https://twitter.com/i/search/timeline?l=en&f=tweets&q=%22Metallist%20Liquid%20Foil%20%26%20Glitter%20Eye%20Shadow%20Duo%22&src=typed&max_position=>
None
2018-04-14 15:11:44 [scrapy] DEBUG: Scraped from <200 https://twitter.com/i/search/timeline?l=en&f=tweets&q=%22Metallist%20Liquid%20Foil%20%26%20Glitter%20Eye%20Shadow%20Duo%22&src=typed&max_position=>
None
2018-04-14 15:11:44 [scrapy] DEBUG: Scraped from <200 https://twitter.com/i/search/timeline?l=en&f=tweets&q=%22Metallist%20Liquid%20Foil%20%26%20Glitter%20Eye%20Shadow%20Duo%22&src=typed&max_position=>
None
2018-04-14 15:11:44 [scrapy] DEBUG: Scraped from <200 https://twitter.com/i/search/timeline?l=en&f=tweets&q=%22Metallist%20Liquid%20Foil%20%26%20Glitter%20Eye%20Shadow%20Duo%22&src=typed&max_position=>
None
2018-04-14 15:11:44 [scrapy] DEBUG: Scraped from <200 https://twitter.com/i/search/timeline?l=en&f=tweets&q=%22Metallist%20Liquid%20Foil%20%26%20Glitter%20Eye%20Shadow%20Duo%22&src=typed&max_position=>
None
2018-04-14 15:11:44 [scrapy] DEBUG: Scraped from <200 https://twitter.com/i/search/timeline?l=en&f=tweets&q=%22Metallist%20Liquid%20Foil%20%26%20Glitter%20Eye%20Shadow%20Duo%22&src=typed&max_position=>
None
2018-04-14 15:11:44 [scrapy] DEBUG: Scraped from <200 https://twitter.com/i/search/timeline?l=en&f=tweets&q=%22Metallist%20Liquid%20Foil%20%26%20Glitter%20Eye%20Shadow%20Duo%22&src=typed&max_position=>
None
2018-04-14 15:11:44 [scrapy] DEBUG: Scraped from <200 https://twitter.com/i/search/timeline?l=en&f=tweets&q=%22Metallist%20Liquid%20Foil%20%26%20Glitter%20Eye%20Shadow%20Duo%22&src=typed&max_position=>
None
2018-04-14 15:11:44 [scrapy] DEBUG: Scraped from <200 https://twitter.com/i/search/timeline?l=en&f=tweets&q=%22Metallist%20Liquid%20Foil%20%26%20Glitter%20Eye%20Shadow%20Duo%22&src=typed&max_position=>
None
2018-04-14 15:11:44 [scrapy] DEBUG: Scraped from <200 https://twitter.com/i/search/timeline?l=en&f=tweets&q=%22Metallist%20Liquid%20Foil%20%26%20Glitter%20Eye%20Shadow%20Duo%22&src=typed&max_position=>
None
2018-04-14 15:11:45 [scrapy] DEBUG: Crawled (200) <GET https://twitter.com/i/search/timeline?l=en&f=tweets&q=%22Metallist%20Liquid%20Foil%20%26%20Glitter%20Eye%20Shadow%20Duo%22&src=typed&max_position=TWEET-814683099023818752-973700248605347840> (referer: https://twitter.com/i/search/timeline?l=en&f=tweets&q=%22Metallist%20Liquid%20Foil%20%26%20Glitter%20Eye%20Shadow%20Duo%22&src=typed&max_position=)
2018-04-14 15:11:45 [scrapy] DEBUG: Scraped from <200 https://twitter.com/i/search/timeline?l=en&f=tweets&q=%22Metallist%20Liquid%20Foil%20%26%20Glitter%20Eye%20Shadow%20Duo%22&src=typed&max_position=TWEET-814683099023818752-973700248605347840>
None
2018-04-14 15:11:45 [scrapy] DEBUG: Scraped from <200 https://twitter.com/i/search/timeline?l=en&f=tweets&q=%22Metallist%20Liquid%20Foil%20%26%20Glitter%20Eye%20Shadow%20Duo%22&src=typed&max_position=TWEET-814683099023818752-973700248605347840>
None
2018-04-14 15:11:45 [scrapy] DEBUG: Scraped from <200 https://twitter.com/i/search/timeline?l=en&f=tweets&q=%22Metallist%20Liquid%20Foil%20%26%20Glitter%20Eye%20Shadow%20Duo%22&src=typed&max_position=TWEET-814683099023818752-973700248605347840>
None
2018-04-14 15:11:45 [scrapy] DEBUG: Scraped from <200 https://twitter.com/i/search/timeline?l=en&f=tweets&q=%22Metallist%20Liquid%20Foil%20%26%20Glitter%20Eye%20Shadow%20Duo%22&src=typed&max_position=TWEET-814683099023818752-973700248605347840>
None
2018-04-14 15:11:45 [scrapy] DEBUG: Scraped from <200 https://twitter.com/i/search/timeline?l=en&f=tweets&q=%22Metallist%20Liquid%20Foil%20%26%20Glitter%20Eye%20Shadow%20Duo%22&src=typed&max_position=TWEET-814683099023818752-973700248605347840>
None
2018-04-14 15:11:45 [scrapy] DEBUG: Scraped from <200 https://twitter.com/i/search/timeline?l=en&f=tweets&q=%22Metallist%20Liquid%20Foil%20%26%20Glitter%20Eye%20Shadow%20Duo%22&src=typed&max_position=TWEET-814683099023818752-973700248605347840>
None
2018-04-14 15:11:45 [scrapy] DEBUG: Scraped from <200 https://twitter.com/i/search/timeline?l=en&f=tweets&q=%22Metallist%20Liquid%20Foil%20%26%20Glitter%20Eye%20Shadow%20Duo%22&src=typed&max_position=TWEET-814683099023818752-973700248605347840>
None
2018-04-14 15:11:45 [scrapy] DEBUG: Scraped from <200 https://twitter.com/i/search/timeline?l=en&f=tweets&q=%22Metallist%20Liquid%20Foil%20%26%20Glitter%20Eye%20Shadow%20Duo%22&src=typed&max_position=TWEET-814683099023818752-973700248605347840>
None
2018-04-14 15:11:46 [scrapy] DEBUG: Scraped from <200 https://twitter.com/i/search/timeline?l=en&f=tweets&q=%22Metallist%20Liquid%20Foil%20%26%20Glitter%20Eye%20Shadow%20Duo%22&src=typed&max_position=TWEET-814683099023818752-973700248605347840>
None
2018-04-14 15:11:46 [scrapy] DEBUG: Scraped from <200 https://twitter.com/i/search/timeline?l=en&f=tweets&q=%22Metallist%20Liquid%20Foil%20%26%20Glitter%20Eye%20Shadow%20Duo%22&src=typed&max_position=TWEET-814683099023818752-973700248605347840>
None
2018-04-14 15:11:46 [scrapy] DEBUG: Scraped from <200 https://twitter.com/i/search/timeline?l=en&f=tweets&q=%22Metallist%20Liquid%20Foil%20%26%20Glitter%20Eye%20Shadow%20Duo%22&src=typed&max_position=TWEET-814683099023818752-973700248605347840>
None
2018-04-14 15:11:46 [scrapy] DEBUG: Scraped from <200 https://twitter.com/i/search/timeline?l=en&f=tweets&q=%22Metallist%20Liquid%20Foil%20%26%20Glitter%20Eye%20Shadow%20Duo%22&src=typed&max_position=TWEET-814683099023818752-973700248605347840>
None
2018-04-14 15:11:46 [scrapy] DEBUG: Scraped from <200 https://twitter.com/i/search/timeline?l=en&f=tweets&q=%22Metallist%20Liquid%20Foil%20%26%20Glitter%20Eye%20Shadow%20Duo%22&src=typed&max_position=TWEET-814683099023818752-973700248605347840>
None
2018-04-14 15:11:46 [scrapy] DEBUG: Crawled (200) <GET https://twitter.com/i/search/timeline?l=en&f=tweets&q=%22Metallist%20Liquid%20Foil%20%26%20Glitter%20Eye%20Shadow%20Duo%22&src=typed&max_position=TWEET-761679016084447232-973700248605347840> (referer: https://twitter.com/i/search/timeline?l=en&f=tweets&q=%22Metallist%20Liquid%20Foil%20%26%20Glitter%20Eye%20Shadow%20Duo%22&src=typed&max_position=TWEET-814683099023818752-973700248605347840)
2018-04-14 15:11:46 [scrapy] DEBUG: Scraped from <200 https://twitter.com/i/search/timeline?l=en&f=tweets&q=%22Metallist%20Liquid%20Foil%20%26%20Glitter%20Eye%20Shadow%20Duo%22&src=typed&max_position=TWEET-761679016084447232-973700248605347840>
None
2018-04-14 15:11:46 [scrapy] DEBUG: Scraped from <200 https://twitter.com/i/search/timeline?l=en&f=tweets&q=%22Metallist%20Liquid%20Foil%20%26%20Glitter%20Eye%20Shadow%20Duo%22&src=typed&max_position=TWEET-761679016084447232-973700248605347840>
None
2018-04-14 15:11:46 [scrapy] DEBUG: Scraped from <200 https://twitter.com/i/search/timeline?l=en&f=tweets&q=%22Metallist%20Liquid%20Foil%20%26%20Glitter%20Eye%20Shadow%20Duo%22&src=typed&max_position=TWEET-761679016084447232-973700248605347840>
None
2018-04-14 15:11:46 [scrapy] DEBUG: Scraped from <200 https://twitter.com/i/search/timeline?l=en&f=tweets&q=%22Metallist%20Liquid%20Foil%20%26%20Glitter%20Eye%20Shadow%20Duo%22&src=typed&max_position=TWEET-761679016084447232-973700248605347840>
None
2018-04-14 15:11:47 [scrapy] DEBUG: Scraped from <200 https://twitter.com/i/search/timeline?l=en&f=tweets&q=%22Metallist%20Liquid%20Foil%20%26%20Glitter%20Eye%20Shadow%20Duo%22&src=typed&max_position=TWEET-761679016084447232-973700248605347840>
None
2018-04-14 15:11:47 [scrapy] DEBUG: Crawled (200) <GET https://twitter.com/i/search/timeline?l=en&f=tweets&q=%22Metallist%20Liquid%20Foil%20%26%20Glitter%20Eye%20Shadow%20Duo%22&src=typed&max_position=TWEET-753597377290891264-973700248605347840> (referer: https://twitter.com/i/search/timeline?l=en&f=tweets&q=%22Metallist%20Liquid%20Foil%20%26%20Glitter%20Eye%20Shadow%20Duo%22&src=typed&max_position=TWEET-761679016084447232-973700248605347840)
2018-04-14 15:11:47 [scrapy] DEBUG: Filtered duplicate request: <GET https://twitter.com/i/search/timeline?l=en&f=tweets&q=%22Metallist%20Liquid%20Foil%20%26%20Glitter%20Eye%20Shadow%20Duo%22&src=typed&max_position=TWEET-753597377290891264-973700248605347840> - no more duplicates will be shown (see DUPEFILTER_DEBUG to show all duplicates)
2018-04-14 15:11:47 [scrapy] INFO: Closing spider (finished)
2018-04-14 15:11:47 [scrapy] INFO: Dumping Scrapy stats:
{'downloader/request_bytes': 3235,
 'downloader/request_count': 4,
 'downloader/request_method_count/GET': 4,
 'downloader/response_bytes': 28450,
 'downloader/response_count': 4,
 'downloader/response_status_count/200': 4,
 'dupefilter/filtered': 1,
 'finish_reason': 'finished',
 'finish_time': datetime.datetime(2018, 4, 14, 20, 11, 47, 346570),
 'item_scraped_count': 29,
 'log_count/DEBUG': 63,
 'log_count/ERROR': 29,
 'log_count/INFO': 6,
 'memusage/max': 65413120,
 'memusage/startup': 65413120,
 'request_depth_max': 4,
 'response_received_count': 4,
 'scheduler/dequeued': 4,
 'scheduler/dequeued/memory': 4,
 'scheduler/enqueued': 4,
 'scheduler/enqueued/memory': 4,
 'start_time': datetime.datetime(2018, 4, 14, 20, 11, 43, 454076)}
2018-04-14 15:11:47 [scrapy] INFO: Spider closed (finished)
