2018-04-14 14:47:28 [scrapy] DEBUG: Crawled (200) <GET https://twitter.com/i/search/timeline?l=en&f=tweets&q=SEPHORA%20COLLECTION%20Easy%20Smoky%20Eye&src=typed&max_position=> (referer: None)
2018-04-14 14:47:28 [scrapy] DEBUG: Scraped from <200 https://twitter.com/i/search/timeline?l=en&f=tweets&q=SEPHORA%20COLLECTION%20Easy%20Smoky%20Eye&src=typed&max_position=>
None
2018-04-14 14:47:28 [scrapy] DEBUG: Scraped from <200 https://twitter.com/i/search/timeline?l=en&f=tweets&q=SEPHORA%20COLLECTION%20Easy%20Smoky%20Eye&src=typed&max_position=>
None
2018-04-14 14:47:28 [scrapy] DEBUG: Scraped from <200 https://twitter.com/i/search/timeline?l=en&f=tweets&q=SEPHORA%20COLLECTION%20Easy%20Smoky%20Eye&src=typed&max_position=>
None
2018-04-14 14:47:28 [scrapy] DEBUG: Scraped from <200 https://twitter.com/i/search/timeline?l=en&f=tweets&q=SEPHORA%20COLLECTION%20Easy%20Smoky%20Eye&src=typed&max_position=>
None
2018-04-14 14:47:28 [scrapy] DEBUG: Scraped from <200 https://twitter.com/i/search/timeline?l=en&f=tweets&q=SEPHORA%20COLLECTION%20Easy%20Smoky%20Eye&src=typed&max_position=>
None
2018-04-14 14:47:28 [scrapy] DEBUG: Scraped from <200 https://twitter.com/i/search/timeline?l=en&f=tweets&q=SEPHORA%20COLLECTION%20Easy%20Smoky%20Eye&src=typed&max_position=>
None
2018-04-14 14:47:28 [scrapy] DEBUG: Scraped from <200 https://twitter.com/i/search/timeline?l=en&f=tweets&q=SEPHORA%20COLLECTION%20Easy%20Smoky%20Eye&src=typed&max_position=>
None
2018-04-14 14:47:28 [scrapy] DEBUG: Scraped from <200 https://twitter.com/i/search/timeline?l=en&f=tweets&q=SEPHORA%20COLLECTION%20Easy%20Smoky%20Eye&src=typed&max_position=>
None
2018-04-14 14:47:29 [scrapy] DEBUG: Crawled (200) <GET https://twitter.com/i/search/timeline?l=en&f=tweets&q=SEPHORA%20COLLECTION%20Easy%20Smoky%20Eye&src=typed&max_position=TWEET-834394522444513280-924974632511332352> (referer: https://twitter.com/i/search/timeline?l=en&f=tweets&q=SEPHORA%20COLLECTION%20Easy%20Smoky%20Eye&src=typed&max_position=)
2018-04-14 14:47:29 [scrapy] DEBUG: Filtered duplicate request: <GET https://twitter.com/i/search/timeline?l=en&f=tweets&q=SEPHORA%20COLLECTION%20Easy%20Smoky%20Eye&src=typed&max_position=TWEET-834394522444513280-924974632511332352> - no more duplicates will be shown (see DUPEFILTER_DEBUG to show all duplicates)
2018-04-14 14:47:29 [scrapy] INFO: Closing spider (finished)
2018-04-14 14:47:29 [scrapy] INFO: Dumping Scrapy stats:
{'downloader/request_bytes': 1178,
 'downloader/request_count': 2,
 'downloader/request_method_count/GET': 2,
 'downloader/response_bytes': 11012,
 'downloader/response_count': 2,
 'downloader/response_status_count/200': 2,
 'dupefilter/filtered': 1,
 'finish_reason': 'finished',
 'finish_time': datetime.datetime(2018, 4, 14, 19, 47, 29, 291934),
 'item_scraped_count': 8,
 'log_count/DEBUG': 19,
 'log_count/ERROR': 8,
 'log_count/INFO': 6,
 'memusage/max': 63221760,
 'memusage/startup': 63221760,
 'request_depth_max': 2,
 'response_received_count': 2,
 'scheduler/dequeued': 2,
 'scheduler/dequeued/memory': 2,
 'scheduler/enqueued': 2,
 'scheduler/enqueued/memory': 2,
 'start_time': datetime.datetime(2018, 4, 14, 19, 47, 27, 505786)}
2018-04-14 14:47:29 [scrapy] INFO: Spider closed (finished)
