2018-04-13 16:09:03 [scrapy] DEBUG: Crawled (403) <GET http://www.dmoz.org/Computers/Programming/Languages/Ada/> (referer: None)
2018-04-13 16:09:03 [scrapy] INFO: Ignoring response <403 http://www.dmoz.org/Computers/Programming/Languages/Ada/>: HTTP status code is not handled or not allowed
2018-04-13 16:09:03 [scrapy] INFO: Closing spider (finished)
2018-04-13 16:09:03 [scrapy] INFO: Dumping Scrapy stats:
{'downloader/request_bytes': 225,
 'downloader/request_count': 1,
 'downloader/request_method_count/GET': 1,
 'downloader/response_bytes': 701,
 'downloader/response_count': 1,
 'downloader/response_status_count/403': 1,
 'finish_reason': 'finished',
 'finish_time': datetime.datetime(2018, 4, 13, 21, 9, 3, 372900),
 'httperror/response_ignored_count': 1,
 'httperror/response_ignored_status_count/403': 1,
 'log_count/DEBUG': 1,
 'log_count/INFO': 7,
 'memusage/max': 45113344,
 'memusage/startup': 45113344,
 'response_received_count': 1,
 'scheduler/dequeued': 1,
 'scheduler/dequeued/memory': 1,
 'scheduler/enqueued': 1,
 'scheduler/enqueued/memory': 1,
 'start_time': datetime.datetime(2018, 4, 13, 21, 9, 2, 987292)}
2018-04-13 16:09:03 [scrapy] INFO: Spider closed (finished)
