2018-04-14 14:43:33 [scrapy] DEBUG: Crawled (200) <GET https://twitter.com/i/search/timeline?l=en&f=tweets&q=tr%C3%A8StiQue%20Color%20%26%20Smudge%20Shadow%20Crayon&src=typed&max_position=> (referer: None)
2018-04-14 14:43:33 [scrapy] DEBUG: Scraped from <200 https://twitter.com/i/search/timeline?l=en&f=tweets&q=tr%C3%A8StiQue%20Color%20%26%20Smudge%20Shadow%20Crayon&src=typed&max_position=>
None
2018-04-14 14:43:33 [scrapy] DEBUG: Scraped from <200 https://twitter.com/i/search/timeline?l=en&f=tweets&q=tr%C3%A8StiQue%20Color%20%26%20Smudge%20Shadow%20Crayon&src=typed&max_position=>
None
2018-04-14 14:43:34 [scrapy] DEBUG: Scraped from <200 https://twitter.com/i/search/timeline?l=en&f=tweets&q=tr%C3%A8StiQue%20Color%20%26%20Smudge%20Shadow%20Crayon&src=typed&max_position=>
None
2018-04-14 14:43:34 [scrapy] DEBUG: Scraped from <200 https://twitter.com/i/search/timeline?l=en&f=tweets&q=tr%C3%A8StiQue%20Color%20%26%20Smudge%20Shadow%20Crayon&src=typed&max_position=>
None
2018-04-14 14:43:34 [scrapy] DEBUG: Scraped from <200 https://twitter.com/i/search/timeline?l=en&f=tweets&q=tr%C3%A8StiQue%20Color%20%26%20Smudge%20Shadow%20Crayon&src=typed&max_position=>
None
2018-04-14 14:43:34 [scrapy] DEBUG: Scraped from <200 https://twitter.com/i/search/timeline?l=en&f=tweets&q=tr%C3%A8StiQue%20Color%20%26%20Smudge%20Shadow%20Crayon&src=typed&max_position=>
None
2018-04-14 14:43:34 [scrapy] DEBUG: Scraped from <200 https://twitter.com/i/search/timeline?l=en&f=tweets&q=tr%C3%A8StiQue%20Color%20%26%20Smudge%20Shadow%20Crayon&src=typed&max_position=>
None
2018-04-14 14:43:34 [scrapy] DEBUG: Scraped from <200 https://twitter.com/i/search/timeline?l=en&f=tweets&q=tr%C3%A8StiQue%20Color%20%26%20Smudge%20Shadow%20Crayon&src=typed&max_position=>
None
2018-04-14 14:43:34 [scrapy] DEBUG: Scraped from <200 https://twitter.com/i/search/timeline?l=en&f=tweets&q=tr%C3%A8StiQue%20Color%20%26%20Smudge%20Shadow%20Crayon&src=typed&max_position=>
None
2018-04-14 14:43:34 [scrapy] DEBUG: Scraped from <200 https://twitter.com/i/search/timeline?l=en&f=tweets&q=tr%C3%A8StiQue%20Color%20%26%20Smudge%20Shadow%20Crayon&src=typed&max_position=>
None
2018-04-14 14:43:34 [scrapy] DEBUG: Scraped from <200 https://twitter.com/i/search/timeline?l=en&f=tweets&q=tr%C3%A8StiQue%20Color%20%26%20Smudge%20Shadow%20Crayon&src=typed&max_position=>
None
2018-04-14 14:43:34 [scrapy] DEBUG: Scraped from <200 https://twitter.com/i/search/timeline?l=en&f=tweets&q=tr%C3%A8StiQue%20Color%20%26%20Smudge%20Shadow%20Crayon&src=typed&max_position=>
None
2018-04-14 14:43:34 [scrapy] DEBUG: Scraped from <200 https://twitter.com/i/search/timeline?l=en&f=tweets&q=tr%C3%A8StiQue%20Color%20%26%20Smudge%20Shadow%20Crayon&src=typed&max_position=>
None
2018-04-14 14:43:34 [scrapy] DEBUG: Scraped from <200 https://twitter.com/i/search/timeline?l=en&f=tweets&q=tr%C3%A8StiQue%20Color%20%26%20Smudge%20Shadow%20Crayon&src=typed&max_position=>
None
2018-04-14 14:43:34 [scrapy] DEBUG: Scraped from <200 https://twitter.com/i/search/timeline?l=en&f=tweets&q=tr%C3%A8StiQue%20Color%20%26%20Smudge%20Shadow%20Crayon&src=typed&max_position=>
None
2018-04-14 14:43:34 [scrapy] DEBUG: Scraped from <200 https://twitter.com/i/search/timeline?l=en&f=tweets&q=tr%C3%A8StiQue%20Color%20%26%20Smudge%20Shadow%20Crayon&src=typed&max_position=>
None
2018-04-14 14:43:34 [scrapy] DEBUG: Scraped from <200 https://twitter.com/i/search/timeline?l=en&f=tweets&q=tr%C3%A8StiQue%20Color%20%26%20Smudge%20Shadow%20Crayon&src=typed&max_position=>
None
2018-04-14 14:43:34 [scrapy] DEBUG: Scraped from <200 https://twitter.com/i/search/timeline?l=en&f=tweets&q=tr%C3%A8StiQue%20Color%20%26%20Smudge%20Shadow%20Crayon&src=typed&max_position=>
None
2018-04-14 14:43:34 [scrapy] DEBUG: Scraped from <200 https://twitter.com/i/search/timeline?l=en&f=tweets&q=tr%C3%A8StiQue%20Color%20%26%20Smudge%20Shadow%20Crayon&src=typed&max_position=>
None
2018-04-14 14:43:34 [scrapy] DEBUG: Scraped from <200 https://twitter.com/i/search/timeline?l=en&f=tweets&q=tr%C3%A8StiQue%20Color%20%26%20Smudge%20Shadow%20Crayon&src=typed&max_position=>
None
2018-04-14 14:43:35 [scrapy] DEBUG: Crawled (200) <GET https://twitter.com/i/search/timeline?l=en&f=tweets&q=tr%C3%A8StiQue%20Color%20%26%20Smudge%20Shadow%20Crayon&src=typed&max_position=TWEET-608655598125588480-879418509519978496> (referer: https://twitter.com/i/search/timeline?l=en&f=tweets&q=tr%C3%A8StiQue%20Color%20%26%20Smudge%20Shadow%20Crayon&src=typed&max_position=)
2018-04-14 14:43:35 [scrapy] DEBUG: Scraped from <200 https://twitter.com/i/search/timeline?l=en&f=tweets&q=tr%C3%A8StiQue%20Color%20%26%20Smudge%20Shadow%20Crayon&src=typed&max_position=TWEET-608655598125588480-879418509519978496>
None
2018-04-14 14:43:35 [scrapy] DEBUG: Crawled (200) <GET https://twitter.com/i/search/timeline?l=en&f=tweets&q=tr%C3%A8StiQue%20Color%20%26%20Smudge%20Shadow%20Crayon&src=typed&max_position=TWEET-602181074916020224-879418509519978496> (referer: https://twitter.com/i/search/timeline?l=en&f=tweets&q=tr%C3%A8StiQue%20Color%20%26%20Smudge%20Shadow%20Crayon&src=typed&max_position=TWEET-608655598125588480-879418509519978496)
2018-04-14 14:43:35 [scrapy] DEBUG: Filtered duplicate request: <GET https://twitter.com/i/search/timeline?l=en&f=tweets&q=tr%C3%A8StiQue%20Color%20%26%20Smudge%20Shadow%20Crayon&src=typed&max_position=TWEET-602181074916020224-879418509519978496> - no more duplicates will be shown (see DUPEFILTER_DEBUG to show all duplicates)
2018-04-14 14:43:35 [scrapy] INFO: Closing spider (finished)
2018-04-14 14:43:35 [scrapy] INFO: Dumping Scrapy stats:
{'downloader/request_bytes': 2182,
 'downloader/request_count': 3,
 'downloader/request_method_count/GET': 3,
 'downloader/response_bytes': 18434,
 'downloader/response_count': 3,
 'downloader/response_status_count/200': 3,
 'dupefilter/filtered': 1,
 'finish_reason': 'finished',
 'finish_time': datetime.datetime(2018, 4, 14, 19, 43, 35, 947508),
 'item_scraped_count': 21,
 'log_count/DEBUG': 46,
 'log_count/ERROR': 21,
 'log_count/INFO': 6,
 'memusage/max': 62980096,
 'memusage/startup': 62980096,
 'request_depth_max': 3,
 'response_received_count': 3,
 'scheduler/dequeued': 3,
 'scheduler/dequeued/memory': 3,
 'scheduler/enqueued': 3,
 'scheduler/enqueued/memory': 3,
 'start_time': datetime.datetime(2018, 4, 14, 19, 43, 33, 5473)}
2018-04-14 14:43:35 [scrapy] INFO: Spider closed (finished)
