2018-04-14 14:50:11 [scrapy] DEBUG: Crawled (200) <GET https://twitter.com/i/search/timeline?l=en&f=tweets&q=NARS%20Single%20Eye%20Shadow&src=typed&max_position=> (referer: None)
2018-04-14 14:50:11 [scrapy] DEBUG: Scraped from <200 https://twitter.com/i/search/timeline?l=en&f=tweets&q=NARS%20Single%20Eye%20Shadow&src=typed&max_position=>
None
2018-04-14 14:50:11 [scrapy] DEBUG: Scraped from <200 https://twitter.com/i/search/timeline?l=en&f=tweets&q=NARS%20Single%20Eye%20Shadow&src=typed&max_position=>
None
2018-04-14 14:50:11 [scrapy] DEBUG: Scraped from <200 https://twitter.com/i/search/timeline?l=en&f=tweets&q=NARS%20Single%20Eye%20Shadow&src=typed&max_position=>
None
2018-04-14 14:50:11 [scrapy] DEBUG: Scraped from <200 https://twitter.com/i/search/timeline?l=en&f=tweets&q=NARS%20Single%20Eye%20Shadow&src=typed&max_position=>
None
2018-04-14 14:50:11 [scrapy] DEBUG: Scraped from <200 https://twitter.com/i/search/timeline?l=en&f=tweets&q=NARS%20Single%20Eye%20Shadow&src=typed&max_position=>
None
2018-04-14 14:50:11 [scrapy] DEBUG: Scraped from <200 https://twitter.com/i/search/timeline?l=en&f=tweets&q=NARS%20Single%20Eye%20Shadow&src=typed&max_position=>
None
2018-04-14 14:50:11 [scrapy] DEBUG: Scraped from <200 https://twitter.com/i/search/timeline?l=en&f=tweets&q=NARS%20Single%20Eye%20Shadow&src=typed&max_position=>
None
2018-04-14 14:50:12 [scrapy] DEBUG: Crawled (200) <GET https://twitter.com/i/search/timeline?l=en&f=tweets&q=NARS%20Single%20Eye%20Shadow&src=typed&max_position=TWEET-967839828929781760-985047523193704449> (referer: https://twitter.com/i/search/timeline?l=en&f=tweets&q=NARS%20Single%20Eye%20Shadow&src=typed&max_position=)
2018-04-14 14:50:12 [scrapy] DEBUG: Scraped from <200 https://twitter.com/i/search/timeline?l=en&f=tweets&q=NARS%20Single%20Eye%20Shadow&src=typed&max_position=TWEET-967839828929781760-985047523193704449>
None
2018-04-14 14:50:12 [scrapy] DEBUG: Scraped from <200 https://twitter.com/i/search/timeline?l=en&f=tweets&q=NARS%20Single%20Eye%20Shadow&src=typed&max_position=TWEET-967839828929781760-985047523193704449>
None
2018-04-14 14:50:12 [scrapy] DEBUG: Scraped from <200 https://twitter.com/i/search/timeline?l=en&f=tweets&q=NARS%20Single%20Eye%20Shadow&src=typed&max_position=TWEET-967839828929781760-985047523193704449>
None
2018-04-14 14:50:12 [scrapy] DEBUG: Scraped from <200 https://twitter.com/i/search/timeline?l=en&f=tweets&q=NARS%20Single%20Eye%20Shadow&src=typed&max_position=TWEET-967839828929781760-985047523193704449>
None
2018-04-14 14:50:12 [scrapy] DEBUG: Scraped from <200 https://twitter.com/i/search/timeline?l=en&f=tweets&q=NARS%20Single%20Eye%20Shadow&src=typed&max_position=TWEET-967839828929781760-985047523193704449>
None
2018-04-14 14:50:12 [scrapy] DEBUG: Scraped from <200 https://twitter.com/i/search/timeline?l=en&f=tweets&q=NARS%20Single%20Eye%20Shadow&src=typed&max_position=TWEET-967839828929781760-985047523193704449>
None
2018-04-14 14:50:12 [scrapy] DEBUG: Scraped from <200 https://twitter.com/i/search/timeline?l=en&f=tweets&q=NARS%20Single%20Eye%20Shadow&src=typed&max_position=TWEET-967839828929781760-985047523193704449>
None
2018-04-14 14:50:12 [scrapy] DEBUG: Scraped from <200 https://twitter.com/i/search/timeline?l=en&f=tweets&q=NARS%20Single%20Eye%20Shadow&src=typed&max_position=TWEET-967839828929781760-985047523193704449>
None
2018-04-14 14:50:12 [scrapy] DEBUG: Scraped from <200 https://twitter.com/i/search/timeline?l=en&f=tweets&q=NARS%20Single%20Eye%20Shadow&src=typed&max_position=TWEET-967839828929781760-985047523193704449>
None
2018-04-14 14:50:12 [scrapy] DEBUG: Scraped from <200 https://twitter.com/i/search/timeline?l=en&f=tweets&q=NARS%20Single%20Eye%20Shadow&src=typed&max_position=TWEET-967839828929781760-985047523193704449>
None
2018-04-14 14:50:12 [scrapy] DEBUG: Scraped from <200 https://twitter.com/i/search/timeline?l=en&f=tweets&q=NARS%20Single%20Eye%20Shadow&src=typed&max_position=TWEET-967839828929781760-985047523193704449>
None
2018-04-14 14:50:12 [scrapy] DEBUG: Scraped from <200 https://twitter.com/i/search/timeline?l=en&f=tweets&q=NARS%20Single%20Eye%20Shadow&src=typed&max_position=TWEET-967839828929781760-985047523193704449>
None
2018-04-14 14:50:12 [scrapy] DEBUG: Scraped from <200 https://twitter.com/i/search/timeline?l=en&f=tweets&q=NARS%20Single%20Eye%20Shadow&src=typed&max_position=TWEET-967839828929781760-985047523193704449>
None
2018-04-14 14:50:12 [scrapy] DEBUG: Scraped from <200 https://twitter.com/i/search/timeline?l=en&f=tweets&q=NARS%20Single%20Eye%20Shadow&src=typed&max_position=TWEET-967839828929781760-985047523193704449>
None
2018-04-14 14:50:12 [scrapy] DEBUG: Scraped from <200 https://twitter.com/i/search/timeline?l=en&f=tweets&q=NARS%20Single%20Eye%20Shadow&src=typed&max_position=TWEET-967839828929781760-985047523193704449>
None
2018-04-14 14:50:13 [scrapy] DEBUG: Crawled (200) <GET https://twitter.com/i/search/timeline?l=en&f=tweets&q=NARS%20Single%20Eye%20Shadow&src=typed&max_position=TWEET-934291137694535680-985047523193704449> (referer: https://twitter.com/i/search/timeline?l=en&f=tweets&q=NARS%20Single%20Eye%20Shadow&src=typed&max_position=TWEET-967839828929781760-985047523193704449)
2018-04-14 14:50:13 [scrapy] DEBUG: Scraped from <200 https://twitter.com/i/search/timeline?l=en&f=tweets&q=NARS%20Single%20Eye%20Shadow&src=typed&max_position=TWEET-934291137694535680-985047523193704449>
None
2018-04-14 14:50:13 [scrapy] DEBUG: Scraped from <200 https://twitter.com/i/search/timeline?l=en&f=tweets&q=NARS%20Single%20Eye%20Shadow&src=typed&max_position=TWEET-934291137694535680-985047523193704449>
None
2018-04-14 14:50:14 [scrapy] DEBUG: Scraped from <200 https://twitter.com/i/search/timeline?l=en&f=tweets&q=NARS%20Single%20Eye%20Shadow&src=typed&max_position=TWEET-934291137694535680-985047523193704449>
None
2018-04-14 14:50:14 [scrapy] DEBUG: Scraped from <200 https://twitter.com/i/search/timeline?l=en&f=tweets&q=NARS%20Single%20Eye%20Shadow&src=typed&max_position=TWEET-934291137694535680-985047523193704449>
None
2018-04-14 14:50:14 [scrapy] DEBUG: Scraped from <200 https://twitter.com/i/search/timeline?l=en&f=tweets&q=NARS%20Single%20Eye%20Shadow&src=typed&max_position=TWEET-934291137694535680-985047523193704449>
None
2018-04-14 14:50:14 [scrapy] DEBUG: Scraped from <200 https://twitter.com/i/search/timeline?l=en&f=tweets&q=NARS%20Single%20Eye%20Shadow&src=typed&max_position=TWEET-934291137694535680-985047523193704449>
None
2018-04-14 14:50:14 [scrapy] DEBUG: Scraped from <200 https://twitter.com/i/search/timeline?l=en&f=tweets&q=NARS%20Single%20Eye%20Shadow&src=typed&max_position=TWEET-934291137694535680-985047523193704449>
None
2018-04-14 14:50:14 [scrapy] DEBUG: Scraped from <200 https://twitter.com/i/search/timeline?l=en&f=tweets&q=NARS%20Single%20Eye%20Shadow&src=typed&max_position=TWEET-934291137694535680-985047523193704449>
None
2018-04-14 14:50:14 [scrapy] DEBUG: Scraped from <200 https://twitter.com/i/search/timeline?l=en&f=tweets&q=NARS%20Single%20Eye%20Shadow&src=typed&max_position=TWEET-934291137694535680-985047523193704449>
None
2018-04-14 14:50:14 [scrapy] DEBUG: Scraped from <200 https://twitter.com/i/search/timeline?l=en&f=tweets&q=NARS%20Single%20Eye%20Shadow&src=typed&max_position=TWEET-934291137694535680-985047523193704449>
None
2018-04-14 14:50:14 [scrapy] DEBUG: Scraped from <200 https://twitter.com/i/search/timeline?l=en&f=tweets&q=NARS%20Single%20Eye%20Shadow&src=typed&max_position=TWEET-934291137694535680-985047523193704449>
None
2018-04-14 14:50:14 [scrapy] DEBUG: Scraped from <200 https://twitter.com/i/search/timeline?l=en&f=tweets&q=NARS%20Single%20Eye%20Shadow&src=typed&max_position=TWEET-934291137694535680-985047523193704449>
None
2018-04-14 14:50:14 [scrapy] DEBUG: Scraped from <200 https://twitter.com/i/search/timeline?l=en&f=tweets&q=NARS%20Single%20Eye%20Shadow&src=typed&max_position=TWEET-934291137694535680-985047523193704449>
None
2018-04-14 14:50:14 [scrapy] DEBUG: Scraped from <200 https://twitter.com/i/search/timeline?l=en&f=tweets&q=NARS%20Single%20Eye%20Shadow&src=typed&max_position=TWEET-934291137694535680-985047523193704449>
None
2018-04-14 14:50:15 [scrapy] DEBUG: Crawled (200) <GET https://twitter.com/i/search/timeline?l=en&f=tweets&q=NARS%20Single%20Eye%20Shadow&src=typed&max_position=TWEET-873146303638781953-985047523193704449> (referer: https://twitter.com/i/search/timeline?l=en&f=tweets&q=NARS%20Single%20Eye%20Shadow&src=typed&max_position=TWEET-934291137694535680-985047523193704449)
2018-04-14 14:50:15 [scrapy] DEBUG: Scraped from <200 https://twitter.com/i/search/timeline?l=en&f=tweets&q=NARS%20Single%20Eye%20Shadow&src=typed&max_position=TWEET-873146303638781953-985047523193704449>
None
2018-04-14 14:50:15 [scrapy] DEBUG: Scraped from <200 https://twitter.com/i/search/timeline?l=en&f=tweets&q=NARS%20Single%20Eye%20Shadow&src=typed&max_position=TWEET-873146303638781953-985047523193704449>
None
2018-04-14 14:50:15 [scrapy] DEBUG: Scraped from <200 https://twitter.com/i/search/timeline?l=en&f=tweets&q=NARS%20Single%20Eye%20Shadow&src=typed&max_position=TWEET-873146303638781953-985047523193704449>
None
2018-04-14 14:50:15 [scrapy] DEBUG: Scraped from <200 https://twitter.com/i/search/timeline?l=en&f=tweets&q=NARS%20Single%20Eye%20Shadow&src=typed&max_position=TWEET-873146303638781953-985047523193704449>
None
2018-04-14 14:50:15 [scrapy] DEBUG: Scraped from <200 https://twitter.com/i/search/timeline?l=en&f=tweets&q=NARS%20Single%20Eye%20Shadow&src=typed&max_position=TWEET-873146303638781953-985047523193704449>
None
2018-04-14 14:50:15 [scrapy] DEBUG: Scraped from <200 https://twitter.com/i/search/timeline?l=en&f=tweets&q=NARS%20Single%20Eye%20Shadow&src=typed&max_position=TWEET-873146303638781953-985047523193704449>
None
2018-04-14 14:50:15 [scrapy] DEBUG: Scraped from <200 https://twitter.com/i/search/timeline?l=en&f=tweets&q=NARS%20Single%20Eye%20Shadow&src=typed&max_position=TWEET-873146303638781953-985047523193704449>
None
2018-04-14 14:50:15 [scrapy] DEBUG: Scraped from <200 https://twitter.com/i/search/timeline?l=en&f=tweets&q=NARS%20Single%20Eye%20Shadow&src=typed&max_position=TWEET-873146303638781953-985047523193704449>
None
2018-04-14 14:50:15 [scrapy] DEBUG: Scraped from <200 https://twitter.com/i/search/timeline?l=en&f=tweets&q=NARS%20Single%20Eye%20Shadow&src=typed&max_position=TWEET-873146303638781953-985047523193704449>
None
2018-04-14 14:50:15 [scrapy] DEBUG: Scraped from <200 https://twitter.com/i/search/timeline?l=en&f=tweets&q=NARS%20Single%20Eye%20Shadow&src=typed&max_position=TWEET-873146303638781953-985047523193704449>
None
2018-04-14 14:50:15 [scrapy] DEBUG: Scraped from <200 https://twitter.com/i/search/timeline?l=en&f=tweets&q=NARS%20Single%20Eye%20Shadow&src=typed&max_position=TWEET-873146303638781953-985047523193704449>
None
2018-04-14 14:50:15 [scrapy] DEBUG: Scraped from <200 https://twitter.com/i/search/timeline?l=en&f=tweets&q=NARS%20Single%20Eye%20Shadow&src=typed&max_position=TWEET-873146303638781953-985047523193704449>
None
2018-04-14 14:50:15 [scrapy] DEBUG: Scraped from <200 https://twitter.com/i/search/timeline?l=en&f=tweets&q=NARS%20Single%20Eye%20Shadow&src=typed&max_position=TWEET-873146303638781953-985047523193704449>
None
2018-04-14 14:50:16 [scrapy] DEBUG: Crawled (200) <GET https://twitter.com/i/search/timeline?l=en&f=tweets&q=NARS%20Single%20Eye%20Shadow&src=typed&max_position=TWEET-829122253157703681-985047523193704449> (referer: https://twitter.com/i/search/timeline?l=en&f=tweets&q=NARS%20Single%20Eye%20Shadow&src=typed&max_position=TWEET-873146303638781953-985047523193704449)
2018-04-14 14:50:16 [scrapy] DEBUG: Scraped from <200 https://twitter.com/i/search/timeline?l=en&f=tweets&q=NARS%20Single%20Eye%20Shadow&src=typed&max_position=TWEET-829122253157703681-985047523193704449>
None
2018-04-14 14:50:16 [scrapy] DEBUG: Scraped from <200 https://twitter.com/i/search/timeline?l=en&f=tweets&q=NARS%20Single%20Eye%20Shadow&src=typed&max_position=TWEET-829122253157703681-985047523193704449>
None
2018-04-14 14:50:16 [scrapy] DEBUG: Scraped from <200 https://twitter.com/i/search/timeline?l=en&f=tweets&q=NARS%20Single%20Eye%20Shadow&src=typed&max_position=TWEET-829122253157703681-985047523193704449>
None
2018-04-14 14:50:16 [scrapy] DEBUG: Scraped from <200 https://twitter.com/i/search/timeline?l=en&f=tweets&q=NARS%20Single%20Eye%20Shadow&src=typed&max_position=TWEET-829122253157703681-985047523193704449>
None
2018-04-14 14:50:17 [scrapy] DEBUG: Scraped from <200 https://twitter.com/i/search/timeline?l=en&f=tweets&q=NARS%20Single%20Eye%20Shadow&src=typed&max_position=TWEET-829122253157703681-985047523193704449>
None
2018-04-14 14:50:17 [scrapy] DEBUG: Scraped from <200 https://twitter.com/i/search/timeline?l=en&f=tweets&q=NARS%20Single%20Eye%20Shadow&src=typed&max_position=TWEET-829122253157703681-985047523193704449>
None
2018-04-14 14:50:17 [scrapy] DEBUG: Scraped from <200 https://twitter.com/i/search/timeline?l=en&f=tweets&q=NARS%20Single%20Eye%20Shadow&src=typed&max_position=TWEET-829122253157703681-985047523193704449>
None
2018-04-14 14:50:17 [scrapy] DEBUG: Scraped from <200 https://twitter.com/i/search/timeline?l=en&f=tweets&q=NARS%20Single%20Eye%20Shadow&src=typed&max_position=TWEET-829122253157703681-985047523193704449>
None
2018-04-14 14:50:17 [scrapy] DEBUG: Scraped from <200 https://twitter.com/i/search/timeline?l=en&f=tweets&q=NARS%20Single%20Eye%20Shadow&src=typed&max_position=TWEET-829122253157703681-985047523193704449>
None
2018-04-14 14:50:17 [scrapy] DEBUG: Scraped from <200 https://twitter.com/i/search/timeline?l=en&f=tweets&q=NARS%20Single%20Eye%20Shadow&src=typed&max_position=TWEET-829122253157703681-985047523193704449>
None
2018-04-14 14:50:17 [scrapy] DEBUG: Scraped from <200 https://twitter.com/i/search/timeline?l=en&f=tweets&q=NARS%20Single%20Eye%20Shadow&src=typed&max_position=TWEET-829122253157703681-985047523193704449>
None
2018-04-14 14:50:17 [scrapy] DEBUG: Scraped from <200 https://twitter.com/i/search/timeline?l=en&f=tweets&q=NARS%20Single%20Eye%20Shadow&src=typed&max_position=TWEET-829122253157703681-985047523193704449>
None
2018-04-14 14:50:17 [scrapy] DEBUG: Scraped from <200 https://twitter.com/i/search/timeline?l=en&f=tweets&q=NARS%20Single%20Eye%20Shadow&src=typed&max_position=TWEET-829122253157703681-985047523193704449>
None
2018-04-14 14:50:17 [scrapy] DEBUG: Scraped from <200 https://twitter.com/i/search/timeline?l=en&f=tweets&q=NARS%20Single%20Eye%20Shadow&src=typed&max_position=TWEET-829122253157703681-985047523193704449>
None
2018-04-14 14:50:17 [scrapy] DEBUG: Scraped from <200 https://twitter.com/i/search/timeline?l=en&f=tweets&q=NARS%20Single%20Eye%20Shadow&src=typed&max_position=TWEET-829122253157703681-985047523193704449>
None
2018-04-14 14:50:17 [scrapy] DEBUG: Scraped from <200 https://twitter.com/i/search/timeline?l=en&f=tweets&q=NARS%20Single%20Eye%20Shadow&src=typed&max_position=TWEET-829122253157703681-985047523193704449>
None
2018-04-14 14:50:17 [scrapy] DEBUG: Scraped from <200 https://twitter.com/i/search/timeline?l=en&f=tweets&q=NARS%20Single%20Eye%20Shadow&src=typed&max_position=TWEET-829122253157703681-985047523193704449>
None
2018-04-14 14:50:17 [scrapy] DEBUG: Scraped from <200 https://twitter.com/i/search/timeline?l=en&f=tweets&q=NARS%20Single%20Eye%20Shadow&src=typed&max_position=TWEET-829122253157703681-985047523193704449>
None
2018-04-14 14:50:17 [scrapy] DEBUG: Scraped from <200 https://twitter.com/i/search/timeline?l=en&f=tweets&q=NARS%20Single%20Eye%20Shadow&src=typed&max_position=TWEET-829122253157703681-985047523193704449>
None
2018-04-14 14:50:17 [scrapy] DEBUG: Scraped from <200 https://twitter.com/i/search/timeline?l=en&f=tweets&q=NARS%20Single%20Eye%20Shadow&src=typed&max_position=TWEET-829122253157703681-985047523193704449>
None
2018-04-14 14:50:18 [scrapy] DEBUG: Crawled (200) <GET https://twitter.com/i/search/timeline?l=en&f=tweets&q=NARS%20Single%20Eye%20Shadow&src=typed&max_position=TWEET-807044961682292736-985047523193704449> (referer: https://twitter.com/i/search/timeline?l=en&f=tweets&q=NARS%20Single%20Eye%20Shadow&src=typed&max_position=TWEET-829122253157703681-985047523193704449)
2018-04-14 14:50:19 [scrapy] DEBUG: Scraped from <200 https://twitter.com/i/search/timeline?l=en&f=tweets&q=NARS%20Single%20Eye%20Shadow&src=typed&max_position=TWEET-807044961682292736-985047523193704449>
None
2018-04-14 14:50:19 [scrapy] DEBUG: Scraped from <200 https://twitter.com/i/search/timeline?l=en&f=tweets&q=NARS%20Single%20Eye%20Shadow&src=typed&max_position=TWEET-807044961682292736-985047523193704449>
None
2018-04-14 14:50:19 [scrapy] DEBUG: Scraped from <200 https://twitter.com/i/search/timeline?l=en&f=tweets&q=NARS%20Single%20Eye%20Shadow&src=typed&max_position=TWEET-807044961682292736-985047523193704449>
None
2018-04-14 14:50:19 [scrapy] DEBUG: Scraped from <200 https://twitter.com/i/search/timeline?l=en&f=tweets&q=NARS%20Single%20Eye%20Shadow&src=typed&max_position=TWEET-807044961682292736-985047523193704449>
None
2018-04-14 14:50:19 [scrapy] DEBUG: Scraped from <200 https://twitter.com/i/search/timeline?l=en&f=tweets&q=NARS%20Single%20Eye%20Shadow&src=typed&max_position=TWEET-807044961682292736-985047523193704449>
None
2018-04-14 14:50:19 [scrapy] DEBUG: Scraped from <200 https://twitter.com/i/search/timeline?l=en&f=tweets&q=NARS%20Single%20Eye%20Shadow&src=typed&max_position=TWEET-807044961682292736-985047523193704449>
None
2018-04-14 14:50:19 [scrapy] DEBUG: Scraped from <200 https://twitter.com/i/search/timeline?l=en&f=tweets&q=NARS%20Single%20Eye%20Shadow&src=typed&max_position=TWEET-807044961682292736-985047523193704449>
None
2018-04-14 14:50:19 [scrapy] DEBUG: Scraped from <200 https://twitter.com/i/search/timeline?l=en&f=tweets&q=NARS%20Single%20Eye%20Shadow&src=typed&max_position=TWEET-807044961682292736-985047523193704449>
None
2018-04-14 14:50:19 [scrapy] DEBUG: Scraped from <200 https://twitter.com/i/search/timeline?l=en&f=tweets&q=NARS%20Single%20Eye%20Shadow&src=typed&max_position=TWEET-807044961682292736-985047523193704449>
None
2018-04-14 14:50:19 [scrapy] DEBUG: Scraped from <200 https://twitter.com/i/search/timeline?l=en&f=tweets&q=NARS%20Single%20Eye%20Shadow&src=typed&max_position=TWEET-807044961682292736-985047523193704449>
None
2018-04-14 14:50:19 [scrapy] DEBUG: Scraped from <200 https://twitter.com/i/search/timeline?l=en&f=tweets&q=NARS%20Single%20Eye%20Shadow&src=typed&max_position=TWEET-807044961682292736-985047523193704449>
None
2018-04-14 14:50:19 [scrapy] DEBUG: Scraped from <200 https://twitter.com/i/search/timeline?l=en&f=tweets&q=NARS%20Single%20Eye%20Shadow&src=typed&max_position=TWEET-807044961682292736-985047523193704449>
None
2018-04-14 14:50:20 [scrapy] DEBUG: Crawled (200) <GET https://twitter.com/i/search/timeline?l=en&f=tweets&q=NARS%20Single%20Eye%20Shadow&src=typed&max_position=TWEET-796378270266785792-985047523193704449> (referer: https://twitter.com/i/search/timeline?l=en&f=tweets&q=NARS%20Single%20Eye%20Shadow&src=typed&max_position=TWEET-807044961682292736-985047523193704449)
2018-04-14 14:50:20 [scrapy] DEBUG: Scraped from <200 https://twitter.com/i/search/timeline?l=en&f=tweets&q=NARS%20Single%20Eye%20Shadow&src=typed&max_position=TWEET-796378270266785792-985047523193704449>
None
2018-04-14 14:50:20 [scrapy] DEBUG: Scraped from <200 https://twitter.com/i/search/timeline?l=en&f=tweets&q=NARS%20Single%20Eye%20Shadow&src=typed&max_position=TWEET-796378270266785792-985047523193704449>
None
2018-04-14 14:50:20 [scrapy] DEBUG: Scraped from <200 https://twitter.com/i/search/timeline?l=en&f=tweets&q=NARS%20Single%20Eye%20Shadow&src=typed&max_position=TWEET-796378270266785792-985047523193704449>
None
2018-04-14 14:50:20 [scrapy] DEBUG: Scraped from <200 https://twitter.com/i/search/timeline?l=en&f=tweets&q=NARS%20Single%20Eye%20Shadow&src=typed&max_position=TWEET-796378270266785792-985047523193704449>
None
2018-04-14 14:50:20 [scrapy] DEBUG: Scraped from <200 https://twitter.com/i/search/timeline?l=en&f=tweets&q=NARS%20Single%20Eye%20Shadow&src=typed&max_position=TWEET-796378270266785792-985047523193704449>
None
2018-04-14 14:50:20 [scrapy] DEBUG: Scraped from <200 https://twitter.com/i/search/timeline?l=en&f=tweets&q=NARS%20Single%20Eye%20Shadow&src=typed&max_position=TWEET-796378270266785792-985047523193704449>
None
2018-04-14 14:50:20 [scrapy] DEBUG: Scraped from <200 https://twitter.com/i/search/timeline?l=en&f=tweets&q=NARS%20Single%20Eye%20Shadow&src=typed&max_position=TWEET-796378270266785792-985047523193704449>
None
2018-04-14 14:50:20 [scrapy] DEBUG: Scraped from <200 https://twitter.com/i/search/timeline?l=en&f=tweets&q=NARS%20Single%20Eye%20Shadow&src=typed&max_position=TWEET-796378270266785792-985047523193704449>
None
2018-04-14 14:50:20 [scrapy] DEBUG: Scraped from <200 https://twitter.com/i/search/timeline?l=en&f=tweets&q=NARS%20Single%20Eye%20Shadow&src=typed&max_position=TWEET-796378270266785792-985047523193704449>
None
2018-04-14 14:50:20 [scrapy] DEBUG: Scraped from <200 https://twitter.com/i/search/timeline?l=en&f=tweets&q=NARS%20Single%20Eye%20Shadow&src=typed&max_position=TWEET-796378270266785792-985047523193704449>
None
2018-04-14 14:50:20 [scrapy] DEBUG: Scraped from <200 https://twitter.com/i/search/timeline?l=en&f=tweets&q=NARS%20Single%20Eye%20Shadow&src=typed&max_position=TWEET-796378270266785792-985047523193704449>
None
2018-04-14 14:50:21 [scrapy] DEBUG: Scraped from <200 https://twitter.com/i/search/timeline?l=en&f=tweets&q=NARS%20Single%20Eye%20Shadow&src=typed&max_position=TWEET-796378270266785792-985047523193704449>
None
2018-04-14 14:50:21 [scrapy] DEBUG: Scraped from <200 https://twitter.com/i/search/timeline?l=en&f=tweets&q=NARS%20Single%20Eye%20Shadow&src=typed&max_position=TWEET-796378270266785792-985047523193704449>
None
2018-04-14 14:50:21 [scrapy] DEBUG: Scraped from <200 https://twitter.com/i/search/timeline?l=en&f=tweets&q=NARS%20Single%20Eye%20Shadow&src=typed&max_position=TWEET-796378270266785792-985047523193704449>
None
2018-04-14 14:50:21 [scrapy] DEBUG: Scraped from <200 https://twitter.com/i/search/timeline?l=en&f=tweets&q=NARS%20Single%20Eye%20Shadow&src=typed&max_position=TWEET-796378270266785792-985047523193704449>
None
2018-04-14 14:50:21 [scrapy] DEBUG: Scraped from <200 https://twitter.com/i/search/timeline?l=en&f=tweets&q=NARS%20Single%20Eye%20Shadow&src=typed&max_position=TWEET-796378270266785792-985047523193704449>
None
2018-04-14 14:50:21 [scrapy] DEBUG: Scraped from <200 https://twitter.com/i/search/timeline?l=en&f=tweets&q=NARS%20Single%20Eye%20Shadow&src=typed&max_position=TWEET-796378270266785792-985047523193704449>
None
2018-04-14 14:50:21 [scrapy] DEBUG: Scraped from <200 https://twitter.com/i/search/timeline?l=en&f=tweets&q=NARS%20Single%20Eye%20Shadow&src=typed&max_position=TWEET-796378270266785792-985047523193704449>
None
2018-04-14 14:50:21 [scrapy] DEBUG: Scraped from <200 https://twitter.com/i/search/timeline?l=en&f=tweets&q=NARS%20Single%20Eye%20Shadow&src=typed&max_position=TWEET-796378270266785792-985047523193704449>
None
2018-04-14 14:50:21 [scrapy] DEBUG: Scraped from <200 https://twitter.com/i/search/timeline?l=en&f=tweets&q=NARS%20Single%20Eye%20Shadow&src=typed&max_position=TWEET-796378270266785792-985047523193704449>
None
2018-04-14 14:50:22 [scrapy] DEBUG: Crawled (200) <GET https://twitter.com/i/search/timeline?l=en&f=tweets&q=NARS%20Single%20Eye%20Shadow&src=typed&max_position=TWEET-792256249765265411-985047523193704449> (referer: https://twitter.com/i/search/timeline?l=en&f=tweets&q=NARS%20Single%20Eye%20Shadow&src=typed&max_position=TWEET-796378270266785792-985047523193704449)
2018-04-14 14:50:22 [scrapy] DEBUG: Scraped from <200 https://twitter.com/i/search/timeline?l=en&f=tweets&q=NARS%20Single%20Eye%20Shadow&src=typed&max_position=TWEET-792256249765265411-985047523193704449>
None
2018-04-14 14:50:22 [scrapy] DEBUG: Scraped from <200 https://twitter.com/i/search/timeline?l=en&f=tweets&q=NARS%20Single%20Eye%20Shadow&src=typed&max_position=TWEET-792256249765265411-985047523193704449>
None
2018-04-14 14:50:22 [scrapy] DEBUG: Scraped from <200 https://twitter.com/i/search/timeline?l=en&f=tweets&q=NARS%20Single%20Eye%20Shadow&src=typed&max_position=TWEET-792256249765265411-985047523193704449>
None
2018-04-14 14:50:22 [scrapy] DEBUG: Scraped from <200 https://twitter.com/i/search/timeline?l=en&f=tweets&q=NARS%20Single%20Eye%20Shadow&src=typed&max_position=TWEET-792256249765265411-985047523193704449>
None
2018-04-14 14:50:22 [scrapy] DEBUG: Scraped from <200 https://twitter.com/i/search/timeline?l=en&f=tweets&q=NARS%20Single%20Eye%20Shadow&src=typed&max_position=TWEET-792256249765265411-985047523193704449>
None
2018-04-14 14:50:22 [scrapy] DEBUG: Scraped from <200 https://twitter.com/i/search/timeline?l=en&f=tweets&q=NARS%20Single%20Eye%20Shadow&src=typed&max_position=TWEET-792256249765265411-985047523193704449>
None
2018-04-14 14:50:22 [scrapy] DEBUG: Scraped from <200 https://twitter.com/i/search/timeline?l=en&f=tweets&q=NARS%20Single%20Eye%20Shadow&src=typed&max_position=TWEET-792256249765265411-985047523193704449>
None
2018-04-14 14:50:22 [scrapy] DEBUG: Scraped from <200 https://twitter.com/i/search/timeline?l=en&f=tweets&q=NARS%20Single%20Eye%20Shadow&src=typed&max_position=TWEET-792256249765265411-985047523193704449>
None
2018-04-14 14:50:22 [scrapy] DEBUG: Scraped from <200 https://twitter.com/i/search/timeline?l=en&f=tweets&q=NARS%20Single%20Eye%20Shadow&src=typed&max_position=TWEET-792256249765265411-985047523193704449>
None
2018-04-14 14:50:22 [scrapy] DEBUG: Scraped from <200 https://twitter.com/i/search/timeline?l=en&f=tweets&q=NARS%20Single%20Eye%20Shadow&src=typed&max_position=TWEET-792256249765265411-985047523193704449>
None
2018-04-14 14:50:22 [scrapy] DEBUG: Scraped from <200 https://twitter.com/i/search/timeline?l=en&f=tweets&q=NARS%20Single%20Eye%20Shadow&src=typed&max_position=TWEET-792256249765265411-985047523193704449>
None
2018-04-14 14:50:23 [scrapy] DEBUG: Scraped from <200 https://twitter.com/i/search/timeline?l=en&f=tweets&q=NARS%20Single%20Eye%20Shadow&src=typed&max_position=TWEET-792256249765265411-985047523193704449>
None
2018-04-14 14:50:23 [scrapy] DEBUG: Scraped from <200 https://twitter.com/i/search/timeline?l=en&f=tweets&q=NARS%20Single%20Eye%20Shadow&src=typed&max_position=TWEET-792256249765265411-985047523193704449>
None
2018-04-14 14:50:23 [scrapy] DEBUG: Scraped from <200 https://twitter.com/i/search/timeline?l=en&f=tweets&q=NARS%20Single%20Eye%20Shadow&src=typed&max_position=TWEET-792256249765265411-985047523193704449>
None
2018-04-14 14:50:23 [scrapy] DEBUG: Scraped from <200 https://twitter.com/i/search/timeline?l=en&f=tweets&q=NARS%20Single%20Eye%20Shadow&src=typed&max_position=TWEET-792256249765265411-985047523193704449>
None
2018-04-14 14:50:23 [scrapy] DEBUG: Crawled (200) <GET https://twitter.com/i/search/timeline?l=en&f=tweets&q=NARS%20Single%20Eye%20Shadow&src=typed&max_position=TWEET-768146610706485249-985047523193704449> (referer: https://twitter.com/i/search/timeline?l=en&f=tweets&q=NARS%20Single%20Eye%20Shadow&src=typed&max_position=TWEET-792256249765265411-985047523193704449)
2018-04-14 14:50:24 [scrapy] DEBUG: Scraped from <200 https://twitter.com/i/search/timeline?l=en&f=tweets&q=NARS%20Single%20Eye%20Shadow&src=typed&max_position=TWEET-768146610706485249-985047523193704449>
None
2018-04-14 14:50:24 [scrapy] DEBUG: Scraped from <200 https://twitter.com/i/search/timeline?l=en&f=tweets&q=NARS%20Single%20Eye%20Shadow&src=typed&max_position=TWEET-768146610706485249-985047523193704449>
None
2018-04-14 14:50:24 [scrapy] DEBUG: Scraped from <200 https://twitter.com/i/search/timeline?l=en&f=tweets&q=NARS%20Single%20Eye%20Shadow&src=typed&max_position=TWEET-768146610706485249-985047523193704449>
None
2018-04-14 14:50:24 [scrapy] DEBUG: Scraped from <200 https://twitter.com/i/search/timeline?l=en&f=tweets&q=NARS%20Single%20Eye%20Shadow&src=typed&max_position=TWEET-768146610706485249-985047523193704449>
None
2018-04-14 14:50:24 [scrapy] DEBUG: Scraped from <200 https://twitter.com/i/search/timeline?l=en&f=tweets&q=NARS%20Single%20Eye%20Shadow&src=typed&max_position=TWEET-768146610706485249-985047523193704449>
None
2018-04-14 14:50:24 [scrapy] DEBUG: Scraped from <200 https://twitter.com/i/search/timeline?l=en&f=tweets&q=NARS%20Single%20Eye%20Shadow&src=typed&max_position=TWEET-768146610706485249-985047523193704449>
None
2018-04-14 14:50:24 [scrapy] DEBUG: Scraped from <200 https://twitter.com/i/search/timeline?l=en&f=tweets&q=NARS%20Single%20Eye%20Shadow&src=typed&max_position=TWEET-768146610706485249-985047523193704449>
None
2018-04-14 14:50:24 [scrapy] DEBUG: Scraped from <200 https://twitter.com/i/search/timeline?l=en&f=tweets&q=NARS%20Single%20Eye%20Shadow&src=typed&max_position=TWEET-768146610706485249-985047523193704449>
None
2018-04-14 14:50:24 [scrapy] DEBUG: Scraped from <200 https://twitter.com/i/search/timeline?l=en&f=tweets&q=NARS%20Single%20Eye%20Shadow&src=typed&max_position=TWEET-768146610706485249-985047523193704449>
None
2018-04-14 14:50:24 [scrapy] DEBUG: Scraped from <200 https://twitter.com/i/search/timeline?l=en&f=tweets&q=NARS%20Single%20Eye%20Shadow&src=typed&max_position=TWEET-768146610706485249-985047523193704449>
None
2018-04-14 14:50:24 [scrapy] DEBUG: Scraped from <200 https://twitter.com/i/search/timeline?l=en&f=tweets&q=NARS%20Single%20Eye%20Shadow&src=typed&max_position=TWEET-768146610706485249-985047523193704449>
None
2018-04-14 14:50:24 [scrapy] DEBUG: Scraped from <200 https://twitter.com/i/search/timeline?l=en&f=tweets&q=NARS%20Single%20Eye%20Shadow&src=typed&max_position=TWEET-768146610706485249-985047523193704449>
None
2018-04-14 14:50:24 [scrapy] DEBUG: Scraped from <200 https://twitter.com/i/search/timeline?l=en&f=tweets&q=NARS%20Single%20Eye%20Shadow&src=typed&max_position=TWEET-768146610706485249-985047523193704449>
None
2018-04-14 14:50:24 [scrapy] DEBUG: Scraped from <200 https://twitter.com/i/search/timeline?l=en&f=tweets&q=NARS%20Single%20Eye%20Shadow&src=typed&max_position=TWEET-768146610706485249-985047523193704449>
None
2018-04-14 14:50:24 [scrapy] DEBUG: Scraped from <200 https://twitter.com/i/search/timeline?l=en&f=tweets&q=NARS%20Single%20Eye%20Shadow&src=typed&max_position=TWEET-768146610706485249-985047523193704449>
None
2018-04-14 14:50:24 [scrapy] DEBUG: Scraped from <200 https://twitter.com/i/search/timeline?l=en&f=tweets&q=NARS%20Single%20Eye%20Shadow&src=typed&max_position=TWEET-768146610706485249-985047523193704449>
None
2018-04-14 14:50:24 [scrapy] DEBUG: Scraped from <200 https://twitter.com/i/search/timeline?l=en&f=tweets&q=NARS%20Single%20Eye%20Shadow&src=typed&max_position=TWEET-768146610706485249-985047523193704449>
None
2018-04-14 14:50:24 [scrapy] DEBUG: Scraped from <200 https://twitter.com/i/search/timeline?l=en&f=tweets&q=NARS%20Single%20Eye%20Shadow&src=typed&max_position=TWEET-768146610706485249-985047523193704449>
None
2018-04-14 14:50:25 [scrapy] DEBUG: Scraped from <200 https://twitter.com/i/search/timeline?l=en&f=tweets&q=NARS%20Single%20Eye%20Shadow&src=typed&max_position=TWEET-768146610706485249-985047523193704449>
None
2018-04-14 14:50:25 [scrapy] DEBUG: Scraped from <200 https://twitter.com/i/search/timeline?l=en&f=tweets&q=NARS%20Single%20Eye%20Shadow&src=typed&max_position=TWEET-768146610706485249-985047523193704449>
None
2018-04-14 14:50:25 [scrapy] DEBUG: Crawled (200) <GET https://twitter.com/i/search/timeline?l=en&f=tweets&q=NARS%20Single%20Eye%20Shadow&src=typed&max_position=TWEET-732484944509861888-985047523193704449> (referer: https://twitter.com/i/search/timeline?l=en&f=tweets&q=NARS%20Single%20Eye%20Shadow&src=typed&max_position=TWEET-768146610706485249-985047523193704449)
2018-04-14 14:50:26 [scrapy] DEBUG: Scraped from <200 https://twitter.com/i/search/timeline?l=en&f=tweets&q=NARS%20Single%20Eye%20Shadow&src=typed&max_position=TWEET-732484944509861888-985047523193704449>
None
2018-04-14 14:50:26 [scrapy] DEBUG: Scraped from <200 https://twitter.com/i/search/timeline?l=en&f=tweets&q=NARS%20Single%20Eye%20Shadow&src=typed&max_position=TWEET-732484944509861888-985047523193704449>
None
2018-04-14 14:50:26 [scrapy] DEBUG: Scraped from <200 https://twitter.com/i/search/timeline?l=en&f=tweets&q=NARS%20Single%20Eye%20Shadow&src=typed&max_position=TWEET-732484944509861888-985047523193704449>
None
2018-04-14 14:50:26 [scrapy] DEBUG: Scraped from <200 https://twitter.com/i/search/timeline?l=en&f=tweets&q=NARS%20Single%20Eye%20Shadow&src=typed&max_position=TWEET-732484944509861888-985047523193704449>
None
2018-04-14 14:50:26 [scrapy] DEBUG: Scraped from <200 https://twitter.com/i/search/timeline?l=en&f=tweets&q=NARS%20Single%20Eye%20Shadow&src=typed&max_position=TWEET-732484944509861888-985047523193704449>
None
2018-04-14 14:50:26 [scrapy] DEBUG: Scraped from <200 https://twitter.com/i/search/timeline?l=en&f=tweets&q=NARS%20Single%20Eye%20Shadow&src=typed&max_position=TWEET-732484944509861888-985047523193704449>
None
2018-04-14 14:50:26 [scrapy] DEBUG: Scraped from <200 https://twitter.com/i/search/timeline?l=en&f=tweets&q=NARS%20Single%20Eye%20Shadow&src=typed&max_position=TWEET-732484944509861888-985047523193704449>
None
2018-04-14 14:50:26 [scrapy] DEBUG: Scraped from <200 https://twitter.com/i/search/timeline?l=en&f=tweets&q=NARS%20Single%20Eye%20Shadow&src=typed&max_position=TWEET-732484944509861888-985047523193704449>
None
2018-04-14 14:50:26 [scrapy] DEBUG: Scraped from <200 https://twitter.com/i/search/timeline?l=en&f=tweets&q=NARS%20Single%20Eye%20Shadow&src=typed&max_position=TWEET-732484944509861888-985047523193704449>
None
2018-04-14 14:50:26 [scrapy] DEBUG: Scraped from <200 https://twitter.com/i/search/timeline?l=en&f=tweets&q=NARS%20Single%20Eye%20Shadow&src=typed&max_position=TWEET-732484944509861888-985047523193704449>
None
2018-04-14 14:50:26 [scrapy] DEBUG: Scraped from <200 https://twitter.com/i/search/timeline?l=en&f=tweets&q=NARS%20Single%20Eye%20Shadow&src=typed&max_position=TWEET-732484944509861888-985047523193704449>
None
2018-04-14 14:50:26 [scrapy] DEBUG: Scraped from <200 https://twitter.com/i/search/timeline?l=en&f=tweets&q=NARS%20Single%20Eye%20Shadow&src=typed&max_position=TWEET-732484944509861888-985047523193704449>
None
2018-04-14 14:50:26 [scrapy] DEBUG: Scraped from <200 https://twitter.com/i/search/timeline?l=en&f=tweets&q=NARS%20Single%20Eye%20Shadow&src=typed&max_position=TWEET-732484944509861888-985047523193704449>
None
2018-04-14 14:50:26 [scrapy] DEBUG: Scraped from <200 https://twitter.com/i/search/timeline?l=en&f=tweets&q=NARS%20Single%20Eye%20Shadow&src=typed&max_position=TWEET-732484944509861888-985047523193704449>
None
2018-04-14 14:50:26 [scrapy] DEBUG: Scraped from <200 https://twitter.com/i/search/timeline?l=en&f=tweets&q=NARS%20Single%20Eye%20Shadow&src=typed&max_position=TWEET-732484944509861888-985047523193704449>
None
2018-04-14 14:50:26 [scrapy] DEBUG: Scraped from <200 https://twitter.com/i/search/timeline?l=en&f=tweets&q=NARS%20Single%20Eye%20Shadow&src=typed&max_position=TWEET-732484944509861888-985047523193704449>
None
2018-04-14 14:50:26 [scrapy] DEBUG: Scraped from <200 https://twitter.com/i/search/timeline?l=en&f=tweets&q=NARS%20Single%20Eye%20Shadow&src=typed&max_position=TWEET-732484944509861888-985047523193704449>
None
2018-04-14 14:50:26 [scrapy] DEBUG: Scraped from <200 https://twitter.com/i/search/timeline?l=en&f=tweets&q=NARS%20Single%20Eye%20Shadow&src=typed&max_position=TWEET-732484944509861888-985047523193704449>
None
2018-04-14 14:50:27 [scrapy] DEBUG: Scraped from <200 https://twitter.com/i/search/timeline?l=en&f=tweets&q=NARS%20Single%20Eye%20Shadow&src=typed&max_position=TWEET-732484944509861888-985047523193704449>
None
2018-04-14 14:50:27 [scrapy] DEBUG: Crawled (200) <GET https://twitter.com/i/search/timeline?l=en&f=tweets&q=NARS%20Single%20Eye%20Shadow&src=typed&max_position=TWEET-698195807158272004-985047523193704449> (referer: https://twitter.com/i/search/timeline?l=en&f=tweets&q=NARS%20Single%20Eye%20Shadow&src=typed&max_position=TWEET-732484944509861888-985047523193704449)
2018-04-14 14:50:28 [scrapy] DEBUG: Scraped from <200 https://twitter.com/i/search/timeline?l=en&f=tweets&q=NARS%20Single%20Eye%20Shadow&src=typed&max_position=TWEET-698195807158272004-985047523193704449>
None
2018-04-14 14:50:28 [scrapy] DEBUG: Scraped from <200 https://twitter.com/i/search/timeline?l=en&f=tweets&q=NARS%20Single%20Eye%20Shadow&src=typed&max_position=TWEET-698195807158272004-985047523193704449>
None
2018-04-14 14:50:28 [scrapy] DEBUG: Scraped from <200 https://twitter.com/i/search/timeline?l=en&f=tweets&q=NARS%20Single%20Eye%20Shadow&src=typed&max_position=TWEET-698195807158272004-985047523193704449>
None
2018-04-14 14:50:28 [scrapy] DEBUG: Scraped from <200 https://twitter.com/i/search/timeline?l=en&f=tweets&q=NARS%20Single%20Eye%20Shadow&src=typed&max_position=TWEET-698195807158272004-985047523193704449>
None
2018-04-14 14:50:28 [scrapy] DEBUG: Scraped from <200 https://twitter.com/i/search/timeline?l=en&f=tweets&q=NARS%20Single%20Eye%20Shadow&src=typed&max_position=TWEET-698195807158272004-985047523193704449>
None
2018-04-14 14:50:28 [scrapy] DEBUG: Scraped from <200 https://twitter.com/i/search/timeline?l=en&f=tweets&q=NARS%20Single%20Eye%20Shadow&src=typed&max_position=TWEET-698195807158272004-985047523193704449>
None
2018-04-14 14:50:28 [scrapy] DEBUG: Scraped from <200 https://twitter.com/i/search/timeline?l=en&f=tweets&q=NARS%20Single%20Eye%20Shadow&src=typed&max_position=TWEET-698195807158272004-985047523193704449>
None
2018-04-14 14:50:28 [scrapy] DEBUG: Scraped from <200 https://twitter.com/i/search/timeline?l=en&f=tweets&q=NARS%20Single%20Eye%20Shadow&src=typed&max_position=TWEET-698195807158272004-985047523193704449>
None
2018-04-14 14:50:28 [scrapy] DEBUG: Scraped from <200 https://twitter.com/i/search/timeline?l=en&f=tweets&q=NARS%20Single%20Eye%20Shadow&src=typed&max_position=TWEET-698195807158272004-985047523193704449>
None
2018-04-14 14:50:28 [scrapy] DEBUG: Scraped from <200 https://twitter.com/i/search/timeline?l=en&f=tweets&q=NARS%20Single%20Eye%20Shadow&src=typed&max_position=TWEET-698195807158272004-985047523193704449>
None
2018-04-14 14:50:28 [scrapy] DEBUG: Scraped from <200 https://twitter.com/i/search/timeline?l=en&f=tweets&q=NARS%20Single%20Eye%20Shadow&src=typed&max_position=TWEET-698195807158272004-985047523193704449>
None
2018-04-14 14:50:28 [scrapy] DEBUG: Scraped from <200 https://twitter.com/i/search/timeline?l=en&f=tweets&q=NARS%20Single%20Eye%20Shadow&src=typed&max_position=TWEET-698195807158272004-985047523193704449>
None
2018-04-14 14:50:28 [scrapy] DEBUG: Scraped from <200 https://twitter.com/i/search/timeline?l=en&f=tweets&q=NARS%20Single%20Eye%20Shadow&src=typed&max_position=TWEET-698195807158272004-985047523193704449>
None
2018-04-14 14:50:28 [scrapy] DEBUG: Scraped from <200 https://twitter.com/i/search/timeline?l=en&f=tweets&q=NARS%20Single%20Eye%20Shadow&src=typed&max_position=TWEET-698195807158272004-985047523193704449>
None
2018-04-14 14:50:28 [scrapy] DEBUG: Scraped from <200 https://twitter.com/i/search/timeline?l=en&f=tweets&q=NARS%20Single%20Eye%20Shadow&src=typed&max_position=TWEET-698195807158272004-985047523193704449>
None
2018-04-14 14:50:29 [scrapy] DEBUG: Scraped from <200 https://twitter.com/i/search/timeline?l=en&f=tweets&q=NARS%20Single%20Eye%20Shadow&src=typed&max_position=TWEET-698195807158272004-985047523193704449>
None
2018-04-14 14:50:29 [scrapy] DEBUG: Crawled (200) <GET https://twitter.com/i/search/timeline?l=en&f=tweets&q=NARS%20Single%20Eye%20Shadow&src=typed&max_position=TWEET-677239045639024640-985047523193704449> (referer: https://twitter.com/i/search/timeline?l=en&f=tweets&q=NARS%20Single%20Eye%20Shadow&src=typed&max_position=TWEET-698195807158272004-985047523193704449)
2018-04-14 14:50:29 [scrapy] DEBUG: Scraped from <200 https://twitter.com/i/search/timeline?l=en&f=tweets&q=NARS%20Single%20Eye%20Shadow&src=typed&max_position=TWEET-677239045639024640-985047523193704449>
None
2018-04-14 14:50:29 [scrapy] DEBUG: Scraped from <200 https://twitter.com/i/search/timeline?l=en&f=tweets&q=NARS%20Single%20Eye%20Shadow&src=typed&max_position=TWEET-677239045639024640-985047523193704449>
None
2018-04-14 14:50:29 [scrapy] DEBUG: Scraped from <200 https://twitter.com/i/search/timeline?l=en&f=tweets&q=NARS%20Single%20Eye%20Shadow&src=typed&max_position=TWEET-677239045639024640-985047523193704449>
None
2018-04-14 14:50:29 [scrapy] DEBUG: Scraped from <200 https://twitter.com/i/search/timeline?l=en&f=tweets&q=NARS%20Single%20Eye%20Shadow&src=typed&max_position=TWEET-677239045639024640-985047523193704449>
None
2018-04-14 14:50:29 [scrapy] DEBUG: Scraped from <200 https://twitter.com/i/search/timeline?l=en&f=tweets&q=NARS%20Single%20Eye%20Shadow&src=typed&max_position=TWEET-677239045639024640-985047523193704449>
None
2018-04-14 14:50:29 [scrapy] DEBUG: Scraped from <200 https://twitter.com/i/search/timeline?l=en&f=tweets&q=NARS%20Single%20Eye%20Shadow&src=typed&max_position=TWEET-677239045639024640-985047523193704449>
None
2018-04-14 14:50:30 [scrapy] DEBUG: Scraped from <200 https://twitter.com/i/search/timeline?l=en&f=tweets&q=NARS%20Single%20Eye%20Shadow&src=typed&max_position=TWEET-677239045639024640-985047523193704449>
None
2018-04-14 14:50:30 [scrapy] DEBUG: Scraped from <200 https://twitter.com/i/search/timeline?l=en&f=tweets&q=NARS%20Single%20Eye%20Shadow&src=typed&max_position=TWEET-677239045639024640-985047523193704449>
None
2018-04-14 14:50:30 [scrapy] DEBUG: Scraped from <200 https://twitter.com/i/search/timeline?l=en&f=tweets&q=NARS%20Single%20Eye%20Shadow&src=typed&max_position=TWEET-677239045639024640-985047523193704449>
None
2018-04-14 14:50:30 [scrapy] DEBUG: Scraped from <200 https://twitter.com/i/search/timeline?l=en&f=tweets&q=NARS%20Single%20Eye%20Shadow&src=typed&max_position=TWEET-677239045639024640-985047523193704449>
None
2018-04-14 14:50:30 [scrapy] DEBUG: Scraped from <200 https://twitter.com/i/search/timeline?l=en&f=tweets&q=NARS%20Single%20Eye%20Shadow&src=typed&max_position=TWEET-677239045639024640-985047523193704449>
None
2018-04-14 14:50:30 [scrapy] DEBUG: Scraped from <200 https://twitter.com/i/search/timeline?l=en&f=tweets&q=NARS%20Single%20Eye%20Shadow&src=typed&max_position=TWEET-677239045639024640-985047523193704449>
None
2018-04-14 14:50:30 [scrapy] DEBUG: Scraped from <200 https://twitter.com/i/search/timeline?l=en&f=tweets&q=NARS%20Single%20Eye%20Shadow&src=typed&max_position=TWEET-677239045639024640-985047523193704449>
None
2018-04-14 14:50:30 [scrapy] DEBUG: Scraped from <200 https://twitter.com/i/search/timeline?l=en&f=tweets&q=NARS%20Single%20Eye%20Shadow&src=typed&max_position=TWEET-677239045639024640-985047523193704449>
None
2018-04-14 14:50:30 [scrapy] DEBUG: Scraped from <200 https://twitter.com/i/search/timeline?l=en&f=tweets&q=NARS%20Single%20Eye%20Shadow&src=typed&max_position=TWEET-677239045639024640-985047523193704449>
None
2018-04-14 14:50:30 [scrapy] DEBUG: Scraped from <200 https://twitter.com/i/search/timeline?l=en&f=tweets&q=NARS%20Single%20Eye%20Shadow&src=typed&max_position=TWEET-677239045639024640-985047523193704449>
None
2018-04-14 14:50:30 [scrapy] DEBUG: Scraped from <200 https://twitter.com/i/search/timeline?l=en&f=tweets&q=NARS%20Single%20Eye%20Shadow&src=typed&max_position=TWEET-677239045639024640-985047523193704449>
None
2018-04-14 14:50:30 [scrapy] DEBUG: Scraped from <200 https://twitter.com/i/search/timeline?l=en&f=tweets&q=NARS%20Single%20Eye%20Shadow&src=typed&max_position=TWEET-677239045639024640-985047523193704449>
None
2018-04-14 14:50:30 [scrapy] DEBUG: Scraped from <200 https://twitter.com/i/search/timeline?l=en&f=tweets&q=NARS%20Single%20Eye%20Shadow&src=typed&max_position=TWEET-677239045639024640-985047523193704449>
None
2018-04-14 14:50:30 [scrapy] DEBUG: Scraped from <200 https://twitter.com/i/search/timeline?l=en&f=tweets&q=NARS%20Single%20Eye%20Shadow&src=typed&max_position=TWEET-677239045639024640-985047523193704449>
None
2018-04-14 14:50:31 [scrapy] DEBUG: Crawled (200) <GET https://twitter.com/i/search/timeline?l=en&f=tweets&q=NARS%20Single%20Eye%20Shadow&src=typed&max_position=TWEET-650028173313241088-985047523193704449> (referer: https://twitter.com/i/search/timeline?l=en&f=tweets&q=NARS%20Single%20Eye%20Shadow&src=typed&max_position=TWEET-677239045639024640-985047523193704449)
2018-04-14 14:50:31 [scrapy] DEBUG: Scraped from <200 https://twitter.com/i/search/timeline?l=en&f=tweets&q=NARS%20Single%20Eye%20Shadow&src=typed&max_position=TWEET-650028173313241088-985047523193704449>
None
2018-04-14 14:50:31 [scrapy] DEBUG: Scraped from <200 https://twitter.com/i/search/timeline?l=en&f=tweets&q=NARS%20Single%20Eye%20Shadow&src=typed&max_position=TWEET-650028173313241088-985047523193704449>
None
2018-04-14 14:50:31 [scrapy] DEBUG: Scraped from <200 https://twitter.com/i/search/timeline?l=en&f=tweets&q=NARS%20Single%20Eye%20Shadow&src=typed&max_position=TWEET-650028173313241088-985047523193704449>
None
2018-04-14 14:50:32 [scrapy] DEBUG: Scraped from <200 https://twitter.com/i/search/timeline?l=en&f=tweets&q=NARS%20Single%20Eye%20Shadow&src=typed&max_position=TWEET-650028173313241088-985047523193704449>
None
2018-04-14 14:50:32 [scrapy] DEBUG: Scraped from <200 https://twitter.com/i/search/timeline?l=en&f=tweets&q=NARS%20Single%20Eye%20Shadow&src=typed&max_position=TWEET-650028173313241088-985047523193704449>
None
2018-04-14 14:50:32 [scrapy] DEBUG: Scraped from <200 https://twitter.com/i/search/timeline?l=en&f=tweets&q=NARS%20Single%20Eye%20Shadow&src=typed&max_position=TWEET-650028173313241088-985047523193704449>
None
2018-04-14 14:50:32 [scrapy] DEBUG: Scraped from <200 https://twitter.com/i/search/timeline?l=en&f=tweets&q=NARS%20Single%20Eye%20Shadow&src=typed&max_position=TWEET-650028173313241088-985047523193704449>
None
2018-04-14 14:50:32 [scrapy] DEBUG: Scraped from <200 https://twitter.com/i/search/timeline?l=en&f=tweets&q=NARS%20Single%20Eye%20Shadow&src=typed&max_position=TWEET-650028173313241088-985047523193704449>
None
2018-04-14 14:50:32 [scrapy] DEBUG: Scraped from <200 https://twitter.com/i/search/timeline?l=en&f=tweets&q=NARS%20Single%20Eye%20Shadow&src=typed&max_position=TWEET-650028173313241088-985047523193704449>
None
2018-04-14 14:50:32 [scrapy] DEBUG: Scraped from <200 https://twitter.com/i/search/timeline?l=en&f=tweets&q=NARS%20Single%20Eye%20Shadow&src=typed&max_position=TWEET-650028173313241088-985047523193704449>
None
2018-04-14 14:50:32 [scrapy] DEBUG: Scraped from <200 https://twitter.com/i/search/timeline?l=en&f=tweets&q=NARS%20Single%20Eye%20Shadow&src=typed&max_position=TWEET-650028173313241088-985047523193704449>
None
2018-04-14 14:50:32 [scrapy] DEBUG: Scraped from <200 https://twitter.com/i/search/timeline?l=en&f=tweets&q=NARS%20Single%20Eye%20Shadow&src=typed&max_position=TWEET-650028173313241088-985047523193704449>
None
2018-04-14 14:50:32 [scrapy] DEBUG: Scraped from <200 https://twitter.com/i/search/timeline?l=en&f=tweets&q=NARS%20Single%20Eye%20Shadow&src=typed&max_position=TWEET-650028173313241088-985047523193704449>
None
2018-04-14 14:50:32 [scrapy] DEBUG: Scraped from <200 https://twitter.com/i/search/timeline?l=en&f=tweets&q=NARS%20Single%20Eye%20Shadow&src=typed&max_position=TWEET-650028173313241088-985047523193704449>
None
2018-04-14 14:50:32 [scrapy] DEBUG: Scraped from <200 https://twitter.com/i/search/timeline?l=en&f=tweets&q=NARS%20Single%20Eye%20Shadow&src=typed&max_position=TWEET-650028173313241088-985047523193704449>
None
2018-04-14 14:50:32 [scrapy] DEBUG: Scraped from <200 https://twitter.com/i/search/timeline?l=en&f=tweets&q=NARS%20Single%20Eye%20Shadow&src=typed&max_position=TWEET-650028173313241088-985047523193704449>
None
2018-04-14 14:50:32 [scrapy] DEBUG: Scraped from <200 https://twitter.com/i/search/timeline?l=en&f=tweets&q=NARS%20Single%20Eye%20Shadow&src=typed&max_position=TWEET-650028173313241088-985047523193704449>
None
2018-04-14 14:50:32 [scrapy] DEBUG: Scraped from <200 https://twitter.com/i/search/timeline?l=en&f=tweets&q=NARS%20Single%20Eye%20Shadow&src=typed&max_position=TWEET-650028173313241088-985047523193704449>
None
2018-04-14 14:50:32 [scrapy] DEBUG: Scraped from <200 https://twitter.com/i/search/timeline?l=en&f=tweets&q=NARS%20Single%20Eye%20Shadow&src=typed&max_position=TWEET-650028173313241088-985047523193704449>
None
2018-04-14 14:50:32 [scrapy] DEBUG: Scraped from <200 https://twitter.com/i/search/timeline?l=en&f=tweets&q=NARS%20Single%20Eye%20Shadow&src=typed&max_position=TWEET-650028173313241088-985047523193704449>
None
2018-04-14 14:50:33 [scrapy] DEBUG: Crawled (200) <GET https://twitter.com/i/search/timeline?l=en&f=tweets&q=NARS%20Single%20Eye%20Shadow&src=typed&max_position=TWEET-610629968452800513-985047523193704449> (referer: https://twitter.com/i/search/timeline?l=en&f=tweets&q=NARS%20Single%20Eye%20Shadow&src=typed&max_position=TWEET-650028173313241088-985047523193704449)
2018-04-14 14:50:33 [scrapy] DEBUG: Scraped from <200 https://twitter.com/i/search/timeline?l=en&f=tweets&q=NARS%20Single%20Eye%20Shadow&src=typed&max_position=TWEET-610629968452800513-985047523193704449>
None
2018-04-14 14:50:33 [scrapy] DEBUG: Scraped from <200 https://twitter.com/i/search/timeline?l=en&f=tweets&q=NARS%20Single%20Eye%20Shadow&src=typed&max_position=TWEET-610629968452800513-985047523193704449>
None
2018-04-14 14:50:34 [scrapy] DEBUG: Scraped from <200 https://twitter.com/i/search/timeline?l=en&f=tweets&q=NARS%20Single%20Eye%20Shadow&src=typed&max_position=TWEET-610629968452800513-985047523193704449>
None
2018-04-14 14:50:34 [scrapy] DEBUG: Scraped from <200 https://twitter.com/i/search/timeline?l=en&f=tweets&q=NARS%20Single%20Eye%20Shadow&src=typed&max_position=TWEET-610629968452800513-985047523193704449>
None
2018-04-14 14:50:34 [scrapy] DEBUG: Scraped from <200 https://twitter.com/i/search/timeline?l=en&f=tweets&q=NARS%20Single%20Eye%20Shadow&src=typed&max_position=TWEET-610629968452800513-985047523193704449>
None
2018-04-14 14:50:34 [scrapy] DEBUG: Scraped from <200 https://twitter.com/i/search/timeline?l=en&f=tweets&q=NARS%20Single%20Eye%20Shadow&src=typed&max_position=TWEET-610629968452800513-985047523193704449>
None
2018-04-14 14:50:34 [scrapy] DEBUG: Scraped from <200 https://twitter.com/i/search/timeline?l=en&f=tweets&q=NARS%20Single%20Eye%20Shadow&src=typed&max_position=TWEET-610629968452800513-985047523193704449>
None
2018-04-14 14:50:34 [scrapy] DEBUG: Scraped from <200 https://twitter.com/i/search/timeline?l=en&f=tweets&q=NARS%20Single%20Eye%20Shadow&src=typed&max_position=TWEET-610629968452800513-985047523193704449>
None
2018-04-14 14:50:34 [scrapy] DEBUG: Scraped from <200 https://twitter.com/i/search/timeline?l=en&f=tweets&q=NARS%20Single%20Eye%20Shadow&src=typed&max_position=TWEET-610629968452800513-985047523193704449>
None
2018-04-14 14:50:34 [scrapy] DEBUG: Scraped from <200 https://twitter.com/i/search/timeline?l=en&f=tweets&q=NARS%20Single%20Eye%20Shadow&src=typed&max_position=TWEET-610629968452800513-985047523193704449>
None
2018-04-14 14:50:34 [scrapy] DEBUG: Scraped from <200 https://twitter.com/i/search/timeline?l=en&f=tweets&q=NARS%20Single%20Eye%20Shadow&src=typed&max_position=TWEET-610629968452800513-985047523193704449>
None
2018-04-14 14:50:34 [scrapy] DEBUG: Scraped from <200 https://twitter.com/i/search/timeline?l=en&f=tweets&q=NARS%20Single%20Eye%20Shadow&src=typed&max_position=TWEET-610629968452800513-985047523193704449>
None
2018-04-14 14:50:34 [scrapy] DEBUG: Scraped from <200 https://twitter.com/i/search/timeline?l=en&f=tweets&q=NARS%20Single%20Eye%20Shadow&src=typed&max_position=TWEET-610629968452800513-985047523193704449>
None
2018-04-14 14:50:34 [scrapy] DEBUG: Scraped from <200 https://twitter.com/i/search/timeline?l=en&f=tweets&q=NARS%20Single%20Eye%20Shadow&src=typed&max_position=TWEET-610629968452800513-985047523193704449>
None
2018-04-14 14:50:35 [scrapy] DEBUG: Scraped from <200 https://twitter.com/i/search/timeline?l=en&f=tweets&q=NARS%20Single%20Eye%20Shadow&src=typed&max_position=TWEET-610629968452800513-985047523193704449>
None
2018-04-14 14:50:35 [scrapy] DEBUG: Scraped from <200 https://twitter.com/i/search/timeline?l=en&f=tweets&q=NARS%20Single%20Eye%20Shadow&src=typed&max_position=TWEET-610629968452800513-985047523193704449>
None
2018-04-14 14:50:35 [scrapy] DEBUG: Scraped from <200 https://twitter.com/i/search/timeline?l=en&f=tweets&q=NARS%20Single%20Eye%20Shadow&src=typed&max_position=TWEET-610629968452800513-985047523193704449>
None
2018-04-14 14:50:35 [scrapy] DEBUG: Scraped from <200 https://twitter.com/i/search/timeline?l=en&f=tweets&q=NARS%20Single%20Eye%20Shadow&src=typed&max_position=TWEET-610629968452800513-985047523193704449>
None
2018-04-14 14:50:35 [scrapy] DEBUG: Scraped from <200 https://twitter.com/i/search/timeline?l=en&f=tweets&q=NARS%20Single%20Eye%20Shadow&src=typed&max_position=TWEET-610629968452800513-985047523193704449>
None
2018-04-14 14:50:35 [scrapy] DEBUG: Scraped from <200 https://twitter.com/i/search/timeline?l=en&f=tweets&q=NARS%20Single%20Eye%20Shadow&src=typed&max_position=TWEET-610629968452800513-985047523193704449>
None
2018-04-14 14:50:36 [scrapy] DEBUG: Crawled (200) <GET https://twitter.com/i/search/timeline?l=en&f=tweets&q=NARS%20Single%20Eye%20Shadow&src=typed&max_position=TWEET-596413390190419969-985047523193704449> (referer: https://twitter.com/i/search/timeline?l=en&f=tweets&q=NARS%20Single%20Eye%20Shadow&src=typed&max_position=TWEET-610629968452800513-985047523193704449)
2018-04-14 14:50:36 [scrapy] DEBUG: Scraped from <200 https://twitter.com/i/search/timeline?l=en&f=tweets&q=NARS%20Single%20Eye%20Shadow&src=typed&max_position=TWEET-596413390190419969-985047523193704449>
None
2018-04-14 14:50:36 [scrapy] DEBUG: Scraped from <200 https://twitter.com/i/search/timeline?l=en&f=tweets&q=NARS%20Single%20Eye%20Shadow&src=typed&max_position=TWEET-596413390190419969-985047523193704449>
None
2018-04-14 14:50:36 [scrapy] DEBUG: Scraped from <200 https://twitter.com/i/search/timeline?l=en&f=tweets&q=NARS%20Single%20Eye%20Shadow&src=typed&max_position=TWEET-596413390190419969-985047523193704449>
None
2018-04-14 14:50:36 [scrapy] DEBUG: Scraped from <200 https://twitter.com/i/search/timeline?l=en&f=tweets&q=NARS%20Single%20Eye%20Shadow&src=typed&max_position=TWEET-596413390190419969-985047523193704449>
None
2018-04-14 14:50:36 [scrapy] DEBUG: Scraped from <200 https://twitter.com/i/search/timeline?l=en&f=tweets&q=NARS%20Single%20Eye%20Shadow&src=typed&max_position=TWEET-596413390190419969-985047523193704449>
None
2018-04-14 14:50:36 [scrapy] DEBUG: Scraped from <200 https://twitter.com/i/search/timeline?l=en&f=tweets&q=NARS%20Single%20Eye%20Shadow&src=typed&max_position=TWEET-596413390190419969-985047523193704449>
None
2018-04-14 14:50:36 [scrapy] DEBUG: Scraped from <200 https://twitter.com/i/search/timeline?l=en&f=tweets&q=NARS%20Single%20Eye%20Shadow&src=typed&max_position=TWEET-596413390190419969-985047523193704449>
None
2018-04-14 14:50:36 [scrapy] DEBUG: Scraped from <200 https://twitter.com/i/search/timeline?l=en&f=tweets&q=NARS%20Single%20Eye%20Shadow&src=typed&max_position=TWEET-596413390190419969-985047523193704449>
None
2018-04-14 14:50:36 [scrapy] DEBUG: Scraped from <200 https://twitter.com/i/search/timeline?l=en&f=tweets&q=NARS%20Single%20Eye%20Shadow&src=typed&max_position=TWEET-596413390190419969-985047523193704449>
None
2018-04-14 14:50:36 [scrapy] DEBUG: Scraped from <200 https://twitter.com/i/search/timeline?l=en&f=tweets&q=NARS%20Single%20Eye%20Shadow&src=typed&max_position=TWEET-596413390190419969-985047523193704449>
None
2018-04-14 14:50:36 [scrapy] DEBUG: Scraped from <200 https://twitter.com/i/search/timeline?l=en&f=tweets&q=NARS%20Single%20Eye%20Shadow&src=typed&max_position=TWEET-596413390190419969-985047523193704449>
None
2018-04-14 14:50:36 [scrapy] DEBUG: Scraped from <200 https://twitter.com/i/search/timeline?l=en&f=tweets&q=NARS%20Single%20Eye%20Shadow&src=typed&max_position=TWEET-596413390190419969-985047523193704449>
None
2018-04-14 14:50:37 [scrapy] DEBUG: Scraped from <200 https://twitter.com/i/search/timeline?l=en&f=tweets&q=NARS%20Single%20Eye%20Shadow&src=typed&max_position=TWEET-596413390190419969-985047523193704449>
None
2018-04-14 14:50:37 [scrapy] DEBUG: Scraped from <200 https://twitter.com/i/search/timeline?l=en&f=tweets&q=NARS%20Single%20Eye%20Shadow&src=typed&max_position=TWEET-596413390190419969-985047523193704449>
None
2018-04-14 14:50:37 [scrapy] DEBUG: Scraped from <200 https://twitter.com/i/search/timeline?l=en&f=tweets&q=NARS%20Single%20Eye%20Shadow&src=typed&max_position=TWEET-596413390190419969-985047523193704449>
None
2018-04-14 14:50:37 [scrapy] DEBUG: Scraped from <200 https://twitter.com/i/search/timeline?l=en&f=tweets&q=NARS%20Single%20Eye%20Shadow&src=typed&max_position=TWEET-596413390190419969-985047523193704449>
None
2018-04-14 14:50:37 [scrapy] DEBUG: Scraped from <200 https://twitter.com/i/search/timeline?l=en&f=tweets&q=NARS%20Single%20Eye%20Shadow&src=typed&max_position=TWEET-596413390190419969-985047523193704449>
None
2018-04-14 14:50:37 [scrapy] DEBUG: Scraped from <200 https://twitter.com/i/search/timeline?l=en&f=tweets&q=NARS%20Single%20Eye%20Shadow&src=typed&max_position=TWEET-596413390190419969-985047523193704449>
None
2018-04-14 14:50:37 [scrapy] DEBUG: Scraped from <200 https://twitter.com/i/search/timeline?l=en&f=tweets&q=NARS%20Single%20Eye%20Shadow&src=typed&max_position=TWEET-596413390190419969-985047523193704449>
None
2018-04-14 14:50:37 [scrapy] DEBUG: Scraped from <200 https://twitter.com/i/search/timeline?l=en&f=tweets&q=NARS%20Single%20Eye%20Shadow&src=typed&max_position=TWEET-596413390190419969-985047523193704449>
None
2018-04-14 14:50:37 [scrapy] DEBUG: Crawled (200) <GET https://twitter.com/i/search/timeline?l=en&f=tweets&q=NARS%20Single%20Eye%20Shadow&src=typed&max_position=TWEET-565398618837123072-985047523193704449> (referer: https://twitter.com/i/search/timeline?l=en&f=tweets&q=NARS%20Single%20Eye%20Shadow&src=typed&max_position=TWEET-596413390190419969-985047523193704449)
2018-04-14 14:50:38 [scrapy] DEBUG: Scraped from <200 https://twitter.com/i/search/timeline?l=en&f=tweets&q=NARS%20Single%20Eye%20Shadow&src=typed&max_position=TWEET-565398618837123072-985047523193704449>
None
2018-04-14 14:50:38 [scrapy] DEBUG: Scraped from <200 https://twitter.com/i/search/timeline?l=en&f=tweets&q=NARS%20Single%20Eye%20Shadow&src=typed&max_position=TWEET-565398618837123072-985047523193704449>
None
2018-04-14 14:50:38 [scrapy] DEBUG: Scraped from <200 https://twitter.com/i/search/timeline?l=en&f=tweets&q=NARS%20Single%20Eye%20Shadow&src=typed&max_position=TWEET-565398618837123072-985047523193704449>
None
2018-04-14 14:50:38 [scrapy] DEBUG: Scraped from <200 https://twitter.com/i/search/timeline?l=en&f=tweets&q=NARS%20Single%20Eye%20Shadow&src=typed&max_position=TWEET-565398618837123072-985047523193704449>
None
2018-04-14 14:50:38 [scrapy] DEBUG: Scraped from <200 https://twitter.com/i/search/timeline?l=en&f=tweets&q=NARS%20Single%20Eye%20Shadow&src=typed&max_position=TWEET-565398618837123072-985047523193704449>
None
2018-04-14 14:50:38 [scrapy] DEBUG: Scraped from <200 https://twitter.com/i/search/timeline?l=en&f=tweets&q=NARS%20Single%20Eye%20Shadow&src=typed&max_position=TWEET-565398618837123072-985047523193704449>
None
2018-04-14 14:50:38 [scrapy] DEBUG: Scraped from <200 https://twitter.com/i/search/timeline?l=en&f=tweets&q=NARS%20Single%20Eye%20Shadow&src=typed&max_position=TWEET-565398618837123072-985047523193704449>
None
2018-04-14 14:50:38 [scrapy] DEBUG: Scraped from <200 https://twitter.com/i/search/timeline?l=en&f=tweets&q=NARS%20Single%20Eye%20Shadow&src=typed&max_position=TWEET-565398618837123072-985047523193704449>
None
2018-04-14 14:50:38 [scrapy] DEBUG: Scraped from <200 https://twitter.com/i/search/timeline?l=en&f=tweets&q=NARS%20Single%20Eye%20Shadow&src=typed&max_position=TWEET-565398618837123072-985047523193704449>
None
2018-04-14 14:50:38 [scrapy] DEBUG: Scraped from <200 https://twitter.com/i/search/timeline?l=en&f=tweets&q=NARS%20Single%20Eye%20Shadow&src=typed&max_position=TWEET-565398618837123072-985047523193704449>
None
2018-04-14 14:50:38 [scrapy] DEBUG: Scraped from <200 https://twitter.com/i/search/timeline?l=en&f=tweets&q=NARS%20Single%20Eye%20Shadow&src=typed&max_position=TWEET-565398618837123072-985047523193704449>
None
2018-04-14 14:50:38 [scrapy] DEBUG: Scraped from <200 https://twitter.com/i/search/timeline?l=en&f=tweets&q=NARS%20Single%20Eye%20Shadow&src=typed&max_position=TWEET-565398618837123072-985047523193704449>
None
2018-04-14 14:50:38 [scrapy] DEBUG: Scraped from <200 https://twitter.com/i/search/timeline?l=en&f=tweets&q=NARS%20Single%20Eye%20Shadow&src=typed&max_position=TWEET-565398618837123072-985047523193704449>
None
2018-04-14 14:50:38 [scrapy] DEBUG: Scraped from <200 https://twitter.com/i/search/timeline?l=en&f=tweets&q=NARS%20Single%20Eye%20Shadow&src=typed&max_position=TWEET-565398618837123072-985047523193704449>
None
2018-04-14 14:50:38 [scrapy] DEBUG: Scraped from <200 https://twitter.com/i/search/timeline?l=en&f=tweets&q=NARS%20Single%20Eye%20Shadow&src=typed&max_position=TWEET-565398618837123072-985047523193704449>
None
2018-04-14 14:50:38 [scrapy] DEBUG: Scraped from <200 https://twitter.com/i/search/timeline?l=en&f=tweets&q=NARS%20Single%20Eye%20Shadow&src=typed&max_position=TWEET-565398618837123072-985047523193704449>
None
2018-04-14 14:50:38 [scrapy] DEBUG: Scraped from <200 https://twitter.com/i/search/timeline?l=en&f=tweets&q=NARS%20Single%20Eye%20Shadow&src=typed&max_position=TWEET-565398618837123072-985047523193704449>
None
2018-04-14 14:50:39 [scrapy] DEBUG: Scraped from <200 https://twitter.com/i/search/timeline?l=en&f=tweets&q=NARS%20Single%20Eye%20Shadow&src=typed&max_position=TWEET-565398618837123072-985047523193704449>
None
2018-04-14 14:50:39 [scrapy] DEBUG: Scraped from <200 https://twitter.com/i/search/timeline?l=en&f=tweets&q=NARS%20Single%20Eye%20Shadow&src=typed&max_position=TWEET-565398618837123072-985047523193704449>
None
2018-04-14 14:50:39 [scrapy] DEBUG: Scraped from <200 https://twitter.com/i/search/timeline?l=en&f=tweets&q=NARS%20Single%20Eye%20Shadow&src=typed&max_position=TWEET-565398618837123072-985047523193704449>
None
2018-04-14 14:50:39 [scrapy] DEBUG: Crawled (200) <GET https://twitter.com/i/search/timeline?l=en&f=tweets&q=NARS%20Single%20Eye%20Shadow&src=typed&max_position=TWEET-532452404898590720-985047523193704449> (referer: https://twitter.com/i/search/timeline?l=en&f=tweets&q=NARS%20Single%20Eye%20Shadow&src=typed&max_position=TWEET-565398618837123072-985047523193704449)
2018-04-14 14:50:39 [scrapy] DEBUG: Scraped from <200 https://twitter.com/i/search/timeline?l=en&f=tweets&q=NARS%20Single%20Eye%20Shadow&src=typed&max_position=TWEET-532452404898590720-985047523193704449>
None
2018-04-14 14:50:39 [scrapy] DEBUG: Scraped from <200 https://twitter.com/i/search/timeline?l=en&f=tweets&q=NARS%20Single%20Eye%20Shadow&src=typed&max_position=TWEET-532452404898590720-985047523193704449>
None
2018-04-14 14:50:39 [scrapy] DEBUG: Scraped from <200 https://twitter.com/i/search/timeline?l=en&f=tweets&q=NARS%20Single%20Eye%20Shadow&src=typed&max_position=TWEET-532452404898590720-985047523193704449>
None
2018-04-14 14:50:39 [scrapy] DEBUG: Scraped from <200 https://twitter.com/i/search/timeline?l=en&f=tweets&q=NARS%20Single%20Eye%20Shadow&src=typed&max_position=TWEET-532452404898590720-985047523193704449>
None
2018-04-14 14:50:40 [scrapy] DEBUG: Scraped from <200 https://twitter.com/i/search/timeline?l=en&f=tweets&q=NARS%20Single%20Eye%20Shadow&src=typed&max_position=TWEET-532452404898590720-985047523193704449>
None
2018-04-14 14:50:40 [scrapy] DEBUG: Scraped from <200 https://twitter.com/i/search/timeline?l=en&f=tweets&q=NARS%20Single%20Eye%20Shadow&src=typed&max_position=TWEET-532452404898590720-985047523193704449>
None
2018-04-14 14:50:40 [scrapy] DEBUG: Scraped from <200 https://twitter.com/i/search/timeline?l=en&f=tweets&q=NARS%20Single%20Eye%20Shadow&src=typed&max_position=TWEET-532452404898590720-985047523193704449>
None
2018-04-14 14:50:40 [scrapy] DEBUG: Scraped from <200 https://twitter.com/i/search/timeline?l=en&f=tweets&q=NARS%20Single%20Eye%20Shadow&src=typed&max_position=TWEET-532452404898590720-985047523193704449>
None
2018-04-14 14:50:40 [scrapy] DEBUG: Scraped from <200 https://twitter.com/i/search/timeline?l=en&f=tweets&q=NARS%20Single%20Eye%20Shadow&src=typed&max_position=TWEET-532452404898590720-985047523193704449>
None
2018-04-14 14:50:40 [scrapy] DEBUG: Scraped from <200 https://twitter.com/i/search/timeline?l=en&f=tweets&q=NARS%20Single%20Eye%20Shadow&src=typed&max_position=TWEET-532452404898590720-985047523193704449>
None
2018-04-14 14:50:40 [scrapy] DEBUG: Scraped from <200 https://twitter.com/i/search/timeline?l=en&f=tweets&q=NARS%20Single%20Eye%20Shadow&src=typed&max_position=TWEET-532452404898590720-985047523193704449>
None
2018-04-14 14:50:40 [scrapy] DEBUG: Scraped from <200 https://twitter.com/i/search/timeline?l=en&f=tweets&q=NARS%20Single%20Eye%20Shadow&src=typed&max_position=TWEET-532452404898590720-985047523193704449>
None
2018-04-14 14:50:40 [scrapy] DEBUG: Scraped from <200 https://twitter.com/i/search/timeline?l=en&f=tweets&q=NARS%20Single%20Eye%20Shadow&src=typed&max_position=TWEET-532452404898590720-985047523193704449>
None
2018-04-14 14:50:40 [scrapy] DEBUG: Scraped from <200 https://twitter.com/i/search/timeline?l=en&f=tweets&q=NARS%20Single%20Eye%20Shadow&src=typed&max_position=TWEET-532452404898590720-985047523193704449>
None
2018-04-14 14:50:40 [scrapy] DEBUG: Scraped from <200 https://twitter.com/i/search/timeline?l=en&f=tweets&q=NARS%20Single%20Eye%20Shadow&src=typed&max_position=TWEET-532452404898590720-985047523193704449>
None
2018-04-14 14:50:40 [scrapy] DEBUG: Scraped from <200 https://twitter.com/i/search/timeline?l=en&f=tweets&q=NARS%20Single%20Eye%20Shadow&src=typed&max_position=TWEET-532452404898590720-985047523193704449>
None
2018-04-14 14:50:40 [scrapy] DEBUG: Scraped from <200 https://twitter.com/i/search/timeline?l=en&f=tweets&q=NARS%20Single%20Eye%20Shadow&src=typed&max_position=TWEET-532452404898590720-985047523193704449>
None
2018-04-14 14:50:40 [scrapy] DEBUG: Scraped from <200 https://twitter.com/i/search/timeline?l=en&f=tweets&q=NARS%20Single%20Eye%20Shadow&src=typed&max_position=TWEET-532452404898590720-985047523193704449>
None
2018-04-14 14:50:40 [scrapy] DEBUG: Scraped from <200 https://twitter.com/i/search/timeline?l=en&f=tweets&q=NARS%20Single%20Eye%20Shadow&src=typed&max_position=TWEET-532452404898590720-985047523193704449>
None
2018-04-14 14:50:40 [scrapy] DEBUG: Scraped from <200 https://twitter.com/i/search/timeline?l=en&f=tweets&q=NARS%20Single%20Eye%20Shadow&src=typed&max_position=TWEET-532452404898590720-985047523193704449>
None
2018-04-14 14:50:41 [scrapy] DEBUG: Crawled (200) <GET https://twitter.com/i/search/timeline?l=en&f=tweets&q=NARS%20Single%20Eye%20Shadow&src=typed&max_position=TWEET-519162820899123201-985047523193704449> (referer: https://twitter.com/i/search/timeline?l=en&f=tweets&q=NARS%20Single%20Eye%20Shadow&src=typed&max_position=TWEET-532452404898590720-985047523193704449)
2018-04-14 14:50:42 [scrapy] DEBUG: Scraped from <200 https://twitter.com/i/search/timeline?l=en&f=tweets&q=NARS%20Single%20Eye%20Shadow&src=typed&max_position=TWEET-519162820899123201-985047523193704449>
None
2018-04-14 14:50:42 [scrapy] DEBUG: Scraped from <200 https://twitter.com/i/search/timeline?l=en&f=tweets&q=NARS%20Single%20Eye%20Shadow&src=typed&max_position=TWEET-519162820899123201-985047523193704449>
None
2018-04-14 14:50:42 [scrapy] DEBUG: Scraped from <200 https://twitter.com/i/search/timeline?l=en&f=tweets&q=NARS%20Single%20Eye%20Shadow&src=typed&max_position=TWEET-519162820899123201-985047523193704449>
None
2018-04-14 14:50:42 [scrapy] DEBUG: Scraped from <200 https://twitter.com/i/search/timeline?l=en&f=tweets&q=NARS%20Single%20Eye%20Shadow&src=typed&max_position=TWEET-519162820899123201-985047523193704449>
None
2018-04-14 14:50:42 [scrapy] DEBUG: Scraped from <200 https://twitter.com/i/search/timeline?l=en&f=tweets&q=NARS%20Single%20Eye%20Shadow&src=typed&max_position=TWEET-519162820899123201-985047523193704449>
None
2018-04-14 14:50:42 [scrapy] DEBUG: Scraped from <200 https://twitter.com/i/search/timeline?l=en&f=tweets&q=NARS%20Single%20Eye%20Shadow&src=typed&max_position=TWEET-519162820899123201-985047523193704449>
None
2018-04-14 14:50:42 [scrapy] DEBUG: Scraped from <200 https://twitter.com/i/search/timeline?l=en&f=tweets&q=NARS%20Single%20Eye%20Shadow&src=typed&max_position=TWEET-519162820899123201-985047523193704449>
None
2018-04-14 14:50:42 [scrapy] DEBUG: Scraped from <200 https://twitter.com/i/search/timeline?l=en&f=tweets&q=NARS%20Single%20Eye%20Shadow&src=typed&max_position=TWEET-519162820899123201-985047523193704449>
None
2018-04-14 14:50:43 [scrapy] DEBUG: Scraped from <200 https://twitter.com/i/search/timeline?l=en&f=tweets&q=NARS%20Single%20Eye%20Shadow&src=typed&max_position=TWEET-519162820899123201-985047523193704449>
None
2018-04-14 14:50:43 [scrapy] INFO: Closing spider (closespider_itemcount)
2018-04-14 14:50:43 [scrapy] DEBUG: Scraped from <200 https://twitter.com/i/search/timeline?l=en&f=tweets&q=NARS%20Single%20Eye%20Shadow&src=typed&max_position=TWEET-519162820899123201-985047523193704449>
None
2018-04-14 14:50:43 [scrapy] DEBUG: Scraped from <200 https://twitter.com/i/search/timeline?l=en&f=tweets&q=NARS%20Single%20Eye%20Shadow&src=typed&max_position=TWEET-519162820899123201-985047523193704449>
None
2018-04-14 14:50:43 [scrapy] DEBUG: Scraped from <200 https://twitter.com/i/search/timeline?l=en&f=tweets&q=NARS%20Single%20Eye%20Shadow&src=typed&max_position=TWEET-519162820899123201-985047523193704449>
None
2018-04-14 14:50:43 [scrapy] DEBUG: Scraped from <200 https://twitter.com/i/search/timeline?l=en&f=tweets&q=NARS%20Single%20Eye%20Shadow&src=typed&max_position=TWEET-519162820899123201-985047523193704449>
None
2018-04-14 14:50:43 [scrapy] DEBUG: Scraped from <200 https://twitter.com/i/search/timeline?l=en&f=tweets&q=NARS%20Single%20Eye%20Shadow&src=typed&max_position=TWEET-519162820899123201-985047523193704449>
None
2018-04-14 14:50:43 [scrapy] DEBUG: Scraped from <200 https://twitter.com/i/search/timeline?l=en&f=tweets&q=NARS%20Single%20Eye%20Shadow&src=typed&max_position=TWEET-519162820899123201-985047523193704449>
None
2018-04-14 14:50:43 [scrapy] DEBUG: Scraped from <200 https://twitter.com/i/search/timeline?l=en&f=tweets&q=NARS%20Single%20Eye%20Shadow&src=typed&max_position=TWEET-519162820899123201-985047523193704449>
None
2018-04-14 14:50:43 [scrapy] DEBUG: Scraped from <200 https://twitter.com/i/search/timeline?l=en&f=tweets&q=NARS%20Single%20Eye%20Shadow&src=typed&max_position=TWEET-519162820899123201-985047523193704449>
None
2018-04-14 14:50:43 [scrapy] DEBUG: Scraped from <200 https://twitter.com/i/search/timeline?l=en&f=tweets&q=NARS%20Single%20Eye%20Shadow&src=typed&max_position=TWEET-519162820899123201-985047523193704449>
None
2018-04-14 14:50:43 [scrapy] DEBUG: Scraped from <200 https://twitter.com/i/search/timeline?l=en&f=tweets&q=NARS%20Single%20Eye%20Shadow&src=typed&max_position=TWEET-519162820899123201-985047523193704449>
None
2018-04-14 14:50:43 [scrapy] DEBUG: Scraped from <200 https://twitter.com/i/search/timeline?l=en&f=tweets&q=NARS%20Single%20Eye%20Shadow&src=typed&max_position=TWEET-519162820899123201-985047523193704449>
None
2018-04-14 14:50:43 [scrapy] INFO: Dumping Scrapy stats:
{'downloader/request_bytes': 15667,
 'downloader/request_count': 18,
 'downloader/request_method_count/GET': 18,
 'downloader/response_bytes': 229515,
 'downloader/response_count': 18,
 'downloader/response_status_count/200': 18,
 'finish_reason': 'closespider_itemcount',
 'finish_time': datetime.datetime(2018, 4, 14, 19, 50, 43, 631068),
 'item_scraped_count': 311,
 'log_count/DEBUG': 638,
 'log_count/ERROR': 311,
 'log_count/INFO': 6,
 'memusage/max': 63221760,
 'memusage/startup': 63221760,
 'request_depth_max': 18,
 'response_received_count': 18,
 'scheduler/dequeued': 18,
 'scheduler/dequeued/memory': 18,
 'scheduler/enqueued': 19,
 'scheduler/enqueued/memory': 19,
 'start_time': datetime.datetime(2018, 4, 14, 19, 50, 10, 349347)}
2018-04-14 14:50:43 [scrapy] INFO: Spider closed (closespider_itemcount)
