2018-04-14 15:25:50 [scrapy] DEBUG: Crawled (200) <GET https://twitter.com/i/search/timeline?l=en&f=tweets&q=%22Eye%20Tint%22&src=typed&max_position=> (referer: None)
2018-04-14 15:25:50 [scrapy] DEBUG: Scraped from <200 https://twitter.com/i/search/timeline?l=en&f=tweets&q=%22Eye%20Tint%22&src=typed&max_position=>
None
2018-04-14 15:25:50 [scrapy] DEBUG: Scraped from <200 https://twitter.com/i/search/timeline?l=en&f=tweets&q=%22Eye%20Tint%22&src=typed&max_position=>
None
2018-04-14 15:25:50 [scrapy] DEBUG: Scraped from <200 https://twitter.com/i/search/timeline?l=en&f=tweets&q=%22Eye%20Tint%22&src=typed&max_position=>
None
2018-04-14 15:25:50 [scrapy] DEBUG: Scraped from <200 https://twitter.com/i/search/timeline?l=en&f=tweets&q=%22Eye%20Tint%22&src=typed&max_position=>
None
2018-04-14 15:25:50 [scrapy] DEBUG: Scraped from <200 https://twitter.com/i/search/timeline?l=en&f=tweets&q=%22Eye%20Tint%22&src=typed&max_position=>
None
2018-04-14 15:25:50 [scrapy] DEBUG: Scraped from <200 https://twitter.com/i/search/timeline?l=en&f=tweets&q=%22Eye%20Tint%22&src=typed&max_position=>
None
2018-04-14 15:25:51 [scrapy] DEBUG: Scraped from <200 https://twitter.com/i/search/timeline?l=en&f=tweets&q=%22Eye%20Tint%22&src=typed&max_position=>
None
2018-04-14 15:25:51 [scrapy] DEBUG: Scraped from <200 https://twitter.com/i/search/timeline?l=en&f=tweets&q=%22Eye%20Tint%22&src=typed&max_position=>
None
2018-04-14 15:25:51 [scrapy] DEBUG: Scraped from <200 https://twitter.com/i/search/timeline?l=en&f=tweets&q=%22Eye%20Tint%22&src=typed&max_position=>
None
2018-04-14 15:25:51 [scrapy] DEBUG: Scraped from <200 https://twitter.com/i/search/timeline?l=en&f=tweets&q=%22Eye%20Tint%22&src=typed&max_position=>
None
2018-04-14 15:25:51 [scrapy] DEBUG: Scraped from <200 https://twitter.com/i/search/timeline?l=en&f=tweets&q=%22Eye%20Tint%22&src=typed&max_position=>
None
2018-04-14 15:25:51 [scrapy] DEBUG: Scraped from <200 https://twitter.com/i/search/timeline?l=en&f=tweets&q=%22Eye%20Tint%22&src=typed&max_position=>
None
2018-04-14 15:25:51 [scrapy] DEBUG: Scraped from <200 https://twitter.com/i/search/timeline?l=en&f=tweets&q=%22Eye%20Tint%22&src=typed&max_position=>
None
2018-04-14 15:25:51 [scrapy] DEBUG: Scraped from <200 https://twitter.com/i/search/timeline?l=en&f=tweets&q=%22Eye%20Tint%22&src=typed&max_position=>
None
2018-04-14 15:25:51 [scrapy] DEBUG: Scraped from <200 https://twitter.com/i/search/timeline?l=en&f=tweets&q=%22Eye%20Tint%22&src=typed&max_position=>
None
2018-04-14 15:25:51 [scrapy] DEBUG: Scraped from <200 https://twitter.com/i/search/timeline?l=en&f=tweets&q=%22Eye%20Tint%22&src=typed&max_position=>
None
2018-04-14 15:25:52 [scrapy] DEBUG: Crawled (200) <GET https://twitter.com/i/search/timeline?l=en&f=tweets&q=%22Eye%20Tint%22&src=typed&max_position=TWEET-980924167988981760-984405307488120832> (referer: https://twitter.com/i/search/timeline?l=en&f=tweets&q=%22Eye%20Tint%22&src=typed&max_position=)
2018-04-14 15:25:52 [scrapy] DEBUG: Scraped from <200 https://twitter.com/i/search/timeline?l=en&f=tweets&q=%22Eye%20Tint%22&src=typed&max_position=TWEET-980924167988981760-984405307488120832>
None
2018-04-14 15:25:52 [scrapy] DEBUG: Scraped from <200 https://twitter.com/i/search/timeline?l=en&f=tweets&q=%22Eye%20Tint%22&src=typed&max_position=TWEET-980924167988981760-984405307488120832>
None
2018-04-14 15:25:52 [scrapy] DEBUG: Scraped from <200 https://twitter.com/i/search/timeline?l=en&f=tweets&q=%22Eye%20Tint%22&src=typed&max_position=TWEET-980924167988981760-984405307488120832>
None
2018-04-14 15:25:52 [scrapy] DEBUG: Scraped from <200 https://twitter.com/i/search/timeline?l=en&f=tweets&q=%22Eye%20Tint%22&src=typed&max_position=TWEET-980924167988981760-984405307488120832>
None
2018-04-14 15:25:52 [scrapy] DEBUG: Scraped from <200 https://twitter.com/i/search/timeline?l=en&f=tweets&q=%22Eye%20Tint%22&src=typed&max_position=TWEET-980924167988981760-984405307488120832>
None
2018-04-14 15:25:52 [scrapy] DEBUG: Scraped from <200 https://twitter.com/i/search/timeline?l=en&f=tweets&q=%22Eye%20Tint%22&src=typed&max_position=TWEET-980924167988981760-984405307488120832>
None
2018-04-14 15:25:52 [scrapy] DEBUG: Scraped from <200 https://twitter.com/i/search/timeline?l=en&f=tweets&q=%22Eye%20Tint%22&src=typed&max_position=TWEET-980924167988981760-984405307488120832>
None
2018-04-14 15:25:52 [scrapy] DEBUG: Scraped from <200 https://twitter.com/i/search/timeline?l=en&f=tweets&q=%22Eye%20Tint%22&src=typed&max_position=TWEET-980924167988981760-984405307488120832>
None
2018-04-14 15:25:52 [scrapy] DEBUG: Scraped from <200 https://twitter.com/i/search/timeline?l=en&f=tweets&q=%22Eye%20Tint%22&src=typed&max_position=TWEET-980924167988981760-984405307488120832>
None
2018-04-14 15:25:52 [scrapy] DEBUG: Scraped from <200 https://twitter.com/i/search/timeline?l=en&f=tweets&q=%22Eye%20Tint%22&src=typed&max_position=TWEET-980924167988981760-984405307488120832>
None
2018-04-14 15:25:52 [scrapy] DEBUG: Scraped from <200 https://twitter.com/i/search/timeline?l=en&f=tweets&q=%22Eye%20Tint%22&src=typed&max_position=TWEET-980924167988981760-984405307488120832>
None
2018-04-14 15:25:52 [scrapy] DEBUG: Scraped from <200 https://twitter.com/i/search/timeline?l=en&f=tweets&q=%22Eye%20Tint%22&src=typed&max_position=TWEET-980924167988981760-984405307488120832>
None
2018-04-14 15:25:53 [scrapy] DEBUG: Scraped from <200 https://twitter.com/i/search/timeline?l=en&f=tweets&q=%22Eye%20Tint%22&src=typed&max_position=TWEET-980924167988981760-984405307488120832>
None
2018-04-14 15:25:53 [scrapy] DEBUG: Scraped from <200 https://twitter.com/i/search/timeline?l=en&f=tweets&q=%22Eye%20Tint%22&src=typed&max_position=TWEET-980924167988981760-984405307488120832>
None
2018-04-14 15:25:53 [scrapy] DEBUG: Scraped from <200 https://twitter.com/i/search/timeline?l=en&f=tweets&q=%22Eye%20Tint%22&src=typed&max_position=TWEET-980924167988981760-984405307488120832>
None
2018-04-14 15:25:53 [scrapy] DEBUG: Scraped from <200 https://twitter.com/i/search/timeline?l=en&f=tweets&q=%22Eye%20Tint%22&src=typed&max_position=TWEET-980924167988981760-984405307488120832>
None
2018-04-14 15:25:53 [scrapy] DEBUG: Scraped from <200 https://twitter.com/i/search/timeline?l=en&f=tweets&q=%22Eye%20Tint%22&src=typed&max_position=TWEET-980924167988981760-984405307488120832>
None
2018-04-14 15:25:53 [scrapy] DEBUG: Scraped from <200 https://twitter.com/i/search/timeline?l=en&f=tweets&q=%22Eye%20Tint%22&src=typed&max_position=TWEET-980924167988981760-984405307488120832>
None
2018-04-14 15:25:53 [scrapy] DEBUG: Scraped from <200 https://twitter.com/i/search/timeline?l=en&f=tweets&q=%22Eye%20Tint%22&src=typed&max_position=TWEET-980924167988981760-984405307488120832>
None
2018-04-14 15:25:53 [scrapy] DEBUG: Scraped from <200 https://twitter.com/i/search/timeline?l=en&f=tweets&q=%22Eye%20Tint%22&src=typed&max_position=TWEET-980924167988981760-984405307488120832>
None
2018-04-14 15:25:54 [scrapy] DEBUG: Crawled (200) <GET https://twitter.com/i/search/timeline?l=en&f=tweets&q=%22Eye%20Tint%22&src=typed&max_position=TWEET-980795640354451461-984405307488120832> (referer: https://twitter.com/i/search/timeline?l=en&f=tweets&q=%22Eye%20Tint%22&src=typed&max_position=TWEET-980924167988981760-984405307488120832)
2018-04-14 15:25:54 [scrapy] DEBUG: Scraped from <200 https://twitter.com/i/search/timeline?l=en&f=tweets&q=%22Eye%20Tint%22&src=typed&max_position=TWEET-980795640354451461-984405307488120832>
None
2018-04-14 15:25:54 [scrapy] DEBUG: Scraped from <200 https://twitter.com/i/search/timeline?l=en&f=tweets&q=%22Eye%20Tint%22&src=typed&max_position=TWEET-980795640354451461-984405307488120832>
None
2018-04-14 15:25:54 [scrapy] DEBUG: Scraped from <200 https://twitter.com/i/search/timeline?l=en&f=tweets&q=%22Eye%20Tint%22&src=typed&max_position=TWEET-980795640354451461-984405307488120832>
None
2018-04-14 15:25:54 [scrapy] DEBUG: Scraped from <200 https://twitter.com/i/search/timeline?l=en&f=tweets&q=%22Eye%20Tint%22&src=typed&max_position=TWEET-980795640354451461-984405307488120832>
None
2018-04-14 15:25:54 [scrapy] DEBUG: Scraped from <200 https://twitter.com/i/search/timeline?l=en&f=tweets&q=%22Eye%20Tint%22&src=typed&max_position=TWEET-980795640354451461-984405307488120832>
None
2018-04-14 15:25:54 [scrapy] DEBUG: Scraped from <200 https://twitter.com/i/search/timeline?l=en&f=tweets&q=%22Eye%20Tint%22&src=typed&max_position=TWEET-980795640354451461-984405307488120832>
None
2018-04-14 15:25:54 [scrapy] DEBUG: Scraped from <200 https://twitter.com/i/search/timeline?l=en&f=tweets&q=%22Eye%20Tint%22&src=typed&max_position=TWEET-980795640354451461-984405307488120832>
None
2018-04-14 15:25:54 [scrapy] DEBUG: Scraped from <200 https://twitter.com/i/search/timeline?l=en&f=tweets&q=%22Eye%20Tint%22&src=typed&max_position=TWEET-980795640354451461-984405307488120832>
None
2018-04-14 15:25:54 [scrapy] DEBUG: Scraped from <200 https://twitter.com/i/search/timeline?l=en&f=tweets&q=%22Eye%20Tint%22&src=typed&max_position=TWEET-980795640354451461-984405307488120832>
None
2018-04-14 15:25:54 [scrapy] DEBUG: Scraped from <200 https://twitter.com/i/search/timeline?l=en&f=tweets&q=%22Eye%20Tint%22&src=typed&max_position=TWEET-980795640354451461-984405307488120832>
None
2018-04-14 15:25:54 [scrapy] DEBUG: Scraped from <200 https://twitter.com/i/search/timeline?l=en&f=tweets&q=%22Eye%20Tint%22&src=typed&max_position=TWEET-980795640354451461-984405307488120832>
None
2018-04-14 15:25:54 [scrapy] DEBUG: Scraped from <200 https://twitter.com/i/search/timeline?l=en&f=tweets&q=%22Eye%20Tint%22&src=typed&max_position=TWEET-980795640354451461-984405307488120832>
None
2018-04-14 15:25:55 [scrapy] DEBUG: Scraped from <200 https://twitter.com/i/search/timeline?l=en&f=tweets&q=%22Eye%20Tint%22&src=typed&max_position=TWEET-980795640354451461-984405307488120832>
None
2018-04-14 15:25:55 [scrapy] DEBUG: Scraped from <200 https://twitter.com/i/search/timeline?l=en&f=tweets&q=%22Eye%20Tint%22&src=typed&max_position=TWEET-980795640354451461-984405307488120832>
None
2018-04-14 15:25:55 [scrapy] DEBUG: Scraped from <200 https://twitter.com/i/search/timeline?l=en&f=tweets&q=%22Eye%20Tint%22&src=typed&max_position=TWEET-980795640354451461-984405307488120832>
None
2018-04-14 15:25:55 [scrapy] DEBUG: Crawled (200) <GET https://twitter.com/i/search/timeline?l=en&f=tweets&q=%22Eye%20Tint%22&src=typed&max_position=TWEET-970678997649641472-984405307488120832> (referer: https://twitter.com/i/search/timeline?l=en&f=tweets&q=%22Eye%20Tint%22&src=typed&max_position=TWEET-980795640354451461-984405307488120832)
2018-04-14 15:25:56 [scrapy] DEBUG: Scraped from <200 https://twitter.com/i/search/timeline?l=en&f=tweets&q=%22Eye%20Tint%22&src=typed&max_position=TWEET-970678997649641472-984405307488120832>
None
2018-04-14 15:25:56 [scrapy] DEBUG: Scraped from <200 https://twitter.com/i/search/timeline?l=en&f=tweets&q=%22Eye%20Tint%22&src=typed&max_position=TWEET-970678997649641472-984405307488120832>
None
2018-04-14 15:25:56 [scrapy] DEBUG: Scraped from <200 https://twitter.com/i/search/timeline?l=en&f=tweets&q=%22Eye%20Tint%22&src=typed&max_position=TWEET-970678997649641472-984405307488120832>
None
2018-04-14 15:25:56 [scrapy] DEBUG: Scraped from <200 https://twitter.com/i/search/timeline?l=en&f=tweets&q=%22Eye%20Tint%22&src=typed&max_position=TWEET-970678997649641472-984405307488120832>
None
2018-04-14 15:25:56 [scrapy] DEBUG: Scraped from <200 https://twitter.com/i/search/timeline?l=en&f=tweets&q=%22Eye%20Tint%22&src=typed&max_position=TWEET-970678997649641472-984405307488120832>
None
2018-04-14 15:25:57 [scrapy] DEBUG: Scraped from <200 https://twitter.com/i/search/timeline?l=en&f=tweets&q=%22Eye%20Tint%22&src=typed&max_position=TWEET-970678997649641472-984405307488120832>
None
2018-04-14 15:25:57 [scrapy] DEBUG: Scraped from <200 https://twitter.com/i/search/timeline?l=en&f=tweets&q=%22Eye%20Tint%22&src=typed&max_position=TWEET-970678997649641472-984405307488120832>
None
2018-04-14 15:25:57 [scrapy] DEBUG: Scraped from <200 https://twitter.com/i/search/timeline?l=en&f=tweets&q=%22Eye%20Tint%22&src=typed&max_position=TWEET-970678997649641472-984405307488120832>
None
2018-04-14 15:25:57 [scrapy] DEBUG: Scraped from <200 https://twitter.com/i/search/timeline?l=en&f=tweets&q=%22Eye%20Tint%22&src=typed&max_position=TWEET-970678997649641472-984405307488120832>
None
2018-04-14 15:25:57 [scrapy] DEBUG: Scraped from <200 https://twitter.com/i/search/timeline?l=en&f=tweets&q=%22Eye%20Tint%22&src=typed&max_position=TWEET-970678997649641472-984405307488120832>
None
2018-04-14 15:25:57 [scrapy] DEBUG: Scraped from <200 https://twitter.com/i/search/timeline?l=en&f=tweets&q=%22Eye%20Tint%22&src=typed&max_position=TWEET-970678997649641472-984405307488120832>
None
2018-04-14 15:25:57 [scrapy] DEBUG: Scraped from <200 https://twitter.com/i/search/timeline?l=en&f=tweets&q=%22Eye%20Tint%22&src=typed&max_position=TWEET-970678997649641472-984405307488120832>
None
2018-04-14 15:25:57 [scrapy] DEBUG: Scraped from <200 https://twitter.com/i/search/timeline?l=en&f=tweets&q=%22Eye%20Tint%22&src=typed&max_position=TWEET-970678997649641472-984405307488120832>
None
2018-04-14 15:25:57 [scrapy] DEBUG: Scraped from <200 https://twitter.com/i/search/timeline?l=en&f=tweets&q=%22Eye%20Tint%22&src=typed&max_position=TWEET-970678997649641472-984405307488120832>
None
2018-04-14 15:25:57 [scrapy] DEBUG: Scraped from <200 https://twitter.com/i/search/timeline?l=en&f=tweets&q=%22Eye%20Tint%22&src=typed&max_position=TWEET-970678997649641472-984405307488120832>
None
2018-04-14 15:25:57 [scrapy] DEBUG: Scraped from <200 https://twitter.com/i/search/timeline?l=en&f=tweets&q=%22Eye%20Tint%22&src=typed&max_position=TWEET-970678997649641472-984405307488120832>
None
2018-04-14 15:25:57 [scrapy] DEBUG: Scraped from <200 https://twitter.com/i/search/timeline?l=en&f=tweets&q=%22Eye%20Tint%22&src=typed&max_position=TWEET-970678997649641472-984405307488120832>
None
2018-04-14 15:25:57 [scrapy] DEBUG: Scraped from <200 https://twitter.com/i/search/timeline?l=en&f=tweets&q=%22Eye%20Tint%22&src=typed&max_position=TWEET-970678997649641472-984405307488120832>
None
2018-04-14 15:25:58 [scrapy] DEBUG: Crawled (200) <GET https://twitter.com/i/search/timeline?l=en&f=tweets&q=%22Eye%20Tint%22&src=typed&max_position=TWEET-964649700371517440-984405307488120832> (referer: https://twitter.com/i/search/timeline?l=en&f=tweets&q=%22Eye%20Tint%22&src=typed&max_position=TWEET-970678997649641472-984405307488120832)
2018-04-14 15:25:58 [scrapy] DEBUG: Scraped from <200 https://twitter.com/i/search/timeline?l=en&f=tweets&q=%22Eye%20Tint%22&src=typed&max_position=TWEET-964649700371517440-984405307488120832>
None
2018-04-14 15:25:58 [scrapy] DEBUG: Scraped from <200 https://twitter.com/i/search/timeline?l=en&f=tweets&q=%22Eye%20Tint%22&src=typed&max_position=TWEET-964649700371517440-984405307488120832>
None
2018-04-14 15:25:58 [scrapy] DEBUG: Scraped from <200 https://twitter.com/i/search/timeline?l=en&f=tweets&q=%22Eye%20Tint%22&src=typed&max_position=TWEET-964649700371517440-984405307488120832>
None
2018-04-14 15:25:58 [scrapy] DEBUG: Scraped from <200 https://twitter.com/i/search/timeline?l=en&f=tweets&q=%22Eye%20Tint%22&src=typed&max_position=TWEET-964649700371517440-984405307488120832>
None
2018-04-14 15:25:59 [scrapy] DEBUG: Scraped from <200 https://twitter.com/i/search/timeline?l=en&f=tweets&q=%22Eye%20Tint%22&src=typed&max_position=TWEET-964649700371517440-984405307488120832>
None
2018-04-14 15:25:59 [scrapy] DEBUG: Scraped from <200 https://twitter.com/i/search/timeline?l=en&f=tweets&q=%22Eye%20Tint%22&src=typed&max_position=TWEET-964649700371517440-984405307488120832>
None
2018-04-14 15:25:59 [scrapy] DEBUG: Scraped from <200 https://twitter.com/i/search/timeline?l=en&f=tweets&q=%22Eye%20Tint%22&src=typed&max_position=TWEET-964649700371517440-984405307488120832>
None
2018-04-14 15:25:59 [scrapy] DEBUG: Scraped from <200 https://twitter.com/i/search/timeline?l=en&f=tweets&q=%22Eye%20Tint%22&src=typed&max_position=TWEET-964649700371517440-984405307488120832>
None
2018-04-14 15:25:59 [scrapy] DEBUG: Scraped from <200 https://twitter.com/i/search/timeline?l=en&f=tweets&q=%22Eye%20Tint%22&src=typed&max_position=TWEET-964649700371517440-984405307488120832>
None
2018-04-14 15:25:59 [scrapy] DEBUG: Scraped from <200 https://twitter.com/i/search/timeline?l=en&f=tweets&q=%22Eye%20Tint%22&src=typed&max_position=TWEET-964649700371517440-984405307488120832>
None
2018-04-14 15:25:59 [scrapy] DEBUG: Scraped from <200 https://twitter.com/i/search/timeline?l=en&f=tweets&q=%22Eye%20Tint%22&src=typed&max_position=TWEET-964649700371517440-984405307488120832>
None
2018-04-14 15:25:59 [scrapy] DEBUG: Scraped from <200 https://twitter.com/i/search/timeline?l=en&f=tweets&q=%22Eye%20Tint%22&src=typed&max_position=TWEET-964649700371517440-984405307488120832>
None
2018-04-14 15:25:59 [scrapy] DEBUG: Scraped from <200 https://twitter.com/i/search/timeline?l=en&f=tweets&q=%22Eye%20Tint%22&src=typed&max_position=TWEET-964649700371517440-984405307488120832>
None
2018-04-14 15:25:59 [scrapy] DEBUG: Scraped from <200 https://twitter.com/i/search/timeline?l=en&f=tweets&q=%22Eye%20Tint%22&src=typed&max_position=TWEET-964649700371517440-984405307488120832>
None
2018-04-14 15:25:59 [scrapy] DEBUG: Scraped from <200 https://twitter.com/i/search/timeline?l=en&f=tweets&q=%22Eye%20Tint%22&src=typed&max_position=TWEET-964649700371517440-984405307488120832>
None
2018-04-14 15:25:59 [scrapy] DEBUG: Scraped from <200 https://twitter.com/i/search/timeline?l=en&f=tweets&q=%22Eye%20Tint%22&src=typed&max_position=TWEET-964649700371517440-984405307488120832>
None
2018-04-14 15:25:59 [scrapy] DEBUG: Scraped from <200 https://twitter.com/i/search/timeline?l=en&f=tweets&q=%22Eye%20Tint%22&src=typed&max_position=TWEET-964649700371517440-984405307488120832>
None
2018-04-14 15:25:59 [scrapy] DEBUG: Scraped from <200 https://twitter.com/i/search/timeline?l=en&f=tweets&q=%22Eye%20Tint%22&src=typed&max_position=TWEET-964649700371517440-984405307488120832>
None
2018-04-14 15:25:59 [scrapy] DEBUG: Scraped from <200 https://twitter.com/i/search/timeline?l=en&f=tweets&q=%22Eye%20Tint%22&src=typed&max_position=TWEET-964649700371517440-984405307488120832>
None
2018-04-14 15:25:59 [scrapy] DEBUG: Scraped from <200 https://twitter.com/i/search/timeline?l=en&f=tweets&q=%22Eye%20Tint%22&src=typed&max_position=TWEET-964649700371517440-984405307488120832>
None
2018-04-14 15:26:00 [scrapy] DEBUG: Crawled (200) <GET https://twitter.com/i/search/timeline?l=en&f=tweets&q=%22Eye%20Tint%22&src=typed&max_position=TWEET-964116512989728768-984405307488120832> (referer: https://twitter.com/i/search/timeline?l=en&f=tweets&q=%22Eye%20Tint%22&src=typed&max_position=TWEET-964649700371517440-984405307488120832)
2018-04-14 15:26:00 [scrapy] DEBUG: Scraped from <200 https://twitter.com/i/search/timeline?l=en&f=tweets&q=%22Eye%20Tint%22&src=typed&max_position=TWEET-964116512989728768-984405307488120832>
None
2018-04-14 15:26:00 [scrapy] DEBUG: Scraped from <200 https://twitter.com/i/search/timeline?l=en&f=tweets&q=%22Eye%20Tint%22&src=typed&max_position=TWEET-964116512989728768-984405307488120832>
None
2018-04-14 15:26:00 [scrapy] DEBUG: Scraped from <200 https://twitter.com/i/search/timeline?l=en&f=tweets&q=%22Eye%20Tint%22&src=typed&max_position=TWEET-964116512989728768-984405307488120832>
None
2018-04-14 15:26:00 [scrapy] DEBUG: Scraped from <200 https://twitter.com/i/search/timeline?l=en&f=tweets&q=%22Eye%20Tint%22&src=typed&max_position=TWEET-964116512989728768-984405307488120832>
None
2018-04-14 15:26:00 [scrapy] DEBUG: Scraped from <200 https://twitter.com/i/search/timeline?l=en&f=tweets&q=%22Eye%20Tint%22&src=typed&max_position=TWEET-964116512989728768-984405307488120832>
None
2018-04-14 15:26:00 [scrapy] DEBUG: Scraped from <200 https://twitter.com/i/search/timeline?l=en&f=tweets&q=%22Eye%20Tint%22&src=typed&max_position=TWEET-964116512989728768-984405307488120832>
None
2018-04-14 15:26:00 [scrapy] DEBUG: Scraped from <200 https://twitter.com/i/search/timeline?l=en&f=tweets&q=%22Eye%20Tint%22&src=typed&max_position=TWEET-964116512989728768-984405307488120832>
None
2018-04-14 15:26:00 [scrapy] DEBUG: Scraped from <200 https://twitter.com/i/search/timeline?l=en&f=tweets&q=%22Eye%20Tint%22&src=typed&max_position=TWEET-964116512989728768-984405307488120832>
None
2018-04-14 15:26:01 [scrapy] DEBUG: Scraped from <200 https://twitter.com/i/search/timeline?l=en&f=tweets&q=%22Eye%20Tint%22&src=typed&max_position=TWEET-964116512989728768-984405307488120832>
None
2018-04-14 15:26:01 [scrapy] DEBUG: Scraped from <200 https://twitter.com/i/search/timeline?l=en&f=tweets&q=%22Eye%20Tint%22&src=typed&max_position=TWEET-964116512989728768-984405307488120832>
None
2018-04-14 15:26:01 [scrapy] DEBUG: Scraped from <200 https://twitter.com/i/search/timeline?l=en&f=tweets&q=%22Eye%20Tint%22&src=typed&max_position=TWEET-964116512989728768-984405307488120832>
None
2018-04-14 15:26:01 [scrapy] DEBUG: Scraped from <200 https://twitter.com/i/search/timeline?l=en&f=tweets&q=%22Eye%20Tint%22&src=typed&max_position=TWEET-964116512989728768-984405307488120832>
None
2018-04-14 15:26:01 [scrapy] DEBUG: Scraped from <200 https://twitter.com/i/search/timeline?l=en&f=tweets&q=%22Eye%20Tint%22&src=typed&max_position=TWEET-964116512989728768-984405307488120832>
None
2018-04-14 15:26:01 [scrapy] DEBUG: Scraped from <200 https://twitter.com/i/search/timeline?l=en&f=tweets&q=%22Eye%20Tint%22&src=typed&max_position=TWEET-964116512989728768-984405307488120832>
None
2018-04-14 15:26:01 [scrapy] DEBUG: Scraped from <200 https://twitter.com/i/search/timeline?l=en&f=tweets&q=%22Eye%20Tint%22&src=typed&max_position=TWEET-964116512989728768-984405307488120832>
None
2018-04-14 15:26:01 [scrapy] DEBUG: Scraped from <200 https://twitter.com/i/search/timeline?l=en&f=tweets&q=%22Eye%20Tint%22&src=typed&max_position=TWEET-964116512989728768-984405307488120832>
None
2018-04-14 15:26:01 [scrapy] DEBUG: Scraped from <200 https://twitter.com/i/search/timeline?l=en&f=tweets&q=%22Eye%20Tint%22&src=typed&max_position=TWEET-964116512989728768-984405307488120832>
None
2018-04-14 15:26:02 [scrapy] DEBUG: Crawled (200) <GET https://twitter.com/i/search/timeline?l=en&f=tweets&q=%22Eye%20Tint%22&src=typed&max_position=TWEET-960376274328870913-984405307488120832> (referer: https://twitter.com/i/search/timeline?l=en&f=tweets&q=%22Eye%20Tint%22&src=typed&max_position=TWEET-964116512989728768-984405307488120832)
2018-04-14 15:26:02 [scrapy] DEBUG: Scraped from <200 https://twitter.com/i/search/timeline?l=en&f=tweets&q=%22Eye%20Tint%22&src=typed&max_position=TWEET-960376274328870913-984405307488120832>
None
2018-04-14 15:26:02 [scrapy] DEBUG: Scraped from <200 https://twitter.com/i/search/timeline?l=en&f=tweets&q=%22Eye%20Tint%22&src=typed&max_position=TWEET-960376274328870913-984405307488120832>
None
2018-04-14 15:26:02 [scrapy] DEBUG: Scraped from <200 https://twitter.com/i/search/timeline?l=en&f=tweets&q=%22Eye%20Tint%22&src=typed&max_position=TWEET-960376274328870913-984405307488120832>
None
2018-04-14 15:26:02 [scrapy] DEBUG: Scraped from <200 https://twitter.com/i/search/timeline?l=en&f=tweets&q=%22Eye%20Tint%22&src=typed&max_position=TWEET-960376274328870913-984405307488120832>
None
2018-04-14 15:26:02 [scrapy] DEBUG: Scraped from <200 https://twitter.com/i/search/timeline?l=en&f=tweets&q=%22Eye%20Tint%22&src=typed&max_position=TWEET-960376274328870913-984405307488120832>
None
2018-04-14 15:26:02 [scrapy] DEBUG: Scraped from <200 https://twitter.com/i/search/timeline?l=en&f=tweets&q=%22Eye%20Tint%22&src=typed&max_position=TWEET-960376274328870913-984405307488120832>
None
2018-04-14 15:26:02 [scrapy] DEBUG: Scraped from <200 https://twitter.com/i/search/timeline?l=en&f=tweets&q=%22Eye%20Tint%22&src=typed&max_position=TWEET-960376274328870913-984405307488120832>
None
2018-04-14 15:26:02 [scrapy] DEBUG: Scraped from <200 https://twitter.com/i/search/timeline?l=en&f=tweets&q=%22Eye%20Tint%22&src=typed&max_position=TWEET-960376274328870913-984405307488120832>
None
2018-04-14 15:26:02 [scrapy] DEBUG: Scraped from <200 https://twitter.com/i/search/timeline?l=en&f=tweets&q=%22Eye%20Tint%22&src=typed&max_position=TWEET-960376274328870913-984405307488120832>
None
2018-04-14 15:26:02 [scrapy] DEBUG: Scraped from <200 https://twitter.com/i/search/timeline?l=en&f=tweets&q=%22Eye%20Tint%22&src=typed&max_position=TWEET-960376274328870913-984405307488120832>
None
2018-04-14 15:26:02 [scrapy] DEBUG: Scraped from <200 https://twitter.com/i/search/timeline?l=en&f=tweets&q=%22Eye%20Tint%22&src=typed&max_position=TWEET-960376274328870913-984405307488120832>
None
2018-04-14 15:26:02 [scrapy] DEBUG: Scraped from <200 https://twitter.com/i/search/timeline?l=en&f=tweets&q=%22Eye%20Tint%22&src=typed&max_position=TWEET-960376274328870913-984405307488120832>
None
2018-04-14 15:26:02 [scrapy] DEBUG: Scraped from <200 https://twitter.com/i/search/timeline?l=en&f=tweets&q=%22Eye%20Tint%22&src=typed&max_position=TWEET-960376274328870913-984405307488120832>
None
2018-04-14 15:26:02 [scrapy] DEBUG: Scraped from <200 https://twitter.com/i/search/timeline?l=en&f=tweets&q=%22Eye%20Tint%22&src=typed&max_position=TWEET-960376274328870913-984405307488120832>
None
2018-04-14 15:26:02 [scrapy] DEBUG: Scraped from <200 https://twitter.com/i/search/timeline?l=en&f=tweets&q=%22Eye%20Tint%22&src=typed&max_position=TWEET-960376274328870913-984405307488120832>
None
2018-04-14 15:26:02 [scrapy] DEBUG: Scraped from <200 https://twitter.com/i/search/timeline?l=en&f=tweets&q=%22Eye%20Tint%22&src=typed&max_position=TWEET-960376274328870913-984405307488120832>
None
2018-04-14 15:26:02 [scrapy] DEBUG: Scraped from <200 https://twitter.com/i/search/timeline?l=en&f=tweets&q=%22Eye%20Tint%22&src=typed&max_position=TWEET-960376274328870913-984405307488120832>
None
2018-04-14 15:26:03 [scrapy] DEBUG: Crawled (200) <GET https://twitter.com/i/search/timeline?l=en&f=tweets&q=%22Eye%20Tint%22&src=typed&max_position=TWEET-945674995858137088-984405307488120832> (referer: https://twitter.com/i/search/timeline?l=en&f=tweets&q=%22Eye%20Tint%22&src=typed&max_position=TWEET-960376274328870913-984405307488120832)
2018-04-14 15:26:03 [scrapy] DEBUG: Scraped from <200 https://twitter.com/i/search/timeline?l=en&f=tweets&q=%22Eye%20Tint%22&src=typed&max_position=TWEET-945674995858137088-984405307488120832>
None
2018-04-14 15:26:03 [scrapy] DEBUG: Scraped from <200 https://twitter.com/i/search/timeline?l=en&f=tweets&q=%22Eye%20Tint%22&src=typed&max_position=TWEET-945674995858137088-984405307488120832>
None
2018-04-14 15:26:04 [scrapy] DEBUG: Scraped from <200 https://twitter.com/i/search/timeline?l=en&f=tweets&q=%22Eye%20Tint%22&src=typed&max_position=TWEET-945674995858137088-984405307488120832>
None
2018-04-14 15:26:04 [scrapy] DEBUG: Scraped from <200 https://twitter.com/i/search/timeline?l=en&f=tweets&q=%22Eye%20Tint%22&src=typed&max_position=TWEET-945674995858137088-984405307488120832>
None
2018-04-14 15:26:04 [scrapy] DEBUG: Scraped from <200 https://twitter.com/i/search/timeline?l=en&f=tweets&q=%22Eye%20Tint%22&src=typed&max_position=TWEET-945674995858137088-984405307488120832>
None
2018-04-14 15:26:04 [scrapy] DEBUG: Scraped from <200 https://twitter.com/i/search/timeline?l=en&f=tweets&q=%22Eye%20Tint%22&src=typed&max_position=TWEET-945674995858137088-984405307488120832>
None
2018-04-14 15:26:04 [scrapy] DEBUG: Scraped from <200 https://twitter.com/i/search/timeline?l=en&f=tweets&q=%22Eye%20Tint%22&src=typed&max_position=TWEET-945674995858137088-984405307488120832>
None
2018-04-14 15:26:04 [scrapy] DEBUG: Scraped from <200 https://twitter.com/i/search/timeline?l=en&f=tweets&q=%22Eye%20Tint%22&src=typed&max_position=TWEET-945674995858137088-984405307488120832>
None
2018-04-14 15:26:04 [scrapy] DEBUG: Scraped from <200 https://twitter.com/i/search/timeline?l=en&f=tweets&q=%22Eye%20Tint%22&src=typed&max_position=TWEET-945674995858137088-984405307488120832>
None
2018-04-14 15:26:04 [scrapy] DEBUG: Scraped from <200 https://twitter.com/i/search/timeline?l=en&f=tweets&q=%22Eye%20Tint%22&src=typed&max_position=TWEET-945674995858137088-984405307488120832>
None
2018-04-14 15:26:04 [scrapy] DEBUG: Scraped from <200 https://twitter.com/i/search/timeline?l=en&f=tweets&q=%22Eye%20Tint%22&src=typed&max_position=TWEET-945674995858137088-984405307488120832>
None
2018-04-14 15:26:04 [scrapy] DEBUG: Scraped from <200 https://twitter.com/i/search/timeline?l=en&f=tweets&q=%22Eye%20Tint%22&src=typed&max_position=TWEET-945674995858137088-984405307488120832>
None
2018-04-14 15:26:04 [scrapy] DEBUG: Scraped from <200 https://twitter.com/i/search/timeline?l=en&f=tweets&q=%22Eye%20Tint%22&src=typed&max_position=TWEET-945674995858137088-984405307488120832>
None
2018-04-14 15:26:04 [scrapy] DEBUG: Scraped from <200 https://twitter.com/i/search/timeline?l=en&f=tweets&q=%22Eye%20Tint%22&src=typed&max_position=TWEET-945674995858137088-984405307488120832>
None
2018-04-14 15:26:04 [scrapy] DEBUG: Scraped from <200 https://twitter.com/i/search/timeline?l=en&f=tweets&q=%22Eye%20Tint%22&src=typed&max_position=TWEET-945674995858137088-984405307488120832>
None
2018-04-14 15:26:04 [scrapy] DEBUG: Scraped from <200 https://twitter.com/i/search/timeline?l=en&f=tweets&q=%22Eye%20Tint%22&src=typed&max_position=TWEET-945674995858137088-984405307488120832>
None
2018-04-14 15:26:04 [scrapy] DEBUG: Scraped from <200 https://twitter.com/i/search/timeline?l=en&f=tweets&q=%22Eye%20Tint%22&src=typed&max_position=TWEET-945674995858137088-984405307488120832>
None
2018-04-14 15:26:05 [scrapy] DEBUG: Crawled (200) <GET https://twitter.com/i/search/timeline?l=en&f=tweets&q=%22Eye%20Tint%22&src=typed&max_position=TWEET-935279811668467718-984405307488120832> (referer: https://twitter.com/i/search/timeline?l=en&f=tweets&q=%22Eye%20Tint%22&src=typed&max_position=TWEET-945674995858137088-984405307488120832)
2018-04-14 15:26:05 [scrapy] DEBUG: Scraped from <200 https://twitter.com/i/search/timeline?l=en&f=tweets&q=%22Eye%20Tint%22&src=typed&max_position=TWEET-935279811668467718-984405307488120832>
None
2018-04-14 15:26:05 [scrapy] DEBUG: Scraped from <200 https://twitter.com/i/search/timeline?l=en&f=tweets&q=%22Eye%20Tint%22&src=typed&max_position=TWEET-935279811668467718-984405307488120832>
None
2018-04-14 15:26:05 [scrapy] DEBUG: Scraped from <200 https://twitter.com/i/search/timeline?l=en&f=tweets&q=%22Eye%20Tint%22&src=typed&max_position=TWEET-935279811668467718-984405307488120832>
None
2018-04-14 15:26:06 [scrapy] DEBUG: Scraped from <200 https://twitter.com/i/search/timeline?l=en&f=tweets&q=%22Eye%20Tint%22&src=typed&max_position=TWEET-935279811668467718-984405307488120832>
None
2018-04-14 15:26:06 [scrapy] DEBUG: Scraped from <200 https://twitter.com/i/search/timeline?l=en&f=tweets&q=%22Eye%20Tint%22&src=typed&max_position=TWEET-935279811668467718-984405307488120832>
None
2018-04-14 15:26:06 [scrapy] DEBUG: Scraped from <200 https://twitter.com/i/search/timeline?l=en&f=tweets&q=%22Eye%20Tint%22&src=typed&max_position=TWEET-935279811668467718-984405307488120832>
None
2018-04-14 15:26:06 [scrapy] DEBUG: Scraped from <200 https://twitter.com/i/search/timeline?l=en&f=tweets&q=%22Eye%20Tint%22&src=typed&max_position=TWEET-935279811668467718-984405307488120832>
None
2018-04-14 15:26:06 [scrapy] DEBUG: Scraped from <200 https://twitter.com/i/search/timeline?l=en&f=tweets&q=%22Eye%20Tint%22&src=typed&max_position=TWEET-935279811668467718-984405307488120832>
None
2018-04-14 15:26:06 [scrapy] DEBUG: Scraped from <200 https://twitter.com/i/search/timeline?l=en&f=tweets&q=%22Eye%20Tint%22&src=typed&max_position=TWEET-935279811668467718-984405307488120832>
None
2018-04-14 15:26:06 [scrapy] DEBUG: Scraped from <200 https://twitter.com/i/search/timeline?l=en&f=tweets&q=%22Eye%20Tint%22&src=typed&max_position=TWEET-935279811668467718-984405307488120832>
None
2018-04-14 15:26:06 [scrapy] DEBUG: Scraped from <200 https://twitter.com/i/search/timeline?l=en&f=tweets&q=%22Eye%20Tint%22&src=typed&max_position=TWEET-935279811668467718-984405307488120832>
None
2018-04-14 15:26:06 [scrapy] DEBUG: Scraped from <200 https://twitter.com/i/search/timeline?l=en&f=tweets&q=%22Eye%20Tint%22&src=typed&max_position=TWEET-935279811668467718-984405307488120832>
None
2018-04-14 15:26:06 [scrapy] DEBUG: Scraped from <200 https://twitter.com/i/search/timeline?l=en&f=tweets&q=%22Eye%20Tint%22&src=typed&max_position=TWEET-935279811668467718-984405307488120832>
None
2018-04-14 15:26:06 [scrapy] DEBUG: Scraped from <200 https://twitter.com/i/search/timeline?l=en&f=tweets&q=%22Eye%20Tint%22&src=typed&max_position=TWEET-935279811668467718-984405307488120832>
None
2018-04-14 15:26:06 [scrapy] DEBUG: Scraped from <200 https://twitter.com/i/search/timeline?l=en&f=tweets&q=%22Eye%20Tint%22&src=typed&max_position=TWEET-935279811668467718-984405307488120832>
None
2018-04-14 15:26:06 [scrapy] DEBUG: Scraped from <200 https://twitter.com/i/search/timeline?l=en&f=tweets&q=%22Eye%20Tint%22&src=typed&max_position=TWEET-935279811668467718-984405307488120832>
None
2018-04-14 15:26:06 [scrapy] DEBUG: Scraped from <200 https://twitter.com/i/search/timeline?l=en&f=tweets&q=%22Eye%20Tint%22&src=typed&max_position=TWEET-935279811668467718-984405307488120832>
None
2018-04-14 15:26:06 [scrapy] DEBUG: Scraped from <200 https://twitter.com/i/search/timeline?l=en&f=tweets&q=%22Eye%20Tint%22&src=typed&max_position=TWEET-935279811668467718-984405307488120832>
None
2018-04-14 15:26:06 [scrapy] DEBUG: Scraped from <200 https://twitter.com/i/search/timeline?l=en&f=tweets&q=%22Eye%20Tint%22&src=typed&max_position=TWEET-935279811668467718-984405307488120832>
None
2018-04-14 15:26:06 [scrapy] DEBUG: Scraped from <200 https://twitter.com/i/search/timeline?l=en&f=tweets&q=%22Eye%20Tint%22&src=typed&max_position=TWEET-935279811668467718-984405307488120832>
None
2018-04-14 15:26:07 [scrapy] DEBUG: Crawled (200) <GET https://twitter.com/i/search/timeline?l=en&f=tweets&q=%22Eye%20Tint%22&src=typed&max_position=TWEET-928387191343951872-984405307488120832> (referer: https://twitter.com/i/search/timeline?l=en&f=tweets&q=%22Eye%20Tint%22&src=typed&max_position=TWEET-935279811668467718-984405307488120832)
2018-04-14 15:26:07 [scrapy] DEBUG: Scraped from <200 https://twitter.com/i/search/timeline?l=en&f=tweets&q=%22Eye%20Tint%22&src=typed&max_position=TWEET-928387191343951872-984405307488120832>
None
2018-04-14 15:26:07 [scrapy] DEBUG: Scraped from <200 https://twitter.com/i/search/timeline?l=en&f=tweets&q=%22Eye%20Tint%22&src=typed&max_position=TWEET-928387191343951872-984405307488120832>
None
2018-04-14 15:26:07 [scrapy] DEBUG: Scraped from <200 https://twitter.com/i/search/timeline?l=en&f=tweets&q=%22Eye%20Tint%22&src=typed&max_position=TWEET-928387191343951872-984405307488120832>
None
2018-04-14 15:26:07 [scrapy] DEBUG: Scraped from <200 https://twitter.com/i/search/timeline?l=en&f=tweets&q=%22Eye%20Tint%22&src=typed&max_position=TWEET-928387191343951872-984405307488120832>
None
2018-04-14 15:26:07 [scrapy] DEBUG: Scraped from <200 https://twitter.com/i/search/timeline?l=en&f=tweets&q=%22Eye%20Tint%22&src=typed&max_position=TWEET-928387191343951872-984405307488120832>
None
2018-04-14 15:26:07 [scrapy] DEBUG: Scraped from <200 https://twitter.com/i/search/timeline?l=en&f=tweets&q=%22Eye%20Tint%22&src=typed&max_position=TWEET-928387191343951872-984405307488120832>
None
2018-04-14 15:26:07 [scrapy] DEBUG: Scraped from <200 https://twitter.com/i/search/timeline?l=en&f=tweets&q=%22Eye%20Tint%22&src=typed&max_position=TWEET-928387191343951872-984405307488120832>
None
2018-04-14 15:26:08 [scrapy] DEBUG: Scraped from <200 https://twitter.com/i/search/timeline?l=en&f=tweets&q=%22Eye%20Tint%22&src=typed&max_position=TWEET-928387191343951872-984405307488120832>
None
2018-04-14 15:26:08 [scrapy] DEBUG: Scraped from <200 https://twitter.com/i/search/timeline?l=en&f=tweets&q=%22Eye%20Tint%22&src=typed&max_position=TWEET-928387191343951872-984405307488120832>
None
2018-04-14 15:26:08 [scrapy] DEBUG: Scraped from <200 https://twitter.com/i/search/timeline?l=en&f=tweets&q=%22Eye%20Tint%22&src=typed&max_position=TWEET-928387191343951872-984405307488120832>
None
2018-04-14 15:26:08 [scrapy] DEBUG: Scraped from <200 https://twitter.com/i/search/timeline?l=en&f=tweets&q=%22Eye%20Tint%22&src=typed&max_position=TWEET-928387191343951872-984405307488120832>
None
2018-04-14 15:26:08 [scrapy] DEBUG: Scraped from <200 https://twitter.com/i/search/timeline?l=en&f=tweets&q=%22Eye%20Tint%22&src=typed&max_position=TWEET-928387191343951872-984405307488120832>
None
2018-04-14 15:26:08 [scrapy] DEBUG: Scraped from <200 https://twitter.com/i/search/timeline?l=en&f=tweets&q=%22Eye%20Tint%22&src=typed&max_position=TWEET-928387191343951872-984405307488120832>
None
2018-04-14 15:26:08 [scrapy] DEBUG: Scraped from <200 https://twitter.com/i/search/timeline?l=en&f=tweets&q=%22Eye%20Tint%22&src=typed&max_position=TWEET-928387191343951872-984405307488120832>
None
2018-04-14 15:26:08 [scrapy] DEBUG: Scraped from <200 https://twitter.com/i/search/timeline?l=en&f=tweets&q=%22Eye%20Tint%22&src=typed&max_position=TWEET-928387191343951872-984405307488120832>
None
2018-04-14 15:26:08 [scrapy] DEBUG: Scraped from <200 https://twitter.com/i/search/timeline?l=en&f=tweets&q=%22Eye%20Tint%22&src=typed&max_position=TWEET-928387191343951872-984405307488120832>
None
2018-04-14 15:26:08 [scrapy] DEBUG: Scraped from <200 https://twitter.com/i/search/timeline?l=en&f=tweets&q=%22Eye%20Tint%22&src=typed&max_position=TWEET-928387191343951872-984405307488120832>
None
2018-04-14 15:26:08 [scrapy] DEBUG: Scraped from <200 https://twitter.com/i/search/timeline?l=en&f=tweets&q=%22Eye%20Tint%22&src=typed&max_position=TWEET-928387191343951872-984405307488120832>
None
2018-04-14 15:26:08 [scrapy] DEBUG: Scraped from <200 https://twitter.com/i/search/timeline?l=en&f=tweets&q=%22Eye%20Tint%22&src=typed&max_position=TWEET-928387191343951872-984405307488120832>
None
2018-04-14 15:26:08 [scrapy] DEBUG: Scraped from <200 https://twitter.com/i/search/timeline?l=en&f=tweets&q=%22Eye%20Tint%22&src=typed&max_position=TWEET-928387191343951872-984405307488120832>
None
2018-04-14 15:26:09 [scrapy] DEBUG: Crawled (200) <GET https://twitter.com/i/search/timeline?l=en&f=tweets&q=%22Eye%20Tint%22&src=typed&max_position=TWEET-928244865665662977-984405307488120832> (referer: https://twitter.com/i/search/timeline?l=en&f=tweets&q=%22Eye%20Tint%22&src=typed&max_position=TWEET-928387191343951872-984405307488120832)
2018-04-14 15:26:09 [scrapy] DEBUG: Scraped from <200 https://twitter.com/i/search/timeline?l=en&f=tweets&q=%22Eye%20Tint%22&src=typed&max_position=TWEET-928244865665662977-984405307488120832>
None
2018-04-14 15:26:09 [scrapy] DEBUG: Scraped from <200 https://twitter.com/i/search/timeline?l=en&f=tweets&q=%22Eye%20Tint%22&src=typed&max_position=TWEET-928244865665662977-984405307488120832>
None
2018-04-14 15:26:09 [scrapy] DEBUG: Scraped from <200 https://twitter.com/i/search/timeline?l=en&f=tweets&q=%22Eye%20Tint%22&src=typed&max_position=TWEET-928244865665662977-984405307488120832>
None
2018-04-14 15:26:09 [scrapy] DEBUG: Scraped from <200 https://twitter.com/i/search/timeline?l=en&f=tweets&q=%22Eye%20Tint%22&src=typed&max_position=TWEET-928244865665662977-984405307488120832>
None
2018-04-14 15:26:09 [scrapy] DEBUG: Scraped from <200 https://twitter.com/i/search/timeline?l=en&f=tweets&q=%22Eye%20Tint%22&src=typed&max_position=TWEET-928244865665662977-984405307488120832>
None
2018-04-14 15:26:09 [scrapy] DEBUG: Scraped from <200 https://twitter.com/i/search/timeline?l=en&f=tweets&q=%22Eye%20Tint%22&src=typed&max_position=TWEET-928244865665662977-984405307488120832>
None
2018-04-14 15:26:09 [scrapy] DEBUG: Scraped from <200 https://twitter.com/i/search/timeline?l=en&f=tweets&q=%22Eye%20Tint%22&src=typed&max_position=TWEET-928244865665662977-984405307488120832>
None
2018-04-14 15:26:10 [scrapy] DEBUG: Scraped from <200 https://twitter.com/i/search/timeline?l=en&f=tweets&q=%22Eye%20Tint%22&src=typed&max_position=TWEET-928244865665662977-984405307488120832>
None
2018-04-14 15:26:10 [scrapy] DEBUG: Scraped from <200 https://twitter.com/i/search/timeline?l=en&f=tweets&q=%22Eye%20Tint%22&src=typed&max_position=TWEET-928244865665662977-984405307488120832>
None
2018-04-14 15:26:10 [scrapy] DEBUG: Scraped from <200 https://twitter.com/i/search/timeline?l=en&f=tweets&q=%22Eye%20Tint%22&src=typed&max_position=TWEET-928244865665662977-984405307488120832>
None
2018-04-14 15:26:10 [scrapy] DEBUG: Scraped from <200 https://twitter.com/i/search/timeline?l=en&f=tweets&q=%22Eye%20Tint%22&src=typed&max_position=TWEET-928244865665662977-984405307488120832>
None
2018-04-14 15:26:10 [scrapy] DEBUG: Scraped from <200 https://twitter.com/i/search/timeline?l=en&f=tweets&q=%22Eye%20Tint%22&src=typed&max_position=TWEET-928244865665662977-984405307488120832>
None
2018-04-14 15:26:10 [scrapy] DEBUG: Scraped from <200 https://twitter.com/i/search/timeline?l=en&f=tweets&q=%22Eye%20Tint%22&src=typed&max_position=TWEET-928244865665662977-984405307488120832>
None
2018-04-14 15:26:10 [scrapy] DEBUG: Scraped from <200 https://twitter.com/i/search/timeline?l=en&f=tweets&q=%22Eye%20Tint%22&src=typed&max_position=TWEET-928244865665662977-984405307488120832>
None
2018-04-14 15:26:10 [scrapy] DEBUG: Scraped from <200 https://twitter.com/i/search/timeline?l=en&f=tweets&q=%22Eye%20Tint%22&src=typed&max_position=TWEET-928244865665662977-984405307488120832>
None
2018-04-14 15:26:10 [scrapy] DEBUG: Scraped from <200 https://twitter.com/i/search/timeline?l=en&f=tweets&q=%22Eye%20Tint%22&src=typed&max_position=TWEET-928244865665662977-984405307488120832>
None
2018-04-14 15:26:10 [scrapy] DEBUG: Scraped from <200 https://twitter.com/i/search/timeline?l=en&f=tweets&q=%22Eye%20Tint%22&src=typed&max_position=TWEET-928244865665662977-984405307488120832>
None
2018-04-14 15:26:10 [scrapy] DEBUG: Scraped from <200 https://twitter.com/i/search/timeline?l=en&f=tweets&q=%22Eye%20Tint%22&src=typed&max_position=TWEET-928244865665662977-984405307488120832>
None
2018-04-14 15:26:10 [scrapy] DEBUG: Scraped from <200 https://twitter.com/i/search/timeline?l=en&f=tweets&q=%22Eye%20Tint%22&src=typed&max_position=TWEET-928244865665662977-984405307488120832>
None
2018-04-14 15:26:10 [scrapy] DEBUG: Scraped from <200 https://twitter.com/i/search/timeline?l=en&f=tweets&q=%22Eye%20Tint%22&src=typed&max_position=TWEET-928244865665662977-984405307488120832>
None
2018-04-14 15:26:11 [scrapy] DEBUG: Crawled (200) <GET https://twitter.com/i/search/timeline?l=en&f=tweets&q=%22Eye%20Tint%22&src=typed&max_position=TWEET-927623492647911424-984405307488120832> (referer: https://twitter.com/i/search/timeline?l=en&f=tweets&q=%22Eye%20Tint%22&src=typed&max_position=TWEET-928244865665662977-984405307488120832)
2018-04-14 15:26:11 [scrapy] DEBUG: Scraped from <200 https://twitter.com/i/search/timeline?l=en&f=tweets&q=%22Eye%20Tint%22&src=typed&max_position=TWEET-927623492647911424-984405307488120832>
None
2018-04-14 15:26:11 [scrapy] DEBUG: Scraped from <200 https://twitter.com/i/search/timeline?l=en&f=tweets&q=%22Eye%20Tint%22&src=typed&max_position=TWEET-927623492647911424-984405307488120832>
None
2018-04-14 15:26:11 [scrapy] DEBUG: Scraped from <200 https://twitter.com/i/search/timeline?l=en&f=tweets&q=%22Eye%20Tint%22&src=typed&max_position=TWEET-927623492647911424-984405307488120832>
None
2018-04-14 15:26:11 [scrapy] DEBUG: Scraped from <200 https://twitter.com/i/search/timeline?l=en&f=tweets&q=%22Eye%20Tint%22&src=typed&max_position=TWEET-927623492647911424-984405307488120832>
None
2018-04-14 15:26:11 [scrapy] DEBUG: Scraped from <200 https://twitter.com/i/search/timeline?l=en&f=tweets&q=%22Eye%20Tint%22&src=typed&max_position=TWEET-927623492647911424-984405307488120832>
None
2018-04-14 15:26:11 [scrapy] DEBUG: Scraped from <200 https://twitter.com/i/search/timeline?l=en&f=tweets&q=%22Eye%20Tint%22&src=typed&max_position=TWEET-927623492647911424-984405307488120832>
None
2018-04-14 15:26:11 [scrapy] DEBUG: Scraped from <200 https://twitter.com/i/search/timeline?l=en&f=tweets&q=%22Eye%20Tint%22&src=typed&max_position=TWEET-927623492647911424-984405307488120832>
None
2018-04-14 15:26:11 [scrapy] DEBUG: Scraped from <200 https://twitter.com/i/search/timeline?l=en&f=tweets&q=%22Eye%20Tint%22&src=typed&max_position=TWEET-927623492647911424-984405307488120832>
None
2018-04-14 15:26:11 [scrapy] DEBUG: Scraped from <200 https://twitter.com/i/search/timeline?l=en&f=tweets&q=%22Eye%20Tint%22&src=typed&max_position=TWEET-927623492647911424-984405307488120832>
None
2018-04-14 15:26:11 [scrapy] DEBUG: Scraped from <200 https://twitter.com/i/search/timeline?l=en&f=tweets&q=%22Eye%20Tint%22&src=typed&max_position=TWEET-927623492647911424-984405307488120832>
None
2018-04-14 15:26:12 [scrapy] DEBUG: Scraped from <200 https://twitter.com/i/search/timeline?l=en&f=tweets&q=%22Eye%20Tint%22&src=typed&max_position=TWEET-927623492647911424-984405307488120832>
None
2018-04-14 15:26:12 [scrapy] DEBUG: Crawled (200) <GET https://twitter.com/i/search/timeline?l=en&f=tweets&q=%22Eye%20Tint%22&src=typed&max_position=TWEET-921379016376049664-984405307488120832> (referer: https://twitter.com/i/search/timeline?l=en&f=tweets&q=%22Eye%20Tint%22&src=typed&max_position=TWEET-927623492647911424-984405307488120832)
2018-04-14 15:26:12 [scrapy] DEBUG: Scraped from <200 https://twitter.com/i/search/timeline?l=en&f=tweets&q=%22Eye%20Tint%22&src=typed&max_position=TWEET-921379016376049664-984405307488120832>
None
2018-04-14 15:26:12 [scrapy] DEBUG: Scraped from <200 https://twitter.com/i/search/timeline?l=en&f=tweets&q=%22Eye%20Tint%22&src=typed&max_position=TWEET-921379016376049664-984405307488120832>
None
2018-04-14 15:26:12 [scrapy] DEBUG: Scraped from <200 https://twitter.com/i/search/timeline?l=en&f=tweets&q=%22Eye%20Tint%22&src=typed&max_position=TWEET-921379016376049664-984405307488120832>
None
2018-04-14 15:26:12 [scrapy] DEBUG: Scraped from <200 https://twitter.com/i/search/timeline?l=en&f=tweets&q=%22Eye%20Tint%22&src=typed&max_position=TWEET-921379016376049664-984405307488120832>
None
2018-04-14 15:26:13 [scrapy] DEBUG: Scraped from <200 https://twitter.com/i/search/timeline?l=en&f=tweets&q=%22Eye%20Tint%22&src=typed&max_position=TWEET-921379016376049664-984405307488120832>
None
2018-04-14 15:26:13 [scrapy] DEBUG: Scraped from <200 https://twitter.com/i/search/timeline?l=en&f=tweets&q=%22Eye%20Tint%22&src=typed&max_position=TWEET-921379016376049664-984405307488120832>
None
2018-04-14 15:26:13 [scrapy] DEBUG: Scraped from <200 https://twitter.com/i/search/timeline?l=en&f=tweets&q=%22Eye%20Tint%22&src=typed&max_position=TWEET-921379016376049664-984405307488120832>
None
2018-04-14 15:26:13 [scrapy] DEBUG: Scraped from <200 https://twitter.com/i/search/timeline?l=en&f=tweets&q=%22Eye%20Tint%22&src=typed&max_position=TWEET-921379016376049664-984405307488120832>
None
2018-04-14 15:26:13 [scrapy] DEBUG: Scraped from <200 https://twitter.com/i/search/timeline?l=en&f=tweets&q=%22Eye%20Tint%22&src=typed&max_position=TWEET-921379016376049664-984405307488120832>
None
2018-04-14 15:26:13 [scrapy] DEBUG: Scraped from <200 https://twitter.com/i/search/timeline?l=en&f=tweets&q=%22Eye%20Tint%22&src=typed&max_position=TWEET-921379016376049664-984405307488120832>
None
2018-04-14 15:26:13 [scrapy] DEBUG: Scraped from <200 https://twitter.com/i/search/timeline?l=en&f=tweets&q=%22Eye%20Tint%22&src=typed&max_position=TWEET-921379016376049664-984405307488120832>
None
2018-04-14 15:26:13 [scrapy] DEBUG: Scraped from <200 https://twitter.com/i/search/timeline?l=en&f=tweets&q=%22Eye%20Tint%22&src=typed&max_position=TWEET-921379016376049664-984405307488120832>
None
2018-04-14 15:26:13 [scrapy] DEBUG: Scraped from <200 https://twitter.com/i/search/timeline?l=en&f=tweets&q=%22Eye%20Tint%22&src=typed&max_position=TWEET-921379016376049664-984405307488120832>
None
2018-04-14 15:26:13 [scrapy] DEBUG: Scraped from <200 https://twitter.com/i/search/timeline?l=en&f=tweets&q=%22Eye%20Tint%22&src=typed&max_position=TWEET-921379016376049664-984405307488120832>
None
2018-04-14 15:26:14 [scrapy] DEBUG: Crawled (200) <GET https://twitter.com/i/search/timeline?l=en&f=tweets&q=%22Eye%20Tint%22&src=typed&max_position=TWEET-897099185236963336-984405307488120832> (referer: https://twitter.com/i/search/timeline?l=en&f=tweets&q=%22Eye%20Tint%22&src=typed&max_position=TWEET-921379016376049664-984405307488120832)
2018-04-14 15:26:14 [scrapy] DEBUG: Scraped from <200 https://twitter.com/i/search/timeline?l=en&f=tweets&q=%22Eye%20Tint%22&src=typed&max_position=TWEET-897099185236963336-984405307488120832>
None
2018-04-14 15:26:14 [scrapy] DEBUG: Scraped from <200 https://twitter.com/i/search/timeline?l=en&f=tweets&q=%22Eye%20Tint%22&src=typed&max_position=TWEET-897099185236963336-984405307488120832>
None
2018-04-14 15:26:14 [scrapy] DEBUG: Scraped from <200 https://twitter.com/i/search/timeline?l=en&f=tweets&q=%22Eye%20Tint%22&src=typed&max_position=TWEET-897099185236963336-984405307488120832>
None
2018-04-14 15:26:14 [scrapy] DEBUG: Scraped from <200 https://twitter.com/i/search/timeline?l=en&f=tweets&q=%22Eye%20Tint%22&src=typed&max_position=TWEET-897099185236963336-984405307488120832>
None
2018-04-14 15:26:14 [scrapy] DEBUG: Scraped from <200 https://twitter.com/i/search/timeline?l=en&f=tweets&q=%22Eye%20Tint%22&src=typed&max_position=TWEET-897099185236963336-984405307488120832>
None
2018-04-14 15:26:14 [scrapy] DEBUG: Scraped from <200 https://twitter.com/i/search/timeline?l=en&f=tweets&q=%22Eye%20Tint%22&src=typed&max_position=TWEET-897099185236963336-984405307488120832>
None
2018-04-14 15:26:14 [scrapy] DEBUG: Scraped from <200 https://twitter.com/i/search/timeline?l=en&f=tweets&q=%22Eye%20Tint%22&src=typed&max_position=TWEET-897099185236963336-984405307488120832>
None
2018-04-14 15:26:14 [scrapy] DEBUG: Scraped from <200 https://twitter.com/i/search/timeline?l=en&f=tweets&q=%22Eye%20Tint%22&src=typed&max_position=TWEET-897099185236963336-984405307488120832>
None
2018-04-14 15:26:14 [scrapy] DEBUG: Scraped from <200 https://twitter.com/i/search/timeline?l=en&f=tweets&q=%22Eye%20Tint%22&src=typed&max_position=TWEET-897099185236963336-984405307488120832>
None
2018-04-14 15:26:14 [scrapy] DEBUG: Scraped from <200 https://twitter.com/i/search/timeline?l=en&f=tweets&q=%22Eye%20Tint%22&src=typed&max_position=TWEET-897099185236963336-984405307488120832>
None
2018-04-14 15:26:14 [scrapy] DEBUG: Scraped from <200 https://twitter.com/i/search/timeline?l=en&f=tweets&q=%22Eye%20Tint%22&src=typed&max_position=TWEET-897099185236963336-984405307488120832>
None
2018-04-14 15:26:14 [scrapy] DEBUG: Scraped from <200 https://twitter.com/i/search/timeline?l=en&f=tweets&q=%22Eye%20Tint%22&src=typed&max_position=TWEET-897099185236963336-984405307488120832>
None
2018-04-14 15:26:14 [scrapy] DEBUG: Scraped from <200 https://twitter.com/i/search/timeline?l=en&f=tweets&q=%22Eye%20Tint%22&src=typed&max_position=TWEET-897099185236963336-984405307488120832>
None
2018-04-14 15:26:14 [scrapy] DEBUG: Scraped from <200 https://twitter.com/i/search/timeline?l=en&f=tweets&q=%22Eye%20Tint%22&src=typed&max_position=TWEET-897099185236963336-984405307488120832>
None
2018-04-14 15:26:15 [scrapy] DEBUG: Scraped from <200 https://twitter.com/i/search/timeline?l=en&f=tweets&q=%22Eye%20Tint%22&src=typed&max_position=TWEET-897099185236963336-984405307488120832>
None
2018-04-14 15:26:15 [scrapy] DEBUG: Scraped from <200 https://twitter.com/i/search/timeline?l=en&f=tweets&q=%22Eye%20Tint%22&src=typed&max_position=TWEET-897099185236963336-984405307488120832>
None
2018-04-14 15:26:15 [scrapy] DEBUG: Scraped from <200 https://twitter.com/i/search/timeline?l=en&f=tweets&q=%22Eye%20Tint%22&src=typed&max_position=TWEET-897099185236963336-984405307488120832>
None
2018-04-14 15:26:15 [scrapy] DEBUG: Scraped from <200 https://twitter.com/i/search/timeline?l=en&f=tweets&q=%22Eye%20Tint%22&src=typed&max_position=TWEET-897099185236963336-984405307488120832>
None
2018-04-14 15:26:15 [scrapy] DEBUG: Scraped from <200 https://twitter.com/i/search/timeline?l=en&f=tweets&q=%22Eye%20Tint%22&src=typed&max_position=TWEET-897099185236963336-984405307488120832>
None
2018-04-14 15:26:15 [scrapy] DEBUG: Crawled (200) <GET https://twitter.com/i/search/timeline?l=en&f=tweets&q=%22Eye%20Tint%22&src=typed&max_position=TWEET-890707234510057474-984405307488120832> (referer: https://twitter.com/i/search/timeline?l=en&f=tweets&q=%22Eye%20Tint%22&src=typed&max_position=TWEET-897099185236963336-984405307488120832)
2018-04-14 15:26:15 [scrapy] DEBUG: Scraped from <200 https://twitter.com/i/search/timeline?l=en&f=tweets&q=%22Eye%20Tint%22&src=typed&max_position=TWEET-890707234510057474-984405307488120832>
None
2018-04-14 15:26:15 [scrapy] DEBUG: Scraped from <200 https://twitter.com/i/search/timeline?l=en&f=tweets&q=%22Eye%20Tint%22&src=typed&max_position=TWEET-890707234510057474-984405307488120832>
None
2018-04-14 15:26:16 [scrapy] DEBUG: Scraped from <200 https://twitter.com/i/search/timeline?l=en&f=tweets&q=%22Eye%20Tint%22&src=typed&max_position=TWEET-890707234510057474-984405307488120832>
None
2018-04-14 15:26:16 [scrapy] DEBUG: Scraped from <200 https://twitter.com/i/search/timeline?l=en&f=tweets&q=%22Eye%20Tint%22&src=typed&max_position=TWEET-890707234510057474-984405307488120832>
None
2018-04-14 15:26:16 [scrapy] DEBUG: Scraped from <200 https://twitter.com/i/search/timeline?l=en&f=tweets&q=%22Eye%20Tint%22&src=typed&max_position=TWEET-890707234510057474-984405307488120832>
None
2018-04-14 15:26:16 [scrapy] DEBUG: Scraped from <200 https://twitter.com/i/search/timeline?l=en&f=tweets&q=%22Eye%20Tint%22&src=typed&max_position=TWEET-890707234510057474-984405307488120832>
None
2018-04-14 15:26:16 [scrapy] DEBUG: Scraped from <200 https://twitter.com/i/search/timeline?l=en&f=tweets&q=%22Eye%20Tint%22&src=typed&max_position=TWEET-890707234510057474-984405307488120832>
None
2018-04-14 15:26:16 [scrapy] DEBUG: Scraped from <200 https://twitter.com/i/search/timeline?l=en&f=tweets&q=%22Eye%20Tint%22&src=typed&max_position=TWEET-890707234510057474-984405307488120832>
None
2018-04-14 15:26:16 [scrapy] DEBUG: Scraped from <200 https://twitter.com/i/search/timeline?l=en&f=tweets&q=%22Eye%20Tint%22&src=typed&max_position=TWEET-890707234510057474-984405307488120832>
None
2018-04-14 15:26:16 [scrapy] DEBUG: Scraped from <200 https://twitter.com/i/search/timeline?l=en&f=tweets&q=%22Eye%20Tint%22&src=typed&max_position=TWEET-890707234510057474-984405307488120832>
None
2018-04-14 15:26:16 [scrapy] DEBUG: Scraped from <200 https://twitter.com/i/search/timeline?l=en&f=tweets&q=%22Eye%20Tint%22&src=typed&max_position=TWEET-890707234510057474-984405307488120832>
None
2018-04-14 15:26:16 [scrapy] DEBUG: Crawled (200) <GET https://twitter.com/i/search/timeline?l=en&f=tweets&q=%22Eye%20Tint%22&src=typed&max_position=TWEET-882999006393225216-984405307488120832> (referer: https://twitter.com/i/search/timeline?l=en&f=tweets&q=%22Eye%20Tint%22&src=typed&max_position=TWEET-890707234510057474-984405307488120832)
2018-04-14 15:26:17 [scrapy] DEBUG: Scraped from <200 https://twitter.com/i/search/timeline?l=en&f=tweets&q=%22Eye%20Tint%22&src=typed&max_position=TWEET-882999006393225216-984405307488120832>
None
2018-04-14 15:26:17 [scrapy] DEBUG: Scraped from <200 https://twitter.com/i/search/timeline?l=en&f=tweets&q=%22Eye%20Tint%22&src=typed&max_position=TWEET-882999006393225216-984405307488120832>
None
2018-04-14 15:26:17 [scrapy] DEBUG: Scraped from <200 https://twitter.com/i/search/timeline?l=en&f=tweets&q=%22Eye%20Tint%22&src=typed&max_position=TWEET-882999006393225216-984405307488120832>
None
2018-04-14 15:26:17 [scrapy] DEBUG: Scraped from <200 https://twitter.com/i/search/timeline?l=en&f=tweets&q=%22Eye%20Tint%22&src=typed&max_position=TWEET-882999006393225216-984405307488120832>
None
2018-04-14 15:26:17 [scrapy] DEBUG: Scraped from <200 https://twitter.com/i/search/timeline?l=en&f=tweets&q=%22Eye%20Tint%22&src=typed&max_position=TWEET-882999006393225216-984405307488120832>
None
2018-04-14 15:26:17 [scrapy] DEBUG: Scraped from <200 https://twitter.com/i/search/timeline?l=en&f=tweets&q=%22Eye%20Tint%22&src=typed&max_position=TWEET-882999006393225216-984405307488120832>
None
2018-04-14 15:26:17 [scrapy] DEBUG: Scraped from <200 https://twitter.com/i/search/timeline?l=en&f=tweets&q=%22Eye%20Tint%22&src=typed&max_position=TWEET-882999006393225216-984405307488120832>
None
2018-04-14 15:26:17 [scrapy] DEBUG: Scraped from <200 https://twitter.com/i/search/timeline?l=en&f=tweets&q=%22Eye%20Tint%22&src=typed&max_position=TWEET-882999006393225216-984405307488120832>
None
2018-04-14 15:26:17 [scrapy] DEBUG: Crawled (200) <GET https://twitter.com/i/search/timeline?l=en&f=tweets&q=%22Eye%20Tint%22&src=typed&max_position=TWEET-875745074386227200-984405307488120832> (referer: https://twitter.com/i/search/timeline?l=en&f=tweets&q=%22Eye%20Tint%22&src=typed&max_position=TWEET-882999006393225216-984405307488120832)
2018-04-14 15:26:18 [scrapy] DEBUG: Scraped from <200 https://twitter.com/i/search/timeline?l=en&f=tweets&q=%22Eye%20Tint%22&src=typed&max_position=TWEET-875745074386227200-984405307488120832>
None
2018-04-14 15:26:18 [scrapy] DEBUG: Scraped from <200 https://twitter.com/i/search/timeline?l=en&f=tweets&q=%22Eye%20Tint%22&src=typed&max_position=TWEET-875745074386227200-984405307488120832>
None
2018-04-14 15:26:18 [scrapy] DEBUG: Scraped from <200 https://twitter.com/i/search/timeline?l=en&f=tweets&q=%22Eye%20Tint%22&src=typed&max_position=TWEET-875745074386227200-984405307488120832>
None
2018-04-14 15:26:18 [scrapy] DEBUG: Scraped from <200 https://twitter.com/i/search/timeline?l=en&f=tweets&q=%22Eye%20Tint%22&src=typed&max_position=TWEET-875745074386227200-984405307488120832>
None
2018-04-14 15:26:18 [scrapy] DEBUG: Scraped from <200 https://twitter.com/i/search/timeline?l=en&f=tweets&q=%22Eye%20Tint%22&src=typed&max_position=TWEET-875745074386227200-984405307488120832>
None
2018-04-14 15:26:18 [scrapy] DEBUG: Scraped from <200 https://twitter.com/i/search/timeline?l=en&f=tweets&q=%22Eye%20Tint%22&src=typed&max_position=TWEET-875745074386227200-984405307488120832>
None
2018-04-14 15:26:18 [scrapy] DEBUG: Scraped from <200 https://twitter.com/i/search/timeline?l=en&f=tweets&q=%22Eye%20Tint%22&src=typed&max_position=TWEET-875745074386227200-984405307488120832>
None
2018-04-14 15:26:18 [scrapy] DEBUG: Scraped from <200 https://twitter.com/i/search/timeline?l=en&f=tweets&q=%22Eye%20Tint%22&src=typed&max_position=TWEET-875745074386227200-984405307488120832>
None
2018-04-14 15:26:18 [scrapy] DEBUG: Scraped from <200 https://twitter.com/i/search/timeline?l=en&f=tweets&q=%22Eye%20Tint%22&src=typed&max_position=TWEET-875745074386227200-984405307488120832>
None
2018-04-14 15:26:18 [scrapy] DEBUG: Scraped from <200 https://twitter.com/i/search/timeline?l=en&f=tweets&q=%22Eye%20Tint%22&src=typed&max_position=TWEET-875745074386227200-984405307488120832>
None
2018-04-14 15:26:18 [scrapy] DEBUG: Scraped from <200 https://twitter.com/i/search/timeline?l=en&f=tweets&q=%22Eye%20Tint%22&src=typed&max_position=TWEET-875745074386227200-984405307488120832>
None
2018-04-14 15:26:18 [scrapy] DEBUG: Scraped from <200 https://twitter.com/i/search/timeline?l=en&f=tweets&q=%22Eye%20Tint%22&src=typed&max_position=TWEET-875745074386227200-984405307488120832>
None
2018-04-14 15:26:18 [scrapy] DEBUG: Scraped from <200 https://twitter.com/i/search/timeline?l=en&f=tweets&q=%22Eye%20Tint%22&src=typed&max_position=TWEET-875745074386227200-984405307488120832>
None
2018-04-14 15:26:18 [scrapy] DEBUG: Scraped from <200 https://twitter.com/i/search/timeline?l=en&f=tweets&q=%22Eye%20Tint%22&src=typed&max_position=TWEET-875745074386227200-984405307488120832>
None
2018-04-14 15:26:18 [scrapy] DEBUG: Scraped from <200 https://twitter.com/i/search/timeline?l=en&f=tweets&q=%22Eye%20Tint%22&src=typed&max_position=TWEET-875745074386227200-984405307488120832>
None
2018-04-14 15:26:18 [scrapy] DEBUG: Scraped from <200 https://twitter.com/i/search/timeline?l=en&f=tweets&q=%22Eye%20Tint%22&src=typed&max_position=TWEET-875745074386227200-984405307488120832>
None
2018-04-14 15:26:19 [scrapy] DEBUG: Crawled (200) <GET https://twitter.com/i/search/timeline?l=en&f=tweets&q=%22Eye%20Tint%22&src=typed&max_position=TWEET-871573791964618752-984405307488120832> (referer: https://twitter.com/i/search/timeline?l=en&f=tweets&q=%22Eye%20Tint%22&src=typed&max_position=TWEET-875745074386227200-984405307488120832)
2018-04-14 15:26:19 [scrapy] DEBUG: Scraped from <200 https://twitter.com/i/search/timeline?l=en&f=tweets&q=%22Eye%20Tint%22&src=typed&max_position=TWEET-871573791964618752-984405307488120832>
None
2018-04-14 15:26:19 [scrapy] DEBUG: Scraped from <200 https://twitter.com/i/search/timeline?l=en&f=tweets&q=%22Eye%20Tint%22&src=typed&max_position=TWEET-871573791964618752-984405307488120832>
None
2018-04-14 15:26:19 [scrapy] DEBUG: Scraped from <200 https://twitter.com/i/search/timeline?l=en&f=tweets&q=%22Eye%20Tint%22&src=typed&max_position=TWEET-871573791964618752-984405307488120832>
None
2018-04-14 15:26:19 [scrapy] DEBUG: Scraped from <200 https://twitter.com/i/search/timeline?l=en&f=tweets&q=%22Eye%20Tint%22&src=typed&max_position=TWEET-871573791964618752-984405307488120832>
None
2018-04-14 15:26:19 [scrapy] DEBUG: Scraped from <200 https://twitter.com/i/search/timeline?l=en&f=tweets&q=%22Eye%20Tint%22&src=typed&max_position=TWEET-871573791964618752-984405307488120832>
None
2018-04-14 15:26:19 [scrapy] DEBUG: Scraped from <200 https://twitter.com/i/search/timeline?l=en&f=tweets&q=%22Eye%20Tint%22&src=typed&max_position=TWEET-871573791964618752-984405307488120832>
None
2018-04-14 15:26:20 [scrapy] DEBUG: Scraped from <200 https://twitter.com/i/search/timeline?l=en&f=tweets&q=%22Eye%20Tint%22&src=typed&max_position=TWEET-871573791964618752-984405307488120832>
None
2018-04-14 15:26:20 [scrapy] DEBUG: Scraped from <200 https://twitter.com/i/search/timeline?l=en&f=tweets&q=%22Eye%20Tint%22&src=typed&max_position=TWEET-871573791964618752-984405307488120832>
None
2018-04-14 15:26:20 [scrapy] DEBUG: Scraped from <200 https://twitter.com/i/search/timeline?l=en&f=tweets&q=%22Eye%20Tint%22&src=typed&max_position=TWEET-871573791964618752-984405307488120832>
None
2018-04-14 15:26:20 [scrapy] DEBUG: Scraped from <200 https://twitter.com/i/search/timeline?l=en&f=tweets&q=%22Eye%20Tint%22&src=typed&max_position=TWEET-871573791964618752-984405307488120832>
None
2018-04-14 15:26:20 [scrapy] DEBUG: Scraped from <200 https://twitter.com/i/search/timeline?l=en&f=tweets&q=%22Eye%20Tint%22&src=typed&max_position=TWEET-871573791964618752-984405307488120832>
None
2018-04-14 15:26:20 [scrapy] DEBUG: Scraped from <200 https://twitter.com/i/search/timeline?l=en&f=tweets&q=%22Eye%20Tint%22&src=typed&max_position=TWEET-871573791964618752-984405307488120832>
None
2018-04-14 15:26:20 [scrapy] DEBUG: Scraped from <200 https://twitter.com/i/search/timeline?l=en&f=tweets&q=%22Eye%20Tint%22&src=typed&max_position=TWEET-871573791964618752-984405307488120832>
None
2018-04-14 15:26:20 [scrapy] DEBUG: Scraped from <200 https://twitter.com/i/search/timeline?l=en&f=tweets&q=%22Eye%20Tint%22&src=typed&max_position=TWEET-871573791964618752-984405307488120832>
None
2018-04-14 15:26:20 [scrapy] DEBUG: Scraped from <200 https://twitter.com/i/search/timeline?l=en&f=tweets&q=%22Eye%20Tint%22&src=typed&max_position=TWEET-871573791964618752-984405307488120832>
None
2018-04-14 15:26:20 [scrapy] DEBUG: Scraped from <200 https://twitter.com/i/search/timeline?l=en&f=tweets&q=%22Eye%20Tint%22&src=typed&max_position=TWEET-871573791964618752-984405307488120832>
None
2018-04-14 15:26:20 [scrapy] DEBUG: Scraped from <200 https://twitter.com/i/search/timeline?l=en&f=tweets&q=%22Eye%20Tint%22&src=typed&max_position=TWEET-871573791964618752-984405307488120832>
None
2018-04-14 15:26:21 [scrapy] DEBUG: Crawled (200) <GET https://twitter.com/i/search/timeline?l=en&f=tweets&q=%22Eye%20Tint%22&src=typed&max_position=TWEET-857190418999422977-984405307488120832> (referer: https://twitter.com/i/search/timeline?l=en&f=tweets&q=%22Eye%20Tint%22&src=typed&max_position=TWEET-871573791964618752-984405307488120832)
2018-04-14 15:26:21 [scrapy] DEBUG: Scraped from <200 https://twitter.com/i/search/timeline?l=en&f=tweets&q=%22Eye%20Tint%22&src=typed&max_position=TWEET-857190418999422977-984405307488120832>
None
2018-04-14 15:26:21 [scrapy] DEBUG: Scraped from <200 https://twitter.com/i/search/timeline?l=en&f=tweets&q=%22Eye%20Tint%22&src=typed&max_position=TWEET-857190418999422977-984405307488120832>
None
2018-04-14 15:26:21 [scrapy] DEBUG: Scraped from <200 https://twitter.com/i/search/timeline?l=en&f=tweets&q=%22Eye%20Tint%22&src=typed&max_position=TWEET-857190418999422977-984405307488120832>
None
2018-04-14 15:26:21 [scrapy] DEBUG: Scraped from <200 https://twitter.com/i/search/timeline?l=en&f=tweets&q=%22Eye%20Tint%22&src=typed&max_position=TWEET-857190418999422977-984405307488120832>
None
2018-04-14 15:26:21 [scrapy] INFO: Closing spider (closespider_itemcount)
2018-04-14 15:26:21 [scrapy] DEBUG: Scraped from <200 https://twitter.com/i/search/timeline?l=en&f=tweets&q=%22Eye%20Tint%22&src=typed&max_position=TWEET-857190418999422977-984405307488120832>
None
2018-04-14 15:26:21 [scrapy] DEBUG: Scraped from <200 https://twitter.com/i/search/timeline?l=en&f=tweets&q=%22Eye%20Tint%22&src=typed&max_position=TWEET-857190418999422977-984405307488120832>
None
2018-04-14 15:26:21 [scrapy] DEBUG: Scraped from <200 https://twitter.com/i/search/timeline?l=en&f=tweets&q=%22Eye%20Tint%22&src=typed&max_position=TWEET-857190418999422977-984405307488120832>
None
2018-04-14 15:26:21 [scrapy] DEBUG: Scraped from <200 https://twitter.com/i/search/timeline?l=en&f=tweets&q=%22Eye%20Tint%22&src=typed&max_position=TWEET-857190418999422977-984405307488120832>
None
2018-04-14 15:26:21 [scrapy] DEBUG: Scraped from <200 https://twitter.com/i/search/timeline?l=en&f=tweets&q=%22Eye%20Tint%22&src=typed&max_position=TWEET-857190418999422977-984405307488120832>
None
2018-04-14 15:26:21 [scrapy] DEBUG: Scraped from <200 https://twitter.com/i/search/timeline?l=en&f=tweets&q=%22Eye%20Tint%22&src=typed&max_position=TWEET-857190418999422977-984405307488120832>
None
2018-04-14 15:26:21 [scrapy] DEBUG: Scraped from <200 https://twitter.com/i/search/timeline?l=en&f=tweets&q=%22Eye%20Tint%22&src=typed&max_position=TWEET-857190418999422977-984405307488120832>
None
2018-04-14 15:26:21 [scrapy] DEBUG: Scraped from <200 https://twitter.com/i/search/timeline?l=en&f=tweets&q=%22Eye%20Tint%22&src=typed&max_position=TWEET-857190418999422977-984405307488120832>
None
2018-04-14 15:26:21 [scrapy] DEBUG: Scraped from <200 https://twitter.com/i/search/timeline?l=en&f=tweets&q=%22Eye%20Tint%22&src=typed&max_position=TWEET-857190418999422977-984405307488120832>
None
2018-04-14 15:26:21 [scrapy] DEBUG: Scraped from <200 https://twitter.com/i/search/timeline?l=en&f=tweets&q=%22Eye%20Tint%22&src=typed&max_position=TWEET-857190418999422977-984405307488120832>
None
2018-04-14 15:26:21 [scrapy] DEBUG: Scraped from <200 https://twitter.com/i/search/timeline?l=en&f=tweets&q=%22Eye%20Tint%22&src=typed&max_position=TWEET-857190418999422977-984405307488120832>
None
2018-04-14 15:26:21 [scrapy] DEBUG: Scraped from <200 https://twitter.com/i/search/timeline?l=en&f=tweets&q=%22Eye%20Tint%22&src=typed&max_position=TWEET-857190418999422977-984405307488120832>
None
2018-04-14 15:26:21 [scrapy] INFO: Dumping Scrapy stats:
{'downloader/request_bytes': 16131,
 'downloader/request_count': 19,
 'downloader/request_method_count/GET': 19,
 'downloader/response_bytes': 258993,
 'downloader/response_count': 19,
 'downloader/response_status_count/200': 19,
 'finish_reason': 'closespider_itemcount',
 'finish_time': datetime.datetime(2018, 4, 14, 20, 26, 21, 882096),
 'item_scraped_count': 312,
 'log_count/DEBUG': 642,
 'log_count/ERROR': 312,
 'log_count/INFO': 6,
 'memusage/max': 66822144,
 'memusage/startup': 66822144,
 'request_depth_max': 19,
 'response_received_count': 19,
 'scheduler/dequeued': 19,
 'scheduler/dequeued/memory': 19,
 'scheduler/enqueued': 20,
 'scheduler/enqueued/memory': 20,
 'start_time': datetime.datetime(2018, 4, 14, 20, 25, 49, 706518)}
2018-04-14 15:26:21 [scrapy] INFO: Spider closed (closespider_itemcount)
