2018-04-13 23:55:27 [scrapy] DEBUG: Crawled (200) <GET https://twitter.com/i/search/timeline?l=&f=tweets&q=Chester%20since%3A2018-04-13&src=typed&max_position=> (referer: None)
2018-04-13 23:55:28 [scrapy] DEBUG: Scraped from <200 https://twitter.com/i/search/timeline?l=&f=tweets&q=Chester%20since%3A2018-04-13&src=typed&max_position=>
None
2018-04-13 23:55:28 [scrapy] DEBUG: Scraped from <200 https://twitter.com/i/search/timeline?l=&f=tweets&q=Chester%20since%3A2018-04-13&src=typed&max_position=>
None
2018-04-13 23:55:28 [scrapy] DEBUG: Scraped from <200 https://twitter.com/i/search/timeline?l=&f=tweets&q=Chester%20since%3A2018-04-13&src=typed&max_position=>
None
2018-04-13 23:55:28 [scrapy] DEBUG: Scraped from <200 https://twitter.com/i/search/timeline?l=&f=tweets&q=Chester%20since%3A2018-04-13&src=typed&max_position=>
None
2018-04-13 23:55:28 [scrapy] DEBUG: Scraped from <200 https://twitter.com/i/search/timeline?l=&f=tweets&q=Chester%20since%3A2018-04-13&src=typed&max_position=>
None
2018-04-13 23:55:28 [scrapy] DEBUG: Scraped from <200 https://twitter.com/i/search/timeline?l=&f=tweets&q=Chester%20since%3A2018-04-13&src=typed&max_position=>
None
2018-04-13 23:55:28 [scrapy] DEBUG: Scraped from <200 https://twitter.com/i/search/timeline?l=&f=tweets&q=Chester%20since%3A2018-04-13&src=typed&max_position=>
None
2018-04-13 23:55:28 [scrapy] DEBUG: Scraped from <200 https://twitter.com/i/search/timeline?l=&f=tweets&q=Chester%20since%3A2018-04-13&src=typed&max_position=>
None
2018-04-13 23:55:28 [scrapy] DEBUG: Scraped from <200 https://twitter.com/i/search/timeline?l=&f=tweets&q=Chester%20since%3A2018-04-13&src=typed&max_position=>
None
2018-04-13 23:55:28 [scrapy] DEBUG: Scraped from <200 https://twitter.com/i/search/timeline?l=&f=tweets&q=Chester%20since%3A2018-04-13&src=typed&max_position=>
None
2018-04-13 23:55:29 [scrapy] DEBUG: Scraped from <200 https://twitter.com/i/search/timeline?l=&f=tweets&q=Chester%20since%3A2018-04-13&src=typed&max_position=>
None
2018-04-13 23:55:29 [scrapy] DEBUG: Scraped from <200 https://twitter.com/i/search/timeline?l=&f=tweets&q=Chester%20since%3A2018-04-13&src=typed&max_position=>
None
2018-04-13 23:55:29 [scrapy] DEBUG: Scraped from <200 https://twitter.com/i/search/timeline?l=&f=tweets&q=Chester%20since%3A2018-04-13&src=typed&max_position=>
None
2018-04-13 23:55:29 [scrapy] DEBUG: Scraped from <200 https://twitter.com/i/search/timeline?l=&f=tweets&q=Chester%20since%3A2018-04-13&src=typed&max_position=>
None
2018-04-13 23:55:29 [scrapy] DEBUG: Scraped from <200 https://twitter.com/i/search/timeline?l=&f=tweets&q=Chester%20since%3A2018-04-13&src=typed&max_position=>
None
2018-04-13 23:55:29 [scrapy] DEBUG: Scraped from <200 https://twitter.com/i/search/timeline?l=&f=tweets&q=Chester%20since%3A2018-04-13&src=typed&max_position=>
None
2018-04-13 23:55:29 [scrapy] DEBUG: Scraped from <200 https://twitter.com/i/search/timeline?l=&f=tweets&q=Chester%20since%3A2018-04-13&src=typed&max_position=>
None
2018-04-13 23:55:29 [scrapy] DEBUG: Scraped from <200 https://twitter.com/i/search/timeline?l=&f=tweets&q=Chester%20since%3A2018-04-13&src=typed&max_position=>
None
2018-04-13 23:55:30 [scrapy] DEBUG: Crawled (200) <GET https://twitter.com/i/search/timeline?l=&f=tweets&q=Chester%20since%3A2018-04-13&src=typed&max_position=TWEET-985018040533176320-985018504066797568> (referer: https://twitter.com/i/search/timeline?l=&f=tweets&q=Chester%20since%3A2018-04-13&src=typed&max_position=)
2018-04-13 23:55:30 [scrapy] DEBUG: Scraped from <200 https://twitter.com/i/search/timeline?l=&f=tweets&q=Chester%20since%3A2018-04-13&src=typed&max_position=TWEET-985018040533176320-985018504066797568>
None
2018-04-13 23:55:30 [scrapy] DEBUG: Scraped from <200 https://twitter.com/i/search/timeline?l=&f=tweets&q=Chester%20since%3A2018-04-13&src=typed&max_position=TWEET-985018040533176320-985018504066797568>
None
2018-04-13 23:55:30 [scrapy] DEBUG: Scraped from <200 https://twitter.com/i/search/timeline?l=&f=tweets&q=Chester%20since%3A2018-04-13&src=typed&max_position=TWEET-985018040533176320-985018504066797568>
None
2018-04-13 23:55:30 [scrapy] DEBUG: Scraped from <200 https://twitter.com/i/search/timeline?l=&f=tweets&q=Chester%20since%3A2018-04-13&src=typed&max_position=TWEET-985018040533176320-985018504066797568>
None
2018-04-13 23:55:30 [scrapy] DEBUG: Scraped from <200 https://twitter.com/i/search/timeline?l=&f=tweets&q=Chester%20since%3A2018-04-13&src=typed&max_position=TWEET-985018040533176320-985018504066797568>
None
2018-04-13 23:55:30 [scrapy] DEBUG: Scraped from <200 https://twitter.com/i/search/timeline?l=&f=tweets&q=Chester%20since%3A2018-04-13&src=typed&max_position=TWEET-985018040533176320-985018504066797568>
None
2018-04-13 23:55:31 [scrapy] DEBUG: Scraped from <200 https://twitter.com/i/search/timeline?l=&f=tweets&q=Chester%20since%3A2018-04-13&src=typed&max_position=TWEET-985018040533176320-985018504066797568>
None
2018-04-13 23:55:31 [scrapy] DEBUG: Scraped from <200 https://twitter.com/i/search/timeline?l=&f=tweets&q=Chester%20since%3A2018-04-13&src=typed&max_position=TWEET-985018040533176320-985018504066797568>
None
2018-04-13 23:55:31 [scrapy] DEBUG: Scraped from <200 https://twitter.com/i/search/timeline?l=&f=tweets&q=Chester%20since%3A2018-04-13&src=typed&max_position=TWEET-985018040533176320-985018504066797568>
None
2018-04-13 23:55:31 [scrapy] DEBUG: Scraped from <200 https://twitter.com/i/search/timeline?l=&f=tweets&q=Chester%20since%3A2018-04-13&src=typed&max_position=TWEET-985018040533176320-985018504066797568>
None
2018-04-13 23:55:31 [scrapy] DEBUG: Scraped from <200 https://twitter.com/i/search/timeline?l=&f=tweets&q=Chester%20since%3A2018-04-13&src=typed&max_position=TWEET-985018040533176320-985018504066797568>
None
2018-04-13 23:55:31 [scrapy] DEBUG: Scraped from <200 https://twitter.com/i/search/timeline?l=&f=tweets&q=Chester%20since%3A2018-04-13&src=typed&max_position=TWEET-985018040533176320-985018504066797568>
None
2018-04-13 23:55:31 [scrapy] DEBUG: Scraped from <200 https://twitter.com/i/search/timeline?l=&f=tweets&q=Chester%20since%3A2018-04-13&src=typed&max_position=TWEET-985018040533176320-985018504066797568>
None
2018-04-13 23:55:31 [scrapy] DEBUG: Scraped from <200 https://twitter.com/i/search/timeline?l=&f=tweets&q=Chester%20since%3A2018-04-13&src=typed&max_position=TWEET-985018040533176320-985018504066797568>
None
2018-04-13 23:55:31 [scrapy] DEBUG: Scraped from <200 https://twitter.com/i/search/timeline?l=&f=tweets&q=Chester%20since%3A2018-04-13&src=typed&max_position=TWEET-985018040533176320-985018504066797568>
None
2018-04-13 23:55:32 [scrapy] DEBUG: Scraped from <200 https://twitter.com/i/search/timeline?l=&f=tweets&q=Chester%20since%3A2018-04-13&src=typed&max_position=TWEET-985018040533176320-985018504066797568>
None
2018-04-13 23:55:32 [scrapy] DEBUG: Scraped from <200 https://twitter.com/i/search/timeline?l=&f=tweets&q=Chester%20since%3A2018-04-13&src=typed&max_position=TWEET-985018040533176320-985018504066797568>
None
2018-04-13 23:55:32 [scrapy] DEBUG: Scraped from <200 https://twitter.com/i/search/timeline?l=&f=tweets&q=Chester%20since%3A2018-04-13&src=typed&max_position=TWEET-985018040533176320-985018504066797568>
None
2018-04-13 23:55:32 [scrapy] DEBUG: Scraped from <200 https://twitter.com/i/search/timeline?l=&f=tweets&q=Chester%20since%3A2018-04-13&src=typed&max_position=TWEET-985018040533176320-985018504066797568>
None
2018-04-13 23:55:32 [scrapy] DEBUG: Scraped from <200 https://twitter.com/i/search/timeline?l=&f=tweets&q=Chester%20since%3A2018-04-13&src=typed&max_position=TWEET-985018040533176320-985018504066797568>
None
2018-04-13 23:55:33 [scrapy] DEBUG: Crawled (200) <GET https://twitter.com/i/search/timeline?l=&f=tweets&q=Chester%20since%3A2018-04-13&src=typed&max_position=TWEET-985016275515486208-985018504066797568> (referer: https://twitter.com/i/search/timeline?l=&f=tweets&q=Chester%20since%3A2018-04-13&src=typed&max_position=TWEET-985018040533176320-985018504066797568)
2018-04-13 23:55:33 [scrapy] DEBUG: Scraped from <200 https://twitter.com/i/search/timeline?l=&f=tweets&q=Chester%20since%3A2018-04-13&src=typed&max_position=TWEET-985016275515486208-985018504066797568>
None
2018-04-13 23:55:33 [scrapy] DEBUG: Scraped from <200 https://twitter.com/i/search/timeline?l=&f=tweets&q=Chester%20since%3A2018-04-13&src=typed&max_position=TWEET-985016275515486208-985018504066797568>
None
2018-04-13 23:55:33 [scrapy] DEBUG: Scraped from <200 https://twitter.com/i/search/timeline?l=&f=tweets&q=Chester%20since%3A2018-04-13&src=typed&max_position=TWEET-985016275515486208-985018504066797568>
None
2018-04-13 23:55:33 [scrapy] DEBUG: Scraped from <200 https://twitter.com/i/search/timeline?l=&f=tweets&q=Chester%20since%3A2018-04-13&src=typed&max_position=TWEET-985016275515486208-985018504066797568>
None
2018-04-13 23:55:33 [scrapy] DEBUG: Scraped from <200 https://twitter.com/i/search/timeline?l=&f=tweets&q=Chester%20since%3A2018-04-13&src=typed&max_position=TWEET-985016275515486208-985018504066797568>
None
2018-04-13 23:55:33 [scrapy] DEBUG: Scraped from <200 https://twitter.com/i/search/timeline?l=&f=tweets&q=Chester%20since%3A2018-04-13&src=typed&max_position=TWEET-985016275515486208-985018504066797568>
None
2018-04-13 23:55:33 [scrapy] DEBUG: Scraped from <200 https://twitter.com/i/search/timeline?l=&f=tweets&q=Chester%20since%3A2018-04-13&src=typed&max_position=TWEET-985016275515486208-985018504066797568>
None
2018-04-13 23:55:33 [scrapy] DEBUG: Scraped from <200 https://twitter.com/i/search/timeline?l=&f=tweets&q=Chester%20since%3A2018-04-13&src=typed&max_position=TWEET-985016275515486208-985018504066797568>
None
2018-04-13 23:55:33 [scrapy] DEBUG: Scraped from <200 https://twitter.com/i/search/timeline?l=&f=tweets&q=Chester%20since%3A2018-04-13&src=typed&max_position=TWEET-985016275515486208-985018504066797568>
None
2018-04-13 23:55:34 [scrapy] DEBUG: Scraped from <200 https://twitter.com/i/search/timeline?l=&f=tweets&q=Chester%20since%3A2018-04-13&src=typed&max_position=TWEET-985016275515486208-985018504066797568>
None
2018-04-13 23:55:34 [scrapy] DEBUG: Scraped from <200 https://twitter.com/i/search/timeline?l=&f=tweets&q=Chester%20since%3A2018-04-13&src=typed&max_position=TWEET-985016275515486208-985018504066797568>
None
2018-04-13 23:55:34 [scrapy] DEBUG: Scraped from <200 https://twitter.com/i/search/timeline?l=&f=tweets&q=Chester%20since%3A2018-04-13&src=typed&max_position=TWEET-985016275515486208-985018504066797568>
None
2018-04-13 23:55:34 [scrapy] DEBUG: Scraped from <200 https://twitter.com/i/search/timeline?l=&f=tweets&q=Chester%20since%3A2018-04-13&src=typed&max_position=TWEET-985016275515486208-985018504066797568>
None
2018-04-13 23:55:34 [scrapy] DEBUG: Scraped from <200 https://twitter.com/i/search/timeline?l=&f=tweets&q=Chester%20since%3A2018-04-13&src=typed&max_position=TWEET-985016275515486208-985018504066797568>
None
2018-04-13 23:55:34 [scrapy] DEBUG: Scraped from <200 https://twitter.com/i/search/timeline?l=&f=tweets&q=Chester%20since%3A2018-04-13&src=typed&max_position=TWEET-985016275515486208-985018504066797568>
None
2018-04-13 23:55:34 [scrapy] DEBUG: Scraped from <200 https://twitter.com/i/search/timeline?l=&f=tweets&q=Chester%20since%3A2018-04-13&src=typed&max_position=TWEET-985016275515486208-985018504066797568>
None
2018-04-13 23:55:34 [scrapy] DEBUG: Scraped from <200 https://twitter.com/i/search/timeline?l=&f=tweets&q=Chester%20since%3A2018-04-13&src=typed&max_position=TWEET-985016275515486208-985018504066797568>
None
2018-04-13 23:55:34 [scrapy] DEBUG: Scraped from <200 https://twitter.com/i/search/timeline?l=&f=tweets&q=Chester%20since%3A2018-04-13&src=typed&max_position=TWEET-985016275515486208-985018504066797568>
None
2018-04-13 23:55:35 [scrapy] DEBUG: Scraped from <200 https://twitter.com/i/search/timeline?l=&f=tweets&q=Chester%20since%3A2018-04-13&src=typed&max_position=TWEET-985016275515486208-985018504066797568>
None
2018-04-13 23:55:35 [scrapy] DEBUG: Scraped from <200 https://twitter.com/i/search/timeline?l=&f=tweets&q=Chester%20since%3A2018-04-13&src=typed&max_position=TWEET-985016275515486208-985018504066797568>
None
2018-04-13 23:55:35 [scrapy] DEBUG: Crawled (200) <GET https://twitter.com/i/search/timeline?l=&f=tweets&q=Chester%20since%3A2018-04-13&src=typed&max_position=TWEET-985015178700967936-985018504066797568> (referer: https://twitter.com/i/search/timeline?l=&f=tweets&q=Chester%20since%3A2018-04-13&src=typed&max_position=TWEET-985016275515486208-985018504066797568)
2018-04-13 23:55:35 [scrapy] DEBUG: Scraped from <200 https://twitter.com/i/search/timeline?l=&f=tweets&q=Chester%20since%3A2018-04-13&src=typed&max_position=TWEET-985015178700967936-985018504066797568>
None
2018-04-13 23:55:35 [scrapy] DEBUG: Scraped from <200 https://twitter.com/i/search/timeline?l=&f=tweets&q=Chester%20since%3A2018-04-13&src=typed&max_position=TWEET-985015178700967936-985018504066797568>
None
2018-04-13 23:55:35 [scrapy] DEBUG: Scraped from <200 https://twitter.com/i/search/timeline?l=&f=tweets&q=Chester%20since%3A2018-04-13&src=typed&max_position=TWEET-985015178700967936-985018504066797568>
None
2018-04-13 23:55:35 [scrapy] DEBUG: Scraped from <200 https://twitter.com/i/search/timeline?l=&f=tweets&q=Chester%20since%3A2018-04-13&src=typed&max_position=TWEET-985015178700967936-985018504066797568>
None
2018-04-13 23:55:35 [scrapy] DEBUG: Scraped from <200 https://twitter.com/i/search/timeline?l=&f=tweets&q=Chester%20since%3A2018-04-13&src=typed&max_position=TWEET-985015178700967936-985018504066797568>
None
2018-04-13 23:55:36 [scrapy] DEBUG: Scraped from <200 https://twitter.com/i/search/timeline?l=&f=tweets&q=Chester%20since%3A2018-04-13&src=typed&max_position=TWEET-985015178700967936-985018504066797568>
None
2018-04-13 23:55:36 [scrapy] DEBUG: Scraped from <200 https://twitter.com/i/search/timeline?l=&f=tweets&q=Chester%20since%3A2018-04-13&src=typed&max_position=TWEET-985015178700967936-985018504066797568>
None
2018-04-13 23:55:36 [scrapy] DEBUG: Scraped from <200 https://twitter.com/i/search/timeline?l=&f=tweets&q=Chester%20since%3A2018-04-13&src=typed&max_position=TWEET-985015178700967936-985018504066797568>
None
2018-04-13 23:55:36 [scrapy] DEBUG: Scraped from <200 https://twitter.com/i/search/timeline?l=&f=tweets&q=Chester%20since%3A2018-04-13&src=typed&max_position=TWEET-985015178700967936-985018504066797568>
None
2018-04-13 23:55:36 [scrapy] DEBUG: Scraped from <200 https://twitter.com/i/search/timeline?l=&f=tweets&q=Chester%20since%3A2018-04-13&src=typed&max_position=TWEET-985015178700967936-985018504066797568>
None
2018-04-13 23:55:36 [scrapy] DEBUG: Scraped from <200 https://twitter.com/i/search/timeline?l=&f=tweets&q=Chester%20since%3A2018-04-13&src=typed&max_position=TWEET-985015178700967936-985018504066797568>
None
2018-04-13 23:55:36 [scrapy] DEBUG: Scraped from <200 https://twitter.com/i/search/timeline?l=&f=tweets&q=Chester%20since%3A2018-04-13&src=typed&max_position=TWEET-985015178700967936-985018504066797568>
None
2018-04-13 23:55:36 [scrapy] DEBUG: Scraped from <200 https://twitter.com/i/search/timeline?l=&f=tweets&q=Chester%20since%3A2018-04-13&src=typed&max_position=TWEET-985015178700967936-985018504066797568>
None
2018-04-13 23:55:36 [scrapy] DEBUG: Scraped from <200 https://twitter.com/i/search/timeline?l=&f=tweets&q=Chester%20since%3A2018-04-13&src=typed&max_position=TWEET-985015178700967936-985018504066797568>
None
2018-04-13 23:55:36 [scrapy] DEBUG: Scraped from <200 https://twitter.com/i/search/timeline?l=&f=tweets&q=Chester%20since%3A2018-04-13&src=typed&max_position=TWEET-985015178700967936-985018504066797568>
None
2018-04-13 23:55:36 [scrapy] DEBUG: Scraped from <200 https://twitter.com/i/search/timeline?l=&f=tweets&q=Chester%20since%3A2018-04-13&src=typed&max_position=TWEET-985015178700967936-985018504066797568>
None
2018-04-13 23:55:37 [scrapy] DEBUG: Scraped from <200 https://twitter.com/i/search/timeline?l=&f=tweets&q=Chester%20since%3A2018-04-13&src=typed&max_position=TWEET-985015178700967936-985018504066797568>
None
2018-04-13 23:55:37 [scrapy] DEBUG: Scraped from <200 https://twitter.com/i/search/timeline?l=&f=tweets&q=Chester%20since%3A2018-04-13&src=typed&max_position=TWEET-985015178700967936-985018504066797568>
None
2018-04-13 23:55:37 [scrapy] DEBUG: Scraped from <200 https://twitter.com/i/search/timeline?l=&f=tweets&q=Chester%20since%3A2018-04-13&src=typed&max_position=TWEET-985015178700967936-985018504066797568>
None
2018-04-13 23:55:37 [scrapy] DEBUG: Crawled (200) <GET https://twitter.com/i/search/timeline?l=&f=tweets&q=Chester%20since%3A2018-04-13&src=typed&max_position=TWEET-985014261125603328-985018504066797568> (referer: https://twitter.com/i/search/timeline?l=&f=tweets&q=Chester%20since%3A2018-04-13&src=typed&max_position=TWEET-985015178700967936-985018504066797568)
2018-04-13 23:55:38 [scrapy] DEBUG: Scraped from <200 https://twitter.com/i/search/timeline?l=&f=tweets&q=Chester%20since%3A2018-04-13&src=typed&max_position=TWEET-985014261125603328-985018504066797568>
None
2018-04-13 23:55:38 [scrapy] DEBUG: Scraped from <200 https://twitter.com/i/search/timeline?l=&f=tweets&q=Chester%20since%3A2018-04-13&src=typed&max_position=TWEET-985014261125603328-985018504066797568>
None
2018-04-13 23:55:38 [scrapy] DEBUG: Scraped from <200 https://twitter.com/i/search/timeline?l=&f=tweets&q=Chester%20since%3A2018-04-13&src=typed&max_position=TWEET-985014261125603328-985018504066797568>
None
2018-04-13 23:55:38 [scrapy] DEBUG: Scraped from <200 https://twitter.com/i/search/timeline?l=&f=tweets&q=Chester%20since%3A2018-04-13&src=typed&max_position=TWEET-985014261125603328-985018504066797568>
None
2018-04-13 23:55:38 [scrapy] DEBUG: Scraped from <200 https://twitter.com/i/search/timeline?l=&f=tweets&q=Chester%20since%3A2018-04-13&src=typed&max_position=TWEET-985014261125603328-985018504066797568>
None
2018-04-13 23:55:38 [scrapy] DEBUG: Scraped from <200 https://twitter.com/i/search/timeline?l=&f=tweets&q=Chester%20since%3A2018-04-13&src=typed&max_position=TWEET-985014261125603328-985018504066797568>
None
2018-04-13 23:55:38 [scrapy] DEBUG: Scraped from <200 https://twitter.com/i/search/timeline?l=&f=tweets&q=Chester%20since%3A2018-04-13&src=typed&max_position=TWEET-985014261125603328-985018504066797568>
None
2018-04-13 23:55:38 [scrapy] DEBUG: Scraped from <200 https://twitter.com/i/search/timeline?l=&f=tweets&q=Chester%20since%3A2018-04-13&src=typed&max_position=TWEET-985014261125603328-985018504066797568>
None
2018-04-13 23:55:38 [scrapy] DEBUG: Scraped from <200 https://twitter.com/i/search/timeline?l=&f=tweets&q=Chester%20since%3A2018-04-13&src=typed&max_position=TWEET-985014261125603328-985018504066797568>
None
2018-04-13 23:55:38 [scrapy] DEBUG: Scraped from <200 https://twitter.com/i/search/timeline?l=&f=tweets&q=Chester%20since%3A2018-04-13&src=typed&max_position=TWEET-985014261125603328-985018504066797568>
None
2018-04-13 23:55:39 [scrapy] DEBUG: Scraped from <200 https://twitter.com/i/search/timeline?l=&f=tweets&q=Chester%20since%3A2018-04-13&src=typed&max_position=TWEET-985014261125603328-985018504066797568>
None
2018-04-13 23:55:39 [scrapy] DEBUG: Scraped from <200 https://twitter.com/i/search/timeline?l=&f=tweets&q=Chester%20since%3A2018-04-13&src=typed&max_position=TWEET-985014261125603328-985018504066797568>
None
2018-04-13 23:55:39 [scrapy] DEBUG: Scraped from <200 https://twitter.com/i/search/timeline?l=&f=tweets&q=Chester%20since%3A2018-04-13&src=typed&max_position=TWEET-985014261125603328-985018504066797568>
None
2018-04-13 23:55:39 [scrapy] DEBUG: Scraped from <200 https://twitter.com/i/search/timeline?l=&f=tweets&q=Chester%20since%3A2018-04-13&src=typed&max_position=TWEET-985014261125603328-985018504066797568>
None
2018-04-13 23:55:39 [scrapy] DEBUG: Scraped from <200 https://twitter.com/i/search/timeline?l=&f=tweets&q=Chester%20since%3A2018-04-13&src=typed&max_position=TWEET-985014261125603328-985018504066797568>
None
2018-04-13 23:55:39 [scrapy] DEBUG: Scraped from <200 https://twitter.com/i/search/timeline?l=&f=tweets&q=Chester%20since%3A2018-04-13&src=typed&max_position=TWEET-985014261125603328-985018504066797568>
None
2018-04-13 23:55:39 [scrapy] DEBUG: Scraped from <200 https://twitter.com/i/search/timeline?l=&f=tweets&q=Chester%20since%3A2018-04-13&src=typed&max_position=TWEET-985014261125603328-985018504066797568>
None
2018-04-13 23:55:39 [scrapy] DEBUG: Scraped from <200 https://twitter.com/i/search/timeline?l=&f=tweets&q=Chester%20since%3A2018-04-13&src=typed&max_position=TWEET-985014261125603328-985018504066797568>
None
2018-04-13 23:55:39 [scrapy] DEBUG: Scraped from <200 https://twitter.com/i/search/timeline?l=&f=tweets&q=Chester%20since%3A2018-04-13&src=typed&max_position=TWEET-985014261125603328-985018504066797568>
None
2018-04-13 23:55:40 [scrapy] DEBUG: Crawled (200) <GET https://twitter.com/i/search/timeline?l=&f=tweets&q=Chester%20since%3A2018-04-13&src=typed&max_position=TWEET-985012215173398528-985018504066797568> (referer: https://twitter.com/i/search/timeline?l=&f=tweets&q=Chester%20since%3A2018-04-13&src=typed&max_position=TWEET-985014261125603328-985018504066797568)
2018-04-13 23:55:40 [scrapy] DEBUG: Scraped from <200 https://twitter.com/i/search/timeline?l=&f=tweets&q=Chester%20since%3A2018-04-13&src=typed&max_position=TWEET-985012215173398528-985018504066797568>
None
2018-04-13 23:55:40 [scrapy] DEBUG: Scraped from <200 https://twitter.com/i/search/timeline?l=&f=tweets&q=Chester%20since%3A2018-04-13&src=typed&max_position=TWEET-985012215173398528-985018504066797568>
None
2018-04-13 23:55:40 [scrapy] DEBUG: Scraped from <200 https://twitter.com/i/search/timeline?l=&f=tweets&q=Chester%20since%3A2018-04-13&src=typed&max_position=TWEET-985012215173398528-985018504066797568>
None
2018-04-13 23:55:40 [scrapy] DEBUG: Scraped from <200 https://twitter.com/i/search/timeline?l=&f=tweets&q=Chester%20since%3A2018-04-13&src=typed&max_position=TWEET-985012215173398528-985018504066797568>
None
2018-04-13 23:55:40 [scrapy] INFO: Closing spider (closespider_itemcount)
2018-04-13 23:55:40 [scrapy] DEBUG: Scraped from <200 https://twitter.com/i/search/timeline?l=&f=tweets&q=Chester%20since%3A2018-04-13&src=typed&max_position=TWEET-985012215173398528-985018504066797568>
None
2018-04-13 23:55:40 [scrapy] DEBUG: Scraped from <200 https://twitter.com/i/search/timeline?l=&f=tweets&q=Chester%20since%3A2018-04-13&src=typed&max_position=TWEET-985012215173398528-985018504066797568>
None
2018-04-13 23:55:40 [scrapy] DEBUG: Scraped from <200 https://twitter.com/i/search/timeline?l=&f=tweets&q=Chester%20since%3A2018-04-13&src=typed&max_position=TWEET-985012215173398528-985018504066797568>
None
2018-04-13 23:55:40 [scrapy] DEBUG: Scraped from <200 https://twitter.com/i/search/timeline?l=&f=tweets&q=Chester%20since%3A2018-04-13&src=typed&max_position=TWEET-985012215173398528-985018504066797568>
None
2018-04-13 23:55:40 [scrapy] DEBUG: Scraped from <200 https://twitter.com/i/search/timeline?l=&f=tweets&q=Chester%20since%3A2018-04-13&src=typed&max_position=TWEET-985012215173398528-985018504066797568>
None
2018-04-13 23:55:40 [scrapy] DEBUG: Scraped from <200 https://twitter.com/i/search/timeline?l=&f=tweets&q=Chester%20since%3A2018-04-13&src=typed&max_position=TWEET-985012215173398528-985018504066797568>
None
2018-04-13 23:55:41 [scrapy] DEBUG: Scraped from <200 https://twitter.com/i/search/timeline?l=&f=tweets&q=Chester%20since%3A2018-04-13&src=typed&max_position=TWEET-985012215173398528-985018504066797568>
None
2018-04-13 23:55:41 [scrapy] DEBUG: Scraped from <200 https://twitter.com/i/search/timeline?l=&f=tweets&q=Chester%20since%3A2018-04-13&src=typed&max_position=TWEET-985012215173398528-985018504066797568>
None
2018-04-13 23:55:41 [scrapy] DEBUG: Scraped from <200 https://twitter.com/i/search/timeline?l=&f=tweets&q=Chester%20since%3A2018-04-13&src=typed&max_position=TWEET-985012215173398528-985018504066797568>
None
2018-04-13 23:55:41 [scrapy] DEBUG: Scraped from <200 https://twitter.com/i/search/timeline?l=&f=tweets&q=Chester%20since%3A2018-04-13&src=typed&max_position=TWEET-985012215173398528-985018504066797568>
None
2018-04-13 23:55:41 [scrapy] DEBUG: Scraped from <200 https://twitter.com/i/search/timeline?l=&f=tweets&q=Chester%20since%3A2018-04-13&src=typed&max_position=TWEET-985012215173398528-985018504066797568>
None
2018-04-13 23:55:41 [scrapy] DEBUG: Scraped from <200 https://twitter.com/i/search/timeline?l=&f=tweets&q=Chester%20since%3A2018-04-13&src=typed&max_position=TWEET-985012215173398528-985018504066797568>
None
2018-04-13 23:55:41 [scrapy] DEBUG: Scraped from <200 https://twitter.com/i/search/timeline?l=&f=tweets&q=Chester%20since%3A2018-04-13&src=typed&max_position=TWEET-985012215173398528-985018504066797568>
None
2018-04-13 23:55:41 [scrapy] DEBUG: Scraped from <200 https://twitter.com/i/search/timeline?l=&f=tweets&q=Chester%20since%3A2018-04-13&src=typed&max_position=TWEET-985012215173398528-985018504066797568>
None
2018-04-13 23:55:41 [scrapy] DEBUG: Scraped from <200 https://twitter.com/i/search/timeline?l=&f=tweets&q=Chester%20since%3A2018-04-13&src=typed&max_position=TWEET-985012215173398528-985018504066797568>
None
2018-04-13 23:55:41 [scrapy] DEBUG: Scraped from <200 https://twitter.com/i/search/timeline?l=&f=tweets&q=Chester%20since%3A2018-04-13&src=typed&max_position=TWEET-985012215173398528-985018504066797568>
None
2018-04-13 23:55:41 [scrapy] INFO: Dumping Scrapy stats:
{'downloader/request_bytes': 4749,
 'downloader/request_count': 6,
 'downloader/request_method_count/GET': 6,
 'downloader/response_bytes': 101397,
 'downloader/response_count': 6,
 'downloader/response_status_count/200': 6,
 'finish_reason': 'closespider_itemcount',
 'finish_time': datetime.datetime(2018, 4, 14, 4, 55, 41, 744982),
 'item_scraped_count': 116,
 'log_count/DEBUG': 238,
 'log_count/ERROR': 116,
 'log_count/INFO': 6,
 'memusage/max': 58544128,
 'memusage/startup': 58544128,
 'request_depth_max': 6,
 'response_received_count': 6,
 'scheduler/dequeued': 6,
 'scheduler/dequeued/memory': 6,
 'scheduler/enqueued': 7,
 'scheduler/enqueued/memory': 7,
 'start_time': datetime.datetime(2018, 4, 14, 4, 55, 26, 918874)}
2018-04-13 23:55:41 [scrapy] INFO: Spider closed (closespider_itemcount)
