2018-04-14 14:49:48 [scrapy] DEBUG: Crawled (200) <GET https://twitter.com/i/search/timeline?l=en&f=tweets&q=NARS%20Hardwired%20Eyeshadow&src=typed&max_position=> (referer: None)
2018-04-14 14:49:49 [scrapy] DEBUG: Scraped from <200 https://twitter.com/i/search/timeline?l=en&f=tweets&q=NARS%20Hardwired%20Eyeshadow&src=typed&max_position=>
None
2018-04-14 14:49:49 [scrapy] DEBUG: Scraped from <200 https://twitter.com/i/search/timeline?l=en&f=tweets&q=NARS%20Hardwired%20Eyeshadow&src=typed&max_position=>
None
2018-04-14 14:49:49 [scrapy] DEBUG: Scraped from <200 https://twitter.com/i/search/timeline?l=en&f=tweets&q=NARS%20Hardwired%20Eyeshadow&src=typed&max_position=>
None
2018-04-14 14:49:49 [scrapy] DEBUG: Scraped from <200 https://twitter.com/i/search/timeline?l=en&f=tweets&q=NARS%20Hardwired%20Eyeshadow&src=typed&max_position=>
None
2018-04-14 14:49:49 [scrapy] DEBUG: Scraped from <200 https://twitter.com/i/search/timeline?l=en&f=tweets&q=NARS%20Hardwired%20Eyeshadow&src=typed&max_position=>
None
2018-04-14 14:49:49 [scrapy] DEBUG: Scraped from <200 https://twitter.com/i/search/timeline?l=en&f=tweets&q=NARS%20Hardwired%20Eyeshadow&src=typed&max_position=>
None
2018-04-14 14:49:49 [scrapy] DEBUG: Scraped from <200 https://twitter.com/i/search/timeline?l=en&f=tweets&q=NARS%20Hardwired%20Eyeshadow&src=typed&max_position=>
None
2018-04-14 14:49:49 [scrapy] DEBUG: Scraped from <200 https://twitter.com/i/search/timeline?l=en&f=tweets&q=NARS%20Hardwired%20Eyeshadow&src=typed&max_position=>
None
2018-04-14 14:49:49 [scrapy] DEBUG: Scraped from <200 https://twitter.com/i/search/timeline?l=en&f=tweets&q=NARS%20Hardwired%20Eyeshadow&src=typed&max_position=>
None
2018-04-14 14:49:50 [scrapy] DEBUG: Crawled (200) <GET https://twitter.com/i/search/timeline?l=en&f=tweets&q=NARS%20Hardwired%20Eyeshadow&src=typed&max_position=TWEET-924369329835065344-981894525391028224> (referer: https://twitter.com/i/search/timeline?l=en&f=tweets&q=NARS%20Hardwired%20Eyeshadow&src=typed&max_position=)
2018-04-14 14:49:50 [scrapy] DEBUG: Scraped from <200 https://twitter.com/i/search/timeline?l=en&f=tweets&q=NARS%20Hardwired%20Eyeshadow&src=typed&max_position=TWEET-924369329835065344-981894525391028224>
None
2018-04-14 14:49:50 [scrapy] DEBUG: Scraped from <200 https://twitter.com/i/search/timeline?l=en&f=tweets&q=NARS%20Hardwired%20Eyeshadow&src=typed&max_position=TWEET-924369329835065344-981894525391028224>
None
2018-04-14 14:49:50 [scrapy] DEBUG: Scraped from <200 https://twitter.com/i/search/timeline?l=en&f=tweets&q=NARS%20Hardwired%20Eyeshadow&src=typed&max_position=TWEET-924369329835065344-981894525391028224>
None
2018-04-14 14:49:50 [scrapy] DEBUG: Scraped from <200 https://twitter.com/i/search/timeline?l=en&f=tweets&q=NARS%20Hardwired%20Eyeshadow&src=typed&max_position=TWEET-924369329835065344-981894525391028224>
None
2018-04-14 14:49:50 [scrapy] DEBUG: Scraped from <200 https://twitter.com/i/search/timeline?l=en&f=tweets&q=NARS%20Hardwired%20Eyeshadow&src=typed&max_position=TWEET-924369329835065344-981894525391028224>
None
2018-04-14 14:49:50 [scrapy] DEBUG: Scraped from <200 https://twitter.com/i/search/timeline?l=en&f=tweets&q=NARS%20Hardwired%20Eyeshadow&src=typed&max_position=TWEET-924369329835065344-981894525391028224>
None
2018-04-14 14:49:51 [scrapy] DEBUG: Crawled (200) <GET https://twitter.com/i/search/timeline?l=en&f=tweets&q=NARS%20Hardwired%20Eyeshadow&src=typed&max_position=TWEET-880670492260270081-981894525391028224> (referer: https://twitter.com/i/search/timeline?l=en&f=tweets&q=NARS%20Hardwired%20Eyeshadow&src=typed&max_position=TWEET-924369329835065344-981894525391028224)
2018-04-14 14:49:51 [scrapy] DEBUG: Scraped from <200 https://twitter.com/i/search/timeline?l=en&f=tweets&q=NARS%20Hardwired%20Eyeshadow&src=typed&max_position=TWEET-880670492260270081-981894525391028224>
None
2018-04-14 14:49:51 [scrapy] DEBUG: Scraped from <200 https://twitter.com/i/search/timeline?l=en&f=tweets&q=NARS%20Hardwired%20Eyeshadow&src=typed&max_position=TWEET-880670492260270081-981894525391028224>
None
2018-04-14 14:49:51 [scrapy] DEBUG: Scraped from <200 https://twitter.com/i/search/timeline?l=en&f=tweets&q=NARS%20Hardwired%20Eyeshadow&src=typed&max_position=TWEET-880670492260270081-981894525391028224>
None
2018-04-14 14:49:51 [scrapy] DEBUG: Scraped from <200 https://twitter.com/i/search/timeline?l=en&f=tweets&q=NARS%20Hardwired%20Eyeshadow&src=typed&max_position=TWEET-880670492260270081-981894525391028224>
None
2018-04-14 14:49:51 [scrapy] DEBUG: Scraped from <200 https://twitter.com/i/search/timeline?l=en&f=tweets&q=NARS%20Hardwired%20Eyeshadow&src=typed&max_position=TWEET-880670492260270081-981894525391028224>
None
2018-04-14 14:49:51 [scrapy] DEBUG: Scraped from <200 https://twitter.com/i/search/timeline?l=en&f=tweets&q=NARS%20Hardwired%20Eyeshadow&src=typed&max_position=TWEET-880670492260270081-981894525391028224>
None
2018-04-14 14:49:52 [scrapy] DEBUG: Crawled (200) <GET https://twitter.com/i/search/timeline?l=en&f=tweets&q=NARS%20Hardwired%20Eyeshadow&src=typed&max_position=TWEET-839664918911729664-981894525391028224> (referer: https://twitter.com/i/search/timeline?l=en&f=tweets&q=NARS%20Hardwired%20Eyeshadow&src=typed&max_position=TWEET-880670492260270081-981894525391028224)
2018-04-14 14:49:52 [scrapy] DEBUG: Scraped from <200 https://twitter.com/i/search/timeline?l=en&f=tweets&q=NARS%20Hardwired%20Eyeshadow&src=typed&max_position=TWEET-839664918911729664-981894525391028224>
None
2018-04-14 14:49:52 [scrapy] DEBUG: Scraped from <200 https://twitter.com/i/search/timeline?l=en&f=tweets&q=NARS%20Hardwired%20Eyeshadow&src=typed&max_position=TWEET-839664918911729664-981894525391028224>
None
2018-04-14 14:49:52 [scrapy] DEBUG: Scraped from <200 https://twitter.com/i/search/timeline?l=en&f=tweets&q=NARS%20Hardwired%20Eyeshadow&src=typed&max_position=TWEET-839664918911729664-981894525391028224>
None
2018-04-14 14:49:52 [scrapy] DEBUG: Scraped from <200 https://twitter.com/i/search/timeline?l=en&f=tweets&q=NARS%20Hardwired%20Eyeshadow&src=typed&max_position=TWEET-839664918911729664-981894525391028224>
None
2018-04-14 14:49:52 [scrapy] DEBUG: Scraped from <200 https://twitter.com/i/search/timeline?l=en&f=tweets&q=NARS%20Hardwired%20Eyeshadow&src=typed&max_position=TWEET-839664918911729664-981894525391028224>
None
2018-04-14 14:49:52 [scrapy] DEBUG: Crawled (200) <GET https://twitter.com/i/search/timeline?l=en&f=tweets&q=NARS%20Hardwired%20Eyeshadow&src=typed&max_position=TWEET-826581937053655040-981894525391028224> (referer: https://twitter.com/i/search/timeline?l=en&f=tweets&q=NARS%20Hardwired%20Eyeshadow&src=typed&max_position=TWEET-839664918911729664-981894525391028224)
2018-04-14 14:49:53 [scrapy] DEBUG: Scraped from <200 https://twitter.com/i/search/timeline?l=en&f=tweets&q=NARS%20Hardwired%20Eyeshadow&src=typed&max_position=TWEET-826581937053655040-981894525391028224>
None
2018-04-14 14:49:53 [scrapy] DEBUG: Scraped from <200 https://twitter.com/i/search/timeline?l=en&f=tweets&q=NARS%20Hardwired%20Eyeshadow&src=typed&max_position=TWEET-826581937053655040-981894525391028224>
None
2018-04-14 14:49:53 [scrapy] DEBUG: Scraped from <200 https://twitter.com/i/search/timeline?l=en&f=tweets&q=NARS%20Hardwired%20Eyeshadow&src=typed&max_position=TWEET-826581937053655040-981894525391028224>
None
2018-04-14 14:49:53 [scrapy] DEBUG: Scraped from <200 https://twitter.com/i/search/timeline?l=en&f=tweets&q=NARS%20Hardwired%20Eyeshadow&src=typed&max_position=TWEET-826581937053655040-981894525391028224>
None
2018-04-14 14:49:53 [scrapy] DEBUG: Scraped from <200 https://twitter.com/i/search/timeline?l=en&f=tweets&q=NARS%20Hardwired%20Eyeshadow&src=typed&max_position=TWEET-826581937053655040-981894525391028224>
None
2018-04-14 14:49:53 [scrapy] DEBUG: Scraped from <200 https://twitter.com/i/search/timeline?l=en&f=tweets&q=NARS%20Hardwired%20Eyeshadow&src=typed&max_position=TWEET-826581937053655040-981894525391028224>
None
2018-04-14 14:49:53 [scrapy] DEBUG: Scraped from <200 https://twitter.com/i/search/timeline?l=en&f=tweets&q=NARS%20Hardwired%20Eyeshadow&src=typed&max_position=TWEET-826581937053655040-981894525391028224>
None
2018-04-14 14:49:53 [scrapy] DEBUG: Crawled (200) <GET https://twitter.com/i/search/timeline?l=en&f=tweets&q=NARS%20Hardwired%20Eyeshadow&src=typed&max_position=TWEET-797301816912478208-981894525391028224> (referer: https://twitter.com/i/search/timeline?l=en&f=tweets&q=NARS%20Hardwired%20Eyeshadow&src=typed&max_position=TWEET-826581937053655040-981894525391028224)
2018-04-14 14:49:54 [scrapy] DEBUG: Scraped from <200 https://twitter.com/i/search/timeline?l=en&f=tweets&q=NARS%20Hardwired%20Eyeshadow&src=typed&max_position=TWEET-797301816912478208-981894525391028224>
None
2018-04-14 14:49:54 [scrapy] DEBUG: Scraped from <200 https://twitter.com/i/search/timeline?l=en&f=tweets&q=NARS%20Hardwired%20Eyeshadow&src=typed&max_position=TWEET-797301816912478208-981894525391028224>
None
2018-04-14 14:49:54 [scrapy] DEBUG: Scraped from <200 https://twitter.com/i/search/timeline?l=en&f=tweets&q=NARS%20Hardwired%20Eyeshadow&src=typed&max_position=TWEET-797301816912478208-981894525391028224>
None
2018-04-14 14:49:54 [scrapy] DEBUG: Scraped from <200 https://twitter.com/i/search/timeline?l=en&f=tweets&q=NARS%20Hardwired%20Eyeshadow&src=typed&max_position=TWEET-797301816912478208-981894525391028224>
None
2018-04-14 14:49:54 [scrapy] DEBUG: Scraped from <200 https://twitter.com/i/search/timeline?l=en&f=tweets&q=NARS%20Hardwired%20Eyeshadow&src=typed&max_position=TWEET-797301816912478208-981894525391028224>
None
2018-04-14 14:49:54 [scrapy] DEBUG: Scraped from <200 https://twitter.com/i/search/timeline?l=en&f=tweets&q=NARS%20Hardwired%20Eyeshadow&src=typed&max_position=TWEET-797301816912478208-981894525391028224>
None
2018-04-14 14:49:54 [scrapy] DEBUG: Scraped from <200 https://twitter.com/i/search/timeline?l=en&f=tweets&q=NARS%20Hardwired%20Eyeshadow&src=typed&max_position=TWEET-797301816912478208-981894525391028224>
None
2018-04-14 14:49:54 [scrapy] DEBUG: Scraped from <200 https://twitter.com/i/search/timeline?l=en&f=tweets&q=NARS%20Hardwired%20Eyeshadow&src=typed&max_position=TWEET-797301816912478208-981894525391028224>
None
2018-04-14 14:49:54 [scrapy] DEBUG: Scraped from <200 https://twitter.com/i/search/timeline?l=en&f=tweets&q=NARS%20Hardwired%20Eyeshadow&src=typed&max_position=TWEET-797301816912478208-981894525391028224>
None
2018-04-14 14:49:54 [scrapy] DEBUG: Scraped from <200 https://twitter.com/i/search/timeline?l=en&f=tweets&q=NARS%20Hardwired%20Eyeshadow&src=typed&max_position=TWEET-797301816912478208-981894525391028224>
None
2018-04-14 14:49:54 [scrapy] DEBUG: Scraped from <200 https://twitter.com/i/search/timeline?l=en&f=tweets&q=NARS%20Hardwired%20Eyeshadow&src=typed&max_position=TWEET-797301816912478208-981894525391028224>
None
2018-04-14 14:49:54 [scrapy] DEBUG: Scraped from <200 https://twitter.com/i/search/timeline?l=en&f=tweets&q=NARS%20Hardwired%20Eyeshadow&src=typed&max_position=TWEET-797301816912478208-981894525391028224>
None
2018-04-14 14:49:55 [scrapy] DEBUG: Crawled (200) <GET https://twitter.com/i/search/timeline?l=en&f=tweets&q=NARS%20Hardwired%20Eyeshadow&src=typed&max_position=TWEET-772350207904317440-981894525391028224> (referer: https://twitter.com/i/search/timeline?l=en&f=tweets&q=NARS%20Hardwired%20Eyeshadow&src=typed&max_position=TWEET-797301816912478208-981894525391028224)
2018-04-14 14:49:55 [scrapy] DEBUG: Scraped from <200 https://twitter.com/i/search/timeline?l=en&f=tweets&q=NARS%20Hardwired%20Eyeshadow&src=typed&max_position=TWEET-772350207904317440-981894525391028224>
None
2018-04-14 14:49:55 [scrapy] DEBUG: Scraped from <200 https://twitter.com/i/search/timeline?l=en&f=tweets&q=NARS%20Hardwired%20Eyeshadow&src=typed&max_position=TWEET-772350207904317440-981894525391028224>
None
2018-04-14 14:49:55 [scrapy] DEBUG: Scraped from <200 https://twitter.com/i/search/timeline?l=en&f=tweets&q=NARS%20Hardwired%20Eyeshadow&src=typed&max_position=TWEET-772350207904317440-981894525391028224>
None
2018-04-14 14:49:55 [scrapy] DEBUG: Scraped from <200 https://twitter.com/i/search/timeline?l=en&f=tweets&q=NARS%20Hardwired%20Eyeshadow&src=typed&max_position=TWEET-772350207904317440-981894525391028224>
None
2018-04-14 14:49:55 [scrapy] DEBUG: Scraped from <200 https://twitter.com/i/search/timeline?l=en&f=tweets&q=NARS%20Hardwired%20Eyeshadow&src=typed&max_position=TWEET-772350207904317440-981894525391028224>
None
2018-04-14 14:49:56 [scrapy] DEBUG: Scraped from <200 https://twitter.com/i/search/timeline?l=en&f=tweets&q=NARS%20Hardwired%20Eyeshadow&src=typed&max_position=TWEET-772350207904317440-981894525391028224>
None
2018-04-14 14:49:56 [scrapy] DEBUG: Scraped from <200 https://twitter.com/i/search/timeline?l=en&f=tweets&q=NARS%20Hardwired%20Eyeshadow&src=typed&max_position=TWEET-772350207904317440-981894525391028224>
None
2018-04-14 14:49:56 [scrapy] DEBUG: Scraped from <200 https://twitter.com/i/search/timeline?l=en&f=tweets&q=NARS%20Hardwired%20Eyeshadow&src=typed&max_position=TWEET-772350207904317440-981894525391028224>
None
2018-04-14 14:49:56 [scrapy] DEBUG: Scraped from <200 https://twitter.com/i/search/timeline?l=en&f=tweets&q=NARS%20Hardwired%20Eyeshadow&src=typed&max_position=TWEET-772350207904317440-981894525391028224>
None
2018-04-14 14:49:56 [scrapy] DEBUG: Scraped from <200 https://twitter.com/i/search/timeline?l=en&f=tweets&q=NARS%20Hardwired%20Eyeshadow&src=typed&max_position=TWEET-772350207904317440-981894525391028224>
None
2018-04-14 14:49:56 [scrapy] DEBUG: Scraped from <200 https://twitter.com/i/search/timeline?l=en&f=tweets&q=NARS%20Hardwired%20Eyeshadow&src=typed&max_position=TWEET-772350207904317440-981894525391028224>
None
2018-04-14 14:49:56 [scrapy] DEBUG: Scraped from <200 https://twitter.com/i/search/timeline?l=en&f=tweets&q=NARS%20Hardwired%20Eyeshadow&src=typed&max_position=TWEET-772350207904317440-981894525391028224>
None
2018-04-14 14:49:56 [scrapy] DEBUG: Scraped from <200 https://twitter.com/i/search/timeline?l=en&f=tweets&q=NARS%20Hardwired%20Eyeshadow&src=typed&max_position=TWEET-772350207904317440-981894525391028224>
None
2018-04-14 14:49:56 [scrapy] DEBUG: Scraped from <200 https://twitter.com/i/search/timeline?l=en&f=tweets&q=NARS%20Hardwired%20Eyeshadow&src=typed&max_position=TWEET-772350207904317440-981894525391028224>
None
2018-04-14 14:49:56 [scrapy] DEBUG: Scraped from <200 https://twitter.com/i/search/timeline?l=en&f=tweets&q=NARS%20Hardwired%20Eyeshadow&src=typed&max_position=TWEET-772350207904317440-981894525391028224>
None
2018-04-14 14:49:56 [scrapy] DEBUG: Scraped from <200 https://twitter.com/i/search/timeline?l=en&f=tweets&q=NARS%20Hardwired%20Eyeshadow&src=typed&max_position=TWEET-772350207904317440-981894525391028224>
None
2018-04-14 14:49:56 [scrapy] DEBUG: Scraped from <200 https://twitter.com/i/search/timeline?l=en&f=tweets&q=NARS%20Hardwired%20Eyeshadow&src=typed&max_position=TWEET-772350207904317440-981894525391028224>
None
2018-04-14 14:49:56 [scrapy] DEBUG: Scraped from <200 https://twitter.com/i/search/timeline?l=en&f=tweets&q=NARS%20Hardwired%20Eyeshadow&src=typed&max_position=TWEET-772350207904317440-981894525391028224>
None
2018-04-14 14:49:56 [scrapy] DEBUG: Scraped from <200 https://twitter.com/i/search/timeline?l=en&f=tweets&q=NARS%20Hardwired%20Eyeshadow&src=typed&max_position=TWEET-772350207904317440-981894525391028224>
None
2018-04-14 14:49:57 [scrapy] DEBUG: Crawled (200) <GET https://twitter.com/i/search/timeline?l=en&f=tweets&q=NARS%20Hardwired%20Eyeshadow&src=typed&max_position=TWEET-763079424770138112-981894525391028224> (referer: https://twitter.com/i/search/timeline?l=en&f=tweets&q=NARS%20Hardwired%20Eyeshadow&src=typed&max_position=TWEET-772350207904317440-981894525391028224)
2018-04-14 14:49:57 [scrapy] DEBUG: Scraped from <200 https://twitter.com/i/search/timeline?l=en&f=tweets&q=NARS%20Hardwired%20Eyeshadow&src=typed&max_position=TWEET-763079424770138112-981894525391028224>
None
2018-04-14 14:49:57 [scrapy] DEBUG: Scraped from <200 https://twitter.com/i/search/timeline?l=en&f=tweets&q=NARS%20Hardwired%20Eyeshadow&src=typed&max_position=TWEET-763079424770138112-981894525391028224>
None
2018-04-14 14:49:57 [scrapy] DEBUG: Scraped from <200 https://twitter.com/i/search/timeline?l=en&f=tweets&q=NARS%20Hardwired%20Eyeshadow&src=typed&max_position=TWEET-763079424770138112-981894525391028224>
None
2018-04-14 14:49:57 [scrapy] DEBUG: Scraped from <200 https://twitter.com/i/search/timeline?l=en&f=tweets&q=NARS%20Hardwired%20Eyeshadow&src=typed&max_position=TWEET-763079424770138112-981894525391028224>
None
2018-04-14 14:49:57 [scrapy] DEBUG: Scraped from <200 https://twitter.com/i/search/timeline?l=en&f=tweets&q=NARS%20Hardwired%20Eyeshadow&src=typed&max_position=TWEET-763079424770138112-981894525391028224>
None
2018-04-14 14:49:57 [scrapy] DEBUG: Scraped from <200 https://twitter.com/i/search/timeline?l=en&f=tweets&q=NARS%20Hardwired%20Eyeshadow&src=typed&max_position=TWEET-763079424770138112-981894525391028224>
None
2018-04-14 14:49:57 [scrapy] DEBUG: Scraped from <200 https://twitter.com/i/search/timeline?l=en&f=tweets&q=NARS%20Hardwired%20Eyeshadow&src=typed&max_position=TWEET-763079424770138112-981894525391028224>
None
2018-04-14 14:49:57 [scrapy] DEBUG: Scraped from <200 https://twitter.com/i/search/timeline?l=en&f=tweets&q=NARS%20Hardwired%20Eyeshadow&src=typed&max_position=TWEET-763079424770138112-981894525391028224>
None
2018-04-14 14:49:57 [scrapy] DEBUG: Scraped from <200 https://twitter.com/i/search/timeline?l=en&f=tweets&q=NARS%20Hardwired%20Eyeshadow&src=typed&max_position=TWEET-763079424770138112-981894525391028224>
None
2018-04-14 14:49:57 [scrapy] DEBUG: Scraped from <200 https://twitter.com/i/search/timeline?l=en&f=tweets&q=NARS%20Hardwired%20Eyeshadow&src=typed&max_position=TWEET-763079424770138112-981894525391028224>
None
2018-04-14 14:49:58 [scrapy] DEBUG: Scraped from <200 https://twitter.com/i/search/timeline?l=en&f=tweets&q=NARS%20Hardwired%20Eyeshadow&src=typed&max_position=TWEET-763079424770138112-981894525391028224>
None
2018-04-14 14:49:58 [scrapy] DEBUG: Scraped from <200 https://twitter.com/i/search/timeline?l=en&f=tweets&q=NARS%20Hardwired%20Eyeshadow&src=typed&max_position=TWEET-763079424770138112-981894525391028224>
None
2018-04-14 14:49:58 [scrapy] DEBUG: Scraped from <200 https://twitter.com/i/search/timeline?l=en&f=tweets&q=NARS%20Hardwired%20Eyeshadow&src=typed&max_position=TWEET-763079424770138112-981894525391028224>
None
2018-04-14 14:49:58 [scrapy] DEBUG: Scraped from <200 https://twitter.com/i/search/timeline?l=en&f=tweets&q=NARS%20Hardwired%20Eyeshadow&src=typed&max_position=TWEET-763079424770138112-981894525391028224>
None
2018-04-14 14:49:58 [scrapy] DEBUG: Scraped from <200 https://twitter.com/i/search/timeline?l=en&f=tweets&q=NARS%20Hardwired%20Eyeshadow&src=typed&max_position=TWEET-763079424770138112-981894525391028224>
None
2018-04-14 14:49:58 [scrapy] DEBUG: Scraped from <200 https://twitter.com/i/search/timeline?l=en&f=tweets&q=NARS%20Hardwired%20Eyeshadow&src=typed&max_position=TWEET-763079424770138112-981894525391028224>
None
2018-04-14 14:49:58 [scrapy] DEBUG: Scraped from <200 https://twitter.com/i/search/timeline?l=en&f=tweets&q=NARS%20Hardwired%20Eyeshadow&src=typed&max_position=TWEET-763079424770138112-981894525391028224>
None
2018-04-14 14:49:58 [scrapy] DEBUG: Crawled (200) <GET https://twitter.com/i/search/timeline?l=en&f=tweets&q=NARS%20Hardwired%20Eyeshadow&src=typed&max_position=TWEET-760147889444098048-981894525391028224> (referer: https://twitter.com/i/search/timeline?l=en&f=tweets&q=NARS%20Hardwired%20Eyeshadow&src=typed&max_position=TWEET-763079424770138112-981894525391028224)
2018-04-14 14:49:59 [scrapy] DEBUG: Scraped from <200 https://twitter.com/i/search/timeline?l=en&f=tweets&q=NARS%20Hardwired%20Eyeshadow&src=typed&max_position=TWEET-760147889444098048-981894525391028224>
None
2018-04-14 14:49:59 [scrapy] DEBUG: Scraped from <200 https://twitter.com/i/search/timeline?l=en&f=tweets&q=NARS%20Hardwired%20Eyeshadow&src=typed&max_position=TWEET-760147889444098048-981894525391028224>
None
2018-04-14 14:49:59 [scrapy] DEBUG: Scraped from <200 https://twitter.com/i/search/timeline?l=en&f=tweets&q=NARS%20Hardwired%20Eyeshadow&src=typed&max_position=TWEET-760147889444098048-981894525391028224>
None
2018-04-14 14:49:59 [scrapy] DEBUG: Scraped from <200 https://twitter.com/i/search/timeline?l=en&f=tweets&q=NARS%20Hardwired%20Eyeshadow&src=typed&max_position=TWEET-760147889444098048-981894525391028224>
None
2018-04-14 14:49:59 [scrapy] DEBUG: Scraped from <200 https://twitter.com/i/search/timeline?l=en&f=tweets&q=NARS%20Hardwired%20Eyeshadow&src=typed&max_position=TWEET-760147889444098048-981894525391028224>
None
2018-04-14 14:49:59 [scrapy] DEBUG: Scraped from <200 https://twitter.com/i/search/timeline?l=en&f=tweets&q=NARS%20Hardwired%20Eyeshadow&src=typed&max_position=TWEET-760147889444098048-981894525391028224>
None
2018-04-14 14:49:59 [scrapy] DEBUG: Scraped from <200 https://twitter.com/i/search/timeline?l=en&f=tweets&q=NARS%20Hardwired%20Eyeshadow&src=typed&max_position=TWEET-760147889444098048-981894525391028224>
None
2018-04-14 14:49:59 [scrapy] DEBUG: Scraped from <200 https://twitter.com/i/search/timeline?l=en&f=tweets&q=NARS%20Hardwired%20Eyeshadow&src=typed&max_position=TWEET-760147889444098048-981894525391028224>
None
2018-04-14 14:49:59 [scrapy] DEBUG: Scraped from <200 https://twitter.com/i/search/timeline?l=en&f=tweets&q=NARS%20Hardwired%20Eyeshadow&src=typed&max_position=TWEET-760147889444098048-981894525391028224>
None
2018-04-14 14:49:59 [scrapy] DEBUG: Scraped from <200 https://twitter.com/i/search/timeline?l=en&f=tweets&q=NARS%20Hardwired%20Eyeshadow&src=typed&max_position=TWEET-760147889444098048-981894525391028224>
None
2018-04-14 14:49:59 [scrapy] DEBUG: Scraped from <200 https://twitter.com/i/search/timeline?l=en&f=tweets&q=NARS%20Hardwired%20Eyeshadow&src=typed&max_position=TWEET-760147889444098048-981894525391028224>
None
2018-04-14 14:49:59 [scrapy] DEBUG: Scraped from <200 https://twitter.com/i/search/timeline?l=en&f=tweets&q=NARS%20Hardwired%20Eyeshadow&src=typed&max_position=TWEET-760147889444098048-981894525391028224>
None
2018-04-14 14:49:59 [scrapy] DEBUG: Scraped from <200 https://twitter.com/i/search/timeline?l=en&f=tweets&q=NARS%20Hardwired%20Eyeshadow&src=typed&max_position=TWEET-760147889444098048-981894525391028224>
None
2018-04-14 14:49:59 [scrapy] DEBUG: Scraped from <200 https://twitter.com/i/search/timeline?l=en&f=tweets&q=NARS%20Hardwired%20Eyeshadow&src=typed&max_position=TWEET-760147889444098048-981894525391028224>
None
2018-04-14 14:49:59 [scrapy] DEBUG: Scraped from <200 https://twitter.com/i/search/timeline?l=en&f=tweets&q=NARS%20Hardwired%20Eyeshadow&src=typed&max_position=TWEET-760147889444098048-981894525391028224>
None
2018-04-14 14:49:59 [scrapy] DEBUG: Scraped from <200 https://twitter.com/i/search/timeline?l=en&f=tweets&q=NARS%20Hardwired%20Eyeshadow&src=typed&max_position=TWEET-760147889444098048-981894525391028224>
None
2018-04-14 14:49:59 [scrapy] DEBUG: Scraped from <200 https://twitter.com/i/search/timeline?l=en&f=tweets&q=NARS%20Hardwired%20Eyeshadow&src=typed&max_position=TWEET-760147889444098048-981894525391028224>
None
2018-04-14 14:49:59 [scrapy] DEBUG: Scraped from <200 https://twitter.com/i/search/timeline?l=en&f=tweets&q=NARS%20Hardwired%20Eyeshadow&src=typed&max_position=TWEET-760147889444098048-981894525391028224>
None
2018-04-14 14:50:00 [scrapy] DEBUG: Scraped from <200 https://twitter.com/i/search/timeline?l=en&f=tweets&q=NARS%20Hardwired%20Eyeshadow&src=typed&max_position=TWEET-760147889444098048-981894525391028224>
None
2018-04-14 14:50:00 [scrapy] DEBUG: Scraped from <200 https://twitter.com/i/search/timeline?l=en&f=tweets&q=NARS%20Hardwired%20Eyeshadow&src=typed&max_position=TWEET-760147889444098048-981894525391028224>
None
2018-04-14 14:50:00 [scrapy] DEBUG: Crawled (200) <GET https://twitter.com/i/search/timeline?l=en&f=tweets&q=NARS%20Hardwired%20Eyeshadow&src=typed&max_position=TWEET-757485601767600128-981894525391028224> (referer: https://twitter.com/i/search/timeline?l=en&f=tweets&q=NARS%20Hardwired%20Eyeshadow&src=typed&max_position=TWEET-760147889444098048-981894525391028224)
2018-04-14 14:50:00 [scrapy] DEBUG: Scraped from <200 https://twitter.com/i/search/timeline?l=en&f=tweets&q=NARS%20Hardwired%20Eyeshadow&src=typed&max_position=TWEET-757485601767600128-981894525391028224>
None
2018-04-14 14:50:00 [scrapy] DEBUG: Scraped from <200 https://twitter.com/i/search/timeline?l=en&f=tweets&q=NARS%20Hardwired%20Eyeshadow&src=typed&max_position=TWEET-757485601767600128-981894525391028224>
None
2018-04-14 14:50:00 [scrapy] DEBUG: Scraped from <200 https://twitter.com/i/search/timeline?l=en&f=tweets&q=NARS%20Hardwired%20Eyeshadow&src=typed&max_position=TWEET-757485601767600128-981894525391028224>
None
2018-04-14 14:50:01 [scrapy] DEBUG: Scraped from <200 https://twitter.com/i/search/timeline?l=en&f=tweets&q=NARS%20Hardwired%20Eyeshadow&src=typed&max_position=TWEET-757485601767600128-981894525391028224>
None
2018-04-14 14:50:01 [scrapy] DEBUG: Scraped from <200 https://twitter.com/i/search/timeline?l=en&f=tweets&q=NARS%20Hardwired%20Eyeshadow&src=typed&max_position=TWEET-757485601767600128-981894525391028224>
None
2018-04-14 14:50:01 [scrapy] DEBUG: Scraped from <200 https://twitter.com/i/search/timeline?l=en&f=tweets&q=NARS%20Hardwired%20Eyeshadow&src=typed&max_position=TWEET-757485601767600128-981894525391028224>
None
2018-04-14 14:50:01 [scrapy] DEBUG: Scraped from <200 https://twitter.com/i/search/timeline?l=en&f=tweets&q=NARS%20Hardwired%20Eyeshadow&src=typed&max_position=TWEET-757485601767600128-981894525391028224>
None
2018-04-14 14:50:01 [scrapy] DEBUG: Scraped from <200 https://twitter.com/i/search/timeline?l=en&f=tweets&q=NARS%20Hardwired%20Eyeshadow&src=typed&max_position=TWEET-757485601767600128-981894525391028224>
None
2018-04-14 14:50:01 [scrapy] DEBUG: Scraped from <200 https://twitter.com/i/search/timeline?l=en&f=tweets&q=NARS%20Hardwired%20Eyeshadow&src=typed&max_position=TWEET-757485601767600128-981894525391028224>
None
2018-04-14 14:50:01 [scrapy] DEBUG: Scraped from <200 https://twitter.com/i/search/timeline?l=en&f=tweets&q=NARS%20Hardwired%20Eyeshadow&src=typed&max_position=TWEET-757485601767600128-981894525391028224>
None
2018-04-14 14:50:01 [scrapy] DEBUG: Scraped from <200 https://twitter.com/i/search/timeline?l=en&f=tweets&q=NARS%20Hardwired%20Eyeshadow&src=typed&max_position=TWEET-757485601767600128-981894525391028224>
None
2018-04-14 14:50:01 [scrapy] DEBUG: Scraped from <200 https://twitter.com/i/search/timeline?l=en&f=tweets&q=NARS%20Hardwired%20Eyeshadow&src=typed&max_position=TWEET-757485601767600128-981894525391028224>
None
2018-04-14 14:50:01 [scrapy] DEBUG: Scraped from <200 https://twitter.com/i/search/timeline?l=en&f=tweets&q=NARS%20Hardwired%20Eyeshadow&src=typed&max_position=TWEET-757485601767600128-981894525391028224>
None
2018-04-14 14:50:01 [scrapy] DEBUG: Scraped from <200 https://twitter.com/i/search/timeline?l=en&f=tweets&q=NARS%20Hardwired%20Eyeshadow&src=typed&max_position=TWEET-757485601767600128-981894525391028224>
None
2018-04-14 14:50:01 [scrapy] DEBUG: Scraped from <200 https://twitter.com/i/search/timeline?l=en&f=tweets&q=NARS%20Hardwired%20Eyeshadow&src=typed&max_position=TWEET-757485601767600128-981894525391028224>
None
2018-04-14 14:50:01 [scrapy] DEBUG: Scraped from <200 https://twitter.com/i/search/timeline?l=en&f=tweets&q=NARS%20Hardwired%20Eyeshadow&src=typed&max_position=TWEET-757485601767600128-981894525391028224>
None
2018-04-14 14:50:01 [scrapy] DEBUG: Scraped from <200 https://twitter.com/i/search/timeline?l=en&f=tweets&q=NARS%20Hardwired%20Eyeshadow&src=typed&max_position=TWEET-757485601767600128-981894525391028224>
None
2018-04-14 14:50:01 [scrapy] DEBUG: Scraped from <200 https://twitter.com/i/search/timeline?l=en&f=tweets&q=NARS%20Hardwired%20Eyeshadow&src=typed&max_position=TWEET-757485601767600128-981894525391028224>
None
2018-04-14 14:50:01 [scrapy] DEBUG: Scraped from <200 https://twitter.com/i/search/timeline?l=en&f=tweets&q=NARS%20Hardwired%20Eyeshadow&src=typed&max_position=TWEET-757485601767600128-981894525391028224>
None
2018-04-14 14:50:01 [scrapy] DEBUG: Scraped from <200 https://twitter.com/i/search/timeline?l=en&f=tweets&q=NARS%20Hardwired%20Eyeshadow&src=typed&max_position=TWEET-757485601767600128-981894525391028224>
None
2018-04-14 14:50:02 [scrapy] DEBUG: Crawled (200) <GET https://twitter.com/i/search/timeline?l=en&f=tweets&q=NARS%20Hardwired%20Eyeshadow&src=typed&max_position=TWEET-757271615390507009-981894525391028224> (referer: https://twitter.com/i/search/timeline?l=en&f=tweets&q=NARS%20Hardwired%20Eyeshadow&src=typed&max_position=TWEET-757485601767600128-981894525391028224)
2018-04-14 14:50:02 [scrapy] DEBUG: Scraped from <200 https://twitter.com/i/search/timeline?l=en&f=tweets&q=NARS%20Hardwired%20Eyeshadow&src=typed&max_position=TWEET-757271615390507009-981894525391028224>
None
2018-04-14 14:50:03 [scrapy] DEBUG: Scraped from <200 https://twitter.com/i/search/timeline?l=en&f=tweets&q=NARS%20Hardwired%20Eyeshadow&src=typed&max_position=TWEET-757271615390507009-981894525391028224>
None
2018-04-14 14:50:03 [scrapy] DEBUG: Scraped from <200 https://twitter.com/i/search/timeline?l=en&f=tweets&q=NARS%20Hardwired%20Eyeshadow&src=typed&max_position=TWEET-757271615390507009-981894525391028224>
None
2018-04-14 14:50:03 [scrapy] DEBUG: Scraped from <200 https://twitter.com/i/search/timeline?l=en&f=tweets&q=NARS%20Hardwired%20Eyeshadow&src=typed&max_position=TWEET-757271615390507009-981894525391028224>
None
2018-04-14 14:50:03 [scrapy] DEBUG: Scraped from <200 https://twitter.com/i/search/timeline?l=en&f=tweets&q=NARS%20Hardwired%20Eyeshadow&src=typed&max_position=TWEET-757271615390507009-981894525391028224>
None
2018-04-14 14:50:03 [scrapy] DEBUG: Scraped from <200 https://twitter.com/i/search/timeline?l=en&f=tweets&q=NARS%20Hardwired%20Eyeshadow&src=typed&max_position=TWEET-757271615390507009-981894525391028224>
None
2018-04-14 14:50:03 [scrapy] DEBUG: Scraped from <200 https://twitter.com/i/search/timeline?l=en&f=tweets&q=NARS%20Hardwired%20Eyeshadow&src=typed&max_position=TWEET-757271615390507009-981894525391028224>
None
2018-04-14 14:50:03 [scrapy] DEBUG: Scraped from <200 https://twitter.com/i/search/timeline?l=en&f=tweets&q=NARS%20Hardwired%20Eyeshadow&src=typed&max_position=TWEET-757271615390507009-981894525391028224>
None
2018-04-14 14:50:03 [scrapy] DEBUG: Scraped from <200 https://twitter.com/i/search/timeline?l=en&f=tweets&q=NARS%20Hardwired%20Eyeshadow&src=typed&max_position=TWEET-757271615390507009-981894525391028224>
None
2018-04-14 14:50:03 [scrapy] DEBUG: Scraped from <200 https://twitter.com/i/search/timeline?l=en&f=tweets&q=NARS%20Hardwired%20Eyeshadow&src=typed&max_position=TWEET-757271615390507009-981894525391028224>
None
2018-04-14 14:50:03 [scrapy] DEBUG: Scraped from <200 https://twitter.com/i/search/timeline?l=en&f=tweets&q=NARS%20Hardwired%20Eyeshadow&src=typed&max_position=TWEET-757271615390507009-981894525391028224>
None
2018-04-14 14:50:03 [scrapy] DEBUG: Scraped from <200 https://twitter.com/i/search/timeline?l=en&f=tweets&q=NARS%20Hardwired%20Eyeshadow&src=typed&max_position=TWEET-757271615390507009-981894525391028224>
None
2018-04-14 14:50:03 [scrapy] DEBUG: Scraped from <200 https://twitter.com/i/search/timeline?l=en&f=tweets&q=NARS%20Hardwired%20Eyeshadow&src=typed&max_position=TWEET-757271615390507009-981894525391028224>
None
2018-04-14 14:50:03 [scrapy] DEBUG: Scraped from <200 https://twitter.com/i/search/timeline?l=en&f=tweets&q=NARS%20Hardwired%20Eyeshadow&src=typed&max_position=TWEET-757271615390507009-981894525391028224>
None
2018-04-14 14:50:03 [scrapy] DEBUG: Scraped from <200 https://twitter.com/i/search/timeline?l=en&f=tweets&q=NARS%20Hardwired%20Eyeshadow&src=typed&max_position=TWEET-757271615390507009-981894525391028224>
None
2018-04-14 14:50:03 [scrapy] DEBUG: Scraped from <200 https://twitter.com/i/search/timeline?l=en&f=tweets&q=NARS%20Hardwired%20Eyeshadow&src=typed&max_position=TWEET-757271615390507009-981894525391028224>
None
2018-04-14 14:50:03 [scrapy] DEBUG: Scraped from <200 https://twitter.com/i/search/timeline?l=en&f=tweets&q=NARS%20Hardwired%20Eyeshadow&src=typed&max_position=TWEET-757271615390507009-981894525391028224>
None
2018-04-14 14:50:03 [scrapy] DEBUG: Scraped from <200 https://twitter.com/i/search/timeline?l=en&f=tweets&q=NARS%20Hardwired%20Eyeshadow&src=typed&max_position=TWEET-757271615390507009-981894525391028224>
None
2018-04-14 14:50:03 [scrapy] DEBUG: Scraped from <200 https://twitter.com/i/search/timeline?l=en&f=tweets&q=NARS%20Hardwired%20Eyeshadow&src=typed&max_position=TWEET-757271615390507009-981894525391028224>
None
2018-04-14 14:50:03 [scrapy] DEBUG: Scraped from <200 https://twitter.com/i/search/timeline?l=en&f=tweets&q=NARS%20Hardwired%20Eyeshadow&src=typed&max_position=TWEET-757271615390507009-981894525391028224>
None
2018-04-14 14:50:04 [scrapy] DEBUG: Crawled (200) <GET https://twitter.com/i/search/timeline?l=en&f=tweets&q=NARS%20Hardwired%20Eyeshadow&src=typed&max_position=TWEET-756602270154891268-981894525391028224> (referer: https://twitter.com/i/search/timeline?l=en&f=tweets&q=NARS%20Hardwired%20Eyeshadow&src=typed&max_position=TWEET-757271615390507009-981894525391028224)
2018-04-14 14:50:04 [scrapy] DEBUG: Scraped from <200 https://twitter.com/i/search/timeline?l=en&f=tweets&q=NARS%20Hardwired%20Eyeshadow&src=typed&max_position=TWEET-756602270154891268-981894525391028224>
None
2018-04-14 14:50:04 [scrapy] DEBUG: Scraped from <200 https://twitter.com/i/search/timeline?l=en&f=tweets&q=NARS%20Hardwired%20Eyeshadow&src=typed&max_position=TWEET-756602270154891268-981894525391028224>
None
2018-04-14 14:50:04 [scrapy] DEBUG: Scraped from <200 https://twitter.com/i/search/timeline?l=en&f=tweets&q=NARS%20Hardwired%20Eyeshadow&src=typed&max_position=TWEET-756602270154891268-981894525391028224>
None
2018-04-14 14:50:04 [scrapy] DEBUG: Scraped from <200 https://twitter.com/i/search/timeline?l=en&f=tweets&q=NARS%20Hardwired%20Eyeshadow&src=typed&max_position=TWEET-756602270154891268-981894525391028224>
None
2018-04-14 14:50:04 [scrapy] DEBUG: Scraped from <200 https://twitter.com/i/search/timeline?l=en&f=tweets&q=NARS%20Hardwired%20Eyeshadow&src=typed&max_position=TWEET-756602270154891268-981894525391028224>
None
2018-04-14 14:50:04 [scrapy] DEBUG: Scraped from <200 https://twitter.com/i/search/timeline?l=en&f=tweets&q=NARS%20Hardwired%20Eyeshadow&src=typed&max_position=TWEET-756602270154891268-981894525391028224>
None
2018-04-14 14:50:04 [scrapy] DEBUG: Scraped from <200 https://twitter.com/i/search/timeline?l=en&f=tweets&q=NARS%20Hardwired%20Eyeshadow&src=typed&max_position=TWEET-756602270154891268-981894525391028224>
None
2018-04-14 14:50:04 [scrapy] DEBUG: Scraped from <200 https://twitter.com/i/search/timeline?l=en&f=tweets&q=NARS%20Hardwired%20Eyeshadow&src=typed&max_position=TWEET-756602270154891268-981894525391028224>
None
2018-04-14 14:50:04 [scrapy] DEBUG: Scraped from <200 https://twitter.com/i/search/timeline?l=en&f=tweets&q=NARS%20Hardwired%20Eyeshadow&src=typed&max_position=TWEET-756602270154891268-981894525391028224>
None
2018-04-14 14:50:05 [scrapy] DEBUG: Scraped from <200 https://twitter.com/i/search/timeline?l=en&f=tweets&q=NARS%20Hardwired%20Eyeshadow&src=typed&max_position=TWEET-756602270154891268-981894525391028224>
None
2018-04-14 14:50:05 [scrapy] DEBUG: Scraped from <200 https://twitter.com/i/search/timeline?l=en&f=tweets&q=NARS%20Hardwired%20Eyeshadow&src=typed&max_position=TWEET-756602270154891268-981894525391028224>
None
2018-04-14 14:50:05 [scrapy] DEBUG: Scraped from <200 https://twitter.com/i/search/timeline?l=en&f=tweets&q=NARS%20Hardwired%20Eyeshadow&src=typed&max_position=TWEET-756602270154891268-981894525391028224>
None
2018-04-14 14:50:05 [scrapy] DEBUG: Scraped from <200 https://twitter.com/i/search/timeline?l=en&f=tweets&q=NARS%20Hardwired%20Eyeshadow&src=typed&max_position=TWEET-756602270154891268-981894525391028224>
None
2018-04-14 14:50:05 [scrapy] DEBUG: Scraped from <200 https://twitter.com/i/search/timeline?l=en&f=tweets&q=NARS%20Hardwired%20Eyeshadow&src=typed&max_position=TWEET-756602270154891268-981894525391028224>
None
2018-04-14 14:50:05 [scrapy] DEBUG: Scraped from <200 https://twitter.com/i/search/timeline?l=en&f=tweets&q=NARS%20Hardwired%20Eyeshadow&src=typed&max_position=TWEET-756602270154891268-981894525391028224>
None
2018-04-14 14:50:05 [scrapy] DEBUG: Scraped from <200 https://twitter.com/i/search/timeline?l=en&f=tweets&q=NARS%20Hardwired%20Eyeshadow&src=typed&max_position=TWEET-756602270154891268-981894525391028224>
None
2018-04-14 14:50:05 [scrapy] DEBUG: Scraped from <200 https://twitter.com/i/search/timeline?l=en&f=tweets&q=NARS%20Hardwired%20Eyeshadow&src=typed&max_position=TWEET-756602270154891268-981894525391028224>
None
2018-04-14 14:50:05 [scrapy] DEBUG: Scraped from <200 https://twitter.com/i/search/timeline?l=en&f=tweets&q=NARS%20Hardwired%20Eyeshadow&src=typed&max_position=TWEET-756602270154891268-981894525391028224>
None
2018-04-14 14:50:06 [scrapy] DEBUG: Crawled (200) <GET https://twitter.com/i/search/timeline?l=en&f=tweets&q=NARS%20Hardwired%20Eyeshadow&src=typed&max_position=TWEET-704455735296438272-981894525391028224> (referer: https://twitter.com/i/search/timeline?l=en&f=tweets&q=NARS%20Hardwired%20Eyeshadow&src=typed&max_position=TWEET-756602270154891268-981894525391028224)
2018-04-14 14:50:06 [scrapy] DEBUG: Scraped from <200 https://twitter.com/i/search/timeline?l=en&f=tweets&q=NARS%20Hardwired%20Eyeshadow&src=typed&max_position=TWEET-704455735296438272-981894525391028224>
None
2018-04-14 14:50:06 [scrapy] DEBUG: Scraped from <200 https://twitter.com/i/search/timeline?l=en&f=tweets&q=NARS%20Hardwired%20Eyeshadow&src=typed&max_position=TWEET-704455735296438272-981894525391028224>
None
2018-04-14 14:50:06 [scrapy] DEBUG: Scraped from <200 https://twitter.com/i/search/timeline?l=en&f=tweets&q=NARS%20Hardwired%20Eyeshadow&src=typed&max_position=TWEET-704455735296438272-981894525391028224>
None
2018-04-14 14:50:06 [scrapy] DEBUG: Scraped from <200 https://twitter.com/i/search/timeline?l=en&f=tweets&q=NARS%20Hardwired%20Eyeshadow&src=typed&max_position=TWEET-704455735296438272-981894525391028224>
None
2018-04-14 14:50:06 [scrapy] DEBUG: Scraped from <200 https://twitter.com/i/search/timeline?l=en&f=tweets&q=NARS%20Hardwired%20Eyeshadow&src=typed&max_position=TWEET-704455735296438272-981894525391028224>
None
2018-04-14 14:50:06 [scrapy] DEBUG: Scraped from <200 https://twitter.com/i/search/timeline?l=en&f=tweets&q=NARS%20Hardwired%20Eyeshadow&src=typed&max_position=TWEET-704455735296438272-981894525391028224>
None
2018-04-14 14:50:06 [scrapy] DEBUG: Scraped from <200 https://twitter.com/i/search/timeline?l=en&f=tweets&q=NARS%20Hardwired%20Eyeshadow&src=typed&max_position=TWEET-704455735296438272-981894525391028224>
None
2018-04-14 14:50:06 [scrapy] DEBUG: Scraped from <200 https://twitter.com/i/search/timeline?l=en&f=tweets&q=NARS%20Hardwired%20Eyeshadow&src=typed&max_position=TWEET-704455735296438272-981894525391028224>
None
2018-04-14 14:50:06 [scrapy] DEBUG: Scraped from <200 https://twitter.com/i/search/timeline?l=en&f=tweets&q=NARS%20Hardwired%20Eyeshadow&src=typed&max_position=TWEET-704455735296438272-981894525391028224>
None
2018-04-14 14:50:06 [scrapy] DEBUG: Scraped from <200 https://twitter.com/i/search/timeline?l=en&f=tweets&q=NARS%20Hardwired%20Eyeshadow&src=typed&max_position=TWEET-704455735296438272-981894525391028224>
None
2018-04-14 14:50:06 [scrapy] DEBUG: Scraped from <200 https://twitter.com/i/search/timeline?l=en&f=tweets&q=NARS%20Hardwired%20Eyeshadow&src=typed&max_position=TWEET-704455735296438272-981894525391028224>
None
2018-04-14 14:50:06 [scrapy] DEBUG: Scraped from <200 https://twitter.com/i/search/timeline?l=en&f=tweets&q=NARS%20Hardwired%20Eyeshadow&src=typed&max_position=TWEET-704455735296438272-981894525391028224>
None
2018-04-14 14:50:06 [scrapy] DEBUG: Scraped from <200 https://twitter.com/i/search/timeline?l=en&f=tweets&q=NARS%20Hardwired%20Eyeshadow&src=typed&max_position=TWEET-704455735296438272-981894525391028224>
None
2018-04-14 14:50:06 [scrapy] DEBUG: Scraped from <200 https://twitter.com/i/search/timeline?l=en&f=tweets&q=NARS%20Hardwired%20Eyeshadow&src=typed&max_position=TWEET-704455735296438272-981894525391028224>
None
2018-04-14 14:50:06 [scrapy] DEBUG: Scraped from <200 https://twitter.com/i/search/timeline?l=en&f=tweets&q=NARS%20Hardwired%20Eyeshadow&src=typed&max_position=TWEET-704455735296438272-981894525391028224>
None
2018-04-14 14:50:07 [scrapy] DEBUG: Scraped from <200 https://twitter.com/i/search/timeline?l=en&f=tweets&q=NARS%20Hardwired%20Eyeshadow&src=typed&max_position=TWEET-704455735296438272-981894525391028224>
None
2018-04-14 14:50:07 [scrapy] DEBUG: Scraped from <200 https://twitter.com/i/search/timeline?l=en&f=tweets&q=NARS%20Hardwired%20Eyeshadow&src=typed&max_position=TWEET-704455735296438272-981894525391028224>
None
2018-04-14 14:50:07 [scrapy] DEBUG: Scraped from <200 https://twitter.com/i/search/timeline?l=en&f=tweets&q=NARS%20Hardwired%20Eyeshadow&src=typed&max_position=TWEET-704455735296438272-981894525391028224>
None
2018-04-14 14:50:07 [scrapy] DEBUG: Scraped from <200 https://twitter.com/i/search/timeline?l=en&f=tweets&q=NARS%20Hardwired%20Eyeshadow&src=typed&max_position=TWEET-704455735296438272-981894525391028224>
None
2018-04-14 14:50:07 [scrapy] DEBUG: Scraped from <200 https://twitter.com/i/search/timeline?l=en&f=tweets&q=NARS%20Hardwired%20Eyeshadow&src=typed&max_position=TWEET-704455735296438272-981894525391028224>
None
2018-04-14 14:50:07 [scrapy] DEBUG: Crawled (200) <GET https://twitter.com/i/search/timeline?l=en&f=tweets&q=NARS%20Hardwired%20Eyeshadow&src=typed&max_position=TWEET-533422032051257344-981894525391028224> (referer: https://twitter.com/i/search/timeline?l=en&f=tweets&q=NARS%20Hardwired%20Eyeshadow&src=typed&max_position=TWEET-704455735296438272-981894525391028224)
2018-04-14 14:50:08 [scrapy] DEBUG: Scraped from <200 https://twitter.com/i/search/timeline?l=en&f=tweets&q=NARS%20Hardwired%20Eyeshadow&src=typed&max_position=TWEET-533422032051257344-981894525391028224>
None
2018-04-14 14:50:08 [scrapy] DEBUG: Scraped from <200 https://twitter.com/i/search/timeline?l=en&f=tweets&q=NARS%20Hardwired%20Eyeshadow&src=typed&max_position=TWEET-533422032051257344-981894525391028224>
None
2018-04-14 14:50:08 [scrapy] DEBUG: Scraped from <200 https://twitter.com/i/search/timeline?l=en&f=tweets&q=NARS%20Hardwired%20Eyeshadow&src=typed&max_position=TWEET-533422032051257344-981894525391028224>
None
2018-04-14 14:50:08 [scrapy] DEBUG: Scraped from <200 https://twitter.com/i/search/timeline?l=en&f=tweets&q=NARS%20Hardwired%20Eyeshadow&src=typed&max_position=TWEET-533422032051257344-981894525391028224>
None
2018-04-14 14:50:08 [scrapy] DEBUG: Scraped from <200 https://twitter.com/i/search/timeline?l=en&f=tweets&q=NARS%20Hardwired%20Eyeshadow&src=typed&max_position=TWEET-533422032051257344-981894525391028224>
None
2018-04-14 14:50:08 [scrapy] DEBUG: Scraped from <200 https://twitter.com/i/search/timeline?l=en&f=tweets&q=NARS%20Hardwired%20Eyeshadow&src=typed&max_position=TWEET-533422032051257344-981894525391028224>
None
2018-04-14 14:50:08 [scrapy] DEBUG: Scraped from <200 https://twitter.com/i/search/timeline?l=en&f=tweets&q=NARS%20Hardwired%20Eyeshadow&src=typed&max_position=TWEET-533422032051257344-981894525391028224>
None
2018-04-14 14:50:08 [scrapy] DEBUG: Scraped from <200 https://twitter.com/i/search/timeline?l=en&f=tweets&q=NARS%20Hardwired%20Eyeshadow&src=typed&max_position=TWEET-533422032051257344-981894525391028224>
None
2018-04-14 14:50:08 [scrapy] DEBUG: Scraped from <200 https://twitter.com/i/search/timeline?l=en&f=tweets&q=NARS%20Hardwired%20Eyeshadow&src=typed&max_position=TWEET-533422032051257344-981894525391028224>
None
2018-04-14 14:50:08 [scrapy] DEBUG: Scraped from <200 https://twitter.com/i/search/timeline?l=en&f=tweets&q=NARS%20Hardwired%20Eyeshadow&src=typed&max_position=TWEET-533422032051257344-981894525391028224>
None
2018-04-14 14:50:08 [scrapy] DEBUG: Scraped from <200 https://twitter.com/i/search/timeline?l=en&f=tweets&q=NARS%20Hardwired%20Eyeshadow&src=typed&max_position=TWEET-533422032051257344-981894525391028224>
None
2018-04-14 14:50:08 [scrapy] DEBUG: Scraped from <200 https://twitter.com/i/search/timeline?l=en&f=tweets&q=NARS%20Hardwired%20Eyeshadow&src=typed&max_position=TWEET-533422032051257344-981894525391028224>
None
2018-04-14 14:50:08 [scrapy] DEBUG: Scraped from <200 https://twitter.com/i/search/timeline?l=en&f=tweets&q=NARS%20Hardwired%20Eyeshadow&src=typed&max_position=TWEET-533422032051257344-981894525391028224>
None
2018-04-14 14:50:08 [scrapy] DEBUG: Scraped from <200 https://twitter.com/i/search/timeline?l=en&f=tweets&q=NARS%20Hardwired%20Eyeshadow&src=typed&max_position=TWEET-533422032051257344-981894525391028224>
None
2018-04-14 14:50:08 [scrapy] DEBUG: Scraped from <200 https://twitter.com/i/search/timeline?l=en&f=tweets&q=NARS%20Hardwired%20Eyeshadow&src=typed&max_position=TWEET-533422032051257344-981894525391028224>
None
2018-04-14 14:50:08 [scrapy] DEBUG: Scraped from <200 https://twitter.com/i/search/timeline?l=en&f=tweets&q=NARS%20Hardwired%20Eyeshadow&src=typed&max_position=TWEET-533422032051257344-981894525391028224>
None
2018-04-14 14:50:08 [scrapy] DEBUG: Scraped from <200 https://twitter.com/i/search/timeline?l=en&f=tweets&q=NARS%20Hardwired%20Eyeshadow&src=typed&max_position=TWEET-533422032051257344-981894525391028224>
None
2018-04-14 14:50:08 [scrapy] DEBUG: Scraped from <200 https://twitter.com/i/search/timeline?l=en&f=tweets&q=NARS%20Hardwired%20Eyeshadow&src=typed&max_position=TWEET-533422032051257344-981894525391028224>
None
2018-04-14 14:50:09 [scrapy] DEBUG: Scraped from <200 https://twitter.com/i/search/timeline?l=en&f=tweets&q=NARS%20Hardwired%20Eyeshadow&src=typed&max_position=TWEET-533422032051257344-981894525391028224>
None
2018-04-14 14:50:09 [scrapy] DEBUG: Scraped from <200 https://twitter.com/i/search/timeline?l=en&f=tweets&q=NARS%20Hardwired%20Eyeshadow&src=typed&max_position=TWEET-533422032051257344-981894525391028224>
None
2018-04-14 14:50:09 [scrapy] DEBUG: Crawled (200) <GET https://twitter.com/i/search/timeline?l=en&f=tweets&q=NARS%20Hardwired%20Eyeshadow&src=typed&max_position=TWEET-522090152295149568-981894525391028224> (referer: https://twitter.com/i/search/timeline?l=en&f=tweets&q=NARS%20Hardwired%20Eyeshadow&src=typed&max_position=TWEET-533422032051257344-981894525391028224)
2018-04-14 14:50:09 [scrapy] DEBUG: Scraped from <200 https://twitter.com/i/search/timeline?l=en&f=tweets&q=NARS%20Hardwired%20Eyeshadow&src=typed&max_position=TWEET-522090152295149568-981894525391028224>
None
2018-04-14 14:50:09 [scrapy] DEBUG: Scraped from <200 https://twitter.com/i/search/timeline?l=en&f=tweets&q=NARS%20Hardwired%20Eyeshadow&src=typed&max_position=TWEET-522090152295149568-981894525391028224>
None
2018-04-14 14:50:09 [scrapy] DEBUG: Crawled (200) <GET https://twitter.com/i/search/timeline?l=en&f=tweets&q=NARS%20Hardwired%20Eyeshadow&src=typed&max_position=TWEET-520590880537731073-981894525391028224> (referer: https://twitter.com/i/search/timeline?l=en&f=tweets&q=NARS%20Hardwired%20Eyeshadow&src=typed&max_position=TWEET-522090152295149568-981894525391028224)
2018-04-14 14:50:10 [scrapy] DEBUG: Filtered duplicate request: <GET https://twitter.com/i/search/timeline?l=en&f=tweets&q=NARS%20Hardwired%20Eyeshadow&src=typed&max_position=TWEET-520590880537731073-981894525391028224> - no more duplicates will be shown (see DUPEFILTER_DEBUG to show all duplicates)
2018-04-14 14:50:10 [scrapy] INFO: Closing spider (finished)
2018-04-14 14:50:10 [scrapy] INFO: Dumping Scrapy stats:
{'downloader/request_bytes': 13851,
 'downloader/request_count': 16,
 'downloader/request_method_count/GET': 16,
 'downloader/response_bytes': 157131,
 'downloader/response_count': 16,
 'downloader/response_status_count/200': 16,
 'dupefilter/filtered': 1,
 'finish_reason': 'finished',
 'finish_time': datetime.datetime(2018, 4, 14, 19, 50, 10, 35814),
 'item_scraped_count': 201,
 'log_count/DEBUG': 419,
 'log_count/ERROR': 201,
 'log_count/INFO': 6,
 'memusage/max': 63221760,
 'memusage/startup': 63221760,
 'request_depth_max': 16,
 'response_received_count': 16,
 'scheduler/dequeued': 16,
 'scheduler/dequeued/memory': 16,
 'scheduler/enqueued': 16,
 'scheduler/enqueued/memory': 16,
 'start_time': datetime.datetime(2018, 4, 14, 19, 49, 48, 301824)}
2018-04-14 14:50:10 [scrapy] INFO: Spider closed (finished)
