2018-04-14 15:20:28 [scrapy] DEBUG: Crawled (200) <GET https://twitter.com/i/search/timeline?l=en&f=tweets&q=%22Eye%20Vinyl%22&src=typed&max_position=> (referer: None)
2018-04-14 15:20:28 [scrapy] DEBUG: Scraped from <200 https://twitter.com/i/search/timeline?l=en&f=tweets&q=%22Eye%20Vinyl%22&src=typed&max_position=>
None
2018-04-14 15:20:28 [scrapy] DEBUG: Scraped from <200 https://twitter.com/i/search/timeline?l=en&f=tweets&q=%22Eye%20Vinyl%22&src=typed&max_position=>
None
2018-04-14 15:20:28 [scrapy] DEBUG: Scraped from <200 https://twitter.com/i/search/timeline?l=en&f=tweets&q=%22Eye%20Vinyl%22&src=typed&max_position=>
None
2018-04-14 15:20:28 [scrapy] DEBUG: Scraped from <200 https://twitter.com/i/search/timeline?l=en&f=tweets&q=%22Eye%20Vinyl%22&src=typed&max_position=>
None
2018-04-14 15:20:28 [scrapy] DEBUG: Scraped from <200 https://twitter.com/i/search/timeline?l=en&f=tweets&q=%22Eye%20Vinyl%22&src=typed&max_position=>
None
2018-04-14 15:20:28 [scrapy] DEBUG: Scraped from <200 https://twitter.com/i/search/timeline?l=en&f=tweets&q=%22Eye%20Vinyl%22&src=typed&max_position=>
None
2018-04-14 15:20:29 [scrapy] DEBUG: Scraped from <200 https://twitter.com/i/search/timeline?l=en&f=tweets&q=%22Eye%20Vinyl%22&src=typed&max_position=>
None
2018-04-14 15:20:29 [scrapy] DEBUG: Scraped from <200 https://twitter.com/i/search/timeline?l=en&f=tweets&q=%22Eye%20Vinyl%22&src=typed&max_position=>
None
2018-04-14 15:20:29 [scrapy] DEBUG: Scraped from <200 https://twitter.com/i/search/timeline?l=en&f=tweets&q=%22Eye%20Vinyl%22&src=typed&max_position=>
None
2018-04-14 15:20:29 [scrapy] DEBUG: Scraped from <200 https://twitter.com/i/search/timeline?l=en&f=tweets&q=%22Eye%20Vinyl%22&src=typed&max_position=>
None
2018-04-14 15:20:29 [scrapy] DEBUG: Scraped from <200 https://twitter.com/i/search/timeline?l=en&f=tweets&q=%22Eye%20Vinyl%22&src=typed&max_position=>
None
2018-04-14 15:20:29 [scrapy] DEBUG: Scraped from <200 https://twitter.com/i/search/timeline?l=en&f=tweets&q=%22Eye%20Vinyl%22&src=typed&max_position=>
None
2018-04-14 15:20:29 [scrapy] DEBUG: Scraped from <200 https://twitter.com/i/search/timeline?l=en&f=tweets&q=%22Eye%20Vinyl%22&src=typed&max_position=>
None
2018-04-14 15:20:29 [scrapy] DEBUG: Scraped from <200 https://twitter.com/i/search/timeline?l=en&f=tweets&q=%22Eye%20Vinyl%22&src=typed&max_position=>
None
2018-04-14 15:20:29 [scrapy] DEBUG: Scraped from <200 https://twitter.com/i/search/timeline?l=en&f=tweets&q=%22Eye%20Vinyl%22&src=typed&max_position=>
None
2018-04-14 15:20:29 [scrapy] DEBUG: Scraped from <200 https://twitter.com/i/search/timeline?l=en&f=tweets&q=%22Eye%20Vinyl%22&src=typed&max_position=>
None
2018-04-14 15:20:29 [scrapy] DEBUG: Scraped from <200 https://twitter.com/i/search/timeline?l=en&f=tweets&q=%22Eye%20Vinyl%22&src=typed&max_position=>
None
2018-04-14 15:20:29 [scrapy] DEBUG: Scraped from <200 https://twitter.com/i/search/timeline?l=en&f=tweets&q=%22Eye%20Vinyl%22&src=typed&max_position=>
None
2018-04-14 15:20:29 [scrapy] DEBUG: Scraped from <200 https://twitter.com/i/search/timeline?l=en&f=tweets&q=%22Eye%20Vinyl%22&src=typed&max_position=>
None
2018-04-14 15:20:30 [scrapy] DEBUG: Crawled (200) <GET https://twitter.com/i/search/timeline?l=en&f=tweets&q=%22Eye%20Vinyl%22&src=typed&max_position=TWEET-978381367607267328-985073499806060554> (referer: https://twitter.com/i/search/timeline?l=en&f=tweets&q=%22Eye%20Vinyl%22&src=typed&max_position=)
2018-04-14 15:20:30 [scrapy] DEBUG: Scraped from <200 https://twitter.com/i/search/timeline?l=en&f=tweets&q=%22Eye%20Vinyl%22&src=typed&max_position=TWEET-978381367607267328-985073499806060554>
None
2018-04-14 15:20:30 [scrapy] DEBUG: Scraped from <200 https://twitter.com/i/search/timeline?l=en&f=tweets&q=%22Eye%20Vinyl%22&src=typed&max_position=TWEET-978381367607267328-985073499806060554>
None
2018-04-14 15:20:30 [scrapy] DEBUG: Scraped from <200 https://twitter.com/i/search/timeline?l=en&f=tweets&q=%22Eye%20Vinyl%22&src=typed&max_position=TWEET-978381367607267328-985073499806060554>
None
2018-04-14 15:20:30 [scrapy] DEBUG: Scraped from <200 https://twitter.com/i/search/timeline?l=en&f=tweets&q=%22Eye%20Vinyl%22&src=typed&max_position=TWEET-978381367607267328-985073499806060554>
None
2018-04-14 15:20:30 [scrapy] DEBUG: Scraped from <200 https://twitter.com/i/search/timeline?l=en&f=tweets&q=%22Eye%20Vinyl%22&src=typed&max_position=TWEET-978381367607267328-985073499806060554>
None
2018-04-14 15:20:30 [scrapy] DEBUG: Scraped from <200 https://twitter.com/i/search/timeline?l=en&f=tweets&q=%22Eye%20Vinyl%22&src=typed&max_position=TWEET-978381367607267328-985073499806060554>
None
2018-04-14 15:20:30 [scrapy] DEBUG: Scraped from <200 https://twitter.com/i/search/timeline?l=en&f=tweets&q=%22Eye%20Vinyl%22&src=typed&max_position=TWEET-978381367607267328-985073499806060554>
None
2018-04-14 15:20:30 [scrapy] DEBUG: Scraped from <200 https://twitter.com/i/search/timeline?l=en&f=tweets&q=%22Eye%20Vinyl%22&src=typed&max_position=TWEET-978381367607267328-985073499806060554>
None
2018-04-14 15:20:31 [scrapy] DEBUG: Scraped from <200 https://twitter.com/i/search/timeline?l=en&f=tweets&q=%22Eye%20Vinyl%22&src=typed&max_position=TWEET-978381367607267328-985073499806060554>
None
2018-04-14 15:20:31 [scrapy] DEBUG: Scraped from <200 https://twitter.com/i/search/timeline?l=en&f=tweets&q=%22Eye%20Vinyl%22&src=typed&max_position=TWEET-978381367607267328-985073499806060554>
None
2018-04-14 15:20:31 [scrapy] DEBUG: Scraped from <200 https://twitter.com/i/search/timeline?l=en&f=tweets&q=%22Eye%20Vinyl%22&src=typed&max_position=TWEET-978381367607267328-985073499806060554>
None
2018-04-14 15:20:31 [scrapy] DEBUG: Scraped from <200 https://twitter.com/i/search/timeline?l=en&f=tweets&q=%22Eye%20Vinyl%22&src=typed&max_position=TWEET-978381367607267328-985073499806060554>
None
2018-04-14 15:20:31 [scrapy] DEBUG: Scraped from <200 https://twitter.com/i/search/timeline?l=en&f=tweets&q=%22Eye%20Vinyl%22&src=typed&max_position=TWEET-978381367607267328-985073499806060554>
None
2018-04-14 15:20:31 [scrapy] DEBUG: Scraped from <200 https://twitter.com/i/search/timeline?l=en&f=tweets&q=%22Eye%20Vinyl%22&src=typed&max_position=TWEET-978381367607267328-985073499806060554>
None
2018-04-14 15:20:31 [scrapy] DEBUG: Scraped from <200 https://twitter.com/i/search/timeline?l=en&f=tweets&q=%22Eye%20Vinyl%22&src=typed&max_position=TWEET-978381367607267328-985073499806060554>
None
2018-04-14 15:20:31 [scrapy] DEBUG: Scraped from <200 https://twitter.com/i/search/timeline?l=en&f=tweets&q=%22Eye%20Vinyl%22&src=typed&max_position=TWEET-978381367607267328-985073499806060554>
None
2018-04-14 15:20:31 [scrapy] DEBUG: Scraped from <200 https://twitter.com/i/search/timeline?l=en&f=tweets&q=%22Eye%20Vinyl%22&src=typed&max_position=TWEET-978381367607267328-985073499806060554>
None
2018-04-14 15:20:31 [scrapy] DEBUG: Crawled (200) <GET https://twitter.com/i/search/timeline?l=en&f=tweets&q=%22Eye%20Vinyl%22&src=typed&max_position=TWEET-963615309700747264-985073499806060554> (referer: https://twitter.com/i/search/timeline?l=en&f=tweets&q=%22Eye%20Vinyl%22&src=typed&max_position=TWEET-978381367607267328-985073499806060554)
2018-04-14 15:20:32 [scrapy] DEBUG: Scraped from <200 https://twitter.com/i/search/timeline?l=en&f=tweets&q=%22Eye%20Vinyl%22&src=typed&max_position=TWEET-963615309700747264-985073499806060554>
None
2018-04-14 15:20:32 [scrapy] DEBUG: Scraped from <200 https://twitter.com/i/search/timeline?l=en&f=tweets&q=%22Eye%20Vinyl%22&src=typed&max_position=TWEET-963615309700747264-985073499806060554>
None
2018-04-14 15:20:32 [scrapy] DEBUG: Scraped from <200 https://twitter.com/i/search/timeline?l=en&f=tweets&q=%22Eye%20Vinyl%22&src=typed&max_position=TWEET-963615309700747264-985073499806060554>
None
2018-04-14 15:20:32 [scrapy] DEBUG: Scraped from <200 https://twitter.com/i/search/timeline?l=en&f=tweets&q=%22Eye%20Vinyl%22&src=typed&max_position=TWEET-963615309700747264-985073499806060554>
None
2018-04-14 15:20:32 [scrapy] DEBUG: Scraped from <200 https://twitter.com/i/search/timeline?l=en&f=tweets&q=%22Eye%20Vinyl%22&src=typed&max_position=TWEET-963615309700747264-985073499806060554>
None
2018-04-14 15:20:32 [scrapy] DEBUG: Scraped from <200 https://twitter.com/i/search/timeline?l=en&f=tweets&q=%22Eye%20Vinyl%22&src=typed&max_position=TWEET-963615309700747264-985073499806060554>
None
2018-04-14 15:20:32 [scrapy] DEBUG: Scraped from <200 https://twitter.com/i/search/timeline?l=en&f=tweets&q=%22Eye%20Vinyl%22&src=typed&max_position=TWEET-963615309700747264-985073499806060554>
None
2018-04-14 15:20:32 [scrapy] DEBUG: Scraped from <200 https://twitter.com/i/search/timeline?l=en&f=tweets&q=%22Eye%20Vinyl%22&src=typed&max_position=TWEET-963615309700747264-985073499806060554>
None
2018-04-14 15:20:32 [scrapy] DEBUG: Scraped from <200 https://twitter.com/i/search/timeline?l=en&f=tweets&q=%22Eye%20Vinyl%22&src=typed&max_position=TWEET-963615309700747264-985073499806060554>
None
2018-04-14 15:20:32 [scrapy] DEBUG: Scraped from <200 https://twitter.com/i/search/timeline?l=en&f=tweets&q=%22Eye%20Vinyl%22&src=typed&max_position=TWEET-963615309700747264-985073499806060554>
None
2018-04-14 15:20:32 [scrapy] DEBUG: Scraped from <200 https://twitter.com/i/search/timeline?l=en&f=tweets&q=%22Eye%20Vinyl%22&src=typed&max_position=TWEET-963615309700747264-985073499806060554>
None
2018-04-14 15:20:33 [scrapy] DEBUG: Crawled (200) <GET https://twitter.com/i/search/timeline?l=en&f=tweets&q=%22Eye%20Vinyl%22&src=typed&max_position=TWEET-956328979509710848-985073499806060554> (referer: https://twitter.com/i/search/timeline?l=en&f=tweets&q=%22Eye%20Vinyl%22&src=typed&max_position=TWEET-963615309700747264-985073499806060554)
2018-04-14 15:20:33 [scrapy] DEBUG: Scraped from <200 https://twitter.com/i/search/timeline?l=en&f=tweets&q=%22Eye%20Vinyl%22&src=typed&max_position=TWEET-956328979509710848-985073499806060554>
None
2018-04-14 15:20:33 [scrapy] DEBUG: Scraped from <200 https://twitter.com/i/search/timeline?l=en&f=tweets&q=%22Eye%20Vinyl%22&src=typed&max_position=TWEET-956328979509710848-985073499806060554>
None
2018-04-14 15:20:33 [scrapy] DEBUG: Scraped from <200 https://twitter.com/i/search/timeline?l=en&f=tweets&q=%22Eye%20Vinyl%22&src=typed&max_position=TWEET-956328979509710848-985073499806060554>
None
2018-04-14 15:20:33 [scrapy] DEBUG: Scraped from <200 https://twitter.com/i/search/timeline?l=en&f=tweets&q=%22Eye%20Vinyl%22&src=typed&max_position=TWEET-956328979509710848-985073499806060554>
None
2018-04-14 15:20:33 [scrapy] DEBUG: Scraped from <200 https://twitter.com/i/search/timeline?l=en&f=tweets&q=%22Eye%20Vinyl%22&src=typed&max_position=TWEET-956328979509710848-985073499806060554>
None
2018-04-14 15:20:33 [scrapy] DEBUG: Scraped from <200 https://twitter.com/i/search/timeline?l=en&f=tweets&q=%22Eye%20Vinyl%22&src=typed&max_position=TWEET-956328979509710848-985073499806060554>
None
2018-04-14 15:20:33 [scrapy] DEBUG: Scraped from <200 https://twitter.com/i/search/timeline?l=en&f=tweets&q=%22Eye%20Vinyl%22&src=typed&max_position=TWEET-956328979509710848-985073499806060554>
None
2018-04-14 15:20:33 [scrapy] DEBUG: Scraped from <200 https://twitter.com/i/search/timeline?l=en&f=tweets&q=%22Eye%20Vinyl%22&src=typed&max_position=TWEET-956328979509710848-985073499806060554>
None
2018-04-14 15:20:33 [scrapy] DEBUG: Scraped from <200 https://twitter.com/i/search/timeline?l=en&f=tweets&q=%22Eye%20Vinyl%22&src=typed&max_position=TWEET-956328979509710848-985073499806060554>
None
2018-04-14 15:20:33 [scrapy] DEBUG: Scraped from <200 https://twitter.com/i/search/timeline?l=en&f=tweets&q=%22Eye%20Vinyl%22&src=typed&max_position=TWEET-956328979509710848-985073499806060554>
None
2018-04-14 15:20:33 [scrapy] DEBUG: Scraped from <200 https://twitter.com/i/search/timeline?l=en&f=tweets&q=%22Eye%20Vinyl%22&src=typed&max_position=TWEET-956328979509710848-985073499806060554>
None
2018-04-14 15:20:33 [scrapy] DEBUG: Scraped from <200 https://twitter.com/i/search/timeline?l=en&f=tweets&q=%22Eye%20Vinyl%22&src=typed&max_position=TWEET-956328979509710848-985073499806060554>
None
2018-04-14 15:20:34 [scrapy] DEBUG: Scraped from <200 https://twitter.com/i/search/timeline?l=en&f=tweets&q=%22Eye%20Vinyl%22&src=typed&max_position=TWEET-956328979509710848-985073499806060554>
None
2018-04-14 15:20:34 [scrapy] DEBUG: Scraped from <200 https://twitter.com/i/search/timeline?l=en&f=tweets&q=%22Eye%20Vinyl%22&src=typed&max_position=TWEET-956328979509710848-985073499806060554>
None
2018-04-14 15:20:34 [scrapy] DEBUG: Scraped from <200 https://twitter.com/i/search/timeline?l=en&f=tweets&q=%22Eye%20Vinyl%22&src=typed&max_position=TWEET-956328979509710848-985073499806060554>
None
2018-04-14 15:20:34 [scrapy] DEBUG: Scraped from <200 https://twitter.com/i/search/timeline?l=en&f=tweets&q=%22Eye%20Vinyl%22&src=typed&max_position=TWEET-956328979509710848-985073499806060554>
None
2018-04-14 15:20:34 [scrapy] DEBUG: Scraped from <200 https://twitter.com/i/search/timeline?l=en&f=tweets&q=%22Eye%20Vinyl%22&src=typed&max_position=TWEET-956328979509710848-985073499806060554>
None
2018-04-14 15:20:34 [scrapy] DEBUG: Crawled (200) <GET https://twitter.com/i/search/timeline?l=en&f=tweets&q=%22Eye%20Vinyl%22&src=typed&max_position=TWEET-942649131729850368-985073499806060554> (referer: https://twitter.com/i/search/timeline?l=en&f=tweets&q=%22Eye%20Vinyl%22&src=typed&max_position=TWEET-956328979509710848-985073499806060554)
2018-04-14 15:20:35 [scrapy] DEBUG: Scraped from <200 https://twitter.com/i/search/timeline?l=en&f=tweets&q=%22Eye%20Vinyl%22&src=typed&max_position=TWEET-942649131729850368-985073499806060554>
None
2018-04-14 15:20:35 [scrapy] DEBUG: Scraped from <200 https://twitter.com/i/search/timeline?l=en&f=tweets&q=%22Eye%20Vinyl%22&src=typed&max_position=TWEET-942649131729850368-985073499806060554>
None
2018-04-14 15:20:35 [scrapy] DEBUG: Scraped from <200 https://twitter.com/i/search/timeline?l=en&f=tweets&q=%22Eye%20Vinyl%22&src=typed&max_position=TWEET-942649131729850368-985073499806060554>
None
2018-04-14 15:20:35 [scrapy] DEBUG: Scraped from <200 https://twitter.com/i/search/timeline?l=en&f=tweets&q=%22Eye%20Vinyl%22&src=typed&max_position=TWEET-942649131729850368-985073499806060554>
None
2018-04-14 15:20:35 [scrapy] DEBUG: Scraped from <200 https://twitter.com/i/search/timeline?l=en&f=tweets&q=%22Eye%20Vinyl%22&src=typed&max_position=TWEET-942649131729850368-985073499806060554>
None
2018-04-14 15:20:35 [scrapy] DEBUG: Scraped from <200 https://twitter.com/i/search/timeline?l=en&f=tweets&q=%22Eye%20Vinyl%22&src=typed&max_position=TWEET-942649131729850368-985073499806060554>
None
2018-04-14 15:20:35 [scrapy] DEBUG: Scraped from <200 https://twitter.com/i/search/timeline?l=en&f=tweets&q=%22Eye%20Vinyl%22&src=typed&max_position=TWEET-942649131729850368-985073499806060554>
None
2018-04-14 15:20:35 [scrapy] DEBUG: Scraped from <200 https://twitter.com/i/search/timeline?l=en&f=tweets&q=%22Eye%20Vinyl%22&src=typed&max_position=TWEET-942649131729850368-985073499806060554>
None
2018-04-14 15:20:35 [scrapy] DEBUG: Scraped from <200 https://twitter.com/i/search/timeline?l=en&f=tweets&q=%22Eye%20Vinyl%22&src=typed&max_position=TWEET-942649131729850368-985073499806060554>
None
2018-04-14 15:20:35 [scrapy] DEBUG: Scraped from <200 https://twitter.com/i/search/timeline?l=en&f=tweets&q=%22Eye%20Vinyl%22&src=typed&max_position=TWEET-942649131729850368-985073499806060554>
None
2018-04-14 15:20:35 [scrapy] DEBUG: Scraped from <200 https://twitter.com/i/search/timeline?l=en&f=tweets&q=%22Eye%20Vinyl%22&src=typed&max_position=TWEET-942649131729850368-985073499806060554>
None
2018-04-14 15:20:35 [scrapy] DEBUG: Scraped from <200 https://twitter.com/i/search/timeline?l=en&f=tweets&q=%22Eye%20Vinyl%22&src=typed&max_position=TWEET-942649131729850368-985073499806060554>
None
2018-04-14 15:20:35 [scrapy] DEBUG: Scraped from <200 https://twitter.com/i/search/timeline?l=en&f=tweets&q=%22Eye%20Vinyl%22&src=typed&max_position=TWEET-942649131729850368-985073499806060554>
None
2018-04-14 15:20:35 [scrapy] DEBUG: Scraped from <200 https://twitter.com/i/search/timeline?l=en&f=tweets&q=%22Eye%20Vinyl%22&src=typed&max_position=TWEET-942649131729850368-985073499806060554>
None
2018-04-14 15:20:35 [scrapy] DEBUG: Scraped from <200 https://twitter.com/i/search/timeline?l=en&f=tweets&q=%22Eye%20Vinyl%22&src=typed&max_position=TWEET-942649131729850368-985073499806060554>
None
2018-04-14 15:20:36 [scrapy] DEBUG: Crawled (200) <GET https://twitter.com/i/search/timeline?l=en&f=tweets&q=%22Eye%20Vinyl%22&src=typed&max_position=TWEET-931783726027206656-985073499806060554> (referer: https://twitter.com/i/search/timeline?l=en&f=tweets&q=%22Eye%20Vinyl%22&src=typed&max_position=TWEET-942649131729850368-985073499806060554)
2018-04-14 15:20:36 [scrapy] DEBUG: Scraped from <200 https://twitter.com/i/search/timeline?l=en&f=tweets&q=%22Eye%20Vinyl%22&src=typed&max_position=TWEET-931783726027206656-985073499806060554>
None
2018-04-14 15:20:36 [scrapy] DEBUG: Scraped from <200 https://twitter.com/i/search/timeline?l=en&f=tweets&q=%22Eye%20Vinyl%22&src=typed&max_position=TWEET-931783726027206656-985073499806060554>
None
2018-04-14 15:20:36 [scrapy] DEBUG: Scraped from <200 https://twitter.com/i/search/timeline?l=en&f=tweets&q=%22Eye%20Vinyl%22&src=typed&max_position=TWEET-931783726027206656-985073499806060554>
None
2018-04-14 15:20:36 [scrapy] DEBUG: Scraped from <200 https://twitter.com/i/search/timeline?l=en&f=tweets&q=%22Eye%20Vinyl%22&src=typed&max_position=TWEET-931783726027206656-985073499806060554>
None
2018-04-14 15:20:36 [scrapy] DEBUG: Scraped from <200 https://twitter.com/i/search/timeline?l=en&f=tweets&q=%22Eye%20Vinyl%22&src=typed&max_position=TWEET-931783726027206656-985073499806060554>
None
2018-04-14 15:20:36 [scrapy] DEBUG: Scraped from <200 https://twitter.com/i/search/timeline?l=en&f=tweets&q=%22Eye%20Vinyl%22&src=typed&max_position=TWEET-931783726027206656-985073499806060554>
None
2018-04-14 15:20:36 [scrapy] DEBUG: Scraped from <200 https://twitter.com/i/search/timeline?l=en&f=tweets&q=%22Eye%20Vinyl%22&src=typed&max_position=TWEET-931783726027206656-985073499806060554>
None
2018-04-14 15:20:36 [scrapy] DEBUG: Scraped from <200 https://twitter.com/i/search/timeline?l=en&f=tweets&q=%22Eye%20Vinyl%22&src=typed&max_position=TWEET-931783726027206656-985073499806060554>
None
2018-04-14 15:20:36 [scrapy] DEBUG: Scraped from <200 https://twitter.com/i/search/timeline?l=en&f=tweets&q=%22Eye%20Vinyl%22&src=typed&max_position=TWEET-931783726027206656-985073499806060554>
None
2018-04-14 15:20:37 [scrapy] DEBUG: Scraped from <200 https://twitter.com/i/search/timeline?l=en&f=tweets&q=%22Eye%20Vinyl%22&src=typed&max_position=TWEET-931783726027206656-985073499806060554>
None
2018-04-14 15:20:37 [scrapy] DEBUG: Scraped from <200 https://twitter.com/i/search/timeline?l=en&f=tweets&q=%22Eye%20Vinyl%22&src=typed&max_position=TWEET-931783726027206656-985073499806060554>
None
2018-04-14 15:20:37 [scrapy] DEBUG: Scraped from <200 https://twitter.com/i/search/timeline?l=en&f=tweets&q=%22Eye%20Vinyl%22&src=typed&max_position=TWEET-931783726027206656-985073499806060554>
None
2018-04-14 15:20:37 [scrapy] DEBUG: Scraped from <200 https://twitter.com/i/search/timeline?l=en&f=tweets&q=%22Eye%20Vinyl%22&src=typed&max_position=TWEET-931783726027206656-985073499806060554>
None
2018-04-14 15:20:37 [scrapy] DEBUG: Crawled (200) <GET https://twitter.com/i/search/timeline?l=en&f=tweets&q=%22Eye%20Vinyl%22&src=typed&max_position=TWEET-915664815405830145-985073499806060554> (referer: https://twitter.com/i/search/timeline?l=en&f=tweets&q=%22Eye%20Vinyl%22&src=typed&max_position=TWEET-931783726027206656-985073499806060554)
2018-04-14 15:20:38 [scrapy] DEBUG: Scraped from <200 https://twitter.com/i/search/timeline?l=en&f=tweets&q=%22Eye%20Vinyl%22&src=typed&max_position=TWEET-915664815405830145-985073499806060554>
None
2018-04-14 15:20:38 [scrapy] DEBUG: Scraped from <200 https://twitter.com/i/search/timeline?l=en&f=tweets&q=%22Eye%20Vinyl%22&src=typed&max_position=TWEET-915664815405830145-985073499806060554>
None
2018-04-14 15:20:38 [scrapy] DEBUG: Scraped from <200 https://twitter.com/i/search/timeline?l=en&f=tweets&q=%22Eye%20Vinyl%22&src=typed&max_position=TWEET-915664815405830145-985073499806060554>
None
2018-04-14 15:20:38 [scrapy] DEBUG: Scraped from <200 https://twitter.com/i/search/timeline?l=en&f=tweets&q=%22Eye%20Vinyl%22&src=typed&max_position=TWEET-915664815405830145-985073499806060554>
None
2018-04-14 15:20:38 [scrapy] DEBUG: Scraped from <200 https://twitter.com/i/search/timeline?l=en&f=tweets&q=%22Eye%20Vinyl%22&src=typed&max_position=TWEET-915664815405830145-985073499806060554>
None
2018-04-14 15:20:38 [scrapy] DEBUG: Scraped from <200 https://twitter.com/i/search/timeline?l=en&f=tweets&q=%22Eye%20Vinyl%22&src=typed&max_position=TWEET-915664815405830145-985073499806060554>
None
2018-04-14 15:20:38 [scrapy] DEBUG: Scraped from <200 https://twitter.com/i/search/timeline?l=en&f=tweets&q=%22Eye%20Vinyl%22&src=typed&max_position=TWEET-915664815405830145-985073499806060554>
None
2018-04-14 15:20:38 [scrapy] DEBUG: Scraped from <200 https://twitter.com/i/search/timeline?l=en&f=tweets&q=%22Eye%20Vinyl%22&src=typed&max_position=TWEET-915664815405830145-985073499806060554>
None
2018-04-14 15:20:38 [scrapy] DEBUG: Scraped from <200 https://twitter.com/i/search/timeline?l=en&f=tweets&q=%22Eye%20Vinyl%22&src=typed&max_position=TWEET-915664815405830145-985073499806060554>
None
2018-04-14 15:20:38 [scrapy] DEBUG: Scraped from <200 https://twitter.com/i/search/timeline?l=en&f=tweets&q=%22Eye%20Vinyl%22&src=typed&max_position=TWEET-915664815405830145-985073499806060554>
None
2018-04-14 15:20:38 [scrapy] DEBUG: Scraped from <200 https://twitter.com/i/search/timeline?l=en&f=tweets&q=%22Eye%20Vinyl%22&src=typed&max_position=TWEET-915664815405830145-985073499806060554>
None
2018-04-14 15:20:38 [scrapy] DEBUG: Scraped from <200 https://twitter.com/i/search/timeline?l=en&f=tweets&q=%22Eye%20Vinyl%22&src=typed&max_position=TWEET-915664815405830145-985073499806060554>
None
2018-04-14 15:20:38 [scrapy] DEBUG: Scraped from <200 https://twitter.com/i/search/timeline?l=en&f=tweets&q=%22Eye%20Vinyl%22&src=typed&max_position=TWEET-915664815405830145-985073499806060554>
None
2018-04-14 15:20:39 [scrapy] DEBUG: Crawled (200) <GET https://twitter.com/i/search/timeline?l=en&f=tweets&q=%22Eye%20Vinyl%22&src=typed&max_position=TWEET-907279348192837632-985073499806060554> (referer: https://twitter.com/i/search/timeline?l=en&f=tweets&q=%22Eye%20Vinyl%22&src=typed&max_position=TWEET-915664815405830145-985073499806060554)
2018-04-14 15:20:39 [scrapy] DEBUG: Scraped from <200 https://twitter.com/i/search/timeline?l=en&f=tweets&q=%22Eye%20Vinyl%22&src=typed&max_position=TWEET-907279348192837632-985073499806060554>
None
2018-04-14 15:20:39 [scrapy] DEBUG: Scraped from <200 https://twitter.com/i/search/timeline?l=en&f=tweets&q=%22Eye%20Vinyl%22&src=typed&max_position=TWEET-907279348192837632-985073499806060554>
None
2018-04-14 15:20:39 [scrapy] DEBUG: Scraped from <200 https://twitter.com/i/search/timeline?l=en&f=tweets&q=%22Eye%20Vinyl%22&src=typed&max_position=TWEET-907279348192837632-985073499806060554>
None
2018-04-14 15:20:39 [scrapy] DEBUG: Scraped from <200 https://twitter.com/i/search/timeline?l=en&f=tweets&q=%22Eye%20Vinyl%22&src=typed&max_position=TWEET-907279348192837632-985073499806060554>
None
2018-04-14 15:20:39 [scrapy] DEBUG: Scraped from <200 https://twitter.com/i/search/timeline?l=en&f=tweets&q=%22Eye%20Vinyl%22&src=typed&max_position=TWEET-907279348192837632-985073499806060554>
None
2018-04-14 15:20:39 [scrapy] DEBUG: Scraped from <200 https://twitter.com/i/search/timeline?l=en&f=tweets&q=%22Eye%20Vinyl%22&src=typed&max_position=TWEET-907279348192837632-985073499806060554>
None
2018-04-14 15:20:39 [scrapy] DEBUG: Scraped from <200 https://twitter.com/i/search/timeline?l=en&f=tweets&q=%22Eye%20Vinyl%22&src=typed&max_position=TWEET-907279348192837632-985073499806060554>
None
2018-04-14 15:20:39 [scrapy] DEBUG: Scraped from <200 https://twitter.com/i/search/timeline?l=en&f=tweets&q=%22Eye%20Vinyl%22&src=typed&max_position=TWEET-907279348192837632-985073499806060554>
None
2018-04-14 15:20:39 [scrapy] DEBUG: Scraped from <200 https://twitter.com/i/search/timeline?l=en&f=tweets&q=%22Eye%20Vinyl%22&src=typed&max_position=TWEET-907279348192837632-985073499806060554>
None
2018-04-14 15:20:39 [scrapy] DEBUG: Scraped from <200 https://twitter.com/i/search/timeline?l=en&f=tweets&q=%22Eye%20Vinyl%22&src=typed&max_position=TWEET-907279348192837632-985073499806060554>
None
2018-04-14 15:20:39 [scrapy] DEBUG: Scraped from <200 https://twitter.com/i/search/timeline?l=en&f=tweets&q=%22Eye%20Vinyl%22&src=typed&max_position=TWEET-907279348192837632-985073499806060554>
None
2018-04-14 15:20:40 [scrapy] DEBUG: Scraped from <200 https://twitter.com/i/search/timeline?l=en&f=tweets&q=%22Eye%20Vinyl%22&src=typed&max_position=TWEET-907279348192837632-985073499806060554>
None
2018-04-14 15:20:40 [scrapy] DEBUG: Scraped from <200 https://twitter.com/i/search/timeline?l=en&f=tweets&q=%22Eye%20Vinyl%22&src=typed&max_position=TWEET-907279348192837632-985073499806060554>
None
2018-04-14 15:20:40 [scrapy] DEBUG: Scraped from <200 https://twitter.com/i/search/timeline?l=en&f=tweets&q=%22Eye%20Vinyl%22&src=typed&max_position=TWEET-907279348192837632-985073499806060554>
None
2018-04-14 15:20:40 [scrapy] DEBUG: Scraped from <200 https://twitter.com/i/search/timeline?l=en&f=tweets&q=%22Eye%20Vinyl%22&src=typed&max_position=TWEET-907279348192837632-985073499806060554>
None
2018-04-14 15:20:40 [scrapy] DEBUG: Crawled (200) <GET https://twitter.com/i/search/timeline?l=en&f=tweets&q=%22Eye%20Vinyl%22&src=typed&max_position=TWEET-897900791889108992-985073499806060554> (referer: https://twitter.com/i/search/timeline?l=en&f=tweets&q=%22Eye%20Vinyl%22&src=typed&max_position=TWEET-907279348192837632-985073499806060554)
2018-04-14 15:20:40 [scrapy] DEBUG: Scraped from <200 https://twitter.com/i/search/timeline?l=en&f=tweets&q=%22Eye%20Vinyl%22&src=typed&max_position=TWEET-897900791889108992-985073499806060554>
None
2018-04-14 15:20:40 [scrapy] DEBUG: Scraped from <200 https://twitter.com/i/search/timeline?l=en&f=tweets&q=%22Eye%20Vinyl%22&src=typed&max_position=TWEET-897900791889108992-985073499806060554>
None
2018-04-14 15:20:40 [scrapy] DEBUG: Scraped from <200 https://twitter.com/i/search/timeline?l=en&f=tweets&q=%22Eye%20Vinyl%22&src=typed&max_position=TWEET-897900791889108992-985073499806060554>
None
2018-04-14 15:20:40 [scrapy] DEBUG: Scraped from <200 https://twitter.com/i/search/timeline?l=en&f=tweets&q=%22Eye%20Vinyl%22&src=typed&max_position=TWEET-897900791889108992-985073499806060554>
None
2018-04-14 15:20:41 [scrapy] DEBUG: Scraped from <200 https://twitter.com/i/search/timeline?l=en&f=tweets&q=%22Eye%20Vinyl%22&src=typed&max_position=TWEET-897900791889108992-985073499806060554>
None
2018-04-14 15:20:41 [scrapy] DEBUG: Scraped from <200 https://twitter.com/i/search/timeline?l=en&f=tweets&q=%22Eye%20Vinyl%22&src=typed&max_position=TWEET-897900791889108992-985073499806060554>
None
2018-04-14 15:20:41 [scrapy] DEBUG: Scraped from <200 https://twitter.com/i/search/timeline?l=en&f=tweets&q=%22Eye%20Vinyl%22&src=typed&max_position=TWEET-897900791889108992-985073499806060554>
None
2018-04-14 15:20:41 [scrapy] DEBUG: Scraped from <200 https://twitter.com/i/search/timeline?l=en&f=tweets&q=%22Eye%20Vinyl%22&src=typed&max_position=TWEET-897900791889108992-985073499806060554>
None
2018-04-14 15:20:41 [scrapy] DEBUG: Scraped from <200 https://twitter.com/i/search/timeline?l=en&f=tweets&q=%22Eye%20Vinyl%22&src=typed&max_position=TWEET-897900791889108992-985073499806060554>
None
2018-04-14 15:20:41 [scrapy] DEBUG: Scraped from <200 https://twitter.com/i/search/timeline?l=en&f=tweets&q=%22Eye%20Vinyl%22&src=typed&max_position=TWEET-897900791889108992-985073499806060554>
None
2018-04-14 15:20:41 [scrapy] DEBUG: Scraped from <200 https://twitter.com/i/search/timeline?l=en&f=tweets&q=%22Eye%20Vinyl%22&src=typed&max_position=TWEET-897900791889108992-985073499806060554>
None
2018-04-14 15:20:41 [scrapy] DEBUG: Scraped from <200 https://twitter.com/i/search/timeline?l=en&f=tweets&q=%22Eye%20Vinyl%22&src=typed&max_position=TWEET-897900791889108992-985073499806060554>
None
2018-04-14 15:20:41 [scrapy] DEBUG: Scraped from <200 https://twitter.com/i/search/timeline?l=en&f=tweets&q=%22Eye%20Vinyl%22&src=typed&max_position=TWEET-897900791889108992-985073499806060554>
None
2018-04-14 15:20:41 [scrapy] DEBUG: Crawled (200) <GET https://twitter.com/i/search/timeline?l=en&f=tweets&q=%22Eye%20Vinyl%22&src=typed&max_position=TWEET-889375630042816513-985073499806060554> (referer: https://twitter.com/i/search/timeline?l=en&f=tweets&q=%22Eye%20Vinyl%22&src=typed&max_position=TWEET-897900791889108992-985073499806060554)
2018-04-14 15:20:42 [scrapy] DEBUG: Scraped from <200 https://twitter.com/i/search/timeline?l=en&f=tweets&q=%22Eye%20Vinyl%22&src=typed&max_position=TWEET-889375630042816513-985073499806060554>
None
2018-04-14 15:20:42 [scrapy] DEBUG: Scraped from <200 https://twitter.com/i/search/timeline?l=en&f=tweets&q=%22Eye%20Vinyl%22&src=typed&max_position=TWEET-889375630042816513-985073499806060554>
None
2018-04-14 15:20:42 [scrapy] DEBUG: Scraped from <200 https://twitter.com/i/search/timeline?l=en&f=tweets&q=%22Eye%20Vinyl%22&src=typed&max_position=TWEET-889375630042816513-985073499806060554>
None
2018-04-14 15:20:42 [scrapy] DEBUG: Scraped from <200 https://twitter.com/i/search/timeline?l=en&f=tweets&q=%22Eye%20Vinyl%22&src=typed&max_position=TWEET-889375630042816513-985073499806060554>
None
2018-04-14 15:20:42 [scrapy] DEBUG: Scraped from <200 https://twitter.com/i/search/timeline?l=en&f=tweets&q=%22Eye%20Vinyl%22&src=typed&max_position=TWEET-889375630042816513-985073499806060554>
None
2018-04-14 15:20:42 [scrapy] DEBUG: Scraped from <200 https://twitter.com/i/search/timeline?l=en&f=tweets&q=%22Eye%20Vinyl%22&src=typed&max_position=TWEET-889375630042816513-985073499806060554>
None
2018-04-14 15:20:42 [scrapy] DEBUG: Scraped from <200 https://twitter.com/i/search/timeline?l=en&f=tweets&q=%22Eye%20Vinyl%22&src=typed&max_position=TWEET-889375630042816513-985073499806060554>
None
2018-04-14 15:20:42 [scrapy] DEBUG: Scraped from <200 https://twitter.com/i/search/timeline?l=en&f=tweets&q=%22Eye%20Vinyl%22&src=typed&max_position=TWEET-889375630042816513-985073499806060554>
None
2018-04-14 15:20:42 [scrapy] DEBUG: Scraped from <200 https://twitter.com/i/search/timeline?l=en&f=tweets&q=%22Eye%20Vinyl%22&src=typed&max_position=TWEET-889375630042816513-985073499806060554>
None
2018-04-14 15:20:43 [scrapy] DEBUG: Crawled (200) <GET https://twitter.com/i/search/timeline?l=en&f=tweets&q=%22Eye%20Vinyl%22&src=typed&max_position=TWEET-886388789953908736-985073499806060554> (referer: https://twitter.com/i/search/timeline?l=en&f=tweets&q=%22Eye%20Vinyl%22&src=typed&max_position=TWEET-889375630042816513-985073499806060554)
2018-04-14 15:20:43 [scrapy] DEBUG: Scraped from <200 https://twitter.com/i/search/timeline?l=en&f=tweets&q=%22Eye%20Vinyl%22&src=typed&max_position=TWEET-886388789953908736-985073499806060554>
None
2018-04-14 15:20:43 [scrapy] DEBUG: Scraped from <200 https://twitter.com/i/search/timeline?l=en&f=tweets&q=%22Eye%20Vinyl%22&src=typed&max_position=TWEET-886388789953908736-985073499806060554>
None
2018-04-14 15:20:43 [scrapy] DEBUG: Scraped from <200 https://twitter.com/i/search/timeline?l=en&f=tweets&q=%22Eye%20Vinyl%22&src=typed&max_position=TWEET-886388789953908736-985073499806060554>
None
2018-04-14 15:20:43 [scrapy] DEBUG: Crawled (200) <GET https://twitter.com/i/search/timeline?l=en&f=tweets&q=%22Eye%20Vinyl%22&src=typed&max_position=TWEET-881166015186444288-985073499806060554> (referer: https://twitter.com/i/search/timeline?l=en&f=tweets&q=%22Eye%20Vinyl%22&src=typed&max_position=TWEET-886388789953908736-985073499806060554)
2018-04-14 15:20:43 [scrapy] DEBUG: Scraped from <200 https://twitter.com/i/search/timeline?l=en&f=tweets&q=%22Eye%20Vinyl%22&src=typed&max_position=TWEET-881166015186444288-985073499806060554>
None
2018-04-14 15:20:43 [scrapy] DEBUG: Scraped from <200 https://twitter.com/i/search/timeline?l=en&f=tweets&q=%22Eye%20Vinyl%22&src=typed&max_position=TWEET-881166015186444288-985073499806060554>
None
2018-04-14 15:20:44 [scrapy] DEBUG: Scraped from <200 https://twitter.com/i/search/timeline?l=en&f=tweets&q=%22Eye%20Vinyl%22&src=typed&max_position=TWEET-881166015186444288-985073499806060554>
None
2018-04-14 15:20:44 [scrapy] DEBUG: Scraped from <200 https://twitter.com/i/search/timeline?l=en&f=tweets&q=%22Eye%20Vinyl%22&src=typed&max_position=TWEET-881166015186444288-985073499806060554>
None
2018-04-14 15:20:44 [scrapy] DEBUG: Scraped from <200 https://twitter.com/i/search/timeline?l=en&f=tweets&q=%22Eye%20Vinyl%22&src=typed&max_position=TWEET-881166015186444288-985073499806060554>
None
2018-04-14 15:20:44 [scrapy] DEBUG: Crawled (200) <GET https://twitter.com/i/search/timeline?l=en&f=tweets&q=%22Eye%20Vinyl%22&src=typed&max_position=TWEET-880539939783548929-985073499806060554> (referer: https://twitter.com/i/search/timeline?l=en&f=tweets&q=%22Eye%20Vinyl%22&src=typed&max_position=TWEET-881166015186444288-985073499806060554)
2018-04-14 15:20:44 [scrapy] DEBUG: Scraped from <200 https://twitter.com/i/search/timeline?l=en&f=tweets&q=%22Eye%20Vinyl%22&src=typed&max_position=TWEET-880539939783548929-985073499806060554>
None
2018-04-14 15:20:45 [scrapy] DEBUG: Scraped from <200 https://twitter.com/i/search/timeline?l=en&f=tweets&q=%22Eye%20Vinyl%22&src=typed&max_position=TWEET-880539939783548929-985073499806060554>
None
2018-04-14 15:20:45 [scrapy] DEBUG: Scraped from <200 https://twitter.com/i/search/timeline?l=en&f=tweets&q=%22Eye%20Vinyl%22&src=typed&max_position=TWEET-880539939783548929-985073499806060554>
None
2018-04-14 15:20:45 [scrapy] DEBUG: Scraped from <200 https://twitter.com/i/search/timeline?l=en&f=tweets&q=%22Eye%20Vinyl%22&src=typed&max_position=TWEET-880539939783548929-985073499806060554>
None
2018-04-14 15:20:45 [scrapy] DEBUG: Scraped from <200 https://twitter.com/i/search/timeline?l=en&f=tweets&q=%22Eye%20Vinyl%22&src=typed&max_position=TWEET-880539939783548929-985073499806060554>
None
2018-04-14 15:20:45 [scrapy] DEBUG: Scraped from <200 https://twitter.com/i/search/timeline?l=en&f=tweets&q=%22Eye%20Vinyl%22&src=typed&max_position=TWEET-880539939783548929-985073499806060554>
None
2018-04-14 15:20:45 [scrapy] DEBUG: Scraped from <200 https://twitter.com/i/search/timeline?l=en&f=tweets&q=%22Eye%20Vinyl%22&src=typed&max_position=TWEET-880539939783548929-985073499806060554>
None
2018-04-14 15:20:45 [scrapy] DEBUG: Scraped from <200 https://twitter.com/i/search/timeline?l=en&f=tweets&q=%22Eye%20Vinyl%22&src=typed&max_position=TWEET-880539939783548929-985073499806060554>
None
2018-04-14 15:20:45 [scrapy] DEBUG: Scraped from <200 https://twitter.com/i/search/timeline?l=en&f=tweets&q=%22Eye%20Vinyl%22&src=typed&max_position=TWEET-880539939783548929-985073499806060554>
None
2018-04-14 15:20:45 [scrapy] DEBUG: Scraped from <200 https://twitter.com/i/search/timeline?l=en&f=tweets&q=%22Eye%20Vinyl%22&src=typed&max_position=TWEET-880539939783548929-985073499806060554>
None
2018-04-14 15:20:45 [scrapy] DEBUG: Scraped from <200 https://twitter.com/i/search/timeline?l=en&f=tweets&q=%22Eye%20Vinyl%22&src=typed&max_position=TWEET-880539939783548929-985073499806060554>
None
2018-04-14 15:20:45 [scrapy] DEBUG: Scraped from <200 https://twitter.com/i/search/timeline?l=en&f=tweets&q=%22Eye%20Vinyl%22&src=typed&max_position=TWEET-880539939783548929-985073499806060554>
None
2018-04-14 15:20:45 [scrapy] DEBUG: Scraped from <200 https://twitter.com/i/search/timeline?l=en&f=tweets&q=%22Eye%20Vinyl%22&src=typed&max_position=TWEET-880539939783548929-985073499806060554>
None
2018-04-14 15:20:45 [scrapy] DEBUG: Scraped from <200 https://twitter.com/i/search/timeline?l=en&f=tweets&q=%22Eye%20Vinyl%22&src=typed&max_position=TWEET-880539939783548929-985073499806060554>
None
2018-04-14 15:20:45 [scrapy] DEBUG: Scraped from <200 https://twitter.com/i/search/timeline?l=en&f=tweets&q=%22Eye%20Vinyl%22&src=typed&max_position=TWEET-880539939783548929-985073499806060554>
None
2018-04-14 15:20:45 [scrapy] DEBUG: Scraped from <200 https://twitter.com/i/search/timeline?l=en&f=tweets&q=%22Eye%20Vinyl%22&src=typed&max_position=TWEET-880539939783548929-985073499806060554>
None
2018-04-14 15:20:45 [scrapy] DEBUG: Scraped from <200 https://twitter.com/i/search/timeline?l=en&f=tweets&q=%22Eye%20Vinyl%22&src=typed&max_position=TWEET-880539939783548929-985073499806060554>
None
2018-04-14 15:20:45 [scrapy] DEBUG: Scraped from <200 https://twitter.com/i/search/timeline?l=en&f=tweets&q=%22Eye%20Vinyl%22&src=typed&max_position=TWEET-880539939783548929-985073499806060554>
None
2018-04-14 15:20:45 [scrapy] DEBUG: Scraped from <200 https://twitter.com/i/search/timeline?l=en&f=tweets&q=%22Eye%20Vinyl%22&src=typed&max_position=TWEET-880539939783548929-985073499806060554>
None
2018-04-14 15:20:45 [scrapy] DEBUG: Scraped from <200 https://twitter.com/i/search/timeline?l=en&f=tweets&q=%22Eye%20Vinyl%22&src=typed&max_position=TWEET-880539939783548929-985073499806060554>
None
2018-04-14 15:20:46 [scrapy] DEBUG: Crawled (200) <GET https://twitter.com/i/search/timeline?l=en&f=tweets&q=%22Eye%20Vinyl%22&src=typed&max_position=TWEET-875052981288398848-985073499806060554> (referer: https://twitter.com/i/search/timeline?l=en&f=tweets&q=%22Eye%20Vinyl%22&src=typed&max_position=TWEET-880539939783548929-985073499806060554)
2018-04-14 15:20:46 [scrapy] DEBUG: Scraped from <200 https://twitter.com/i/search/timeline?l=en&f=tweets&q=%22Eye%20Vinyl%22&src=typed&max_position=TWEET-875052981288398848-985073499806060554>
None
2018-04-14 15:20:46 [scrapy] DEBUG: Scraped from <200 https://twitter.com/i/search/timeline?l=en&f=tweets&q=%22Eye%20Vinyl%22&src=typed&max_position=TWEET-875052981288398848-985073499806060554>
None
2018-04-14 15:20:46 [scrapy] DEBUG: Scraped from <200 https://twitter.com/i/search/timeline?l=en&f=tweets&q=%22Eye%20Vinyl%22&src=typed&max_position=TWEET-875052981288398848-985073499806060554>
None
2018-04-14 15:20:46 [scrapy] DEBUG: Scraped from <200 https://twitter.com/i/search/timeline?l=en&f=tweets&q=%22Eye%20Vinyl%22&src=typed&max_position=TWEET-875052981288398848-985073499806060554>
None
2018-04-14 15:20:47 [scrapy] DEBUG: Scraped from <200 https://twitter.com/i/search/timeline?l=en&f=tweets&q=%22Eye%20Vinyl%22&src=typed&max_position=TWEET-875052981288398848-985073499806060554>
None
2018-04-14 15:20:47 [scrapy] DEBUG: Scraped from <200 https://twitter.com/i/search/timeline?l=en&f=tweets&q=%22Eye%20Vinyl%22&src=typed&max_position=TWEET-875052981288398848-985073499806060554>
None
2018-04-14 15:20:47 [scrapy] DEBUG: Scraped from <200 https://twitter.com/i/search/timeline?l=en&f=tweets&q=%22Eye%20Vinyl%22&src=typed&max_position=TWEET-875052981288398848-985073499806060554>
None
2018-04-14 15:20:47 [scrapy] DEBUG: Scraped from <200 https://twitter.com/i/search/timeline?l=en&f=tweets&q=%22Eye%20Vinyl%22&src=typed&max_position=TWEET-875052981288398848-985073499806060554>
None
2018-04-14 15:20:47 [scrapy] DEBUG: Scraped from <200 https://twitter.com/i/search/timeline?l=en&f=tweets&q=%22Eye%20Vinyl%22&src=typed&max_position=TWEET-875052981288398848-985073499806060554>
None
2018-04-14 15:20:47 [scrapy] DEBUG: Scraped from <200 https://twitter.com/i/search/timeline?l=en&f=tweets&q=%22Eye%20Vinyl%22&src=typed&max_position=TWEET-875052981288398848-985073499806060554>
None
2018-04-14 15:20:47 [scrapy] DEBUG: Scraped from <200 https://twitter.com/i/search/timeline?l=en&f=tweets&q=%22Eye%20Vinyl%22&src=typed&max_position=TWEET-875052981288398848-985073499806060554>
None
2018-04-14 15:20:47 [scrapy] DEBUG: Scraped from <200 https://twitter.com/i/search/timeline?l=en&f=tweets&q=%22Eye%20Vinyl%22&src=typed&max_position=TWEET-875052981288398848-985073499806060554>
None
2018-04-14 15:20:47 [scrapy] DEBUG: Scraped from <200 https://twitter.com/i/search/timeline?l=en&f=tweets&q=%22Eye%20Vinyl%22&src=typed&max_position=TWEET-875052981288398848-985073499806060554>
None
2018-04-14 15:20:47 [scrapy] DEBUG: Scraped from <200 https://twitter.com/i/search/timeline?l=en&f=tweets&q=%22Eye%20Vinyl%22&src=typed&max_position=TWEET-875052981288398848-985073499806060554>
None
2018-04-14 15:20:47 [scrapy] DEBUG: Scraped from <200 https://twitter.com/i/search/timeline?l=en&f=tweets&q=%22Eye%20Vinyl%22&src=typed&max_position=TWEET-875052981288398848-985073499806060554>
None
2018-04-14 15:20:47 [scrapy] DEBUG: Scraped from <200 https://twitter.com/i/search/timeline?l=en&f=tweets&q=%22Eye%20Vinyl%22&src=typed&max_position=TWEET-875052981288398848-985073499806060554>
None
2018-04-14 15:20:47 [scrapy] DEBUG: Scraped from <200 https://twitter.com/i/search/timeline?l=en&f=tweets&q=%22Eye%20Vinyl%22&src=typed&max_position=TWEET-875052981288398848-985073499806060554>
None
2018-04-14 15:20:47 [scrapy] DEBUG: Scraped from <200 https://twitter.com/i/search/timeline?l=en&f=tweets&q=%22Eye%20Vinyl%22&src=typed&max_position=TWEET-875052981288398848-985073499806060554>
None
2018-04-14 15:20:47 [scrapy] DEBUG: Scraped from <200 https://twitter.com/i/search/timeline?l=en&f=tweets&q=%22Eye%20Vinyl%22&src=typed&max_position=TWEET-875052981288398848-985073499806060554>
None
2018-04-14 15:20:48 [scrapy] DEBUG: Crawled (200) <GET https://twitter.com/i/search/timeline?l=en&f=tweets&q=%22Eye%20Vinyl%22&src=typed&max_position=TWEET-866436938886254592-985073499806060554> (referer: https://twitter.com/i/search/timeline?l=en&f=tweets&q=%22Eye%20Vinyl%22&src=typed&max_position=TWEET-875052981288398848-985073499806060554)
2018-04-14 15:20:48 [scrapy] DEBUG: Scraped from <200 https://twitter.com/i/search/timeline?l=en&f=tweets&q=%22Eye%20Vinyl%22&src=typed&max_position=TWEET-866436938886254592-985073499806060554>
None
2018-04-14 15:20:48 [scrapy] DEBUG: Scraped from <200 https://twitter.com/i/search/timeline?l=en&f=tweets&q=%22Eye%20Vinyl%22&src=typed&max_position=TWEET-866436938886254592-985073499806060554>
None
2018-04-14 15:20:48 [scrapy] DEBUG: Scraped from <200 https://twitter.com/i/search/timeline?l=en&f=tweets&q=%22Eye%20Vinyl%22&src=typed&max_position=TWEET-866436938886254592-985073499806060554>
None
2018-04-14 15:20:48 [scrapy] DEBUG: Scraped from <200 https://twitter.com/i/search/timeline?l=en&f=tweets&q=%22Eye%20Vinyl%22&src=typed&max_position=TWEET-866436938886254592-985073499806060554>
None
2018-04-14 15:20:48 [scrapy] DEBUG: Scraped from <200 https://twitter.com/i/search/timeline?l=en&f=tweets&q=%22Eye%20Vinyl%22&src=typed&max_position=TWEET-866436938886254592-985073499806060554>
None
2018-04-14 15:20:48 [scrapy] DEBUG: Scraped from <200 https://twitter.com/i/search/timeline?l=en&f=tweets&q=%22Eye%20Vinyl%22&src=typed&max_position=TWEET-866436938886254592-985073499806060554>
None
2018-04-14 15:20:48 [scrapy] DEBUG: Scraped from <200 https://twitter.com/i/search/timeline?l=en&f=tweets&q=%22Eye%20Vinyl%22&src=typed&max_position=TWEET-866436938886254592-985073499806060554>
None
2018-04-14 15:20:48 [scrapy] DEBUG: Scraped from <200 https://twitter.com/i/search/timeline?l=en&f=tweets&q=%22Eye%20Vinyl%22&src=typed&max_position=TWEET-866436938886254592-985073499806060554>
None
2018-04-14 15:20:48 [scrapy] DEBUG: Scraped from <200 https://twitter.com/i/search/timeline?l=en&f=tweets&q=%22Eye%20Vinyl%22&src=typed&max_position=TWEET-866436938886254592-985073499806060554>
None
2018-04-14 15:20:48 [scrapy] DEBUG: Scraped from <200 https://twitter.com/i/search/timeline?l=en&f=tweets&q=%22Eye%20Vinyl%22&src=typed&max_position=TWEET-866436938886254592-985073499806060554>
None
2018-04-14 15:20:49 [scrapy] DEBUG: Scraped from <200 https://twitter.com/i/search/timeline?l=en&f=tweets&q=%22Eye%20Vinyl%22&src=typed&max_position=TWEET-866436938886254592-985073499806060554>
None
2018-04-14 15:20:49 [scrapy] DEBUG: Scraped from <200 https://twitter.com/i/search/timeline?l=en&f=tweets&q=%22Eye%20Vinyl%22&src=typed&max_position=TWEET-866436938886254592-985073499806060554>
None
2018-04-14 15:20:49 [scrapy] DEBUG: Scraped from <200 https://twitter.com/i/search/timeline?l=en&f=tweets&q=%22Eye%20Vinyl%22&src=typed&max_position=TWEET-866436938886254592-985073499806060554>
None
2018-04-14 15:20:49 [scrapy] DEBUG: Scraped from <200 https://twitter.com/i/search/timeline?l=en&f=tweets&q=%22Eye%20Vinyl%22&src=typed&max_position=TWEET-866436938886254592-985073499806060554>
None
2018-04-14 15:20:49 [scrapy] DEBUG: Scraped from <200 https://twitter.com/i/search/timeline?l=en&f=tweets&q=%22Eye%20Vinyl%22&src=typed&max_position=TWEET-866436938886254592-985073499806060554>
None
2018-04-14 15:20:49 [scrapy] DEBUG: Scraped from <200 https://twitter.com/i/search/timeline?l=en&f=tweets&q=%22Eye%20Vinyl%22&src=typed&max_position=TWEET-866436938886254592-985073499806060554>
None
2018-04-14 15:20:49 [scrapy] DEBUG: Scraped from <200 https://twitter.com/i/search/timeline?l=en&f=tweets&q=%22Eye%20Vinyl%22&src=typed&max_position=TWEET-866436938886254592-985073499806060554>
None
2018-04-14 15:20:49 [scrapy] DEBUG: Scraped from <200 https://twitter.com/i/search/timeline?l=en&f=tweets&q=%22Eye%20Vinyl%22&src=typed&max_position=TWEET-866436938886254592-985073499806060554>
None
2018-04-14 15:20:49 [scrapy] DEBUG: Scraped from <200 https://twitter.com/i/search/timeline?l=en&f=tweets&q=%22Eye%20Vinyl%22&src=typed&max_position=TWEET-866436938886254592-985073499806060554>
None
2018-04-14 15:20:49 [scrapy] DEBUG: Scraped from <200 https://twitter.com/i/search/timeline?l=en&f=tweets&q=%22Eye%20Vinyl%22&src=typed&max_position=TWEET-866436938886254592-985073499806060554>
None
2018-04-14 15:20:50 [scrapy] DEBUG: Crawled (200) <GET https://twitter.com/i/search/timeline?l=en&f=tweets&q=%22Eye%20Vinyl%22&src=typed&max_position=TWEET-858094221709918208-985073499806060554> (referer: https://twitter.com/i/search/timeline?l=en&f=tweets&q=%22Eye%20Vinyl%22&src=typed&max_position=TWEET-866436938886254592-985073499806060554)
2018-04-14 15:20:50 [scrapy] DEBUG: Scraped from <200 https://twitter.com/i/search/timeline?l=en&f=tweets&q=%22Eye%20Vinyl%22&src=typed&max_position=TWEET-858094221709918208-985073499806060554>
None
2018-04-14 15:20:50 [scrapy] DEBUG: Scraped from <200 https://twitter.com/i/search/timeline?l=en&f=tweets&q=%22Eye%20Vinyl%22&src=typed&max_position=TWEET-858094221709918208-985073499806060554>
None
2018-04-14 15:20:50 [scrapy] DEBUG: Scraped from <200 https://twitter.com/i/search/timeline?l=en&f=tweets&q=%22Eye%20Vinyl%22&src=typed&max_position=TWEET-858094221709918208-985073499806060554>
None
2018-04-14 15:20:50 [scrapy] DEBUG: Scraped from <200 https://twitter.com/i/search/timeline?l=en&f=tweets&q=%22Eye%20Vinyl%22&src=typed&max_position=TWEET-858094221709918208-985073499806060554>
None
2018-04-14 15:20:50 [scrapy] DEBUG: Scraped from <200 https://twitter.com/i/search/timeline?l=en&f=tweets&q=%22Eye%20Vinyl%22&src=typed&max_position=TWEET-858094221709918208-985073499806060554>
None
2018-04-14 15:20:50 [scrapy] DEBUG: Scraped from <200 https://twitter.com/i/search/timeline?l=en&f=tweets&q=%22Eye%20Vinyl%22&src=typed&max_position=TWEET-858094221709918208-985073499806060554>
None
2018-04-14 15:20:50 [scrapy] DEBUG: Scraped from <200 https://twitter.com/i/search/timeline?l=en&f=tweets&q=%22Eye%20Vinyl%22&src=typed&max_position=TWEET-858094221709918208-985073499806060554>
None
2018-04-14 15:20:50 [scrapy] DEBUG: Scraped from <200 https://twitter.com/i/search/timeline?l=en&f=tweets&q=%22Eye%20Vinyl%22&src=typed&max_position=TWEET-858094221709918208-985073499806060554>
None
2018-04-14 15:20:50 [scrapy] DEBUG: Scraped from <200 https://twitter.com/i/search/timeline?l=en&f=tweets&q=%22Eye%20Vinyl%22&src=typed&max_position=TWEET-858094221709918208-985073499806060554>
None
2018-04-14 15:20:50 [scrapy] DEBUG: Scraped from <200 https://twitter.com/i/search/timeline?l=en&f=tweets&q=%22Eye%20Vinyl%22&src=typed&max_position=TWEET-858094221709918208-985073499806060554>
None
2018-04-14 15:20:50 [scrapy] DEBUG: Scraped from <200 https://twitter.com/i/search/timeline?l=en&f=tweets&q=%22Eye%20Vinyl%22&src=typed&max_position=TWEET-858094221709918208-985073499806060554>
None
2018-04-14 15:20:50 [scrapy] DEBUG: Scraped from <200 https://twitter.com/i/search/timeline?l=en&f=tweets&q=%22Eye%20Vinyl%22&src=typed&max_position=TWEET-858094221709918208-985073499806060554>
None
2018-04-14 15:20:50 [scrapy] DEBUG: Scraped from <200 https://twitter.com/i/search/timeline?l=en&f=tweets&q=%22Eye%20Vinyl%22&src=typed&max_position=TWEET-858094221709918208-985073499806060554>
None
2018-04-14 15:20:50 [scrapy] DEBUG: Scraped from <200 https://twitter.com/i/search/timeline?l=en&f=tweets&q=%22Eye%20Vinyl%22&src=typed&max_position=TWEET-858094221709918208-985073499806060554>
None
2018-04-14 15:20:50 [scrapy] DEBUG: Scraped from <200 https://twitter.com/i/search/timeline?l=en&f=tweets&q=%22Eye%20Vinyl%22&src=typed&max_position=TWEET-858094221709918208-985073499806060554>
None
2018-04-14 15:20:50 [scrapy] DEBUG: Scraped from <200 https://twitter.com/i/search/timeline?l=en&f=tweets&q=%22Eye%20Vinyl%22&src=typed&max_position=TWEET-858094221709918208-985073499806060554>
None
2018-04-14 15:20:51 [scrapy] DEBUG: Scraped from <200 https://twitter.com/i/search/timeline?l=en&f=tweets&q=%22Eye%20Vinyl%22&src=typed&max_position=TWEET-858094221709918208-985073499806060554>
None
2018-04-14 15:20:51 [scrapy] DEBUG: Crawled (200) <GET https://twitter.com/i/search/timeline?l=en&f=tweets&q=%22Eye%20Vinyl%22&src=typed&max_position=TWEET-855063520827895809-985073499806060554> (referer: https://twitter.com/i/search/timeline?l=en&f=tweets&q=%22Eye%20Vinyl%22&src=typed&max_position=TWEET-858094221709918208-985073499806060554)
2018-04-14 15:20:51 [scrapy] DEBUG: Scraped from <200 https://twitter.com/i/search/timeline?l=en&f=tweets&q=%22Eye%20Vinyl%22&src=typed&max_position=TWEET-855063520827895809-985073499806060554>
None
2018-04-14 15:20:51 [scrapy] DEBUG: Scraped from <200 https://twitter.com/i/search/timeline?l=en&f=tweets&q=%22Eye%20Vinyl%22&src=typed&max_position=TWEET-855063520827895809-985073499806060554>
None
2018-04-14 15:20:51 [scrapy] DEBUG: Scraped from <200 https://twitter.com/i/search/timeline?l=en&f=tweets&q=%22Eye%20Vinyl%22&src=typed&max_position=TWEET-855063520827895809-985073499806060554>
None
2018-04-14 15:20:51 [scrapy] DEBUG: Scraped from <200 https://twitter.com/i/search/timeline?l=en&f=tweets&q=%22Eye%20Vinyl%22&src=typed&max_position=TWEET-855063520827895809-985073499806060554>
None
2018-04-14 15:20:51 [scrapy] DEBUG: Scraped from <200 https://twitter.com/i/search/timeline?l=en&f=tweets&q=%22Eye%20Vinyl%22&src=typed&max_position=TWEET-855063520827895809-985073499806060554>
None
2018-04-14 15:20:51 [scrapy] DEBUG: Scraped from <200 https://twitter.com/i/search/timeline?l=en&f=tweets&q=%22Eye%20Vinyl%22&src=typed&max_position=TWEET-855063520827895809-985073499806060554>
None
2018-04-14 15:20:51 [scrapy] DEBUG: Scraped from <200 https://twitter.com/i/search/timeline?l=en&f=tweets&q=%22Eye%20Vinyl%22&src=typed&max_position=TWEET-855063520827895809-985073499806060554>
None
2018-04-14 15:20:51 [scrapy] DEBUG: Scraped from <200 https://twitter.com/i/search/timeline?l=en&f=tweets&q=%22Eye%20Vinyl%22&src=typed&max_position=TWEET-855063520827895809-985073499806060554>
None
2018-04-14 15:20:52 [scrapy] DEBUG: Scraped from <200 https://twitter.com/i/search/timeline?l=en&f=tweets&q=%22Eye%20Vinyl%22&src=typed&max_position=TWEET-855063520827895809-985073499806060554>
None
2018-04-14 15:20:52 [scrapy] DEBUG: Scraped from <200 https://twitter.com/i/search/timeline?l=en&f=tweets&q=%22Eye%20Vinyl%22&src=typed&max_position=TWEET-855063520827895809-985073499806060554>
None
2018-04-14 15:20:52 [scrapy] DEBUG: Scraped from <200 https://twitter.com/i/search/timeline?l=en&f=tweets&q=%22Eye%20Vinyl%22&src=typed&max_position=TWEET-855063520827895809-985073499806060554>
None
2018-04-14 15:20:52 [scrapy] DEBUG: Scraped from <200 https://twitter.com/i/search/timeline?l=en&f=tweets&q=%22Eye%20Vinyl%22&src=typed&max_position=TWEET-855063520827895809-985073499806060554>
None
2018-04-14 15:20:52 [scrapy] DEBUG: Scraped from <200 https://twitter.com/i/search/timeline?l=en&f=tweets&q=%22Eye%20Vinyl%22&src=typed&max_position=TWEET-855063520827895809-985073499806060554>
None
2018-04-14 15:20:52 [scrapy] DEBUG: Scraped from <200 https://twitter.com/i/search/timeline?l=en&f=tweets&q=%22Eye%20Vinyl%22&src=typed&max_position=TWEET-855063520827895809-985073499806060554>
None
2018-04-14 15:20:52 [scrapy] DEBUG: Scraped from <200 https://twitter.com/i/search/timeline?l=en&f=tweets&q=%22Eye%20Vinyl%22&src=typed&max_position=TWEET-855063520827895809-985073499806060554>
None
2018-04-14 15:20:52 [scrapy] DEBUG: Scraped from <200 https://twitter.com/i/search/timeline?l=en&f=tweets&q=%22Eye%20Vinyl%22&src=typed&max_position=TWEET-855063520827895809-985073499806060554>
None
2018-04-14 15:20:52 [scrapy] DEBUG: Scraped from <200 https://twitter.com/i/search/timeline?l=en&f=tweets&q=%22Eye%20Vinyl%22&src=typed&max_position=TWEET-855063520827895809-985073499806060554>
None
2018-04-14 15:20:52 [scrapy] DEBUG: Scraped from <200 https://twitter.com/i/search/timeline?l=en&f=tweets&q=%22Eye%20Vinyl%22&src=typed&max_position=TWEET-855063520827895809-985073499806060554>
None
2018-04-14 15:20:52 [scrapy] DEBUG: Scraped from <200 https://twitter.com/i/search/timeline?l=en&f=tweets&q=%22Eye%20Vinyl%22&src=typed&max_position=TWEET-855063520827895809-985073499806060554>
None
2018-04-14 15:20:53 [scrapy] DEBUG: Crawled (200) <GET https://twitter.com/i/search/timeline?l=en&f=tweets&q=%22Eye%20Vinyl%22&src=typed&max_position=TWEET-846039670932881409-985073499806060554> (referer: https://twitter.com/i/search/timeline?l=en&f=tweets&q=%22Eye%20Vinyl%22&src=typed&max_position=TWEET-855063520827895809-985073499806060554)
2018-04-14 15:20:53 [scrapy] DEBUG: Scraped from <200 https://twitter.com/i/search/timeline?l=en&f=tweets&q=%22Eye%20Vinyl%22&src=typed&max_position=TWEET-846039670932881409-985073499806060554>
None
2018-04-14 15:20:53 [scrapy] DEBUG: Scraped from <200 https://twitter.com/i/search/timeline?l=en&f=tweets&q=%22Eye%20Vinyl%22&src=typed&max_position=TWEET-846039670932881409-985073499806060554>
None
2018-04-14 15:20:53 [scrapy] DEBUG: Scraped from <200 https://twitter.com/i/search/timeline?l=en&f=tweets&q=%22Eye%20Vinyl%22&src=typed&max_position=TWEET-846039670932881409-985073499806060554>
None
2018-04-14 15:20:53 [scrapy] DEBUG: Scraped from <200 https://twitter.com/i/search/timeline?l=en&f=tweets&q=%22Eye%20Vinyl%22&src=typed&max_position=TWEET-846039670932881409-985073499806060554>
None
2018-04-14 15:20:53 [scrapy] DEBUG: Scraped from <200 https://twitter.com/i/search/timeline?l=en&f=tweets&q=%22Eye%20Vinyl%22&src=typed&max_position=TWEET-846039670932881409-985073499806060554>
None
2018-04-14 15:20:53 [scrapy] DEBUG: Scraped from <200 https://twitter.com/i/search/timeline?l=en&f=tweets&q=%22Eye%20Vinyl%22&src=typed&max_position=TWEET-846039670932881409-985073499806060554>
None
2018-04-14 15:20:53 [scrapy] DEBUG: Scraped from <200 https://twitter.com/i/search/timeline?l=en&f=tweets&q=%22Eye%20Vinyl%22&src=typed&max_position=TWEET-846039670932881409-985073499806060554>
None
2018-04-14 15:20:53 [scrapy] DEBUG: Scraped from <200 https://twitter.com/i/search/timeline?l=en&f=tweets&q=%22Eye%20Vinyl%22&src=typed&max_position=TWEET-846039670932881409-985073499806060554>
None
2018-04-14 15:20:53 [scrapy] DEBUG: Scraped from <200 https://twitter.com/i/search/timeline?l=en&f=tweets&q=%22Eye%20Vinyl%22&src=typed&max_position=TWEET-846039670932881409-985073499806060554>
None
2018-04-14 15:20:53 [scrapy] DEBUG: Scraped from <200 https://twitter.com/i/search/timeline?l=en&f=tweets&q=%22Eye%20Vinyl%22&src=typed&max_position=TWEET-846039670932881409-985073499806060554>
None
2018-04-14 15:20:53 [scrapy] DEBUG: Scraped from <200 https://twitter.com/i/search/timeline?l=en&f=tweets&q=%22Eye%20Vinyl%22&src=typed&max_position=TWEET-846039670932881409-985073499806060554>
None
2018-04-14 15:20:53 [scrapy] DEBUG: Scraped from <200 https://twitter.com/i/search/timeline?l=en&f=tweets&q=%22Eye%20Vinyl%22&src=typed&max_position=TWEET-846039670932881409-985073499806060554>
None
2018-04-14 15:20:53 [scrapy] DEBUG: Scraped from <200 https://twitter.com/i/search/timeline?l=en&f=tweets&q=%22Eye%20Vinyl%22&src=typed&max_position=TWEET-846039670932881409-985073499806060554>
None
2018-04-14 15:20:54 [scrapy] DEBUG: Scraped from <200 https://twitter.com/i/search/timeline?l=en&f=tweets&q=%22Eye%20Vinyl%22&src=typed&max_position=TWEET-846039670932881409-985073499806060554>
None
2018-04-14 15:20:54 [scrapy] DEBUG: Scraped from <200 https://twitter.com/i/search/timeline?l=en&f=tweets&q=%22Eye%20Vinyl%22&src=typed&max_position=TWEET-846039670932881409-985073499806060554>
None
2018-04-14 15:20:54 [scrapy] DEBUG: Scraped from <200 https://twitter.com/i/search/timeline?l=en&f=tweets&q=%22Eye%20Vinyl%22&src=typed&max_position=TWEET-846039670932881409-985073499806060554>
None
2018-04-14 15:20:54 [scrapy] DEBUG: Scraped from <200 https://twitter.com/i/search/timeline?l=en&f=tweets&q=%22Eye%20Vinyl%22&src=typed&max_position=TWEET-846039670932881409-985073499806060554>
None
2018-04-14 15:20:54 [scrapy] DEBUG: Scraped from <200 https://twitter.com/i/search/timeline?l=en&f=tweets&q=%22Eye%20Vinyl%22&src=typed&max_position=TWEET-846039670932881409-985073499806060554>
None
2018-04-14 15:20:54 [scrapy] DEBUG: Crawled (200) <GET https://twitter.com/i/search/timeline?l=en&f=tweets&q=%22Eye%20Vinyl%22&src=typed&max_position=TWEET-840617330195468288-985073499806060554> (referer: https://twitter.com/i/search/timeline?l=en&f=tweets&q=%22Eye%20Vinyl%22&src=typed&max_position=TWEET-846039670932881409-985073499806060554)
2018-04-14 15:20:54 [scrapy] DEBUG: Scraped from <200 https://twitter.com/i/search/timeline?l=en&f=tweets&q=%22Eye%20Vinyl%22&src=typed&max_position=TWEET-840617330195468288-985073499806060554>
None
2018-04-14 15:20:54 [scrapy] DEBUG: Scraped from <200 https://twitter.com/i/search/timeline?l=en&f=tweets&q=%22Eye%20Vinyl%22&src=typed&max_position=TWEET-840617330195468288-985073499806060554>
None
2018-04-14 15:20:54 [scrapy] DEBUG: Scraped from <200 https://twitter.com/i/search/timeline?l=en&f=tweets&q=%22Eye%20Vinyl%22&src=typed&max_position=TWEET-840617330195468288-985073499806060554>
None
2018-04-14 15:20:54 [scrapy] DEBUG: Scraped from <200 https://twitter.com/i/search/timeline?l=en&f=tweets&q=%22Eye%20Vinyl%22&src=typed&max_position=TWEET-840617330195468288-985073499806060554>
None
2018-04-14 15:20:55 [scrapy] DEBUG: Scraped from <200 https://twitter.com/i/search/timeline?l=en&f=tweets&q=%22Eye%20Vinyl%22&src=typed&max_position=TWEET-840617330195468288-985073499806060554>
None
2018-04-14 15:20:55 [scrapy] DEBUG: Scraped from <200 https://twitter.com/i/search/timeline?l=en&f=tweets&q=%22Eye%20Vinyl%22&src=typed&max_position=TWEET-840617330195468288-985073499806060554>
None
2018-04-14 15:20:55 [scrapy] DEBUG: Crawled (200) <GET https://twitter.com/i/search/timeline?l=en&f=tweets&q=%22Eye%20Vinyl%22&src=typed&max_position=TWEET-838598279583641600-985073499806060554> (referer: https://twitter.com/i/search/timeline?l=en&f=tweets&q=%22Eye%20Vinyl%22&src=typed&max_position=TWEET-840617330195468288-985073499806060554)
2018-04-14 15:20:55 [scrapy] DEBUG: Scraped from <200 https://twitter.com/i/search/timeline?l=en&f=tweets&q=%22Eye%20Vinyl%22&src=typed&max_position=TWEET-838598279583641600-985073499806060554>
None
2018-04-14 15:20:55 [scrapy] DEBUG: Scraped from <200 https://twitter.com/i/search/timeline?l=en&f=tweets&q=%22Eye%20Vinyl%22&src=typed&max_position=TWEET-838598279583641600-985073499806060554>
None
2018-04-14 15:20:55 [scrapy] DEBUG: Scraped from <200 https://twitter.com/i/search/timeline?l=en&f=tweets&q=%22Eye%20Vinyl%22&src=typed&max_position=TWEET-838598279583641600-985073499806060554>
None
2018-04-14 15:20:55 [scrapy] DEBUG: Scraped from <200 https://twitter.com/i/search/timeline?l=en&f=tweets&q=%22Eye%20Vinyl%22&src=typed&max_position=TWEET-838598279583641600-985073499806060554>
None
2018-04-14 15:20:55 [scrapy] DEBUG: Scraped from <200 https://twitter.com/i/search/timeline?l=en&f=tweets&q=%22Eye%20Vinyl%22&src=typed&max_position=TWEET-838598279583641600-985073499806060554>
None
2018-04-14 15:20:55 [scrapy] DEBUG: Scraped from <200 https://twitter.com/i/search/timeline?l=en&f=tweets&q=%22Eye%20Vinyl%22&src=typed&max_position=TWEET-838598279583641600-985073499806060554>
None
2018-04-14 15:20:56 [scrapy] DEBUG: Crawled (200) <GET https://twitter.com/i/search/timeline?l=en&f=tweets&q=%22Eye%20Vinyl%22&src=typed&max_position=TWEET-832003729268289536-985073499806060554> (referer: https://twitter.com/i/search/timeline?l=en&f=tweets&q=%22Eye%20Vinyl%22&src=typed&max_position=TWEET-838598279583641600-985073499806060554)
2018-04-14 15:20:56 [scrapy] DEBUG: Scraped from <200 https://twitter.com/i/search/timeline?l=en&f=tweets&q=%22Eye%20Vinyl%22&src=typed&max_position=TWEET-832003729268289536-985073499806060554>
None
2018-04-14 15:20:56 [scrapy] DEBUG: Scraped from <200 https://twitter.com/i/search/timeline?l=en&f=tweets&q=%22Eye%20Vinyl%22&src=typed&max_position=TWEET-832003729268289536-985073499806060554>
None
2018-04-14 15:20:56 [scrapy] DEBUG: Scraped from <200 https://twitter.com/i/search/timeline?l=en&f=tweets&q=%22Eye%20Vinyl%22&src=typed&max_position=TWEET-832003729268289536-985073499806060554>
None
2018-04-14 15:20:56 [scrapy] DEBUG: Scraped from <200 https://twitter.com/i/search/timeline?l=en&f=tweets&q=%22Eye%20Vinyl%22&src=typed&max_position=TWEET-832003729268289536-985073499806060554>
None
2018-04-14 15:20:56 [scrapy] DEBUG: Scraped from <200 https://twitter.com/i/search/timeline?l=en&f=tweets&q=%22Eye%20Vinyl%22&src=typed&max_position=TWEET-832003729268289536-985073499806060554>
None
2018-04-14 15:20:56 [scrapy] DEBUG: Scraped from <200 https://twitter.com/i/search/timeline?l=en&f=tweets&q=%22Eye%20Vinyl%22&src=typed&max_position=TWEET-832003729268289536-985073499806060554>
None
2018-04-14 15:20:56 [scrapy] DEBUG: Scraped from <200 https://twitter.com/i/search/timeline?l=en&f=tweets&q=%22Eye%20Vinyl%22&src=typed&max_position=TWEET-832003729268289536-985073499806060554>
None
2018-04-14 15:20:56 [scrapy] DEBUG: Scraped from <200 https://twitter.com/i/search/timeline?l=en&f=tweets&q=%22Eye%20Vinyl%22&src=typed&max_position=TWEET-832003729268289536-985073499806060554>
None
2018-04-14 15:20:57 [scrapy] DEBUG: Scraped from <200 https://twitter.com/i/search/timeline?l=en&f=tweets&q=%22Eye%20Vinyl%22&src=typed&max_position=TWEET-832003729268289536-985073499806060554>
None
2018-04-14 15:20:57 [scrapy] DEBUG: Scraped from <200 https://twitter.com/i/search/timeline?l=en&f=tweets&q=%22Eye%20Vinyl%22&src=typed&max_position=TWEET-832003729268289536-985073499806060554>
None
2018-04-14 15:20:57 [scrapy] DEBUG: Scraped from <200 https://twitter.com/i/search/timeline?l=en&f=tweets&q=%22Eye%20Vinyl%22&src=typed&max_position=TWEET-832003729268289536-985073499806060554>
None
2018-04-14 15:20:57 [scrapy] DEBUG: Scraped from <200 https://twitter.com/i/search/timeline?l=en&f=tweets&q=%22Eye%20Vinyl%22&src=typed&max_position=TWEET-832003729268289536-985073499806060554>
None
2018-04-14 15:20:57 [scrapy] DEBUG: Crawled (200) <GET https://twitter.com/i/search/timeline?l=en&f=tweets&q=%22Eye%20Vinyl%22&src=typed&max_position=TWEET-827760374778839040-985073499806060554> (referer: https://twitter.com/i/search/timeline?l=en&f=tweets&q=%22Eye%20Vinyl%22&src=typed&max_position=TWEET-832003729268289536-985073499806060554)
2018-04-14 15:20:57 [scrapy] DEBUG: Scraped from <200 https://twitter.com/i/search/timeline?l=en&f=tweets&q=%22Eye%20Vinyl%22&src=typed&max_position=TWEET-827760374778839040-985073499806060554>
None
2018-04-14 15:20:57 [scrapy] DEBUG: Scraped from <200 https://twitter.com/i/search/timeline?l=en&f=tweets&q=%22Eye%20Vinyl%22&src=typed&max_position=TWEET-827760374778839040-985073499806060554>
None
2018-04-14 15:20:57 [scrapy] DEBUG: Scraped from <200 https://twitter.com/i/search/timeline?l=en&f=tweets&q=%22Eye%20Vinyl%22&src=typed&max_position=TWEET-827760374778839040-985073499806060554>
None
2018-04-14 15:20:57 [scrapy] DEBUG: Scraped from <200 https://twitter.com/i/search/timeline?l=en&f=tweets&q=%22Eye%20Vinyl%22&src=typed&max_position=TWEET-827760374778839040-985073499806060554>
None
2018-04-14 15:20:58 [scrapy] DEBUG: Scraped from <200 https://twitter.com/i/search/timeline?l=en&f=tweets&q=%22Eye%20Vinyl%22&src=typed&max_position=TWEET-827760374778839040-985073499806060554>
None
2018-04-14 15:20:58 [scrapy] DEBUG: Scraped from <200 https://twitter.com/i/search/timeline?l=en&f=tweets&q=%22Eye%20Vinyl%22&src=typed&max_position=TWEET-827760374778839040-985073499806060554>
None
2018-04-14 15:20:58 [scrapy] DEBUG: Scraped from <200 https://twitter.com/i/search/timeline?l=en&f=tweets&q=%22Eye%20Vinyl%22&src=typed&max_position=TWEET-827760374778839040-985073499806060554>
None
2018-04-14 15:20:58 [scrapy] DEBUG: Scraped from <200 https://twitter.com/i/search/timeline?l=en&f=tweets&q=%22Eye%20Vinyl%22&src=typed&max_position=TWEET-827760374778839040-985073499806060554>
None
2018-04-14 15:20:58 [scrapy] DEBUG: Scraped from <200 https://twitter.com/i/search/timeline?l=en&f=tweets&q=%22Eye%20Vinyl%22&src=typed&max_position=TWEET-827760374778839040-985073499806060554>
None
2018-04-14 15:20:58 [scrapy] DEBUG: Scraped from <200 https://twitter.com/i/search/timeline?l=en&f=tweets&q=%22Eye%20Vinyl%22&src=typed&max_position=TWEET-827760374778839040-985073499806060554>
None
2018-04-14 15:20:58 [scrapy] DEBUG: Scraped from <200 https://twitter.com/i/search/timeline?l=en&f=tweets&q=%22Eye%20Vinyl%22&src=typed&max_position=TWEET-827760374778839040-985073499806060554>
None
2018-04-14 15:20:58 [scrapy] DEBUG: Scraped from <200 https://twitter.com/i/search/timeline?l=en&f=tweets&q=%22Eye%20Vinyl%22&src=typed&max_position=TWEET-827760374778839040-985073499806060554>
None
2018-04-14 15:20:58 [scrapy] DEBUG: Scraped from <200 https://twitter.com/i/search/timeline?l=en&f=tweets&q=%22Eye%20Vinyl%22&src=typed&max_position=TWEET-827760374778839040-985073499806060554>
None
2018-04-14 15:20:58 [scrapy] INFO: Closing spider (closespider_itemcount)
2018-04-14 15:20:58 [scrapy] DEBUG: Scraped from <200 https://twitter.com/i/search/timeline?l=en&f=tweets&q=%22Eye%20Vinyl%22&src=typed&max_position=TWEET-827760374778839040-985073499806060554>
None
2018-04-14 15:20:58 [scrapy] INFO: Dumping Scrapy stats:
{'downloader/request_bytes': 18826,
 'downloader/request_count': 22,
 'downloader/request_method_count/GET': 22,
 'downloader/response_bytes': 267000,
 'downloader/response_count': 22,
 'downloader/response_status_count/200': 22,
 'finish_reason': 'closespider_itemcount',
 'finish_time': datetime.datetime(2018, 4, 14, 20, 20, 58, 510407),
 'item_scraped_count': 301,
 'log_count/DEBUG': 623,
 'log_count/ERROR': 301,
 'log_count/INFO': 6,
 'memusage/max': 65814528,
 'memusage/startup': 65814528,
 'request_depth_max': 22,
 'response_received_count': 22,
 'scheduler/dequeued': 22,
 'scheduler/dequeued/memory': 22,
 'scheduler/enqueued': 23,
 'scheduler/enqueued/memory': 23,
 'start_time': datetime.datetime(2018, 4, 14, 20, 20, 27, 734145)}
2018-04-14 15:20:58 [scrapy] INFO: Spider closed (closespider_itemcount)
