2018-04-14 15:10:24 [scrapy] DEBUG: Crawled (200) <GET https://twitter.com/i/search/timeline?l=en&f=tweets&q=%22Eye%20Duo%20Smoker%20Eyeshadow%22&src=typed&max_position=> (referer: None)
2018-04-14 15:10:24 [scrapy] DEBUG: Scraped from <200 https://twitter.com/i/search/timeline?l=en&f=tweets&q=%22Eye%20Duo%20Smoker%20Eyeshadow%22&src=typed&max_position=>
None
2018-04-14 15:10:24 [scrapy] DEBUG: Scraped from <200 https://twitter.com/i/search/timeline?l=en&f=tweets&q=%22Eye%20Duo%20Smoker%20Eyeshadow%22&src=typed&max_position=>
None
2018-04-14 15:10:24 [scrapy] DEBUG: Scraped from <200 https://twitter.com/i/search/timeline?l=en&f=tweets&q=%22Eye%20Duo%20Smoker%20Eyeshadow%22&src=typed&max_position=>
None
2018-04-14 15:10:24 [scrapy] DEBUG: Scraped from <200 https://twitter.com/i/search/timeline?l=en&f=tweets&q=%22Eye%20Duo%20Smoker%20Eyeshadow%22&src=typed&max_position=>
None
2018-04-14 15:10:24 [scrapy] DEBUG: Scraped from <200 https://twitter.com/i/search/timeline?l=en&f=tweets&q=%22Eye%20Duo%20Smoker%20Eyeshadow%22&src=typed&max_position=>
None
2018-04-14 15:10:24 [scrapy] DEBUG: Crawled (200) <GET https://twitter.com/i/search/timeline?l=en&f=tweets&q=%22Eye%20Duo%20Smoker%20Eyeshadow%22&src=typed&max_position=TWEET-892364730328915968-955906971785400321> (referer: https://twitter.com/i/search/timeline?l=en&f=tweets&q=%22Eye%20Duo%20Smoker%20Eyeshadow%22&src=typed&max_position=)
2018-04-14 15:10:24 [scrapy] DEBUG: Filtered duplicate request: <GET https://twitter.com/i/search/timeline?l=en&f=tweets&q=%22Eye%20Duo%20Smoker%20Eyeshadow%22&src=typed&max_position=TWEET-892364730328915968-955906971785400321> - no more duplicates will be shown (see DUPEFILTER_DEBUG to show all duplicates)
2018-04-14 15:10:24 [scrapy] INFO: Closing spider (finished)
2018-04-14 15:10:24 [scrapy] INFO: Dumping Scrapy stats:
{'downloader/request_bytes': 1163,
 'downloader/request_count': 2,
 'downloader/request_method_count/GET': 2,
 'downloader/response_bytes': 7793,
 'downloader/response_count': 2,
 'downloader/response_status_count/200': 2,
 'dupefilter/filtered': 1,
 'finish_reason': 'finished',
 'finish_time': datetime.datetime(2018, 4, 14, 20, 10, 24, 858466),
 'item_scraped_count': 5,
 'log_count/DEBUG': 13,
 'log_count/ERROR': 5,
 'log_count/INFO': 6,
 'memusage/max': 54910976,
 'memusage/startup': 54910976,
 'request_depth_max': 2,
 'response_received_count': 2,
 'scheduler/dequeued': 2,
 'scheduler/dequeued/memory': 2,
 'scheduler/enqueued': 2,
 'scheduler/enqueued/memory': 2,
 'start_time': datetime.datetime(2018, 4, 14, 20, 10, 23, 523572)}
2018-04-14 15:10:24 [scrapy] INFO: Spider closed (finished)
