2018-04-14 15:16:16 [scrapy] DEBUG: Crawled (200) <GET https://twitter.com/i/search/timeline?l=en&f=tweets&q=%22Colorful%205%20Eyeshadow%20Palette%22&src=typed&max_position=> (referer: None)
2018-04-14 15:16:16 [scrapy] DEBUG: Scraped from <200 https://twitter.com/i/search/timeline?l=en&f=tweets&q=%22Colorful%205%20Eyeshadow%20Palette%22&src=typed&max_position=>
None
2018-04-14 15:16:16 [scrapy] DEBUG: Scraped from <200 https://twitter.com/i/search/timeline?l=en&f=tweets&q=%22Colorful%205%20Eyeshadow%20Palette%22&src=typed&max_position=>
None
2018-04-14 15:16:16 [scrapy] DEBUG: Scraped from <200 https://twitter.com/i/search/timeline?l=en&f=tweets&q=%22Colorful%205%20Eyeshadow%20Palette%22&src=typed&max_position=>
None
2018-04-14 15:16:16 [scrapy] DEBUG: Scraped from <200 https://twitter.com/i/search/timeline?l=en&f=tweets&q=%22Colorful%205%20Eyeshadow%20Palette%22&src=typed&max_position=>
None
2018-04-14 15:16:16 [scrapy] DEBUG: Scraped from <200 https://twitter.com/i/search/timeline?l=en&f=tweets&q=%22Colorful%205%20Eyeshadow%20Palette%22&src=typed&max_position=>
None
2018-04-14 15:16:16 [scrapy] DEBUG: Scraped from <200 https://twitter.com/i/search/timeline?l=en&f=tweets&q=%22Colorful%205%20Eyeshadow%20Palette%22&src=typed&max_position=>
None
2018-04-14 15:16:16 [scrapy] DEBUG: Scraped from <200 https://twitter.com/i/search/timeline?l=en&f=tweets&q=%22Colorful%205%20Eyeshadow%20Palette%22&src=typed&max_position=>
None
2018-04-14 15:16:17 [scrapy] DEBUG: Crawled (200) <GET https://twitter.com/i/search/timeline?l=en&f=tweets&q=%22Colorful%205%20Eyeshadow%20Palette%22&src=typed&max_position=TWEET-908482643150475265-983271183583010816> (referer: https://twitter.com/i/search/timeline?l=en&f=tweets&q=%22Colorful%205%20Eyeshadow%20Palette%22&src=typed&max_position=)
2018-04-14 15:16:17 [scrapy] DEBUG: Scraped from <200 https://twitter.com/i/search/timeline?l=en&f=tweets&q=%22Colorful%205%20Eyeshadow%20Palette%22&src=typed&max_position=TWEET-908482643150475265-983271183583010816>
None
2018-04-14 15:16:17 [scrapy] DEBUG: Scraped from <200 https://twitter.com/i/search/timeline?l=en&f=tweets&q=%22Colorful%205%20Eyeshadow%20Palette%22&src=typed&max_position=TWEET-908482643150475265-983271183583010816>
None
2018-04-14 15:16:17 [scrapy] DEBUG: Scraped from <200 https://twitter.com/i/search/timeline?l=en&f=tweets&q=%22Colorful%205%20Eyeshadow%20Palette%22&src=typed&max_position=TWEET-908482643150475265-983271183583010816>
None
2018-04-14 15:16:17 [scrapy] DEBUG: Scraped from <200 https://twitter.com/i/search/timeline?l=en&f=tweets&q=%22Colorful%205%20Eyeshadow%20Palette%22&src=typed&max_position=TWEET-908482643150475265-983271183583010816>
None
2018-04-14 15:16:17 [scrapy] DEBUG: Scraped from <200 https://twitter.com/i/search/timeline?l=en&f=tweets&q=%22Colorful%205%20Eyeshadow%20Palette%22&src=typed&max_position=TWEET-908482643150475265-983271183583010816>
None
2018-04-14 15:16:17 [scrapy] DEBUG: Scraped from <200 https://twitter.com/i/search/timeline?l=en&f=tweets&q=%22Colorful%205%20Eyeshadow%20Palette%22&src=typed&max_position=TWEET-908482643150475265-983271183583010816>
None
2018-04-14 15:16:17 [scrapy] DEBUG: Scraped from <200 https://twitter.com/i/search/timeline?l=en&f=tweets&q=%22Colorful%205%20Eyeshadow%20Palette%22&src=typed&max_position=TWEET-908482643150475265-983271183583010816>
None
2018-04-14 15:16:17 [scrapy] DEBUG: Scraped from <200 https://twitter.com/i/search/timeline?l=en&f=tweets&q=%22Colorful%205%20Eyeshadow%20Palette%22&src=typed&max_position=TWEET-908482643150475265-983271183583010816>
None
2018-04-14 15:16:17 [scrapy] DEBUG: Scraped from <200 https://twitter.com/i/search/timeline?l=en&f=tweets&q=%22Colorful%205%20Eyeshadow%20Palette%22&src=typed&max_position=TWEET-908482643150475265-983271183583010816>
None
2018-04-14 15:16:17 [scrapy] DEBUG: Scraped from <200 https://twitter.com/i/search/timeline?l=en&f=tweets&q=%22Colorful%205%20Eyeshadow%20Palette%22&src=typed&max_position=TWEET-908482643150475265-983271183583010816>
None
2018-04-14 15:16:18 [scrapy] DEBUG: Crawled (200) <GET https://twitter.com/i/search/timeline?l=en&f=tweets&q=%22Colorful%205%20Eyeshadow%20Palette%22&src=typed&max_position=TWEET-869745485128519680-983271183583010816> (referer: https://twitter.com/i/search/timeline?l=en&f=tweets&q=%22Colorful%205%20Eyeshadow%20Palette%22&src=typed&max_position=TWEET-908482643150475265-983271183583010816)
2018-04-14 15:16:18 [scrapy] DEBUG: Scraped from <200 https://twitter.com/i/search/timeline?l=en&f=tweets&q=%22Colorful%205%20Eyeshadow%20Palette%22&src=typed&max_position=TWEET-869745485128519680-983271183583010816>
None
2018-04-14 15:16:18 [scrapy] DEBUG: Scraped from <200 https://twitter.com/i/search/timeline?l=en&f=tweets&q=%22Colorful%205%20Eyeshadow%20Palette%22&src=typed&max_position=TWEET-869745485128519680-983271183583010816>
None
2018-04-14 15:16:18 [scrapy] DEBUG: Scraped from <200 https://twitter.com/i/search/timeline?l=en&f=tweets&q=%22Colorful%205%20Eyeshadow%20Palette%22&src=typed&max_position=TWEET-869745485128519680-983271183583010816>
None
2018-04-14 15:16:18 [scrapy] DEBUG: Scraped from <200 https://twitter.com/i/search/timeline?l=en&f=tweets&q=%22Colorful%205%20Eyeshadow%20Palette%22&src=typed&max_position=TWEET-869745485128519680-983271183583010816>
None
2018-04-14 15:16:18 [scrapy] DEBUG: Scraped from <200 https://twitter.com/i/search/timeline?l=en&f=tweets&q=%22Colorful%205%20Eyeshadow%20Palette%22&src=typed&max_position=TWEET-869745485128519680-983271183583010816>
None
2018-04-14 15:16:18 [scrapy] DEBUG: Scraped from <200 https://twitter.com/i/search/timeline?l=en&f=tweets&q=%22Colorful%205%20Eyeshadow%20Palette%22&src=typed&max_position=TWEET-869745485128519680-983271183583010816>
None
2018-04-14 15:16:18 [scrapy] DEBUG: Scraped from <200 https://twitter.com/i/search/timeline?l=en&f=tweets&q=%22Colorful%205%20Eyeshadow%20Palette%22&src=typed&max_position=TWEET-869745485128519680-983271183583010816>
None
2018-04-14 15:16:18 [scrapy] DEBUG: Scraped from <200 https://twitter.com/i/search/timeline?l=en&f=tweets&q=%22Colorful%205%20Eyeshadow%20Palette%22&src=typed&max_position=TWEET-869745485128519680-983271183583010816>
None
2018-04-14 15:16:18 [scrapy] DEBUG: Scraped from <200 https://twitter.com/i/search/timeline?l=en&f=tweets&q=%22Colorful%205%20Eyeshadow%20Palette%22&src=typed&max_position=TWEET-869745485128519680-983271183583010816>
None
2018-04-14 15:16:19 [scrapy] DEBUG: Crawled (200) <GET https://twitter.com/i/search/timeline?l=en&f=tweets&q=%22Colorful%205%20Eyeshadow%20Palette%22&src=typed&max_position=TWEET-839670122591764480-983271183583010816> (referer: https://twitter.com/i/search/timeline?l=en&f=tweets&q=%22Colorful%205%20Eyeshadow%20Palette%22&src=typed&max_position=TWEET-869745485128519680-983271183583010816)
2018-04-14 15:16:19 [scrapy] DEBUG: Scraped from <200 https://twitter.com/i/search/timeline?l=en&f=tweets&q=%22Colorful%205%20Eyeshadow%20Palette%22&src=typed&max_position=TWEET-839670122591764480-983271183583010816>
None
2018-04-14 15:16:19 [scrapy] DEBUG: Scraped from <200 https://twitter.com/i/search/timeline?l=en&f=tweets&q=%22Colorful%205%20Eyeshadow%20Palette%22&src=typed&max_position=TWEET-839670122591764480-983271183583010816>
None
2018-04-14 15:16:19 [scrapy] DEBUG: Scraped from <200 https://twitter.com/i/search/timeline?l=en&f=tweets&q=%22Colorful%205%20Eyeshadow%20Palette%22&src=typed&max_position=TWEET-839670122591764480-983271183583010816>
None
2018-04-14 15:16:19 [scrapy] DEBUG: Scraped from <200 https://twitter.com/i/search/timeline?l=en&f=tweets&q=%22Colorful%205%20Eyeshadow%20Palette%22&src=typed&max_position=TWEET-839670122591764480-983271183583010816>
None
2018-04-14 15:16:19 [scrapy] DEBUG: Scraped from <200 https://twitter.com/i/search/timeline?l=en&f=tweets&q=%22Colorful%205%20Eyeshadow%20Palette%22&src=typed&max_position=TWEET-839670122591764480-983271183583010816>
None
2018-04-14 15:16:19 [scrapy] DEBUG: Scraped from <200 https://twitter.com/i/search/timeline?l=en&f=tweets&q=%22Colorful%205%20Eyeshadow%20Palette%22&src=typed&max_position=TWEET-839670122591764480-983271183583010816>
None
2018-04-14 15:16:19 [scrapy] DEBUG: Scraped from <200 https://twitter.com/i/search/timeline?l=en&f=tweets&q=%22Colorful%205%20Eyeshadow%20Palette%22&src=typed&max_position=TWEET-839670122591764480-983271183583010816>
None
2018-04-14 15:16:19 [scrapy] DEBUG: Scraped from <200 https://twitter.com/i/search/timeline?l=en&f=tweets&q=%22Colorful%205%20Eyeshadow%20Palette%22&src=typed&max_position=TWEET-839670122591764480-983271183583010816>
None
2018-04-14 15:16:20 [scrapy] DEBUG: Crawled (200) <GET https://twitter.com/i/search/timeline?l=en&f=tweets&q=%22Colorful%205%20Eyeshadow%20Palette%22&src=typed&max_position=TWEET-837823586819796992-983271183583010816> (referer: https://twitter.com/i/search/timeline?l=en&f=tweets&q=%22Colorful%205%20Eyeshadow%20Palette%22&src=typed&max_position=TWEET-839670122591764480-983271183583010816)
2018-04-14 15:16:20 [scrapy] DEBUG: Scraped from <200 https://twitter.com/i/search/timeline?l=en&f=tweets&q=%22Colorful%205%20Eyeshadow%20Palette%22&src=typed&max_position=TWEET-837823586819796992-983271183583010816>
None
2018-04-14 15:16:20 [scrapy] DEBUG: Scraped from <200 https://twitter.com/i/search/timeline?l=en&f=tweets&q=%22Colorful%205%20Eyeshadow%20Palette%22&src=typed&max_position=TWEET-837823586819796992-983271183583010816>
None
2018-04-14 15:16:20 [scrapy] DEBUG: Scraped from <200 https://twitter.com/i/search/timeline?l=en&f=tweets&q=%22Colorful%205%20Eyeshadow%20Palette%22&src=typed&max_position=TWEET-837823586819796992-983271183583010816>
None
2018-04-14 15:16:20 [scrapy] DEBUG: Scraped from <200 https://twitter.com/i/search/timeline?l=en&f=tweets&q=%22Colorful%205%20Eyeshadow%20Palette%22&src=typed&max_position=TWEET-837823586819796992-983271183583010816>
None
2018-04-14 15:16:20 [scrapy] DEBUG: Scraped from <200 https://twitter.com/i/search/timeline?l=en&f=tweets&q=%22Colorful%205%20Eyeshadow%20Palette%22&src=typed&max_position=TWEET-837823586819796992-983271183583010816>
None
2018-04-14 15:16:20 [scrapy] DEBUG: Scraped from <200 https://twitter.com/i/search/timeline?l=en&f=tweets&q=%22Colorful%205%20Eyeshadow%20Palette%22&src=typed&max_position=TWEET-837823586819796992-983271183583010816>
None
2018-04-14 15:16:20 [scrapy] DEBUG: Scraped from <200 https://twitter.com/i/search/timeline?l=en&f=tweets&q=%22Colorful%205%20Eyeshadow%20Palette%22&src=typed&max_position=TWEET-837823586819796992-983271183583010816>
None
2018-04-14 15:16:20 [scrapy] DEBUG: Scraped from <200 https://twitter.com/i/search/timeline?l=en&f=tweets&q=%22Colorful%205%20Eyeshadow%20Palette%22&src=typed&max_position=TWEET-837823586819796992-983271183583010816>
None
2018-04-14 15:16:21 [scrapy] DEBUG: Crawled (200) <GET https://twitter.com/i/search/timeline?l=en&f=tweets&q=%22Colorful%205%20Eyeshadow%20Palette%22&src=typed&max_position=TWEET-796577727352569858-983271183583010816> (referer: https://twitter.com/i/search/timeline?l=en&f=tweets&q=%22Colorful%205%20Eyeshadow%20Palette%22&src=typed&max_position=TWEET-837823586819796992-983271183583010816)
2018-04-14 15:16:21 [scrapy] DEBUG: Scraped from <200 https://twitter.com/i/search/timeline?l=en&f=tweets&q=%22Colorful%205%20Eyeshadow%20Palette%22&src=typed&max_position=TWEET-796577727352569858-983271183583010816>
None
2018-04-14 15:16:21 [scrapy] DEBUG: Scraped from <200 https://twitter.com/i/search/timeline?l=en&f=tweets&q=%22Colorful%205%20Eyeshadow%20Palette%22&src=typed&max_position=TWEET-796577727352569858-983271183583010816>
None
2018-04-14 15:16:21 [scrapy] DEBUG: Scraped from <200 https://twitter.com/i/search/timeline?l=en&f=tweets&q=%22Colorful%205%20Eyeshadow%20Palette%22&src=typed&max_position=TWEET-796577727352569858-983271183583010816>
None
2018-04-14 15:16:21 [scrapy] DEBUG: Scraped from <200 https://twitter.com/i/search/timeline?l=en&f=tweets&q=%22Colorful%205%20Eyeshadow%20Palette%22&src=typed&max_position=TWEET-796577727352569858-983271183583010816>
None
2018-04-14 15:16:21 [scrapy] DEBUG: Scraped from <200 https://twitter.com/i/search/timeline?l=en&f=tweets&q=%22Colorful%205%20Eyeshadow%20Palette%22&src=typed&max_position=TWEET-796577727352569858-983271183583010816>
None
2018-04-14 15:16:21 [scrapy] DEBUG: Scraped from <200 https://twitter.com/i/search/timeline?l=en&f=tweets&q=%22Colorful%205%20Eyeshadow%20Palette%22&src=typed&max_position=TWEET-796577727352569858-983271183583010816>
None
2018-04-14 15:16:21 [scrapy] DEBUG: Scraped from <200 https://twitter.com/i/search/timeline?l=en&f=tweets&q=%22Colorful%205%20Eyeshadow%20Palette%22&src=typed&max_position=TWEET-796577727352569858-983271183583010816>
None
2018-04-14 15:16:21 [scrapy] DEBUG: Scraped from <200 https://twitter.com/i/search/timeline?l=en&f=tweets&q=%22Colorful%205%20Eyeshadow%20Palette%22&src=typed&max_position=TWEET-796577727352569858-983271183583010816>
None
2018-04-14 15:16:22 [scrapy] DEBUG: Scraped from <200 https://twitter.com/i/search/timeline?l=en&f=tweets&q=%22Colorful%205%20Eyeshadow%20Palette%22&src=typed&max_position=TWEET-796577727352569858-983271183583010816>
None
2018-04-14 15:16:22 [scrapy] DEBUG: Scraped from <200 https://twitter.com/i/search/timeline?l=en&f=tweets&q=%22Colorful%205%20Eyeshadow%20Palette%22&src=typed&max_position=TWEET-796577727352569858-983271183583010816>
None
2018-04-14 15:16:22 [scrapy] DEBUG: Scraped from <200 https://twitter.com/i/search/timeline?l=en&f=tweets&q=%22Colorful%205%20Eyeshadow%20Palette%22&src=typed&max_position=TWEET-796577727352569858-983271183583010816>
None
2018-04-14 15:16:22 [scrapy] DEBUG: Scraped from <200 https://twitter.com/i/search/timeline?l=en&f=tweets&q=%22Colorful%205%20Eyeshadow%20Palette%22&src=typed&max_position=TWEET-796577727352569858-983271183583010816>
None
2018-04-14 15:16:22 [scrapy] DEBUG: Scraped from <200 https://twitter.com/i/search/timeline?l=en&f=tweets&q=%22Colorful%205%20Eyeshadow%20Palette%22&src=typed&max_position=TWEET-796577727352569858-983271183583010816>
None
2018-04-14 15:16:22 [scrapy] DEBUG: Scraped from <200 https://twitter.com/i/search/timeline?l=en&f=tweets&q=%22Colorful%205%20Eyeshadow%20Palette%22&src=typed&max_position=TWEET-796577727352569858-983271183583010816>
None
2018-04-14 15:16:22 [scrapy] DEBUG: Scraped from <200 https://twitter.com/i/search/timeline?l=en&f=tweets&q=%22Colorful%205%20Eyeshadow%20Palette%22&src=typed&max_position=TWEET-796577727352569858-983271183583010816>
None
2018-04-14 15:16:22 [scrapy] DEBUG: Scraped from <200 https://twitter.com/i/search/timeline?l=en&f=tweets&q=%22Colorful%205%20Eyeshadow%20Palette%22&src=typed&max_position=TWEET-796577727352569858-983271183583010816>
None
2018-04-14 15:16:22 [scrapy] DEBUG: Scraped from <200 https://twitter.com/i/search/timeline?l=en&f=tweets&q=%22Colorful%205%20Eyeshadow%20Palette%22&src=typed&max_position=TWEET-796577727352569858-983271183583010816>
None
2018-04-14 15:16:22 [scrapy] DEBUG: Scraped from <200 https://twitter.com/i/search/timeline?l=en&f=tweets&q=%22Colorful%205%20Eyeshadow%20Palette%22&src=typed&max_position=TWEET-796577727352569858-983271183583010816>
None
2018-04-14 15:16:22 [scrapy] DEBUG: Scraped from <200 https://twitter.com/i/search/timeline?l=en&f=tweets&q=%22Colorful%205%20Eyeshadow%20Palette%22&src=typed&max_position=TWEET-796577727352569858-983271183583010816>
None
2018-04-14 15:16:22 [scrapy] DEBUG: Scraped from <200 https://twitter.com/i/search/timeline?l=en&f=tweets&q=%22Colorful%205%20Eyeshadow%20Palette%22&src=typed&max_position=TWEET-796577727352569858-983271183583010816>
None
2018-04-14 15:16:23 [scrapy] DEBUG: Crawled (200) <GET https://twitter.com/i/search/timeline?l=en&f=tweets&q=%22Colorful%205%20Eyeshadow%20Palette%22&src=typed&max_position=TWEET-640211602516672513-983271183583010816> (referer: https://twitter.com/i/search/timeline?l=en&f=tweets&q=%22Colorful%205%20Eyeshadow%20Palette%22&src=typed&max_position=TWEET-796577727352569858-983271183583010816)
2018-04-14 15:16:23 [scrapy] DEBUG: Scraped from <200 https://twitter.com/i/search/timeline?l=en&f=tweets&q=%22Colorful%205%20Eyeshadow%20Palette%22&src=typed&max_position=TWEET-640211602516672513-983271183583010816>
None
2018-04-14 15:16:23 [scrapy] DEBUG: Scraped from <200 https://twitter.com/i/search/timeline?l=en&f=tweets&q=%22Colorful%205%20Eyeshadow%20Palette%22&src=typed&max_position=TWEET-640211602516672513-983271183583010816>
None
2018-04-14 15:16:23 [scrapy] DEBUG: Scraped from <200 https://twitter.com/i/search/timeline?l=en&f=tweets&q=%22Colorful%205%20Eyeshadow%20Palette%22&src=typed&max_position=TWEET-640211602516672513-983271183583010816>
None
2018-04-14 15:16:23 [scrapy] DEBUG: Scraped from <200 https://twitter.com/i/search/timeline?l=en&f=tweets&q=%22Colorful%205%20Eyeshadow%20Palette%22&src=typed&max_position=TWEET-640211602516672513-983271183583010816>
None
2018-04-14 15:16:23 [scrapy] DEBUG: Scraped from <200 https://twitter.com/i/search/timeline?l=en&f=tweets&q=%22Colorful%205%20Eyeshadow%20Palette%22&src=typed&max_position=TWEET-640211602516672513-983271183583010816>
None
2018-04-14 15:16:23 [scrapy] DEBUG: Scraped from <200 https://twitter.com/i/search/timeline?l=en&f=tweets&q=%22Colorful%205%20Eyeshadow%20Palette%22&src=typed&max_position=TWEET-640211602516672513-983271183583010816>
None
2018-04-14 15:16:23 [scrapy] DEBUG: Scraped from <200 https://twitter.com/i/search/timeline?l=en&f=tweets&q=%22Colorful%205%20Eyeshadow%20Palette%22&src=typed&max_position=TWEET-640211602516672513-983271183583010816>
None
2018-04-14 15:16:23 [scrapy] DEBUG: Scraped from <200 https://twitter.com/i/search/timeline?l=en&f=tweets&q=%22Colorful%205%20Eyeshadow%20Palette%22&src=typed&max_position=TWEET-640211602516672513-983271183583010816>
None
2018-04-14 15:16:23 [scrapy] DEBUG: Scraped from <200 https://twitter.com/i/search/timeline?l=en&f=tweets&q=%22Colorful%205%20Eyeshadow%20Palette%22&src=typed&max_position=TWEET-640211602516672513-983271183583010816>
None
2018-04-14 15:16:23 [scrapy] DEBUG: Scraped from <200 https://twitter.com/i/search/timeline?l=en&f=tweets&q=%22Colorful%205%20Eyeshadow%20Palette%22&src=typed&max_position=TWEET-640211602516672513-983271183583010816>
None
2018-04-14 15:16:24 [scrapy] DEBUG: Scraped from <200 https://twitter.com/i/search/timeline?l=en&f=tweets&q=%22Colorful%205%20Eyeshadow%20Palette%22&src=typed&max_position=TWEET-640211602516672513-983271183583010816>
None
2018-04-14 15:16:24 [scrapy] DEBUG: Scraped from <200 https://twitter.com/i/search/timeline?l=en&f=tweets&q=%22Colorful%205%20Eyeshadow%20Palette%22&src=typed&max_position=TWEET-640211602516672513-983271183583010816>
None
2018-04-14 15:16:24 [scrapy] DEBUG: Scraped from <200 https://twitter.com/i/search/timeline?l=en&f=tweets&q=%22Colorful%205%20Eyeshadow%20Palette%22&src=typed&max_position=TWEET-640211602516672513-983271183583010816>
None
2018-04-14 15:16:24 [scrapy] DEBUG: Scraped from <200 https://twitter.com/i/search/timeline?l=en&f=tweets&q=%22Colorful%205%20Eyeshadow%20Palette%22&src=typed&max_position=TWEET-640211602516672513-983271183583010816>
None
2018-04-14 15:16:24 [scrapy] DEBUG: Scraped from <200 https://twitter.com/i/search/timeline?l=en&f=tweets&q=%22Colorful%205%20Eyeshadow%20Palette%22&src=typed&max_position=TWEET-640211602516672513-983271183583010816>
None
2018-04-14 15:16:24 [scrapy] DEBUG: Scraped from <200 https://twitter.com/i/search/timeline?l=en&f=tweets&q=%22Colorful%205%20Eyeshadow%20Palette%22&src=typed&max_position=TWEET-640211602516672513-983271183583010816>
None
2018-04-14 15:16:24 [scrapy] DEBUG: Scraped from <200 https://twitter.com/i/search/timeline?l=en&f=tweets&q=%22Colorful%205%20Eyeshadow%20Palette%22&src=typed&max_position=TWEET-640211602516672513-983271183583010816>
None
2018-04-14 15:16:24 [scrapy] DEBUG: Scraped from <200 https://twitter.com/i/search/timeline?l=en&f=tweets&q=%22Colorful%205%20Eyeshadow%20Palette%22&src=typed&max_position=TWEET-640211602516672513-983271183583010816>
None
2018-04-14 15:16:24 [scrapy] DEBUG: Scraped from <200 https://twitter.com/i/search/timeline?l=en&f=tweets&q=%22Colorful%205%20Eyeshadow%20Palette%22&src=typed&max_position=TWEET-640211602516672513-983271183583010816>
None
2018-04-14 15:16:24 [scrapy] DEBUG: Scraped from <200 https://twitter.com/i/search/timeline?l=en&f=tweets&q=%22Colorful%205%20Eyeshadow%20Palette%22&src=typed&max_position=TWEET-640211602516672513-983271183583010816>
None
2018-04-14 15:16:25 [scrapy] DEBUG: Crawled (200) <GET https://twitter.com/i/search/timeline?l=en&f=tweets&q=%22Colorful%205%20Eyeshadow%20Palette%22&src=typed&max_position=TWEET-638697853410537474-983271183583010816> (referer: https://twitter.com/i/search/timeline?l=en&f=tweets&q=%22Colorful%205%20Eyeshadow%20Palette%22&src=typed&max_position=TWEET-640211602516672513-983271183583010816)
2018-04-14 15:16:25 [scrapy] DEBUG: Scraped from <200 https://twitter.com/i/search/timeline?l=en&f=tweets&q=%22Colorful%205%20Eyeshadow%20Palette%22&src=typed&max_position=TWEET-638697853410537474-983271183583010816>
None
2018-04-14 15:16:25 [scrapy] DEBUG: Scraped from <200 https://twitter.com/i/search/timeline?l=en&f=tweets&q=%22Colorful%205%20Eyeshadow%20Palette%22&src=typed&max_position=TWEET-638697853410537474-983271183583010816>
None
2018-04-14 15:16:25 [scrapy] DEBUG: Scraped from <200 https://twitter.com/i/search/timeline?l=en&f=tweets&q=%22Colorful%205%20Eyeshadow%20Palette%22&src=typed&max_position=TWEET-638697853410537474-983271183583010816>
None
2018-04-14 15:16:25 [scrapy] DEBUG: Scraped from <200 https://twitter.com/i/search/timeline?l=en&f=tweets&q=%22Colorful%205%20Eyeshadow%20Palette%22&src=typed&max_position=TWEET-638697853410537474-983271183583010816>
None
2018-04-14 15:16:25 [scrapy] DEBUG: Scraped from <200 https://twitter.com/i/search/timeline?l=en&f=tweets&q=%22Colorful%205%20Eyeshadow%20Palette%22&src=typed&max_position=TWEET-638697853410537474-983271183583010816>
None
2018-04-14 15:16:25 [scrapy] DEBUG: Scraped from <200 https://twitter.com/i/search/timeline?l=en&f=tweets&q=%22Colorful%205%20Eyeshadow%20Palette%22&src=typed&max_position=TWEET-638697853410537474-983271183583010816>
None
2018-04-14 15:16:25 [scrapy] DEBUG: Scraped from <200 https://twitter.com/i/search/timeline?l=en&f=tweets&q=%22Colorful%205%20Eyeshadow%20Palette%22&src=typed&max_position=TWEET-638697853410537474-983271183583010816>
None
2018-04-14 15:16:25 [scrapy] DEBUG: Scraped from <200 https://twitter.com/i/search/timeline?l=en&f=tweets&q=%22Colorful%205%20Eyeshadow%20Palette%22&src=typed&max_position=TWEET-638697853410537474-983271183583010816>
None
2018-04-14 15:16:25 [scrapy] DEBUG: Scraped from <200 https://twitter.com/i/search/timeline?l=en&f=tweets&q=%22Colorful%205%20Eyeshadow%20Palette%22&src=typed&max_position=TWEET-638697853410537474-983271183583010816>
None
2018-04-14 15:16:25 [scrapy] DEBUG: Scraped from <200 https://twitter.com/i/search/timeline?l=en&f=tweets&q=%22Colorful%205%20Eyeshadow%20Palette%22&src=typed&max_position=TWEET-638697853410537474-983271183583010816>
None
2018-04-14 15:16:25 [scrapy] DEBUG: Scraped from <200 https://twitter.com/i/search/timeline?l=en&f=tweets&q=%22Colorful%205%20Eyeshadow%20Palette%22&src=typed&max_position=TWEET-638697853410537474-983271183583010816>
None
2018-04-14 15:16:25 [scrapy] DEBUG: Scraped from <200 https://twitter.com/i/search/timeline?l=en&f=tweets&q=%22Colorful%205%20Eyeshadow%20Palette%22&src=typed&max_position=TWEET-638697853410537474-983271183583010816>
None
2018-04-14 15:16:25 [scrapy] DEBUG: Scraped from <200 https://twitter.com/i/search/timeline?l=en&f=tweets&q=%22Colorful%205%20Eyeshadow%20Palette%22&src=typed&max_position=TWEET-638697853410537474-983271183583010816>
None
2018-04-14 15:16:25 [scrapy] DEBUG: Scraped from <200 https://twitter.com/i/search/timeline?l=en&f=tweets&q=%22Colorful%205%20Eyeshadow%20Palette%22&src=typed&max_position=TWEET-638697853410537474-983271183583010816>
None
2018-04-14 15:16:25 [scrapy] DEBUG: Scraped from <200 https://twitter.com/i/search/timeline?l=en&f=tweets&q=%22Colorful%205%20Eyeshadow%20Palette%22&src=typed&max_position=TWEET-638697853410537474-983271183583010816>
None
2018-04-14 15:16:26 [scrapy] DEBUG: Scraped from <200 https://twitter.com/i/search/timeline?l=en&f=tweets&q=%22Colorful%205%20Eyeshadow%20Palette%22&src=typed&max_position=TWEET-638697853410537474-983271183583010816>
None
2018-04-14 15:16:26 [scrapy] DEBUG: Scraped from <200 https://twitter.com/i/search/timeline?l=en&f=tweets&q=%22Colorful%205%20Eyeshadow%20Palette%22&src=typed&max_position=TWEET-638697853410537474-983271183583010816>
None
2018-04-14 15:16:26 [scrapy] DEBUG: Scraped from <200 https://twitter.com/i/search/timeline?l=en&f=tweets&q=%22Colorful%205%20Eyeshadow%20Palette%22&src=typed&max_position=TWEET-638697853410537474-983271183583010816>
None
2018-04-14 15:16:26 [scrapy] DEBUG: Scraped from <200 https://twitter.com/i/search/timeline?l=en&f=tweets&q=%22Colorful%205%20Eyeshadow%20Palette%22&src=typed&max_position=TWEET-638697853410537474-983271183583010816>
None
2018-04-14 15:16:26 [scrapy] DEBUG: Scraped from <200 https://twitter.com/i/search/timeline?l=en&f=tweets&q=%22Colorful%205%20Eyeshadow%20Palette%22&src=typed&max_position=TWEET-638697853410537474-983271183583010816>
None
2018-04-14 15:16:26 [scrapy] DEBUG: Crawled (200) <GET https://twitter.com/i/search/timeline?l=en&f=tweets&q=%22Colorful%205%20Eyeshadow%20Palette%22&src=typed&max_position=TWEET-632809081351335936-983271183583010816> (referer: https://twitter.com/i/search/timeline?l=en&f=tweets&q=%22Colorful%205%20Eyeshadow%20Palette%22&src=typed&max_position=TWEET-638697853410537474-983271183583010816)
2018-04-14 15:16:26 [scrapy] DEBUG: Scraped from <200 https://twitter.com/i/search/timeline?l=en&f=tweets&q=%22Colorful%205%20Eyeshadow%20Palette%22&src=typed&max_position=TWEET-632809081351335936-983271183583010816>
None
2018-04-14 15:16:26 [scrapy] DEBUG: Scraped from <200 https://twitter.com/i/search/timeline?l=en&f=tweets&q=%22Colorful%205%20Eyeshadow%20Palette%22&src=typed&max_position=TWEET-632809081351335936-983271183583010816>
None
2018-04-14 15:16:26 [scrapy] DEBUG: Scraped from <200 https://twitter.com/i/search/timeline?l=en&f=tweets&q=%22Colorful%205%20Eyeshadow%20Palette%22&src=typed&max_position=TWEET-632809081351335936-983271183583010816>
None
2018-04-14 15:16:26 [scrapy] DEBUG: Scraped from <200 https://twitter.com/i/search/timeline?l=en&f=tweets&q=%22Colorful%205%20Eyeshadow%20Palette%22&src=typed&max_position=TWEET-632809081351335936-983271183583010816>
None
2018-04-14 15:16:26 [scrapy] DEBUG: Scraped from <200 https://twitter.com/i/search/timeline?l=en&f=tweets&q=%22Colorful%205%20Eyeshadow%20Palette%22&src=typed&max_position=TWEET-632809081351335936-983271183583010816>
None
2018-04-14 15:16:27 [scrapy] DEBUG: Scraped from <200 https://twitter.com/i/search/timeline?l=en&f=tweets&q=%22Colorful%205%20Eyeshadow%20Palette%22&src=typed&max_position=TWEET-632809081351335936-983271183583010816>
None
2018-04-14 15:16:27 [scrapy] DEBUG: Scraped from <200 https://twitter.com/i/search/timeline?l=en&f=tweets&q=%22Colorful%205%20Eyeshadow%20Palette%22&src=typed&max_position=TWEET-632809081351335936-983271183583010816>
None
2018-04-14 15:16:27 [scrapy] DEBUG: Scraped from <200 https://twitter.com/i/search/timeline?l=en&f=tweets&q=%22Colorful%205%20Eyeshadow%20Palette%22&src=typed&max_position=TWEET-632809081351335936-983271183583010816>
None
2018-04-14 15:16:27 [scrapy] DEBUG: Scraped from <200 https://twitter.com/i/search/timeline?l=en&f=tweets&q=%22Colorful%205%20Eyeshadow%20Palette%22&src=typed&max_position=TWEET-632809081351335936-983271183583010816>
None
2018-04-14 15:16:27 [scrapy] DEBUG: Scraped from <200 https://twitter.com/i/search/timeline?l=en&f=tweets&q=%22Colorful%205%20Eyeshadow%20Palette%22&src=typed&max_position=TWEET-632809081351335936-983271183583010816>
None
2018-04-14 15:16:27 [scrapy] DEBUG: Scraped from <200 https://twitter.com/i/search/timeline?l=en&f=tweets&q=%22Colorful%205%20Eyeshadow%20Palette%22&src=typed&max_position=TWEET-632809081351335936-983271183583010816>
None
2018-04-14 15:16:27 [scrapy] DEBUG: Scraped from <200 https://twitter.com/i/search/timeline?l=en&f=tweets&q=%22Colorful%205%20Eyeshadow%20Palette%22&src=typed&max_position=TWEET-632809081351335936-983271183583010816>
None
2018-04-14 15:16:27 [scrapy] DEBUG: Scraped from <200 https://twitter.com/i/search/timeline?l=en&f=tweets&q=%22Colorful%205%20Eyeshadow%20Palette%22&src=typed&max_position=TWEET-632809081351335936-983271183583010816>
None
2018-04-14 15:16:27 [scrapy] DEBUG: Scraped from <200 https://twitter.com/i/search/timeline?l=en&f=tweets&q=%22Colorful%205%20Eyeshadow%20Palette%22&src=typed&max_position=TWEET-632809081351335936-983271183583010816>
None
2018-04-14 15:16:27 [scrapy] DEBUG: Scraped from <200 https://twitter.com/i/search/timeline?l=en&f=tweets&q=%22Colorful%205%20Eyeshadow%20Palette%22&src=typed&max_position=TWEET-632809081351335936-983271183583010816>
None
2018-04-14 15:16:27 [scrapy] DEBUG: Scraped from <200 https://twitter.com/i/search/timeline?l=en&f=tweets&q=%22Colorful%205%20Eyeshadow%20Palette%22&src=typed&max_position=TWEET-632809081351335936-983271183583010816>
None
2018-04-14 15:16:27 [scrapy] DEBUG: Scraped from <200 https://twitter.com/i/search/timeline?l=en&f=tweets&q=%22Colorful%205%20Eyeshadow%20Palette%22&src=typed&max_position=TWEET-632809081351335936-983271183583010816>
None
2018-04-14 15:16:27 [scrapy] DEBUG: Scraped from <200 https://twitter.com/i/search/timeline?l=en&f=tweets&q=%22Colorful%205%20Eyeshadow%20Palette%22&src=typed&max_position=TWEET-632809081351335936-983271183583010816>
None
2018-04-14 15:16:27 [scrapy] DEBUG: Scraped from <200 https://twitter.com/i/search/timeline?l=en&f=tweets&q=%22Colorful%205%20Eyeshadow%20Palette%22&src=typed&max_position=TWEET-632809081351335936-983271183583010816>
None
2018-04-14 15:16:27 [scrapy] DEBUG: Scraped from <200 https://twitter.com/i/search/timeline?l=en&f=tweets&q=%22Colorful%205%20Eyeshadow%20Palette%22&src=typed&max_position=TWEET-632809081351335936-983271183583010816>
None
2018-04-14 15:16:28 [scrapy] DEBUG: Crawled (200) <GET https://twitter.com/i/search/timeline?l=en&f=tweets&q=%22Colorful%205%20Eyeshadow%20Palette%22&src=typed&max_position=TWEET-631299123379961861-983271183583010816> (referer: https://twitter.com/i/search/timeline?l=en&f=tweets&q=%22Colorful%205%20Eyeshadow%20Palette%22&src=typed&max_position=TWEET-632809081351335936-983271183583010816)
2018-04-14 15:16:28 [scrapy] DEBUG: Scraped from <200 https://twitter.com/i/search/timeline?l=en&f=tweets&q=%22Colorful%205%20Eyeshadow%20Palette%22&src=typed&max_position=TWEET-631299123379961861-983271183583010816>
None
2018-04-14 15:16:28 [scrapy] DEBUG: Scraped from <200 https://twitter.com/i/search/timeline?l=en&f=tweets&q=%22Colorful%205%20Eyeshadow%20Palette%22&src=typed&max_position=TWEET-631299123379961861-983271183583010816>
None
2018-04-14 15:16:28 [scrapy] DEBUG: Scraped from <200 https://twitter.com/i/search/timeline?l=en&f=tweets&q=%22Colorful%205%20Eyeshadow%20Palette%22&src=typed&max_position=TWEET-631299123379961861-983271183583010816>
None
2018-04-14 15:16:28 [scrapy] DEBUG: Scraped from <200 https://twitter.com/i/search/timeline?l=en&f=tweets&q=%22Colorful%205%20Eyeshadow%20Palette%22&src=typed&max_position=TWEET-631299123379961861-983271183583010816>
None
2018-04-14 15:16:28 [scrapy] DEBUG: Scraped from <200 https://twitter.com/i/search/timeline?l=en&f=tweets&q=%22Colorful%205%20Eyeshadow%20Palette%22&src=typed&max_position=TWEET-631299123379961861-983271183583010816>
None
2018-04-14 15:16:28 [scrapy] DEBUG: Scraped from <200 https://twitter.com/i/search/timeline?l=en&f=tweets&q=%22Colorful%205%20Eyeshadow%20Palette%22&src=typed&max_position=TWEET-631299123379961861-983271183583010816>
None
2018-04-14 15:16:28 [scrapy] DEBUG: Scraped from <200 https://twitter.com/i/search/timeline?l=en&f=tweets&q=%22Colorful%205%20Eyeshadow%20Palette%22&src=typed&max_position=TWEET-631299123379961861-983271183583010816>
None
2018-04-14 15:16:29 [scrapy] DEBUG: Scraped from <200 https://twitter.com/i/search/timeline?l=en&f=tweets&q=%22Colorful%205%20Eyeshadow%20Palette%22&src=typed&max_position=TWEET-631299123379961861-983271183583010816>
None
2018-04-14 15:16:29 [scrapy] DEBUG: Scraped from <200 https://twitter.com/i/search/timeline?l=en&f=tweets&q=%22Colorful%205%20Eyeshadow%20Palette%22&src=typed&max_position=TWEET-631299123379961861-983271183583010816>
None
2018-04-14 15:16:29 [scrapy] DEBUG: Scraped from <200 https://twitter.com/i/search/timeline?l=en&f=tweets&q=%22Colorful%205%20Eyeshadow%20Palette%22&src=typed&max_position=TWEET-631299123379961861-983271183583010816>
None
2018-04-14 15:16:29 [scrapy] DEBUG: Scraped from <200 https://twitter.com/i/search/timeline?l=en&f=tweets&q=%22Colorful%205%20Eyeshadow%20Palette%22&src=typed&max_position=TWEET-631299123379961861-983271183583010816>
None
2018-04-14 15:16:29 [scrapy] DEBUG: Scraped from <200 https://twitter.com/i/search/timeline?l=en&f=tweets&q=%22Colorful%205%20Eyeshadow%20Palette%22&src=typed&max_position=TWEET-631299123379961861-983271183583010816>
None
2018-04-14 15:16:29 [scrapy] DEBUG: Scraped from <200 https://twitter.com/i/search/timeline?l=en&f=tweets&q=%22Colorful%205%20Eyeshadow%20Palette%22&src=typed&max_position=TWEET-631299123379961861-983271183583010816>
None
2018-04-14 15:16:29 [scrapy] DEBUG: Scraped from <200 https://twitter.com/i/search/timeline?l=en&f=tweets&q=%22Colorful%205%20Eyeshadow%20Palette%22&src=typed&max_position=TWEET-631299123379961861-983271183583010816>
None
2018-04-14 15:16:29 [scrapy] DEBUG: Scraped from <200 https://twitter.com/i/search/timeline?l=en&f=tweets&q=%22Colorful%205%20Eyeshadow%20Palette%22&src=typed&max_position=TWEET-631299123379961861-983271183583010816>
None
2018-04-14 15:16:29 [scrapy] DEBUG: Scraped from <200 https://twitter.com/i/search/timeline?l=en&f=tweets&q=%22Colorful%205%20Eyeshadow%20Palette%22&src=typed&max_position=TWEET-631299123379961861-983271183583010816>
None
2018-04-14 15:16:29 [scrapy] DEBUG: Scraped from <200 https://twitter.com/i/search/timeline?l=en&f=tweets&q=%22Colorful%205%20Eyeshadow%20Palette%22&src=typed&max_position=TWEET-631299123379961861-983271183583010816>
None
2018-04-14 15:16:29 [scrapy] DEBUG: Scraped from <200 https://twitter.com/i/search/timeline?l=en&f=tweets&q=%22Colorful%205%20Eyeshadow%20Palette%22&src=typed&max_position=TWEET-631299123379961861-983271183583010816>
None
2018-04-14 15:16:29 [scrapy] DEBUG: Scraped from <200 https://twitter.com/i/search/timeline?l=en&f=tweets&q=%22Colorful%205%20Eyeshadow%20Palette%22&src=typed&max_position=TWEET-631299123379961861-983271183583010816>
None
2018-04-14 15:16:29 [scrapy] DEBUG: Scraped from <200 https://twitter.com/i/search/timeline?l=en&f=tweets&q=%22Colorful%205%20Eyeshadow%20Palette%22&src=typed&max_position=TWEET-631299123379961861-983271183583010816>
None
2018-04-14 15:16:30 [scrapy] DEBUG: Crawled (200) <GET https://twitter.com/i/search/timeline?l=en&f=tweets&q=%22Colorful%205%20Eyeshadow%20Palette%22&src=typed&max_position=TWEET-629789162883940352-983271183583010816> (referer: https://twitter.com/i/search/timeline?l=en&f=tweets&q=%22Colorful%205%20Eyeshadow%20Palette%22&src=typed&max_position=TWEET-631299123379961861-983271183583010816)
2018-04-14 15:16:30 [scrapy] DEBUG: Scraped from <200 https://twitter.com/i/search/timeline?l=en&f=tweets&q=%22Colorful%205%20Eyeshadow%20Palette%22&src=typed&max_position=TWEET-629789162883940352-983271183583010816>
None
2018-04-14 15:16:30 [scrapy] DEBUG: Scraped from <200 https://twitter.com/i/search/timeline?l=en&f=tweets&q=%22Colorful%205%20Eyeshadow%20Palette%22&src=typed&max_position=TWEET-629789162883940352-983271183583010816>
None
2018-04-14 15:16:30 [scrapy] DEBUG: Scraped from <200 https://twitter.com/i/search/timeline?l=en&f=tweets&q=%22Colorful%205%20Eyeshadow%20Palette%22&src=typed&max_position=TWEET-629789162883940352-983271183583010816>
None
2018-04-14 15:16:30 [scrapy] DEBUG: Scraped from <200 https://twitter.com/i/search/timeline?l=en&f=tweets&q=%22Colorful%205%20Eyeshadow%20Palette%22&src=typed&max_position=TWEET-629789162883940352-983271183583010816>
None
2018-04-14 15:16:30 [scrapy] DEBUG: Scraped from <200 https://twitter.com/i/search/timeline?l=en&f=tweets&q=%22Colorful%205%20Eyeshadow%20Palette%22&src=typed&max_position=TWEET-629789162883940352-983271183583010816>
None
2018-04-14 15:16:30 [scrapy] DEBUG: Scraped from <200 https://twitter.com/i/search/timeline?l=en&f=tweets&q=%22Colorful%205%20Eyeshadow%20Palette%22&src=typed&max_position=TWEET-629789162883940352-983271183583010816>
None
2018-04-14 15:16:30 [scrapy] DEBUG: Scraped from <200 https://twitter.com/i/search/timeline?l=en&f=tweets&q=%22Colorful%205%20Eyeshadow%20Palette%22&src=typed&max_position=TWEET-629789162883940352-983271183583010816>
None
2018-04-14 15:16:30 [scrapy] DEBUG: Scraped from <200 https://twitter.com/i/search/timeline?l=en&f=tweets&q=%22Colorful%205%20Eyeshadow%20Palette%22&src=typed&max_position=TWEET-629789162883940352-983271183583010816>
None
2018-04-14 15:16:30 [scrapy] DEBUG: Scraped from <200 https://twitter.com/i/search/timeline?l=en&f=tweets&q=%22Colorful%205%20Eyeshadow%20Palette%22&src=typed&max_position=TWEET-629789162883940352-983271183583010816>
None
2018-04-14 15:16:30 [scrapy] DEBUG: Scraped from <200 https://twitter.com/i/search/timeline?l=en&f=tweets&q=%22Colorful%205%20Eyeshadow%20Palette%22&src=typed&max_position=TWEET-629789162883940352-983271183583010816>
None
2018-04-14 15:16:30 [scrapy] DEBUG: Scraped from <200 https://twitter.com/i/search/timeline?l=en&f=tweets&q=%22Colorful%205%20Eyeshadow%20Palette%22&src=typed&max_position=TWEET-629789162883940352-983271183583010816>
None
2018-04-14 15:16:31 [scrapy] DEBUG: Scraped from <200 https://twitter.com/i/search/timeline?l=en&f=tweets&q=%22Colorful%205%20Eyeshadow%20Palette%22&src=typed&max_position=TWEET-629789162883940352-983271183583010816>
None
2018-04-14 15:16:31 [scrapy] DEBUG: Scraped from <200 https://twitter.com/i/search/timeline?l=en&f=tweets&q=%22Colorful%205%20Eyeshadow%20Palette%22&src=typed&max_position=TWEET-629789162883940352-983271183583010816>
None
2018-04-14 15:16:31 [scrapy] DEBUG: Scraped from <200 https://twitter.com/i/search/timeline?l=en&f=tweets&q=%22Colorful%205%20Eyeshadow%20Palette%22&src=typed&max_position=TWEET-629789162883940352-983271183583010816>
None
2018-04-14 15:16:31 [scrapy] DEBUG: Scraped from <200 https://twitter.com/i/search/timeline?l=en&f=tweets&q=%22Colorful%205%20Eyeshadow%20Palette%22&src=typed&max_position=TWEET-629789162883940352-983271183583010816>
None
2018-04-14 15:16:31 [scrapy] DEBUG: Scraped from <200 https://twitter.com/i/search/timeline?l=en&f=tweets&q=%22Colorful%205%20Eyeshadow%20Palette%22&src=typed&max_position=TWEET-629789162883940352-983271183583010816>
None
2018-04-14 15:16:31 [scrapy] DEBUG: Scraped from <200 https://twitter.com/i/search/timeline?l=en&f=tweets&q=%22Colorful%205%20Eyeshadow%20Palette%22&src=typed&max_position=TWEET-629789162883940352-983271183583010816>
None
2018-04-14 15:16:31 [scrapy] DEBUG: Scraped from <200 https://twitter.com/i/search/timeline?l=en&f=tweets&q=%22Colorful%205%20Eyeshadow%20Palette%22&src=typed&max_position=TWEET-629789162883940352-983271183583010816>
None
2018-04-14 15:16:31 [scrapy] DEBUG: Scraped from <200 https://twitter.com/i/search/timeline?l=en&f=tweets&q=%22Colorful%205%20Eyeshadow%20Palette%22&src=typed&max_position=TWEET-629789162883940352-983271183583010816>
None
2018-04-14 15:16:31 [scrapy] DEBUG: Scraped from <200 https://twitter.com/i/search/timeline?l=en&f=tweets&q=%22Colorful%205%20Eyeshadow%20Palette%22&src=typed&max_position=TWEET-629789162883940352-983271183583010816>
None
2018-04-14 15:16:31 [scrapy] DEBUG: Crawled (200) <GET https://twitter.com/i/search/timeline?l=en&f=tweets&q=%22Colorful%205%20Eyeshadow%20Palette%22&src=typed&max_position=TWEET-626391782780223488-983271183583010816> (referer: https://twitter.com/i/search/timeline?l=en&f=tweets&q=%22Colorful%205%20Eyeshadow%20Palette%22&src=typed&max_position=TWEET-629789162883940352-983271183583010816)
2018-04-14 15:16:32 [scrapy] DEBUG: Scraped from <200 https://twitter.com/i/search/timeline?l=en&f=tweets&q=%22Colorful%205%20Eyeshadow%20Palette%22&src=typed&max_position=TWEET-626391782780223488-983271183583010816>
None
2018-04-14 15:16:32 [scrapy] DEBUG: Scraped from <200 https://twitter.com/i/search/timeline?l=en&f=tweets&q=%22Colorful%205%20Eyeshadow%20Palette%22&src=typed&max_position=TWEET-626391782780223488-983271183583010816>
None
2018-04-14 15:16:32 [scrapy] DEBUG: Scraped from <200 https://twitter.com/i/search/timeline?l=en&f=tweets&q=%22Colorful%205%20Eyeshadow%20Palette%22&src=typed&max_position=TWEET-626391782780223488-983271183583010816>
None
2018-04-14 15:16:32 [scrapy] DEBUG: Scraped from <200 https://twitter.com/i/search/timeline?l=en&f=tweets&q=%22Colorful%205%20Eyeshadow%20Palette%22&src=typed&max_position=TWEET-626391782780223488-983271183583010816>
None
2018-04-14 15:16:32 [scrapy] DEBUG: Scraped from <200 https://twitter.com/i/search/timeline?l=en&f=tweets&q=%22Colorful%205%20Eyeshadow%20Palette%22&src=typed&max_position=TWEET-626391782780223488-983271183583010816>
None
2018-04-14 15:16:32 [scrapy] DEBUG: Scraped from <200 https://twitter.com/i/search/timeline?l=en&f=tweets&q=%22Colorful%205%20Eyeshadow%20Palette%22&src=typed&max_position=TWEET-626391782780223488-983271183583010816>
None
2018-04-14 15:16:32 [scrapy] DEBUG: Scraped from <200 https://twitter.com/i/search/timeline?l=en&f=tweets&q=%22Colorful%205%20Eyeshadow%20Palette%22&src=typed&max_position=TWEET-626391782780223488-983271183583010816>
None
2018-04-14 15:16:32 [scrapy] DEBUG: Scraped from <200 https://twitter.com/i/search/timeline?l=en&f=tweets&q=%22Colorful%205%20Eyeshadow%20Palette%22&src=typed&max_position=TWEET-626391782780223488-983271183583010816>
None
2018-04-14 15:16:32 [scrapy] DEBUG: Scraped from <200 https://twitter.com/i/search/timeline?l=en&f=tweets&q=%22Colorful%205%20Eyeshadow%20Palette%22&src=typed&max_position=TWEET-626391782780223488-983271183583010816>
None
2018-04-14 15:16:32 [scrapy] DEBUG: Scraped from <200 https://twitter.com/i/search/timeline?l=en&f=tweets&q=%22Colorful%205%20Eyeshadow%20Palette%22&src=typed&max_position=TWEET-626391782780223488-983271183583010816>
None
2018-04-14 15:16:32 [scrapy] DEBUG: Scraped from <200 https://twitter.com/i/search/timeline?l=en&f=tweets&q=%22Colorful%205%20Eyeshadow%20Palette%22&src=typed&max_position=TWEET-626391782780223488-983271183583010816>
None
2018-04-14 15:16:32 [scrapy] DEBUG: Scraped from <200 https://twitter.com/i/search/timeline?l=en&f=tweets&q=%22Colorful%205%20Eyeshadow%20Palette%22&src=typed&max_position=TWEET-626391782780223488-983271183583010816>
None
2018-04-14 15:16:32 [scrapy] DEBUG: Scraped from <200 https://twitter.com/i/search/timeline?l=en&f=tweets&q=%22Colorful%205%20Eyeshadow%20Palette%22&src=typed&max_position=TWEET-626391782780223488-983271183583010816>
None
2018-04-14 15:16:32 [scrapy] DEBUG: Scraped from <200 https://twitter.com/i/search/timeline?l=en&f=tweets&q=%22Colorful%205%20Eyeshadow%20Palette%22&src=typed&max_position=TWEET-626391782780223488-983271183583010816>
None
2018-04-14 15:16:32 [scrapy] DEBUG: Scraped from <200 https://twitter.com/i/search/timeline?l=en&f=tweets&q=%22Colorful%205%20Eyeshadow%20Palette%22&src=typed&max_position=TWEET-626391782780223488-983271183583010816>
None
2018-04-14 15:16:32 [scrapy] DEBUG: Scraped from <200 https://twitter.com/i/search/timeline?l=en&f=tweets&q=%22Colorful%205%20Eyeshadow%20Palette%22&src=typed&max_position=TWEET-626391782780223488-983271183583010816>
None
2018-04-14 15:16:32 [scrapy] DEBUG: Scraped from <200 https://twitter.com/i/search/timeline?l=en&f=tweets&q=%22Colorful%205%20Eyeshadow%20Palette%22&src=typed&max_position=TWEET-626391782780223488-983271183583010816>
None
2018-04-14 15:16:32 [scrapy] DEBUG: Scraped from <200 https://twitter.com/i/search/timeline?l=en&f=tweets&q=%22Colorful%205%20Eyeshadow%20Palette%22&src=typed&max_position=TWEET-626391782780223488-983271183583010816>
None
2018-04-14 15:16:33 [scrapy] DEBUG: Scraped from <200 https://twitter.com/i/search/timeline?l=en&f=tweets&q=%22Colorful%205%20Eyeshadow%20Palette%22&src=typed&max_position=TWEET-626391782780223488-983271183583010816>
None
2018-04-14 15:16:33 [scrapy] DEBUG: Scraped from <200 https://twitter.com/i/search/timeline?l=en&f=tweets&q=%22Colorful%205%20Eyeshadow%20Palette%22&src=typed&max_position=TWEET-626391782780223488-983271183583010816>
None
2018-04-14 15:16:33 [scrapy] DEBUG: Crawled (200) <GET https://twitter.com/i/search/timeline?l=en&f=tweets&q=%22Colorful%205%20Eyeshadow%20Palette%22&src=typed&max_position=TWEET-624957328446631936-983271183583010816> (referer: https://twitter.com/i/search/timeline?l=en&f=tweets&q=%22Colorful%205%20Eyeshadow%20Palette%22&src=typed&max_position=TWEET-626391782780223488-983271183583010816)
2018-04-14 15:16:33 [scrapy] DEBUG: Scraped from <200 https://twitter.com/i/search/timeline?l=en&f=tweets&q=%22Colorful%205%20Eyeshadow%20Palette%22&src=typed&max_position=TWEET-624957328446631936-983271183583010816>
None
2018-04-14 15:16:33 [scrapy] DEBUG: Scraped from <200 https://twitter.com/i/search/timeline?l=en&f=tweets&q=%22Colorful%205%20Eyeshadow%20Palette%22&src=typed&max_position=TWEET-624957328446631936-983271183583010816>
None
2018-04-14 15:16:34 [scrapy] DEBUG: Scraped from <200 https://twitter.com/i/search/timeline?l=en&f=tweets&q=%22Colorful%205%20Eyeshadow%20Palette%22&src=typed&max_position=TWEET-624957328446631936-983271183583010816>
None
2018-04-14 15:16:34 [scrapy] DEBUG: Scraped from <200 https://twitter.com/i/search/timeline?l=en&f=tweets&q=%22Colorful%205%20Eyeshadow%20Palette%22&src=typed&max_position=TWEET-624957328446631936-983271183583010816>
None
2018-04-14 15:16:34 [scrapy] DEBUG: Scraped from <200 https://twitter.com/i/search/timeline?l=en&f=tweets&q=%22Colorful%205%20Eyeshadow%20Palette%22&src=typed&max_position=TWEET-624957328446631936-983271183583010816>
None
2018-04-14 15:16:34 [scrapy] DEBUG: Scraped from <200 https://twitter.com/i/search/timeline?l=en&f=tweets&q=%22Colorful%205%20Eyeshadow%20Palette%22&src=typed&max_position=TWEET-624957328446631936-983271183583010816>
None
2018-04-14 15:16:34 [scrapy] DEBUG: Scraped from <200 https://twitter.com/i/search/timeline?l=en&f=tweets&q=%22Colorful%205%20Eyeshadow%20Palette%22&src=typed&max_position=TWEET-624957328446631936-983271183583010816>
None
2018-04-14 15:16:34 [scrapy] DEBUG: Scraped from <200 https://twitter.com/i/search/timeline?l=en&f=tweets&q=%22Colorful%205%20Eyeshadow%20Palette%22&src=typed&max_position=TWEET-624957328446631936-983271183583010816>
None
2018-04-14 15:16:34 [scrapy] DEBUG: Scraped from <200 https://twitter.com/i/search/timeline?l=en&f=tweets&q=%22Colorful%205%20Eyeshadow%20Palette%22&src=typed&max_position=TWEET-624957328446631936-983271183583010816>
None
2018-04-14 15:16:34 [scrapy] DEBUG: Scraped from <200 https://twitter.com/i/search/timeline?l=en&f=tweets&q=%22Colorful%205%20Eyeshadow%20Palette%22&src=typed&max_position=TWEET-624957328446631936-983271183583010816>
None
2018-04-14 15:16:34 [scrapy] DEBUG: Scraped from <200 https://twitter.com/i/search/timeline?l=en&f=tweets&q=%22Colorful%205%20Eyeshadow%20Palette%22&src=typed&max_position=TWEET-624957328446631936-983271183583010816>
None
2018-04-14 15:16:34 [scrapy] DEBUG: Scraped from <200 https://twitter.com/i/search/timeline?l=en&f=tweets&q=%22Colorful%205%20Eyeshadow%20Palette%22&src=typed&max_position=TWEET-624957328446631936-983271183583010816>
None
2018-04-14 15:16:34 [scrapy] DEBUG: Scraped from <200 https://twitter.com/i/search/timeline?l=en&f=tweets&q=%22Colorful%205%20Eyeshadow%20Palette%22&src=typed&max_position=TWEET-624957328446631936-983271183583010816>
None
2018-04-14 15:16:34 [scrapy] DEBUG: Scraped from <200 https://twitter.com/i/search/timeline?l=en&f=tweets&q=%22Colorful%205%20Eyeshadow%20Palette%22&src=typed&max_position=TWEET-624957328446631936-983271183583010816>
None
2018-04-14 15:16:34 [scrapy] DEBUG: Scraped from <200 https://twitter.com/i/search/timeline?l=en&f=tweets&q=%22Colorful%205%20Eyeshadow%20Palette%22&src=typed&max_position=TWEET-624957328446631936-983271183583010816>
None
2018-04-14 15:16:34 [scrapy] DEBUG: Scraped from <200 https://twitter.com/i/search/timeline?l=en&f=tweets&q=%22Colorful%205%20Eyeshadow%20Palette%22&src=typed&max_position=TWEET-624957328446631936-983271183583010816>
None
2018-04-14 15:16:34 [scrapy] DEBUG: Scraped from <200 https://twitter.com/i/search/timeline?l=en&f=tweets&q=%22Colorful%205%20Eyeshadow%20Palette%22&src=typed&max_position=TWEET-624957328446631936-983271183583010816>
None
2018-04-14 15:16:34 [scrapy] DEBUG: Scraped from <200 https://twitter.com/i/search/timeline?l=en&f=tweets&q=%22Colorful%205%20Eyeshadow%20Palette%22&src=typed&max_position=TWEET-624957328446631936-983271183583010816>
None
2018-04-14 15:16:34 [scrapy] DEBUG: Scraped from <200 https://twitter.com/i/search/timeline?l=en&f=tweets&q=%22Colorful%205%20Eyeshadow%20Palette%22&src=typed&max_position=TWEET-624957328446631936-983271183583010816>
None
2018-04-14 15:16:34 [scrapy] DEBUG: Scraped from <200 https://twitter.com/i/search/timeline?l=en&f=tweets&q=%22Colorful%205%20Eyeshadow%20Palette%22&src=typed&max_position=TWEET-624957328446631936-983271183583010816>
None
2018-04-14 15:16:35 [scrapy] DEBUG: Crawled (200) <GET https://twitter.com/i/search/timeline?l=en&f=tweets&q=%22Colorful%205%20Eyeshadow%20Palette%22&src=typed&max_position=TWEET-589281347736178688-983271183583010816> (referer: https://twitter.com/i/search/timeline?l=en&f=tweets&q=%22Colorful%205%20Eyeshadow%20Palette%22&src=typed&max_position=TWEET-624957328446631936-983271183583010816)
2018-04-14 15:16:35 [scrapy] DEBUG: Scraped from <200 https://twitter.com/i/search/timeline?l=en&f=tweets&q=%22Colorful%205%20Eyeshadow%20Palette%22&src=typed&max_position=TWEET-589281347736178688-983271183583010816>
None
2018-04-14 15:16:35 [scrapy] DEBUG: Scraped from <200 https://twitter.com/i/search/timeline?l=en&f=tweets&q=%22Colorful%205%20Eyeshadow%20Palette%22&src=typed&max_position=TWEET-589281347736178688-983271183583010816>
None
2018-04-14 15:16:35 [scrapy] DEBUG: Scraped from <200 https://twitter.com/i/search/timeline?l=en&f=tweets&q=%22Colorful%205%20Eyeshadow%20Palette%22&src=typed&max_position=TWEET-589281347736178688-983271183583010816>
None
2018-04-14 15:16:35 [scrapy] DEBUG: Scraped from <200 https://twitter.com/i/search/timeline?l=en&f=tweets&q=%22Colorful%205%20Eyeshadow%20Palette%22&src=typed&max_position=TWEET-589281347736178688-983271183583010816>
None
2018-04-14 15:16:35 [scrapy] DEBUG: Scraped from <200 https://twitter.com/i/search/timeline?l=en&f=tweets&q=%22Colorful%205%20Eyeshadow%20Palette%22&src=typed&max_position=TWEET-589281347736178688-983271183583010816>
None
2018-04-14 15:16:35 [scrapy] DEBUG: Scraped from <200 https://twitter.com/i/search/timeline?l=en&f=tweets&q=%22Colorful%205%20Eyeshadow%20Palette%22&src=typed&max_position=TWEET-589281347736178688-983271183583010816>
None
2018-04-14 15:16:35 [scrapy] DEBUG: Scraped from <200 https://twitter.com/i/search/timeline?l=en&f=tweets&q=%22Colorful%205%20Eyeshadow%20Palette%22&src=typed&max_position=TWEET-589281347736178688-983271183583010816>
None
2018-04-14 15:16:35 [scrapy] DEBUG: Scraped from <200 https://twitter.com/i/search/timeline?l=en&f=tweets&q=%22Colorful%205%20Eyeshadow%20Palette%22&src=typed&max_position=TWEET-589281347736178688-983271183583010816>
None
2018-04-14 15:16:35 [scrapy] DEBUG: Scraped from <200 https://twitter.com/i/search/timeline?l=en&f=tweets&q=%22Colorful%205%20Eyeshadow%20Palette%22&src=typed&max_position=TWEET-589281347736178688-983271183583010816>
None
2018-04-14 15:16:35 [scrapy] DEBUG: Scraped from <200 https://twitter.com/i/search/timeline?l=en&f=tweets&q=%22Colorful%205%20Eyeshadow%20Palette%22&src=typed&max_position=TWEET-589281347736178688-983271183583010816>
None
2018-04-14 15:16:36 [scrapy] DEBUG: Scraped from <200 https://twitter.com/i/search/timeline?l=en&f=tweets&q=%22Colorful%205%20Eyeshadow%20Palette%22&src=typed&max_position=TWEET-589281347736178688-983271183583010816>
None
2018-04-14 15:16:36 [scrapy] DEBUG: Scraped from <200 https://twitter.com/i/search/timeline?l=en&f=tweets&q=%22Colorful%205%20Eyeshadow%20Palette%22&src=typed&max_position=TWEET-589281347736178688-983271183583010816>
None
2018-04-14 15:16:36 [scrapy] DEBUG: Scraped from <200 https://twitter.com/i/search/timeline?l=en&f=tweets&q=%22Colorful%205%20Eyeshadow%20Palette%22&src=typed&max_position=TWEET-589281347736178688-983271183583010816>
None
2018-04-14 15:16:36 [scrapy] DEBUG: Scraped from <200 https://twitter.com/i/search/timeline?l=en&f=tweets&q=%22Colorful%205%20Eyeshadow%20Palette%22&src=typed&max_position=TWEET-589281347736178688-983271183583010816>
None
2018-04-14 15:16:36 [scrapy] DEBUG: Scraped from <200 https://twitter.com/i/search/timeline?l=en&f=tweets&q=%22Colorful%205%20Eyeshadow%20Palette%22&src=typed&max_position=TWEET-589281347736178688-983271183583010816>
None
2018-04-14 15:16:36 [scrapy] DEBUG: Scraped from <200 https://twitter.com/i/search/timeline?l=en&f=tweets&q=%22Colorful%205%20Eyeshadow%20Palette%22&src=typed&max_position=TWEET-589281347736178688-983271183583010816>
None
2018-04-14 15:16:36 [scrapy] DEBUG: Scraped from <200 https://twitter.com/i/search/timeline?l=en&f=tweets&q=%22Colorful%205%20Eyeshadow%20Palette%22&src=typed&max_position=TWEET-589281347736178688-983271183583010816>
None
2018-04-14 15:16:36 [scrapy] DEBUG: Scraped from <200 https://twitter.com/i/search/timeline?l=en&f=tweets&q=%22Colorful%205%20Eyeshadow%20Palette%22&src=typed&max_position=TWEET-589281347736178688-983271183583010816>
None
2018-04-14 15:16:36 [scrapy] DEBUG: Scraped from <200 https://twitter.com/i/search/timeline?l=en&f=tweets&q=%22Colorful%205%20Eyeshadow%20Palette%22&src=typed&max_position=TWEET-589281347736178688-983271183583010816>
None
2018-04-14 15:16:36 [scrapy] DEBUG: Scraped from <200 https://twitter.com/i/search/timeline?l=en&f=tweets&q=%22Colorful%205%20Eyeshadow%20Palette%22&src=typed&max_position=TWEET-589281347736178688-983271183583010816>
None
2018-04-14 15:16:37 [scrapy] DEBUG: Crawled (200) <GET https://twitter.com/i/search/timeline?l=en&f=tweets&q=%22Colorful%205%20Eyeshadow%20Palette%22&src=typed&max_position=TWEET-511476247768338434-983271183583010816> (referer: https://twitter.com/i/search/timeline?l=en&f=tweets&q=%22Colorful%205%20Eyeshadow%20Palette%22&src=typed&max_position=TWEET-589281347736178688-983271183583010816)
2018-04-14 15:16:37 [scrapy] DEBUG: Scraped from <200 https://twitter.com/i/search/timeline?l=en&f=tweets&q=%22Colorful%205%20Eyeshadow%20Palette%22&src=typed&max_position=TWEET-511476247768338434-983271183583010816>
None
2018-04-14 15:16:37 [scrapy] DEBUG: Scraped from <200 https://twitter.com/i/search/timeline?l=en&f=tweets&q=%22Colorful%205%20Eyeshadow%20Palette%22&src=typed&max_position=TWEET-511476247768338434-983271183583010816>
None
2018-04-14 15:16:37 [scrapy] DEBUG: Scraped from <200 https://twitter.com/i/search/timeline?l=en&f=tweets&q=%22Colorful%205%20Eyeshadow%20Palette%22&src=typed&max_position=TWEET-511476247768338434-983271183583010816>
None
2018-04-14 15:16:37 [scrapy] DEBUG: Scraped from <200 https://twitter.com/i/search/timeline?l=en&f=tweets&q=%22Colorful%205%20Eyeshadow%20Palette%22&src=typed&max_position=TWEET-511476247768338434-983271183583010816>
None
2018-04-14 15:16:37 [scrapy] DEBUG: Scraped from <200 https://twitter.com/i/search/timeline?l=en&f=tweets&q=%22Colorful%205%20Eyeshadow%20Palette%22&src=typed&max_position=TWEET-511476247768338434-983271183583010816>
None
2018-04-14 15:16:37 [scrapy] DEBUG: Scraped from <200 https://twitter.com/i/search/timeline?l=en&f=tweets&q=%22Colorful%205%20Eyeshadow%20Palette%22&src=typed&max_position=TWEET-511476247768338434-983271183583010816>
None
2018-04-14 15:16:37 [scrapy] DEBUG: Scraped from <200 https://twitter.com/i/search/timeline?l=en&f=tweets&q=%22Colorful%205%20Eyeshadow%20Palette%22&src=typed&max_position=TWEET-511476247768338434-983271183583010816>
None
2018-04-14 15:16:37 [scrapy] DEBUG: Scraped from <200 https://twitter.com/i/search/timeline?l=en&f=tweets&q=%22Colorful%205%20Eyeshadow%20Palette%22&src=typed&max_position=TWEET-511476247768338434-983271183583010816>
None
2018-04-14 15:16:37 [scrapy] DEBUG: Scraped from <200 https://twitter.com/i/search/timeline?l=en&f=tweets&q=%22Colorful%205%20Eyeshadow%20Palette%22&src=typed&max_position=TWEET-511476247768338434-983271183583010816>
None
2018-04-14 15:16:37 [scrapy] DEBUG: Scraped from <200 https://twitter.com/i/search/timeline?l=en&f=tweets&q=%22Colorful%205%20Eyeshadow%20Palette%22&src=typed&max_position=TWEET-511476247768338434-983271183583010816>
None
2018-04-14 15:16:37 [scrapy] DEBUG: Scraped from <200 https://twitter.com/i/search/timeline?l=en&f=tweets&q=%22Colorful%205%20Eyeshadow%20Palette%22&src=typed&max_position=TWEET-511476247768338434-983271183583010816>
None
2018-04-14 15:16:37 [scrapy] DEBUG: Scraped from <200 https://twitter.com/i/search/timeline?l=en&f=tweets&q=%22Colorful%205%20Eyeshadow%20Palette%22&src=typed&max_position=TWEET-511476247768338434-983271183583010816>
None
2018-04-14 15:16:37 [scrapy] DEBUG: Scraped from <200 https://twitter.com/i/search/timeline?l=en&f=tweets&q=%22Colorful%205%20Eyeshadow%20Palette%22&src=typed&max_position=TWEET-511476247768338434-983271183583010816>
None
2018-04-14 15:16:37 [scrapy] DEBUG: Scraped from <200 https://twitter.com/i/search/timeline?l=en&f=tweets&q=%22Colorful%205%20Eyeshadow%20Palette%22&src=typed&max_position=TWEET-511476247768338434-983271183583010816>
None
2018-04-14 15:16:37 [scrapy] DEBUG: Scraped from <200 https://twitter.com/i/search/timeline?l=en&f=tweets&q=%22Colorful%205%20Eyeshadow%20Palette%22&src=typed&max_position=TWEET-511476247768338434-983271183583010816>
None
2018-04-14 15:16:38 [scrapy] DEBUG: Scraped from <200 https://twitter.com/i/search/timeline?l=en&f=tweets&q=%22Colorful%205%20Eyeshadow%20Palette%22&src=typed&max_position=TWEET-511476247768338434-983271183583010816>
None
2018-04-14 15:16:38 [scrapy] DEBUG: Scraped from <200 https://twitter.com/i/search/timeline?l=en&f=tweets&q=%22Colorful%205%20Eyeshadow%20Palette%22&src=typed&max_position=TWEET-511476247768338434-983271183583010816>
None
2018-04-14 15:16:38 [scrapy] DEBUG: Scraped from <200 https://twitter.com/i/search/timeline?l=en&f=tweets&q=%22Colorful%205%20Eyeshadow%20Palette%22&src=typed&max_position=TWEET-511476247768338434-983271183583010816>
None
2018-04-14 15:16:38 [scrapy] DEBUG: Scraped from <200 https://twitter.com/i/search/timeline?l=en&f=tweets&q=%22Colorful%205%20Eyeshadow%20Palette%22&src=typed&max_position=TWEET-511476247768338434-983271183583010816>
None
2018-04-14 15:16:38 [scrapy] DEBUG: Scraped from <200 https://twitter.com/i/search/timeline?l=en&f=tweets&q=%22Colorful%205%20Eyeshadow%20Palette%22&src=typed&max_position=TWEET-511476247768338434-983271183583010816>
None
2018-04-14 15:16:38 [scrapy] DEBUG: Crawled (200) <GET https://twitter.com/i/search/timeline?l=en&f=tweets&q=%22Colorful%205%20Eyeshadow%20Palette%22&src=typed&max_position=TWEET-482176741335527424-983271183583010816> (referer: https://twitter.com/i/search/timeline?l=en&f=tweets&q=%22Colorful%205%20Eyeshadow%20Palette%22&src=typed&max_position=TWEET-511476247768338434-983271183583010816)
2018-04-14 15:16:39 [scrapy] DEBUG: Scraped from <200 https://twitter.com/i/search/timeline?l=en&f=tweets&q=%22Colorful%205%20Eyeshadow%20Palette%22&src=typed&max_position=TWEET-482176741335527424-983271183583010816>
None
2018-04-14 15:16:39 [scrapy] DEBUG: Crawled (200) <GET https://twitter.com/i/search/timeline?l=en&f=tweets&q=%22Colorful%205%20Eyeshadow%20Palette%22&src=typed&max_position=TWEET-481671742075572225-983271183583010816> (referer: https://twitter.com/i/search/timeline?l=en&f=tweets&q=%22Colorful%205%20Eyeshadow%20Palette%22&src=typed&max_position=TWEET-482176741335527424-983271183583010816)
2018-04-14 15:16:39 [scrapy] DEBUG: Filtered duplicate request: <GET https://twitter.com/i/search/timeline?l=en&f=tweets&q=%22Colorful%205%20Eyeshadow%20Palette%22&src=typed&max_position=TWEET-481671742075572225-983271183583010816> - no more duplicates will be shown (see DUPEFILTER_DEBUG to show all duplicates)
2018-04-14 15:16:39 [scrapy] INFO: Closing spider (finished)
2018-04-14 15:16:39 [scrapy] INFO: Dumping Scrapy stats:
{'downloader/request_bytes': 15155,
 'downloader/request_count': 17,
 'downloader/request_method_count/GET': 17,
 'downloader/response_bytes': 147374,
 'downloader/response_count': 17,
 'downloader/response_status_count/200': 17,
 'dupefilter/filtered': 1,
 'finish_reason': 'finished',
 'finish_time': datetime.datetime(2018, 4, 14, 20, 16, 39, 292136),
 'item_scraped_count': 243,
 'log_count/DEBUG': 506,
 'log_count/ERROR': 243,
 'log_count/INFO': 6,
 'memusage/max': 65413120,
 'memusage/startup': 65413120,
 'request_depth_max': 17,
 'response_received_count': 17,
 'scheduler/dequeued': 17,
 'scheduler/dequeued/memory': 17,
 'scheduler/enqueued': 17,
 'scheduler/enqueued/memory': 17,
 'start_time': datetime.datetime(2018, 4, 14, 20, 16, 15, 16872)}
2018-04-14 15:16:39 [scrapy] INFO: Spider closed (finished)
