2018-04-14 12:26:00 [scrapy] DEBUG: Crawled (200) <GET https://twitter.com/i/search/timeline?l=&f=tweets&q=Eye%20Pigment&src=typed&max_position=> (referer: None)
2018-04-14 12:26:00 [scrapy] DEBUG: Scraped from <200 https://twitter.com/i/search/timeline?l=&f=tweets&q=Eye%20Pigment&src=typed&max_position=>
None
2018-04-14 12:26:00 [scrapy] DEBUG: Scraped from <200 https://twitter.com/i/search/timeline?l=&f=tweets&q=Eye%20Pigment&src=typed&max_position=>
None
2018-04-14 12:26:00 [scrapy] DEBUG: Scraped from <200 https://twitter.com/i/search/timeline?l=&f=tweets&q=Eye%20Pigment&src=typed&max_position=>
None
2018-04-14 12:26:00 [scrapy] DEBUG: Scraped from <200 https://twitter.com/i/search/timeline?l=&f=tweets&q=Eye%20Pigment&src=typed&max_position=>
None
2018-04-14 12:26:00 [scrapy] DEBUG: Scraped from <200 https://twitter.com/i/search/timeline?l=&f=tweets&q=Eye%20Pigment&src=typed&max_position=>
None
2018-04-14 12:26:00 [scrapy] DEBUG: Scraped from <200 https://twitter.com/i/search/timeline?l=&f=tweets&q=Eye%20Pigment&src=typed&max_position=>
None
2018-04-14 12:26:00 [scrapy] DEBUG: Scraped from <200 https://twitter.com/i/search/timeline?l=&f=tweets&q=Eye%20Pigment&src=typed&max_position=>
None
2018-04-14 12:26:00 [scrapy] DEBUG: Scraped from <200 https://twitter.com/i/search/timeline?l=&f=tweets&q=Eye%20Pigment&src=typed&max_position=>
None
2018-04-14 12:26:01 [scrapy] DEBUG: Scraped from <200 https://twitter.com/i/search/timeline?l=&f=tweets&q=Eye%20Pigment&src=typed&max_position=>
None
2018-04-14 12:26:01 [scrapy] DEBUG: Scraped from <200 https://twitter.com/i/search/timeline?l=&f=tweets&q=Eye%20Pigment&src=typed&max_position=>
None
2018-04-14 12:26:01 [scrapy] DEBUG: Scraped from <200 https://twitter.com/i/search/timeline?l=&f=tweets&q=Eye%20Pigment&src=typed&max_position=>
None
2018-04-14 12:26:01 [scrapy] DEBUG: Scraped from <200 https://twitter.com/i/search/timeline?l=&f=tweets&q=Eye%20Pigment&src=typed&max_position=>
None
2018-04-14 12:26:01 [scrapy] DEBUG: Scraped from <200 https://twitter.com/i/search/timeline?l=&f=tweets&q=Eye%20Pigment&src=typed&max_position=>
None
2018-04-14 12:26:01 [scrapy] DEBUG: Crawled (200) <GET https://twitter.com/i/search/timeline?l=&f=tweets&q=Eye%20Pigment&src=typed&max_position=TWEET-984753389031624704-985113472458424326> (referer: https://twitter.com/i/search/timeline?l=&f=tweets&q=Eye%20Pigment&src=typed&max_position=)
2018-04-14 12:26:01 [scrapy] DEBUG: Scraped from <200 https://twitter.com/i/search/timeline?l=&f=tweets&q=Eye%20Pigment&src=typed&max_position=TWEET-984753389031624704-985113472458424326>
None
2018-04-14 12:26:01 [scrapy] DEBUG: Scraped from <200 https://twitter.com/i/search/timeline?l=&f=tweets&q=Eye%20Pigment&src=typed&max_position=TWEET-984753389031624704-985113472458424326>
None
2018-04-14 12:26:01 [scrapy] DEBUG: Scraped from <200 https://twitter.com/i/search/timeline?l=&f=tweets&q=Eye%20Pigment&src=typed&max_position=TWEET-984753389031624704-985113472458424326>
None
2018-04-14 12:26:01 [scrapy] DEBUG: Scraped from <200 https://twitter.com/i/search/timeline?l=&f=tweets&q=Eye%20Pigment&src=typed&max_position=TWEET-984753389031624704-985113472458424326>
None
2018-04-14 12:26:01 [scrapy] DEBUG: Scraped from <200 https://twitter.com/i/search/timeline?l=&f=tweets&q=Eye%20Pigment&src=typed&max_position=TWEET-984753389031624704-985113472458424326>
None
2018-04-14 12:26:01 [scrapy] DEBUG: Scraped from <200 https://twitter.com/i/search/timeline?l=&f=tweets&q=Eye%20Pigment&src=typed&max_position=TWEET-984753389031624704-985113472458424326>
None
2018-04-14 12:26:02 [scrapy] DEBUG: Scraped from <200 https://twitter.com/i/search/timeline?l=&f=tweets&q=Eye%20Pigment&src=typed&max_position=TWEET-984753389031624704-985113472458424326>
None
2018-04-14 12:26:02 [scrapy] DEBUG: Scraped from <200 https://twitter.com/i/search/timeline?l=&f=tweets&q=Eye%20Pigment&src=typed&max_position=TWEET-984753389031624704-985113472458424326>
None
2018-04-14 12:26:02 [scrapy] DEBUG: Scraped from <200 https://twitter.com/i/search/timeline?l=&f=tweets&q=Eye%20Pigment&src=typed&max_position=TWEET-984753389031624704-985113472458424326>
None
2018-04-14 12:26:02 [scrapy] DEBUG: Scraped from <200 https://twitter.com/i/search/timeline?l=&f=tweets&q=Eye%20Pigment&src=typed&max_position=TWEET-984753389031624704-985113472458424326>
None
2018-04-14 12:26:02 [scrapy] DEBUG: Scraped from <200 https://twitter.com/i/search/timeline?l=&f=tweets&q=Eye%20Pigment&src=typed&max_position=TWEET-984753389031624704-985113472458424326>
None
2018-04-14 12:26:02 [scrapy] DEBUG: Scraped from <200 https://twitter.com/i/search/timeline?l=&f=tweets&q=Eye%20Pigment&src=typed&max_position=TWEET-984753389031624704-985113472458424326>
None
2018-04-14 12:26:02 [scrapy] DEBUG: Scraped from <200 https://twitter.com/i/search/timeline?l=&f=tweets&q=Eye%20Pigment&src=typed&max_position=TWEET-984753389031624704-985113472458424326>
None
2018-04-14 12:26:02 [scrapy] DEBUG: Scraped from <200 https://twitter.com/i/search/timeline?l=&f=tweets&q=Eye%20Pigment&src=typed&max_position=TWEET-984753389031624704-985113472458424326>
None
2018-04-14 12:26:02 [scrapy] DEBUG: Scraped from <200 https://twitter.com/i/search/timeline?l=&f=tweets&q=Eye%20Pigment&src=typed&max_position=TWEET-984753389031624704-985113472458424326>
None
2018-04-14 12:26:02 [scrapy] DEBUG: Scraped from <200 https://twitter.com/i/search/timeline?l=&f=tweets&q=Eye%20Pigment&src=typed&max_position=TWEET-984753389031624704-985113472458424326>
None
2018-04-14 12:26:02 [scrapy] DEBUG: Scraped from <200 https://twitter.com/i/search/timeline?l=&f=tweets&q=Eye%20Pigment&src=typed&max_position=TWEET-984753389031624704-985113472458424326>
None
2018-04-14 12:26:03 [scrapy] DEBUG: Crawled (200) <GET https://twitter.com/i/search/timeline?l=&f=tweets&q=Eye%20Pigment&src=typed&max_position=TWEET-984342436393766912-985113472458424326> (referer: https://twitter.com/i/search/timeline?l=&f=tweets&q=Eye%20Pigment&src=typed&max_position=TWEET-984753389031624704-985113472458424326)
2018-04-14 12:26:03 [scrapy] DEBUG: Scraped from <200 https://twitter.com/i/search/timeline?l=&f=tweets&q=Eye%20Pigment&src=typed&max_position=TWEET-984342436393766912-985113472458424326>
None
2018-04-14 12:26:03 [scrapy] DEBUG: Scraped from <200 https://twitter.com/i/search/timeline?l=&f=tweets&q=Eye%20Pigment&src=typed&max_position=TWEET-984342436393766912-985113472458424326>
None
2018-04-14 12:26:03 [scrapy] DEBUG: Scraped from <200 https://twitter.com/i/search/timeline?l=&f=tweets&q=Eye%20Pigment&src=typed&max_position=TWEET-984342436393766912-985113472458424326>
None
2018-04-14 12:26:03 [scrapy] DEBUG: Scraped from <200 https://twitter.com/i/search/timeline?l=&f=tweets&q=Eye%20Pigment&src=typed&max_position=TWEET-984342436393766912-985113472458424326>
None
2018-04-14 12:26:03 [scrapy] DEBUG: Scraped from <200 https://twitter.com/i/search/timeline?l=&f=tweets&q=Eye%20Pigment&src=typed&max_position=TWEET-984342436393766912-985113472458424326>
None
2018-04-14 12:26:03 [scrapy] DEBUG: Scraped from <200 https://twitter.com/i/search/timeline?l=&f=tweets&q=Eye%20Pigment&src=typed&max_position=TWEET-984342436393766912-985113472458424326>
None
2018-04-14 12:26:03 [scrapy] DEBUG: Scraped from <200 https://twitter.com/i/search/timeline?l=&f=tweets&q=Eye%20Pigment&src=typed&max_position=TWEET-984342436393766912-985113472458424326>
None
2018-04-14 12:26:03 [scrapy] DEBUG: Scraped from <200 https://twitter.com/i/search/timeline?l=&f=tweets&q=Eye%20Pigment&src=typed&max_position=TWEET-984342436393766912-985113472458424326>
None
2018-04-14 12:26:03 [scrapy] DEBUG: Scraped from <200 https://twitter.com/i/search/timeline?l=&f=tweets&q=Eye%20Pigment&src=typed&max_position=TWEET-984342436393766912-985113472458424326>
None
2018-04-14 12:26:03 [scrapy] DEBUG: Scraped from <200 https://twitter.com/i/search/timeline?l=&f=tweets&q=Eye%20Pigment&src=typed&max_position=TWEET-984342436393766912-985113472458424326>
None
2018-04-14 12:26:03 [scrapy] DEBUG: Scraped from <200 https://twitter.com/i/search/timeline?l=&f=tweets&q=Eye%20Pigment&src=typed&max_position=TWEET-984342436393766912-985113472458424326>
None
2018-04-14 12:26:03 [scrapy] DEBUG: Scraped from <200 https://twitter.com/i/search/timeline?l=&f=tweets&q=Eye%20Pigment&src=typed&max_position=TWEET-984342436393766912-985113472458424326>
None
2018-04-14 12:26:03 [scrapy] DEBUG: Scraped from <200 https://twitter.com/i/search/timeline?l=&f=tweets&q=Eye%20Pigment&src=typed&max_position=TWEET-984342436393766912-985113472458424326>
None
2018-04-14 12:26:03 [scrapy] DEBUG: Scraped from <200 https://twitter.com/i/search/timeline?l=&f=tweets&q=Eye%20Pigment&src=typed&max_position=TWEET-984342436393766912-985113472458424326>
None
2018-04-14 12:26:04 [scrapy] DEBUG: Crawled (200) <GET https://twitter.com/i/search/timeline?l=&f=tweets&q=Eye%20Pigment&src=typed&max_position=TWEET-984043620448776192-985113472458424326> (referer: https://twitter.com/i/search/timeline?l=&f=tweets&q=Eye%20Pigment&src=typed&max_position=TWEET-984342436393766912-985113472458424326)
2018-04-14 12:26:04 [scrapy] DEBUG: Scraped from <200 https://twitter.com/i/search/timeline?l=&f=tweets&q=Eye%20Pigment&src=typed&max_position=TWEET-984043620448776192-985113472458424326>
None
2018-04-14 12:26:04 [scrapy] DEBUG: Scraped from <200 https://twitter.com/i/search/timeline?l=&f=tweets&q=Eye%20Pigment&src=typed&max_position=TWEET-984043620448776192-985113472458424326>
None
2018-04-14 12:26:04 [scrapy] DEBUG: Scraped from <200 https://twitter.com/i/search/timeline?l=&f=tweets&q=Eye%20Pigment&src=typed&max_position=TWEET-984043620448776192-985113472458424326>
None
2018-04-14 12:26:04 [scrapy] DEBUG: Scraped from <200 https://twitter.com/i/search/timeline?l=&f=tweets&q=Eye%20Pigment&src=typed&max_position=TWEET-984043620448776192-985113472458424326>
None
2018-04-14 12:26:04 [scrapy] DEBUG: Scraped from <200 https://twitter.com/i/search/timeline?l=&f=tweets&q=Eye%20Pigment&src=typed&max_position=TWEET-984043620448776192-985113472458424326>
None
2018-04-14 12:26:04 [scrapy] DEBUG: Scraped from <200 https://twitter.com/i/search/timeline?l=&f=tweets&q=Eye%20Pigment&src=typed&max_position=TWEET-984043620448776192-985113472458424326>
None
2018-04-14 12:26:04 [scrapy] DEBUG: Scraped from <200 https://twitter.com/i/search/timeline?l=&f=tweets&q=Eye%20Pigment&src=typed&max_position=TWEET-984043620448776192-985113472458424326>
None
2018-04-14 12:26:05 [scrapy] DEBUG: Scraped from <200 https://twitter.com/i/search/timeline?l=&f=tweets&q=Eye%20Pigment&src=typed&max_position=TWEET-984043620448776192-985113472458424326>
None
2018-04-14 12:26:05 [scrapy] DEBUG: Scraped from <200 https://twitter.com/i/search/timeline?l=&f=tweets&q=Eye%20Pigment&src=typed&max_position=TWEET-984043620448776192-985113472458424326>
None
2018-04-14 12:26:05 [scrapy] DEBUG: Scraped from <200 https://twitter.com/i/search/timeline?l=&f=tweets&q=Eye%20Pigment&src=typed&max_position=TWEET-984043620448776192-985113472458424326>
None
2018-04-14 12:26:05 [scrapy] DEBUG: Scraped from <200 https://twitter.com/i/search/timeline?l=&f=tweets&q=Eye%20Pigment&src=typed&max_position=TWEET-984043620448776192-985113472458424326>
None
2018-04-14 12:26:05 [scrapy] DEBUG: Scraped from <200 https://twitter.com/i/search/timeline?l=&f=tweets&q=Eye%20Pigment&src=typed&max_position=TWEET-984043620448776192-985113472458424326>
None
2018-04-14 12:26:05 [scrapy] DEBUG: Scraped from <200 https://twitter.com/i/search/timeline?l=&f=tweets&q=Eye%20Pigment&src=typed&max_position=TWEET-984043620448776192-985113472458424326>
None
2018-04-14 12:26:05 [scrapy] DEBUG: Scraped from <200 https://twitter.com/i/search/timeline?l=&f=tweets&q=Eye%20Pigment&src=typed&max_position=TWEET-984043620448776192-985113472458424326>
None
2018-04-14 12:26:05 [scrapy] DEBUG: Scraped from <200 https://twitter.com/i/search/timeline?l=&f=tweets&q=Eye%20Pigment&src=typed&max_position=TWEET-984043620448776192-985113472458424326>
None
2018-04-14 12:26:06 [scrapy] DEBUG: Crawled (200) <GET https://twitter.com/i/search/timeline?l=&f=tweets&q=Eye%20Pigment&src=typed&max_position=TWEET-983648533461913601-985113472458424326> (referer: https://twitter.com/i/search/timeline?l=&f=tweets&q=Eye%20Pigment&src=typed&max_position=TWEET-984043620448776192-985113472458424326)
2018-04-14 12:26:06 [scrapy] DEBUG: Scraped from <200 https://twitter.com/i/search/timeline?l=&f=tweets&q=Eye%20Pigment&src=typed&max_position=TWEET-983648533461913601-985113472458424326>
None
2018-04-14 12:26:06 [scrapy] DEBUG: Scraped from <200 https://twitter.com/i/search/timeline?l=&f=tweets&q=Eye%20Pigment&src=typed&max_position=TWEET-983648533461913601-985113472458424326>
None
2018-04-14 12:26:06 [scrapy] DEBUG: Scraped from <200 https://twitter.com/i/search/timeline?l=&f=tweets&q=Eye%20Pigment&src=typed&max_position=TWEET-983648533461913601-985113472458424326>
None
2018-04-14 12:26:06 [scrapy] DEBUG: Scraped from <200 https://twitter.com/i/search/timeline?l=&f=tweets&q=Eye%20Pigment&src=typed&max_position=TWEET-983648533461913601-985113472458424326>
None
2018-04-14 12:26:06 [scrapy] DEBUG: Scraped from <200 https://twitter.com/i/search/timeline?l=&f=tweets&q=Eye%20Pigment&src=typed&max_position=TWEET-983648533461913601-985113472458424326>
None
2018-04-14 12:26:06 [scrapy] DEBUG: Scraped from <200 https://twitter.com/i/search/timeline?l=&f=tweets&q=Eye%20Pigment&src=typed&max_position=TWEET-983648533461913601-985113472458424326>
None
2018-04-14 12:26:06 [scrapy] DEBUG: Scraped from <200 https://twitter.com/i/search/timeline?l=&f=tweets&q=Eye%20Pigment&src=typed&max_position=TWEET-983648533461913601-985113472458424326>
None
2018-04-14 12:26:06 [scrapy] DEBUG: Scraped from <200 https://twitter.com/i/search/timeline?l=&f=tweets&q=Eye%20Pigment&src=typed&max_position=TWEET-983648533461913601-985113472458424326>
None
2018-04-14 12:26:06 [scrapy] DEBUG: Scraped from <200 https://twitter.com/i/search/timeline?l=&f=tweets&q=Eye%20Pigment&src=typed&max_position=TWEET-983648533461913601-985113472458424326>
None
2018-04-14 12:26:06 [scrapy] DEBUG: Scraped from <200 https://twitter.com/i/search/timeline?l=&f=tweets&q=Eye%20Pigment&src=typed&max_position=TWEET-983648533461913601-985113472458424326>
None
2018-04-14 12:26:06 [scrapy] DEBUG: Scraped from <200 https://twitter.com/i/search/timeline?l=&f=tweets&q=Eye%20Pigment&src=typed&max_position=TWEET-983648533461913601-985113472458424326>
None
2018-04-14 12:26:06 [scrapy] DEBUG: Scraped from <200 https://twitter.com/i/search/timeline?l=&f=tweets&q=Eye%20Pigment&src=typed&max_position=TWEET-983648533461913601-985113472458424326>
None
2018-04-14 12:26:06 [scrapy] DEBUG: Scraped from <200 https://twitter.com/i/search/timeline?l=&f=tweets&q=Eye%20Pigment&src=typed&max_position=TWEET-983648533461913601-985113472458424326>
None
2018-04-14 12:26:06 [scrapy] DEBUG: Scraped from <200 https://twitter.com/i/search/timeline?l=&f=tweets&q=Eye%20Pigment&src=typed&max_position=TWEET-983648533461913601-985113472458424326>
None
2018-04-14 12:26:06 [scrapy] DEBUG: Scraped from <200 https://twitter.com/i/search/timeline?l=&f=tweets&q=Eye%20Pigment&src=typed&max_position=TWEET-983648533461913601-985113472458424326>
None
2018-04-14 12:26:07 [scrapy] DEBUG: Crawled (200) <GET https://twitter.com/i/search/timeline?l=&f=tweets&q=Eye%20Pigment&src=typed&max_position=TWEET-983138566929879040-985113472458424326> (referer: https://twitter.com/i/search/timeline?l=&f=tweets&q=Eye%20Pigment&src=typed&max_position=TWEET-983648533461913601-985113472458424326)
2018-04-14 12:26:07 [scrapy] DEBUG: Scraped from <200 https://twitter.com/i/search/timeline?l=&f=tweets&q=Eye%20Pigment&src=typed&max_position=TWEET-983138566929879040-985113472458424326>
None
2018-04-14 12:26:07 [scrapy] DEBUG: Scraped from <200 https://twitter.com/i/search/timeline?l=&f=tweets&q=Eye%20Pigment&src=typed&max_position=TWEET-983138566929879040-985113472458424326>
None
2018-04-14 12:26:07 [scrapy] DEBUG: Scraped from <200 https://twitter.com/i/search/timeline?l=&f=tweets&q=Eye%20Pigment&src=typed&max_position=TWEET-983138566929879040-985113472458424326>
None
2018-04-14 12:26:07 [scrapy] DEBUG: Scraped from <200 https://twitter.com/i/search/timeline?l=&f=tweets&q=Eye%20Pigment&src=typed&max_position=TWEET-983138566929879040-985113472458424326>
None
2018-04-14 12:26:07 [scrapy] DEBUG: Scraped from <200 https://twitter.com/i/search/timeline?l=&f=tweets&q=Eye%20Pigment&src=typed&max_position=TWEET-983138566929879040-985113472458424326>
None
2018-04-14 12:26:07 [scrapy] DEBUG: Scraped from <200 https://twitter.com/i/search/timeline?l=&f=tweets&q=Eye%20Pigment&src=typed&max_position=TWEET-983138566929879040-985113472458424326>
None
2018-04-14 12:26:07 [scrapy] DEBUG: Scraped from <200 https://twitter.com/i/search/timeline?l=&f=tweets&q=Eye%20Pigment&src=typed&max_position=TWEET-983138566929879040-985113472458424326>
None
2018-04-14 12:26:07 [scrapy] DEBUG: Scraped from <200 https://twitter.com/i/search/timeline?l=&f=tweets&q=Eye%20Pigment&src=typed&max_position=TWEET-983138566929879040-985113472458424326>
None
2018-04-14 12:26:07 [scrapy] DEBUG: Scraped from <200 https://twitter.com/i/search/timeline?l=&f=tweets&q=Eye%20Pigment&src=typed&max_position=TWEET-983138566929879040-985113472458424326>
None
2018-04-14 12:26:07 [scrapy] DEBUG: Scraped from <200 https://twitter.com/i/search/timeline?l=&f=tweets&q=Eye%20Pigment&src=typed&max_position=TWEET-983138566929879040-985113472458424326>
None
2018-04-14 12:26:07 [scrapy] DEBUG: Scraped from <200 https://twitter.com/i/search/timeline?l=&f=tweets&q=Eye%20Pigment&src=typed&max_position=TWEET-983138566929879040-985113472458424326>
None
2018-04-14 12:26:07 [scrapy] DEBUG: Scraped from <200 https://twitter.com/i/search/timeline?l=&f=tweets&q=Eye%20Pigment&src=typed&max_position=TWEET-983138566929879040-985113472458424326>
None
2018-04-14 12:26:07 [scrapy] DEBUG: Scraped from <200 https://twitter.com/i/search/timeline?l=&f=tweets&q=Eye%20Pigment&src=typed&max_position=TWEET-983138566929879040-985113472458424326>
None
2018-04-14 12:26:07 [scrapy] DEBUG: Scraped from <200 https://twitter.com/i/search/timeline?l=&f=tweets&q=Eye%20Pigment&src=typed&max_position=TWEET-983138566929879040-985113472458424326>
None
2018-04-14 12:26:07 [scrapy] DEBUG: Scraped from <200 https://twitter.com/i/search/timeline?l=&f=tweets&q=Eye%20Pigment&src=typed&max_position=TWEET-983138566929879040-985113472458424326>
None
2018-04-14 12:26:07 [scrapy] DEBUG: Scraped from <200 https://twitter.com/i/search/timeline?l=&f=tweets&q=Eye%20Pigment&src=typed&max_position=TWEET-983138566929879040-985113472458424326>
None
2018-04-14 12:26:08 [scrapy] DEBUG: Crawled (200) <GET https://twitter.com/i/search/timeline?l=&f=tweets&q=Eye%20Pigment&src=typed&max_position=TWEET-982713367029837824-985113472458424326> (referer: https://twitter.com/i/search/timeline?l=&f=tweets&q=Eye%20Pigment&src=typed&max_position=TWEET-983138566929879040-985113472458424326)
2018-04-14 12:26:08 [scrapy] DEBUG: Scraped from <200 https://twitter.com/i/search/timeline?l=&f=tweets&q=Eye%20Pigment&src=typed&max_position=TWEET-982713367029837824-985113472458424326>
None
2018-04-14 12:26:08 [scrapy] DEBUG: Scraped from <200 https://twitter.com/i/search/timeline?l=&f=tweets&q=Eye%20Pigment&src=typed&max_position=TWEET-982713367029837824-985113472458424326>
None
2018-04-14 12:26:08 [scrapy] DEBUG: Scraped from <200 https://twitter.com/i/search/timeline?l=&f=tweets&q=Eye%20Pigment&src=typed&max_position=TWEET-982713367029837824-985113472458424326>
None
2018-04-14 12:26:08 [scrapy] DEBUG: Scraped from <200 https://twitter.com/i/search/timeline?l=&f=tweets&q=Eye%20Pigment&src=typed&max_position=TWEET-982713367029837824-985113472458424326>
None
2018-04-14 12:26:08 [scrapy] DEBUG: Scraped from <200 https://twitter.com/i/search/timeline?l=&f=tweets&q=Eye%20Pigment&src=typed&max_position=TWEET-982713367029837824-985113472458424326>
None
2018-04-14 12:26:08 [scrapy] DEBUG: Scraped from <200 https://twitter.com/i/search/timeline?l=&f=tweets&q=Eye%20Pigment&src=typed&max_position=TWEET-982713367029837824-985113472458424326>
None
2018-04-14 12:26:08 [scrapy] DEBUG: Scraped from <200 https://twitter.com/i/search/timeline?l=&f=tweets&q=Eye%20Pigment&src=typed&max_position=TWEET-982713367029837824-985113472458424326>
None
2018-04-14 12:26:08 [scrapy] DEBUG: Scraped from <200 https://twitter.com/i/search/timeline?l=&f=tweets&q=Eye%20Pigment&src=typed&max_position=TWEET-982713367029837824-985113472458424326>
None
2018-04-14 12:26:08 [scrapy] DEBUG: Scraped from <200 https://twitter.com/i/search/timeline?l=&f=tweets&q=Eye%20Pigment&src=typed&max_position=TWEET-982713367029837824-985113472458424326>
None
2018-04-14 12:26:08 [scrapy] DEBUG: Scraped from <200 https://twitter.com/i/search/timeline?l=&f=tweets&q=Eye%20Pigment&src=typed&max_position=TWEET-982713367029837824-985113472458424326>
None
2018-04-14 12:26:08 [scrapy] INFO: Closing spider (closespider_itemcount)
2018-04-14 12:26:09 [scrapy] DEBUG: Scraped from <200 https://twitter.com/i/search/timeline?l=&f=tweets&q=Eye%20Pigment&src=typed&max_position=TWEET-982713367029837824-985113472458424326>
None
2018-04-14 12:26:09 [scrapy] DEBUG: Scraped from <200 https://twitter.com/i/search/timeline?l=&f=tweets&q=Eye%20Pigment&src=typed&max_position=TWEET-982713367029837824-985113472458424326>
None
2018-04-14 12:26:09 [scrapy] INFO: Dumping Scrapy stats:
{'downloader/request_bytes': 5458,
 'downloader/request_count': 7,
 'downloader/request_method_count/GET': 7,
 'downloader/response_bytes': 101605,
 'downloader/response_count': 7,
 'downloader/response_status_count/200': 7,
 'finish_reason': 'closespider_itemcount',
 'finish_time': datetime.datetime(2018, 4, 14, 17, 26, 9, 50217),
 'item_scraped_count': 102,
 'log_count/DEBUG': 109,
 'log_count/ERROR': 102,
 'log_count/INFO': 6,
 'memusage/max': 58544128,
 'memusage/startup': 58544128,
 'request_depth_max': 7,
 'response_received_count': 7,
 'scheduler/dequeued': 7,
 'scheduler/dequeued/memory': 7,
 'scheduler/enqueued': 8,
 'scheduler/enqueued/memory': 8,
 'start_time': datetime.datetime(2018, 4, 14, 17, 25, 59, 951379)}
2018-04-14 12:26:09 [scrapy] INFO: Spider closed (closespider_itemcount)
