2018-04-14 15:20:18 [scrapy] DEBUG: Crawled (200) <GET https://twitter.com/i/search/timeline?l=en&f=tweets&q=%22Chroma%20Crystal%20Top%20Coat%22&src=typed&max_position=> (referer: None)
2018-04-14 15:20:18 [scrapy] DEBUG: Scraped from <200 https://twitter.com/i/search/timeline?l=en&f=tweets&q=%22Chroma%20Crystal%20Top%20Coat%22&src=typed&max_position=>
None
2018-04-14 15:20:18 [scrapy] DEBUG: Scraped from <200 https://twitter.com/i/search/timeline?l=en&f=tweets&q=%22Chroma%20Crystal%20Top%20Coat%22&src=typed&max_position=>
None
2018-04-14 15:20:18 [scrapy] DEBUG: Scraped from <200 https://twitter.com/i/search/timeline?l=en&f=tweets&q=%22Chroma%20Crystal%20Top%20Coat%22&src=typed&max_position=>
None
2018-04-14 15:20:19 [scrapy] DEBUG: Scraped from <200 https://twitter.com/i/search/timeline?l=en&f=tweets&q=%22Chroma%20Crystal%20Top%20Coat%22&src=typed&max_position=>
None
2018-04-14 15:20:19 [scrapy] DEBUG: Scraped from <200 https://twitter.com/i/search/timeline?l=en&f=tweets&q=%22Chroma%20Crystal%20Top%20Coat%22&src=typed&max_position=>
None
2018-04-14 15:20:19 [scrapy] DEBUG: Scraped from <200 https://twitter.com/i/search/timeline?l=en&f=tweets&q=%22Chroma%20Crystal%20Top%20Coat%22&src=typed&max_position=>
None
2018-04-14 15:20:19 [scrapy] DEBUG: Scraped from <200 https://twitter.com/i/search/timeline?l=en&f=tweets&q=%22Chroma%20Crystal%20Top%20Coat%22&src=typed&max_position=>
None
2018-04-14 15:20:19 [scrapy] DEBUG: Scraped from <200 https://twitter.com/i/search/timeline?l=en&f=tweets&q=%22Chroma%20Crystal%20Top%20Coat%22&src=typed&max_position=>
None
2018-04-14 15:20:19 [scrapy] DEBUG: Scraped from <200 https://twitter.com/i/search/timeline?l=en&f=tweets&q=%22Chroma%20Crystal%20Top%20Coat%22&src=typed&max_position=>
None
2018-04-14 15:20:19 [scrapy] DEBUG: Scraped from <200 https://twitter.com/i/search/timeline?l=en&f=tweets&q=%22Chroma%20Crystal%20Top%20Coat%22&src=typed&max_position=>
None
2018-04-14 15:20:19 [scrapy] DEBUG: Scraped from <200 https://twitter.com/i/search/timeline?l=en&f=tweets&q=%22Chroma%20Crystal%20Top%20Coat%22&src=typed&max_position=>
None
2018-04-14 15:20:19 [scrapy] DEBUG: Scraped from <200 https://twitter.com/i/search/timeline?l=en&f=tweets&q=%22Chroma%20Crystal%20Top%20Coat%22&src=typed&max_position=>
None
2018-04-14 15:20:19 [scrapy] DEBUG: Scraped from <200 https://twitter.com/i/search/timeline?l=en&f=tweets&q=%22Chroma%20Crystal%20Top%20Coat%22&src=typed&max_position=>
None
2018-04-14 15:20:19 [scrapy] DEBUG: Scraped from <200 https://twitter.com/i/search/timeline?l=en&f=tweets&q=%22Chroma%20Crystal%20Top%20Coat%22&src=typed&max_position=>
None
2018-04-14 15:20:19 [scrapy] DEBUG: Scraped from <200 https://twitter.com/i/search/timeline?l=en&f=tweets&q=%22Chroma%20Crystal%20Top%20Coat%22&src=typed&max_position=>
None
2018-04-14 15:20:19 [scrapy] DEBUG: Scraped from <200 https://twitter.com/i/search/timeline?l=en&f=tweets&q=%22Chroma%20Crystal%20Top%20Coat%22&src=typed&max_position=>
None
2018-04-14 15:20:19 [scrapy] DEBUG: Scraped from <200 https://twitter.com/i/search/timeline?l=en&f=tweets&q=%22Chroma%20Crystal%20Top%20Coat%22&src=typed&max_position=>
None
2018-04-14 15:20:19 [scrapy] DEBUG: Scraped from <200 https://twitter.com/i/search/timeline?l=en&f=tweets&q=%22Chroma%20Crystal%20Top%20Coat%22&src=typed&max_position=>
None
2018-04-14 15:20:19 [scrapy] DEBUG: Scraped from <200 https://twitter.com/i/search/timeline?l=en&f=tweets&q=%22Chroma%20Crystal%20Top%20Coat%22&src=typed&max_position=>
None
2018-04-14 15:20:19 [scrapy] DEBUG: Scraped from <200 https://twitter.com/i/search/timeline?l=en&f=tweets&q=%22Chroma%20Crystal%20Top%20Coat%22&src=typed&max_position=>
None
2018-04-14 15:20:20 [scrapy] DEBUG: Crawled (200) <GET https://twitter.com/i/search/timeline?l=en&f=tweets&q=%22Chroma%20Crystal%20Top%20Coat%22&src=typed&max_position=TWEET-928068192928456704-983324572857655297> (referer: https://twitter.com/i/search/timeline?l=en&f=tweets&q=%22Chroma%20Crystal%20Top%20Coat%22&src=typed&max_position=)
2018-04-14 15:20:20 [scrapy] DEBUG: Scraped from <200 https://twitter.com/i/search/timeline?l=en&f=tweets&q=%22Chroma%20Crystal%20Top%20Coat%22&src=typed&max_position=TWEET-928068192928456704-983324572857655297>
None
2018-04-14 15:20:20 [scrapy] DEBUG: Scraped from <200 https://twitter.com/i/search/timeline?l=en&f=tweets&q=%22Chroma%20Crystal%20Top%20Coat%22&src=typed&max_position=TWEET-928068192928456704-983324572857655297>
None
2018-04-14 15:20:20 [scrapy] DEBUG: Scraped from <200 https://twitter.com/i/search/timeline?l=en&f=tweets&q=%22Chroma%20Crystal%20Top%20Coat%22&src=typed&max_position=TWEET-928068192928456704-983324572857655297>
None
2018-04-14 15:20:20 [scrapy] DEBUG: Scraped from <200 https://twitter.com/i/search/timeline?l=en&f=tweets&q=%22Chroma%20Crystal%20Top%20Coat%22&src=typed&max_position=TWEET-928068192928456704-983324572857655297>
None
2018-04-14 15:20:20 [scrapy] DEBUG: Scraped from <200 https://twitter.com/i/search/timeline?l=en&f=tweets&q=%22Chroma%20Crystal%20Top%20Coat%22&src=typed&max_position=TWEET-928068192928456704-983324572857655297>
None
2018-04-14 15:20:20 [scrapy] DEBUG: Scraped from <200 https://twitter.com/i/search/timeline?l=en&f=tweets&q=%22Chroma%20Crystal%20Top%20Coat%22&src=typed&max_position=TWEET-928068192928456704-983324572857655297>
None
2018-04-14 15:20:20 [scrapy] DEBUG: Scraped from <200 https://twitter.com/i/search/timeline?l=en&f=tweets&q=%22Chroma%20Crystal%20Top%20Coat%22&src=typed&max_position=TWEET-928068192928456704-983324572857655297>
None
2018-04-14 15:20:20 [scrapy] DEBUG: Scraped from <200 https://twitter.com/i/search/timeline?l=en&f=tweets&q=%22Chroma%20Crystal%20Top%20Coat%22&src=typed&max_position=TWEET-928068192928456704-983324572857655297>
None
2018-04-14 15:20:21 [scrapy] DEBUG: Scraped from <200 https://twitter.com/i/search/timeline?l=en&f=tweets&q=%22Chroma%20Crystal%20Top%20Coat%22&src=typed&max_position=TWEET-928068192928456704-983324572857655297>
None
2018-04-14 15:20:21 [scrapy] DEBUG: Scraped from <200 https://twitter.com/i/search/timeline?l=en&f=tweets&q=%22Chroma%20Crystal%20Top%20Coat%22&src=typed&max_position=TWEET-928068192928456704-983324572857655297>
None
2018-04-14 15:20:21 [scrapy] DEBUG: Scraped from <200 https://twitter.com/i/search/timeline?l=en&f=tweets&q=%22Chroma%20Crystal%20Top%20Coat%22&src=typed&max_position=TWEET-928068192928456704-983324572857655297>
None
2018-04-14 15:20:21 [scrapy] DEBUG: Scraped from <200 https://twitter.com/i/search/timeline?l=en&f=tweets&q=%22Chroma%20Crystal%20Top%20Coat%22&src=typed&max_position=TWEET-928068192928456704-983324572857655297>
None
2018-04-14 15:20:21 [scrapy] DEBUG: Scraped from <200 https://twitter.com/i/search/timeline?l=en&f=tweets&q=%22Chroma%20Crystal%20Top%20Coat%22&src=typed&max_position=TWEET-928068192928456704-983324572857655297>
None
2018-04-14 15:20:21 [scrapy] DEBUG: Scraped from <200 https://twitter.com/i/search/timeline?l=en&f=tweets&q=%22Chroma%20Crystal%20Top%20Coat%22&src=typed&max_position=TWEET-928068192928456704-983324572857655297>
None
2018-04-14 15:20:21 [scrapy] DEBUG: Scraped from <200 https://twitter.com/i/search/timeline?l=en&f=tweets&q=%22Chroma%20Crystal%20Top%20Coat%22&src=typed&max_position=TWEET-928068192928456704-983324572857655297>
None
2018-04-14 15:20:21 [scrapy] DEBUG: Scraped from <200 https://twitter.com/i/search/timeline?l=en&f=tweets&q=%22Chroma%20Crystal%20Top%20Coat%22&src=typed&max_position=TWEET-928068192928456704-983324572857655297>
None
2018-04-14 15:20:21 [scrapy] DEBUG: Scraped from <200 https://twitter.com/i/search/timeline?l=en&f=tweets&q=%22Chroma%20Crystal%20Top%20Coat%22&src=typed&max_position=TWEET-928068192928456704-983324572857655297>
None
2018-04-14 15:20:21 [scrapy] DEBUG: Scraped from <200 https://twitter.com/i/search/timeline?l=en&f=tweets&q=%22Chroma%20Crystal%20Top%20Coat%22&src=typed&max_position=TWEET-928068192928456704-983324572857655297>
None
2018-04-14 15:20:21 [scrapy] DEBUG: Scraped from <200 https://twitter.com/i/search/timeline?l=en&f=tweets&q=%22Chroma%20Crystal%20Top%20Coat%22&src=typed&max_position=TWEET-928068192928456704-983324572857655297>
None
2018-04-14 15:20:21 [scrapy] DEBUG: Scraped from <200 https://twitter.com/i/search/timeline?l=en&f=tweets&q=%22Chroma%20Crystal%20Top%20Coat%22&src=typed&max_position=TWEET-928068192928456704-983324572857655297>
None
2018-04-14 15:20:22 [scrapy] DEBUG: Crawled (200) <GET https://twitter.com/i/search/timeline?l=en&f=tweets&q=%22Chroma%20Crystal%20Top%20Coat%22&src=typed&max_position=TWEET-917957685785612288-983324572857655297> (referer: https://twitter.com/i/search/timeline?l=en&f=tweets&q=%22Chroma%20Crystal%20Top%20Coat%22&src=typed&max_position=TWEET-928068192928456704-983324572857655297)
2018-04-14 15:20:22 [scrapy] DEBUG: Scraped from <200 https://twitter.com/i/search/timeline?l=en&f=tweets&q=%22Chroma%20Crystal%20Top%20Coat%22&src=typed&max_position=TWEET-917957685785612288-983324572857655297>
None
2018-04-14 15:20:22 [scrapy] DEBUG: Scraped from <200 https://twitter.com/i/search/timeline?l=en&f=tweets&q=%22Chroma%20Crystal%20Top%20Coat%22&src=typed&max_position=TWEET-917957685785612288-983324572857655297>
None
2018-04-14 15:20:22 [scrapy] DEBUG: Scraped from <200 https://twitter.com/i/search/timeline?l=en&f=tweets&q=%22Chroma%20Crystal%20Top%20Coat%22&src=typed&max_position=TWEET-917957685785612288-983324572857655297>
None
2018-04-14 15:20:22 [scrapy] DEBUG: Scraped from <200 https://twitter.com/i/search/timeline?l=en&f=tweets&q=%22Chroma%20Crystal%20Top%20Coat%22&src=typed&max_position=TWEET-917957685785612288-983324572857655297>
None
2018-04-14 15:20:22 [scrapy] DEBUG: Scraped from <200 https://twitter.com/i/search/timeline?l=en&f=tweets&q=%22Chroma%20Crystal%20Top%20Coat%22&src=typed&max_position=TWEET-917957685785612288-983324572857655297>
None
2018-04-14 15:20:22 [scrapy] DEBUG: Scraped from <200 https://twitter.com/i/search/timeline?l=en&f=tweets&q=%22Chroma%20Crystal%20Top%20Coat%22&src=typed&max_position=TWEET-917957685785612288-983324572857655297>
None
2018-04-14 15:20:22 [scrapy] DEBUG: Crawled (200) <GET https://twitter.com/i/search/timeline?l=en&f=tweets&q=%22Chroma%20Crystal%20Top%20Coat%22&src=typed&max_position=TWEET-914962198748942337-983324572857655297> (referer: https://twitter.com/i/search/timeline?l=en&f=tweets&q=%22Chroma%20Crystal%20Top%20Coat%22&src=typed&max_position=TWEET-917957685785612288-983324572857655297)
2018-04-14 15:20:22 [scrapy] DEBUG: Filtered duplicate request: <GET https://twitter.com/i/search/timeline?l=en&f=tweets&q=%22Chroma%20Crystal%20Top%20Coat%22&src=typed&max_position=TWEET-914962198748942337-983324572857655297> - no more duplicates will be shown (see DUPEFILTER_DEBUG to show all duplicates)
2018-04-14 15:20:22 [scrapy] INFO: Closing spider (finished)
2018-04-14 15:20:22 [scrapy] INFO: Dumping Scrapy stats:
{'downloader/request_bytes': 3004,
 'downloader/request_count': 4,
 'downloader/request_method_count/GET': 4,
 'downloader/response_bytes': 41075,
 'downloader/response_count': 4,
 'downloader/response_status_count/200': 4,
 'dupefilter/filtered': 1,
 'finish_reason': 'finished',
 'finish_time': datetime.datetime(2018, 4, 14, 20, 20, 22, 989010),
 'item_scraped_count': 46,
 'log_count/DEBUG': 97,
 'log_count/ERROR': 46,
 'log_count/INFO': 6,
 'memusage/max': 65413120,
 'memusage/startup': 65413120,
 'request_depth_max': 4,
 'response_received_count': 4,
 'scheduler/dequeued': 4,
 'scheduler/dequeued/memory': 4,
 'scheduler/enqueued': 4,
 'scheduler/enqueued/memory': 4,
 'start_time': datetime.datetime(2018, 4, 14, 20, 20, 17, 955564)}
2018-04-14 15:20:22 [scrapy] INFO: Spider closed (finished)
