2018-04-14 15:25:45 [scrapy] DEBUG: Crawled (200) <GET https://twitter.com/i/search/timeline?l=en&f=tweets&q=%22Eyes%20To%20Kill%20Macro-Color%20Eyeshadow%22&src=typed&max_position=> (referer: None)
2018-04-14 15:25:45 [scrapy] DEBUG: Scraped from <200 https://twitter.com/i/search/timeline?l=en&f=tweets&q=%22Eyes%20To%20Kill%20Macro-Color%20Eyeshadow%22&src=typed&max_position=>
None
2018-04-14 15:25:46 [scrapy] DEBUG: Scraped from <200 https://twitter.com/i/search/timeline?l=en&f=tweets&q=%22Eyes%20To%20Kill%20Macro-Color%20Eyeshadow%22&src=typed&max_position=>
None
2018-04-14 15:25:46 [scrapy] DEBUG: Scraped from <200 https://twitter.com/i/search/timeline?l=en&f=tweets&q=%22Eyes%20To%20Kill%20Macro-Color%20Eyeshadow%22&src=typed&max_position=>
None
2018-04-14 15:25:46 [scrapy] DEBUG: Scraped from <200 https://twitter.com/i/search/timeline?l=en&f=tweets&q=%22Eyes%20To%20Kill%20Macro-Color%20Eyeshadow%22&src=typed&max_position=>
None
2018-04-14 15:25:46 [scrapy] DEBUG: Scraped from <200 https://twitter.com/i/search/timeline?l=en&f=tweets&q=%22Eyes%20To%20Kill%20Macro-Color%20Eyeshadow%22&src=typed&max_position=>
None
2018-04-14 15:25:46 [scrapy] DEBUG: Scraped from <200 https://twitter.com/i/search/timeline?l=en&f=tweets&q=%22Eyes%20To%20Kill%20Macro-Color%20Eyeshadow%22&src=typed&max_position=>
None
2018-04-14 15:25:46 [scrapy] DEBUG: Scraped from <200 https://twitter.com/i/search/timeline?l=en&f=tweets&q=%22Eyes%20To%20Kill%20Macro-Color%20Eyeshadow%22&src=typed&max_position=>
None
2018-04-14 15:25:46 [scrapy] DEBUG: Scraped from <200 https://twitter.com/i/search/timeline?l=en&f=tweets&q=%22Eyes%20To%20Kill%20Macro-Color%20Eyeshadow%22&src=typed&max_position=>
None
2018-04-14 15:25:46 [scrapy] DEBUG: Scraped from <200 https://twitter.com/i/search/timeline?l=en&f=tweets&q=%22Eyes%20To%20Kill%20Macro-Color%20Eyeshadow%22&src=typed&max_position=>
None
2018-04-14 15:25:46 [scrapy] DEBUG: Scraped from <200 https://twitter.com/i/search/timeline?l=en&f=tweets&q=%22Eyes%20To%20Kill%20Macro-Color%20Eyeshadow%22&src=typed&max_position=>
None
2018-04-14 15:25:46 [scrapy] DEBUG: Scraped from <200 https://twitter.com/i/search/timeline?l=en&f=tweets&q=%22Eyes%20To%20Kill%20Macro-Color%20Eyeshadow%22&src=typed&max_position=>
None
2018-04-14 15:25:46 [scrapy] DEBUG: Scraped from <200 https://twitter.com/i/search/timeline?l=en&f=tweets&q=%22Eyes%20To%20Kill%20Macro-Color%20Eyeshadow%22&src=typed&max_position=>
None
2018-04-14 15:25:46 [scrapy] DEBUG: Scraped from <200 https://twitter.com/i/search/timeline?l=en&f=tweets&q=%22Eyes%20To%20Kill%20Macro-Color%20Eyeshadow%22&src=typed&max_position=>
None
2018-04-14 15:25:46 [scrapy] DEBUG: Scraped from <200 https://twitter.com/i/search/timeline?l=en&f=tweets&q=%22Eyes%20To%20Kill%20Macro-Color%20Eyeshadow%22&src=typed&max_position=>
None
2018-04-14 15:25:46 [scrapy] DEBUG: Scraped from <200 https://twitter.com/i/search/timeline?l=en&f=tweets&q=%22Eyes%20To%20Kill%20Macro-Color%20Eyeshadow%22&src=typed&max_position=>
None
2018-04-14 15:25:46 [scrapy] DEBUG: Scraped from <200 https://twitter.com/i/search/timeline?l=en&f=tweets&q=%22Eyes%20To%20Kill%20Macro-Color%20Eyeshadow%22&src=typed&max_position=>
None
2018-04-14 15:25:46 [scrapy] DEBUG: Scraped from <200 https://twitter.com/i/search/timeline?l=en&f=tweets&q=%22Eyes%20To%20Kill%20Macro-Color%20Eyeshadow%22&src=typed&max_position=>
None
2018-04-14 15:25:46 [scrapy] DEBUG: Scraped from <200 https://twitter.com/i/search/timeline?l=en&f=tweets&q=%22Eyes%20To%20Kill%20Macro-Color%20Eyeshadow%22&src=typed&max_position=>
None
2018-04-14 15:25:46 [scrapy] DEBUG: Scraped from <200 https://twitter.com/i/search/timeline?l=en&f=tweets&q=%22Eyes%20To%20Kill%20Macro-Color%20Eyeshadow%22&src=typed&max_position=>
None
2018-04-14 15:25:47 [scrapy] DEBUG: Scraped from <200 https://twitter.com/i/search/timeline?l=en&f=tweets&q=%22Eyes%20To%20Kill%20Macro-Color%20Eyeshadow%22&src=typed&max_position=>
None
2018-04-14 15:25:47 [scrapy] DEBUG: Crawled (200) <GET https://twitter.com/i/search/timeline?l=en&f=tweets&q=%22Eyes%20To%20Kill%20Macro-Color%20Eyeshadow%22&src=typed&max_position=TWEET-622307381804929024-623741855038074880> (referer: https://twitter.com/i/search/timeline?l=en&f=tweets&q=%22Eyes%20To%20Kill%20Macro-Color%20Eyeshadow%22&src=typed&max_position=)
2018-04-14 15:25:47 [scrapy] DEBUG: Scraped from <200 https://twitter.com/i/search/timeline?l=en&f=tweets&q=%22Eyes%20To%20Kill%20Macro-Color%20Eyeshadow%22&src=typed&max_position=TWEET-622307381804929024-623741855038074880>
None
2018-04-14 15:25:47 [scrapy] DEBUG: Scraped from <200 https://twitter.com/i/search/timeline?l=en&f=tweets&q=%22Eyes%20To%20Kill%20Macro-Color%20Eyeshadow%22&src=typed&max_position=TWEET-622307381804929024-623741855038074880>
None
2018-04-14 15:25:47 [scrapy] DEBUG: Scraped from <200 https://twitter.com/i/search/timeline?l=en&f=tweets&q=%22Eyes%20To%20Kill%20Macro-Color%20Eyeshadow%22&src=typed&max_position=TWEET-622307381804929024-623741855038074880>
None
2018-04-14 15:25:47 [scrapy] DEBUG: Scraped from <200 https://twitter.com/i/search/timeline?l=en&f=tweets&q=%22Eyes%20To%20Kill%20Macro-Color%20Eyeshadow%22&src=typed&max_position=TWEET-622307381804929024-623741855038074880>
None
2018-04-14 15:25:48 [scrapy] DEBUG: Scraped from <200 https://twitter.com/i/search/timeline?l=en&f=tweets&q=%22Eyes%20To%20Kill%20Macro-Color%20Eyeshadow%22&src=typed&max_position=TWEET-622307381804929024-623741855038074880>
None
2018-04-14 15:25:48 [scrapy] DEBUG: Scraped from <200 https://twitter.com/i/search/timeline?l=en&f=tweets&q=%22Eyes%20To%20Kill%20Macro-Color%20Eyeshadow%22&src=typed&max_position=TWEET-622307381804929024-623741855038074880>
None
2018-04-14 15:25:48 [scrapy] DEBUG: Scraped from <200 https://twitter.com/i/search/timeline?l=en&f=tweets&q=%22Eyes%20To%20Kill%20Macro-Color%20Eyeshadow%22&src=typed&max_position=TWEET-622307381804929024-623741855038074880>
None
2018-04-14 15:25:48 [scrapy] DEBUG: Scraped from <200 https://twitter.com/i/search/timeline?l=en&f=tweets&q=%22Eyes%20To%20Kill%20Macro-Color%20Eyeshadow%22&src=typed&max_position=TWEET-622307381804929024-623741855038074880>
None
2018-04-14 15:25:48 [scrapy] DEBUG: Scraped from <200 https://twitter.com/i/search/timeline?l=en&f=tweets&q=%22Eyes%20To%20Kill%20Macro-Color%20Eyeshadow%22&src=typed&max_position=TWEET-622307381804929024-623741855038074880>
None
2018-04-14 15:25:48 [scrapy] DEBUG: Scraped from <200 https://twitter.com/i/search/timeline?l=en&f=tweets&q=%22Eyes%20To%20Kill%20Macro-Color%20Eyeshadow%22&src=typed&max_position=TWEET-622307381804929024-623741855038074880>
None
2018-04-14 15:25:48 [scrapy] DEBUG: Scraped from <200 https://twitter.com/i/search/timeline?l=en&f=tweets&q=%22Eyes%20To%20Kill%20Macro-Color%20Eyeshadow%22&src=typed&max_position=TWEET-622307381804929024-623741855038074880>
None
2018-04-14 15:25:48 [scrapy] DEBUG: Scraped from <200 https://twitter.com/i/search/timeline?l=en&f=tweets&q=%22Eyes%20To%20Kill%20Macro-Color%20Eyeshadow%22&src=typed&max_position=TWEET-622307381804929024-623741855038074880>
None
2018-04-14 15:25:48 [scrapy] DEBUG: Scraped from <200 https://twitter.com/i/search/timeline?l=en&f=tweets&q=%22Eyes%20To%20Kill%20Macro-Color%20Eyeshadow%22&src=typed&max_position=TWEET-622307381804929024-623741855038074880>
None
2018-04-14 15:25:48 [scrapy] DEBUG: Scraped from <200 https://twitter.com/i/search/timeline?l=en&f=tweets&q=%22Eyes%20To%20Kill%20Macro-Color%20Eyeshadow%22&src=typed&max_position=TWEET-622307381804929024-623741855038074880>
None
2018-04-14 15:25:48 [scrapy] DEBUG: Scraped from <200 https://twitter.com/i/search/timeline?l=en&f=tweets&q=%22Eyes%20To%20Kill%20Macro-Color%20Eyeshadow%22&src=typed&max_position=TWEET-622307381804929024-623741855038074880>
None
2018-04-14 15:25:48 [scrapy] DEBUG: Scraped from <200 https://twitter.com/i/search/timeline?l=en&f=tweets&q=%22Eyes%20To%20Kill%20Macro-Color%20Eyeshadow%22&src=typed&max_position=TWEET-622307381804929024-623741855038074880>
None
2018-04-14 15:25:48 [scrapy] DEBUG: Scraped from <200 https://twitter.com/i/search/timeline?l=en&f=tweets&q=%22Eyes%20To%20Kill%20Macro-Color%20Eyeshadow%22&src=typed&max_position=TWEET-622307381804929024-623741855038074880>
None
2018-04-14 15:25:48 [scrapy] DEBUG: Scraped from <200 https://twitter.com/i/search/timeline?l=en&f=tweets&q=%22Eyes%20To%20Kill%20Macro-Color%20Eyeshadow%22&src=typed&max_position=TWEET-622307381804929024-623741855038074880>
None
2018-04-14 15:25:48 [scrapy] DEBUG: Scraped from <200 https://twitter.com/i/search/timeline?l=en&f=tweets&q=%22Eyes%20To%20Kill%20Macro-Color%20Eyeshadow%22&src=typed&max_position=TWEET-622307381804929024-623741855038074880>
None
2018-04-14 15:25:48 [scrapy] DEBUG: Scraped from <200 https://twitter.com/i/search/timeline?l=en&f=tweets&q=%22Eyes%20To%20Kill%20Macro-Color%20Eyeshadow%22&src=typed&max_position=TWEET-622307381804929024-623741855038074880>
None
2018-04-14 15:25:49 [scrapy] DEBUG: Crawled (200) <GET https://twitter.com/i/search/timeline?l=en&f=tweets&q=%22Eyes%20To%20Kill%20Macro-Color%20Eyeshadow%22&src=typed&max_position=TWEET-460512371627548672-623741855038074880> (referer: https://twitter.com/i/search/timeline?l=en&f=tweets&q=%22Eyes%20To%20Kill%20Macro-Color%20Eyeshadow%22&src=typed&max_position=TWEET-622307381804929024-623741855038074880)
2018-04-14 15:25:49 [scrapy] DEBUG: Scraped from <200 https://twitter.com/i/search/timeline?l=en&f=tweets&q=%22Eyes%20To%20Kill%20Macro-Color%20Eyeshadow%22&src=typed&max_position=TWEET-460512371627548672-623741855038074880>
None
2018-04-14 15:25:49 [scrapy] DEBUG: Crawled (200) <GET https://twitter.com/i/search/timeline?l=en&f=tweets&q=%22Eyes%20To%20Kill%20Macro-Color%20Eyeshadow%22&src=typed&max_position=TWEET-460494112454496257-623741855038074880> (referer: https://twitter.com/i/search/timeline?l=en&f=tweets&q=%22Eyes%20To%20Kill%20Macro-Color%20Eyeshadow%22&src=typed&max_position=TWEET-460512371627548672-623741855038074880)
2018-04-14 15:25:49 [scrapy] DEBUG: Filtered duplicate request: <GET https://twitter.com/i/search/timeline?l=en&f=tweets&q=%22Eyes%20To%20Kill%20Macro-Color%20Eyeshadow%22&src=typed&max_position=TWEET-460494112454496257-623741855038074880> - no more duplicates will be shown (see DUPEFILTER_DEBUG to show all duplicates)
2018-04-14 15:25:49 [scrapy] INFO: Closing spider (finished)
2018-04-14 15:25:49 [scrapy] INFO: Dumping Scrapy stats:
{'downloader/request_bytes': 3095,
 'downloader/request_count': 4,
 'downloader/request_method_count/GET': 4,
 'downloader/response_bytes': 23108,
 'downloader/response_count': 4,
 'downloader/response_status_count/200': 4,
 'dupefilter/filtered': 1,
 'finish_reason': 'finished',
 'finish_time': datetime.datetime(2018, 4, 14, 20, 25, 49, 442966),
 'item_scraped_count': 41,
 'log_count/DEBUG': 87,
 'log_count/ERROR': 41,
 'log_count/INFO': 6,
 'memusage/max': 66822144,
 'memusage/startup': 66822144,
 'request_depth_max': 4,
 'response_received_count': 4,
 'scheduler/dequeued': 4,
 'scheduler/dequeued/memory': 4,
 'scheduler/enqueued': 4,
 'scheduler/enqueued/memory': 4,
 'start_time': datetime.datetime(2018, 4, 14, 20, 25, 44, 869782)}
2018-04-14 15:25:49 [scrapy] INFO: Spider closed (finished)
