2018-04-14 15:23:26 [scrapy] DEBUG: Crawled (200) <GET https://twitter.com/i/search/timeline?l=en&f=tweets&q=%22Eye%20Colour%22&src=typed&max_position=> (referer: None)
2018-04-14 15:23:26 [scrapy] DEBUG: Scraped from <200 https://twitter.com/i/search/timeline?l=en&f=tweets&q=%22Eye%20Colour%22&src=typed&max_position=>
None
2018-04-14 15:23:26 [scrapy] DEBUG: Scraped from <200 https://twitter.com/i/search/timeline?l=en&f=tweets&q=%22Eye%20Colour%22&src=typed&max_position=>
None
2018-04-14 15:23:27 [scrapy] DEBUG: Scraped from <200 https://twitter.com/i/search/timeline?l=en&f=tweets&q=%22Eye%20Colour%22&src=typed&max_position=>
None
2018-04-14 15:23:27 [scrapy] DEBUG: Scraped from <200 https://twitter.com/i/search/timeline?l=en&f=tweets&q=%22Eye%20Colour%22&src=typed&max_position=>
None
2018-04-14 15:23:27 [scrapy] DEBUG: Scraped from <200 https://twitter.com/i/search/timeline?l=en&f=tweets&q=%22Eye%20Colour%22&src=typed&max_position=>
None
2018-04-14 15:23:27 [scrapy] DEBUG: Scraped from <200 https://twitter.com/i/search/timeline?l=en&f=tweets&q=%22Eye%20Colour%22&src=typed&max_position=>
None
2018-04-14 15:23:27 [scrapy] DEBUG: Scraped from <200 https://twitter.com/i/search/timeline?l=en&f=tweets&q=%22Eye%20Colour%22&src=typed&max_position=>
None
2018-04-14 15:23:27 [scrapy] DEBUG: Scraped from <200 https://twitter.com/i/search/timeline?l=en&f=tweets&q=%22Eye%20Colour%22&src=typed&max_position=>
None
2018-04-14 15:23:27 [scrapy] DEBUG: Scraped from <200 https://twitter.com/i/search/timeline?l=en&f=tweets&q=%22Eye%20Colour%22&src=typed&max_position=>
None
2018-04-14 15:23:27 [scrapy] DEBUG: Scraped from <200 https://twitter.com/i/search/timeline?l=en&f=tweets&q=%22Eye%20Colour%22&src=typed&max_position=>
None
2018-04-14 15:23:27 [scrapy] DEBUG: Scraped from <200 https://twitter.com/i/search/timeline?l=en&f=tweets&q=%22Eye%20Colour%22&src=typed&max_position=>
None
2018-04-14 15:23:27 [scrapy] DEBUG: Scraped from <200 https://twitter.com/i/search/timeline?l=en&f=tweets&q=%22Eye%20Colour%22&src=typed&max_position=>
None
2018-04-14 15:23:27 [scrapy] DEBUG: Scraped from <200 https://twitter.com/i/search/timeline?l=en&f=tweets&q=%22Eye%20Colour%22&src=typed&max_position=>
None
2018-04-14 15:23:27 [scrapy] DEBUG: Scraped from <200 https://twitter.com/i/search/timeline?l=en&f=tweets&q=%22Eye%20Colour%22&src=typed&max_position=>
None
2018-04-14 15:23:28 [scrapy] DEBUG: Scraped from <200 https://twitter.com/i/search/timeline?l=en&f=tweets&q=%22Eye%20Colour%22&src=typed&max_position=>
None
2018-04-14 15:23:28 [scrapy] DEBUG: Scraped from <200 https://twitter.com/i/search/timeline?l=en&f=tweets&q=%22Eye%20Colour%22&src=typed&max_position=>
None
2018-04-14 15:23:28 [scrapy] DEBUG: Scraped from <200 https://twitter.com/i/search/timeline?l=en&f=tweets&q=%22Eye%20Colour%22&src=typed&max_position=>
None
2018-04-14 15:23:28 [scrapy] DEBUG: Scraped from <200 https://twitter.com/i/search/timeline?l=en&f=tweets&q=%22Eye%20Colour%22&src=typed&max_position=>
None
2018-04-14 15:23:28 [scrapy] DEBUG: Scraped from <200 https://twitter.com/i/search/timeline?l=en&f=tweets&q=%22Eye%20Colour%22&src=typed&max_position=>
None
2018-04-14 15:23:28 [scrapy] DEBUG: Scraped from <200 https://twitter.com/i/search/timeline?l=en&f=tweets&q=%22Eye%20Colour%22&src=typed&max_position=>
None
2018-04-14 15:23:28 [scrapy] DEBUG: Crawled (200) <GET https://twitter.com/i/search/timeline?l=en&f=tweets&q=%22Eye%20Colour%22&src=typed&max_position=TWEET-985182180178579456-985250446804705280> (referer: https://twitter.com/i/search/timeline?l=en&f=tweets&q=%22Eye%20Colour%22&src=typed&max_position=)
2018-04-14 15:23:29 [scrapy] DEBUG: Scraped from <200 https://twitter.com/i/search/timeline?l=en&f=tweets&q=%22Eye%20Colour%22&src=typed&max_position=TWEET-985182180178579456-985250446804705280>
None
2018-04-14 15:23:29 [scrapy] DEBUG: Scraped from <200 https://twitter.com/i/search/timeline?l=en&f=tweets&q=%22Eye%20Colour%22&src=typed&max_position=TWEET-985182180178579456-985250446804705280>
None
2018-04-14 15:23:29 [scrapy] DEBUG: Scraped from <200 https://twitter.com/i/search/timeline?l=en&f=tweets&q=%22Eye%20Colour%22&src=typed&max_position=TWEET-985182180178579456-985250446804705280>
None
2018-04-14 15:23:29 [scrapy] DEBUG: Scraped from <200 https://twitter.com/i/search/timeline?l=en&f=tweets&q=%22Eye%20Colour%22&src=typed&max_position=TWEET-985182180178579456-985250446804705280>
None
2018-04-14 15:23:29 [scrapy] DEBUG: Scraped from <200 https://twitter.com/i/search/timeline?l=en&f=tweets&q=%22Eye%20Colour%22&src=typed&max_position=TWEET-985182180178579456-985250446804705280>
None
2018-04-14 15:23:29 [scrapy] DEBUG: Scraped from <200 https://twitter.com/i/search/timeline?l=en&f=tweets&q=%22Eye%20Colour%22&src=typed&max_position=TWEET-985182180178579456-985250446804705280>
None
2018-04-14 15:23:29 [scrapy] DEBUG: Scraped from <200 https://twitter.com/i/search/timeline?l=en&f=tweets&q=%22Eye%20Colour%22&src=typed&max_position=TWEET-985182180178579456-985250446804705280>
None
2018-04-14 15:23:29 [scrapy] DEBUG: Scraped from <200 https://twitter.com/i/search/timeline?l=en&f=tweets&q=%22Eye%20Colour%22&src=typed&max_position=TWEET-985182180178579456-985250446804705280>
None
2018-04-14 15:23:29 [scrapy] DEBUG: Scraped from <200 https://twitter.com/i/search/timeline?l=en&f=tweets&q=%22Eye%20Colour%22&src=typed&max_position=TWEET-985182180178579456-985250446804705280>
None
2018-04-14 15:23:29 [scrapy] DEBUG: Scraped from <200 https://twitter.com/i/search/timeline?l=en&f=tweets&q=%22Eye%20Colour%22&src=typed&max_position=TWEET-985182180178579456-985250446804705280>
None
2018-04-14 15:23:30 [scrapy] DEBUG: Scraped from <200 https://twitter.com/i/search/timeline?l=en&f=tweets&q=%22Eye%20Colour%22&src=typed&max_position=TWEET-985182180178579456-985250446804705280>
None
2018-04-14 15:23:30 [scrapy] DEBUG: Scraped from <200 https://twitter.com/i/search/timeline?l=en&f=tweets&q=%22Eye%20Colour%22&src=typed&max_position=TWEET-985182180178579456-985250446804705280>
None
2018-04-14 15:23:30 [scrapy] DEBUG: Scraped from <200 https://twitter.com/i/search/timeline?l=en&f=tweets&q=%22Eye%20Colour%22&src=typed&max_position=TWEET-985182180178579456-985250446804705280>
None
2018-04-14 15:23:30 [scrapy] DEBUG: Scraped from <200 https://twitter.com/i/search/timeline?l=en&f=tweets&q=%22Eye%20Colour%22&src=typed&max_position=TWEET-985182180178579456-985250446804705280>
None
2018-04-14 15:23:30 [scrapy] DEBUG: Scraped from <200 https://twitter.com/i/search/timeline?l=en&f=tweets&q=%22Eye%20Colour%22&src=typed&max_position=TWEET-985182180178579456-985250446804705280>
None
2018-04-14 15:23:30 [scrapy] DEBUG: Scraped from <200 https://twitter.com/i/search/timeline?l=en&f=tweets&q=%22Eye%20Colour%22&src=typed&max_position=TWEET-985182180178579456-985250446804705280>
None
2018-04-14 15:23:30 [scrapy] DEBUG: Scraped from <200 https://twitter.com/i/search/timeline?l=en&f=tweets&q=%22Eye%20Colour%22&src=typed&max_position=TWEET-985182180178579456-985250446804705280>
None
2018-04-14 15:23:30 [scrapy] DEBUG: Scraped from <200 https://twitter.com/i/search/timeline?l=en&f=tweets&q=%22Eye%20Colour%22&src=typed&max_position=TWEET-985182180178579456-985250446804705280>
None
2018-04-14 15:23:30 [scrapy] DEBUG: Scraped from <200 https://twitter.com/i/search/timeline?l=en&f=tweets&q=%22Eye%20Colour%22&src=typed&max_position=TWEET-985182180178579456-985250446804705280>
None
2018-04-14 15:23:30 [scrapy] DEBUG: Scraped from <200 https://twitter.com/i/search/timeline?l=en&f=tweets&q=%22Eye%20Colour%22&src=typed&max_position=TWEET-985182180178579456-985250446804705280>
None
2018-04-14 15:23:31 [scrapy] DEBUG: Crawled (200) <GET https://twitter.com/i/search/timeline?l=en&f=tweets&q=%22Eye%20Colour%22&src=typed&max_position=TWEET-985064626714021888-985250446804705280> (referer: https://twitter.com/i/search/timeline?l=en&f=tweets&q=%22Eye%20Colour%22&src=typed&max_position=TWEET-985182180178579456-985250446804705280)
2018-04-14 15:23:31 [scrapy] DEBUG: Scraped from <200 https://twitter.com/i/search/timeline?l=en&f=tweets&q=%22Eye%20Colour%22&src=typed&max_position=TWEET-985064626714021888-985250446804705280>
None
2018-04-14 15:23:31 [scrapy] DEBUG: Scraped from <200 https://twitter.com/i/search/timeline?l=en&f=tweets&q=%22Eye%20Colour%22&src=typed&max_position=TWEET-985064626714021888-985250446804705280>
None
2018-04-14 15:23:31 [scrapy] DEBUG: Scraped from <200 https://twitter.com/i/search/timeline?l=en&f=tweets&q=%22Eye%20Colour%22&src=typed&max_position=TWEET-985064626714021888-985250446804705280>
None
2018-04-14 15:23:31 [scrapy] DEBUG: Scraped from <200 https://twitter.com/i/search/timeline?l=en&f=tweets&q=%22Eye%20Colour%22&src=typed&max_position=TWEET-985064626714021888-985250446804705280>
None
2018-04-14 15:23:32 [scrapy] DEBUG: Scraped from <200 https://twitter.com/i/search/timeline?l=en&f=tweets&q=%22Eye%20Colour%22&src=typed&max_position=TWEET-985064626714021888-985250446804705280>
None
2018-04-14 15:23:32 [scrapy] DEBUG: Scraped from <200 https://twitter.com/i/search/timeline?l=en&f=tweets&q=%22Eye%20Colour%22&src=typed&max_position=TWEET-985064626714021888-985250446804705280>
None
2018-04-14 15:23:32 [scrapy] DEBUG: Scraped from <200 https://twitter.com/i/search/timeline?l=en&f=tweets&q=%22Eye%20Colour%22&src=typed&max_position=TWEET-985064626714021888-985250446804705280>
None
2018-04-14 15:23:32 [scrapy] DEBUG: Scraped from <200 https://twitter.com/i/search/timeline?l=en&f=tweets&q=%22Eye%20Colour%22&src=typed&max_position=TWEET-985064626714021888-985250446804705280>
None
2018-04-14 15:23:32 [scrapy] DEBUG: Scraped from <200 https://twitter.com/i/search/timeline?l=en&f=tweets&q=%22Eye%20Colour%22&src=typed&max_position=TWEET-985064626714021888-985250446804705280>
None
2018-04-14 15:23:32 [scrapy] DEBUG: Scraped from <200 https://twitter.com/i/search/timeline?l=en&f=tweets&q=%22Eye%20Colour%22&src=typed&max_position=TWEET-985064626714021888-985250446804705280>
None
2018-04-14 15:23:32 [scrapy] DEBUG: Scraped from <200 https://twitter.com/i/search/timeline?l=en&f=tweets&q=%22Eye%20Colour%22&src=typed&max_position=TWEET-985064626714021888-985250446804705280>
None
2018-04-14 15:23:32 [scrapy] DEBUG: Scraped from <200 https://twitter.com/i/search/timeline?l=en&f=tweets&q=%22Eye%20Colour%22&src=typed&max_position=TWEET-985064626714021888-985250446804705280>
None
2018-04-14 15:23:32 [scrapy] DEBUG: Scraped from <200 https://twitter.com/i/search/timeline?l=en&f=tweets&q=%22Eye%20Colour%22&src=typed&max_position=TWEET-985064626714021888-985250446804705280>
None
2018-04-14 15:23:32 [scrapy] DEBUG: Scraped from <200 https://twitter.com/i/search/timeline?l=en&f=tweets&q=%22Eye%20Colour%22&src=typed&max_position=TWEET-985064626714021888-985250446804705280>
None
2018-04-14 15:23:32 [scrapy] DEBUG: Scraped from <200 https://twitter.com/i/search/timeline?l=en&f=tweets&q=%22Eye%20Colour%22&src=typed&max_position=TWEET-985064626714021888-985250446804705280>
None
2018-04-14 15:23:32 [scrapy] DEBUG: Scraped from <200 https://twitter.com/i/search/timeline?l=en&f=tweets&q=%22Eye%20Colour%22&src=typed&max_position=TWEET-985064626714021888-985250446804705280>
None
2018-04-14 15:23:32 [scrapy] DEBUG: Scraped from <200 https://twitter.com/i/search/timeline?l=en&f=tweets&q=%22Eye%20Colour%22&src=typed&max_position=TWEET-985064626714021888-985250446804705280>
None
2018-04-14 15:23:33 [scrapy] DEBUG: Scraped from <200 https://twitter.com/i/search/timeline?l=en&f=tweets&q=%22Eye%20Colour%22&src=typed&max_position=TWEET-985064626714021888-985250446804705280>
None
2018-04-14 15:23:33 [scrapy] DEBUG: Scraped from <200 https://twitter.com/i/search/timeline?l=en&f=tweets&q=%22Eye%20Colour%22&src=typed&max_position=TWEET-985064626714021888-985250446804705280>
None
2018-04-14 15:23:33 [scrapy] DEBUG: Scraped from <200 https://twitter.com/i/search/timeline?l=en&f=tweets&q=%22Eye%20Colour%22&src=typed&max_position=TWEET-985064626714021888-985250446804705280>
None
2018-04-14 15:23:33 [scrapy] DEBUG: Crawled (200) <GET https://twitter.com/i/search/timeline?l=en&f=tweets&q=%22Eye%20Colour%22&src=typed&max_position=TWEET-984943169518399488-985250446804705280> (referer: https://twitter.com/i/search/timeline?l=en&f=tweets&q=%22Eye%20Colour%22&src=typed&max_position=TWEET-985064626714021888-985250446804705280)
2018-04-14 15:23:33 [scrapy] DEBUG: Scraped from <200 https://twitter.com/i/search/timeline?l=en&f=tweets&q=%22Eye%20Colour%22&src=typed&max_position=TWEET-984943169518399488-985250446804705280>
None
2018-04-14 15:23:33 [scrapy] DEBUG: Scraped from <200 https://twitter.com/i/search/timeline?l=en&f=tweets&q=%22Eye%20Colour%22&src=typed&max_position=TWEET-984943169518399488-985250446804705280>
None
2018-04-14 15:23:33 [scrapy] DEBUG: Scraped from <200 https://twitter.com/i/search/timeline?l=en&f=tweets&q=%22Eye%20Colour%22&src=typed&max_position=TWEET-984943169518399488-985250446804705280>
None
2018-04-14 15:23:34 [scrapy] DEBUG: Scraped from <200 https://twitter.com/i/search/timeline?l=en&f=tweets&q=%22Eye%20Colour%22&src=typed&max_position=TWEET-984943169518399488-985250446804705280>
None
2018-04-14 15:23:34 [scrapy] DEBUG: Scraped from <200 https://twitter.com/i/search/timeline?l=en&f=tweets&q=%22Eye%20Colour%22&src=typed&max_position=TWEET-984943169518399488-985250446804705280>
None
2018-04-14 15:23:34 [scrapy] DEBUG: Scraped from <200 https://twitter.com/i/search/timeline?l=en&f=tweets&q=%22Eye%20Colour%22&src=typed&max_position=TWEET-984943169518399488-985250446804705280>
None
2018-04-14 15:23:34 [scrapy] DEBUG: Scraped from <200 https://twitter.com/i/search/timeline?l=en&f=tweets&q=%22Eye%20Colour%22&src=typed&max_position=TWEET-984943169518399488-985250446804705280>
None
2018-04-14 15:23:34 [scrapy] DEBUG: Scraped from <200 https://twitter.com/i/search/timeline?l=en&f=tweets&q=%22Eye%20Colour%22&src=typed&max_position=TWEET-984943169518399488-985250446804705280>
None
2018-04-14 15:23:34 [scrapy] DEBUG: Scraped from <200 https://twitter.com/i/search/timeline?l=en&f=tweets&q=%22Eye%20Colour%22&src=typed&max_position=TWEET-984943169518399488-985250446804705280>
None
2018-04-14 15:23:34 [scrapy] DEBUG: Scraped from <200 https://twitter.com/i/search/timeline?l=en&f=tweets&q=%22Eye%20Colour%22&src=typed&max_position=TWEET-984943169518399488-985250446804705280>
None
2018-04-14 15:23:34 [scrapy] DEBUG: Scraped from <200 https://twitter.com/i/search/timeline?l=en&f=tweets&q=%22Eye%20Colour%22&src=typed&max_position=TWEET-984943169518399488-985250446804705280>
None
2018-04-14 15:23:34 [scrapy] DEBUG: Scraped from <200 https://twitter.com/i/search/timeline?l=en&f=tweets&q=%22Eye%20Colour%22&src=typed&max_position=TWEET-984943169518399488-985250446804705280>
None
2018-04-14 15:23:34 [scrapy] DEBUG: Scraped from <200 https://twitter.com/i/search/timeline?l=en&f=tweets&q=%22Eye%20Colour%22&src=typed&max_position=TWEET-984943169518399488-985250446804705280>
None
2018-04-14 15:23:34 [scrapy] DEBUG: Scraped from <200 https://twitter.com/i/search/timeline?l=en&f=tweets&q=%22Eye%20Colour%22&src=typed&max_position=TWEET-984943169518399488-985250446804705280>
None
2018-04-14 15:23:34 [scrapy] DEBUG: Scraped from <200 https://twitter.com/i/search/timeline?l=en&f=tweets&q=%22Eye%20Colour%22&src=typed&max_position=TWEET-984943169518399488-985250446804705280>
None
2018-04-14 15:23:34 [scrapy] DEBUG: Scraped from <200 https://twitter.com/i/search/timeline?l=en&f=tweets&q=%22Eye%20Colour%22&src=typed&max_position=TWEET-984943169518399488-985250446804705280>
None
2018-04-14 15:23:35 [scrapy] DEBUG: Scraped from <200 https://twitter.com/i/search/timeline?l=en&f=tweets&q=%22Eye%20Colour%22&src=typed&max_position=TWEET-984943169518399488-985250446804705280>
None
2018-04-14 15:23:35 [scrapy] DEBUG: Scraped from <200 https://twitter.com/i/search/timeline?l=en&f=tweets&q=%22Eye%20Colour%22&src=typed&max_position=TWEET-984943169518399488-985250446804705280>
None
2018-04-14 15:23:35 [scrapy] DEBUG: Scraped from <200 https://twitter.com/i/search/timeline?l=en&f=tweets&q=%22Eye%20Colour%22&src=typed&max_position=TWEET-984943169518399488-985250446804705280>
None
2018-04-14 15:23:35 [scrapy] DEBUG: Crawled (200) <GET https://twitter.com/i/search/timeline?l=en&f=tweets&q=%22Eye%20Colour%22&src=typed&max_position=TWEET-984883907811213317-985250446804705280> (referer: https://twitter.com/i/search/timeline?l=en&f=tweets&q=%22Eye%20Colour%22&src=typed&max_position=TWEET-984943169518399488-985250446804705280)
2018-04-14 15:23:36 [scrapy] DEBUG: Scraped from <200 https://twitter.com/i/search/timeline?l=en&f=tweets&q=%22Eye%20Colour%22&src=typed&max_position=TWEET-984883907811213317-985250446804705280>
None
2018-04-14 15:23:36 [scrapy] DEBUG: Scraped from <200 https://twitter.com/i/search/timeline?l=en&f=tweets&q=%22Eye%20Colour%22&src=typed&max_position=TWEET-984883907811213317-985250446804705280>
None
2018-04-14 15:23:36 [scrapy] DEBUG: Scraped from <200 https://twitter.com/i/search/timeline?l=en&f=tweets&q=%22Eye%20Colour%22&src=typed&max_position=TWEET-984883907811213317-985250446804705280>
None
2018-04-14 15:23:36 [scrapy] DEBUG: Scraped from <200 https://twitter.com/i/search/timeline?l=en&f=tweets&q=%22Eye%20Colour%22&src=typed&max_position=TWEET-984883907811213317-985250446804705280>
None
2018-04-14 15:23:36 [scrapy] DEBUG: Scraped from <200 https://twitter.com/i/search/timeline?l=en&f=tweets&q=%22Eye%20Colour%22&src=typed&max_position=TWEET-984883907811213317-985250446804705280>
None
2018-04-14 15:23:36 [scrapy] DEBUG: Scraped from <200 https://twitter.com/i/search/timeline?l=en&f=tweets&q=%22Eye%20Colour%22&src=typed&max_position=TWEET-984883907811213317-985250446804705280>
None
2018-04-14 15:23:36 [scrapy] DEBUG: Scraped from <200 https://twitter.com/i/search/timeline?l=en&f=tweets&q=%22Eye%20Colour%22&src=typed&max_position=TWEET-984883907811213317-985250446804705280>
None
2018-04-14 15:23:36 [scrapy] DEBUG: Scraped from <200 https://twitter.com/i/search/timeline?l=en&f=tweets&q=%22Eye%20Colour%22&src=typed&max_position=TWEET-984883907811213317-985250446804705280>
None
2018-04-14 15:23:36 [scrapy] DEBUG: Scraped from <200 https://twitter.com/i/search/timeline?l=en&f=tweets&q=%22Eye%20Colour%22&src=typed&max_position=TWEET-984883907811213317-985250446804705280>
None
2018-04-14 15:23:36 [scrapy] DEBUG: Scraped from <200 https://twitter.com/i/search/timeline?l=en&f=tweets&q=%22Eye%20Colour%22&src=typed&max_position=TWEET-984883907811213317-985250446804705280>
None
2018-04-14 15:23:36 [scrapy] DEBUG: Scraped from <200 https://twitter.com/i/search/timeline?l=en&f=tweets&q=%22Eye%20Colour%22&src=typed&max_position=TWEET-984883907811213317-985250446804705280>
None
2018-04-14 15:23:36 [scrapy] DEBUG: Scraped from <200 https://twitter.com/i/search/timeline?l=en&f=tweets&q=%22Eye%20Colour%22&src=typed&max_position=TWEET-984883907811213317-985250446804705280>
None
2018-04-14 15:23:36 [scrapy] DEBUG: Scraped from <200 https://twitter.com/i/search/timeline?l=en&f=tweets&q=%22Eye%20Colour%22&src=typed&max_position=TWEET-984883907811213317-985250446804705280>
None
2018-04-14 15:23:37 [scrapy] DEBUG: Scraped from <200 https://twitter.com/i/search/timeline?l=en&f=tweets&q=%22Eye%20Colour%22&src=typed&max_position=TWEET-984883907811213317-985250446804705280>
None
2018-04-14 15:23:37 [scrapy] DEBUG: Scraped from <200 https://twitter.com/i/search/timeline?l=en&f=tweets&q=%22Eye%20Colour%22&src=typed&max_position=TWEET-984883907811213317-985250446804705280>
None
2018-04-14 15:23:37 [scrapy] DEBUG: Scraped from <200 https://twitter.com/i/search/timeline?l=en&f=tweets&q=%22Eye%20Colour%22&src=typed&max_position=TWEET-984883907811213317-985250446804705280>
None
2018-04-14 15:23:37 [scrapy] DEBUG: Scraped from <200 https://twitter.com/i/search/timeline?l=en&f=tweets&q=%22Eye%20Colour%22&src=typed&max_position=TWEET-984883907811213317-985250446804705280>
None
2018-04-14 15:23:37 [scrapy] DEBUG: Scraped from <200 https://twitter.com/i/search/timeline?l=en&f=tweets&q=%22Eye%20Colour%22&src=typed&max_position=TWEET-984883907811213317-985250446804705280>
None
2018-04-14 15:23:37 [scrapy] DEBUG: Scraped from <200 https://twitter.com/i/search/timeline?l=en&f=tweets&q=%22Eye%20Colour%22&src=typed&max_position=TWEET-984883907811213317-985250446804705280>
None
2018-04-14 15:23:37 [scrapy] DEBUG: Scraped from <200 https://twitter.com/i/search/timeline?l=en&f=tweets&q=%22Eye%20Colour%22&src=typed&max_position=TWEET-984883907811213317-985250446804705280>
None
2018-04-14 15:23:37 [scrapy] DEBUG: Crawled (200) <GET https://twitter.com/i/search/timeline?l=en&f=tweets&q=%22Eye%20Colour%22&src=typed&max_position=TWEET-984802848205627392-985250446804705280> (referer: https://twitter.com/i/search/timeline?l=en&f=tweets&q=%22Eye%20Colour%22&src=typed&max_position=TWEET-984883907811213317-985250446804705280)
2018-04-14 15:23:38 [scrapy] DEBUG: Scraped from <200 https://twitter.com/i/search/timeline?l=en&f=tweets&q=%22Eye%20Colour%22&src=typed&max_position=TWEET-984802848205627392-985250446804705280>
None
2018-04-14 15:23:38 [scrapy] DEBUG: Scraped from <200 https://twitter.com/i/search/timeline?l=en&f=tweets&q=%22Eye%20Colour%22&src=typed&max_position=TWEET-984802848205627392-985250446804705280>
None
2018-04-14 15:23:38 [scrapy] DEBUG: Scraped from <200 https://twitter.com/i/search/timeline?l=en&f=tweets&q=%22Eye%20Colour%22&src=typed&max_position=TWEET-984802848205627392-985250446804705280>
None
2018-04-14 15:23:38 [scrapy] DEBUG: Scraped from <200 https://twitter.com/i/search/timeline?l=en&f=tweets&q=%22Eye%20Colour%22&src=typed&max_position=TWEET-984802848205627392-985250446804705280>
None
2018-04-14 15:23:38 [scrapy] DEBUG: Scraped from <200 https://twitter.com/i/search/timeline?l=en&f=tweets&q=%22Eye%20Colour%22&src=typed&max_position=TWEET-984802848205627392-985250446804705280>
None
2018-04-14 15:23:38 [scrapy] DEBUG: Scraped from <200 https://twitter.com/i/search/timeline?l=en&f=tweets&q=%22Eye%20Colour%22&src=typed&max_position=TWEET-984802848205627392-985250446804705280>
None
2018-04-14 15:23:38 [scrapy] DEBUG: Scraped from <200 https://twitter.com/i/search/timeline?l=en&f=tweets&q=%22Eye%20Colour%22&src=typed&max_position=TWEET-984802848205627392-985250446804705280>
None
2018-04-14 15:23:38 [scrapy] DEBUG: Scraped from <200 https://twitter.com/i/search/timeline?l=en&f=tweets&q=%22Eye%20Colour%22&src=typed&max_position=TWEET-984802848205627392-985250446804705280>
None
2018-04-14 15:23:38 [scrapy] DEBUG: Scraped from <200 https://twitter.com/i/search/timeline?l=en&f=tweets&q=%22Eye%20Colour%22&src=typed&max_position=TWEET-984802848205627392-985250446804705280>
None
2018-04-14 15:23:38 [scrapy] DEBUG: Scraped from <200 https://twitter.com/i/search/timeline?l=en&f=tweets&q=%22Eye%20Colour%22&src=typed&max_position=TWEET-984802848205627392-985250446804705280>
None
2018-04-14 15:23:38 [scrapy] DEBUG: Scraped from <200 https://twitter.com/i/search/timeline?l=en&f=tweets&q=%22Eye%20Colour%22&src=typed&max_position=TWEET-984802848205627392-985250446804705280>
None
2018-04-14 15:23:38 [scrapy] DEBUG: Scraped from <200 https://twitter.com/i/search/timeline?l=en&f=tweets&q=%22Eye%20Colour%22&src=typed&max_position=TWEET-984802848205627392-985250446804705280>
None
2018-04-14 15:23:39 [scrapy] DEBUG: Scraped from <200 https://twitter.com/i/search/timeline?l=en&f=tweets&q=%22Eye%20Colour%22&src=typed&max_position=TWEET-984802848205627392-985250446804705280>
None
2018-04-14 15:23:39 [scrapy] DEBUG: Scraped from <200 https://twitter.com/i/search/timeline?l=en&f=tweets&q=%22Eye%20Colour%22&src=typed&max_position=TWEET-984802848205627392-985250446804705280>
None
2018-04-14 15:23:39 [scrapy] DEBUG: Scraped from <200 https://twitter.com/i/search/timeline?l=en&f=tweets&q=%22Eye%20Colour%22&src=typed&max_position=TWEET-984802848205627392-985250446804705280>
None
2018-04-14 15:23:39 [scrapy] DEBUG: Scraped from <200 https://twitter.com/i/search/timeline?l=en&f=tweets&q=%22Eye%20Colour%22&src=typed&max_position=TWEET-984802848205627392-985250446804705280>
None
2018-04-14 15:23:39 [scrapy] DEBUG: Scraped from <200 https://twitter.com/i/search/timeline?l=en&f=tweets&q=%22Eye%20Colour%22&src=typed&max_position=TWEET-984802848205627392-985250446804705280>
None
2018-04-14 15:23:39 [scrapy] DEBUG: Scraped from <200 https://twitter.com/i/search/timeline?l=en&f=tweets&q=%22Eye%20Colour%22&src=typed&max_position=TWEET-984802848205627392-985250446804705280>
None
2018-04-14 15:23:39 [scrapy] DEBUG: Scraped from <200 https://twitter.com/i/search/timeline?l=en&f=tweets&q=%22Eye%20Colour%22&src=typed&max_position=TWEET-984802848205627392-985250446804705280>
None
2018-04-14 15:23:39 [scrapy] DEBUG: Scraped from <200 https://twitter.com/i/search/timeline?l=en&f=tweets&q=%22Eye%20Colour%22&src=typed&max_position=TWEET-984802848205627392-985250446804705280>
None
2018-04-14 15:23:40 [scrapy] DEBUG: Crawled (200) <GET https://twitter.com/i/search/timeline?l=en&f=tweets&q=%22Eye%20Colour%22&src=typed&max_position=TWEET-984757190958440448-985250446804705280> (referer: https://twitter.com/i/search/timeline?l=en&f=tweets&q=%22Eye%20Colour%22&src=typed&max_position=TWEET-984802848205627392-985250446804705280)
2018-04-14 15:23:40 [scrapy] DEBUG: Scraped from <200 https://twitter.com/i/search/timeline?l=en&f=tweets&q=%22Eye%20Colour%22&src=typed&max_position=TWEET-984757190958440448-985250446804705280>
None
2018-04-14 15:23:40 [scrapy] DEBUG: Scraped from <200 https://twitter.com/i/search/timeline?l=en&f=tweets&q=%22Eye%20Colour%22&src=typed&max_position=TWEET-984757190958440448-985250446804705280>
None
2018-04-14 15:23:40 [scrapy] DEBUG: Scraped from <200 https://twitter.com/i/search/timeline?l=en&f=tweets&q=%22Eye%20Colour%22&src=typed&max_position=TWEET-984757190958440448-985250446804705280>
None
2018-04-14 15:23:40 [scrapy] DEBUG: Scraped from <200 https://twitter.com/i/search/timeline?l=en&f=tweets&q=%22Eye%20Colour%22&src=typed&max_position=TWEET-984757190958440448-985250446804705280>
None
2018-04-14 15:23:40 [scrapy] DEBUG: Scraped from <200 https://twitter.com/i/search/timeline?l=en&f=tweets&q=%22Eye%20Colour%22&src=typed&max_position=TWEET-984757190958440448-985250446804705280>
None
2018-04-14 15:23:40 [scrapy] DEBUG: Scraped from <200 https://twitter.com/i/search/timeline?l=en&f=tweets&q=%22Eye%20Colour%22&src=typed&max_position=TWEET-984757190958440448-985250446804705280>
None
2018-04-14 15:23:41 [scrapy] DEBUG: Scraped from <200 https://twitter.com/i/search/timeline?l=en&f=tweets&q=%22Eye%20Colour%22&src=typed&max_position=TWEET-984757190958440448-985250446804705280>
None
2018-04-14 15:23:41 [scrapy] DEBUG: Scraped from <200 https://twitter.com/i/search/timeline?l=en&f=tweets&q=%22Eye%20Colour%22&src=typed&max_position=TWEET-984757190958440448-985250446804705280>
None
2018-04-14 15:23:41 [scrapy] DEBUG: Scraped from <200 https://twitter.com/i/search/timeline?l=en&f=tweets&q=%22Eye%20Colour%22&src=typed&max_position=TWEET-984757190958440448-985250446804705280>
None
2018-04-14 15:23:41 [scrapy] DEBUG: Scraped from <200 https://twitter.com/i/search/timeline?l=en&f=tweets&q=%22Eye%20Colour%22&src=typed&max_position=TWEET-984757190958440448-985250446804705280>
None
2018-04-14 15:23:41 [scrapy] DEBUG: Scraped from <200 https://twitter.com/i/search/timeline?l=en&f=tweets&q=%22Eye%20Colour%22&src=typed&max_position=TWEET-984757190958440448-985250446804705280>
None
2018-04-14 15:23:41 [scrapy] DEBUG: Scraped from <200 https://twitter.com/i/search/timeline?l=en&f=tweets&q=%22Eye%20Colour%22&src=typed&max_position=TWEET-984757190958440448-985250446804705280>
None
2018-04-14 15:23:41 [scrapy] DEBUG: Scraped from <200 https://twitter.com/i/search/timeline?l=en&f=tweets&q=%22Eye%20Colour%22&src=typed&max_position=TWEET-984757190958440448-985250446804705280>
None
2018-04-14 15:23:41 [scrapy] DEBUG: Scraped from <200 https://twitter.com/i/search/timeline?l=en&f=tweets&q=%22Eye%20Colour%22&src=typed&max_position=TWEET-984757190958440448-985250446804705280>
None
2018-04-14 15:23:41 [scrapy] DEBUG: Scraped from <200 https://twitter.com/i/search/timeline?l=en&f=tweets&q=%22Eye%20Colour%22&src=typed&max_position=TWEET-984757190958440448-985250446804705280>
None
2018-04-14 15:23:41 [scrapy] DEBUG: Scraped from <200 https://twitter.com/i/search/timeline?l=en&f=tweets&q=%22Eye%20Colour%22&src=typed&max_position=TWEET-984757190958440448-985250446804705280>
None
2018-04-14 15:23:41 [scrapy] DEBUG: Scraped from <200 https://twitter.com/i/search/timeline?l=en&f=tweets&q=%22Eye%20Colour%22&src=typed&max_position=TWEET-984757190958440448-985250446804705280>
None
2018-04-14 15:23:41 [scrapy] DEBUG: Scraped from <200 https://twitter.com/i/search/timeline?l=en&f=tweets&q=%22Eye%20Colour%22&src=typed&max_position=TWEET-984757190958440448-985250446804705280>
None
2018-04-14 15:23:41 [scrapy] DEBUG: Scraped from <200 https://twitter.com/i/search/timeline?l=en&f=tweets&q=%22Eye%20Colour%22&src=typed&max_position=TWEET-984757190958440448-985250446804705280>
None
2018-04-14 15:23:42 [scrapy] DEBUG: Scraped from <200 https://twitter.com/i/search/timeline?l=en&f=tweets&q=%22Eye%20Colour%22&src=typed&max_position=TWEET-984757190958440448-985250446804705280>
None
2018-04-14 15:23:42 [scrapy] DEBUG: Crawled (200) <GET https://twitter.com/i/search/timeline?l=en&f=tweets&q=%22Eye%20Colour%22&src=typed&max_position=TWEET-984655513689436161-985250446804705280> (referer: https://twitter.com/i/search/timeline?l=en&f=tweets&q=%22Eye%20Colour%22&src=typed&max_position=TWEET-984757190958440448-985250446804705280)
2018-04-14 15:23:42 [scrapy] DEBUG: Scraped from <200 https://twitter.com/i/search/timeline?l=en&f=tweets&q=%22Eye%20Colour%22&src=typed&max_position=TWEET-984655513689436161-985250446804705280>
None
2018-04-14 15:23:42 [scrapy] DEBUG: Scraped from <200 https://twitter.com/i/search/timeline?l=en&f=tweets&q=%22Eye%20Colour%22&src=typed&max_position=TWEET-984655513689436161-985250446804705280>
None
2018-04-14 15:23:42 [scrapy] DEBUG: Scraped from <200 https://twitter.com/i/search/timeline?l=en&f=tweets&q=%22Eye%20Colour%22&src=typed&max_position=TWEET-984655513689436161-985250446804705280>
None
2018-04-14 15:23:42 [scrapy] DEBUG: Scraped from <200 https://twitter.com/i/search/timeline?l=en&f=tweets&q=%22Eye%20Colour%22&src=typed&max_position=TWEET-984655513689436161-985250446804705280>
None
2018-04-14 15:23:42 [scrapy] DEBUG: Scraped from <200 https://twitter.com/i/search/timeline?l=en&f=tweets&q=%22Eye%20Colour%22&src=typed&max_position=TWEET-984655513689436161-985250446804705280>
None
2018-04-14 15:23:43 [scrapy] DEBUG: Scraped from <200 https://twitter.com/i/search/timeline?l=en&f=tweets&q=%22Eye%20Colour%22&src=typed&max_position=TWEET-984655513689436161-985250446804705280>
None
2018-04-14 15:23:43 [scrapy] DEBUG: Scraped from <200 https://twitter.com/i/search/timeline?l=en&f=tweets&q=%22Eye%20Colour%22&src=typed&max_position=TWEET-984655513689436161-985250446804705280>
None
2018-04-14 15:23:43 [scrapy] DEBUG: Scraped from <200 https://twitter.com/i/search/timeline?l=en&f=tweets&q=%22Eye%20Colour%22&src=typed&max_position=TWEET-984655513689436161-985250446804705280>
None
2018-04-14 15:23:43 [scrapy] DEBUG: Scraped from <200 https://twitter.com/i/search/timeline?l=en&f=tweets&q=%22Eye%20Colour%22&src=typed&max_position=TWEET-984655513689436161-985250446804705280>
None
2018-04-14 15:23:43 [scrapy] DEBUG: Scraped from <200 https://twitter.com/i/search/timeline?l=en&f=tweets&q=%22Eye%20Colour%22&src=typed&max_position=TWEET-984655513689436161-985250446804705280>
None
2018-04-14 15:23:43 [scrapy] DEBUG: Scraped from <200 https://twitter.com/i/search/timeline?l=en&f=tweets&q=%22Eye%20Colour%22&src=typed&max_position=TWEET-984655513689436161-985250446804705280>
None
2018-04-14 15:23:43 [scrapy] DEBUG: Scraped from <200 https://twitter.com/i/search/timeline?l=en&f=tweets&q=%22Eye%20Colour%22&src=typed&max_position=TWEET-984655513689436161-985250446804705280>
None
2018-04-14 15:23:43 [scrapy] DEBUG: Scraped from <200 https://twitter.com/i/search/timeline?l=en&f=tweets&q=%22Eye%20Colour%22&src=typed&max_position=TWEET-984655513689436161-985250446804705280>
None
2018-04-14 15:23:43 [scrapy] DEBUG: Scraped from <200 https://twitter.com/i/search/timeline?l=en&f=tweets&q=%22Eye%20Colour%22&src=typed&max_position=TWEET-984655513689436161-985250446804705280>
None
2018-04-14 15:23:43 [scrapy] DEBUG: Scraped from <200 https://twitter.com/i/search/timeline?l=en&f=tweets&q=%22Eye%20Colour%22&src=typed&max_position=TWEET-984655513689436161-985250446804705280>
None
2018-04-14 15:23:43 [scrapy] DEBUG: Scraped from <200 https://twitter.com/i/search/timeline?l=en&f=tweets&q=%22Eye%20Colour%22&src=typed&max_position=TWEET-984655513689436161-985250446804705280>
None
2018-04-14 15:23:43 [scrapy] DEBUG: Scraped from <200 https://twitter.com/i/search/timeline?l=en&f=tweets&q=%22Eye%20Colour%22&src=typed&max_position=TWEET-984655513689436161-985250446804705280>
None
2018-04-14 15:23:43 [scrapy] DEBUG: Scraped from <200 https://twitter.com/i/search/timeline?l=en&f=tweets&q=%22Eye%20Colour%22&src=typed&max_position=TWEET-984655513689436161-985250446804705280>
None
2018-04-14 15:23:43 [scrapy] DEBUG: Scraped from <200 https://twitter.com/i/search/timeline?l=en&f=tweets&q=%22Eye%20Colour%22&src=typed&max_position=TWEET-984655513689436161-985250446804705280>
None
2018-04-14 15:23:44 [scrapy] DEBUG: Scraped from <200 https://twitter.com/i/search/timeline?l=en&f=tweets&q=%22Eye%20Colour%22&src=typed&max_position=TWEET-984655513689436161-985250446804705280>
None
2018-04-14 15:23:44 [scrapy] DEBUG: Crawled (200) <GET https://twitter.com/i/search/timeline?l=en&f=tweets&q=%22Eye%20Colour%22&src=typed&max_position=TWEET-984536829339693056-985250446804705280> (referer: https://twitter.com/i/search/timeline?l=en&f=tweets&q=%22Eye%20Colour%22&src=typed&max_position=TWEET-984655513689436161-985250446804705280)
2018-04-14 15:23:45 [scrapy] DEBUG: Scraped from <200 https://twitter.com/i/search/timeline?l=en&f=tweets&q=%22Eye%20Colour%22&src=typed&max_position=TWEET-984536829339693056-985250446804705280>
None
2018-04-14 15:23:45 [scrapy] DEBUG: Scraped from <200 https://twitter.com/i/search/timeline?l=en&f=tweets&q=%22Eye%20Colour%22&src=typed&max_position=TWEET-984536829339693056-985250446804705280>
None
2018-04-14 15:23:45 [scrapy] DEBUG: Scraped from <200 https://twitter.com/i/search/timeline?l=en&f=tweets&q=%22Eye%20Colour%22&src=typed&max_position=TWEET-984536829339693056-985250446804705280>
None
2018-04-14 15:23:45 [scrapy] DEBUG: Scraped from <200 https://twitter.com/i/search/timeline?l=en&f=tweets&q=%22Eye%20Colour%22&src=typed&max_position=TWEET-984536829339693056-985250446804705280>
None
2018-04-14 15:23:45 [scrapy] DEBUG: Scraped from <200 https://twitter.com/i/search/timeline?l=en&f=tweets&q=%22Eye%20Colour%22&src=typed&max_position=TWEET-984536829339693056-985250446804705280>
None
2018-04-14 15:23:45 [scrapy] DEBUG: Scraped from <200 https://twitter.com/i/search/timeline?l=en&f=tweets&q=%22Eye%20Colour%22&src=typed&max_position=TWEET-984536829339693056-985250446804705280>
None
2018-04-14 15:23:45 [scrapy] DEBUG: Scraped from <200 https://twitter.com/i/search/timeline?l=en&f=tweets&q=%22Eye%20Colour%22&src=typed&max_position=TWEET-984536829339693056-985250446804705280>
None
2018-04-14 15:23:45 [scrapy] DEBUG: Scraped from <200 https://twitter.com/i/search/timeline?l=en&f=tweets&q=%22Eye%20Colour%22&src=typed&max_position=TWEET-984536829339693056-985250446804705280>
None
2018-04-14 15:23:45 [scrapy] DEBUG: Scraped from <200 https://twitter.com/i/search/timeline?l=en&f=tweets&q=%22Eye%20Colour%22&src=typed&max_position=TWEET-984536829339693056-985250446804705280>
None
2018-04-14 15:23:45 [scrapy] DEBUG: Scraped from <200 https://twitter.com/i/search/timeline?l=en&f=tweets&q=%22Eye%20Colour%22&src=typed&max_position=TWEET-984536829339693056-985250446804705280>
None
2018-04-14 15:23:45 [scrapy] DEBUG: Scraped from <200 https://twitter.com/i/search/timeline?l=en&f=tweets&q=%22Eye%20Colour%22&src=typed&max_position=TWEET-984536829339693056-985250446804705280>
None
2018-04-14 15:23:45 [scrapy] DEBUG: Scraped from <200 https://twitter.com/i/search/timeline?l=en&f=tweets&q=%22Eye%20Colour%22&src=typed&max_position=TWEET-984536829339693056-985250446804705280>
None
2018-04-14 15:23:45 [scrapy] DEBUG: Scraped from <200 https://twitter.com/i/search/timeline?l=en&f=tweets&q=%22Eye%20Colour%22&src=typed&max_position=TWEET-984536829339693056-985250446804705280>
None
2018-04-14 15:23:45 [scrapy] DEBUG: Scraped from <200 https://twitter.com/i/search/timeline?l=en&f=tweets&q=%22Eye%20Colour%22&src=typed&max_position=TWEET-984536829339693056-985250446804705280>
None
2018-04-14 15:23:46 [scrapy] DEBUG: Scraped from <200 https://twitter.com/i/search/timeline?l=en&f=tweets&q=%22Eye%20Colour%22&src=typed&max_position=TWEET-984536829339693056-985250446804705280>
None
2018-04-14 15:23:46 [scrapy] DEBUG: Scraped from <200 https://twitter.com/i/search/timeline?l=en&f=tweets&q=%22Eye%20Colour%22&src=typed&max_position=TWEET-984536829339693056-985250446804705280>
None
2018-04-14 15:23:46 [scrapy] DEBUG: Scraped from <200 https://twitter.com/i/search/timeline?l=en&f=tweets&q=%22Eye%20Colour%22&src=typed&max_position=TWEET-984536829339693056-985250446804705280>
None
2018-04-14 15:23:46 [scrapy] DEBUG: Scraped from <200 https://twitter.com/i/search/timeline?l=en&f=tweets&q=%22Eye%20Colour%22&src=typed&max_position=TWEET-984536829339693056-985250446804705280>
None
2018-04-14 15:23:46 [scrapy] DEBUG: Scraped from <200 https://twitter.com/i/search/timeline?l=en&f=tweets&q=%22Eye%20Colour%22&src=typed&max_position=TWEET-984536829339693056-985250446804705280>
None
2018-04-14 15:23:46 [scrapy] DEBUG: Scraped from <200 https://twitter.com/i/search/timeline?l=en&f=tweets&q=%22Eye%20Colour%22&src=typed&max_position=TWEET-984536829339693056-985250446804705280>
None
2018-04-14 15:23:46 [scrapy] DEBUG: Crawled (200) <GET https://twitter.com/i/search/timeline?l=en&f=tweets&q=%22Eye%20Colour%22&src=typed&max_position=TWEET-984481899266695169-985250446804705280> (referer: https://twitter.com/i/search/timeline?l=en&f=tweets&q=%22Eye%20Colour%22&src=typed&max_position=TWEET-984536829339693056-985250446804705280)
2018-04-14 15:23:47 [scrapy] DEBUG: Scraped from <200 https://twitter.com/i/search/timeline?l=en&f=tweets&q=%22Eye%20Colour%22&src=typed&max_position=TWEET-984481899266695169-985250446804705280>
None
2018-04-14 15:23:47 [scrapy] DEBUG: Scraped from <200 https://twitter.com/i/search/timeline?l=en&f=tweets&q=%22Eye%20Colour%22&src=typed&max_position=TWEET-984481899266695169-985250446804705280>
None
2018-04-14 15:23:47 [scrapy] DEBUG: Scraped from <200 https://twitter.com/i/search/timeline?l=en&f=tweets&q=%22Eye%20Colour%22&src=typed&max_position=TWEET-984481899266695169-985250446804705280>
None
2018-04-14 15:23:47 [scrapy] DEBUG: Scraped from <200 https://twitter.com/i/search/timeline?l=en&f=tweets&q=%22Eye%20Colour%22&src=typed&max_position=TWEET-984481899266695169-985250446804705280>
None
2018-04-14 15:23:47 [scrapy] DEBUG: Scraped from <200 https://twitter.com/i/search/timeline?l=en&f=tweets&q=%22Eye%20Colour%22&src=typed&max_position=TWEET-984481899266695169-985250446804705280>
None
2018-04-14 15:23:47 [scrapy] DEBUG: Scraped from <200 https://twitter.com/i/search/timeline?l=en&f=tweets&q=%22Eye%20Colour%22&src=typed&max_position=TWEET-984481899266695169-985250446804705280>
None
2018-04-14 15:23:47 [scrapy] DEBUG: Scraped from <200 https://twitter.com/i/search/timeline?l=en&f=tweets&q=%22Eye%20Colour%22&src=typed&max_position=TWEET-984481899266695169-985250446804705280>
None
2018-04-14 15:23:47 [scrapy] DEBUG: Scraped from <200 https://twitter.com/i/search/timeline?l=en&f=tweets&q=%22Eye%20Colour%22&src=typed&max_position=TWEET-984481899266695169-985250446804705280>
None
2018-04-14 15:23:47 [scrapy] DEBUG: Scraped from <200 https://twitter.com/i/search/timeline?l=en&f=tweets&q=%22Eye%20Colour%22&src=typed&max_position=TWEET-984481899266695169-985250446804705280>
None
2018-04-14 15:23:47 [scrapy] DEBUG: Scraped from <200 https://twitter.com/i/search/timeline?l=en&f=tweets&q=%22Eye%20Colour%22&src=typed&max_position=TWEET-984481899266695169-985250446804705280>
None
2018-04-14 15:23:47 [scrapy] DEBUG: Scraped from <200 https://twitter.com/i/search/timeline?l=en&f=tweets&q=%22Eye%20Colour%22&src=typed&max_position=TWEET-984481899266695169-985250446804705280>
None
2018-04-14 15:23:48 [scrapy] DEBUG: Scraped from <200 https://twitter.com/i/search/timeline?l=en&f=tweets&q=%22Eye%20Colour%22&src=typed&max_position=TWEET-984481899266695169-985250446804705280>
None
2018-04-14 15:23:48 [scrapy] DEBUG: Scraped from <200 https://twitter.com/i/search/timeline?l=en&f=tweets&q=%22Eye%20Colour%22&src=typed&max_position=TWEET-984481899266695169-985250446804705280>
None
2018-04-14 15:23:48 [scrapy] DEBUG: Scraped from <200 https://twitter.com/i/search/timeline?l=en&f=tweets&q=%22Eye%20Colour%22&src=typed&max_position=TWEET-984481899266695169-985250446804705280>
None
2018-04-14 15:23:48 [scrapy] DEBUG: Scraped from <200 https://twitter.com/i/search/timeline?l=en&f=tweets&q=%22Eye%20Colour%22&src=typed&max_position=TWEET-984481899266695169-985250446804705280>
None
2018-04-14 15:23:48 [scrapy] DEBUG: Scraped from <200 https://twitter.com/i/search/timeline?l=en&f=tweets&q=%22Eye%20Colour%22&src=typed&max_position=TWEET-984481899266695169-985250446804705280>
None
2018-04-14 15:23:48 [scrapy] DEBUG: Scraped from <200 https://twitter.com/i/search/timeline?l=en&f=tweets&q=%22Eye%20Colour%22&src=typed&max_position=TWEET-984481899266695169-985250446804705280>
None
2018-04-14 15:23:48 [scrapy] DEBUG: Scraped from <200 https://twitter.com/i/search/timeline?l=en&f=tweets&q=%22Eye%20Colour%22&src=typed&max_position=TWEET-984481899266695169-985250446804705280>
None
2018-04-14 15:23:48 [scrapy] DEBUG: Scraped from <200 https://twitter.com/i/search/timeline?l=en&f=tweets&q=%22Eye%20Colour%22&src=typed&max_position=TWEET-984481899266695169-985250446804705280>
None
2018-04-14 15:23:49 [scrapy] DEBUG: Crawled (200) <GET https://twitter.com/i/search/timeline?l=en&f=tweets&q=%22Eye%20Colour%22&src=typed&max_position=TWEET-984444531176226816-985250446804705280> (referer: https://twitter.com/i/search/timeline?l=en&f=tweets&q=%22Eye%20Colour%22&src=typed&max_position=TWEET-984481899266695169-985250446804705280)
2018-04-14 15:23:49 [scrapy] DEBUG: Scraped from <200 https://twitter.com/i/search/timeline?l=en&f=tweets&q=%22Eye%20Colour%22&src=typed&max_position=TWEET-984444531176226816-985250446804705280>
None
2018-04-14 15:23:49 [scrapy] DEBUG: Scraped from <200 https://twitter.com/i/search/timeline?l=en&f=tweets&q=%22Eye%20Colour%22&src=typed&max_position=TWEET-984444531176226816-985250446804705280>
None
2018-04-14 15:23:49 [scrapy] DEBUG: Scraped from <200 https://twitter.com/i/search/timeline?l=en&f=tweets&q=%22Eye%20Colour%22&src=typed&max_position=TWEET-984444531176226816-985250446804705280>
None
2018-04-14 15:23:49 [scrapy] DEBUG: Scraped from <200 https://twitter.com/i/search/timeline?l=en&f=tweets&q=%22Eye%20Colour%22&src=typed&max_position=TWEET-984444531176226816-985250446804705280>
None
2018-04-14 15:23:49 [scrapy] DEBUG: Scraped from <200 https://twitter.com/i/search/timeline?l=en&f=tweets&q=%22Eye%20Colour%22&src=typed&max_position=TWEET-984444531176226816-985250446804705280>
None
2018-04-14 15:23:49 [scrapy] DEBUG: Scraped from <200 https://twitter.com/i/search/timeline?l=en&f=tweets&q=%22Eye%20Colour%22&src=typed&max_position=TWEET-984444531176226816-985250446804705280>
None
2018-04-14 15:23:49 [scrapy] DEBUG: Scraped from <200 https://twitter.com/i/search/timeline?l=en&f=tweets&q=%22Eye%20Colour%22&src=typed&max_position=TWEET-984444531176226816-985250446804705280>
None
2018-04-14 15:23:49 [scrapy] DEBUG: Scraped from <200 https://twitter.com/i/search/timeline?l=en&f=tweets&q=%22Eye%20Colour%22&src=typed&max_position=TWEET-984444531176226816-985250446804705280>
None
2018-04-14 15:23:49 [scrapy] DEBUG: Scraped from <200 https://twitter.com/i/search/timeline?l=en&f=tweets&q=%22Eye%20Colour%22&src=typed&max_position=TWEET-984444531176226816-985250446804705280>
None
2018-04-14 15:23:50 [scrapy] DEBUG: Scraped from <200 https://twitter.com/i/search/timeline?l=en&f=tweets&q=%22Eye%20Colour%22&src=typed&max_position=TWEET-984444531176226816-985250446804705280>
None
2018-04-14 15:23:50 [scrapy] DEBUG: Scraped from <200 https://twitter.com/i/search/timeline?l=en&f=tweets&q=%22Eye%20Colour%22&src=typed&max_position=TWEET-984444531176226816-985250446804705280>
None
2018-04-14 15:23:50 [scrapy] DEBUG: Scraped from <200 https://twitter.com/i/search/timeline?l=en&f=tweets&q=%22Eye%20Colour%22&src=typed&max_position=TWEET-984444531176226816-985250446804705280>
None
2018-04-14 15:23:50 [scrapy] DEBUG: Scraped from <200 https://twitter.com/i/search/timeline?l=en&f=tweets&q=%22Eye%20Colour%22&src=typed&max_position=TWEET-984444531176226816-985250446804705280>
None
2018-04-14 15:23:50 [scrapy] DEBUG: Scraped from <200 https://twitter.com/i/search/timeline?l=en&f=tweets&q=%22Eye%20Colour%22&src=typed&max_position=TWEET-984444531176226816-985250446804705280>
None
2018-04-14 15:23:50 [scrapy] DEBUG: Scraped from <200 https://twitter.com/i/search/timeline?l=en&f=tweets&q=%22Eye%20Colour%22&src=typed&max_position=TWEET-984444531176226816-985250446804705280>
None
2018-04-14 15:23:50 [scrapy] DEBUG: Scraped from <200 https://twitter.com/i/search/timeline?l=en&f=tweets&q=%22Eye%20Colour%22&src=typed&max_position=TWEET-984444531176226816-985250446804705280>
None
2018-04-14 15:23:50 [scrapy] DEBUG: Scraped from <200 https://twitter.com/i/search/timeline?l=en&f=tweets&q=%22Eye%20Colour%22&src=typed&max_position=TWEET-984444531176226816-985250446804705280>
None
2018-04-14 15:23:50 [scrapy] DEBUG: Scraped from <200 https://twitter.com/i/search/timeline?l=en&f=tweets&q=%22Eye%20Colour%22&src=typed&max_position=TWEET-984444531176226816-985250446804705280>
None
2018-04-14 15:23:50 [scrapy] DEBUG: Crawled (200) <GET https://twitter.com/i/search/timeline?l=en&f=tweets&q=%22Eye%20Colour%22&src=typed&max_position=TWEET-984372281932562434-985250446804705280> (referer: https://twitter.com/i/search/timeline?l=en&f=tweets&q=%22Eye%20Colour%22&src=typed&max_position=TWEET-984444531176226816-985250446804705280)
2018-04-14 15:23:51 [scrapy] DEBUG: Scraped from <200 https://twitter.com/i/search/timeline?l=en&f=tweets&q=%22Eye%20Colour%22&src=typed&max_position=TWEET-984372281932562434-985250446804705280>
None
2018-04-14 15:23:51 [scrapy] DEBUG: Scraped from <200 https://twitter.com/i/search/timeline?l=en&f=tweets&q=%22Eye%20Colour%22&src=typed&max_position=TWEET-984372281932562434-985250446804705280>
None
2018-04-14 15:23:51 [scrapy] DEBUG: Scraped from <200 https://twitter.com/i/search/timeline?l=en&f=tweets&q=%22Eye%20Colour%22&src=typed&max_position=TWEET-984372281932562434-985250446804705280>
None
2018-04-14 15:23:51 [scrapy] DEBUG: Scraped from <200 https://twitter.com/i/search/timeline?l=en&f=tweets&q=%22Eye%20Colour%22&src=typed&max_position=TWEET-984372281932562434-985250446804705280>
None
2018-04-14 15:23:51 [scrapy] DEBUG: Scraped from <200 https://twitter.com/i/search/timeline?l=en&f=tweets&q=%22Eye%20Colour%22&src=typed&max_position=TWEET-984372281932562434-985250446804705280>
None
2018-04-14 15:23:51 [scrapy] DEBUG: Scraped from <200 https://twitter.com/i/search/timeline?l=en&f=tweets&q=%22Eye%20Colour%22&src=typed&max_position=TWEET-984372281932562434-985250446804705280>
None
2018-04-14 15:23:51 [scrapy] DEBUG: Scraped from <200 https://twitter.com/i/search/timeline?l=en&f=tweets&q=%22Eye%20Colour%22&src=typed&max_position=TWEET-984372281932562434-985250446804705280>
None
2018-04-14 15:23:51 [scrapy] DEBUG: Scraped from <200 https://twitter.com/i/search/timeline?l=en&f=tweets&q=%22Eye%20Colour%22&src=typed&max_position=TWEET-984372281932562434-985250446804705280>
None
2018-04-14 15:23:51 [scrapy] DEBUG: Scraped from <200 https://twitter.com/i/search/timeline?l=en&f=tweets&q=%22Eye%20Colour%22&src=typed&max_position=TWEET-984372281932562434-985250446804705280>
None
2018-04-14 15:23:51 [scrapy] DEBUG: Scraped from <200 https://twitter.com/i/search/timeline?l=en&f=tweets&q=%22Eye%20Colour%22&src=typed&max_position=TWEET-984372281932562434-985250446804705280>
None
2018-04-14 15:23:51 [scrapy] DEBUG: Scraped from <200 https://twitter.com/i/search/timeline?l=en&f=tweets&q=%22Eye%20Colour%22&src=typed&max_position=TWEET-984372281932562434-985250446804705280>
None
2018-04-14 15:23:51 [scrapy] DEBUG: Scraped from <200 https://twitter.com/i/search/timeline?l=en&f=tweets&q=%22Eye%20Colour%22&src=typed&max_position=TWEET-984372281932562434-985250446804705280>
None
2018-04-14 15:23:51 [scrapy] DEBUG: Scraped from <200 https://twitter.com/i/search/timeline?l=en&f=tweets&q=%22Eye%20Colour%22&src=typed&max_position=TWEET-984372281932562434-985250446804705280>
None
2018-04-14 15:23:51 [scrapy] DEBUG: Scraped from <200 https://twitter.com/i/search/timeline?l=en&f=tweets&q=%22Eye%20Colour%22&src=typed&max_position=TWEET-984372281932562434-985250446804705280>
None
2018-04-14 15:23:51 [scrapy] DEBUG: Scraped from <200 https://twitter.com/i/search/timeline?l=en&f=tweets&q=%22Eye%20Colour%22&src=typed&max_position=TWEET-984372281932562434-985250446804705280>
None
2018-04-14 15:23:51 [scrapy] DEBUG: Scraped from <200 https://twitter.com/i/search/timeline?l=en&f=tweets&q=%22Eye%20Colour%22&src=typed&max_position=TWEET-984372281932562434-985250446804705280>
None
2018-04-14 15:23:52 [scrapy] DEBUG: Scraped from <200 https://twitter.com/i/search/timeline?l=en&f=tweets&q=%22Eye%20Colour%22&src=typed&max_position=TWEET-984372281932562434-985250446804705280>
None
2018-04-14 15:23:52 [scrapy] DEBUG: Scraped from <200 https://twitter.com/i/search/timeline?l=en&f=tweets&q=%22Eye%20Colour%22&src=typed&max_position=TWEET-984372281932562434-985250446804705280>
None
2018-04-14 15:23:52 [scrapy] DEBUG: Scraped from <200 https://twitter.com/i/search/timeline?l=en&f=tweets&q=%22Eye%20Colour%22&src=typed&max_position=TWEET-984372281932562434-985250446804705280>
None
2018-04-14 15:23:52 [scrapy] DEBUG: Scraped from <200 https://twitter.com/i/search/timeline?l=en&f=tweets&q=%22Eye%20Colour%22&src=typed&max_position=TWEET-984372281932562434-985250446804705280>
None
2018-04-14 15:23:52 [scrapy] DEBUG: Crawled (200) <GET https://twitter.com/i/search/timeline?l=en&f=tweets&q=%22Eye%20Colour%22&src=typed&max_position=TWEET-984218499324239872-985250446804705280> (referer: https://twitter.com/i/search/timeline?l=en&f=tweets&q=%22Eye%20Colour%22&src=typed&max_position=TWEET-984372281932562434-985250446804705280)
2018-04-14 15:23:52 [scrapy] DEBUG: Scraped from <200 https://twitter.com/i/search/timeline?l=en&f=tweets&q=%22Eye%20Colour%22&src=typed&max_position=TWEET-984218499324239872-985250446804705280>
None
2018-04-14 15:23:53 [scrapy] DEBUG: Scraped from <200 https://twitter.com/i/search/timeline?l=en&f=tweets&q=%22Eye%20Colour%22&src=typed&max_position=TWEET-984218499324239872-985250446804705280>
None
2018-04-14 15:23:53 [scrapy] DEBUG: Scraped from <200 https://twitter.com/i/search/timeline?l=en&f=tweets&q=%22Eye%20Colour%22&src=typed&max_position=TWEET-984218499324239872-985250446804705280>
None
2018-04-14 15:23:53 [scrapy] DEBUG: Scraped from <200 https://twitter.com/i/search/timeline?l=en&f=tweets&q=%22Eye%20Colour%22&src=typed&max_position=TWEET-984218499324239872-985250446804705280>
None
2018-04-14 15:23:53 [scrapy] DEBUG: Scraped from <200 https://twitter.com/i/search/timeline?l=en&f=tweets&q=%22Eye%20Colour%22&src=typed&max_position=TWEET-984218499324239872-985250446804705280>
None
2018-04-14 15:23:53 [scrapy] DEBUG: Scraped from <200 https://twitter.com/i/search/timeline?l=en&f=tweets&q=%22Eye%20Colour%22&src=typed&max_position=TWEET-984218499324239872-985250446804705280>
None
2018-04-14 15:23:53 [scrapy] DEBUG: Scraped from <200 https://twitter.com/i/search/timeline?l=en&f=tweets&q=%22Eye%20Colour%22&src=typed&max_position=TWEET-984218499324239872-985250446804705280>
None
2018-04-14 15:23:53 [scrapy] DEBUG: Scraped from <200 https://twitter.com/i/search/timeline?l=en&f=tweets&q=%22Eye%20Colour%22&src=typed&max_position=TWEET-984218499324239872-985250446804705280>
None
2018-04-14 15:23:53 [scrapy] DEBUG: Scraped from <200 https://twitter.com/i/search/timeline?l=en&f=tweets&q=%22Eye%20Colour%22&src=typed&max_position=TWEET-984218499324239872-985250446804705280>
None
2018-04-14 15:23:53 [scrapy] DEBUG: Scraped from <200 https://twitter.com/i/search/timeline?l=en&f=tweets&q=%22Eye%20Colour%22&src=typed&max_position=TWEET-984218499324239872-985250446804705280>
None
2018-04-14 15:23:53 [scrapy] DEBUG: Scraped from <200 https://twitter.com/i/search/timeline?l=en&f=tweets&q=%22Eye%20Colour%22&src=typed&max_position=TWEET-984218499324239872-985250446804705280>
None
2018-04-14 15:23:53 [scrapy] DEBUG: Scraped from <200 https://twitter.com/i/search/timeline?l=en&f=tweets&q=%22Eye%20Colour%22&src=typed&max_position=TWEET-984218499324239872-985250446804705280>
None
2018-04-14 15:23:53 [scrapy] DEBUG: Scraped from <200 https://twitter.com/i/search/timeline?l=en&f=tweets&q=%22Eye%20Colour%22&src=typed&max_position=TWEET-984218499324239872-985250446804705280>
None
2018-04-14 15:23:53 [scrapy] DEBUG: Scraped from <200 https://twitter.com/i/search/timeline?l=en&f=tweets&q=%22Eye%20Colour%22&src=typed&max_position=TWEET-984218499324239872-985250446804705280>
None
2018-04-14 15:23:53 [scrapy] DEBUG: Scraped from <200 https://twitter.com/i/search/timeline?l=en&f=tweets&q=%22Eye%20Colour%22&src=typed&max_position=TWEET-984218499324239872-985250446804705280>
None
2018-04-14 15:23:53 [scrapy] DEBUG: Scraped from <200 https://twitter.com/i/search/timeline?l=en&f=tweets&q=%22Eye%20Colour%22&src=typed&max_position=TWEET-984218499324239872-985250446804705280>
None
2018-04-14 15:23:53 [scrapy] DEBUG: Scraped from <200 https://twitter.com/i/search/timeline?l=en&f=tweets&q=%22Eye%20Colour%22&src=typed&max_position=TWEET-984218499324239872-985250446804705280>
None
2018-04-14 15:23:53 [scrapy] DEBUG: Scraped from <200 https://twitter.com/i/search/timeline?l=en&f=tweets&q=%22Eye%20Colour%22&src=typed&max_position=TWEET-984218499324239872-985250446804705280>
None
2018-04-14 15:23:53 [scrapy] DEBUG: Scraped from <200 https://twitter.com/i/search/timeline?l=en&f=tweets&q=%22Eye%20Colour%22&src=typed&max_position=TWEET-984218499324239872-985250446804705280>
None
2018-04-14 15:23:54 [scrapy] DEBUG: Scraped from <200 https://twitter.com/i/search/timeline?l=en&f=tweets&q=%22Eye%20Colour%22&src=typed&max_position=TWEET-984218499324239872-985250446804705280>
None
2018-04-14 15:23:54 [scrapy] DEBUG: Crawled (200) <GET https://twitter.com/i/search/timeline?l=en&f=tweets&q=%22Eye%20Colour%22&src=typed&max_position=TWEET-984131028347445249-985250446804705280> (referer: https://twitter.com/i/search/timeline?l=en&f=tweets&q=%22Eye%20Colour%22&src=typed&max_position=TWEET-984218499324239872-985250446804705280)
2018-04-14 15:23:54 [scrapy] DEBUG: Scraped from <200 https://twitter.com/i/search/timeline?l=en&f=tweets&q=%22Eye%20Colour%22&src=typed&max_position=TWEET-984131028347445249-985250446804705280>
None
2018-04-14 15:23:54 [scrapy] DEBUG: Scraped from <200 https://twitter.com/i/search/timeline?l=en&f=tweets&q=%22Eye%20Colour%22&src=typed&max_position=TWEET-984131028347445249-985250446804705280>
None
2018-04-14 15:23:54 [scrapy] DEBUG: Scraped from <200 https://twitter.com/i/search/timeline?l=en&f=tweets&q=%22Eye%20Colour%22&src=typed&max_position=TWEET-984131028347445249-985250446804705280>
None
2018-04-14 15:23:54 [scrapy] DEBUG: Scraped from <200 https://twitter.com/i/search/timeline?l=en&f=tweets&q=%22Eye%20Colour%22&src=typed&max_position=TWEET-984131028347445249-985250446804705280>
None
2018-04-14 15:23:54 [scrapy] DEBUG: Scraped from <200 https://twitter.com/i/search/timeline?l=en&f=tweets&q=%22Eye%20Colour%22&src=typed&max_position=TWEET-984131028347445249-985250446804705280>
None
2018-04-14 15:23:54 [scrapy] DEBUG: Scraped from <200 https://twitter.com/i/search/timeline?l=en&f=tweets&q=%22Eye%20Colour%22&src=typed&max_position=TWEET-984131028347445249-985250446804705280>
None
2018-04-14 15:23:55 [scrapy] DEBUG: Scraped from <200 https://twitter.com/i/search/timeline?l=en&f=tweets&q=%22Eye%20Colour%22&src=typed&max_position=TWEET-984131028347445249-985250446804705280>
None
2018-04-14 15:23:55 [scrapy] DEBUG: Scraped from <200 https://twitter.com/i/search/timeline?l=en&f=tweets&q=%22Eye%20Colour%22&src=typed&max_position=TWEET-984131028347445249-985250446804705280>
None
2018-04-14 15:23:55 [scrapy] DEBUG: Scraped from <200 https://twitter.com/i/search/timeline?l=en&f=tweets&q=%22Eye%20Colour%22&src=typed&max_position=TWEET-984131028347445249-985250446804705280>
None
2018-04-14 15:23:55 [scrapy] DEBUG: Scraped from <200 https://twitter.com/i/search/timeline?l=en&f=tweets&q=%22Eye%20Colour%22&src=typed&max_position=TWEET-984131028347445249-985250446804705280>
None
2018-04-14 15:23:55 [scrapy] DEBUG: Scraped from <200 https://twitter.com/i/search/timeline?l=en&f=tweets&q=%22Eye%20Colour%22&src=typed&max_position=TWEET-984131028347445249-985250446804705280>
None
2018-04-14 15:23:55 [scrapy] DEBUG: Scraped from <200 https://twitter.com/i/search/timeline?l=en&f=tweets&q=%22Eye%20Colour%22&src=typed&max_position=TWEET-984131028347445249-985250446804705280>
None
2018-04-14 15:23:55 [scrapy] DEBUG: Scraped from <200 https://twitter.com/i/search/timeline?l=en&f=tweets&q=%22Eye%20Colour%22&src=typed&max_position=TWEET-984131028347445249-985250446804705280>
None
2018-04-14 15:23:55 [scrapy] DEBUG: Scraped from <200 https://twitter.com/i/search/timeline?l=en&f=tweets&q=%22Eye%20Colour%22&src=typed&max_position=TWEET-984131028347445249-985250446804705280>
None
2018-04-14 15:23:55 [scrapy] DEBUG: Scraped from <200 https://twitter.com/i/search/timeline?l=en&f=tweets&q=%22Eye%20Colour%22&src=typed&max_position=TWEET-984131028347445249-985250446804705280>
None
2018-04-14 15:23:55 [scrapy] DEBUG: Scraped from <200 https://twitter.com/i/search/timeline?l=en&f=tweets&q=%22Eye%20Colour%22&src=typed&max_position=TWEET-984131028347445249-985250446804705280>
None
2018-04-14 15:23:55 [scrapy] DEBUG: Scraped from <200 https://twitter.com/i/search/timeline?l=en&f=tweets&q=%22Eye%20Colour%22&src=typed&max_position=TWEET-984131028347445249-985250446804705280>
None
2018-04-14 15:23:55 [scrapy] DEBUG: Scraped from <200 https://twitter.com/i/search/timeline?l=en&f=tweets&q=%22Eye%20Colour%22&src=typed&max_position=TWEET-984131028347445249-985250446804705280>
None
2018-04-14 15:23:55 [scrapy] DEBUG: Scraped from <200 https://twitter.com/i/search/timeline?l=en&f=tweets&q=%22Eye%20Colour%22&src=typed&max_position=TWEET-984131028347445249-985250446804705280>
None
2018-04-14 15:23:55 [scrapy] DEBUG: Scraped from <200 https://twitter.com/i/search/timeline?l=en&f=tweets&q=%22Eye%20Colour%22&src=typed&max_position=TWEET-984131028347445249-985250446804705280>
None
2018-04-14 15:23:56 [scrapy] DEBUG: Crawled (200) <GET https://twitter.com/i/search/timeline?l=en&f=tweets&q=%22Eye%20Colour%22&src=typed&max_position=TWEET-984024049692151808-985250446804705280> (referer: https://twitter.com/i/search/timeline?l=en&f=tweets&q=%22Eye%20Colour%22&src=typed&max_position=TWEET-984131028347445249-985250446804705280)
2018-04-14 15:23:56 [scrapy] DEBUG: Scraped from <200 https://twitter.com/i/search/timeline?l=en&f=tweets&q=%22Eye%20Colour%22&src=typed&max_position=TWEET-984024049692151808-985250446804705280>
None
2018-04-14 15:23:56 [scrapy] DEBUG: Scraped from <200 https://twitter.com/i/search/timeline?l=en&f=tweets&q=%22Eye%20Colour%22&src=typed&max_position=TWEET-984024049692151808-985250446804705280>
None
2018-04-14 15:23:56 [scrapy] DEBUG: Scraped from <200 https://twitter.com/i/search/timeline?l=en&f=tweets&q=%22Eye%20Colour%22&src=typed&max_position=TWEET-984024049692151808-985250446804705280>
None
2018-04-14 15:23:56 [scrapy] DEBUG: Scraped from <200 https://twitter.com/i/search/timeline?l=en&f=tweets&q=%22Eye%20Colour%22&src=typed&max_position=TWEET-984024049692151808-985250446804705280>
None
2018-04-14 15:23:56 [scrapy] DEBUG: Scraped from <200 https://twitter.com/i/search/timeline?l=en&f=tweets&q=%22Eye%20Colour%22&src=typed&max_position=TWEET-984024049692151808-985250446804705280>
None
2018-04-14 15:23:56 [scrapy] DEBUG: Scraped from <200 https://twitter.com/i/search/timeline?l=en&f=tweets&q=%22Eye%20Colour%22&src=typed&max_position=TWEET-984024049692151808-985250446804705280>
None
2018-04-14 15:23:56 [scrapy] DEBUG: Scraped from <200 https://twitter.com/i/search/timeline?l=en&f=tweets&q=%22Eye%20Colour%22&src=typed&max_position=TWEET-984024049692151808-985250446804705280>
None
2018-04-14 15:23:56 [scrapy] DEBUG: Scraped from <200 https://twitter.com/i/search/timeline?l=en&f=tweets&q=%22Eye%20Colour%22&src=typed&max_position=TWEET-984024049692151808-985250446804705280>
None
2018-04-14 15:23:56 [scrapy] DEBUG: Scraped from <200 https://twitter.com/i/search/timeline?l=en&f=tweets&q=%22Eye%20Colour%22&src=typed&max_position=TWEET-984024049692151808-985250446804705280>
None
2018-04-14 15:23:56 [scrapy] DEBUG: Scraped from <200 https://twitter.com/i/search/timeline?l=en&f=tweets&q=%22Eye%20Colour%22&src=typed&max_position=TWEET-984024049692151808-985250446804705280>
None
2018-04-14 15:23:56 [scrapy] DEBUG: Scraped from <200 https://twitter.com/i/search/timeline?l=en&f=tweets&q=%22Eye%20Colour%22&src=typed&max_position=TWEET-984024049692151808-985250446804705280>
None
2018-04-14 15:23:57 [scrapy] DEBUG: Scraped from <200 https://twitter.com/i/search/timeline?l=en&f=tweets&q=%22Eye%20Colour%22&src=typed&max_position=TWEET-984024049692151808-985250446804705280>
None
2018-04-14 15:23:57 [scrapy] DEBUG: Scraped from <200 https://twitter.com/i/search/timeline?l=en&f=tweets&q=%22Eye%20Colour%22&src=typed&max_position=TWEET-984024049692151808-985250446804705280>
None
2018-04-14 15:23:57 [scrapy] DEBUG: Scraped from <200 https://twitter.com/i/search/timeline?l=en&f=tweets&q=%22Eye%20Colour%22&src=typed&max_position=TWEET-984024049692151808-985250446804705280>
None
2018-04-14 15:23:57 [scrapy] DEBUG: Scraped from <200 https://twitter.com/i/search/timeline?l=en&f=tweets&q=%22Eye%20Colour%22&src=typed&max_position=TWEET-984024049692151808-985250446804705280>
None
2018-04-14 15:23:57 [scrapy] DEBUG: Scraped from <200 https://twitter.com/i/search/timeline?l=en&f=tweets&q=%22Eye%20Colour%22&src=typed&max_position=TWEET-984024049692151808-985250446804705280>
None
2018-04-14 15:23:57 [scrapy] DEBUG: Scraped from <200 https://twitter.com/i/search/timeline?l=en&f=tweets&q=%22Eye%20Colour%22&src=typed&max_position=TWEET-984024049692151808-985250446804705280>
None
2018-04-14 15:23:57 [scrapy] DEBUG: Scraped from <200 https://twitter.com/i/search/timeline?l=en&f=tweets&q=%22Eye%20Colour%22&src=typed&max_position=TWEET-984024049692151808-985250446804705280>
None
2018-04-14 15:23:57 [scrapy] DEBUG: Scraped from <200 https://twitter.com/i/search/timeline?l=en&f=tweets&q=%22Eye%20Colour%22&src=typed&max_position=TWEET-984024049692151808-985250446804705280>
None
2018-04-14 15:23:57 [scrapy] DEBUG: Scraped from <200 https://twitter.com/i/search/timeline?l=en&f=tweets&q=%22Eye%20Colour%22&src=typed&max_position=TWEET-984024049692151808-985250446804705280>
None
2018-04-14 15:23:58 [scrapy] DEBUG: Crawled (200) <GET https://twitter.com/i/search/timeline?l=en&f=tweets&q=%22Eye%20Colour%22&src=typed&max_position=TWEET-983845795706429440-985250446804705280> (referer: https://twitter.com/i/search/timeline?l=en&f=tweets&q=%22Eye%20Colour%22&src=typed&max_position=TWEET-984024049692151808-985250446804705280)
2018-04-14 15:23:58 [scrapy] DEBUG: Scraped from <200 https://twitter.com/i/search/timeline?l=en&f=tweets&q=%22Eye%20Colour%22&src=typed&max_position=TWEET-983845795706429440-985250446804705280>
None
2018-04-14 15:23:58 [scrapy] DEBUG: Scraped from <200 https://twitter.com/i/search/timeline?l=en&f=tweets&q=%22Eye%20Colour%22&src=typed&max_position=TWEET-983845795706429440-985250446804705280>
None
2018-04-14 15:23:58 [scrapy] DEBUG: Scraped from <200 https://twitter.com/i/search/timeline?l=en&f=tweets&q=%22Eye%20Colour%22&src=typed&max_position=TWEET-983845795706429440-985250446804705280>
None
2018-04-14 15:23:58 [scrapy] DEBUG: Scraped from <200 https://twitter.com/i/search/timeline?l=en&f=tweets&q=%22Eye%20Colour%22&src=typed&max_position=TWEET-983845795706429440-985250446804705280>
None
2018-04-14 15:23:58 [scrapy] INFO: Closing spider (closespider_itemcount)
2018-04-14 15:23:58 [scrapy] DEBUG: Scraped from <200 https://twitter.com/i/search/timeline?l=en&f=tweets&q=%22Eye%20Colour%22&src=typed&max_position=TWEET-983845795706429440-985250446804705280>
None
2018-04-14 15:23:58 [scrapy] DEBUG: Scraped from <200 https://twitter.com/i/search/timeline?l=en&f=tweets&q=%22Eye%20Colour%22&src=typed&max_position=TWEET-983845795706429440-985250446804705280>
None
2018-04-14 15:23:58 [scrapy] DEBUG: Scraped from <200 https://twitter.com/i/search/timeline?l=en&f=tweets&q=%22Eye%20Colour%22&src=typed&max_position=TWEET-983845795706429440-985250446804705280>
None
2018-04-14 15:23:58 [scrapy] DEBUG: Scraped from <200 https://twitter.com/i/search/timeline?l=en&f=tweets&q=%22Eye%20Colour%22&src=typed&max_position=TWEET-983845795706429440-985250446804705280>
None
2018-04-14 15:23:58 [scrapy] DEBUG: Scraped from <200 https://twitter.com/i/search/timeline?l=en&f=tweets&q=%22Eye%20Colour%22&src=typed&max_position=TWEET-983845795706429440-985250446804705280>
None
2018-04-14 15:23:58 [scrapy] DEBUG: Scraped from <200 https://twitter.com/i/search/timeline?l=en&f=tweets&q=%22Eye%20Colour%22&src=typed&max_position=TWEET-983845795706429440-985250446804705280>
None
2018-04-14 15:23:58 [scrapy] DEBUG: Scraped from <200 https://twitter.com/i/search/timeline?l=en&f=tweets&q=%22Eye%20Colour%22&src=typed&max_position=TWEET-983845795706429440-985250446804705280>
None
2018-04-14 15:23:58 [scrapy] DEBUG: Scraped from <200 https://twitter.com/i/search/timeline?l=en&f=tweets&q=%22Eye%20Colour%22&src=typed&max_position=TWEET-983845795706429440-985250446804705280>
None
2018-04-14 15:23:59 [scrapy] DEBUG: Scraped from <200 https://twitter.com/i/search/timeline?l=en&f=tweets&q=%22Eye%20Colour%22&src=typed&max_position=TWEET-983845795706429440-985250446804705280>
None
2018-04-14 15:23:59 [scrapy] DEBUG: Scraped from <200 https://twitter.com/i/search/timeline?l=en&f=tweets&q=%22Eye%20Colour%22&src=typed&max_position=TWEET-983845795706429440-985250446804705280>
None
2018-04-14 15:23:59 [scrapy] DEBUG: Scraped from <200 https://twitter.com/i/search/timeline?l=en&f=tweets&q=%22Eye%20Colour%22&src=typed&max_position=TWEET-983845795706429440-985250446804705280>
None
2018-04-14 15:23:59 [scrapy] DEBUG: Scraped from <200 https://twitter.com/i/search/timeline?l=en&f=tweets&q=%22Eye%20Colour%22&src=typed&max_position=TWEET-983845795706429440-985250446804705280>
None
2018-04-14 15:23:59 [scrapy] DEBUG: Scraped from <200 https://twitter.com/i/search/timeline?l=en&f=tweets&q=%22Eye%20Colour%22&src=typed&max_position=TWEET-983845795706429440-985250446804705280>
None
2018-04-14 15:23:59 [scrapy] DEBUG: Scraped from <200 https://twitter.com/i/search/timeline?l=en&f=tweets&q=%22Eye%20Colour%22&src=typed&max_position=TWEET-983845795706429440-985250446804705280>
None
2018-04-14 15:23:59 [scrapy] DEBUG: Scraped from <200 https://twitter.com/i/search/timeline?l=en&f=tweets&q=%22Eye%20Colour%22&src=typed&max_position=TWEET-983845795706429440-985250446804705280>
None
2018-04-14 15:23:59 [scrapy] DEBUG: Scraped from <200 https://twitter.com/i/search/timeline?l=en&f=tweets&q=%22Eye%20Colour%22&src=typed&max_position=TWEET-983845795706429440-985250446804705280>
None
2018-04-14 15:23:59 [scrapy] INFO: Dumping Scrapy stats:
{'downloader/request_bytes': 13541,
 'downloader/request_count': 16,
 'downloader/request_method_count/GET': 16,
 'downloader/response_bytes': 285085,
 'downloader/response_count': 16,
 'downloader/response_status_count/200': 16,
 'finish_reason': 'closespider_itemcount',
 'finish_time': datetime.datetime(2018, 4, 14, 20, 23, 59, 392115),
 'item_scraped_count': 316,
 'log_count/DEBUG': 657,
 'log_count/ERROR': 316,
 'log_count/INFO': 6,
 'memusage/max': 66822144,
 'memusage/startup': 66822144,
 'request_depth_max': 16,
 'response_received_count': 16,
 'scheduler/dequeued': 16,
 'scheduler/dequeued/memory': 16,
 'scheduler/enqueued': 17,
 'scheduler/enqueued/memory': 17,
 'start_time': datetime.datetime(2018, 4, 14, 20, 23, 25, 551814)}
2018-04-14 15:23:59 [scrapy] INFO: Spider closed (closespider_itemcount)
