2018-04-14 15:27:21 [scrapy] DEBUG: Crawled (200) <GET https://twitter.com/i/search/timeline?l=en&f=tweets&q=%22Super%20Shock%20Shadow%22&src=typed&max_position=> (referer: None)
2018-04-14 15:27:21 [scrapy] DEBUG: Scraped from <200 https://twitter.com/i/search/timeline?l=en&f=tweets&q=%22Super%20Shock%20Shadow%22&src=typed&max_position=>
None
2018-04-14 15:27:21 [scrapy] DEBUG: Scraped from <200 https://twitter.com/i/search/timeline?l=en&f=tweets&q=%22Super%20Shock%20Shadow%22&src=typed&max_position=>
None
2018-04-14 15:27:21 [scrapy] DEBUG: Scraped from <200 https://twitter.com/i/search/timeline?l=en&f=tweets&q=%22Super%20Shock%20Shadow%22&src=typed&max_position=>
None
2018-04-14 15:27:21 [scrapy] DEBUG: Scraped from <200 https://twitter.com/i/search/timeline?l=en&f=tweets&q=%22Super%20Shock%20Shadow%22&src=typed&max_position=>
None
2018-04-14 15:27:21 [scrapy] DEBUG: Scraped from <200 https://twitter.com/i/search/timeline?l=en&f=tweets&q=%22Super%20Shock%20Shadow%22&src=typed&max_position=>
None
2018-04-14 15:27:21 [scrapy] DEBUG: Scraped from <200 https://twitter.com/i/search/timeline?l=en&f=tweets&q=%22Super%20Shock%20Shadow%22&src=typed&max_position=>
None
2018-04-14 15:27:21 [scrapy] DEBUG: Scraped from <200 https://twitter.com/i/search/timeline?l=en&f=tweets&q=%22Super%20Shock%20Shadow%22&src=typed&max_position=>
None
2018-04-14 15:27:21 [scrapy] DEBUG: Scraped from <200 https://twitter.com/i/search/timeline?l=en&f=tweets&q=%22Super%20Shock%20Shadow%22&src=typed&max_position=>
None
2018-04-14 15:27:21 [scrapy] DEBUG: Scraped from <200 https://twitter.com/i/search/timeline?l=en&f=tweets&q=%22Super%20Shock%20Shadow%22&src=typed&max_position=>
None
2018-04-14 15:27:21 [scrapy] DEBUG: Scraped from <200 https://twitter.com/i/search/timeline?l=en&f=tweets&q=%22Super%20Shock%20Shadow%22&src=typed&max_position=>
None
2018-04-14 15:27:21 [scrapy] DEBUG: Scraped from <200 https://twitter.com/i/search/timeline?l=en&f=tweets&q=%22Super%20Shock%20Shadow%22&src=typed&max_position=>
None
2018-04-14 15:27:21 [scrapy] DEBUG: Scraped from <200 https://twitter.com/i/search/timeline?l=en&f=tweets&q=%22Super%20Shock%20Shadow%22&src=typed&max_position=>
None
2018-04-14 15:27:22 [scrapy] DEBUG: Scraped from <200 https://twitter.com/i/search/timeline?l=en&f=tweets&q=%22Super%20Shock%20Shadow%22&src=typed&max_position=>
None
2018-04-14 15:27:22 [scrapy] DEBUG: Scraped from <200 https://twitter.com/i/search/timeline?l=en&f=tweets&q=%22Super%20Shock%20Shadow%22&src=typed&max_position=>
None
2018-04-14 15:27:22 [scrapy] DEBUG: Scraped from <200 https://twitter.com/i/search/timeline?l=en&f=tweets&q=%22Super%20Shock%20Shadow%22&src=typed&max_position=>
None
2018-04-14 15:27:22 [scrapy] DEBUG: Scraped from <200 https://twitter.com/i/search/timeline?l=en&f=tweets&q=%22Super%20Shock%20Shadow%22&src=typed&max_position=>
None
2018-04-14 15:27:22 [scrapy] DEBUG: Scraped from <200 https://twitter.com/i/search/timeline?l=en&f=tweets&q=%22Super%20Shock%20Shadow%22&src=typed&max_position=>
None
2018-04-14 15:27:22 [scrapy] DEBUG: Scraped from <200 https://twitter.com/i/search/timeline?l=en&f=tweets&q=%22Super%20Shock%20Shadow%22&src=typed&max_position=>
None
2018-04-14 15:27:22 [scrapy] DEBUG: Scraped from <200 https://twitter.com/i/search/timeline?l=en&f=tweets&q=%22Super%20Shock%20Shadow%22&src=typed&max_position=>
None
2018-04-14 15:27:22 [scrapy] DEBUG: Scraped from <200 https://twitter.com/i/search/timeline?l=en&f=tweets&q=%22Super%20Shock%20Shadow%22&src=typed&max_position=>
None
2018-04-14 15:27:23 [scrapy] DEBUG: Crawled (200) <GET https://twitter.com/i/search/timeline?l=en&f=tweets&q=%22Super%20Shock%20Shadow%22&src=typed&max_position=TWEET-983127068606173184-985193278072123393> (referer: https://twitter.com/i/search/timeline?l=en&f=tweets&q=%22Super%20Shock%20Shadow%22&src=typed&max_position=)
2018-04-14 15:27:23 [scrapy] DEBUG: Scraped from <200 https://twitter.com/i/search/timeline?l=en&f=tweets&q=%22Super%20Shock%20Shadow%22&src=typed&max_position=TWEET-983127068606173184-985193278072123393>
None
2018-04-14 15:27:23 [scrapy] DEBUG: Scraped from <200 https://twitter.com/i/search/timeline?l=en&f=tweets&q=%22Super%20Shock%20Shadow%22&src=typed&max_position=TWEET-983127068606173184-985193278072123393>
None
2018-04-14 15:27:23 [scrapy] DEBUG: Scraped from <200 https://twitter.com/i/search/timeline?l=en&f=tweets&q=%22Super%20Shock%20Shadow%22&src=typed&max_position=TWEET-983127068606173184-985193278072123393>
None
2018-04-14 15:27:23 [scrapy] DEBUG: Scraped from <200 https://twitter.com/i/search/timeline?l=en&f=tweets&q=%22Super%20Shock%20Shadow%22&src=typed&max_position=TWEET-983127068606173184-985193278072123393>
None
2018-04-14 15:27:23 [scrapy] DEBUG: Scraped from <200 https://twitter.com/i/search/timeline?l=en&f=tweets&q=%22Super%20Shock%20Shadow%22&src=typed&max_position=TWEET-983127068606173184-985193278072123393>
None
2018-04-14 15:27:23 [scrapy] DEBUG: Scraped from <200 https://twitter.com/i/search/timeline?l=en&f=tweets&q=%22Super%20Shock%20Shadow%22&src=typed&max_position=TWEET-983127068606173184-985193278072123393>
None
2018-04-14 15:27:23 [scrapy] DEBUG: Scraped from <200 https://twitter.com/i/search/timeline?l=en&f=tweets&q=%22Super%20Shock%20Shadow%22&src=typed&max_position=TWEET-983127068606173184-985193278072123393>
None
2018-04-14 15:27:23 [scrapy] DEBUG: Scraped from <200 https://twitter.com/i/search/timeline?l=en&f=tweets&q=%22Super%20Shock%20Shadow%22&src=typed&max_position=TWEET-983127068606173184-985193278072123393>
None
2018-04-14 15:27:23 [scrapy] DEBUG: Scraped from <200 https://twitter.com/i/search/timeline?l=en&f=tweets&q=%22Super%20Shock%20Shadow%22&src=typed&max_position=TWEET-983127068606173184-985193278072123393>
None
2018-04-14 15:27:23 [scrapy] DEBUG: Scraped from <200 https://twitter.com/i/search/timeline?l=en&f=tweets&q=%22Super%20Shock%20Shadow%22&src=typed&max_position=TWEET-983127068606173184-985193278072123393>
None
2018-04-14 15:27:23 [scrapy] DEBUG: Scraped from <200 https://twitter.com/i/search/timeline?l=en&f=tweets&q=%22Super%20Shock%20Shadow%22&src=typed&max_position=TWEET-983127068606173184-985193278072123393>
None
2018-04-14 15:27:23 [scrapy] DEBUG: Scraped from <200 https://twitter.com/i/search/timeline?l=en&f=tweets&q=%22Super%20Shock%20Shadow%22&src=typed&max_position=TWEET-983127068606173184-985193278072123393>
None
2018-04-14 15:27:23 [scrapy] DEBUG: Scraped from <200 https://twitter.com/i/search/timeline?l=en&f=tweets&q=%22Super%20Shock%20Shadow%22&src=typed&max_position=TWEET-983127068606173184-985193278072123393>
None
2018-04-14 15:27:24 [scrapy] DEBUG: Scraped from <200 https://twitter.com/i/search/timeline?l=en&f=tweets&q=%22Super%20Shock%20Shadow%22&src=typed&max_position=TWEET-983127068606173184-985193278072123393>
None
2018-04-14 15:27:24 [scrapy] DEBUG: Scraped from <200 https://twitter.com/i/search/timeline?l=en&f=tweets&q=%22Super%20Shock%20Shadow%22&src=typed&max_position=TWEET-983127068606173184-985193278072123393>
None
2018-04-14 15:27:24 [scrapy] DEBUG: Scraped from <200 https://twitter.com/i/search/timeline?l=en&f=tweets&q=%22Super%20Shock%20Shadow%22&src=typed&max_position=TWEET-983127068606173184-985193278072123393>
None
2018-04-14 15:27:24 [scrapy] DEBUG: Scraped from <200 https://twitter.com/i/search/timeline?l=en&f=tweets&q=%22Super%20Shock%20Shadow%22&src=typed&max_position=TWEET-983127068606173184-985193278072123393>
None
2018-04-14 15:27:24 [scrapy] DEBUG: Scraped from <200 https://twitter.com/i/search/timeline?l=en&f=tweets&q=%22Super%20Shock%20Shadow%22&src=typed&max_position=TWEET-983127068606173184-985193278072123393>
None
2018-04-14 15:27:24 [scrapy] DEBUG: Scraped from <200 https://twitter.com/i/search/timeline?l=en&f=tweets&q=%22Super%20Shock%20Shadow%22&src=typed&max_position=TWEET-983127068606173184-985193278072123393>
None
2018-04-14 15:27:24 [scrapy] DEBUG: Scraped from <200 https://twitter.com/i/search/timeline?l=en&f=tweets&q=%22Super%20Shock%20Shadow%22&src=typed&max_position=TWEET-983127068606173184-985193278072123393>
None
2018-04-14 15:27:24 [scrapy] DEBUG: Crawled (200) <GET https://twitter.com/i/search/timeline?l=en&f=tweets&q=%22Super%20Shock%20Shadow%22&src=typed&max_position=TWEET-981584372674547714-985193278072123393> (referer: https://twitter.com/i/search/timeline?l=en&f=tweets&q=%22Super%20Shock%20Shadow%22&src=typed&max_position=TWEET-983127068606173184-985193278072123393)
2018-04-14 15:27:25 [scrapy] DEBUG: Scraped from <200 https://twitter.com/i/search/timeline?l=en&f=tweets&q=%22Super%20Shock%20Shadow%22&src=typed&max_position=TWEET-981584372674547714-985193278072123393>
None
2018-04-14 15:27:25 [scrapy] DEBUG: Scraped from <200 https://twitter.com/i/search/timeline?l=en&f=tweets&q=%22Super%20Shock%20Shadow%22&src=typed&max_position=TWEET-981584372674547714-985193278072123393>
None
2018-04-14 15:27:25 [scrapy] DEBUG: Scraped from <200 https://twitter.com/i/search/timeline?l=en&f=tweets&q=%22Super%20Shock%20Shadow%22&src=typed&max_position=TWEET-981584372674547714-985193278072123393>
None
2018-04-14 15:27:25 [scrapy] DEBUG: Scraped from <200 https://twitter.com/i/search/timeline?l=en&f=tweets&q=%22Super%20Shock%20Shadow%22&src=typed&max_position=TWEET-981584372674547714-985193278072123393>
None
2018-04-14 15:27:25 [scrapy] DEBUG: Scraped from <200 https://twitter.com/i/search/timeline?l=en&f=tweets&q=%22Super%20Shock%20Shadow%22&src=typed&max_position=TWEET-981584372674547714-985193278072123393>
None
2018-04-14 15:27:25 [scrapy] DEBUG: Scraped from <200 https://twitter.com/i/search/timeline?l=en&f=tweets&q=%22Super%20Shock%20Shadow%22&src=typed&max_position=TWEET-981584372674547714-985193278072123393>
None
2018-04-14 15:27:25 [scrapy] DEBUG: Scraped from <200 https://twitter.com/i/search/timeline?l=en&f=tweets&q=%22Super%20Shock%20Shadow%22&src=typed&max_position=TWEET-981584372674547714-985193278072123393>
None
2018-04-14 15:27:25 [scrapy] DEBUG: Scraped from <200 https://twitter.com/i/search/timeline?l=en&f=tweets&q=%22Super%20Shock%20Shadow%22&src=typed&max_position=TWEET-981584372674547714-985193278072123393>
None
2018-04-14 15:27:25 [scrapy] DEBUG: Scraped from <200 https://twitter.com/i/search/timeline?l=en&f=tweets&q=%22Super%20Shock%20Shadow%22&src=typed&max_position=TWEET-981584372674547714-985193278072123393>
None
2018-04-14 15:27:25 [scrapy] DEBUG: Scraped from <200 https://twitter.com/i/search/timeline?l=en&f=tweets&q=%22Super%20Shock%20Shadow%22&src=typed&max_position=TWEET-981584372674547714-985193278072123393>
None
2018-04-14 15:27:25 [scrapy] DEBUG: Scraped from <200 https://twitter.com/i/search/timeline?l=en&f=tweets&q=%22Super%20Shock%20Shadow%22&src=typed&max_position=TWEET-981584372674547714-985193278072123393>
None
2018-04-14 15:27:25 [scrapy] DEBUG: Scraped from <200 https://twitter.com/i/search/timeline?l=en&f=tweets&q=%22Super%20Shock%20Shadow%22&src=typed&max_position=TWEET-981584372674547714-985193278072123393>
None
2018-04-14 15:27:25 [scrapy] DEBUG: Scraped from <200 https://twitter.com/i/search/timeline?l=en&f=tweets&q=%22Super%20Shock%20Shadow%22&src=typed&max_position=TWEET-981584372674547714-985193278072123393>
None
2018-04-14 15:27:25 [scrapy] DEBUG: Scraped from <200 https://twitter.com/i/search/timeline?l=en&f=tweets&q=%22Super%20Shock%20Shadow%22&src=typed&max_position=TWEET-981584372674547714-985193278072123393>
None
2018-04-14 15:27:25 [scrapy] DEBUG: Scraped from <200 https://twitter.com/i/search/timeline?l=en&f=tweets&q=%22Super%20Shock%20Shadow%22&src=typed&max_position=TWEET-981584372674547714-985193278072123393>
None
2018-04-14 15:27:26 [scrapy] DEBUG: Crawled (200) <GET https://twitter.com/i/search/timeline?l=en&f=tweets&q=%22Super%20Shock%20Shadow%22&src=typed&max_position=TWEET-980537132598120448-985193278072123393> (referer: https://twitter.com/i/search/timeline?l=en&f=tweets&q=%22Super%20Shock%20Shadow%22&src=typed&max_position=TWEET-981584372674547714-985193278072123393)
2018-04-14 15:27:26 [scrapy] DEBUG: Scraped from <200 https://twitter.com/i/search/timeline?l=en&f=tweets&q=%22Super%20Shock%20Shadow%22&src=typed&max_position=TWEET-980537132598120448-985193278072123393>
None
2018-04-14 15:27:26 [scrapy] DEBUG: Scraped from <200 https://twitter.com/i/search/timeline?l=en&f=tweets&q=%22Super%20Shock%20Shadow%22&src=typed&max_position=TWEET-980537132598120448-985193278072123393>
None
2018-04-14 15:27:26 [scrapy] DEBUG: Scraped from <200 https://twitter.com/i/search/timeline?l=en&f=tweets&q=%22Super%20Shock%20Shadow%22&src=typed&max_position=TWEET-980537132598120448-985193278072123393>
None
2018-04-14 15:27:26 [scrapy] DEBUG: Scraped from <200 https://twitter.com/i/search/timeline?l=en&f=tweets&q=%22Super%20Shock%20Shadow%22&src=typed&max_position=TWEET-980537132598120448-985193278072123393>
None
2018-04-14 15:27:26 [scrapy] DEBUG: Scraped from <200 https://twitter.com/i/search/timeline?l=en&f=tweets&q=%22Super%20Shock%20Shadow%22&src=typed&max_position=TWEET-980537132598120448-985193278072123393>
None
2018-04-14 15:27:26 [scrapy] DEBUG: Scraped from <200 https://twitter.com/i/search/timeline?l=en&f=tweets&q=%22Super%20Shock%20Shadow%22&src=typed&max_position=TWEET-980537132598120448-985193278072123393>
None
2018-04-14 15:27:26 [scrapy] DEBUG: Scraped from <200 https://twitter.com/i/search/timeline?l=en&f=tweets&q=%22Super%20Shock%20Shadow%22&src=typed&max_position=TWEET-980537132598120448-985193278072123393>
None
2018-04-14 15:27:26 [scrapy] DEBUG: Scraped from <200 https://twitter.com/i/search/timeline?l=en&f=tweets&q=%22Super%20Shock%20Shadow%22&src=typed&max_position=TWEET-980537132598120448-985193278072123393>
None
2018-04-14 15:27:26 [scrapy] DEBUG: Scraped from <200 https://twitter.com/i/search/timeline?l=en&f=tweets&q=%22Super%20Shock%20Shadow%22&src=typed&max_position=TWEET-980537132598120448-985193278072123393>
None
2018-04-14 15:27:26 [scrapy] DEBUG: Scraped from <200 https://twitter.com/i/search/timeline?l=en&f=tweets&q=%22Super%20Shock%20Shadow%22&src=typed&max_position=TWEET-980537132598120448-985193278072123393>
None
2018-04-14 15:27:26 [scrapy] DEBUG: Scraped from <200 https://twitter.com/i/search/timeline?l=en&f=tweets&q=%22Super%20Shock%20Shadow%22&src=typed&max_position=TWEET-980537132598120448-985193278072123393>
None
2018-04-14 15:27:26 [scrapy] DEBUG: Scraped from <200 https://twitter.com/i/search/timeline?l=en&f=tweets&q=%22Super%20Shock%20Shadow%22&src=typed&max_position=TWEET-980537132598120448-985193278072123393>
None
2018-04-14 15:27:27 [scrapy] DEBUG: Scraped from <200 https://twitter.com/i/search/timeline?l=en&f=tweets&q=%22Super%20Shock%20Shadow%22&src=typed&max_position=TWEET-980537132598120448-985193278072123393>
None
2018-04-14 15:27:27 [scrapy] DEBUG: Scraped from <200 https://twitter.com/i/search/timeline?l=en&f=tweets&q=%22Super%20Shock%20Shadow%22&src=typed&max_position=TWEET-980537132598120448-985193278072123393>
None
2018-04-14 15:27:27 [scrapy] DEBUG: Scraped from <200 https://twitter.com/i/search/timeline?l=en&f=tweets&q=%22Super%20Shock%20Shadow%22&src=typed&max_position=TWEET-980537132598120448-985193278072123393>
None
2018-04-14 15:27:27 [scrapy] DEBUG: Scraped from <200 https://twitter.com/i/search/timeline?l=en&f=tweets&q=%22Super%20Shock%20Shadow%22&src=typed&max_position=TWEET-980537132598120448-985193278072123393>
None
2018-04-14 15:27:27 [scrapy] DEBUG: Scraped from <200 https://twitter.com/i/search/timeline?l=en&f=tweets&q=%22Super%20Shock%20Shadow%22&src=typed&max_position=TWEET-980537132598120448-985193278072123393>
None
2018-04-14 15:27:27 [scrapy] DEBUG: Scraped from <200 https://twitter.com/i/search/timeline?l=en&f=tweets&q=%22Super%20Shock%20Shadow%22&src=typed&max_position=TWEET-980537132598120448-985193278072123393>
None
2018-04-14 15:27:27 [scrapy] DEBUG: Scraped from <200 https://twitter.com/i/search/timeline?l=en&f=tweets&q=%22Super%20Shock%20Shadow%22&src=typed&max_position=TWEET-980537132598120448-985193278072123393>
None
2018-04-14 15:27:28 [scrapy] DEBUG: Crawled (200) <GET https://twitter.com/i/search/timeline?l=en&f=tweets&q=%22Super%20Shock%20Shadow%22&src=typed&max_position=TWEET-978479520981372928-985193278072123393> (referer: https://twitter.com/i/search/timeline?l=en&f=tweets&q=%22Super%20Shock%20Shadow%22&src=typed&max_position=TWEET-980537132598120448-985193278072123393)
2018-04-14 15:27:28 [scrapy] DEBUG: Scraped from <200 https://twitter.com/i/search/timeline?l=en&f=tweets&q=%22Super%20Shock%20Shadow%22&src=typed&max_position=TWEET-978479520981372928-985193278072123393>
None
2018-04-14 15:27:28 [scrapy] DEBUG: Scraped from <200 https://twitter.com/i/search/timeline?l=en&f=tweets&q=%22Super%20Shock%20Shadow%22&src=typed&max_position=TWEET-978479520981372928-985193278072123393>
None
2018-04-14 15:27:28 [scrapy] DEBUG: Scraped from <200 https://twitter.com/i/search/timeline?l=en&f=tweets&q=%22Super%20Shock%20Shadow%22&src=typed&max_position=TWEET-978479520981372928-985193278072123393>
None
2018-04-14 15:27:28 [scrapy] DEBUG: Scraped from <200 https://twitter.com/i/search/timeline?l=en&f=tweets&q=%22Super%20Shock%20Shadow%22&src=typed&max_position=TWEET-978479520981372928-985193278072123393>
None
2018-04-14 15:27:28 [scrapy] DEBUG: Scraped from <200 https://twitter.com/i/search/timeline?l=en&f=tweets&q=%22Super%20Shock%20Shadow%22&src=typed&max_position=TWEET-978479520981372928-985193278072123393>
None
2018-04-14 15:27:28 [scrapy] DEBUG: Scraped from <200 https://twitter.com/i/search/timeline?l=en&f=tweets&q=%22Super%20Shock%20Shadow%22&src=typed&max_position=TWEET-978479520981372928-985193278072123393>
None
2018-04-14 15:27:28 [scrapy] DEBUG: Scraped from <200 https://twitter.com/i/search/timeline?l=en&f=tweets&q=%22Super%20Shock%20Shadow%22&src=typed&max_position=TWEET-978479520981372928-985193278072123393>
None
2018-04-14 15:27:28 [scrapy] DEBUG: Scraped from <200 https://twitter.com/i/search/timeline?l=en&f=tweets&q=%22Super%20Shock%20Shadow%22&src=typed&max_position=TWEET-978479520981372928-985193278072123393>
None
2018-04-14 15:27:28 [scrapy] DEBUG: Scraped from <200 https://twitter.com/i/search/timeline?l=en&f=tweets&q=%22Super%20Shock%20Shadow%22&src=typed&max_position=TWEET-978479520981372928-985193278072123393>
None
2018-04-14 15:27:28 [scrapy] DEBUG: Scraped from <200 https://twitter.com/i/search/timeline?l=en&f=tweets&q=%22Super%20Shock%20Shadow%22&src=typed&max_position=TWEET-978479520981372928-985193278072123393>
None
2018-04-14 15:27:28 [scrapy] DEBUG: Scraped from <200 https://twitter.com/i/search/timeline?l=en&f=tweets&q=%22Super%20Shock%20Shadow%22&src=typed&max_position=TWEET-978479520981372928-985193278072123393>
None
2018-04-14 15:27:28 [scrapy] DEBUG: Scraped from <200 https://twitter.com/i/search/timeline?l=en&f=tweets&q=%22Super%20Shock%20Shadow%22&src=typed&max_position=TWEET-978479520981372928-985193278072123393>
None
2018-04-14 15:27:29 [scrapy] DEBUG: Crawled (200) <GET https://twitter.com/i/search/timeline?l=en&f=tweets&q=%22Super%20Shock%20Shadow%22&src=typed&max_position=TWEET-977291162942926848-985193278072123393> (referer: https://twitter.com/i/search/timeline?l=en&f=tweets&q=%22Super%20Shock%20Shadow%22&src=typed&max_position=TWEET-978479520981372928-985193278072123393)
2018-04-14 15:27:29 [scrapy] DEBUG: Scraped from <200 https://twitter.com/i/search/timeline?l=en&f=tweets&q=%22Super%20Shock%20Shadow%22&src=typed&max_position=TWEET-977291162942926848-985193278072123393>
None
2018-04-14 15:27:29 [scrapy] DEBUG: Scraped from <200 https://twitter.com/i/search/timeline?l=en&f=tweets&q=%22Super%20Shock%20Shadow%22&src=typed&max_position=TWEET-977291162942926848-985193278072123393>
None
2018-04-14 15:27:29 [scrapy] DEBUG: Scraped from <200 https://twitter.com/i/search/timeline?l=en&f=tweets&q=%22Super%20Shock%20Shadow%22&src=typed&max_position=TWEET-977291162942926848-985193278072123393>
None
2018-04-14 15:27:29 [scrapy] DEBUG: Scraped from <200 https://twitter.com/i/search/timeline?l=en&f=tweets&q=%22Super%20Shock%20Shadow%22&src=typed&max_position=TWEET-977291162942926848-985193278072123393>
None
2018-04-14 15:27:29 [scrapy] DEBUG: Scraped from <200 https://twitter.com/i/search/timeline?l=en&f=tweets&q=%22Super%20Shock%20Shadow%22&src=typed&max_position=TWEET-977291162942926848-985193278072123393>
None
2018-04-14 15:27:29 [scrapy] DEBUG: Scraped from <200 https://twitter.com/i/search/timeline?l=en&f=tweets&q=%22Super%20Shock%20Shadow%22&src=typed&max_position=TWEET-977291162942926848-985193278072123393>
None
2018-04-14 15:27:30 [scrapy] DEBUG: Scraped from <200 https://twitter.com/i/search/timeline?l=en&f=tweets&q=%22Super%20Shock%20Shadow%22&src=typed&max_position=TWEET-977291162942926848-985193278072123393>
None
2018-04-14 15:27:30 [scrapy] DEBUG: Scraped from <200 https://twitter.com/i/search/timeline?l=en&f=tweets&q=%22Super%20Shock%20Shadow%22&src=typed&max_position=TWEET-977291162942926848-985193278072123393>
None
2018-04-14 15:27:30 [scrapy] DEBUG: Scraped from <200 https://twitter.com/i/search/timeline?l=en&f=tweets&q=%22Super%20Shock%20Shadow%22&src=typed&max_position=TWEET-977291162942926848-985193278072123393>
None
2018-04-14 15:27:30 [scrapy] DEBUG: Scraped from <200 https://twitter.com/i/search/timeline?l=en&f=tweets&q=%22Super%20Shock%20Shadow%22&src=typed&max_position=TWEET-977291162942926848-985193278072123393>
None
2018-04-14 15:27:30 [scrapy] DEBUG: Scraped from <200 https://twitter.com/i/search/timeline?l=en&f=tweets&q=%22Super%20Shock%20Shadow%22&src=typed&max_position=TWEET-977291162942926848-985193278072123393>
None
2018-04-14 15:27:30 [scrapy] DEBUG: Scraped from <200 https://twitter.com/i/search/timeline?l=en&f=tweets&q=%22Super%20Shock%20Shadow%22&src=typed&max_position=TWEET-977291162942926848-985193278072123393>
None
2018-04-14 15:27:30 [scrapy] DEBUG: Scraped from <200 https://twitter.com/i/search/timeline?l=en&f=tweets&q=%22Super%20Shock%20Shadow%22&src=typed&max_position=TWEET-977291162942926848-985193278072123393>
None
2018-04-14 15:27:30 [scrapy] DEBUG: Scraped from <200 https://twitter.com/i/search/timeline?l=en&f=tweets&q=%22Super%20Shock%20Shadow%22&src=typed&max_position=TWEET-977291162942926848-985193278072123393>
None
2018-04-14 15:27:30 [scrapy] DEBUG: Scraped from <200 https://twitter.com/i/search/timeline?l=en&f=tweets&q=%22Super%20Shock%20Shadow%22&src=typed&max_position=TWEET-977291162942926848-985193278072123393>
None
2018-04-14 15:27:30 [scrapy] DEBUG: Scraped from <200 https://twitter.com/i/search/timeline?l=en&f=tweets&q=%22Super%20Shock%20Shadow%22&src=typed&max_position=TWEET-977291162942926848-985193278072123393>
None
2018-04-14 15:27:30 [scrapy] DEBUG: Scraped from <200 https://twitter.com/i/search/timeline?l=en&f=tweets&q=%22Super%20Shock%20Shadow%22&src=typed&max_position=TWEET-977291162942926848-985193278072123393>
None
2018-04-14 15:27:30 [scrapy] DEBUG: Scraped from <200 https://twitter.com/i/search/timeline?l=en&f=tweets&q=%22Super%20Shock%20Shadow%22&src=typed&max_position=TWEET-977291162942926848-985193278072123393>
None
2018-04-14 15:27:30 [scrapy] DEBUG: Scraped from <200 https://twitter.com/i/search/timeline?l=en&f=tweets&q=%22Super%20Shock%20Shadow%22&src=typed&max_position=TWEET-977291162942926848-985193278072123393>
None
2018-04-14 15:27:30 [scrapy] DEBUG: Scraped from <200 https://twitter.com/i/search/timeline?l=en&f=tweets&q=%22Super%20Shock%20Shadow%22&src=typed&max_position=TWEET-977291162942926848-985193278072123393>
None
2018-04-14 15:27:31 [scrapy] DEBUG: Crawled (200) <GET https://twitter.com/i/search/timeline?l=en&f=tweets&q=%22Super%20Shock%20Shadow%22&src=typed&max_position=TWEET-976670236937089026-985193278072123393> (referer: https://twitter.com/i/search/timeline?l=en&f=tweets&q=%22Super%20Shock%20Shadow%22&src=typed&max_position=TWEET-977291162942926848-985193278072123393)
2018-04-14 15:27:31 [scrapy] DEBUG: Scraped from <200 https://twitter.com/i/search/timeline?l=en&f=tweets&q=%22Super%20Shock%20Shadow%22&src=typed&max_position=TWEET-976670236937089026-985193278072123393>
None
2018-04-14 15:27:31 [scrapy] DEBUG: Scraped from <200 https://twitter.com/i/search/timeline?l=en&f=tweets&q=%22Super%20Shock%20Shadow%22&src=typed&max_position=TWEET-976670236937089026-985193278072123393>
None
2018-04-14 15:27:31 [scrapy] DEBUG: Scraped from <200 https://twitter.com/i/search/timeline?l=en&f=tweets&q=%22Super%20Shock%20Shadow%22&src=typed&max_position=TWEET-976670236937089026-985193278072123393>
None
2018-04-14 15:27:31 [scrapy] DEBUG: Scraped from <200 https://twitter.com/i/search/timeline?l=en&f=tweets&q=%22Super%20Shock%20Shadow%22&src=typed&max_position=TWEET-976670236937089026-985193278072123393>
None
2018-04-14 15:27:31 [scrapy] DEBUG: Scraped from <200 https://twitter.com/i/search/timeline?l=en&f=tweets&q=%22Super%20Shock%20Shadow%22&src=typed&max_position=TWEET-976670236937089026-985193278072123393>
None
2018-04-14 15:27:31 [scrapy] DEBUG: Scraped from <200 https://twitter.com/i/search/timeline?l=en&f=tweets&q=%22Super%20Shock%20Shadow%22&src=typed&max_position=TWEET-976670236937089026-985193278072123393>
None
2018-04-14 15:27:31 [scrapy] DEBUG: Scraped from <200 https://twitter.com/i/search/timeline?l=en&f=tweets&q=%22Super%20Shock%20Shadow%22&src=typed&max_position=TWEET-976670236937089026-985193278072123393>
None
2018-04-14 15:27:31 [scrapy] DEBUG: Scraped from <200 https://twitter.com/i/search/timeline?l=en&f=tweets&q=%22Super%20Shock%20Shadow%22&src=typed&max_position=TWEET-976670236937089026-985193278072123393>
None
2018-04-14 15:27:31 [scrapy] DEBUG: Scraped from <200 https://twitter.com/i/search/timeline?l=en&f=tweets&q=%22Super%20Shock%20Shadow%22&src=typed&max_position=TWEET-976670236937089026-985193278072123393>
None
2018-04-14 15:27:31 [scrapy] DEBUG: Scraped from <200 https://twitter.com/i/search/timeline?l=en&f=tweets&q=%22Super%20Shock%20Shadow%22&src=typed&max_position=TWEET-976670236937089026-985193278072123393>
None
2018-04-14 15:27:31 [scrapy] DEBUG: Scraped from <200 https://twitter.com/i/search/timeline?l=en&f=tweets&q=%22Super%20Shock%20Shadow%22&src=typed&max_position=TWEET-976670236937089026-985193278072123393>
None
2018-04-14 15:27:31 [scrapy] DEBUG: Scraped from <200 https://twitter.com/i/search/timeline?l=en&f=tweets&q=%22Super%20Shock%20Shadow%22&src=typed&max_position=TWEET-976670236937089026-985193278072123393>
None
2018-04-14 15:27:31 [scrapy] DEBUG: Scraped from <200 https://twitter.com/i/search/timeline?l=en&f=tweets&q=%22Super%20Shock%20Shadow%22&src=typed&max_position=TWEET-976670236937089026-985193278072123393>
None
2018-04-14 15:27:32 [scrapy] DEBUG: Scraped from <200 https://twitter.com/i/search/timeline?l=en&f=tweets&q=%22Super%20Shock%20Shadow%22&src=typed&max_position=TWEET-976670236937089026-985193278072123393>
None
2018-04-14 15:27:32 [scrapy] DEBUG: Scraped from <200 https://twitter.com/i/search/timeline?l=en&f=tweets&q=%22Super%20Shock%20Shadow%22&src=typed&max_position=TWEET-976670236937089026-985193278072123393>
None
2018-04-14 15:27:32 [scrapy] DEBUG: Scraped from <200 https://twitter.com/i/search/timeline?l=en&f=tweets&q=%22Super%20Shock%20Shadow%22&src=typed&max_position=TWEET-976670236937089026-985193278072123393>
None
2018-04-14 15:27:32 [scrapy] DEBUG: Scraped from <200 https://twitter.com/i/search/timeline?l=en&f=tweets&q=%22Super%20Shock%20Shadow%22&src=typed&max_position=TWEET-976670236937089026-985193278072123393>
None
2018-04-14 15:27:32 [scrapy] DEBUG: Crawled (200) <GET https://twitter.com/i/search/timeline?l=en&f=tweets&q=%22Super%20Shock%20Shadow%22&src=typed&max_position=TWEET-975734410615046144-985193278072123393> (referer: https://twitter.com/i/search/timeline?l=en&f=tweets&q=%22Super%20Shock%20Shadow%22&src=typed&max_position=TWEET-976670236937089026-985193278072123393)
2018-04-14 15:27:33 [scrapy] DEBUG: Scraped from <200 https://twitter.com/i/search/timeline?l=en&f=tweets&q=%22Super%20Shock%20Shadow%22&src=typed&max_position=TWEET-975734410615046144-985193278072123393>
None
2018-04-14 15:27:33 [scrapy] DEBUG: Scraped from <200 https://twitter.com/i/search/timeline?l=en&f=tweets&q=%22Super%20Shock%20Shadow%22&src=typed&max_position=TWEET-975734410615046144-985193278072123393>
None
2018-04-14 15:27:33 [scrapy] DEBUG: Scraped from <200 https://twitter.com/i/search/timeline?l=en&f=tweets&q=%22Super%20Shock%20Shadow%22&src=typed&max_position=TWEET-975734410615046144-985193278072123393>
None
2018-04-14 15:27:33 [scrapy] DEBUG: Scraped from <200 https://twitter.com/i/search/timeline?l=en&f=tweets&q=%22Super%20Shock%20Shadow%22&src=typed&max_position=TWEET-975734410615046144-985193278072123393>
None
2018-04-14 15:27:33 [scrapy] DEBUG: Scraped from <200 https://twitter.com/i/search/timeline?l=en&f=tweets&q=%22Super%20Shock%20Shadow%22&src=typed&max_position=TWEET-975734410615046144-985193278072123393>
None
2018-04-14 15:27:33 [scrapy] DEBUG: Scraped from <200 https://twitter.com/i/search/timeline?l=en&f=tweets&q=%22Super%20Shock%20Shadow%22&src=typed&max_position=TWEET-975734410615046144-985193278072123393>
None
2018-04-14 15:27:33 [scrapy] DEBUG: Scraped from <200 https://twitter.com/i/search/timeline?l=en&f=tweets&q=%22Super%20Shock%20Shadow%22&src=typed&max_position=TWEET-975734410615046144-985193278072123393>
None
2018-04-14 15:27:33 [scrapy] DEBUG: Scraped from <200 https://twitter.com/i/search/timeline?l=en&f=tweets&q=%22Super%20Shock%20Shadow%22&src=typed&max_position=TWEET-975734410615046144-985193278072123393>
None
2018-04-14 15:27:33 [scrapy] DEBUG: Scraped from <200 https://twitter.com/i/search/timeline?l=en&f=tweets&q=%22Super%20Shock%20Shadow%22&src=typed&max_position=TWEET-975734410615046144-985193278072123393>
None
2018-04-14 15:27:33 [scrapy] DEBUG: Scraped from <200 https://twitter.com/i/search/timeline?l=en&f=tweets&q=%22Super%20Shock%20Shadow%22&src=typed&max_position=TWEET-975734410615046144-985193278072123393>
None
2018-04-14 15:27:33 [scrapy] DEBUG: Scraped from <200 https://twitter.com/i/search/timeline?l=en&f=tweets&q=%22Super%20Shock%20Shadow%22&src=typed&max_position=TWEET-975734410615046144-985193278072123393>
None
2018-04-14 15:27:33 [scrapy] DEBUG: Scraped from <200 https://twitter.com/i/search/timeline?l=en&f=tweets&q=%22Super%20Shock%20Shadow%22&src=typed&max_position=TWEET-975734410615046144-985193278072123393>
None
2018-04-14 15:27:33 [scrapy] DEBUG: Scraped from <200 https://twitter.com/i/search/timeline?l=en&f=tweets&q=%22Super%20Shock%20Shadow%22&src=typed&max_position=TWEET-975734410615046144-985193278072123393>
None
2018-04-14 15:27:33 [scrapy] DEBUG: Scraped from <200 https://twitter.com/i/search/timeline?l=en&f=tweets&q=%22Super%20Shock%20Shadow%22&src=typed&max_position=TWEET-975734410615046144-985193278072123393>
None
2018-04-14 15:27:33 [scrapy] DEBUG: Scraped from <200 https://twitter.com/i/search/timeline?l=en&f=tweets&q=%22Super%20Shock%20Shadow%22&src=typed&max_position=TWEET-975734410615046144-985193278072123393>
None
2018-04-14 15:27:33 [scrapy] DEBUG: Scraped from <200 https://twitter.com/i/search/timeline?l=en&f=tweets&q=%22Super%20Shock%20Shadow%22&src=typed&max_position=TWEET-975734410615046144-985193278072123393>
None
2018-04-14 15:27:33 [scrapy] DEBUG: Scraped from <200 https://twitter.com/i/search/timeline?l=en&f=tweets&q=%22Super%20Shock%20Shadow%22&src=typed&max_position=TWEET-975734410615046144-985193278072123393>
None
2018-04-14 15:27:34 [scrapy] DEBUG: Scraped from <200 https://twitter.com/i/search/timeline?l=en&f=tweets&q=%22Super%20Shock%20Shadow%22&src=typed&max_position=TWEET-975734410615046144-985193278072123393>
None
2018-04-14 15:27:34 [scrapy] DEBUG: Crawled (200) <GET https://twitter.com/i/search/timeline?l=en&f=tweets&q=%22Super%20Shock%20Shadow%22&src=typed&max_position=TWEET-974706957423702016-985193278072123393> (referer: https://twitter.com/i/search/timeline?l=en&f=tweets&q=%22Super%20Shock%20Shadow%22&src=typed&max_position=TWEET-975734410615046144-985193278072123393)
2018-04-14 15:27:34 [scrapy] DEBUG: Scraped from <200 https://twitter.com/i/search/timeline?l=en&f=tweets&q=%22Super%20Shock%20Shadow%22&src=typed&max_position=TWEET-974706957423702016-985193278072123393>
None
2018-04-14 15:27:34 [scrapy] DEBUG: Scraped from <200 https://twitter.com/i/search/timeline?l=en&f=tweets&q=%22Super%20Shock%20Shadow%22&src=typed&max_position=TWEET-974706957423702016-985193278072123393>
None
2018-04-14 15:27:34 [scrapy] DEBUG: Scraped from <200 https://twitter.com/i/search/timeline?l=en&f=tweets&q=%22Super%20Shock%20Shadow%22&src=typed&max_position=TWEET-974706957423702016-985193278072123393>
None
2018-04-14 15:27:34 [scrapy] DEBUG: Scraped from <200 https://twitter.com/i/search/timeline?l=en&f=tweets&q=%22Super%20Shock%20Shadow%22&src=typed&max_position=TWEET-974706957423702016-985193278072123393>
None
2018-04-14 15:27:35 [scrapy] DEBUG: Scraped from <200 https://twitter.com/i/search/timeline?l=en&f=tweets&q=%22Super%20Shock%20Shadow%22&src=typed&max_position=TWEET-974706957423702016-985193278072123393>
None
2018-04-14 15:27:35 [scrapy] DEBUG: Scraped from <200 https://twitter.com/i/search/timeline?l=en&f=tweets&q=%22Super%20Shock%20Shadow%22&src=typed&max_position=TWEET-974706957423702016-985193278072123393>
None
2018-04-14 15:27:35 [scrapy] DEBUG: Scraped from <200 https://twitter.com/i/search/timeline?l=en&f=tweets&q=%22Super%20Shock%20Shadow%22&src=typed&max_position=TWEET-974706957423702016-985193278072123393>
None
2018-04-14 15:27:35 [scrapy] DEBUG: Scraped from <200 https://twitter.com/i/search/timeline?l=en&f=tweets&q=%22Super%20Shock%20Shadow%22&src=typed&max_position=TWEET-974706957423702016-985193278072123393>
None
2018-04-14 15:27:35 [scrapy] DEBUG: Scraped from <200 https://twitter.com/i/search/timeline?l=en&f=tweets&q=%22Super%20Shock%20Shadow%22&src=typed&max_position=TWEET-974706957423702016-985193278072123393>
None
2018-04-14 15:27:35 [scrapy] DEBUG: Scraped from <200 https://twitter.com/i/search/timeline?l=en&f=tweets&q=%22Super%20Shock%20Shadow%22&src=typed&max_position=TWEET-974706957423702016-985193278072123393>
None
2018-04-14 15:27:35 [scrapy] DEBUG: Scraped from <200 https://twitter.com/i/search/timeline?l=en&f=tweets&q=%22Super%20Shock%20Shadow%22&src=typed&max_position=TWEET-974706957423702016-985193278072123393>
None
2018-04-14 15:27:35 [scrapy] DEBUG: Scraped from <200 https://twitter.com/i/search/timeline?l=en&f=tweets&q=%22Super%20Shock%20Shadow%22&src=typed&max_position=TWEET-974706957423702016-985193278072123393>
None
2018-04-14 15:27:35 [scrapy] DEBUG: Scraped from <200 https://twitter.com/i/search/timeline?l=en&f=tweets&q=%22Super%20Shock%20Shadow%22&src=typed&max_position=TWEET-974706957423702016-985193278072123393>
None
2018-04-14 15:27:35 [scrapy] DEBUG: Scraped from <200 https://twitter.com/i/search/timeline?l=en&f=tweets&q=%22Super%20Shock%20Shadow%22&src=typed&max_position=TWEET-974706957423702016-985193278072123393>
None
2018-04-14 15:27:35 [scrapy] DEBUG: Scraped from <200 https://twitter.com/i/search/timeline?l=en&f=tweets&q=%22Super%20Shock%20Shadow%22&src=typed&max_position=TWEET-974706957423702016-985193278072123393>
None
2018-04-14 15:27:35 [scrapy] DEBUG: Scraped from <200 https://twitter.com/i/search/timeline?l=en&f=tweets&q=%22Super%20Shock%20Shadow%22&src=typed&max_position=TWEET-974706957423702016-985193278072123393>
None
2018-04-14 15:27:35 [scrapy] DEBUG: Scraped from <200 https://twitter.com/i/search/timeline?l=en&f=tweets&q=%22Super%20Shock%20Shadow%22&src=typed&max_position=TWEET-974706957423702016-985193278072123393>
None
2018-04-14 15:27:35 [scrapy] DEBUG: Scraped from <200 https://twitter.com/i/search/timeline?l=en&f=tweets&q=%22Super%20Shock%20Shadow%22&src=typed&max_position=TWEET-974706957423702016-985193278072123393>
None
2018-04-14 15:27:35 [scrapy] DEBUG: Scraped from <200 https://twitter.com/i/search/timeline?l=en&f=tweets&q=%22Super%20Shock%20Shadow%22&src=typed&max_position=TWEET-974706957423702016-985193278072123393>
None
2018-04-14 15:27:35 [scrapy] DEBUG: Scraped from <200 https://twitter.com/i/search/timeline?l=en&f=tweets&q=%22Super%20Shock%20Shadow%22&src=typed&max_position=TWEET-974706957423702016-985193278072123393>
None
2018-04-14 15:27:36 [scrapy] DEBUG: Crawled (200) <GET https://twitter.com/i/search/timeline?l=en&f=tweets&q=%22Super%20Shock%20Shadow%22&src=typed&max_position=TWEET-974233499073896448-985193278072123393> (referer: https://twitter.com/i/search/timeline?l=en&f=tweets&q=%22Super%20Shock%20Shadow%22&src=typed&max_position=TWEET-974706957423702016-985193278072123393)
2018-04-14 15:27:36 [scrapy] DEBUG: Scraped from <200 https://twitter.com/i/search/timeline?l=en&f=tweets&q=%22Super%20Shock%20Shadow%22&src=typed&max_position=TWEET-974233499073896448-985193278072123393>
None
2018-04-14 15:27:36 [scrapy] DEBUG: Scraped from <200 https://twitter.com/i/search/timeline?l=en&f=tweets&q=%22Super%20Shock%20Shadow%22&src=typed&max_position=TWEET-974233499073896448-985193278072123393>
None
2018-04-14 15:27:36 [scrapy] DEBUG: Scraped from <200 https://twitter.com/i/search/timeline?l=en&f=tweets&q=%22Super%20Shock%20Shadow%22&src=typed&max_position=TWEET-974233499073896448-985193278072123393>
None
2018-04-14 15:27:36 [scrapy] DEBUG: Scraped from <200 https://twitter.com/i/search/timeline?l=en&f=tweets&q=%22Super%20Shock%20Shadow%22&src=typed&max_position=TWEET-974233499073896448-985193278072123393>
None
2018-04-14 15:27:36 [scrapy] DEBUG: Scraped from <200 https://twitter.com/i/search/timeline?l=en&f=tweets&q=%22Super%20Shock%20Shadow%22&src=typed&max_position=TWEET-974233499073896448-985193278072123393>
None
2018-04-14 15:27:37 [scrapy] DEBUG: Scraped from <200 https://twitter.com/i/search/timeline?l=en&f=tweets&q=%22Super%20Shock%20Shadow%22&src=typed&max_position=TWEET-974233499073896448-985193278072123393>
None
2018-04-14 15:27:37 [scrapy] DEBUG: Scraped from <200 https://twitter.com/i/search/timeline?l=en&f=tweets&q=%22Super%20Shock%20Shadow%22&src=typed&max_position=TWEET-974233499073896448-985193278072123393>
None
2018-04-14 15:27:37 [scrapy] DEBUG: Scraped from <200 https://twitter.com/i/search/timeline?l=en&f=tweets&q=%22Super%20Shock%20Shadow%22&src=typed&max_position=TWEET-974233499073896448-985193278072123393>
None
2018-04-14 15:27:37 [scrapy] DEBUG: Scraped from <200 https://twitter.com/i/search/timeline?l=en&f=tweets&q=%22Super%20Shock%20Shadow%22&src=typed&max_position=TWEET-974233499073896448-985193278072123393>
None
2018-04-14 15:27:37 [scrapy] DEBUG: Scraped from <200 https://twitter.com/i/search/timeline?l=en&f=tweets&q=%22Super%20Shock%20Shadow%22&src=typed&max_position=TWEET-974233499073896448-985193278072123393>
None
2018-04-14 15:27:37 [scrapy] DEBUG: Scraped from <200 https://twitter.com/i/search/timeline?l=en&f=tweets&q=%22Super%20Shock%20Shadow%22&src=typed&max_position=TWEET-974233499073896448-985193278072123393>
None
2018-04-14 15:27:37 [scrapy] DEBUG: Scraped from <200 https://twitter.com/i/search/timeline?l=en&f=tweets&q=%22Super%20Shock%20Shadow%22&src=typed&max_position=TWEET-974233499073896448-985193278072123393>
None
2018-04-14 15:27:37 [scrapy] DEBUG: Scraped from <200 https://twitter.com/i/search/timeline?l=en&f=tweets&q=%22Super%20Shock%20Shadow%22&src=typed&max_position=TWEET-974233499073896448-985193278072123393>
None
2018-04-14 15:27:37 [scrapy] DEBUG: Scraped from <200 https://twitter.com/i/search/timeline?l=en&f=tweets&q=%22Super%20Shock%20Shadow%22&src=typed&max_position=TWEET-974233499073896448-985193278072123393>
None
2018-04-14 15:27:37 [scrapy] DEBUG: Scraped from <200 https://twitter.com/i/search/timeline?l=en&f=tweets&q=%22Super%20Shock%20Shadow%22&src=typed&max_position=TWEET-974233499073896448-985193278072123393>
None
2018-04-14 15:27:37 [scrapy] DEBUG: Scraped from <200 https://twitter.com/i/search/timeline?l=en&f=tweets&q=%22Super%20Shock%20Shadow%22&src=typed&max_position=TWEET-974233499073896448-985193278072123393>
None
2018-04-14 15:27:38 [scrapy] DEBUG: Crawled (200) <GET https://twitter.com/i/search/timeline?l=en&f=tweets&q=%22Super%20Shock%20Shadow%22&src=typed&max_position=TWEET-972591686424514560-985193278072123393> (referer: https://twitter.com/i/search/timeline?l=en&f=tweets&q=%22Super%20Shock%20Shadow%22&src=typed&max_position=TWEET-974233499073896448-985193278072123393)
2018-04-14 15:27:38 [scrapy] DEBUG: Scraped from <200 https://twitter.com/i/search/timeline?l=en&f=tweets&q=%22Super%20Shock%20Shadow%22&src=typed&max_position=TWEET-972591686424514560-985193278072123393>
None
2018-04-14 15:27:38 [scrapy] DEBUG: Scraped from <200 https://twitter.com/i/search/timeline?l=en&f=tweets&q=%22Super%20Shock%20Shadow%22&src=typed&max_position=TWEET-972591686424514560-985193278072123393>
None
2018-04-14 15:27:38 [scrapy] DEBUG: Scraped from <200 https://twitter.com/i/search/timeline?l=en&f=tweets&q=%22Super%20Shock%20Shadow%22&src=typed&max_position=TWEET-972591686424514560-985193278072123393>
None
2018-04-14 15:27:38 [scrapy] DEBUG: Scraped from <200 https://twitter.com/i/search/timeline?l=en&f=tweets&q=%22Super%20Shock%20Shadow%22&src=typed&max_position=TWEET-972591686424514560-985193278072123393>
None
2018-04-14 15:27:38 [scrapy] DEBUG: Scraped from <200 https://twitter.com/i/search/timeline?l=en&f=tweets&q=%22Super%20Shock%20Shadow%22&src=typed&max_position=TWEET-972591686424514560-985193278072123393>
None
2018-04-14 15:27:38 [scrapy] DEBUG: Scraped from <200 https://twitter.com/i/search/timeline?l=en&f=tweets&q=%22Super%20Shock%20Shadow%22&src=typed&max_position=TWEET-972591686424514560-985193278072123393>
None
2018-04-14 15:27:38 [scrapy] DEBUG: Scraped from <200 https://twitter.com/i/search/timeline?l=en&f=tweets&q=%22Super%20Shock%20Shadow%22&src=typed&max_position=TWEET-972591686424514560-985193278072123393>
None
2018-04-14 15:27:38 [scrapy] DEBUG: Scraped from <200 https://twitter.com/i/search/timeline?l=en&f=tweets&q=%22Super%20Shock%20Shadow%22&src=typed&max_position=TWEET-972591686424514560-985193278072123393>
None
2018-04-14 15:27:38 [scrapy] DEBUG: Scraped from <200 https://twitter.com/i/search/timeline?l=en&f=tweets&q=%22Super%20Shock%20Shadow%22&src=typed&max_position=TWEET-972591686424514560-985193278072123393>
None
2018-04-14 15:27:38 [scrapy] DEBUG: Scraped from <200 https://twitter.com/i/search/timeline?l=en&f=tweets&q=%22Super%20Shock%20Shadow%22&src=typed&max_position=TWEET-972591686424514560-985193278072123393>
None
2018-04-14 15:27:38 [scrapy] DEBUG: Scraped from <200 https://twitter.com/i/search/timeline?l=en&f=tweets&q=%22Super%20Shock%20Shadow%22&src=typed&max_position=TWEET-972591686424514560-985193278072123393>
None
2018-04-14 15:27:38 [scrapy] DEBUG: Scraped from <200 https://twitter.com/i/search/timeline?l=en&f=tweets&q=%22Super%20Shock%20Shadow%22&src=typed&max_position=TWEET-972591686424514560-985193278072123393>
None
2018-04-14 15:27:38 [scrapy] DEBUG: Scraped from <200 https://twitter.com/i/search/timeline?l=en&f=tweets&q=%22Super%20Shock%20Shadow%22&src=typed&max_position=TWEET-972591686424514560-985193278072123393>
None
2018-04-14 15:27:38 [scrapy] DEBUG: Scraped from <200 https://twitter.com/i/search/timeline?l=en&f=tweets&q=%22Super%20Shock%20Shadow%22&src=typed&max_position=TWEET-972591686424514560-985193278072123393>
None
2018-04-14 15:27:39 [scrapy] DEBUG: Scraped from <200 https://twitter.com/i/search/timeline?l=en&f=tweets&q=%22Super%20Shock%20Shadow%22&src=typed&max_position=TWEET-972591686424514560-985193278072123393>
None
2018-04-14 15:27:39 [scrapy] DEBUG: Scraped from <200 https://twitter.com/i/search/timeline?l=en&f=tweets&q=%22Super%20Shock%20Shadow%22&src=typed&max_position=TWEET-972591686424514560-985193278072123393>
None
2018-04-14 15:27:39 [scrapy] DEBUG: Scraped from <200 https://twitter.com/i/search/timeline?l=en&f=tweets&q=%22Super%20Shock%20Shadow%22&src=typed&max_position=TWEET-972591686424514560-985193278072123393>
None
2018-04-14 15:27:39 [scrapy] DEBUG: Scraped from <200 https://twitter.com/i/search/timeline?l=en&f=tweets&q=%22Super%20Shock%20Shadow%22&src=typed&max_position=TWEET-972591686424514560-985193278072123393>
None
2018-04-14 15:27:39 [scrapy] DEBUG: Scraped from <200 https://twitter.com/i/search/timeline?l=en&f=tweets&q=%22Super%20Shock%20Shadow%22&src=typed&max_position=TWEET-972591686424514560-985193278072123393>
None
2018-04-14 15:27:39 [scrapy] DEBUG: Crawled (200) <GET https://twitter.com/i/search/timeline?l=en&f=tweets&q=%22Super%20Shock%20Shadow%22&src=typed&max_position=TWEET-971137024597155840-985193278072123393> (referer: https://twitter.com/i/search/timeline?l=en&f=tweets&q=%22Super%20Shock%20Shadow%22&src=typed&max_position=TWEET-972591686424514560-985193278072123393)
2018-04-14 15:27:40 [scrapy] DEBUG: Scraped from <200 https://twitter.com/i/search/timeline?l=en&f=tweets&q=%22Super%20Shock%20Shadow%22&src=typed&max_position=TWEET-971137024597155840-985193278072123393>
None
2018-04-14 15:27:40 [scrapy] DEBUG: Scraped from <200 https://twitter.com/i/search/timeline?l=en&f=tweets&q=%22Super%20Shock%20Shadow%22&src=typed&max_position=TWEET-971137024597155840-985193278072123393>
None
2018-04-14 15:27:40 [scrapy] DEBUG: Scraped from <200 https://twitter.com/i/search/timeline?l=en&f=tweets&q=%22Super%20Shock%20Shadow%22&src=typed&max_position=TWEET-971137024597155840-985193278072123393>
None
2018-04-14 15:27:40 [scrapy] DEBUG: Scraped from <200 https://twitter.com/i/search/timeline?l=en&f=tweets&q=%22Super%20Shock%20Shadow%22&src=typed&max_position=TWEET-971137024597155840-985193278072123393>
None
2018-04-14 15:27:40 [scrapy] DEBUG: Scraped from <200 https://twitter.com/i/search/timeline?l=en&f=tweets&q=%22Super%20Shock%20Shadow%22&src=typed&max_position=TWEET-971137024597155840-985193278072123393>
None
2018-04-14 15:27:40 [scrapy] DEBUG: Scraped from <200 https://twitter.com/i/search/timeline?l=en&f=tweets&q=%22Super%20Shock%20Shadow%22&src=typed&max_position=TWEET-971137024597155840-985193278072123393>
None
2018-04-14 15:27:40 [scrapy] DEBUG: Scraped from <200 https://twitter.com/i/search/timeline?l=en&f=tweets&q=%22Super%20Shock%20Shadow%22&src=typed&max_position=TWEET-971137024597155840-985193278072123393>
None
2018-04-14 15:27:40 [scrapy] DEBUG: Scraped from <200 https://twitter.com/i/search/timeline?l=en&f=tweets&q=%22Super%20Shock%20Shadow%22&src=typed&max_position=TWEET-971137024597155840-985193278072123393>
None
2018-04-14 15:27:40 [scrapy] DEBUG: Scraped from <200 https://twitter.com/i/search/timeline?l=en&f=tweets&q=%22Super%20Shock%20Shadow%22&src=typed&max_position=TWEET-971137024597155840-985193278072123393>
None
2018-04-14 15:27:40 [scrapy] DEBUG: Scraped from <200 https://twitter.com/i/search/timeline?l=en&f=tweets&q=%22Super%20Shock%20Shadow%22&src=typed&max_position=TWEET-971137024597155840-985193278072123393>
None
2018-04-14 15:27:40 [scrapy] DEBUG: Scraped from <200 https://twitter.com/i/search/timeline?l=en&f=tweets&q=%22Super%20Shock%20Shadow%22&src=typed&max_position=TWEET-971137024597155840-985193278072123393>
None
2018-04-14 15:27:40 [scrapy] DEBUG: Scraped from <200 https://twitter.com/i/search/timeline?l=en&f=tweets&q=%22Super%20Shock%20Shadow%22&src=typed&max_position=TWEET-971137024597155840-985193278072123393>
None
2018-04-14 15:27:40 [scrapy] DEBUG: Scraped from <200 https://twitter.com/i/search/timeline?l=en&f=tweets&q=%22Super%20Shock%20Shadow%22&src=typed&max_position=TWEET-971137024597155840-985193278072123393>
None
2018-04-14 15:27:40 [scrapy] DEBUG: Scraped from <200 https://twitter.com/i/search/timeline?l=en&f=tweets&q=%22Super%20Shock%20Shadow%22&src=typed&max_position=TWEET-971137024597155840-985193278072123393>
None
2018-04-14 15:27:40 [scrapy] DEBUG: Scraped from <200 https://twitter.com/i/search/timeline?l=en&f=tweets&q=%22Super%20Shock%20Shadow%22&src=typed&max_position=TWEET-971137024597155840-985193278072123393>
None
2018-04-14 15:27:40 [scrapy] DEBUG: Scraped from <200 https://twitter.com/i/search/timeline?l=en&f=tweets&q=%22Super%20Shock%20Shadow%22&src=typed&max_position=TWEET-971137024597155840-985193278072123393>
None
2018-04-14 15:27:40 [scrapy] DEBUG: Scraped from <200 https://twitter.com/i/search/timeline?l=en&f=tweets&q=%22Super%20Shock%20Shadow%22&src=typed&max_position=TWEET-971137024597155840-985193278072123393>
None
2018-04-14 15:27:41 [scrapy] DEBUG: Crawled (200) <GET https://twitter.com/i/search/timeline?l=en&f=tweets&q=%22Super%20Shock%20Shadow%22&src=typed&max_position=TWEET-969288335205203969-985193278072123393> (referer: https://twitter.com/i/search/timeline?l=en&f=tweets&q=%22Super%20Shock%20Shadow%22&src=typed&max_position=TWEET-971137024597155840-985193278072123393)
2018-04-14 15:27:41 [scrapy] DEBUG: Scraped from <200 https://twitter.com/i/search/timeline?l=en&f=tweets&q=%22Super%20Shock%20Shadow%22&src=typed&max_position=TWEET-969288335205203969-985193278072123393>
None
2018-04-14 15:27:41 [scrapy] DEBUG: Scraped from <200 https://twitter.com/i/search/timeline?l=en&f=tweets&q=%22Super%20Shock%20Shadow%22&src=typed&max_position=TWEET-969288335205203969-985193278072123393>
None
2018-04-14 15:27:41 [scrapy] DEBUG: Scraped from <200 https://twitter.com/i/search/timeline?l=en&f=tweets&q=%22Super%20Shock%20Shadow%22&src=typed&max_position=TWEET-969288335205203969-985193278072123393>
None
2018-04-14 15:27:41 [scrapy] DEBUG: Scraped from <200 https://twitter.com/i/search/timeline?l=en&f=tweets&q=%22Super%20Shock%20Shadow%22&src=typed&max_position=TWEET-969288335205203969-985193278072123393>
None
2018-04-14 15:27:41 [scrapy] DEBUG: Scraped from <200 https://twitter.com/i/search/timeline?l=en&f=tweets&q=%22Super%20Shock%20Shadow%22&src=typed&max_position=TWEET-969288335205203969-985193278072123393>
None
2018-04-14 15:27:41 [scrapy] DEBUG: Scraped from <200 https://twitter.com/i/search/timeline?l=en&f=tweets&q=%22Super%20Shock%20Shadow%22&src=typed&max_position=TWEET-969288335205203969-985193278072123393>
None
2018-04-14 15:27:41 [scrapy] DEBUG: Scraped from <200 https://twitter.com/i/search/timeline?l=en&f=tweets&q=%22Super%20Shock%20Shadow%22&src=typed&max_position=TWEET-969288335205203969-985193278072123393>
None
2018-04-14 15:27:41 [scrapy] DEBUG: Scraped from <200 https://twitter.com/i/search/timeline?l=en&f=tweets&q=%22Super%20Shock%20Shadow%22&src=typed&max_position=TWEET-969288335205203969-985193278072123393>
None
2018-04-14 15:27:42 [scrapy] DEBUG: Scraped from <200 https://twitter.com/i/search/timeline?l=en&f=tweets&q=%22Super%20Shock%20Shadow%22&src=typed&max_position=TWEET-969288335205203969-985193278072123393>
None
2018-04-14 15:27:42 [scrapy] DEBUG: Scraped from <200 https://twitter.com/i/search/timeline?l=en&f=tweets&q=%22Super%20Shock%20Shadow%22&src=typed&max_position=TWEET-969288335205203969-985193278072123393>
None
2018-04-14 15:27:42 [scrapy] DEBUG: Scraped from <200 https://twitter.com/i/search/timeline?l=en&f=tweets&q=%22Super%20Shock%20Shadow%22&src=typed&max_position=TWEET-969288335205203969-985193278072123393>
None
2018-04-14 15:27:42 [scrapy] DEBUG: Scraped from <200 https://twitter.com/i/search/timeline?l=en&f=tweets&q=%22Super%20Shock%20Shadow%22&src=typed&max_position=TWEET-969288335205203969-985193278072123393>
None
2018-04-14 15:27:42 [scrapy] DEBUG: Scraped from <200 https://twitter.com/i/search/timeline?l=en&f=tweets&q=%22Super%20Shock%20Shadow%22&src=typed&max_position=TWEET-969288335205203969-985193278072123393>
None
2018-04-14 15:27:42 [scrapy] DEBUG: Scraped from <200 https://twitter.com/i/search/timeline?l=en&f=tweets&q=%22Super%20Shock%20Shadow%22&src=typed&max_position=TWEET-969288335205203969-985193278072123393>
None
2018-04-14 15:27:42 [scrapy] DEBUG: Scraped from <200 https://twitter.com/i/search/timeline?l=en&f=tweets&q=%22Super%20Shock%20Shadow%22&src=typed&max_position=TWEET-969288335205203969-985193278072123393>
None
2018-04-14 15:27:42 [scrapy] DEBUG: Scraped from <200 https://twitter.com/i/search/timeline?l=en&f=tweets&q=%22Super%20Shock%20Shadow%22&src=typed&max_position=TWEET-969288335205203969-985193278072123393>
None
2018-04-14 15:27:42 [scrapy] DEBUG: Scraped from <200 https://twitter.com/i/search/timeline?l=en&f=tweets&q=%22Super%20Shock%20Shadow%22&src=typed&max_position=TWEET-969288335205203969-985193278072123393>
None
2018-04-14 15:27:42 [scrapy] DEBUG: Scraped from <200 https://twitter.com/i/search/timeline?l=en&f=tweets&q=%22Super%20Shock%20Shadow%22&src=typed&max_position=TWEET-969288335205203969-985193278072123393>
None
2018-04-14 15:27:42 [scrapy] DEBUG: Scraped from <200 https://twitter.com/i/search/timeline?l=en&f=tweets&q=%22Super%20Shock%20Shadow%22&src=typed&max_position=TWEET-969288335205203969-985193278072123393>
None
2018-04-14 15:27:43 [scrapy] DEBUG: Crawled (200) <GET https://twitter.com/i/search/timeline?l=en&f=tweets&q=%22Super%20Shock%20Shadow%22&src=typed&max_position=TWEET-966877662735052801-985193278072123393> (referer: https://twitter.com/i/search/timeline?l=en&f=tweets&q=%22Super%20Shock%20Shadow%22&src=typed&max_position=TWEET-969288335205203969-985193278072123393)
2018-04-14 15:27:43 [scrapy] DEBUG: Scraped from <200 https://twitter.com/i/search/timeline?l=en&f=tweets&q=%22Super%20Shock%20Shadow%22&src=typed&max_position=TWEET-966877662735052801-985193278072123393>
None
2018-04-14 15:27:43 [scrapy] DEBUG: Scraped from <200 https://twitter.com/i/search/timeline?l=en&f=tweets&q=%22Super%20Shock%20Shadow%22&src=typed&max_position=TWEET-966877662735052801-985193278072123393>
None
2018-04-14 15:27:43 [scrapy] DEBUG: Scraped from <200 https://twitter.com/i/search/timeline?l=en&f=tweets&q=%22Super%20Shock%20Shadow%22&src=typed&max_position=TWEET-966877662735052801-985193278072123393>
None
2018-04-14 15:27:43 [scrapy] DEBUG: Scraped from <200 https://twitter.com/i/search/timeline?l=en&f=tweets&q=%22Super%20Shock%20Shadow%22&src=typed&max_position=TWEET-966877662735052801-985193278072123393>
None
2018-04-14 15:27:43 [scrapy] DEBUG: Scraped from <200 https://twitter.com/i/search/timeline?l=en&f=tweets&q=%22Super%20Shock%20Shadow%22&src=typed&max_position=TWEET-966877662735052801-985193278072123393>
None
2018-04-14 15:27:43 [scrapy] DEBUG: Scraped from <200 https://twitter.com/i/search/timeline?l=en&f=tweets&q=%22Super%20Shock%20Shadow%22&src=typed&max_position=TWEET-966877662735052801-985193278072123393>
None
2018-04-14 15:27:43 [scrapy] DEBUG: Scraped from <200 https://twitter.com/i/search/timeline?l=en&f=tweets&q=%22Super%20Shock%20Shadow%22&src=typed&max_position=TWEET-966877662735052801-985193278072123393>
None
2018-04-14 15:27:43 [scrapy] DEBUG: Scraped from <200 https://twitter.com/i/search/timeline?l=en&f=tweets&q=%22Super%20Shock%20Shadow%22&src=typed&max_position=TWEET-966877662735052801-985193278072123393>
None
2018-04-14 15:27:43 [scrapy] DEBUG: Scraped from <200 https://twitter.com/i/search/timeline?l=en&f=tweets&q=%22Super%20Shock%20Shadow%22&src=typed&max_position=TWEET-966877662735052801-985193278072123393>
None
2018-04-14 15:27:43 [scrapy] DEBUG: Scraped from <200 https://twitter.com/i/search/timeline?l=en&f=tweets&q=%22Super%20Shock%20Shadow%22&src=typed&max_position=TWEET-966877662735052801-985193278072123393>
None
2018-04-14 15:27:43 [scrapy] DEBUG: Scraped from <200 https://twitter.com/i/search/timeline?l=en&f=tweets&q=%22Super%20Shock%20Shadow%22&src=typed&max_position=TWEET-966877662735052801-985193278072123393>
None
2018-04-14 15:27:43 [scrapy] DEBUG: Scraped from <200 https://twitter.com/i/search/timeline?l=en&f=tweets&q=%22Super%20Shock%20Shadow%22&src=typed&max_position=TWEET-966877662735052801-985193278072123393>
None
2018-04-14 15:27:43 [scrapy] DEBUG: Scraped from <200 https://twitter.com/i/search/timeline?l=en&f=tweets&q=%22Super%20Shock%20Shadow%22&src=typed&max_position=TWEET-966877662735052801-985193278072123393>
None
2018-04-14 15:27:44 [scrapy] DEBUG: Crawled (200) <GET https://twitter.com/i/search/timeline?l=en&f=tweets&q=%22Super%20Shock%20Shadow%22&src=typed&max_position=TWEET-965224405734477826-985193278072123393> (referer: https://twitter.com/i/search/timeline?l=en&f=tweets&q=%22Super%20Shock%20Shadow%22&src=typed&max_position=TWEET-966877662735052801-985193278072123393)
2018-04-14 15:27:44 [scrapy] DEBUG: Scraped from <200 https://twitter.com/i/search/timeline?l=en&f=tweets&q=%22Super%20Shock%20Shadow%22&src=typed&max_position=TWEET-965224405734477826-985193278072123393>
None
2018-04-14 15:27:44 [scrapy] DEBUG: Scraped from <200 https://twitter.com/i/search/timeline?l=en&f=tweets&q=%22Super%20Shock%20Shadow%22&src=typed&max_position=TWEET-965224405734477826-985193278072123393>
None
2018-04-14 15:27:45 [scrapy] DEBUG: Scraped from <200 https://twitter.com/i/search/timeline?l=en&f=tweets&q=%22Super%20Shock%20Shadow%22&src=typed&max_position=TWEET-965224405734477826-985193278072123393>
None
2018-04-14 15:27:45 [scrapy] DEBUG: Scraped from <200 https://twitter.com/i/search/timeline?l=en&f=tweets&q=%22Super%20Shock%20Shadow%22&src=typed&max_position=TWEET-965224405734477826-985193278072123393>
None
2018-04-14 15:27:45 [scrapy] DEBUG: Scraped from <200 https://twitter.com/i/search/timeline?l=en&f=tweets&q=%22Super%20Shock%20Shadow%22&src=typed&max_position=TWEET-965224405734477826-985193278072123393>
None
2018-04-14 15:27:45 [scrapy] DEBUG: Scraped from <200 https://twitter.com/i/search/timeline?l=en&f=tweets&q=%22Super%20Shock%20Shadow%22&src=typed&max_position=TWEET-965224405734477826-985193278072123393>
None
2018-04-14 15:27:45 [scrapy] DEBUG: Scraped from <200 https://twitter.com/i/search/timeline?l=en&f=tweets&q=%22Super%20Shock%20Shadow%22&src=typed&max_position=TWEET-965224405734477826-985193278072123393>
None
2018-04-14 15:27:45 [scrapy] DEBUG: Scraped from <200 https://twitter.com/i/search/timeline?l=en&f=tweets&q=%22Super%20Shock%20Shadow%22&src=typed&max_position=TWEET-965224405734477826-985193278072123393>
None
2018-04-14 15:27:45 [scrapy] DEBUG: Scraped from <200 https://twitter.com/i/search/timeline?l=en&f=tweets&q=%22Super%20Shock%20Shadow%22&src=typed&max_position=TWEET-965224405734477826-985193278072123393>
None
2018-04-14 15:27:45 [scrapy] DEBUG: Scraped from <200 https://twitter.com/i/search/timeline?l=en&f=tweets&q=%22Super%20Shock%20Shadow%22&src=typed&max_position=TWEET-965224405734477826-985193278072123393>
None
2018-04-14 15:27:45 [scrapy] DEBUG: Scraped from <200 https://twitter.com/i/search/timeline?l=en&f=tweets&q=%22Super%20Shock%20Shadow%22&src=typed&max_position=TWEET-965224405734477826-985193278072123393>
None
2018-04-14 15:27:45 [scrapy] DEBUG: Scraped from <200 https://twitter.com/i/search/timeline?l=en&f=tweets&q=%22Super%20Shock%20Shadow%22&src=typed&max_position=TWEET-965224405734477826-985193278072123393>
None
2018-04-14 15:27:45 [scrapy] DEBUG: Scraped from <200 https://twitter.com/i/search/timeline?l=en&f=tweets&q=%22Super%20Shock%20Shadow%22&src=typed&max_position=TWEET-965224405734477826-985193278072123393>
None
2018-04-14 15:27:45 [scrapy] DEBUG: Scraped from <200 https://twitter.com/i/search/timeline?l=en&f=tweets&q=%22Super%20Shock%20Shadow%22&src=typed&max_position=TWEET-965224405734477826-985193278072123393>
None
2018-04-14 15:27:45 [scrapy] DEBUG: Scraped from <200 https://twitter.com/i/search/timeline?l=en&f=tweets&q=%22Super%20Shock%20Shadow%22&src=typed&max_position=TWEET-965224405734477826-985193278072123393>
None
2018-04-14 15:27:45 [scrapy] DEBUG: Scraped from <200 https://twitter.com/i/search/timeline?l=en&f=tweets&q=%22Super%20Shock%20Shadow%22&src=typed&max_position=TWEET-965224405734477826-985193278072123393>
None
2018-04-14 15:27:47 [scrapy] DEBUG: Crawled (200) <GET https://twitter.com/i/search/timeline?l=en&f=tweets&q=%22Super%20Shock%20Shadow%22&src=typed&max_position=TWEET-963594140926713856-985193278072123393> (referer: https://twitter.com/i/search/timeline?l=en&f=tweets&q=%22Super%20Shock%20Shadow%22&src=typed&max_position=TWEET-965224405734477826-985193278072123393)
2018-04-14 15:27:47 [scrapy] DEBUG: Scraped from <200 https://twitter.com/i/search/timeline?l=en&f=tweets&q=%22Super%20Shock%20Shadow%22&src=typed&max_position=TWEET-963594140926713856-985193278072123393>
None
2018-04-14 15:27:47 [scrapy] DEBUG: Scraped from <200 https://twitter.com/i/search/timeline?l=en&f=tweets&q=%22Super%20Shock%20Shadow%22&src=typed&max_position=TWEET-963594140926713856-985193278072123393>
None
2018-04-14 15:27:47 [scrapy] DEBUG: Scraped from <200 https://twitter.com/i/search/timeline?l=en&f=tweets&q=%22Super%20Shock%20Shadow%22&src=typed&max_position=TWEET-963594140926713856-985193278072123393>
None
2018-04-14 15:27:47 [scrapy] DEBUG: Scraped from <200 https://twitter.com/i/search/timeline?l=en&f=tweets&q=%22Super%20Shock%20Shadow%22&src=typed&max_position=TWEET-963594140926713856-985193278072123393>
None
2018-04-14 15:27:47 [scrapy] DEBUG: Scraped from <200 https://twitter.com/i/search/timeline?l=en&f=tweets&q=%22Super%20Shock%20Shadow%22&src=typed&max_position=TWEET-963594140926713856-985193278072123393>
None
2018-04-14 15:27:47 [scrapy] DEBUG: Scraped from <200 https://twitter.com/i/search/timeline?l=en&f=tweets&q=%22Super%20Shock%20Shadow%22&src=typed&max_position=TWEET-963594140926713856-985193278072123393>
None
2018-04-14 15:27:47 [scrapy] DEBUG: Scraped from <200 https://twitter.com/i/search/timeline?l=en&f=tweets&q=%22Super%20Shock%20Shadow%22&src=typed&max_position=TWEET-963594140926713856-985193278072123393>
None
2018-04-14 15:27:47 [scrapy] DEBUG: Scraped from <200 https://twitter.com/i/search/timeline?l=en&f=tweets&q=%22Super%20Shock%20Shadow%22&src=typed&max_position=TWEET-963594140926713856-985193278072123393>
None
2018-04-14 15:27:48 [scrapy] DEBUG: Scraped from <200 https://twitter.com/i/search/timeline?l=en&f=tweets&q=%22Super%20Shock%20Shadow%22&src=typed&max_position=TWEET-963594140926713856-985193278072123393>
None
2018-04-14 15:27:48 [scrapy] DEBUG: Scraped from <200 https://twitter.com/i/search/timeline?l=en&f=tweets&q=%22Super%20Shock%20Shadow%22&src=typed&max_position=TWEET-963594140926713856-985193278072123393>
None
2018-04-14 15:27:48 [scrapy] DEBUG: Scraped from <200 https://twitter.com/i/search/timeline?l=en&f=tweets&q=%22Super%20Shock%20Shadow%22&src=typed&max_position=TWEET-963594140926713856-985193278072123393>
None
2018-04-14 15:27:48 [scrapy] DEBUG: Scraped from <200 https://twitter.com/i/search/timeline?l=en&f=tweets&q=%22Super%20Shock%20Shadow%22&src=typed&max_position=TWEET-963594140926713856-985193278072123393>
None
2018-04-14 15:27:48 [scrapy] DEBUG: Scraped from <200 https://twitter.com/i/search/timeline?l=en&f=tweets&q=%22Super%20Shock%20Shadow%22&src=typed&max_position=TWEET-963594140926713856-985193278072123393>
None
2018-04-14 15:27:48 [scrapy] DEBUG: Scraped from <200 https://twitter.com/i/search/timeline?l=en&f=tweets&q=%22Super%20Shock%20Shadow%22&src=typed&max_position=TWEET-963594140926713856-985193278072123393>
None
2018-04-14 15:27:48 [scrapy] DEBUG: Scraped from <200 https://twitter.com/i/search/timeline?l=en&f=tweets&q=%22Super%20Shock%20Shadow%22&src=typed&max_position=TWEET-963594140926713856-985193278072123393>
None
2018-04-14 15:27:48 [scrapy] DEBUG: Scraped from <200 https://twitter.com/i/search/timeline?l=en&f=tweets&q=%22Super%20Shock%20Shadow%22&src=typed&max_position=TWEET-963594140926713856-985193278072123393>
None
2018-04-14 15:27:48 [scrapy] DEBUG: Scraped from <200 https://twitter.com/i/search/timeline?l=en&f=tweets&q=%22Super%20Shock%20Shadow%22&src=typed&max_position=TWEET-963594140926713856-985193278072123393>
None
2018-04-14 15:27:48 [scrapy] DEBUG: Scraped from <200 https://twitter.com/i/search/timeline?l=en&f=tweets&q=%22Super%20Shock%20Shadow%22&src=typed&max_position=TWEET-963594140926713856-985193278072123393>
None
2018-04-14 15:27:49 [scrapy] DEBUG: Crawled (200) <GET https://twitter.com/i/search/timeline?l=en&f=tweets&q=%22Super%20Shock%20Shadow%22&src=typed&max_position=TWEET-962142255007043584-985193278072123393> (referer: https://twitter.com/i/search/timeline?l=en&f=tweets&q=%22Super%20Shock%20Shadow%22&src=typed&max_position=TWEET-963594140926713856-985193278072123393)
2018-04-14 15:27:49 [scrapy] DEBUG: Scraped from <200 https://twitter.com/i/search/timeline?l=en&f=tweets&q=%22Super%20Shock%20Shadow%22&src=typed&max_position=TWEET-962142255007043584-985193278072123393>
None
2018-04-14 15:27:49 [scrapy] DEBUG: Scraped from <200 https://twitter.com/i/search/timeline?l=en&f=tweets&q=%22Super%20Shock%20Shadow%22&src=typed&max_position=TWEET-962142255007043584-985193278072123393>
None
2018-04-14 15:27:49 [scrapy] DEBUG: Scraped from <200 https://twitter.com/i/search/timeline?l=en&f=tweets&q=%22Super%20Shock%20Shadow%22&src=typed&max_position=TWEET-962142255007043584-985193278072123393>
None
2018-04-14 15:27:49 [scrapy] DEBUG: Scraped from <200 https://twitter.com/i/search/timeline?l=en&f=tweets&q=%22Super%20Shock%20Shadow%22&src=typed&max_position=TWEET-962142255007043584-985193278072123393>
None
2018-04-14 15:27:49 [scrapy] DEBUG: Scraped from <200 https://twitter.com/i/search/timeline?l=en&f=tweets&q=%22Super%20Shock%20Shadow%22&src=typed&max_position=TWEET-962142255007043584-985193278072123393>
None
2018-04-14 15:27:49 [scrapy] DEBUG: Scraped from <200 https://twitter.com/i/search/timeline?l=en&f=tweets&q=%22Super%20Shock%20Shadow%22&src=typed&max_position=TWEET-962142255007043584-985193278072123393>
None
2018-04-14 15:27:49 [scrapy] DEBUG: Scraped from <200 https://twitter.com/i/search/timeline?l=en&f=tweets&q=%22Super%20Shock%20Shadow%22&src=typed&max_position=TWEET-962142255007043584-985193278072123393>
None
2018-04-14 15:27:49 [scrapy] DEBUG: Scraped from <200 https://twitter.com/i/search/timeline?l=en&f=tweets&q=%22Super%20Shock%20Shadow%22&src=typed&max_position=TWEET-962142255007043584-985193278072123393>
None
2018-04-14 15:27:49 [scrapy] DEBUG: Scraped from <200 https://twitter.com/i/search/timeline?l=en&f=tweets&q=%22Super%20Shock%20Shadow%22&src=typed&max_position=TWEET-962142255007043584-985193278072123393>
None
2018-04-14 15:27:49 [scrapy] DEBUG: Scraped from <200 https://twitter.com/i/search/timeline?l=en&f=tweets&q=%22Super%20Shock%20Shadow%22&src=typed&max_position=TWEET-962142255007043584-985193278072123393>
None
2018-04-14 15:27:49 [scrapy] DEBUG: Scraped from <200 https://twitter.com/i/search/timeline?l=en&f=tweets&q=%22Super%20Shock%20Shadow%22&src=typed&max_position=TWEET-962142255007043584-985193278072123393>
None
2018-04-14 15:27:49 [scrapy] DEBUG: Scraped from <200 https://twitter.com/i/search/timeline?l=en&f=tweets&q=%22Super%20Shock%20Shadow%22&src=typed&max_position=TWEET-962142255007043584-985193278072123393>
None
2018-04-14 15:27:49 [scrapy] DEBUG: Scraped from <200 https://twitter.com/i/search/timeline?l=en&f=tweets&q=%22Super%20Shock%20Shadow%22&src=typed&max_position=TWEET-962142255007043584-985193278072123393>
None
2018-04-14 15:27:50 [scrapy] DEBUG: Scraped from <200 https://twitter.com/i/search/timeline?l=en&f=tweets&q=%22Super%20Shock%20Shadow%22&src=typed&max_position=TWEET-962142255007043584-985193278072123393>
None
2018-04-14 15:27:50 [scrapy] DEBUG: Scraped from <200 https://twitter.com/i/search/timeline?l=en&f=tweets&q=%22Super%20Shock%20Shadow%22&src=typed&max_position=TWEET-962142255007043584-985193278072123393>
None
2018-04-14 15:27:50 [scrapy] DEBUG: Scraped from <200 https://twitter.com/i/search/timeline?l=en&f=tweets&q=%22Super%20Shock%20Shadow%22&src=typed&max_position=TWEET-962142255007043584-985193278072123393>
None
2018-04-14 15:27:50 [scrapy] DEBUG: Scraped from <200 https://twitter.com/i/search/timeline?l=en&f=tweets&q=%22Super%20Shock%20Shadow%22&src=typed&max_position=TWEET-962142255007043584-985193278072123393>
None
2018-04-14 15:27:50 [scrapy] DEBUG: Scraped from <200 https://twitter.com/i/search/timeline?l=en&f=tweets&q=%22Super%20Shock%20Shadow%22&src=typed&max_position=TWEET-962142255007043584-985193278072123393>
None
2018-04-14 15:27:50 [scrapy] DEBUG: Scraped from <200 https://twitter.com/i/search/timeline?l=en&f=tweets&q=%22Super%20Shock%20Shadow%22&src=typed&max_position=TWEET-962142255007043584-985193278072123393>
None
2018-04-14 15:27:50 [scrapy] DEBUG: Scraped from <200 https://twitter.com/i/search/timeline?l=en&f=tweets&q=%22Super%20Shock%20Shadow%22&src=typed&max_position=TWEET-962142255007043584-985193278072123393>
None
2018-04-14 15:27:51 [scrapy] DEBUG: Crawled (200) <GET https://twitter.com/i/search/timeline?l=en&f=tweets&q=%22Super%20Shock%20Shadow%22&src=typed&max_position=TWEET-961249649276456960-985193278072123393> (referer: https://twitter.com/i/search/timeline?l=en&f=tweets&q=%22Super%20Shock%20Shadow%22&src=typed&max_position=TWEET-962142255007043584-985193278072123393)
2018-04-14 15:27:51 [scrapy] DEBUG: Scraped from <200 https://twitter.com/i/search/timeline?l=en&f=tweets&q=%22Super%20Shock%20Shadow%22&src=typed&max_position=TWEET-961249649276456960-985193278072123393>
None
2018-04-14 15:27:51 [scrapy] INFO: Closing spider (closespider_itemcount)
2018-04-14 15:27:51 [scrapy] DEBUG: Scraped from <200 https://twitter.com/i/search/timeline?l=en&f=tweets&q=%22Super%20Shock%20Shadow%22&src=typed&max_position=TWEET-961249649276456960-985193278072123393>
None
2018-04-14 15:27:51 [scrapy] DEBUG: Scraped from <200 https://twitter.com/i/search/timeline?l=en&f=tweets&q=%22Super%20Shock%20Shadow%22&src=typed&max_position=TWEET-961249649276456960-985193278072123393>
None
2018-04-14 15:27:51 [scrapy] DEBUG: Scraped from <200 https://twitter.com/i/search/timeline?l=en&f=tweets&q=%22Super%20Shock%20Shadow%22&src=typed&max_position=TWEET-961249649276456960-985193278072123393>
None
2018-04-14 15:27:51 [scrapy] DEBUG: Scraped from <200 https://twitter.com/i/search/timeline?l=en&f=tweets&q=%22Super%20Shock%20Shadow%22&src=typed&max_position=TWEET-961249649276456960-985193278072123393>
None
2018-04-14 15:27:51 [scrapy] DEBUG: Scraped from <200 https://twitter.com/i/search/timeline?l=en&f=tweets&q=%22Super%20Shock%20Shadow%22&src=typed&max_position=TWEET-961249649276456960-985193278072123393>
None
2018-04-14 15:27:51 [scrapy] DEBUG: Scraped from <200 https://twitter.com/i/search/timeline?l=en&f=tweets&q=%22Super%20Shock%20Shadow%22&src=typed&max_position=TWEET-961249649276456960-985193278072123393>
None
2018-04-14 15:27:51 [scrapy] DEBUG: Scraped from <200 https://twitter.com/i/search/timeline?l=en&f=tweets&q=%22Super%20Shock%20Shadow%22&src=typed&max_position=TWEET-961249649276456960-985193278072123393>
None
2018-04-14 15:27:51 [scrapy] DEBUG: Scraped from <200 https://twitter.com/i/search/timeline?l=en&f=tweets&q=%22Super%20Shock%20Shadow%22&src=typed&max_position=TWEET-961249649276456960-985193278072123393>
None
2018-04-14 15:27:51 [scrapy] DEBUG: Scraped from <200 https://twitter.com/i/search/timeline?l=en&f=tweets&q=%22Super%20Shock%20Shadow%22&src=typed&max_position=TWEET-961249649276456960-985193278072123393>
None
2018-04-14 15:27:51 [scrapy] DEBUG: Scraped from <200 https://twitter.com/i/search/timeline?l=en&f=tweets&q=%22Super%20Shock%20Shadow%22&src=typed&max_position=TWEET-961249649276456960-985193278072123393>
None
2018-04-14 15:27:51 [scrapy] DEBUG: Scraped from <200 https://twitter.com/i/search/timeline?l=en&f=tweets&q=%22Super%20Shock%20Shadow%22&src=typed&max_position=TWEET-961249649276456960-985193278072123393>
None
2018-04-14 15:27:51 [scrapy] DEBUG: Scraped from <200 https://twitter.com/i/search/timeline?l=en&f=tweets&q=%22Super%20Shock%20Shadow%22&src=typed&max_position=TWEET-961249649276456960-985193278072123393>
None
2018-04-14 15:27:51 [scrapy] DEBUG: Scraped from <200 https://twitter.com/i/search/timeline?l=en&f=tweets&q=%22Super%20Shock%20Shadow%22&src=typed&max_position=TWEET-961249649276456960-985193278072123393>
None
2018-04-14 15:27:51 [scrapy] DEBUG: Scraped from <200 https://twitter.com/i/search/timeline?l=en&f=tweets&q=%22Super%20Shock%20Shadow%22&src=typed&max_position=TWEET-961249649276456960-985193278072123393>
None
2018-04-14 15:27:51 [scrapy] DEBUG: Scraped from <200 https://twitter.com/i/search/timeline?l=en&f=tweets&q=%22Super%20Shock%20Shadow%22&src=typed&max_position=TWEET-961249649276456960-985193278072123393>
None
2018-04-14 15:27:51 [scrapy] DEBUG: Scraped from <200 https://twitter.com/i/search/timeline?l=en&f=tweets&q=%22Super%20Shock%20Shadow%22&src=typed&max_position=TWEET-961249649276456960-985193278072123393>
None
2018-04-14 15:27:52 [scrapy] DEBUG: Scraped from <200 https://twitter.com/i/search/timeline?l=en&f=tweets&q=%22Super%20Shock%20Shadow%22&src=typed&max_position=TWEET-961249649276456960-985193278072123393>
None
2018-04-14 15:27:52 [scrapy] DEBUG: Scraped from <200 https://twitter.com/i/search/timeline?l=en&f=tweets&q=%22Super%20Shock%20Shadow%22&src=typed&max_position=TWEET-961249649276456960-985193278072123393>
None
2018-04-14 15:27:52 [scrapy] INFO: Dumping Scrapy stats:
{'downloader/request_bytes': 15735,
 'downloader/request_count': 18,
 'downloader/request_method_count/GET': 18,
 'downloader/response_bytes': 296194,
 'downloader/response_count': 18,
 'downloader/response_status_count/200': 18,
 'finish_reason': 'closespider_itemcount',
 'finish_time': datetime.datetime(2018, 4, 14, 20, 27, 52, 72057),
 'item_scraped_count': 318,
 'log_count/DEBUG': 654,
 'log_count/ERROR': 318,
 'log_count/INFO': 6,
 'memusage/max': 66822144,
 'memusage/startup': 66822144,
 'request_depth_max': 18,
 'response_received_count': 18,
 'scheduler/dequeued': 18,
 'scheduler/dequeued/memory': 18,
 'scheduler/enqueued': 19,
 'scheduler/enqueued/memory': 19,
 'start_time': datetime.datetime(2018, 4, 14, 20, 27, 20, 607613)}
2018-04-14 15:27:52 [scrapy] INFO: Spider closed (closespider_itemcount)
