2018-04-14 14:44:57 [scrapy] DEBUG: Crawled (200) <GET https://twitter.com/i/search/timeline?l=en&f=tweets&q=tarte%20Chrome%20Paint%20Shadow%20Pot&src=typed&max_position=> (referer: None)
2018-04-14 14:44:57 [scrapy] DEBUG: Scraped from <200 https://twitter.com/i/search/timeline?l=en&f=tweets&q=tarte%20Chrome%20Paint%20Shadow%20Pot&src=typed&max_position=>
None
2018-04-14 14:44:57 [scrapy] DEBUG: Scraped from <200 https://twitter.com/i/search/timeline?l=en&f=tweets&q=tarte%20Chrome%20Paint%20Shadow%20Pot&src=typed&max_position=>
None
2018-04-14 14:44:57 [scrapy] DEBUG: Scraped from <200 https://twitter.com/i/search/timeline?l=en&f=tweets&q=tarte%20Chrome%20Paint%20Shadow%20Pot&src=typed&max_position=>
None
2018-04-14 14:44:57 [scrapy] DEBUG: Scraped from <200 https://twitter.com/i/search/timeline?l=en&f=tweets&q=tarte%20Chrome%20Paint%20Shadow%20Pot&src=typed&max_position=>
None
2018-04-14 14:44:58 [scrapy] DEBUG: Scraped from <200 https://twitter.com/i/search/timeline?l=en&f=tweets&q=tarte%20Chrome%20Paint%20Shadow%20Pot&src=typed&max_position=>
None
2018-04-14 14:44:58 [scrapy] DEBUG: Scraped from <200 https://twitter.com/i/search/timeline?l=en&f=tweets&q=tarte%20Chrome%20Paint%20Shadow%20Pot&src=typed&max_position=>
None
2018-04-14 14:44:58 [scrapy] DEBUG: Scraped from <200 https://twitter.com/i/search/timeline?l=en&f=tweets&q=tarte%20Chrome%20Paint%20Shadow%20Pot&src=typed&max_position=>
None
2018-04-14 14:44:58 [scrapy] DEBUG: Scraped from <200 https://twitter.com/i/search/timeline?l=en&f=tweets&q=tarte%20Chrome%20Paint%20Shadow%20Pot&src=typed&max_position=>
None
2018-04-14 14:44:58 [scrapy] DEBUG: Scraped from <200 https://twitter.com/i/search/timeline?l=en&f=tweets&q=tarte%20Chrome%20Paint%20Shadow%20Pot&src=typed&max_position=>
None
2018-04-14 14:44:58 [scrapy] DEBUG: Scraped from <200 https://twitter.com/i/search/timeline?l=en&f=tweets&q=tarte%20Chrome%20Paint%20Shadow%20Pot&src=typed&max_position=>
None
2018-04-14 14:44:58 [scrapy] DEBUG: Scraped from <200 https://twitter.com/i/search/timeline?l=en&f=tweets&q=tarte%20Chrome%20Paint%20Shadow%20Pot&src=typed&max_position=>
None
2018-04-14 14:44:58 [scrapy] DEBUG: Scraped from <200 https://twitter.com/i/search/timeline?l=en&f=tweets&q=tarte%20Chrome%20Paint%20Shadow%20Pot&src=typed&max_position=>
None
2018-04-14 14:44:58 [scrapy] DEBUG: Scraped from <200 https://twitter.com/i/search/timeline?l=en&f=tweets&q=tarte%20Chrome%20Paint%20Shadow%20Pot&src=typed&max_position=>
None
2018-04-14 14:44:58 [scrapy] DEBUG: Scraped from <200 https://twitter.com/i/search/timeline?l=en&f=tweets&q=tarte%20Chrome%20Paint%20Shadow%20Pot&src=typed&max_position=>
None
2018-04-14 14:44:58 [scrapy] DEBUG: Scraped from <200 https://twitter.com/i/search/timeline?l=en&f=tweets&q=tarte%20Chrome%20Paint%20Shadow%20Pot&src=typed&max_position=>
None
2018-04-14 14:44:58 [scrapy] DEBUG: Scraped from <200 https://twitter.com/i/search/timeline?l=en&f=tweets&q=tarte%20Chrome%20Paint%20Shadow%20Pot&src=typed&max_position=>
None
2018-04-14 14:44:58 [scrapy] DEBUG: Scraped from <200 https://twitter.com/i/search/timeline?l=en&f=tweets&q=tarte%20Chrome%20Paint%20Shadow%20Pot&src=typed&max_position=>
None
2018-04-14 14:44:58 [scrapy] DEBUG: Scraped from <200 https://twitter.com/i/search/timeline?l=en&f=tweets&q=tarte%20Chrome%20Paint%20Shadow%20Pot&src=typed&max_position=>
None
2018-04-14 14:44:58 [scrapy] DEBUG: Scraped from <200 https://twitter.com/i/search/timeline?l=en&f=tweets&q=tarte%20Chrome%20Paint%20Shadow%20Pot&src=typed&max_position=>
None
2018-04-14 14:44:58 [scrapy] DEBUG: Scraped from <200 https://twitter.com/i/search/timeline?l=en&f=tweets&q=tarte%20Chrome%20Paint%20Shadow%20Pot&src=typed&max_position=>
None
2018-04-14 14:45:00 [scrapy] DEBUG: Crawled (200) <GET https://twitter.com/i/search/timeline?l=en&f=tweets&q=tarte%20Chrome%20Paint%20Shadow%20Pot&src=typed&max_position=TWEET-948744570262773766-982902482861985792> (referer: https://twitter.com/i/search/timeline?l=en&f=tweets&q=tarte%20Chrome%20Paint%20Shadow%20Pot&src=typed&max_position=)
2018-04-14 14:45:01 [scrapy] DEBUG: Scraped from <200 https://twitter.com/i/search/timeline?l=en&f=tweets&q=tarte%20Chrome%20Paint%20Shadow%20Pot&src=typed&max_position=TWEET-948744570262773766-982902482861985792>
None
2018-04-14 14:45:01 [scrapy] DEBUG: Scraped from <200 https://twitter.com/i/search/timeline?l=en&f=tweets&q=tarte%20Chrome%20Paint%20Shadow%20Pot&src=typed&max_position=TWEET-948744570262773766-982902482861985792>
None
2018-04-14 14:45:01 [scrapy] DEBUG: Scraped from <200 https://twitter.com/i/search/timeline?l=en&f=tweets&q=tarte%20Chrome%20Paint%20Shadow%20Pot&src=typed&max_position=TWEET-948744570262773766-982902482861985792>
None
2018-04-14 14:45:01 [scrapy] DEBUG: Scraped from <200 https://twitter.com/i/search/timeline?l=en&f=tweets&q=tarte%20Chrome%20Paint%20Shadow%20Pot&src=typed&max_position=TWEET-948744570262773766-982902482861985792>
None
2018-04-14 14:45:01 [scrapy] DEBUG: Scraped from <200 https://twitter.com/i/search/timeline?l=en&f=tweets&q=tarte%20Chrome%20Paint%20Shadow%20Pot&src=typed&max_position=TWEET-948744570262773766-982902482861985792>
None
2018-04-14 14:45:01 [scrapy] DEBUG: Scraped from <200 https://twitter.com/i/search/timeline?l=en&f=tweets&q=tarte%20Chrome%20Paint%20Shadow%20Pot&src=typed&max_position=TWEET-948744570262773766-982902482861985792>
None
2018-04-14 14:45:01 [scrapy] DEBUG: Scraped from <200 https://twitter.com/i/search/timeline?l=en&f=tweets&q=tarte%20Chrome%20Paint%20Shadow%20Pot&src=typed&max_position=TWEET-948744570262773766-982902482861985792>
None
2018-04-14 14:45:01 [scrapy] DEBUG: Scraped from <200 https://twitter.com/i/search/timeline?l=en&f=tweets&q=tarte%20Chrome%20Paint%20Shadow%20Pot&src=typed&max_position=TWEET-948744570262773766-982902482861985792>
None
2018-04-14 14:45:01 [scrapy] DEBUG: Scraped from <200 https://twitter.com/i/search/timeline?l=en&f=tweets&q=tarte%20Chrome%20Paint%20Shadow%20Pot&src=typed&max_position=TWEET-948744570262773766-982902482861985792>
None
2018-04-14 14:45:01 [scrapy] DEBUG: Scraped from <200 https://twitter.com/i/search/timeline?l=en&f=tweets&q=tarte%20Chrome%20Paint%20Shadow%20Pot&src=typed&max_position=TWEET-948744570262773766-982902482861985792>
None
2018-04-14 14:45:01 [scrapy] DEBUG: Scraped from <200 https://twitter.com/i/search/timeline?l=en&f=tweets&q=tarte%20Chrome%20Paint%20Shadow%20Pot&src=typed&max_position=TWEET-948744570262773766-982902482861985792>
None
2018-04-14 14:45:01 [scrapy] DEBUG: Scraped from <200 https://twitter.com/i/search/timeline?l=en&f=tweets&q=tarte%20Chrome%20Paint%20Shadow%20Pot&src=typed&max_position=TWEET-948744570262773766-982902482861985792>
None
2018-04-14 14:45:01 [scrapy] DEBUG: Scraped from <200 https://twitter.com/i/search/timeline?l=en&f=tweets&q=tarte%20Chrome%20Paint%20Shadow%20Pot&src=typed&max_position=TWEET-948744570262773766-982902482861985792>
None
2018-04-14 14:45:01 [scrapy] DEBUG: Scraped from <200 https://twitter.com/i/search/timeline?l=en&f=tweets&q=tarte%20Chrome%20Paint%20Shadow%20Pot&src=typed&max_position=TWEET-948744570262773766-982902482861985792>
None
2018-04-14 14:45:01 [scrapy] DEBUG: Scraped from <200 https://twitter.com/i/search/timeline?l=en&f=tweets&q=tarte%20Chrome%20Paint%20Shadow%20Pot&src=typed&max_position=TWEET-948744570262773766-982902482861985792>
None
2018-04-14 14:45:01 [scrapy] DEBUG: Scraped from <200 https://twitter.com/i/search/timeline?l=en&f=tweets&q=tarte%20Chrome%20Paint%20Shadow%20Pot&src=typed&max_position=TWEET-948744570262773766-982902482861985792>
None
2018-04-14 14:45:01 [scrapy] DEBUG: Scraped from <200 https://twitter.com/i/search/timeline?l=en&f=tweets&q=tarte%20Chrome%20Paint%20Shadow%20Pot&src=typed&max_position=TWEET-948744570262773766-982902482861985792>
None
2018-04-14 14:45:01 [scrapy] DEBUG: Scraped from <200 https://twitter.com/i/search/timeline?l=en&f=tweets&q=tarte%20Chrome%20Paint%20Shadow%20Pot&src=typed&max_position=TWEET-948744570262773766-982902482861985792>
None
2018-04-14 14:45:01 [scrapy] DEBUG: Scraped from <200 https://twitter.com/i/search/timeline?l=en&f=tweets&q=tarte%20Chrome%20Paint%20Shadow%20Pot&src=typed&max_position=TWEET-948744570262773766-982902482861985792>
None
2018-04-14 14:45:02 [scrapy] DEBUG: Crawled (200) <GET https://twitter.com/i/search/timeline?l=en&f=tweets&q=tarte%20Chrome%20Paint%20Shadow%20Pot&src=typed&max_position=TWEET-926035839779471361-982902482861985792> (referer: https://twitter.com/i/search/timeline?l=en&f=tweets&q=tarte%20Chrome%20Paint%20Shadow%20Pot&src=typed&max_position=TWEET-948744570262773766-982902482861985792)
2018-04-14 14:45:02 [scrapy] DEBUG: Scraped from <200 https://twitter.com/i/search/timeline?l=en&f=tweets&q=tarte%20Chrome%20Paint%20Shadow%20Pot&src=typed&max_position=TWEET-926035839779471361-982902482861985792>
None
2018-04-14 14:45:02 [scrapy] DEBUG: Scraped from <200 https://twitter.com/i/search/timeline?l=en&f=tweets&q=tarte%20Chrome%20Paint%20Shadow%20Pot&src=typed&max_position=TWEET-926035839779471361-982902482861985792>
None
2018-04-14 14:45:02 [scrapy] DEBUG: Scraped from <200 https://twitter.com/i/search/timeline?l=en&f=tweets&q=tarte%20Chrome%20Paint%20Shadow%20Pot&src=typed&max_position=TWEET-926035839779471361-982902482861985792>
None
2018-04-14 14:45:02 [scrapy] DEBUG: Scraped from <200 https://twitter.com/i/search/timeline?l=en&f=tweets&q=tarte%20Chrome%20Paint%20Shadow%20Pot&src=typed&max_position=TWEET-926035839779471361-982902482861985792>
None
2018-04-14 14:45:03 [scrapy] DEBUG: Crawled (200) <GET https://twitter.com/i/search/timeline?l=en&f=tweets&q=tarte%20Chrome%20Paint%20Shadow%20Pot&src=typed&max_position=TWEET-924587153715318784-982902482861985792> (referer: https://twitter.com/i/search/timeline?l=en&f=tweets&q=tarte%20Chrome%20Paint%20Shadow%20Pot&src=typed&max_position=TWEET-926035839779471361-982902482861985792)
2018-04-14 14:45:03 [scrapy] DEBUG: Filtered duplicate request: <GET https://twitter.com/i/search/timeline?l=en&f=tweets&q=tarte%20Chrome%20Paint%20Shadow%20Pot&src=typed&max_position=TWEET-924587153715318784-982902482861985792> - no more duplicates will be shown (see DUPEFILTER_DEBUG to show all duplicates)
2018-04-14 14:45:03 [scrapy] INFO: Closing spider (finished)
2018-04-14 14:45:03 [scrapy] INFO: Dumping Scrapy stats:
{'downloader/request_bytes': 3018,
 'downloader/request_count': 4,
 'downloader/request_method_count/GET': 4,
 'downloader/response_bytes': 40614,
 'downloader/response_count': 4,
 'downloader/response_status_count/200': 4,
 'dupefilter/filtered': 1,
 'finish_reason': 'finished',
 'finish_time': datetime.datetime(2018, 4, 14, 19, 45, 3, 238640),
 'item_scraped_count': 43,
 'log_count/DEBUG': 92,
 'log_count/ERROR': 43,
 'log_count/INFO': 6,
 'memusage/max': 63221760,
 'memusage/startup': 63221760,
 'request_depth_max': 4,
 'response_received_count': 4,
 'scheduler/dequeued': 4,
 'scheduler/dequeued/memory': 4,
 'scheduler/enqueued': 4,
 'scheduler/enqueued/memory': 4,
 'start_time': datetime.datetime(2018, 4, 14, 19, 44, 56, 898098)}
2018-04-14 14:45:03 [scrapy] INFO: Spider closed (finished)
