2018-04-13 17:14:40 [scrapy] DEBUG: Crawled (200) <GET https://twitter.com/i/search/timeline?l=&f=tweets&q=Tina&src=typed&max_position=> (referer: None)
2018-04-13 17:14:40 [scrapy] DEBUG: Scraped from <200 https://twitter.com/i/search/timeline?l=&f=tweets&q=Tina&src=typed&max_position=>
None
2018-04-13 17:14:40 [scrapy] DEBUG: Scraped from <200 https://twitter.com/i/search/timeline?l=&f=tweets&q=Tina&src=typed&max_position=>
None
2018-04-13 17:14:40 [scrapy] DEBUG: Scraped from <200 https://twitter.com/i/search/timeline?l=&f=tweets&q=Tina&src=typed&max_position=>
None
2018-04-13 17:14:40 [scrapy] DEBUG: Scraped from <200 https://twitter.com/i/search/timeline?l=&f=tweets&q=Tina&src=typed&max_position=>
None
2018-04-13 17:14:40 [scrapy] DEBUG: Scraped from <200 https://twitter.com/i/search/timeline?l=&f=tweets&q=Tina&src=typed&max_position=>
None
2018-04-13 17:14:41 [scrapy] DEBUG: Scraped from <200 https://twitter.com/i/search/timeline?l=&f=tweets&q=Tina&src=typed&max_position=>
None
2018-04-13 17:14:41 [scrapy] DEBUG: Scraped from <200 https://twitter.com/i/search/timeline?l=&f=tweets&q=Tina&src=typed&max_position=>
None
2018-04-13 17:14:41 [scrapy] DEBUG: Scraped from <200 https://twitter.com/i/search/timeline?l=&f=tweets&q=Tina&src=typed&max_position=>
None
2018-04-13 17:14:41 [scrapy] DEBUG: Scraped from <200 https://twitter.com/i/search/timeline?l=&f=tweets&q=Tina&src=typed&max_position=>
None
2018-04-13 17:14:41 [scrapy] DEBUG: Scraped from <200 https://twitter.com/i/search/timeline?l=&f=tweets&q=Tina&src=typed&max_position=>
None
2018-04-13 17:14:41 [scrapy] DEBUG: Scraped from <200 https://twitter.com/i/search/timeline?l=&f=tweets&q=Tina&src=typed&max_position=>
None
2018-04-13 17:14:41 [scrapy] DEBUG: Scraped from <200 https://twitter.com/i/search/timeline?l=&f=tweets&q=Tina&src=typed&max_position=>
None
2018-04-13 17:14:41 [scrapy] DEBUG: Scraped from <200 https://twitter.com/i/search/timeline?l=&f=tweets&q=Tina&src=typed&max_position=>
None
2018-04-13 17:14:41 [scrapy] DEBUG: Scraped from <200 https://twitter.com/i/search/timeline?l=&f=tweets&q=Tina&src=typed&max_position=>
None
2018-04-13 17:14:41 [scrapy] DEBUG: Scraped from <200 https://twitter.com/i/search/timeline?l=&f=tweets&q=Tina&src=typed&max_position=>
None
2018-04-13 17:14:41 [scrapy] DEBUG: Scraped from <200 https://twitter.com/i/search/timeline?l=&f=tweets&q=Tina&src=typed&max_position=>
None
2018-04-13 17:14:41 [scrapy] DEBUG: Scraped from <200 https://twitter.com/i/search/timeline?l=&f=tweets&q=Tina&src=typed&max_position=>
None
2018-04-13 17:14:41 [scrapy] DEBUG: Scraped from <200 https://twitter.com/i/search/timeline?l=&f=tweets&q=Tina&src=typed&max_position=>
None
2018-04-13 17:14:42 [scrapy] DEBUG: Scraped from <200 https://twitter.com/i/search/timeline?l=&f=tweets&q=Tina&src=typed&max_position=>
None
2018-04-13 17:14:42 [scrapy] DEBUG: Crawled (400) <GET https://twitter.com/i/search/timeline?l=&f=tweets&q=&src=typed&max_position=TWEET-984917593277558784-984917745685983232> (referer: https://twitter.com/i/search/timeline?l=&f=tweets&q=Tina&src=typed&max_position=)
2018-04-13 17:14:42 [scrapy] INFO: Ignoring response <400 https://twitter.com/i/search/timeline?l=&f=tweets&q=&src=typed&max_position=TWEET-984917593277558784-984917745685983232>: HTTP status code is not handled or not allowed
2018-04-13 17:14:42 [scrapy] INFO: Closing spider (finished)
2018-04-13 17:14:42 [scrapy] INFO: Dumping Scrapy stats:
{'downloader/request_bytes': 1057,
 'downloader/request_count': 2,
 'downloader/request_method_count/GET': 2,
 'downloader/response_bytes': 19220,
 'downloader/response_count': 2,
 'downloader/response_status_count/200': 1,
 'downloader/response_status_count/400': 1,
 'finish_reason': 'finished',
 'finish_time': datetime.datetime(2018, 4, 13, 22, 14, 42, 251950),
 'httperror/response_ignored_count': 1,
 'httperror/response_ignored_status_count/400': 1,
 'item_scraped_count': 19,
 'log_count/DEBUG': 40,
 'log_count/INFO': 7,
 'memusage/max': 45215744,
 'memusage/startup': 45215744,
 'request_depth_max': 1,
 'response_received_count': 2,
 'scheduler/dequeued': 2,
 'scheduler/dequeued/memory': 2,
 'scheduler/enqueued': 2,
 'scheduler/enqueued/memory': 2,
 'start_time': datetime.datetime(2018, 4, 13, 22, 14, 39, 450174)}
2018-04-13 17:14:42 [scrapy] INFO: Spider closed (finished)
