2018-04-14 15:24:48 [scrapy] DEBUG: Crawled (200) <GET https://twitter.com/i/search/timeline?l=en&f=tweets&q=%22The%20Exotique%20Diamond%20Eye%20Gloss%22&src=typed&max_position=> (referer: None)
2018-04-14 15:24:49 [scrapy] DEBUG: Scraped from <200 https://twitter.com/i/search/timeline?l=en&f=tweets&q=%22The%20Exotique%20Diamond%20Eye%20Gloss%22&src=typed&max_position=>
None
2018-04-14 15:24:49 [scrapy] DEBUG: Scraped from <200 https://twitter.com/i/search/timeline?l=en&f=tweets&q=%22The%20Exotique%20Diamond%20Eye%20Gloss%22&src=typed&max_position=>
None
2018-04-14 15:24:49 [scrapy] DEBUG: Scraped from <200 https://twitter.com/i/search/timeline?l=en&f=tweets&q=%22The%20Exotique%20Diamond%20Eye%20Gloss%22&src=typed&max_position=>
None
2018-04-14 15:24:49 [scrapy] DEBUG: Scraped from <200 https://twitter.com/i/search/timeline?l=en&f=tweets&q=%22The%20Exotique%20Diamond%20Eye%20Gloss%22&src=typed&max_position=>
None
2018-04-14 15:24:49 [scrapy] DEBUG: Scraped from <200 https://twitter.com/i/search/timeline?l=en&f=tweets&q=%22The%20Exotique%20Diamond%20Eye%20Gloss%22&src=typed&max_position=>
None
2018-04-14 15:24:49 [scrapy] DEBUG: Scraped from <200 https://twitter.com/i/search/timeline?l=en&f=tweets&q=%22The%20Exotique%20Diamond%20Eye%20Gloss%22&src=typed&max_position=>
None
2018-04-14 15:24:49 [scrapy] DEBUG: Scraped from <200 https://twitter.com/i/search/timeline?l=en&f=tweets&q=%22The%20Exotique%20Diamond%20Eye%20Gloss%22&src=typed&max_position=>
None
2018-04-14 15:24:49 [scrapy] DEBUG: Scraped from <200 https://twitter.com/i/search/timeline?l=en&f=tweets&q=%22The%20Exotique%20Diamond%20Eye%20Gloss%22&src=typed&max_position=>
None
2018-04-14 15:24:49 [scrapy] DEBUG: Scraped from <200 https://twitter.com/i/search/timeline?l=en&f=tweets&q=%22The%20Exotique%20Diamond%20Eye%20Gloss%22&src=typed&max_position=>
None
2018-04-14 15:24:49 [scrapy] DEBUG: Scraped from <200 https://twitter.com/i/search/timeline?l=en&f=tweets&q=%22The%20Exotique%20Diamond%20Eye%20Gloss%22&src=typed&max_position=>
None
2018-04-14 15:24:49 [scrapy] DEBUG: Scraped from <200 https://twitter.com/i/search/timeline?l=en&f=tweets&q=%22The%20Exotique%20Diamond%20Eye%20Gloss%22&src=typed&max_position=>
None
2018-04-14 15:24:49 [scrapy] DEBUG: Scraped from <200 https://twitter.com/i/search/timeline?l=en&f=tweets&q=%22The%20Exotique%20Diamond%20Eye%20Gloss%22&src=typed&max_position=>
None
2018-04-14 15:24:49 [scrapy] DEBUG: Scraped from <200 https://twitter.com/i/search/timeline?l=en&f=tweets&q=%22The%20Exotique%20Diamond%20Eye%20Gloss%22&src=typed&max_position=>
None
2018-04-14 15:24:49 [scrapy] DEBUG: Scraped from <200 https://twitter.com/i/search/timeline?l=en&f=tweets&q=%22The%20Exotique%20Diamond%20Eye%20Gloss%22&src=typed&max_position=>
None
2018-04-14 15:24:49 [scrapy] DEBUG: Scraped from <200 https://twitter.com/i/search/timeline?l=en&f=tweets&q=%22The%20Exotique%20Diamond%20Eye%20Gloss%22&src=typed&max_position=>
None
2018-04-14 15:24:49 [scrapy] DEBUG: Scraped from <200 https://twitter.com/i/search/timeline?l=en&f=tweets&q=%22The%20Exotique%20Diamond%20Eye%20Gloss%22&src=typed&max_position=>
None
2018-04-14 15:24:49 [scrapy] DEBUG: Scraped from <200 https://twitter.com/i/search/timeline?l=en&f=tweets&q=%22The%20Exotique%20Diamond%20Eye%20Gloss%22&src=typed&max_position=>
None
2018-04-14 15:24:49 [scrapy] DEBUG: Scraped from <200 https://twitter.com/i/search/timeline?l=en&f=tweets&q=%22The%20Exotique%20Diamond%20Eye%20Gloss%22&src=typed&max_position=>
None
2018-04-14 15:24:50 [scrapy] DEBUG: Crawled (200) <GET https://twitter.com/i/search/timeline?l=en&f=tweets&q=%22The%20Exotique%20Diamond%20Eye%20Gloss%22&src=typed&max_position=TWEET-896029792499363840-945071158017380352> (referer: https://twitter.com/i/search/timeline?l=en&f=tweets&q=%22The%20Exotique%20Diamond%20Eye%20Gloss%22&src=typed&max_position=)
2018-04-14 15:24:50 [scrapy] DEBUG: Scraped from <200 https://twitter.com/i/search/timeline?l=en&f=tweets&q=%22The%20Exotique%20Diamond%20Eye%20Gloss%22&src=typed&max_position=TWEET-896029792499363840-945071158017380352>
None
2018-04-14 15:24:50 [scrapy] DEBUG: Scraped from <200 https://twitter.com/i/search/timeline?l=en&f=tweets&q=%22The%20Exotique%20Diamond%20Eye%20Gloss%22&src=typed&max_position=TWEET-896029792499363840-945071158017380352>
None
2018-04-14 15:24:50 [scrapy] DEBUG: Scraped from <200 https://twitter.com/i/search/timeline?l=en&f=tweets&q=%22The%20Exotique%20Diamond%20Eye%20Gloss%22&src=typed&max_position=TWEET-896029792499363840-945071158017380352>
None
2018-04-14 15:24:50 [scrapy] DEBUG: Scraped from <200 https://twitter.com/i/search/timeline?l=en&f=tweets&q=%22The%20Exotique%20Diamond%20Eye%20Gloss%22&src=typed&max_position=TWEET-896029792499363840-945071158017380352>
None
2018-04-14 15:24:50 [scrapy] DEBUG: Scraped from <200 https://twitter.com/i/search/timeline?l=en&f=tweets&q=%22The%20Exotique%20Diamond%20Eye%20Gloss%22&src=typed&max_position=TWEET-896029792499363840-945071158017380352>
None
2018-04-14 15:24:50 [scrapy] DEBUG: Scraped from <200 https://twitter.com/i/search/timeline?l=en&f=tweets&q=%22The%20Exotique%20Diamond%20Eye%20Gloss%22&src=typed&max_position=TWEET-896029792499363840-945071158017380352>
None
2018-04-14 15:24:50 [scrapy] DEBUG: Scraped from <200 https://twitter.com/i/search/timeline?l=en&f=tweets&q=%22The%20Exotique%20Diamond%20Eye%20Gloss%22&src=typed&max_position=TWEET-896029792499363840-945071158017380352>
None
2018-04-14 15:24:51 [scrapy] DEBUG: Scraped from <200 https://twitter.com/i/search/timeline?l=en&f=tweets&q=%22The%20Exotique%20Diamond%20Eye%20Gloss%22&src=typed&max_position=TWEET-896029792499363840-945071158017380352>
None
2018-04-14 15:24:51 [scrapy] DEBUG: Scraped from <200 https://twitter.com/i/search/timeline?l=en&f=tweets&q=%22The%20Exotique%20Diamond%20Eye%20Gloss%22&src=typed&max_position=TWEET-896029792499363840-945071158017380352>
None
2018-04-14 15:24:51 [scrapy] DEBUG: Scraped from <200 https://twitter.com/i/search/timeline?l=en&f=tweets&q=%22The%20Exotique%20Diamond%20Eye%20Gloss%22&src=typed&max_position=TWEET-896029792499363840-945071158017380352>
None
2018-04-14 15:24:51 [scrapy] DEBUG: Scraped from <200 https://twitter.com/i/search/timeline?l=en&f=tweets&q=%22The%20Exotique%20Diamond%20Eye%20Gloss%22&src=typed&max_position=TWEET-896029792499363840-945071158017380352>
None
2018-04-14 15:24:51 [scrapy] DEBUG: Scraped from <200 https://twitter.com/i/search/timeline?l=en&f=tweets&q=%22The%20Exotique%20Diamond%20Eye%20Gloss%22&src=typed&max_position=TWEET-896029792499363840-945071158017380352>
None
2018-04-14 15:24:51 [scrapy] DEBUG: Scraped from <200 https://twitter.com/i/search/timeline?l=en&f=tweets&q=%22The%20Exotique%20Diamond%20Eye%20Gloss%22&src=typed&max_position=TWEET-896029792499363840-945071158017380352>
None
2018-04-14 15:24:51 [scrapy] DEBUG: Scraped from <200 https://twitter.com/i/search/timeline?l=en&f=tweets&q=%22The%20Exotique%20Diamond%20Eye%20Gloss%22&src=typed&max_position=TWEET-896029792499363840-945071158017380352>
None
2018-04-14 15:24:51 [scrapy] DEBUG: Scraped from <200 https://twitter.com/i/search/timeline?l=en&f=tweets&q=%22The%20Exotique%20Diamond%20Eye%20Gloss%22&src=typed&max_position=TWEET-896029792499363840-945071158017380352>
None
2018-04-14 15:24:51 [scrapy] DEBUG: Scraped from <200 https://twitter.com/i/search/timeline?l=en&f=tweets&q=%22The%20Exotique%20Diamond%20Eye%20Gloss%22&src=typed&max_position=TWEET-896029792499363840-945071158017380352>
None
2018-04-14 15:24:51 [scrapy] DEBUG: Scraped from <200 https://twitter.com/i/search/timeline?l=en&f=tweets&q=%22The%20Exotique%20Diamond%20Eye%20Gloss%22&src=typed&max_position=TWEET-896029792499363840-945071158017380352>
None
2018-04-14 15:24:51 [scrapy] DEBUG: Scraped from <200 https://twitter.com/i/search/timeline?l=en&f=tweets&q=%22The%20Exotique%20Diamond%20Eye%20Gloss%22&src=typed&max_position=TWEET-896029792499363840-945071158017380352>
None
2018-04-14 15:24:51 [scrapy] DEBUG: Scraped from <200 https://twitter.com/i/search/timeline?l=en&f=tweets&q=%22The%20Exotique%20Diamond%20Eye%20Gloss%22&src=typed&max_position=TWEET-896029792499363840-945071158017380352>
None
2018-04-14 15:24:51 [scrapy] DEBUG: Scraped from <200 https://twitter.com/i/search/timeline?l=en&f=tweets&q=%22The%20Exotique%20Diamond%20Eye%20Gloss%22&src=typed&max_position=TWEET-896029792499363840-945071158017380352>
None
2018-04-14 15:24:52 [scrapy] DEBUG: Crawled (200) <GET https://twitter.com/i/search/timeline?l=en&f=tweets&q=%22The%20Exotique%20Diamond%20Eye%20Gloss%22&src=typed&max_position=TWEET-842838114133590016-945071158017380352> (referer: https://twitter.com/i/search/timeline?l=en&f=tweets&q=%22The%20Exotique%20Diamond%20Eye%20Gloss%22&src=typed&max_position=TWEET-896029792499363840-945071158017380352)
2018-04-14 15:24:52 [scrapy] DEBUG: Scraped from <200 https://twitter.com/i/search/timeline?l=en&f=tweets&q=%22The%20Exotique%20Diamond%20Eye%20Gloss%22&src=typed&max_position=TWEET-842838114133590016-945071158017380352>
None
2018-04-14 15:24:52 [scrapy] DEBUG: Scraped from <200 https://twitter.com/i/search/timeline?l=en&f=tweets&q=%22The%20Exotique%20Diamond%20Eye%20Gloss%22&src=typed&max_position=TWEET-842838114133590016-945071158017380352>
None
2018-04-14 15:24:52 [scrapy] DEBUG: Scraped from <200 https://twitter.com/i/search/timeline?l=en&f=tweets&q=%22The%20Exotique%20Diamond%20Eye%20Gloss%22&src=typed&max_position=TWEET-842838114133590016-945071158017380352>
None
2018-04-14 15:24:52 [scrapy] DEBUG: Scraped from <200 https://twitter.com/i/search/timeline?l=en&f=tweets&q=%22The%20Exotique%20Diamond%20Eye%20Gloss%22&src=typed&max_position=TWEET-842838114133590016-945071158017380352>
None
2018-04-14 15:24:52 [scrapy] DEBUG: Scraped from <200 https://twitter.com/i/search/timeline?l=en&f=tweets&q=%22The%20Exotique%20Diamond%20Eye%20Gloss%22&src=typed&max_position=TWEET-842838114133590016-945071158017380352>
None
2018-04-14 15:24:52 [scrapy] DEBUG: Scraped from <200 https://twitter.com/i/search/timeline?l=en&f=tweets&q=%22The%20Exotique%20Diamond%20Eye%20Gloss%22&src=typed&max_position=TWEET-842838114133590016-945071158017380352>
None
2018-04-14 15:24:52 [scrapy] DEBUG: Scraped from <200 https://twitter.com/i/search/timeline?l=en&f=tweets&q=%22The%20Exotique%20Diamond%20Eye%20Gloss%22&src=typed&max_position=TWEET-842838114133590016-945071158017380352>
None
2018-04-14 15:24:52 [scrapy] DEBUG: Scraped from <200 https://twitter.com/i/search/timeline?l=en&f=tweets&q=%22The%20Exotique%20Diamond%20Eye%20Gloss%22&src=typed&max_position=TWEET-842838114133590016-945071158017380352>
None
2018-04-14 15:24:52 [scrapy] DEBUG: Scraped from <200 https://twitter.com/i/search/timeline?l=en&f=tweets&q=%22The%20Exotique%20Diamond%20Eye%20Gloss%22&src=typed&max_position=TWEET-842838114133590016-945071158017380352>
None
2018-04-14 15:24:52 [scrapy] DEBUG: Crawled (200) <GET https://twitter.com/i/search/timeline?l=en&f=tweets&q=%22The%20Exotique%20Diamond%20Eye%20Gloss%22&src=typed&max_position=TWEET-780029102904356864-945071158017380352> (referer: https://twitter.com/i/search/timeline?l=en&f=tweets&q=%22The%20Exotique%20Diamond%20Eye%20Gloss%22&src=typed&max_position=TWEET-842838114133590016-945071158017380352)
2018-04-14 15:24:52 [scrapy] DEBUG: Filtered duplicate request: <GET https://twitter.com/i/search/timeline?l=en&f=tweets&q=%22The%20Exotique%20Diamond%20Eye%20Gloss%22&src=typed&max_position=TWEET-780029102904356864-945071158017380352> - no more duplicates will be shown (see DUPEFILTER_DEBUG to show all duplicates)
2018-04-14 15:24:53 [scrapy] INFO: Closing spider (finished)
2018-04-14 15:24:53 [scrapy] INFO: Dumping Scrapy stats:
{'downloader/request_bytes': 3067,
 'downloader/request_count': 4,
 'downloader/request_method_count/GET': 4,
 'downloader/response_bytes': 36263,
 'downloader/response_count': 4,
 'downloader/response_status_count/200': 4,
 'dupefilter/filtered': 1,
 'finish_reason': 'finished',
 'finish_time': datetime.datetime(2018, 4, 14, 20, 24, 53, 811),
 'item_scraped_count': 47,
 'log_count/DEBUG': 98,
 'log_count/ERROR': 47,
 'log_count/INFO': 6,
 'memusage/max': 66822144,
 'memusage/startup': 66822144,
 'request_depth_max': 4,
 'response_received_count': 4,
 'scheduler/dequeued': 4,
 'scheduler/dequeued/memory': 4,
 'scheduler/enqueued': 4,
 'scheduler/enqueued/memory': 4,
 'start_time': datetime.datetime(2018, 4, 14, 20, 24, 48, 119074)}
2018-04-14 15:24:53 [scrapy] INFO: Spider closed (finished)
