2018-04-13 22:45:50 [scrapy] DEBUG: Crawled (200) <GET https://twitter.com/i/search/timeline?l=&f=tweets&q=Tina&src=typed&max_position=> (referer: None)
2018-04-13 22:45:51 [scrapy] DEBUG: Scraped from <200 https://twitter.com/i/search/timeline?l=&f=tweets&q=Tina&src=typed&max_position=>
None
2018-04-13 22:45:51 [scrapy] DEBUG: Scraped from <200 https://twitter.com/i/search/timeline?l=&f=tweets&q=Tina&src=typed&max_position=>
None
2018-04-13 22:45:51 [scrapy] DEBUG: Scraped from <200 https://twitter.com/i/search/timeline?l=&f=tweets&q=Tina&src=typed&max_position=>
None
2018-04-13 22:45:51 [scrapy] DEBUG: Scraped from <200 https://twitter.com/i/search/timeline?l=&f=tweets&q=Tina&src=typed&max_position=>
None
2018-04-13 22:45:51 [scrapy] DEBUG: Scraped from <200 https://twitter.com/i/search/timeline?l=&f=tweets&q=Tina&src=typed&max_position=>
None
2018-04-13 22:45:51 [scrapy] DEBUG: Scraped from <200 https://twitter.com/i/search/timeline?l=&f=tweets&q=Tina&src=typed&max_position=>
None
2018-04-13 22:45:51 [scrapy] DEBUG: Scraped from <200 https://twitter.com/i/search/timeline?l=&f=tweets&q=Tina&src=typed&max_position=>
None
2018-04-13 22:45:51 [scrapy] DEBUG: Scraped from <200 https://twitter.com/i/search/timeline?l=&f=tweets&q=Tina&src=typed&max_position=>
None
2018-04-13 22:45:51 [scrapy] DEBUG: Scraped from <200 https://twitter.com/i/search/timeline?l=&f=tweets&q=Tina&src=typed&max_position=>
None
2018-04-13 22:45:51 [scrapy] DEBUG: Scraped from <200 https://twitter.com/i/search/timeline?l=&f=tweets&q=Tina&src=typed&max_position=>
None
2018-04-13 22:45:51 [scrapy] DEBUG: Scraped from <200 https://twitter.com/i/search/timeline?l=&f=tweets&q=Tina&src=typed&max_position=>
None
2018-04-13 22:45:51 [scrapy] DEBUG: Scraped from <200 https://twitter.com/i/search/timeline?l=&f=tweets&q=Tina&src=typed&max_position=>
None
2018-04-13 22:45:52 [scrapy] DEBUG: Scraped from <200 https://twitter.com/i/search/timeline?l=&f=tweets&q=Tina&src=typed&max_position=>
None
2018-04-13 22:45:52 [scrapy] DEBUG: Scraped from <200 https://twitter.com/i/search/timeline?l=&f=tweets&q=Tina&src=typed&max_position=>
None
2018-04-13 22:45:52 [scrapy] DEBUG: Scraped from <200 https://twitter.com/i/search/timeline?l=&f=tweets&q=Tina&src=typed&max_position=>
None
2018-04-13 22:45:52 [scrapy] DEBUG: Scraped from <200 https://twitter.com/i/search/timeline?l=&f=tweets&q=Tina&src=typed&max_position=>
None
2018-04-13 22:45:52 [scrapy] DEBUG: Scraped from <200 https://twitter.com/i/search/timeline?l=&f=tweets&q=Tina&src=typed&max_position=>
None
2018-04-13 22:45:52 [scrapy] DEBUG: Scraped from <200 https://twitter.com/i/search/timeline?l=&f=tweets&q=Tina&src=typed&max_position=>
None
2018-04-13 22:45:52 [scrapy] DEBUG: Scraped from <200 https://twitter.com/i/search/timeline?l=&f=tweets&q=Tina&src=typed&max_position=>
None
2018-04-13 22:45:52 [scrapy] DEBUG: Scraped from <200 https://twitter.com/i/search/timeline?l=&f=tweets&q=Tina&src=typed&max_position=>
None
2018-04-13 22:45:52 [scrapy] DEBUG: Crawled (200) <GET https://twitter.com/i/search/timeline?l=&f=tweets&q=Tina&src=typed&max_position=TWEET-985000871011454976-985001079375933440> (referer: https://twitter.com/i/search/timeline?l=&f=tweets&q=Tina&src=typed&max_position=)
2018-04-13 22:45:53 [scrapy] DEBUG: Scraped from <200 https://twitter.com/i/search/timeline?l=&f=tweets&q=Tina&src=typed&max_position=TWEET-985000871011454976-985001079375933440>
None
2018-04-13 22:45:53 [scrapy] DEBUG: Scraped from <200 https://twitter.com/i/search/timeline?l=&f=tweets&q=Tina&src=typed&max_position=TWEET-985000871011454976-985001079375933440>
None
2018-04-13 22:45:53 [scrapy] DEBUG: Scraped from <200 https://twitter.com/i/search/timeline?l=&f=tweets&q=Tina&src=typed&max_position=TWEET-985000871011454976-985001079375933440>
None
2018-04-13 22:45:53 [scrapy] DEBUG: Scraped from <200 https://twitter.com/i/search/timeline?l=&f=tweets&q=Tina&src=typed&max_position=TWEET-985000871011454976-985001079375933440>
None
2018-04-13 22:45:53 [scrapy] DEBUG: Scraped from <200 https://twitter.com/i/search/timeline?l=&f=tweets&q=Tina&src=typed&max_position=TWEET-985000871011454976-985001079375933440>
None
2018-04-13 22:45:53 [scrapy] DEBUG: Scraped from <200 https://twitter.com/i/search/timeline?l=&f=tweets&q=Tina&src=typed&max_position=TWEET-985000871011454976-985001079375933440>
None
2018-04-13 22:45:53 [scrapy] DEBUG: Scraped from <200 https://twitter.com/i/search/timeline?l=&f=tweets&q=Tina&src=typed&max_position=TWEET-985000871011454976-985001079375933440>
None
2018-04-13 22:45:53 [scrapy] DEBUG: Scraped from <200 https://twitter.com/i/search/timeline?l=&f=tweets&q=Tina&src=typed&max_position=TWEET-985000871011454976-985001079375933440>
None
2018-04-13 22:45:53 [scrapy] DEBUG: Scraped from <200 https://twitter.com/i/search/timeline?l=&f=tweets&q=Tina&src=typed&max_position=TWEET-985000871011454976-985001079375933440>
None
2018-04-13 22:45:53 [scrapy] DEBUG: Scraped from <200 https://twitter.com/i/search/timeline?l=&f=tweets&q=Tina&src=typed&max_position=TWEET-985000871011454976-985001079375933440>
None
2018-04-13 22:45:54 [scrapy] DEBUG: Scraped from <200 https://twitter.com/i/search/timeline?l=&f=tweets&q=Tina&src=typed&max_position=TWEET-985000871011454976-985001079375933440>
None
2018-04-13 22:45:54 [scrapy] DEBUG: Scraped from <200 https://twitter.com/i/search/timeline?l=&f=tweets&q=Tina&src=typed&max_position=TWEET-985000871011454976-985001079375933440>
None
2018-04-13 22:45:54 [scrapy] DEBUG: Scraped from <200 https://twitter.com/i/search/timeline?l=&f=tweets&q=Tina&src=typed&max_position=TWEET-985000871011454976-985001079375933440>
None
2018-04-13 22:45:54 [scrapy] DEBUG: Scraped from <200 https://twitter.com/i/search/timeline?l=&f=tweets&q=Tina&src=typed&max_position=TWEET-985000871011454976-985001079375933440>
None
2018-04-13 22:45:54 [scrapy] DEBUG: Scraped from <200 https://twitter.com/i/search/timeline?l=&f=tweets&q=Tina&src=typed&max_position=TWEET-985000871011454976-985001079375933440>
None
2018-04-13 22:45:54 [scrapy] DEBUG: Scraped from <200 https://twitter.com/i/search/timeline?l=&f=tweets&q=Tina&src=typed&max_position=TWEET-985000871011454976-985001079375933440>
None
2018-04-13 22:45:54 [scrapy] DEBUG: Scraped from <200 https://twitter.com/i/search/timeline?l=&f=tweets&q=Tina&src=typed&max_position=TWEET-985000871011454976-985001079375933440>
None
2018-04-13 22:45:54 [scrapy] DEBUG: Scraped from <200 https://twitter.com/i/search/timeline?l=&f=tweets&q=Tina&src=typed&max_position=TWEET-985000871011454976-985001079375933440>
None
2018-04-13 22:45:54 [scrapy] DEBUG: Scraped from <200 https://twitter.com/i/search/timeline?l=&f=tweets&q=Tina&src=typed&max_position=TWEET-985000871011454976-985001079375933440>
None
2018-04-13 22:45:54 [scrapy] DEBUG: Scraped from <200 https://twitter.com/i/search/timeline?l=&f=tweets&q=Tina&src=typed&max_position=TWEET-985000871011454976-985001079375933440>
None
2018-04-13 22:45:55 [scrapy] DEBUG: Crawled (200) <GET https://twitter.com/i/search/timeline?l=&f=tweets&q=Tina&src=typed&max_position=TWEET-985000749636771841-985001079375933440> (referer: https://twitter.com/i/search/timeline?l=&f=tweets&q=Tina&src=typed&max_position=TWEET-985000871011454976-985001079375933440)
2018-04-13 22:45:55 [scrapy] DEBUG: Scraped from <200 https://twitter.com/i/search/timeline?l=&f=tweets&q=Tina&src=typed&max_position=TWEET-985000749636771841-985001079375933440>
None
2018-04-13 22:45:55 [scrapy] DEBUG: Scraped from <200 https://twitter.com/i/search/timeline?l=&f=tweets&q=Tina&src=typed&max_position=TWEET-985000749636771841-985001079375933440>
None
2018-04-13 22:45:55 [scrapy] DEBUG: Scraped from <200 https://twitter.com/i/search/timeline?l=&f=tweets&q=Tina&src=typed&max_position=TWEET-985000749636771841-985001079375933440>
None
2018-04-13 22:45:55 [scrapy] DEBUG: Scraped from <200 https://twitter.com/i/search/timeline?l=&f=tweets&q=Tina&src=typed&max_position=TWEET-985000749636771841-985001079375933440>
None
2018-04-13 22:45:56 [scrapy] DEBUG: Scraped from <200 https://twitter.com/i/search/timeline?l=&f=tweets&q=Tina&src=typed&max_position=TWEET-985000749636771841-985001079375933440>
None
2018-04-13 22:45:56 [scrapy] DEBUG: Scraped from <200 https://twitter.com/i/search/timeline?l=&f=tweets&q=Tina&src=typed&max_position=TWEET-985000749636771841-985001079375933440>
None
2018-04-13 22:45:56 [scrapy] DEBUG: Scraped from <200 https://twitter.com/i/search/timeline?l=&f=tweets&q=Tina&src=typed&max_position=TWEET-985000749636771841-985001079375933440>
None
2018-04-13 22:45:56 [scrapy] DEBUG: Scraped from <200 https://twitter.com/i/search/timeline?l=&f=tweets&q=Tina&src=typed&max_position=TWEET-985000749636771841-985001079375933440>
None
2018-04-13 22:45:56 [scrapy] DEBUG: Scraped from <200 https://twitter.com/i/search/timeline?l=&f=tweets&q=Tina&src=typed&max_position=TWEET-985000749636771841-985001079375933440>
None
2018-04-13 22:45:56 [scrapy] DEBUG: Scraped from <200 https://twitter.com/i/search/timeline?l=&f=tweets&q=Tina&src=typed&max_position=TWEET-985000749636771841-985001079375933440>
None
2018-04-13 22:45:56 [scrapy] DEBUG: Scraped from <200 https://twitter.com/i/search/timeline?l=&f=tweets&q=Tina&src=typed&max_position=TWEET-985000749636771841-985001079375933440>
None
2018-04-13 22:45:56 [scrapy] DEBUG: Scraped from <200 https://twitter.com/i/search/timeline?l=&f=tweets&q=Tina&src=typed&max_position=TWEET-985000749636771841-985001079375933440>
None
2018-04-13 22:45:56 [scrapy] DEBUG: Scraped from <200 https://twitter.com/i/search/timeline?l=&f=tweets&q=Tina&src=typed&max_position=TWEET-985000749636771841-985001079375933440>
None
2018-04-13 22:45:56 [scrapy] DEBUG: Scraped from <200 https://twitter.com/i/search/timeline?l=&f=tweets&q=Tina&src=typed&max_position=TWEET-985000749636771841-985001079375933440>
None
2018-04-13 22:45:56 [scrapy] DEBUG: Scraped from <200 https://twitter.com/i/search/timeline?l=&f=tweets&q=Tina&src=typed&max_position=TWEET-985000749636771841-985001079375933440>
None
2018-04-13 22:45:56 [scrapy] DEBUG: Scraped from <200 https://twitter.com/i/search/timeline?l=&f=tweets&q=Tina&src=typed&max_position=TWEET-985000749636771841-985001079375933440>
None
2018-04-13 22:45:56 [scrapy] DEBUG: Scraped from <200 https://twitter.com/i/search/timeline?l=&f=tweets&q=Tina&src=typed&max_position=TWEET-985000749636771841-985001079375933440>
None
2018-04-13 22:45:57 [scrapy] DEBUG: Scraped from <200 https://twitter.com/i/search/timeline?l=&f=tweets&q=Tina&src=typed&max_position=TWEET-985000749636771841-985001079375933440>
None
2018-04-13 22:45:57 [scrapy] DEBUG: Scraped from <200 https://twitter.com/i/search/timeline?l=&f=tweets&q=Tina&src=typed&max_position=TWEET-985000749636771841-985001079375933440>
None
2018-04-13 22:45:57 [scrapy] DEBUG: Scraped from <200 https://twitter.com/i/search/timeline?l=&f=tweets&q=Tina&src=typed&max_position=TWEET-985000749636771841-985001079375933440>
None
2018-04-13 22:45:57 [scrapy] DEBUG: Crawled (200) <GET https://twitter.com/i/search/timeline?l=&f=tweets&q=Tina&src=typed&max_position=TWEET-985000601774903297-985001079375933440> (referer: https://twitter.com/i/search/timeline?l=&f=tweets&q=Tina&src=typed&max_position=TWEET-985000749636771841-985001079375933440)
2018-04-13 22:45:57 [scrapy] DEBUG: Scraped from <200 https://twitter.com/i/search/timeline?l=&f=tweets&q=Tina&src=typed&max_position=TWEET-985000601774903297-985001079375933440>
None
2018-04-13 22:45:57 [scrapy] DEBUG: Scraped from <200 https://twitter.com/i/search/timeline?l=&f=tweets&q=Tina&src=typed&max_position=TWEET-985000601774903297-985001079375933440>
None
2018-04-13 22:45:58 [scrapy] DEBUG: Scraped from <200 https://twitter.com/i/search/timeline?l=&f=tweets&q=Tina&src=typed&max_position=TWEET-985000601774903297-985001079375933440>
None
2018-04-13 22:45:58 [scrapy] DEBUG: Scraped from <200 https://twitter.com/i/search/timeline?l=&f=tweets&q=Tina&src=typed&max_position=TWEET-985000601774903297-985001079375933440>
None
2018-04-13 22:45:58 [scrapy] DEBUG: Scraped from <200 https://twitter.com/i/search/timeline?l=&f=tweets&q=Tina&src=typed&max_position=TWEET-985000601774903297-985001079375933440>
None
2018-04-13 22:45:58 [scrapy] DEBUG: Scraped from <200 https://twitter.com/i/search/timeline?l=&f=tweets&q=Tina&src=typed&max_position=TWEET-985000601774903297-985001079375933440>
None
2018-04-13 22:45:58 [scrapy] DEBUG: Scraped from <200 https://twitter.com/i/search/timeline?l=&f=tweets&q=Tina&src=typed&max_position=TWEET-985000601774903297-985001079375933440>
None
2018-04-13 22:45:58 [scrapy] DEBUG: Scraped from <200 https://twitter.com/i/search/timeline?l=&f=tweets&q=Tina&src=typed&max_position=TWEET-985000601774903297-985001079375933440>
None
2018-04-13 22:45:58 [scrapy] DEBUG: Scraped from <200 https://twitter.com/i/search/timeline?l=&f=tweets&q=Tina&src=typed&max_position=TWEET-985000601774903297-985001079375933440>
None
2018-04-13 22:45:58 [scrapy] DEBUG: Scraped from <200 https://twitter.com/i/search/timeline?l=&f=tweets&q=Tina&src=typed&max_position=TWEET-985000601774903297-985001079375933440>
None
2018-04-13 22:45:58 [scrapy] DEBUG: Scraped from <200 https://twitter.com/i/search/timeline?l=&f=tweets&q=Tina&src=typed&max_position=TWEET-985000601774903297-985001079375933440>
None
2018-04-13 22:45:58 [scrapy] DEBUG: Scraped from <200 https://twitter.com/i/search/timeline?l=&f=tweets&q=Tina&src=typed&max_position=TWEET-985000601774903297-985001079375933440>
None
2018-04-13 22:45:58 [scrapy] DEBUG: Scraped from <200 https://twitter.com/i/search/timeline?l=&f=tweets&q=Tina&src=typed&max_position=TWEET-985000601774903297-985001079375933440>
None
2018-04-13 22:45:58 [scrapy] DEBUG: Scraped from <200 https://twitter.com/i/search/timeline?l=&f=tweets&q=Tina&src=typed&max_position=TWEET-985000601774903297-985001079375933440>
None
2018-04-13 22:45:59 [scrapy] DEBUG: Scraped from <200 https://twitter.com/i/search/timeline?l=&f=tweets&q=Tina&src=typed&max_position=TWEET-985000601774903297-985001079375933440>
None
2018-04-13 22:45:59 [scrapy] DEBUG: Scraped from <200 https://twitter.com/i/search/timeline?l=&f=tweets&q=Tina&src=typed&max_position=TWEET-985000601774903297-985001079375933440>
None
2018-04-13 22:45:59 [scrapy] DEBUG: Scraped from <200 https://twitter.com/i/search/timeline?l=&f=tweets&q=Tina&src=typed&max_position=TWEET-985000601774903297-985001079375933440>
None
2018-04-13 22:45:59 [scrapy] DEBUG: Scraped from <200 https://twitter.com/i/search/timeline?l=&f=tweets&q=Tina&src=typed&max_position=TWEET-985000601774903297-985001079375933440>
None
2018-04-13 22:45:59 [scrapy] DEBUG: Scraped from <200 https://twitter.com/i/search/timeline?l=&f=tweets&q=Tina&src=typed&max_position=TWEET-985000601774903297-985001079375933440>
None
2018-04-13 22:45:59 [scrapy] DEBUG: Scraped from <200 https://twitter.com/i/search/timeline?l=&f=tweets&q=Tina&src=typed&max_position=TWEET-985000601774903297-985001079375933440>
None
2018-04-13 22:46:00 [scrapy] DEBUG: Crawled (200) <GET https://twitter.com/i/search/timeline?l=&f=tweets&q=Tina&src=typed&max_position=TWEET-985000433482481666-985001079375933440> (referer: https://twitter.com/i/search/timeline?l=&f=tweets&q=Tina&src=typed&max_position=TWEET-985000601774903297-985001079375933440)
2018-04-13 22:46:00 [scrapy] DEBUG: Scraped from <200 https://twitter.com/i/search/timeline?l=&f=tweets&q=Tina&src=typed&max_position=TWEET-985000433482481666-985001079375933440>
None
2018-04-13 22:46:00 [scrapy] DEBUG: Scraped from <200 https://twitter.com/i/search/timeline?l=&f=tweets&q=Tina&src=typed&max_position=TWEET-985000433482481666-985001079375933440>
None
2018-04-13 22:46:00 [scrapy] DEBUG: Scraped from <200 https://twitter.com/i/search/timeline?l=&f=tweets&q=Tina&src=typed&max_position=TWEET-985000433482481666-985001079375933440>
None
2018-04-13 22:46:00 [scrapy] DEBUG: Scraped from <200 https://twitter.com/i/search/timeline?l=&f=tweets&q=Tina&src=typed&max_position=TWEET-985000433482481666-985001079375933440>
None
2018-04-13 22:46:00 [scrapy] DEBUG: Scraped from <200 https://twitter.com/i/search/timeline?l=&f=tweets&q=Tina&src=typed&max_position=TWEET-985000433482481666-985001079375933440>
None
2018-04-13 22:46:00 [scrapy] DEBUG: Scraped from <200 https://twitter.com/i/search/timeline?l=&f=tweets&q=Tina&src=typed&max_position=TWEET-985000433482481666-985001079375933440>
None
2018-04-13 22:46:00 [scrapy] DEBUG: Scraped from <200 https://twitter.com/i/search/timeline?l=&f=tweets&q=Tina&src=typed&max_position=TWEET-985000433482481666-985001079375933440>
None
2018-04-13 22:46:00 [scrapy] DEBUG: Scraped from <200 https://twitter.com/i/search/timeline?l=&f=tweets&q=Tina&src=typed&max_position=TWEET-985000433482481666-985001079375933440>
None
2018-04-13 22:46:00 [scrapy] DEBUG: Scraped from <200 https://twitter.com/i/search/timeline?l=&f=tweets&q=Tina&src=typed&max_position=TWEET-985000433482481666-985001079375933440>
None
2018-04-13 22:46:00 [scrapy] DEBUG: Scraped from <200 https://twitter.com/i/search/timeline?l=&f=tweets&q=Tina&src=typed&max_position=TWEET-985000433482481666-985001079375933440>
None
2018-04-13 22:46:01 [scrapy] DEBUG: Scraped from <200 https://twitter.com/i/search/timeline?l=&f=tweets&q=Tina&src=typed&max_position=TWEET-985000433482481666-985001079375933440>
None
2018-04-13 22:46:01 [scrapy] DEBUG: Scraped from <200 https://twitter.com/i/search/timeline?l=&f=tweets&q=Tina&src=typed&max_position=TWEET-985000433482481666-985001079375933440>
None
2018-04-13 22:46:01 [scrapy] DEBUG: Scraped from <200 https://twitter.com/i/search/timeline?l=&f=tweets&q=Tina&src=typed&max_position=TWEET-985000433482481666-985001079375933440>
None
2018-04-13 22:46:01 [scrapy] DEBUG: Scraped from <200 https://twitter.com/i/search/timeline?l=&f=tweets&q=Tina&src=typed&max_position=TWEET-985000433482481666-985001079375933440>
None
2018-04-13 22:46:01 [scrapy] DEBUG: Scraped from <200 https://twitter.com/i/search/timeline?l=&f=tweets&q=Tina&src=typed&max_position=TWEET-985000433482481666-985001079375933440>
None
2018-04-13 22:46:01 [scrapy] DEBUG: Scraped from <200 https://twitter.com/i/search/timeline?l=&f=tweets&q=Tina&src=typed&max_position=TWEET-985000433482481666-985001079375933440>
None
2018-04-13 22:46:01 [scrapy] DEBUG: Scraped from <200 https://twitter.com/i/search/timeline?l=&f=tweets&q=Tina&src=typed&max_position=TWEET-985000433482481666-985001079375933440>
None
2018-04-13 22:46:01 [scrapy] DEBUG: Scraped from <200 https://twitter.com/i/search/timeline?l=&f=tweets&q=Tina&src=typed&max_position=TWEET-985000433482481666-985001079375933440>
None
2018-04-13 22:46:01 [scrapy] DEBUG: Scraped from <200 https://twitter.com/i/search/timeline?l=&f=tweets&q=Tina&src=typed&max_position=TWEET-985000433482481666-985001079375933440>
None
2018-04-13 22:46:02 [scrapy] DEBUG: Crawled (200) <GET https://twitter.com/i/search/timeline?l=&f=tweets&q=Tina&src=typed&max_position=TWEET-985000232558743552-985001079375933440> (referer: https://twitter.com/i/search/timeline?l=&f=tweets&q=Tina&src=typed&max_position=TWEET-985000433482481666-985001079375933440)
2018-04-13 22:46:02 [scrapy] DEBUG: Scraped from <200 https://twitter.com/i/search/timeline?l=&f=tweets&q=Tina&src=typed&max_position=TWEET-985000232558743552-985001079375933440>
None
2018-04-13 22:46:02 [scrapy] DEBUG: Scraped from <200 https://twitter.com/i/search/timeline?l=&f=tweets&q=Tina&src=typed&max_position=TWEET-985000232558743552-985001079375933440>
None
2018-04-13 22:46:02 [scrapy] DEBUG: Scraped from <200 https://twitter.com/i/search/timeline?l=&f=tweets&q=Tina&src=typed&max_position=TWEET-985000232558743552-985001079375933440>
None
2018-04-13 22:46:02 [scrapy] DEBUG: Scraped from <200 https://twitter.com/i/search/timeline?l=&f=tweets&q=Tina&src=typed&max_position=TWEET-985000232558743552-985001079375933440>
None
2018-04-13 22:46:02 [scrapy] DEBUG: Scraped from <200 https://twitter.com/i/search/timeline?l=&f=tweets&q=Tina&src=typed&max_position=TWEET-985000232558743552-985001079375933440>
None
2018-04-13 22:46:02 [scrapy] DEBUG: Scraped from <200 https://twitter.com/i/search/timeline?l=&f=tweets&q=Tina&src=typed&max_position=TWEET-985000232558743552-985001079375933440>
None
2018-04-13 22:46:02 [scrapy] DEBUG: Scraped from <200 https://twitter.com/i/search/timeline?l=&f=tweets&q=Tina&src=typed&max_position=TWEET-985000232558743552-985001079375933440>
None
2018-04-13 22:46:02 [scrapy] DEBUG: Scraped from <200 https://twitter.com/i/search/timeline?l=&f=tweets&q=Tina&src=typed&max_position=TWEET-985000232558743552-985001079375933440>
None
2018-04-13 22:46:03 [scrapy] DEBUG: Scraped from <200 https://twitter.com/i/search/timeline?l=&f=tweets&q=Tina&src=typed&max_position=TWEET-985000232558743552-985001079375933440>
None
2018-04-13 22:46:03 [scrapy] DEBUG: Scraped from <200 https://twitter.com/i/search/timeline?l=&f=tweets&q=Tina&src=typed&max_position=TWEET-985000232558743552-985001079375933440>
None
2018-04-13 22:46:03 [scrapy] DEBUG: Scraped from <200 https://twitter.com/i/search/timeline?l=&f=tweets&q=Tina&src=typed&max_position=TWEET-985000232558743552-985001079375933440>
None
2018-04-13 22:46:03 [scrapy] DEBUG: Scraped from <200 https://twitter.com/i/search/timeline?l=&f=tweets&q=Tina&src=typed&max_position=TWEET-985000232558743552-985001079375933440>
None
2018-04-13 22:46:03 [scrapy] DEBUG: Scraped from <200 https://twitter.com/i/search/timeline?l=&f=tweets&q=Tina&src=typed&max_position=TWEET-985000232558743552-985001079375933440>
None
2018-04-13 22:46:03 [scrapy] DEBUG: Scraped from <200 https://twitter.com/i/search/timeline?l=&f=tweets&q=Tina&src=typed&max_position=TWEET-985000232558743552-985001079375933440>
None
2018-04-13 22:46:03 [scrapy] DEBUG: Scraped from <200 https://twitter.com/i/search/timeline?l=&f=tweets&q=Tina&src=typed&max_position=TWEET-985000232558743552-985001079375933440>
None
2018-04-13 22:46:03 [scrapy] DEBUG: Scraped from <200 https://twitter.com/i/search/timeline?l=&f=tweets&q=Tina&src=typed&max_position=TWEET-985000232558743552-985001079375933440>
None
2018-04-13 22:46:03 [scrapy] DEBUG: Scraped from <200 https://twitter.com/i/search/timeline?l=&f=tweets&q=Tina&src=typed&max_position=TWEET-985000232558743552-985001079375933440>
None
2018-04-13 22:46:03 [scrapy] DEBUG: Scraped from <200 https://twitter.com/i/search/timeline?l=&f=tweets&q=Tina&src=typed&max_position=TWEET-985000232558743552-985001079375933440>
None
2018-04-13 22:46:03 [scrapy] DEBUG: Scraped from <200 https://twitter.com/i/search/timeline?l=&f=tweets&q=Tina&src=typed&max_position=TWEET-985000232558743552-985001079375933440>
None
2018-04-13 22:46:03 [scrapy] DEBUG: Scraped from <200 https://twitter.com/i/search/timeline?l=&f=tweets&q=Tina&src=typed&max_position=TWEET-985000232558743552-985001079375933440>
None
2018-04-13 22:46:04 [scrapy] DEBUG: Crawled (200) <GET https://twitter.com/i/search/timeline?l=&f=tweets&q=Tina&src=typed&max_position=TWEET-985000039868190720-985001079375933440> (referer: https://twitter.com/i/search/timeline?l=&f=tweets&q=Tina&src=typed&max_position=TWEET-985000232558743552-985001079375933440)
2018-04-13 22:46:04 [scrapy] DEBUG: Scraped from <200 https://twitter.com/i/search/timeline?l=&f=tweets&q=Tina&src=typed&max_position=TWEET-985000039868190720-985001079375933440>
None
2018-04-13 22:46:04 [scrapy] DEBUG: Scraped from <200 https://twitter.com/i/search/timeline?l=&f=tweets&q=Tina&src=typed&max_position=TWEET-985000039868190720-985001079375933440>
None
2018-04-13 22:46:04 [scrapy] DEBUG: Scraped from <200 https://twitter.com/i/search/timeline?l=&f=tweets&q=Tina&src=typed&max_position=TWEET-985000039868190720-985001079375933440>
None
2018-04-13 22:46:04 [scrapy] DEBUG: Scraped from <200 https://twitter.com/i/search/timeline?l=&f=tweets&q=Tina&src=typed&max_position=TWEET-985000039868190720-985001079375933440>
None
2018-04-13 22:46:05 [scrapy] DEBUG: Scraped from <200 https://twitter.com/i/search/timeline?l=&f=tweets&q=Tina&src=typed&max_position=TWEET-985000039868190720-985001079375933440>
None
2018-04-13 22:46:05 [scrapy] DEBUG: Scraped from <200 https://twitter.com/i/search/timeline?l=&f=tweets&q=Tina&src=typed&max_position=TWEET-985000039868190720-985001079375933440>
None
2018-04-13 22:46:05 [scrapy] DEBUG: Scraped from <200 https://twitter.com/i/search/timeline?l=&f=tweets&q=Tina&src=typed&max_position=TWEET-985000039868190720-985001079375933440>
None
2018-04-13 22:46:05 [scrapy] DEBUG: Scraped from <200 https://twitter.com/i/search/timeline?l=&f=tweets&q=Tina&src=typed&max_position=TWEET-985000039868190720-985001079375933440>
None
2018-04-13 22:46:05 [scrapy] DEBUG: Scraped from <200 https://twitter.com/i/search/timeline?l=&f=tweets&q=Tina&src=typed&max_position=TWEET-985000039868190720-985001079375933440>
None
2018-04-13 22:46:05 [scrapy] DEBUG: Scraped from <200 https://twitter.com/i/search/timeline?l=&f=tweets&q=Tina&src=typed&max_position=TWEET-985000039868190720-985001079375933440>
None
2018-04-13 22:46:05 [scrapy] DEBUG: Scraped from <200 https://twitter.com/i/search/timeline?l=&f=tweets&q=Tina&src=typed&max_position=TWEET-985000039868190720-985001079375933440>
None
2018-04-13 22:46:05 [scrapy] DEBUG: Scraped from <200 https://twitter.com/i/search/timeline?l=&f=tweets&q=Tina&src=typed&max_position=TWEET-985000039868190720-985001079375933440>
None
2018-04-13 22:46:05 [scrapy] DEBUG: Scraped from <200 https://twitter.com/i/search/timeline?l=&f=tweets&q=Tina&src=typed&max_position=TWEET-985000039868190720-985001079375933440>
None
2018-04-13 22:46:05 [scrapy] DEBUG: Scraped from <200 https://twitter.com/i/search/timeline?l=&f=tweets&q=Tina&src=typed&max_position=TWEET-985000039868190720-985001079375933440>
None
2018-04-13 22:46:05 [scrapy] DEBUG: Scraped from <200 https://twitter.com/i/search/timeline?l=&f=tweets&q=Tina&src=typed&max_position=TWEET-985000039868190720-985001079375933440>
None
2018-04-13 22:46:05 [scrapy] DEBUG: Scraped from <200 https://twitter.com/i/search/timeline?l=&f=tweets&q=Tina&src=typed&max_position=TWEET-985000039868190720-985001079375933440>
None
2018-04-13 22:46:05 [scrapy] DEBUG: Scraped from <200 https://twitter.com/i/search/timeline?l=&f=tweets&q=Tina&src=typed&max_position=TWEET-985000039868190720-985001079375933440>
None
2018-04-13 22:46:06 [scrapy] DEBUG: Scraped from <200 https://twitter.com/i/search/timeline?l=&f=tweets&q=Tina&src=typed&max_position=TWEET-985000039868190720-985001079375933440>
None
2018-04-13 22:46:06 [scrapy] DEBUG: Scraped from <200 https://twitter.com/i/search/timeline?l=&f=tweets&q=Tina&src=typed&max_position=TWEET-985000039868190720-985001079375933440>
None
2018-04-13 22:46:06 [scrapy] DEBUG: Scraped from <200 https://twitter.com/i/search/timeline?l=&f=tweets&q=Tina&src=typed&max_position=TWEET-985000039868190720-985001079375933440>
None
2018-04-13 22:46:06 [scrapy] DEBUG: Crawled (200) <GET https://twitter.com/i/search/timeline?l=&f=tweets&q=Tina&src=typed&max_position=TWEET-984999888344834048-985001079375933440> (referer: https://twitter.com/i/search/timeline?l=&f=tweets&q=Tina&src=typed&max_position=TWEET-985000039868190720-985001079375933440)
2018-04-13 22:46:06 [scrapy] DEBUG: Scraped from <200 https://twitter.com/i/search/timeline?l=&f=tweets&q=Tina&src=typed&max_position=TWEET-984999888344834048-985001079375933440>
None
2018-04-13 22:46:06 [scrapy] DEBUG: Scraped from <200 https://twitter.com/i/search/timeline?l=&f=tweets&q=Tina&src=typed&max_position=TWEET-984999888344834048-985001079375933440>
None
2018-04-13 22:46:06 [scrapy] DEBUG: Scraped from <200 https://twitter.com/i/search/timeline?l=&f=tweets&q=Tina&src=typed&max_position=TWEET-984999888344834048-985001079375933440>
None
2018-04-13 22:46:07 [scrapy] DEBUG: Scraped from <200 https://twitter.com/i/search/timeline?l=&f=tweets&q=Tina&src=typed&max_position=TWEET-984999888344834048-985001079375933440>
None
2018-04-13 22:46:07 [scrapy] DEBUG: Scraped from <200 https://twitter.com/i/search/timeline?l=&f=tweets&q=Tina&src=typed&max_position=TWEET-984999888344834048-985001079375933440>
None
2018-04-13 22:46:07 [scrapy] DEBUG: Scraped from <200 https://twitter.com/i/search/timeline?l=&f=tweets&q=Tina&src=typed&max_position=TWEET-984999888344834048-985001079375933440>
None
2018-04-13 22:46:07 [scrapy] DEBUG: Scraped from <200 https://twitter.com/i/search/timeline?l=&f=tweets&q=Tina&src=typed&max_position=TWEET-984999888344834048-985001079375933440>
None
2018-04-13 22:46:07 [scrapy] DEBUG: Scraped from <200 https://twitter.com/i/search/timeline?l=&f=tweets&q=Tina&src=typed&max_position=TWEET-984999888344834048-985001079375933440>
None
2018-04-13 22:46:07 [scrapy] DEBUG: Scraped from <200 https://twitter.com/i/search/timeline?l=&f=tweets&q=Tina&src=typed&max_position=TWEET-984999888344834048-985001079375933440>
None
2018-04-13 22:46:07 [scrapy] DEBUG: Scraped from <200 https://twitter.com/i/search/timeline?l=&f=tweets&q=Tina&src=typed&max_position=TWEET-984999888344834048-985001079375933440>
None
2018-04-13 22:46:07 [scrapy] DEBUG: Scraped from <200 https://twitter.com/i/search/timeline?l=&f=tweets&q=Tina&src=typed&max_position=TWEET-984999888344834048-985001079375933440>
None
2018-04-13 22:46:07 [scrapy] DEBUG: Scraped from <200 https://twitter.com/i/search/timeline?l=&f=tweets&q=Tina&src=typed&max_position=TWEET-984999888344834048-985001079375933440>
None
2018-04-13 22:46:07 [scrapy] DEBUG: Scraped from <200 https://twitter.com/i/search/timeline?l=&f=tweets&q=Tina&src=typed&max_position=TWEET-984999888344834048-985001079375933440>
None
2018-04-13 22:46:07 [scrapy] DEBUG: Scraped from <200 https://twitter.com/i/search/timeline?l=&f=tweets&q=Tina&src=typed&max_position=TWEET-984999888344834048-985001079375933440>
None
2018-04-13 22:46:07 [scrapy] DEBUG: Scraped from <200 https://twitter.com/i/search/timeline?l=&f=tweets&q=Tina&src=typed&max_position=TWEET-984999888344834048-985001079375933440>
None
2018-04-13 22:46:07 [scrapy] DEBUG: Scraped from <200 https://twitter.com/i/search/timeline?l=&f=tweets&q=Tina&src=typed&max_position=TWEET-984999888344834048-985001079375933440>
None
2018-04-13 22:46:08 [scrapy] DEBUG: Scraped from <200 https://twitter.com/i/search/timeline?l=&f=tweets&q=Tina&src=typed&max_position=TWEET-984999888344834048-985001079375933440>
None
2018-04-13 22:46:08 [scrapy] DEBUG: Scraped from <200 https://twitter.com/i/search/timeline?l=&f=tweets&q=Tina&src=typed&max_position=TWEET-984999888344834048-985001079375933440>
None
2018-04-13 22:46:08 [scrapy] DEBUG: Scraped from <200 https://twitter.com/i/search/timeline?l=&f=tweets&q=Tina&src=typed&max_position=TWEET-984999888344834048-985001079375933440>
None
2018-04-13 22:46:08 [scrapy] DEBUG: Scraped from <200 https://twitter.com/i/search/timeline?l=&f=tweets&q=Tina&src=typed&max_position=TWEET-984999888344834048-985001079375933440>
None
2018-04-13 22:46:08 [scrapy] DEBUG: Crawled (200) <GET https://twitter.com/i/search/timeline?l=&f=tweets&q=Tina&src=typed&max_position=TWEET-984999750469607424-985001079375933440> (referer: https://twitter.com/i/search/timeline?l=&f=tweets&q=Tina&src=typed&max_position=TWEET-984999888344834048-985001079375933440)
2018-04-13 22:46:08 [scrapy] DEBUG: Scraped from <200 https://twitter.com/i/search/timeline?l=&f=tweets&q=Tina&src=typed&max_position=TWEET-984999750469607424-985001079375933440>
None
2018-04-13 22:46:08 [scrapy] DEBUG: Scraped from <200 https://twitter.com/i/search/timeline?l=&f=tweets&q=Tina&src=typed&max_position=TWEET-984999750469607424-985001079375933440>
None
2018-04-13 22:46:08 [scrapy] DEBUG: Scraped from <200 https://twitter.com/i/search/timeline?l=&f=tweets&q=Tina&src=typed&max_position=TWEET-984999750469607424-985001079375933440>
None
2018-04-13 22:46:09 [scrapy] DEBUG: Scraped from <200 https://twitter.com/i/search/timeline?l=&f=tweets&q=Tina&src=typed&max_position=TWEET-984999750469607424-985001079375933440>
None
2018-04-13 22:46:09 [scrapy] DEBUG: Scraped from <200 https://twitter.com/i/search/timeline?l=&f=tweets&q=Tina&src=typed&max_position=TWEET-984999750469607424-985001079375933440>
None
2018-04-13 22:46:09 [scrapy] DEBUG: Scraped from <200 https://twitter.com/i/search/timeline?l=&f=tweets&q=Tina&src=typed&max_position=TWEET-984999750469607424-985001079375933440>
None
2018-04-13 22:46:09 [scrapy] DEBUG: Scraped from <200 https://twitter.com/i/search/timeline?l=&f=tweets&q=Tina&src=typed&max_position=TWEET-984999750469607424-985001079375933440>
None
2018-04-13 22:46:09 [scrapy] DEBUG: Scraped from <200 https://twitter.com/i/search/timeline?l=&f=tweets&q=Tina&src=typed&max_position=TWEET-984999750469607424-985001079375933440>
None
2018-04-13 22:46:09 [scrapy] DEBUG: Scraped from <200 https://twitter.com/i/search/timeline?l=&f=tweets&q=Tina&src=typed&max_position=TWEET-984999750469607424-985001079375933440>
None
2018-04-13 22:46:09 [scrapy] DEBUG: Scraped from <200 https://twitter.com/i/search/timeline?l=&f=tweets&q=Tina&src=typed&max_position=TWEET-984999750469607424-985001079375933440>
None
2018-04-13 22:46:09 [scrapy] DEBUG: Scraped from <200 https://twitter.com/i/search/timeline?l=&f=tweets&q=Tina&src=typed&max_position=TWEET-984999750469607424-985001079375933440>
None
2018-04-13 22:46:09 [scrapy] DEBUG: Scraped from <200 https://twitter.com/i/search/timeline?l=&f=tweets&q=Tina&src=typed&max_position=TWEET-984999750469607424-985001079375933440>
None
2018-04-13 22:46:09 [scrapy] DEBUG: Scraped from <200 https://twitter.com/i/search/timeline?l=&f=tweets&q=Tina&src=typed&max_position=TWEET-984999750469607424-985001079375933440>
None
2018-04-13 22:46:09 [scrapy] DEBUG: Scraped from <200 https://twitter.com/i/search/timeline?l=&f=tweets&q=Tina&src=typed&max_position=TWEET-984999750469607424-985001079375933440>
None
2018-04-13 22:46:09 [scrapy] DEBUG: Scraped from <200 https://twitter.com/i/search/timeline?l=&f=tweets&q=Tina&src=typed&max_position=TWEET-984999750469607424-985001079375933440>
None
2018-04-13 22:46:10 [scrapy] DEBUG: Scraped from <200 https://twitter.com/i/search/timeline?l=&f=tweets&q=Tina&src=typed&max_position=TWEET-984999750469607424-985001079375933440>
None
2018-04-13 22:46:10 [scrapy] DEBUG: Scraped from <200 https://twitter.com/i/search/timeline?l=&f=tweets&q=Tina&src=typed&max_position=TWEET-984999750469607424-985001079375933440>
None
2018-04-13 22:46:10 [scrapy] DEBUG: Scraped from <200 https://twitter.com/i/search/timeline?l=&f=tweets&q=Tina&src=typed&max_position=TWEET-984999750469607424-985001079375933440>
None
2018-04-13 22:46:10 [scrapy] DEBUG: Scraped from <200 https://twitter.com/i/search/timeline?l=&f=tweets&q=Tina&src=typed&max_position=TWEET-984999750469607424-985001079375933440>
None
2018-04-13 22:46:10 [scrapy] DEBUG: Scraped from <200 https://twitter.com/i/search/timeline?l=&f=tweets&q=Tina&src=typed&max_position=TWEET-984999750469607424-985001079375933440>
None
2018-04-13 22:46:10 [scrapy] DEBUG: Crawled (200) <GET https://twitter.com/i/search/timeline?l=&f=tweets&q=Tina&src=typed&max_position=TWEET-984999592872755200-985001079375933440> (referer: https://twitter.com/i/search/timeline?l=&f=tweets&q=Tina&src=typed&max_position=TWEET-984999750469607424-985001079375933440)
2018-04-13 22:46:10 [scrapy] DEBUG: Scraped from <200 https://twitter.com/i/search/timeline?l=&f=tweets&q=Tina&src=typed&max_position=TWEET-984999592872755200-985001079375933440>
None
2018-04-13 22:46:10 [scrapy] DEBUG: Scraped from <200 https://twitter.com/i/search/timeline?l=&f=tweets&q=Tina&src=typed&max_position=TWEET-984999592872755200-985001079375933440>
None
2018-04-13 22:46:11 [scrapy] DEBUG: Scraped from <200 https://twitter.com/i/search/timeline?l=&f=tweets&q=Tina&src=typed&max_position=TWEET-984999592872755200-985001079375933440>
None
2018-04-13 22:46:11 [scrapy] DEBUG: Scraped from <200 https://twitter.com/i/search/timeline?l=&f=tweets&q=Tina&src=typed&max_position=TWEET-984999592872755200-985001079375933440>
None
2018-04-13 22:46:11 [scrapy] DEBUG: Scraped from <200 https://twitter.com/i/search/timeline?l=&f=tweets&q=Tina&src=typed&max_position=TWEET-984999592872755200-985001079375933440>
None
2018-04-13 22:46:11 [scrapy] DEBUG: Scraped from <200 https://twitter.com/i/search/timeline?l=&f=tweets&q=Tina&src=typed&max_position=TWEET-984999592872755200-985001079375933440>
None
2018-04-13 22:46:11 [scrapy] DEBUG: Scraped from <200 https://twitter.com/i/search/timeline?l=&f=tweets&q=Tina&src=typed&max_position=TWEET-984999592872755200-985001079375933440>
None
2018-04-13 22:46:11 [scrapy] DEBUG: Scraped from <200 https://twitter.com/i/search/timeline?l=&f=tweets&q=Tina&src=typed&max_position=TWEET-984999592872755200-985001079375933440>
None
2018-04-13 22:46:11 [scrapy] DEBUG: Scraped from <200 https://twitter.com/i/search/timeline?l=&f=tweets&q=Tina&src=typed&max_position=TWEET-984999592872755200-985001079375933440>
None
2018-04-13 22:46:11 [scrapy] DEBUG: Scraped from <200 https://twitter.com/i/search/timeline?l=&f=tweets&q=Tina&src=typed&max_position=TWEET-984999592872755200-985001079375933440>
None
2018-04-13 22:46:11 [scrapy] DEBUG: Scraped from <200 https://twitter.com/i/search/timeline?l=&f=tweets&q=Tina&src=typed&max_position=TWEET-984999592872755200-985001079375933440>
None
2018-04-13 22:46:11 [scrapy] DEBUG: Scraped from <200 https://twitter.com/i/search/timeline?l=&f=tweets&q=Tina&src=typed&max_position=TWEET-984999592872755200-985001079375933440>
None
2018-04-13 22:46:11 [scrapy] DEBUG: Scraped from <200 https://twitter.com/i/search/timeline?l=&f=tweets&q=Tina&src=typed&max_position=TWEET-984999592872755200-985001079375933440>
None
2018-04-13 22:46:11 [scrapy] DEBUG: Scraped from <200 https://twitter.com/i/search/timeline?l=&f=tweets&q=Tina&src=typed&max_position=TWEET-984999592872755200-985001079375933440>
None
2018-04-13 22:46:12 [scrapy] DEBUG: Scraped from <200 https://twitter.com/i/search/timeline?l=&f=tweets&q=Tina&src=typed&max_position=TWEET-984999592872755200-985001079375933440>
None
2018-04-13 22:46:12 [scrapy] DEBUG: Scraped from <200 https://twitter.com/i/search/timeline?l=&f=tweets&q=Tina&src=typed&max_position=TWEET-984999592872755200-985001079375933440>
None
2018-04-13 22:46:12 [scrapy] DEBUG: Scraped from <200 https://twitter.com/i/search/timeline?l=&f=tweets&q=Tina&src=typed&max_position=TWEET-984999592872755200-985001079375933440>
None
2018-04-13 22:46:12 [scrapy] DEBUG: Scraped from <200 https://twitter.com/i/search/timeline?l=&f=tweets&q=Tina&src=typed&max_position=TWEET-984999592872755200-985001079375933440>
None
2018-04-13 22:46:12 [scrapy] DEBUG: Scraped from <200 https://twitter.com/i/search/timeline?l=&f=tweets&q=Tina&src=typed&max_position=TWEET-984999592872755200-985001079375933440>
None
2018-04-13 22:46:12 [scrapy] DEBUG: Scraped from <200 https://twitter.com/i/search/timeline?l=&f=tweets&q=Tina&src=typed&max_position=TWEET-984999592872755200-985001079375933440>
None
2018-04-13 22:46:12 [scrapy] INFO: Closing spider (stop generating requests, only 10 requests allowed)
2018-04-13 22:46:12 [scrapy] INFO: Dumping Scrapy stats:
{'downloader/request_bytes': 7909,
 'downloader/request_count': 10,
 'downloader/request_method_count/GET': 10,
 'downloader/response_bytes': 166039,
 'downloader/response_count': 10,
 'downloader/response_status_count/200': 10,
 'finish_reason': 'stop generating requests, only 10 requests allowed',
 'finish_time': datetime.datetime(2018, 4, 14, 3, 46, 12, 384307),
 'item_scraped_count': 199,
 'log_count/DEBUG': 408,
 'log_count/ERROR': 199,
 'log_count/INFO': 6,
 'memusage/max': 45228032,
 'memusage/startup': 45228032,
 'request_depth_max': 10,
 'response_received_count': 10,
 'scheduler/dequeued': 10,
 'scheduler/dequeued/memory': 10,
 'scheduler/enqueued': 11,
 'scheduler/enqueued/memory': 11,
 'start_time': datetime.datetime(2018, 4, 14, 3, 45, 50, 169160)}
2018-04-13 22:46:12 [scrapy] INFO: Spider closed (stop generating requests, only 10 requests allowed)
