2018-04-14 15:26:51 [scrapy] DEBUG: Crawled (200) <GET https://twitter.com/i/search/timeline?l=en&f=tweets&q=%22Shimmer%20Veil%22&src=typed&max_position=> (referer: None)
2018-04-14 15:26:51 [scrapy] DEBUG: Scraped from <200 https://twitter.com/i/search/timeline?l=en&f=tweets&q=%22Shimmer%20Veil%22&src=typed&max_position=>
None
2018-04-14 15:26:51 [scrapy] DEBUG: Scraped from <200 https://twitter.com/i/search/timeline?l=en&f=tweets&q=%22Shimmer%20Veil%22&src=typed&max_position=>
None
2018-04-14 15:26:51 [scrapy] DEBUG: Scraped from <200 https://twitter.com/i/search/timeline?l=en&f=tweets&q=%22Shimmer%20Veil%22&src=typed&max_position=>
None
2018-04-14 15:26:51 [scrapy] DEBUG: Scraped from <200 https://twitter.com/i/search/timeline?l=en&f=tweets&q=%22Shimmer%20Veil%22&src=typed&max_position=>
None
2018-04-14 15:26:51 [scrapy] DEBUG: Scraped from <200 https://twitter.com/i/search/timeline?l=en&f=tweets&q=%22Shimmer%20Veil%22&src=typed&max_position=>
None
2018-04-14 15:26:51 [scrapy] DEBUG: Scraped from <200 https://twitter.com/i/search/timeline?l=en&f=tweets&q=%22Shimmer%20Veil%22&src=typed&max_position=>
None
2018-04-14 15:26:51 [scrapy] DEBUG: Scraped from <200 https://twitter.com/i/search/timeline?l=en&f=tweets&q=%22Shimmer%20Veil%22&src=typed&max_position=>
None
2018-04-14 15:26:52 [scrapy] DEBUG: Scraped from <200 https://twitter.com/i/search/timeline?l=en&f=tweets&q=%22Shimmer%20Veil%22&src=typed&max_position=>
None
2018-04-14 15:26:52 [scrapy] DEBUG: Scraped from <200 https://twitter.com/i/search/timeline?l=en&f=tweets&q=%22Shimmer%20Veil%22&src=typed&max_position=>
None
2018-04-14 15:26:52 [scrapy] DEBUG: Scraped from <200 https://twitter.com/i/search/timeline?l=en&f=tweets&q=%22Shimmer%20Veil%22&src=typed&max_position=>
None
2018-04-14 15:26:52 [scrapy] DEBUG: Scraped from <200 https://twitter.com/i/search/timeline?l=en&f=tweets&q=%22Shimmer%20Veil%22&src=typed&max_position=>
None
2018-04-14 15:26:52 [scrapy] DEBUG: Scraped from <200 https://twitter.com/i/search/timeline?l=en&f=tweets&q=%22Shimmer%20Veil%22&src=typed&max_position=>
None
2018-04-14 15:26:52 [scrapy] DEBUG: Scraped from <200 https://twitter.com/i/search/timeline?l=en&f=tweets&q=%22Shimmer%20Veil%22&src=typed&max_position=>
None
2018-04-14 15:26:52 [scrapy] DEBUG: Scraped from <200 https://twitter.com/i/search/timeline?l=en&f=tweets&q=%22Shimmer%20Veil%22&src=typed&max_position=>
None
2018-04-14 15:26:52 [scrapy] DEBUG: Scraped from <200 https://twitter.com/i/search/timeline?l=en&f=tweets&q=%22Shimmer%20Veil%22&src=typed&max_position=>
None
2018-04-14 15:26:52 [scrapy] DEBUG: Scraped from <200 https://twitter.com/i/search/timeline?l=en&f=tweets&q=%22Shimmer%20Veil%22&src=typed&max_position=>
None
2018-04-14 15:26:52 [scrapy] DEBUG: Scraped from <200 https://twitter.com/i/search/timeline?l=en&f=tweets&q=%22Shimmer%20Veil%22&src=typed&max_position=>
None
2018-04-14 15:26:52 [scrapy] DEBUG: Scraped from <200 https://twitter.com/i/search/timeline?l=en&f=tweets&q=%22Shimmer%20Veil%22&src=typed&max_position=>
None
2018-04-14 15:26:52 [scrapy] DEBUG: Scraped from <200 https://twitter.com/i/search/timeline?l=en&f=tweets&q=%22Shimmer%20Veil%22&src=typed&max_position=>
None
2018-04-14 15:26:53 [scrapy] DEBUG: Crawled (200) <GET https://twitter.com/i/search/timeline?l=en&f=tweets&q=%22Shimmer%20Veil%22&src=typed&max_position=TWEET-982094198991147008-985250272724238336> (referer: https://twitter.com/i/search/timeline?l=en&f=tweets&q=%22Shimmer%20Veil%22&src=typed&max_position=)
2018-04-14 15:26:53 [scrapy] DEBUG: Scraped from <200 https://twitter.com/i/search/timeline?l=en&f=tweets&q=%22Shimmer%20Veil%22&src=typed&max_position=TWEET-982094198991147008-985250272724238336>
None
2018-04-14 15:26:53 [scrapy] DEBUG: Scraped from <200 https://twitter.com/i/search/timeline?l=en&f=tweets&q=%22Shimmer%20Veil%22&src=typed&max_position=TWEET-982094198991147008-985250272724238336>
None
2018-04-14 15:26:53 [scrapy] DEBUG: Scraped from <200 https://twitter.com/i/search/timeline?l=en&f=tweets&q=%22Shimmer%20Veil%22&src=typed&max_position=TWEET-982094198991147008-985250272724238336>
None
2018-04-14 15:26:53 [scrapy] DEBUG: Scraped from <200 https://twitter.com/i/search/timeline?l=en&f=tweets&q=%22Shimmer%20Veil%22&src=typed&max_position=TWEET-982094198991147008-985250272724238336>
None
2018-04-14 15:26:53 [scrapy] DEBUG: Scraped from <200 https://twitter.com/i/search/timeline?l=en&f=tweets&q=%22Shimmer%20Veil%22&src=typed&max_position=TWEET-982094198991147008-985250272724238336>
None
2018-04-14 15:26:53 [scrapy] DEBUG: Scraped from <200 https://twitter.com/i/search/timeline?l=en&f=tweets&q=%22Shimmer%20Veil%22&src=typed&max_position=TWEET-982094198991147008-985250272724238336>
None
2018-04-14 15:26:53 [scrapy] DEBUG: Scraped from <200 https://twitter.com/i/search/timeline?l=en&f=tweets&q=%22Shimmer%20Veil%22&src=typed&max_position=TWEET-982094198991147008-985250272724238336>
None
2018-04-14 15:26:53 [scrapy] DEBUG: Scraped from <200 https://twitter.com/i/search/timeline?l=en&f=tweets&q=%22Shimmer%20Veil%22&src=typed&max_position=TWEET-982094198991147008-985250272724238336>
None
2018-04-14 15:26:53 [scrapy] DEBUG: Scraped from <200 https://twitter.com/i/search/timeline?l=en&f=tweets&q=%22Shimmer%20Veil%22&src=typed&max_position=TWEET-982094198991147008-985250272724238336>
None
2018-04-14 15:26:53 [scrapy] DEBUG: Scraped from <200 https://twitter.com/i/search/timeline?l=en&f=tweets&q=%22Shimmer%20Veil%22&src=typed&max_position=TWEET-982094198991147008-985250272724238336>
None
2018-04-14 15:26:53 [scrapy] DEBUG: Scraped from <200 https://twitter.com/i/search/timeline?l=en&f=tweets&q=%22Shimmer%20Veil%22&src=typed&max_position=TWEET-982094198991147008-985250272724238336>
None
2018-04-14 15:26:53 [scrapy] DEBUG: Scraped from <200 https://twitter.com/i/search/timeline?l=en&f=tweets&q=%22Shimmer%20Veil%22&src=typed&max_position=TWEET-982094198991147008-985250272724238336>
None
2018-04-14 15:26:53 [scrapy] DEBUG: Scraped from <200 https://twitter.com/i/search/timeline?l=en&f=tweets&q=%22Shimmer%20Veil%22&src=typed&max_position=TWEET-982094198991147008-985250272724238336>
None
2018-04-14 15:26:53 [scrapy] DEBUG: Scraped from <200 https://twitter.com/i/search/timeline?l=en&f=tweets&q=%22Shimmer%20Veil%22&src=typed&max_position=TWEET-982094198991147008-985250272724238336>
None
2018-04-14 15:26:53 [scrapy] DEBUG: Scraped from <200 https://twitter.com/i/search/timeline?l=en&f=tweets&q=%22Shimmer%20Veil%22&src=typed&max_position=TWEET-982094198991147008-985250272724238336>
None
2018-04-14 15:26:53 [scrapy] DEBUG: Scraped from <200 https://twitter.com/i/search/timeline?l=en&f=tweets&q=%22Shimmer%20Veil%22&src=typed&max_position=TWEET-982094198991147008-985250272724238336>
None
2018-04-14 15:26:54 [scrapy] DEBUG: Scraped from <200 https://twitter.com/i/search/timeline?l=en&f=tweets&q=%22Shimmer%20Veil%22&src=typed&max_position=TWEET-982094198991147008-985250272724238336>
None
2018-04-14 15:26:54 [scrapy] DEBUG: Scraped from <200 https://twitter.com/i/search/timeline?l=en&f=tweets&q=%22Shimmer%20Veil%22&src=typed&max_position=TWEET-982094198991147008-985250272724238336>
None
2018-04-14 15:26:54 [scrapy] DEBUG: Scraped from <200 https://twitter.com/i/search/timeline?l=en&f=tweets&q=%22Shimmer%20Veil%22&src=typed&max_position=TWEET-982094198991147008-985250272724238336>
None
2018-04-14 15:26:54 [scrapy] DEBUG: Scraped from <200 https://twitter.com/i/search/timeline?l=en&f=tweets&q=%22Shimmer%20Veil%22&src=typed&max_position=TWEET-982094198991147008-985250272724238336>
None
2018-04-14 15:26:54 [scrapy] DEBUG: Crawled (200) <GET https://twitter.com/i/search/timeline?l=en&f=tweets&q=%22Shimmer%20Veil%22&src=typed&max_position=TWEET-979970083182317570-985250272724238336> (referer: https://twitter.com/i/search/timeline?l=en&f=tweets&q=%22Shimmer%20Veil%22&src=typed&max_position=TWEET-982094198991147008-985250272724238336)
2018-04-14 15:26:54 [scrapy] DEBUG: Scraped from <200 https://twitter.com/i/search/timeline?l=en&f=tweets&q=%22Shimmer%20Veil%22&src=typed&max_position=TWEET-979970083182317570-985250272724238336>
None
2018-04-14 15:26:54 [scrapy] DEBUG: Scraped from <200 https://twitter.com/i/search/timeline?l=en&f=tweets&q=%22Shimmer%20Veil%22&src=typed&max_position=TWEET-979970083182317570-985250272724238336>
None
2018-04-14 15:26:55 [scrapy] DEBUG: Scraped from <200 https://twitter.com/i/search/timeline?l=en&f=tweets&q=%22Shimmer%20Veil%22&src=typed&max_position=TWEET-979970083182317570-985250272724238336>
None
2018-04-14 15:26:55 [scrapy] DEBUG: Scraped from <200 https://twitter.com/i/search/timeline?l=en&f=tweets&q=%22Shimmer%20Veil%22&src=typed&max_position=TWEET-979970083182317570-985250272724238336>
None
2018-04-14 15:26:55 [scrapy] DEBUG: Scraped from <200 https://twitter.com/i/search/timeline?l=en&f=tweets&q=%22Shimmer%20Veil%22&src=typed&max_position=TWEET-979970083182317570-985250272724238336>
None
2018-04-14 15:26:55 [scrapy] DEBUG: Scraped from <200 https://twitter.com/i/search/timeline?l=en&f=tweets&q=%22Shimmer%20Veil%22&src=typed&max_position=TWEET-979970083182317570-985250272724238336>
None
2018-04-14 15:26:55 [scrapy] DEBUG: Scraped from <200 https://twitter.com/i/search/timeline?l=en&f=tweets&q=%22Shimmer%20Veil%22&src=typed&max_position=TWEET-979970083182317570-985250272724238336>
None
2018-04-14 15:26:55 [scrapy] DEBUG: Scraped from <200 https://twitter.com/i/search/timeline?l=en&f=tweets&q=%22Shimmer%20Veil%22&src=typed&max_position=TWEET-979970083182317570-985250272724238336>
None
2018-04-14 15:26:55 [scrapy] DEBUG: Scraped from <200 https://twitter.com/i/search/timeline?l=en&f=tweets&q=%22Shimmer%20Veil%22&src=typed&max_position=TWEET-979970083182317570-985250272724238336>
None
2018-04-14 15:26:55 [scrapy] DEBUG: Scraped from <200 https://twitter.com/i/search/timeline?l=en&f=tweets&q=%22Shimmer%20Veil%22&src=typed&max_position=TWEET-979970083182317570-985250272724238336>
None
2018-04-14 15:26:55 [scrapy] DEBUG: Scraped from <200 https://twitter.com/i/search/timeline?l=en&f=tweets&q=%22Shimmer%20Veil%22&src=typed&max_position=TWEET-979970083182317570-985250272724238336>
None
2018-04-14 15:26:55 [scrapy] DEBUG: Scraped from <200 https://twitter.com/i/search/timeline?l=en&f=tweets&q=%22Shimmer%20Veil%22&src=typed&max_position=TWEET-979970083182317570-985250272724238336>
None
2018-04-14 15:26:55 [scrapy] DEBUG: Scraped from <200 https://twitter.com/i/search/timeline?l=en&f=tweets&q=%22Shimmer%20Veil%22&src=typed&max_position=TWEET-979970083182317570-985250272724238336>
None
2018-04-14 15:26:55 [scrapy] DEBUG: Scraped from <200 https://twitter.com/i/search/timeline?l=en&f=tweets&q=%22Shimmer%20Veil%22&src=typed&max_position=TWEET-979970083182317570-985250272724238336>
None
2018-04-14 15:26:55 [scrapy] DEBUG: Scraped from <200 https://twitter.com/i/search/timeline?l=en&f=tweets&q=%22Shimmer%20Veil%22&src=typed&max_position=TWEET-979970083182317570-985250272724238336>
None
2018-04-14 15:26:55 [scrapy] DEBUG: Scraped from <200 https://twitter.com/i/search/timeline?l=en&f=tweets&q=%22Shimmer%20Veil%22&src=typed&max_position=TWEET-979970083182317570-985250272724238336>
None
2018-04-14 15:26:55 [scrapy] DEBUG: Scraped from <200 https://twitter.com/i/search/timeline?l=en&f=tweets&q=%22Shimmer%20Veil%22&src=typed&max_position=TWEET-979970083182317570-985250272724238336>
None
2018-04-14 15:26:56 [scrapy] DEBUG: Crawled (200) <GET https://twitter.com/i/search/timeline?l=en&f=tweets&q=%22Shimmer%20Veil%22&src=typed&max_position=TWEET-976482018988044288-985250272724238336> (referer: https://twitter.com/i/search/timeline?l=en&f=tweets&q=%22Shimmer%20Veil%22&src=typed&max_position=TWEET-979970083182317570-985250272724238336)
2018-04-14 15:26:56 [scrapy] DEBUG: Scraped from <200 https://twitter.com/i/search/timeline?l=en&f=tweets&q=%22Shimmer%20Veil%22&src=typed&max_position=TWEET-976482018988044288-985250272724238336>
None
2018-04-14 15:26:56 [scrapy] DEBUG: Scraped from <200 https://twitter.com/i/search/timeline?l=en&f=tweets&q=%22Shimmer%20Veil%22&src=typed&max_position=TWEET-976482018988044288-985250272724238336>
None
2018-04-14 15:26:56 [scrapy] DEBUG: Scraped from <200 https://twitter.com/i/search/timeline?l=en&f=tweets&q=%22Shimmer%20Veil%22&src=typed&max_position=TWEET-976482018988044288-985250272724238336>
None
2018-04-14 15:26:56 [scrapy] DEBUG: Scraped from <200 https://twitter.com/i/search/timeline?l=en&f=tweets&q=%22Shimmer%20Veil%22&src=typed&max_position=TWEET-976482018988044288-985250272724238336>
None
2018-04-14 15:26:57 [scrapy] DEBUG: Scraped from <200 https://twitter.com/i/search/timeline?l=en&f=tweets&q=%22Shimmer%20Veil%22&src=typed&max_position=TWEET-976482018988044288-985250272724238336>
None
2018-04-14 15:26:57 [scrapy] DEBUG: Scraped from <200 https://twitter.com/i/search/timeline?l=en&f=tweets&q=%22Shimmer%20Veil%22&src=typed&max_position=TWEET-976482018988044288-985250272724238336>
None
2018-04-14 15:26:57 [scrapy] DEBUG: Scraped from <200 https://twitter.com/i/search/timeline?l=en&f=tweets&q=%22Shimmer%20Veil%22&src=typed&max_position=TWEET-976482018988044288-985250272724238336>
None
2018-04-14 15:26:57 [scrapy] DEBUG: Scraped from <200 https://twitter.com/i/search/timeline?l=en&f=tweets&q=%22Shimmer%20Veil%22&src=typed&max_position=TWEET-976482018988044288-985250272724238336>
None
2018-04-14 15:26:57 [scrapy] DEBUG: Scraped from <200 https://twitter.com/i/search/timeline?l=en&f=tweets&q=%22Shimmer%20Veil%22&src=typed&max_position=TWEET-976482018988044288-985250272724238336>
None
2018-04-14 15:26:57 [scrapy] DEBUG: Scraped from <200 https://twitter.com/i/search/timeline?l=en&f=tweets&q=%22Shimmer%20Veil%22&src=typed&max_position=TWEET-976482018988044288-985250272724238336>
None
2018-04-14 15:26:57 [scrapy] DEBUG: Scraped from <200 https://twitter.com/i/search/timeline?l=en&f=tweets&q=%22Shimmer%20Veil%22&src=typed&max_position=TWEET-976482018988044288-985250272724238336>
None
2018-04-14 15:26:57 [scrapy] DEBUG: Scraped from <200 https://twitter.com/i/search/timeline?l=en&f=tweets&q=%22Shimmer%20Veil%22&src=typed&max_position=TWEET-976482018988044288-985250272724238336>
None
2018-04-14 15:26:57 [scrapy] DEBUG: Scraped from <200 https://twitter.com/i/search/timeline?l=en&f=tweets&q=%22Shimmer%20Veil%22&src=typed&max_position=TWEET-976482018988044288-985250272724238336>
None
2018-04-14 15:26:57 [scrapy] DEBUG: Scraped from <200 https://twitter.com/i/search/timeline?l=en&f=tweets&q=%22Shimmer%20Veil%22&src=typed&max_position=TWEET-976482018988044288-985250272724238336>
None
2018-04-14 15:26:57 [scrapy] DEBUG: Scraped from <200 https://twitter.com/i/search/timeline?l=en&f=tweets&q=%22Shimmer%20Veil%22&src=typed&max_position=TWEET-976482018988044288-985250272724238336>
None
2018-04-14 15:26:57 [scrapy] DEBUG: Scraped from <200 https://twitter.com/i/search/timeline?l=en&f=tweets&q=%22Shimmer%20Veil%22&src=typed&max_position=TWEET-976482018988044288-985250272724238336>
None
2018-04-14 15:26:57 [scrapy] DEBUG: Scraped from <200 https://twitter.com/i/search/timeline?l=en&f=tweets&q=%22Shimmer%20Veil%22&src=typed&max_position=TWEET-976482018988044288-985250272724238336>
None
2018-04-14 15:26:57 [scrapy] DEBUG: Scraped from <200 https://twitter.com/i/search/timeline?l=en&f=tweets&q=%22Shimmer%20Veil%22&src=typed&max_position=TWEET-976482018988044288-985250272724238336>
None
2018-04-14 15:26:57 [scrapy] DEBUG: Scraped from <200 https://twitter.com/i/search/timeline?l=en&f=tweets&q=%22Shimmer%20Veil%22&src=typed&max_position=TWEET-976482018988044288-985250272724238336>
None
2018-04-14 15:26:57 [scrapy] DEBUG: Scraped from <200 https://twitter.com/i/search/timeline?l=en&f=tweets&q=%22Shimmer%20Veil%22&src=typed&max_position=TWEET-976482018988044288-985250272724238336>
None
2018-04-14 15:26:58 [scrapy] DEBUG: Crawled (200) <GET https://twitter.com/i/search/timeline?l=en&f=tweets&q=%22Shimmer%20Veil%22&src=typed&max_position=TWEET-973604965292892161-985250272724238336> (referer: https://twitter.com/i/search/timeline?l=en&f=tweets&q=%22Shimmer%20Veil%22&src=typed&max_position=TWEET-976482018988044288-985250272724238336)
2018-04-14 15:26:58 [scrapy] DEBUG: Scraped from <200 https://twitter.com/i/search/timeline?l=en&f=tweets&q=%22Shimmer%20Veil%22&src=typed&max_position=TWEET-973604965292892161-985250272724238336>
None
2018-04-14 15:26:58 [scrapy] DEBUG: Scraped from <200 https://twitter.com/i/search/timeline?l=en&f=tweets&q=%22Shimmer%20Veil%22&src=typed&max_position=TWEET-973604965292892161-985250272724238336>
None
2018-04-14 15:26:58 [scrapy] DEBUG: Scraped from <200 https://twitter.com/i/search/timeline?l=en&f=tweets&q=%22Shimmer%20Veil%22&src=typed&max_position=TWEET-973604965292892161-985250272724238336>
None
2018-04-14 15:26:58 [scrapy] DEBUG: Scraped from <200 https://twitter.com/i/search/timeline?l=en&f=tweets&q=%22Shimmer%20Veil%22&src=typed&max_position=TWEET-973604965292892161-985250272724238336>
None
2018-04-14 15:26:58 [scrapy] DEBUG: Scraped from <200 https://twitter.com/i/search/timeline?l=en&f=tweets&q=%22Shimmer%20Veil%22&src=typed&max_position=TWEET-973604965292892161-985250272724238336>
None
2018-04-14 15:26:58 [scrapy] DEBUG: Scraped from <200 https://twitter.com/i/search/timeline?l=en&f=tweets&q=%22Shimmer%20Veil%22&src=typed&max_position=TWEET-973604965292892161-985250272724238336>
None
2018-04-14 15:26:58 [scrapy] DEBUG: Scraped from <200 https://twitter.com/i/search/timeline?l=en&f=tweets&q=%22Shimmer%20Veil%22&src=typed&max_position=TWEET-973604965292892161-985250272724238336>
None
2018-04-14 15:26:58 [scrapy] DEBUG: Scraped from <200 https://twitter.com/i/search/timeline?l=en&f=tweets&q=%22Shimmer%20Veil%22&src=typed&max_position=TWEET-973604965292892161-985250272724238336>
None
2018-04-14 15:26:58 [scrapy] DEBUG: Scraped from <200 https://twitter.com/i/search/timeline?l=en&f=tweets&q=%22Shimmer%20Veil%22&src=typed&max_position=TWEET-973604965292892161-985250272724238336>
None
2018-04-14 15:26:59 [scrapy] DEBUG: Scraped from <200 https://twitter.com/i/search/timeline?l=en&f=tweets&q=%22Shimmer%20Veil%22&src=typed&max_position=TWEET-973604965292892161-985250272724238336>
None
2018-04-14 15:26:59 [scrapy] DEBUG: Scraped from <200 https://twitter.com/i/search/timeline?l=en&f=tweets&q=%22Shimmer%20Veil%22&src=typed&max_position=TWEET-973604965292892161-985250272724238336>
None
2018-04-14 15:26:59 [scrapy] DEBUG: Scraped from <200 https://twitter.com/i/search/timeline?l=en&f=tweets&q=%22Shimmer%20Veil%22&src=typed&max_position=TWEET-973604965292892161-985250272724238336>
None
2018-04-14 15:26:59 [scrapy] DEBUG: Scraped from <200 https://twitter.com/i/search/timeline?l=en&f=tweets&q=%22Shimmer%20Veil%22&src=typed&max_position=TWEET-973604965292892161-985250272724238336>
None
2018-04-14 15:26:59 [scrapy] DEBUG: Scraped from <200 https://twitter.com/i/search/timeline?l=en&f=tweets&q=%22Shimmer%20Veil%22&src=typed&max_position=TWEET-973604965292892161-985250272724238336>
None
2018-04-14 15:26:59 [scrapy] DEBUG: Scraped from <200 https://twitter.com/i/search/timeline?l=en&f=tweets&q=%22Shimmer%20Veil%22&src=typed&max_position=TWEET-973604965292892161-985250272724238336>
None
2018-04-14 15:26:59 [scrapy] DEBUG: Scraped from <200 https://twitter.com/i/search/timeline?l=en&f=tweets&q=%22Shimmer%20Veil%22&src=typed&max_position=TWEET-973604965292892161-985250272724238336>
None
2018-04-14 15:26:59 [scrapy] DEBUG: Scraped from <200 https://twitter.com/i/search/timeline?l=en&f=tweets&q=%22Shimmer%20Veil%22&src=typed&max_position=TWEET-973604965292892161-985250272724238336>
None
2018-04-14 15:26:59 [scrapy] DEBUG: Scraped from <200 https://twitter.com/i/search/timeline?l=en&f=tweets&q=%22Shimmer%20Veil%22&src=typed&max_position=TWEET-973604965292892161-985250272724238336>
None
2018-04-14 15:26:59 [scrapy] DEBUG: Scraped from <200 https://twitter.com/i/search/timeline?l=en&f=tweets&q=%22Shimmer%20Veil%22&src=typed&max_position=TWEET-973604965292892161-985250272724238336>
None
2018-04-14 15:26:59 [scrapy] DEBUG: Scraped from <200 https://twitter.com/i/search/timeline?l=en&f=tweets&q=%22Shimmer%20Veil%22&src=typed&max_position=TWEET-973604965292892161-985250272724238336>
None
2018-04-14 15:27:00 [scrapy] DEBUG: Crawled (200) <GET https://twitter.com/i/search/timeline?l=en&f=tweets&q=%22Shimmer%20Veil%22&src=typed&max_position=TWEET-971533564620759040-985250272724238336> (referer: https://twitter.com/i/search/timeline?l=en&f=tweets&q=%22Shimmer%20Veil%22&src=typed&max_position=TWEET-973604965292892161-985250272724238336)
2018-04-14 15:27:00 [scrapy] DEBUG: Scraped from <200 https://twitter.com/i/search/timeline?l=en&f=tweets&q=%22Shimmer%20Veil%22&src=typed&max_position=TWEET-971533564620759040-985250272724238336>
None
2018-04-14 15:27:00 [scrapy] DEBUG: Scraped from <200 https://twitter.com/i/search/timeline?l=en&f=tweets&q=%22Shimmer%20Veil%22&src=typed&max_position=TWEET-971533564620759040-985250272724238336>
None
2018-04-14 15:27:00 [scrapy] DEBUG: Scraped from <200 https://twitter.com/i/search/timeline?l=en&f=tweets&q=%22Shimmer%20Veil%22&src=typed&max_position=TWEET-971533564620759040-985250272724238336>
None
2018-04-14 15:27:00 [scrapy] DEBUG: Scraped from <200 https://twitter.com/i/search/timeline?l=en&f=tweets&q=%22Shimmer%20Veil%22&src=typed&max_position=TWEET-971533564620759040-985250272724238336>
None
2018-04-14 15:27:00 [scrapy] DEBUG: Scraped from <200 https://twitter.com/i/search/timeline?l=en&f=tweets&q=%22Shimmer%20Veil%22&src=typed&max_position=TWEET-971533564620759040-985250272724238336>
None
2018-04-14 15:27:00 [scrapy] DEBUG: Scraped from <200 https://twitter.com/i/search/timeline?l=en&f=tweets&q=%22Shimmer%20Veil%22&src=typed&max_position=TWEET-971533564620759040-985250272724238336>
None
2018-04-14 15:27:00 [scrapy] DEBUG: Scraped from <200 https://twitter.com/i/search/timeline?l=en&f=tweets&q=%22Shimmer%20Veil%22&src=typed&max_position=TWEET-971533564620759040-985250272724238336>
None
2018-04-14 15:27:00 [scrapy] DEBUG: Scraped from <200 https://twitter.com/i/search/timeline?l=en&f=tweets&q=%22Shimmer%20Veil%22&src=typed&max_position=TWEET-971533564620759040-985250272724238336>
None
2018-04-14 15:27:00 [scrapy] DEBUG: Scraped from <200 https://twitter.com/i/search/timeline?l=en&f=tweets&q=%22Shimmer%20Veil%22&src=typed&max_position=TWEET-971533564620759040-985250272724238336>
None
2018-04-14 15:27:00 [scrapy] DEBUG: Scraped from <200 https://twitter.com/i/search/timeline?l=en&f=tweets&q=%22Shimmer%20Veil%22&src=typed&max_position=TWEET-971533564620759040-985250272724238336>
None
2018-04-14 15:27:00 [scrapy] DEBUG: Scraped from <200 https://twitter.com/i/search/timeline?l=en&f=tweets&q=%22Shimmer%20Veil%22&src=typed&max_position=TWEET-971533564620759040-985250272724238336>
None
2018-04-14 15:27:00 [scrapy] DEBUG: Scraped from <200 https://twitter.com/i/search/timeline?l=en&f=tweets&q=%22Shimmer%20Veil%22&src=typed&max_position=TWEET-971533564620759040-985250272724238336>
None
2018-04-14 15:27:00 [scrapy] DEBUG: Scraped from <200 https://twitter.com/i/search/timeline?l=en&f=tweets&q=%22Shimmer%20Veil%22&src=typed&max_position=TWEET-971533564620759040-985250272724238336>
None
2018-04-14 15:27:00 [scrapy] DEBUG: Scraped from <200 https://twitter.com/i/search/timeline?l=en&f=tweets&q=%22Shimmer%20Veil%22&src=typed&max_position=TWEET-971533564620759040-985250272724238336>
None
2018-04-14 15:27:00 [scrapy] DEBUG: Scraped from <200 https://twitter.com/i/search/timeline?l=en&f=tweets&q=%22Shimmer%20Veil%22&src=typed&max_position=TWEET-971533564620759040-985250272724238336>
None
2018-04-14 15:27:00 [scrapy] DEBUG: Scraped from <200 https://twitter.com/i/search/timeline?l=en&f=tweets&q=%22Shimmer%20Veil%22&src=typed&max_position=TWEET-971533564620759040-985250272724238336>
None
2018-04-14 15:27:00 [scrapy] DEBUG: Scraped from <200 https://twitter.com/i/search/timeline?l=en&f=tweets&q=%22Shimmer%20Veil%22&src=typed&max_position=TWEET-971533564620759040-985250272724238336>
None
2018-04-14 15:27:01 [scrapy] DEBUG: Scraped from <200 https://twitter.com/i/search/timeline?l=en&f=tweets&q=%22Shimmer%20Veil%22&src=typed&max_position=TWEET-971533564620759040-985250272724238336>
None
2018-04-14 15:27:01 [scrapy] DEBUG: Scraped from <200 https://twitter.com/i/search/timeline?l=en&f=tweets&q=%22Shimmer%20Veil%22&src=typed&max_position=TWEET-971533564620759040-985250272724238336>
None
2018-04-14 15:27:01 [scrapy] DEBUG: Scraped from <200 https://twitter.com/i/search/timeline?l=en&f=tweets&q=%22Shimmer%20Veil%22&src=typed&max_position=TWEET-971533564620759040-985250272724238336>
None
2018-04-14 15:27:01 [scrapy] DEBUG: Crawled (200) <GET https://twitter.com/i/search/timeline?l=en&f=tweets&q=%22Shimmer%20Veil%22&src=typed&max_position=TWEET-969351857763246080-985250272724238336> (referer: https://twitter.com/i/search/timeline?l=en&f=tweets&q=%22Shimmer%20Veil%22&src=typed&max_position=TWEET-971533564620759040-985250272724238336)
2018-04-14 15:27:02 [scrapy] DEBUG: Scraped from <200 https://twitter.com/i/search/timeline?l=en&f=tweets&q=%22Shimmer%20Veil%22&src=typed&max_position=TWEET-969351857763246080-985250272724238336>
None
2018-04-14 15:27:02 [scrapy] DEBUG: Scraped from <200 https://twitter.com/i/search/timeline?l=en&f=tweets&q=%22Shimmer%20Veil%22&src=typed&max_position=TWEET-969351857763246080-985250272724238336>
None
2018-04-14 15:27:02 [scrapy] DEBUG: Scraped from <200 https://twitter.com/i/search/timeline?l=en&f=tweets&q=%22Shimmer%20Veil%22&src=typed&max_position=TWEET-969351857763246080-985250272724238336>
None
2018-04-14 15:27:02 [scrapy] DEBUG: Scraped from <200 https://twitter.com/i/search/timeline?l=en&f=tweets&q=%22Shimmer%20Veil%22&src=typed&max_position=TWEET-969351857763246080-985250272724238336>
None
2018-04-14 15:27:02 [scrapy] DEBUG: Scraped from <200 https://twitter.com/i/search/timeline?l=en&f=tweets&q=%22Shimmer%20Veil%22&src=typed&max_position=TWEET-969351857763246080-985250272724238336>
None
2018-04-14 15:27:02 [scrapy] DEBUG: Scraped from <200 https://twitter.com/i/search/timeline?l=en&f=tweets&q=%22Shimmer%20Veil%22&src=typed&max_position=TWEET-969351857763246080-985250272724238336>
None
2018-04-14 15:27:02 [scrapy] DEBUG: Scraped from <200 https://twitter.com/i/search/timeline?l=en&f=tweets&q=%22Shimmer%20Veil%22&src=typed&max_position=TWEET-969351857763246080-985250272724238336>
None
2018-04-14 15:27:02 [scrapy] DEBUG: Scraped from <200 https://twitter.com/i/search/timeline?l=en&f=tweets&q=%22Shimmer%20Veil%22&src=typed&max_position=TWEET-969351857763246080-985250272724238336>
None
2018-04-14 15:27:02 [scrapy] DEBUG: Scraped from <200 https://twitter.com/i/search/timeline?l=en&f=tweets&q=%22Shimmer%20Veil%22&src=typed&max_position=TWEET-969351857763246080-985250272724238336>
None
2018-04-14 15:27:02 [scrapy] DEBUG: Scraped from <200 https://twitter.com/i/search/timeline?l=en&f=tweets&q=%22Shimmer%20Veil%22&src=typed&max_position=TWEET-969351857763246080-985250272724238336>
None
2018-04-14 15:27:02 [scrapy] DEBUG: Scraped from <200 https://twitter.com/i/search/timeline?l=en&f=tweets&q=%22Shimmer%20Veil%22&src=typed&max_position=TWEET-969351857763246080-985250272724238336>
None
2018-04-14 15:27:02 [scrapy] DEBUG: Scraped from <200 https://twitter.com/i/search/timeline?l=en&f=tweets&q=%22Shimmer%20Veil%22&src=typed&max_position=TWEET-969351857763246080-985250272724238336>
None
2018-04-14 15:27:02 [scrapy] DEBUG: Scraped from <200 https://twitter.com/i/search/timeline?l=en&f=tweets&q=%22Shimmer%20Veil%22&src=typed&max_position=TWEET-969351857763246080-985250272724238336>
None
2018-04-14 15:27:02 [scrapy] DEBUG: Scraped from <200 https://twitter.com/i/search/timeline?l=en&f=tweets&q=%22Shimmer%20Veil%22&src=typed&max_position=TWEET-969351857763246080-985250272724238336>
None
2018-04-14 15:27:02 [scrapy] DEBUG: Scraped from <200 https://twitter.com/i/search/timeline?l=en&f=tweets&q=%22Shimmer%20Veil%22&src=typed&max_position=TWEET-969351857763246080-985250272724238336>
None
2018-04-14 15:27:03 [scrapy] DEBUG: Scraped from <200 https://twitter.com/i/search/timeline?l=en&f=tweets&q=%22Shimmer%20Veil%22&src=typed&max_position=TWEET-969351857763246080-985250272724238336>
None
2018-04-14 15:27:03 [scrapy] DEBUG: Scraped from <200 https://twitter.com/i/search/timeline?l=en&f=tweets&q=%22Shimmer%20Veil%22&src=typed&max_position=TWEET-969351857763246080-985250272724238336>
None
2018-04-14 15:27:03 [scrapy] DEBUG: Scraped from <200 https://twitter.com/i/search/timeline?l=en&f=tweets&q=%22Shimmer%20Veil%22&src=typed&max_position=TWEET-969351857763246080-985250272724238336>
None
2018-04-14 15:27:03 [scrapy] DEBUG: Scraped from <200 https://twitter.com/i/search/timeline?l=en&f=tweets&q=%22Shimmer%20Veil%22&src=typed&max_position=TWEET-969351857763246080-985250272724238336>
None
2018-04-14 15:27:03 [scrapy] DEBUG: Scraped from <200 https://twitter.com/i/search/timeline?l=en&f=tweets&q=%22Shimmer%20Veil%22&src=typed&max_position=TWEET-969351857763246080-985250272724238336>
None
2018-04-14 15:27:03 [scrapy] DEBUG: Crawled (200) <GET https://twitter.com/i/search/timeline?l=en&f=tweets&q=%22Shimmer%20Veil%22&src=typed&max_position=TWEET-968044365628178432-985250272724238336> (referer: https://twitter.com/i/search/timeline?l=en&f=tweets&q=%22Shimmer%20Veil%22&src=typed&max_position=TWEET-969351857763246080-985250272724238336)
2018-04-14 15:27:03 [scrapy] DEBUG: Scraped from <200 https://twitter.com/i/search/timeline?l=en&f=tweets&q=%22Shimmer%20Veil%22&src=typed&max_position=TWEET-968044365628178432-985250272724238336>
None
2018-04-14 15:27:04 [scrapy] DEBUG: Scraped from <200 https://twitter.com/i/search/timeline?l=en&f=tweets&q=%22Shimmer%20Veil%22&src=typed&max_position=TWEET-968044365628178432-985250272724238336>
None
2018-04-14 15:27:04 [scrapy] DEBUG: Scraped from <200 https://twitter.com/i/search/timeline?l=en&f=tweets&q=%22Shimmer%20Veil%22&src=typed&max_position=TWEET-968044365628178432-985250272724238336>
None
2018-04-14 15:27:04 [scrapy] DEBUG: Scraped from <200 https://twitter.com/i/search/timeline?l=en&f=tweets&q=%22Shimmer%20Veil%22&src=typed&max_position=TWEET-968044365628178432-985250272724238336>
None
2018-04-14 15:27:04 [scrapy] DEBUG: Scraped from <200 https://twitter.com/i/search/timeline?l=en&f=tweets&q=%22Shimmer%20Veil%22&src=typed&max_position=TWEET-968044365628178432-985250272724238336>
None
2018-04-14 15:27:04 [scrapy] DEBUG: Scraped from <200 https://twitter.com/i/search/timeline?l=en&f=tweets&q=%22Shimmer%20Veil%22&src=typed&max_position=TWEET-968044365628178432-985250272724238336>
None
2018-04-14 15:27:04 [scrapy] DEBUG: Scraped from <200 https://twitter.com/i/search/timeline?l=en&f=tweets&q=%22Shimmer%20Veil%22&src=typed&max_position=TWEET-968044365628178432-985250272724238336>
None
2018-04-14 15:27:04 [scrapy] DEBUG: Scraped from <200 https://twitter.com/i/search/timeline?l=en&f=tweets&q=%22Shimmer%20Veil%22&src=typed&max_position=TWEET-968044365628178432-985250272724238336>
None
2018-04-14 15:27:04 [scrapy] DEBUG: Scraped from <200 https://twitter.com/i/search/timeline?l=en&f=tweets&q=%22Shimmer%20Veil%22&src=typed&max_position=TWEET-968044365628178432-985250272724238336>
None
2018-04-14 15:27:04 [scrapy] DEBUG: Scraped from <200 https://twitter.com/i/search/timeline?l=en&f=tweets&q=%22Shimmer%20Veil%22&src=typed&max_position=TWEET-968044365628178432-985250272724238336>
None
2018-04-14 15:27:04 [scrapy] DEBUG: Scraped from <200 https://twitter.com/i/search/timeline?l=en&f=tweets&q=%22Shimmer%20Veil%22&src=typed&max_position=TWEET-968044365628178432-985250272724238336>
None
2018-04-14 15:27:04 [scrapy] DEBUG: Scraped from <200 https://twitter.com/i/search/timeline?l=en&f=tweets&q=%22Shimmer%20Veil%22&src=typed&max_position=TWEET-968044365628178432-985250272724238336>
None
2018-04-14 15:27:04 [scrapy] DEBUG: Scraped from <200 https://twitter.com/i/search/timeline?l=en&f=tweets&q=%22Shimmer%20Veil%22&src=typed&max_position=TWEET-968044365628178432-985250272724238336>
None
2018-04-14 15:27:04 [scrapy] DEBUG: Scraped from <200 https://twitter.com/i/search/timeline?l=en&f=tweets&q=%22Shimmer%20Veil%22&src=typed&max_position=TWEET-968044365628178432-985250272724238336>
None
2018-04-14 15:27:04 [scrapy] DEBUG: Scraped from <200 https://twitter.com/i/search/timeline?l=en&f=tweets&q=%22Shimmer%20Veil%22&src=typed&max_position=TWEET-968044365628178432-985250272724238336>
None
2018-04-14 15:27:04 [scrapy] DEBUG: Scraped from <200 https://twitter.com/i/search/timeline?l=en&f=tweets&q=%22Shimmer%20Veil%22&src=typed&max_position=TWEET-968044365628178432-985250272724238336>
None
2018-04-14 15:27:04 [scrapy] DEBUG: Scraped from <200 https://twitter.com/i/search/timeline?l=en&f=tweets&q=%22Shimmer%20Veil%22&src=typed&max_position=TWEET-968044365628178432-985250272724238336>
None
2018-04-14 15:27:04 [scrapy] DEBUG: Scraped from <200 https://twitter.com/i/search/timeline?l=en&f=tweets&q=%22Shimmer%20Veil%22&src=typed&max_position=TWEET-968044365628178432-985250272724238336>
None
2018-04-14 15:27:04 [scrapy] DEBUG: Scraped from <200 https://twitter.com/i/search/timeline?l=en&f=tweets&q=%22Shimmer%20Veil%22&src=typed&max_position=TWEET-968044365628178432-985250272724238336>
None
2018-04-14 15:27:04 [scrapy] DEBUG: Scraped from <200 https://twitter.com/i/search/timeline?l=en&f=tweets&q=%22Shimmer%20Veil%22&src=typed&max_position=TWEET-968044365628178432-985250272724238336>
None
2018-04-14 15:27:05 [scrapy] DEBUG: Crawled (200) <GET https://twitter.com/i/search/timeline?l=en&f=tweets&q=%22Shimmer%20Veil%22&src=typed&max_position=TWEET-966753435629641729-985250272724238336> (referer: https://twitter.com/i/search/timeline?l=en&f=tweets&q=%22Shimmer%20Veil%22&src=typed&max_position=TWEET-968044365628178432-985250272724238336)
2018-04-14 15:27:05 [scrapy] DEBUG: Scraped from <200 https://twitter.com/i/search/timeline?l=en&f=tweets&q=%22Shimmer%20Veil%22&src=typed&max_position=TWEET-966753435629641729-985250272724238336>
None
2018-04-14 15:27:05 [scrapy] DEBUG: Scraped from <200 https://twitter.com/i/search/timeline?l=en&f=tweets&q=%22Shimmer%20Veil%22&src=typed&max_position=TWEET-966753435629641729-985250272724238336>
None
2018-04-14 15:27:05 [scrapy] DEBUG: Scraped from <200 https://twitter.com/i/search/timeline?l=en&f=tweets&q=%22Shimmer%20Veil%22&src=typed&max_position=TWEET-966753435629641729-985250272724238336>
None
2018-04-14 15:27:05 [scrapy] DEBUG: Scraped from <200 https://twitter.com/i/search/timeline?l=en&f=tweets&q=%22Shimmer%20Veil%22&src=typed&max_position=TWEET-966753435629641729-985250272724238336>
None
2018-04-14 15:27:05 [scrapy] DEBUG: Scraped from <200 https://twitter.com/i/search/timeline?l=en&f=tweets&q=%22Shimmer%20Veil%22&src=typed&max_position=TWEET-966753435629641729-985250272724238336>
None
2018-04-14 15:27:05 [scrapy] DEBUG: Scraped from <200 https://twitter.com/i/search/timeline?l=en&f=tweets&q=%22Shimmer%20Veil%22&src=typed&max_position=TWEET-966753435629641729-985250272724238336>
None
2018-04-14 15:27:05 [scrapy] DEBUG: Scraped from <200 https://twitter.com/i/search/timeline?l=en&f=tweets&q=%22Shimmer%20Veil%22&src=typed&max_position=TWEET-966753435629641729-985250272724238336>
None
2018-04-14 15:27:06 [scrapy] DEBUG: Scraped from <200 https://twitter.com/i/search/timeline?l=en&f=tweets&q=%22Shimmer%20Veil%22&src=typed&max_position=TWEET-966753435629641729-985250272724238336>
None
2018-04-14 15:27:06 [scrapy] DEBUG: Scraped from <200 https://twitter.com/i/search/timeline?l=en&f=tweets&q=%22Shimmer%20Veil%22&src=typed&max_position=TWEET-966753435629641729-985250272724238336>
None
2018-04-14 15:27:06 [scrapy] DEBUG: Scraped from <200 https://twitter.com/i/search/timeline?l=en&f=tweets&q=%22Shimmer%20Veil%22&src=typed&max_position=TWEET-966753435629641729-985250272724238336>
None
2018-04-14 15:27:06 [scrapy] DEBUG: Scraped from <200 https://twitter.com/i/search/timeline?l=en&f=tweets&q=%22Shimmer%20Veil%22&src=typed&max_position=TWEET-966753435629641729-985250272724238336>
None
2018-04-14 15:27:06 [scrapy] DEBUG: Scraped from <200 https://twitter.com/i/search/timeline?l=en&f=tweets&q=%22Shimmer%20Veil%22&src=typed&max_position=TWEET-966753435629641729-985250272724238336>
None
2018-04-14 15:27:06 [scrapy] DEBUG: Scraped from <200 https://twitter.com/i/search/timeline?l=en&f=tweets&q=%22Shimmer%20Veil%22&src=typed&max_position=TWEET-966753435629641729-985250272724238336>
None
2018-04-14 15:27:06 [scrapy] DEBUG: Scraped from <200 https://twitter.com/i/search/timeline?l=en&f=tweets&q=%22Shimmer%20Veil%22&src=typed&max_position=TWEET-966753435629641729-985250272724238336>
None
2018-04-14 15:27:06 [scrapy] DEBUG: Scraped from <200 https://twitter.com/i/search/timeline?l=en&f=tweets&q=%22Shimmer%20Veil%22&src=typed&max_position=TWEET-966753435629641729-985250272724238336>
None
2018-04-14 15:27:06 [scrapy] DEBUG: Scraped from <200 https://twitter.com/i/search/timeline?l=en&f=tweets&q=%22Shimmer%20Veil%22&src=typed&max_position=TWEET-966753435629641729-985250272724238336>
None
2018-04-14 15:27:06 [scrapy] DEBUG: Scraped from <200 https://twitter.com/i/search/timeline?l=en&f=tweets&q=%22Shimmer%20Veil%22&src=typed&max_position=TWEET-966753435629641729-985250272724238336>
None
2018-04-14 15:27:06 [scrapy] DEBUG: Scraped from <200 https://twitter.com/i/search/timeline?l=en&f=tweets&q=%22Shimmer%20Veil%22&src=typed&max_position=TWEET-966753435629641729-985250272724238336>
None
2018-04-14 15:27:06 [scrapy] DEBUG: Scraped from <200 https://twitter.com/i/search/timeline?l=en&f=tweets&q=%22Shimmer%20Veil%22&src=typed&max_position=TWEET-966753435629641729-985250272724238336>
None
2018-04-14 15:27:06 [scrapy] DEBUG: Scraped from <200 https://twitter.com/i/search/timeline?l=en&f=tweets&q=%22Shimmer%20Veil%22&src=typed&max_position=TWEET-966753435629641729-985250272724238336>
None
2018-04-14 15:27:07 [scrapy] DEBUG: Crawled (200) <GET https://twitter.com/i/search/timeline?l=en&f=tweets&q=%22Shimmer%20Veil%22&src=typed&max_position=TWEET-965437258387083265-985250272724238336> (referer: https://twitter.com/i/search/timeline?l=en&f=tweets&q=%22Shimmer%20Veil%22&src=typed&max_position=TWEET-966753435629641729-985250272724238336)
2018-04-14 15:27:07 [scrapy] DEBUG: Scraped from <200 https://twitter.com/i/search/timeline?l=en&f=tweets&q=%22Shimmer%20Veil%22&src=typed&max_position=TWEET-965437258387083265-985250272724238336>
None
2018-04-14 15:27:07 [scrapy] DEBUG: Scraped from <200 https://twitter.com/i/search/timeline?l=en&f=tweets&q=%22Shimmer%20Veil%22&src=typed&max_position=TWEET-965437258387083265-985250272724238336>
None
2018-04-14 15:27:07 [scrapy] DEBUG: Scraped from <200 https://twitter.com/i/search/timeline?l=en&f=tweets&q=%22Shimmer%20Veil%22&src=typed&max_position=TWEET-965437258387083265-985250272724238336>
None
2018-04-14 15:27:07 [scrapy] DEBUG: Scraped from <200 https://twitter.com/i/search/timeline?l=en&f=tweets&q=%22Shimmer%20Veil%22&src=typed&max_position=TWEET-965437258387083265-985250272724238336>
None
2018-04-14 15:27:07 [scrapy] DEBUG: Scraped from <200 https://twitter.com/i/search/timeline?l=en&f=tweets&q=%22Shimmer%20Veil%22&src=typed&max_position=TWEET-965437258387083265-985250272724238336>
None
2018-04-14 15:27:08 [scrapy] DEBUG: Scraped from <200 https://twitter.com/i/search/timeline?l=en&f=tweets&q=%22Shimmer%20Veil%22&src=typed&max_position=TWEET-965437258387083265-985250272724238336>
None
2018-04-14 15:27:08 [scrapy] DEBUG: Scraped from <200 https://twitter.com/i/search/timeline?l=en&f=tweets&q=%22Shimmer%20Veil%22&src=typed&max_position=TWEET-965437258387083265-985250272724238336>
None
2018-04-14 15:27:08 [scrapy] DEBUG: Scraped from <200 https://twitter.com/i/search/timeline?l=en&f=tweets&q=%22Shimmer%20Veil%22&src=typed&max_position=TWEET-965437258387083265-985250272724238336>
None
2018-04-14 15:27:08 [scrapy] DEBUG: Scraped from <200 https://twitter.com/i/search/timeline?l=en&f=tweets&q=%22Shimmer%20Veil%22&src=typed&max_position=TWEET-965437258387083265-985250272724238336>
None
2018-04-14 15:27:08 [scrapy] DEBUG: Scraped from <200 https://twitter.com/i/search/timeline?l=en&f=tweets&q=%22Shimmer%20Veil%22&src=typed&max_position=TWEET-965437258387083265-985250272724238336>
None
2018-04-14 15:27:08 [scrapy] DEBUG: Scraped from <200 https://twitter.com/i/search/timeline?l=en&f=tweets&q=%22Shimmer%20Veil%22&src=typed&max_position=TWEET-965437258387083265-985250272724238336>
None
2018-04-14 15:27:08 [scrapy] DEBUG: Scraped from <200 https://twitter.com/i/search/timeline?l=en&f=tweets&q=%22Shimmer%20Veil%22&src=typed&max_position=TWEET-965437258387083265-985250272724238336>
None
2018-04-14 15:27:08 [scrapy] DEBUG: Scraped from <200 https://twitter.com/i/search/timeline?l=en&f=tweets&q=%22Shimmer%20Veil%22&src=typed&max_position=TWEET-965437258387083265-985250272724238336>
None
2018-04-14 15:27:08 [scrapy] DEBUG: Scraped from <200 https://twitter.com/i/search/timeline?l=en&f=tweets&q=%22Shimmer%20Veil%22&src=typed&max_position=TWEET-965437258387083265-985250272724238336>
None
2018-04-14 15:27:08 [scrapy] DEBUG: Scraped from <200 https://twitter.com/i/search/timeline?l=en&f=tweets&q=%22Shimmer%20Veil%22&src=typed&max_position=TWEET-965437258387083265-985250272724238336>
None
2018-04-14 15:27:08 [scrapy] DEBUG: Scraped from <200 https://twitter.com/i/search/timeline?l=en&f=tweets&q=%22Shimmer%20Veil%22&src=typed&max_position=TWEET-965437258387083265-985250272724238336>
None
2018-04-14 15:27:08 [scrapy] DEBUG: Scraped from <200 https://twitter.com/i/search/timeline?l=en&f=tweets&q=%22Shimmer%20Veil%22&src=typed&max_position=TWEET-965437258387083265-985250272724238336>
None
2018-04-14 15:27:08 [scrapy] DEBUG: Scraped from <200 https://twitter.com/i/search/timeline?l=en&f=tweets&q=%22Shimmer%20Veil%22&src=typed&max_position=TWEET-965437258387083265-985250272724238336>
None
2018-04-14 15:27:08 [scrapy] DEBUG: Scraped from <200 https://twitter.com/i/search/timeline?l=en&f=tweets&q=%22Shimmer%20Veil%22&src=typed&max_position=TWEET-965437258387083265-985250272724238336>
None
2018-04-14 15:27:08 [scrapy] DEBUG: Scraped from <200 https://twitter.com/i/search/timeline?l=en&f=tweets&q=%22Shimmer%20Veil%22&src=typed&max_position=TWEET-965437258387083265-985250272724238336>
None
2018-04-14 15:27:09 [scrapy] DEBUG: Crawled (200) <GET https://twitter.com/i/search/timeline?l=en&f=tweets&q=%22Shimmer%20Veil%22&src=typed&max_position=TWEET-964504507131588608-985250272724238336> (referer: https://twitter.com/i/search/timeline?l=en&f=tweets&q=%22Shimmer%20Veil%22&src=typed&max_position=TWEET-965437258387083265-985250272724238336)
2018-04-14 15:27:09 [scrapy] DEBUG: Scraped from <200 https://twitter.com/i/search/timeline?l=en&f=tweets&q=%22Shimmer%20Veil%22&src=typed&max_position=TWEET-964504507131588608-985250272724238336>
None
2018-04-14 15:27:09 [scrapy] DEBUG: Scraped from <200 https://twitter.com/i/search/timeline?l=en&f=tweets&q=%22Shimmer%20Veil%22&src=typed&max_position=TWEET-964504507131588608-985250272724238336>
None
2018-04-14 15:27:09 [scrapy] DEBUG: Scraped from <200 https://twitter.com/i/search/timeline?l=en&f=tweets&q=%22Shimmer%20Veil%22&src=typed&max_position=TWEET-964504507131588608-985250272724238336>
None
2018-04-14 15:27:09 [scrapy] DEBUG: Scraped from <200 https://twitter.com/i/search/timeline?l=en&f=tweets&q=%22Shimmer%20Veil%22&src=typed&max_position=TWEET-964504507131588608-985250272724238336>
None
2018-04-14 15:27:09 [scrapy] DEBUG: Scraped from <200 https://twitter.com/i/search/timeline?l=en&f=tweets&q=%22Shimmer%20Veil%22&src=typed&max_position=TWEET-964504507131588608-985250272724238336>
None
2018-04-14 15:27:09 [scrapy] DEBUG: Scraped from <200 https://twitter.com/i/search/timeline?l=en&f=tweets&q=%22Shimmer%20Veil%22&src=typed&max_position=TWEET-964504507131588608-985250272724238336>
None
2018-04-14 15:27:09 [scrapy] DEBUG: Scraped from <200 https://twitter.com/i/search/timeline?l=en&f=tweets&q=%22Shimmer%20Veil%22&src=typed&max_position=TWEET-964504507131588608-985250272724238336>
None
2018-04-14 15:27:09 [scrapy] DEBUG: Scraped from <200 https://twitter.com/i/search/timeline?l=en&f=tweets&q=%22Shimmer%20Veil%22&src=typed&max_position=TWEET-964504507131588608-985250272724238336>
None
2018-04-14 15:27:10 [scrapy] DEBUG: Scraped from <200 https://twitter.com/i/search/timeline?l=en&f=tweets&q=%22Shimmer%20Veil%22&src=typed&max_position=TWEET-964504507131588608-985250272724238336>
None
2018-04-14 15:27:10 [scrapy] DEBUG: Scraped from <200 https://twitter.com/i/search/timeline?l=en&f=tweets&q=%22Shimmer%20Veil%22&src=typed&max_position=TWEET-964504507131588608-985250272724238336>
None
2018-04-14 15:27:10 [scrapy] DEBUG: Scraped from <200 https://twitter.com/i/search/timeline?l=en&f=tweets&q=%22Shimmer%20Veil%22&src=typed&max_position=TWEET-964504507131588608-985250272724238336>
None
2018-04-14 15:27:10 [scrapy] DEBUG: Scraped from <200 https://twitter.com/i/search/timeline?l=en&f=tweets&q=%22Shimmer%20Veil%22&src=typed&max_position=TWEET-964504507131588608-985250272724238336>
None
2018-04-14 15:27:10 [scrapy] DEBUG: Scraped from <200 https://twitter.com/i/search/timeline?l=en&f=tweets&q=%22Shimmer%20Veil%22&src=typed&max_position=TWEET-964504507131588608-985250272724238336>
None
2018-04-14 15:27:10 [scrapy] DEBUG: Scraped from <200 https://twitter.com/i/search/timeline?l=en&f=tweets&q=%22Shimmer%20Veil%22&src=typed&max_position=TWEET-964504507131588608-985250272724238336>
None
2018-04-14 15:27:10 [scrapy] DEBUG: Scraped from <200 https://twitter.com/i/search/timeline?l=en&f=tweets&q=%22Shimmer%20Veil%22&src=typed&max_position=TWEET-964504507131588608-985250272724238336>
None
2018-04-14 15:27:10 [scrapy] DEBUG: Scraped from <200 https://twitter.com/i/search/timeline?l=en&f=tweets&q=%22Shimmer%20Veil%22&src=typed&max_position=TWEET-964504507131588608-985250272724238336>
None
2018-04-14 15:27:10 [scrapy] DEBUG: Scraped from <200 https://twitter.com/i/search/timeline?l=en&f=tweets&q=%22Shimmer%20Veil%22&src=typed&max_position=TWEET-964504507131588608-985250272724238336>
None
2018-04-14 15:27:10 [scrapy] DEBUG: Scraped from <200 https://twitter.com/i/search/timeline?l=en&f=tweets&q=%22Shimmer%20Veil%22&src=typed&max_position=TWEET-964504507131588608-985250272724238336>
None
2018-04-14 15:27:10 [scrapy] DEBUG: Scraped from <200 https://twitter.com/i/search/timeline?l=en&f=tweets&q=%22Shimmer%20Veil%22&src=typed&max_position=TWEET-964504507131588608-985250272724238336>
None
2018-04-14 15:27:10 [scrapy] DEBUG: Scraped from <200 https://twitter.com/i/search/timeline?l=en&f=tweets&q=%22Shimmer%20Veil%22&src=typed&max_position=TWEET-964504507131588608-985250272724238336>
None
2018-04-14 15:27:11 [scrapy] DEBUG: Crawled (200) <GET https://twitter.com/i/search/timeline?l=en&f=tweets&q=%22Shimmer%20Veil%22&src=typed&max_position=TWEET-963934628544380928-985250272724238336> (referer: https://twitter.com/i/search/timeline?l=en&f=tweets&q=%22Shimmer%20Veil%22&src=typed&max_position=TWEET-964504507131588608-985250272724238336)
2018-04-14 15:27:11 [scrapy] DEBUG: Scraped from <200 https://twitter.com/i/search/timeline?l=en&f=tweets&q=%22Shimmer%20Veil%22&src=typed&max_position=TWEET-963934628544380928-985250272724238336>
None
2018-04-14 15:27:11 [scrapy] DEBUG: Scraped from <200 https://twitter.com/i/search/timeline?l=en&f=tweets&q=%22Shimmer%20Veil%22&src=typed&max_position=TWEET-963934628544380928-985250272724238336>
None
2018-04-14 15:27:11 [scrapy] DEBUG: Scraped from <200 https://twitter.com/i/search/timeline?l=en&f=tweets&q=%22Shimmer%20Veil%22&src=typed&max_position=TWEET-963934628544380928-985250272724238336>
None
2018-04-14 15:27:11 [scrapy] DEBUG: Scraped from <200 https://twitter.com/i/search/timeline?l=en&f=tweets&q=%22Shimmer%20Veil%22&src=typed&max_position=TWEET-963934628544380928-985250272724238336>
None
2018-04-14 15:27:11 [scrapy] DEBUG: Scraped from <200 https://twitter.com/i/search/timeline?l=en&f=tweets&q=%22Shimmer%20Veil%22&src=typed&max_position=TWEET-963934628544380928-985250272724238336>
None
2018-04-14 15:27:11 [scrapy] DEBUG: Scraped from <200 https://twitter.com/i/search/timeline?l=en&f=tweets&q=%22Shimmer%20Veil%22&src=typed&max_position=TWEET-963934628544380928-985250272724238336>
None
2018-04-14 15:27:11 [scrapy] DEBUG: Scraped from <200 https://twitter.com/i/search/timeline?l=en&f=tweets&q=%22Shimmer%20Veil%22&src=typed&max_position=TWEET-963934628544380928-985250272724238336>
None
2018-04-14 15:27:11 [scrapy] DEBUG: Scraped from <200 https://twitter.com/i/search/timeline?l=en&f=tweets&q=%22Shimmer%20Veil%22&src=typed&max_position=TWEET-963934628544380928-985250272724238336>
None
2018-04-14 15:27:11 [scrapy] DEBUG: Scraped from <200 https://twitter.com/i/search/timeline?l=en&f=tweets&q=%22Shimmer%20Veil%22&src=typed&max_position=TWEET-963934628544380928-985250272724238336>
None
2018-04-14 15:27:11 [scrapy] DEBUG: Scraped from <200 https://twitter.com/i/search/timeline?l=en&f=tweets&q=%22Shimmer%20Veil%22&src=typed&max_position=TWEET-963934628544380928-985250272724238336>
None
2018-04-14 15:27:11 [scrapy] DEBUG: Scraped from <200 https://twitter.com/i/search/timeline?l=en&f=tweets&q=%22Shimmer%20Veil%22&src=typed&max_position=TWEET-963934628544380928-985250272724238336>
None
2018-04-14 15:27:11 [scrapy] DEBUG: Scraped from <200 https://twitter.com/i/search/timeline?l=en&f=tweets&q=%22Shimmer%20Veil%22&src=typed&max_position=TWEET-963934628544380928-985250272724238336>
None
2018-04-14 15:27:11 [scrapy] DEBUG: Scraped from <200 https://twitter.com/i/search/timeline?l=en&f=tweets&q=%22Shimmer%20Veil%22&src=typed&max_position=TWEET-963934628544380928-985250272724238336>
None
2018-04-14 15:27:11 [scrapy] DEBUG: Scraped from <200 https://twitter.com/i/search/timeline?l=en&f=tweets&q=%22Shimmer%20Veil%22&src=typed&max_position=TWEET-963934628544380928-985250272724238336>
None
2018-04-14 15:27:11 [scrapy] DEBUG: Scraped from <200 https://twitter.com/i/search/timeline?l=en&f=tweets&q=%22Shimmer%20Veil%22&src=typed&max_position=TWEET-963934628544380928-985250272724238336>
None
2018-04-14 15:27:11 [scrapy] DEBUG: Scraped from <200 https://twitter.com/i/search/timeline?l=en&f=tweets&q=%22Shimmer%20Veil%22&src=typed&max_position=TWEET-963934628544380928-985250272724238336>
None
2018-04-14 15:27:11 [scrapy] DEBUG: Scraped from <200 https://twitter.com/i/search/timeline?l=en&f=tweets&q=%22Shimmer%20Veil%22&src=typed&max_position=TWEET-963934628544380928-985250272724238336>
None
2018-04-14 15:27:12 [scrapy] DEBUG: Scraped from <200 https://twitter.com/i/search/timeline?l=en&f=tweets&q=%22Shimmer%20Veil%22&src=typed&max_position=TWEET-963934628544380928-985250272724238336>
None
2018-04-14 15:27:12 [scrapy] DEBUG: Scraped from <200 https://twitter.com/i/search/timeline?l=en&f=tweets&q=%22Shimmer%20Veil%22&src=typed&max_position=TWEET-963934628544380928-985250272724238336>
None
2018-04-14 15:27:12 [scrapy] DEBUG: Scraped from <200 https://twitter.com/i/search/timeline?l=en&f=tweets&q=%22Shimmer%20Veil%22&src=typed&max_position=TWEET-963934628544380928-985250272724238336>
None
2018-04-14 15:27:12 [scrapy] DEBUG: Crawled (200) <GET https://twitter.com/i/search/timeline?l=en&f=tweets&q=%22Shimmer%20Veil%22&src=typed&max_position=TWEET-963182254385258496-985250272724238336> (referer: https://twitter.com/i/search/timeline?l=en&f=tweets&q=%22Shimmer%20Veil%22&src=typed&max_position=TWEET-963934628544380928-985250272724238336)
2018-04-14 15:27:12 [scrapy] DEBUG: Scraped from <200 https://twitter.com/i/search/timeline?l=en&f=tweets&q=%22Shimmer%20Veil%22&src=typed&max_position=TWEET-963182254385258496-985250272724238336>
None
2018-04-14 15:27:12 [scrapy] DEBUG: Scraped from <200 https://twitter.com/i/search/timeline?l=en&f=tweets&q=%22Shimmer%20Veil%22&src=typed&max_position=TWEET-963182254385258496-985250272724238336>
None
2018-04-14 15:27:12 [scrapy] DEBUG: Scraped from <200 https://twitter.com/i/search/timeline?l=en&f=tweets&q=%22Shimmer%20Veil%22&src=typed&max_position=TWEET-963182254385258496-985250272724238336>
None
2018-04-14 15:27:13 [scrapy] DEBUG: Scraped from <200 https://twitter.com/i/search/timeline?l=en&f=tweets&q=%22Shimmer%20Veil%22&src=typed&max_position=TWEET-963182254385258496-985250272724238336>
None
2018-04-14 15:27:13 [scrapy] DEBUG: Scraped from <200 https://twitter.com/i/search/timeline?l=en&f=tweets&q=%22Shimmer%20Veil%22&src=typed&max_position=TWEET-963182254385258496-985250272724238336>
None
2018-04-14 15:27:13 [scrapy] DEBUG: Scraped from <200 https://twitter.com/i/search/timeline?l=en&f=tweets&q=%22Shimmer%20Veil%22&src=typed&max_position=TWEET-963182254385258496-985250272724238336>
None
2018-04-14 15:27:13 [scrapy] DEBUG: Scraped from <200 https://twitter.com/i/search/timeline?l=en&f=tweets&q=%22Shimmer%20Veil%22&src=typed&max_position=TWEET-963182254385258496-985250272724238336>
None
2018-04-14 15:27:13 [scrapy] DEBUG: Scraped from <200 https://twitter.com/i/search/timeline?l=en&f=tweets&q=%22Shimmer%20Veil%22&src=typed&max_position=TWEET-963182254385258496-985250272724238336>
None
2018-04-14 15:27:13 [scrapy] DEBUG: Scraped from <200 https://twitter.com/i/search/timeline?l=en&f=tweets&q=%22Shimmer%20Veil%22&src=typed&max_position=TWEET-963182254385258496-985250272724238336>
None
2018-04-14 15:27:13 [scrapy] DEBUG: Scraped from <200 https://twitter.com/i/search/timeline?l=en&f=tweets&q=%22Shimmer%20Veil%22&src=typed&max_position=TWEET-963182254385258496-985250272724238336>
None
2018-04-14 15:27:13 [scrapy] DEBUG: Scraped from <200 https://twitter.com/i/search/timeline?l=en&f=tweets&q=%22Shimmer%20Veil%22&src=typed&max_position=TWEET-963182254385258496-985250272724238336>
None
2018-04-14 15:27:13 [scrapy] DEBUG: Scraped from <200 https://twitter.com/i/search/timeline?l=en&f=tweets&q=%22Shimmer%20Veil%22&src=typed&max_position=TWEET-963182254385258496-985250272724238336>
None
2018-04-14 15:27:13 [scrapy] DEBUG: Scraped from <200 https://twitter.com/i/search/timeline?l=en&f=tweets&q=%22Shimmer%20Veil%22&src=typed&max_position=TWEET-963182254385258496-985250272724238336>
None
2018-04-14 15:27:13 [scrapy] DEBUG: Scraped from <200 https://twitter.com/i/search/timeline?l=en&f=tweets&q=%22Shimmer%20Veil%22&src=typed&max_position=TWEET-963182254385258496-985250272724238336>
None
2018-04-14 15:27:13 [scrapy] DEBUG: Scraped from <200 https://twitter.com/i/search/timeline?l=en&f=tweets&q=%22Shimmer%20Veil%22&src=typed&max_position=TWEET-963182254385258496-985250272724238336>
None
2018-04-14 15:27:13 [scrapy] DEBUG: Scraped from <200 https://twitter.com/i/search/timeline?l=en&f=tweets&q=%22Shimmer%20Veil%22&src=typed&max_position=TWEET-963182254385258496-985250272724238336>
None
2018-04-14 15:27:13 [scrapy] DEBUG: Scraped from <200 https://twitter.com/i/search/timeline?l=en&f=tweets&q=%22Shimmer%20Veil%22&src=typed&max_position=TWEET-963182254385258496-985250272724238336>
None
2018-04-14 15:27:13 [scrapy] DEBUG: Scraped from <200 https://twitter.com/i/search/timeline?l=en&f=tweets&q=%22Shimmer%20Veil%22&src=typed&max_position=TWEET-963182254385258496-985250272724238336>
None
2018-04-14 15:27:13 [scrapy] DEBUG: Scraped from <200 https://twitter.com/i/search/timeline?l=en&f=tweets&q=%22Shimmer%20Veil%22&src=typed&max_position=TWEET-963182254385258496-985250272724238336>
None
2018-04-14 15:27:13 [scrapy] DEBUG: Scraped from <200 https://twitter.com/i/search/timeline?l=en&f=tweets&q=%22Shimmer%20Veil%22&src=typed&max_position=TWEET-963182254385258496-985250272724238336>
None
2018-04-14 15:27:14 [scrapy] DEBUG: Crawled (200) <GET https://twitter.com/i/search/timeline?l=en&f=tweets&q=%22Shimmer%20Veil%22&src=typed&max_position=TWEET-960324627091386368-985250272724238336> (referer: https://twitter.com/i/search/timeline?l=en&f=tweets&q=%22Shimmer%20Veil%22&src=typed&max_position=TWEET-963182254385258496-985250272724238336)
2018-04-14 15:27:14 [scrapy] DEBUG: Scraped from <200 https://twitter.com/i/search/timeline?l=en&f=tweets&q=%22Shimmer%20Veil%22&src=typed&max_position=TWEET-960324627091386368-985250272724238336>
None
2018-04-14 15:27:14 [scrapy] DEBUG: Scraped from <200 https://twitter.com/i/search/timeline?l=en&f=tweets&q=%22Shimmer%20Veil%22&src=typed&max_position=TWEET-960324627091386368-985250272724238336>
None
2018-04-14 15:27:14 [scrapy] DEBUG: Scraped from <200 https://twitter.com/i/search/timeline?l=en&f=tweets&q=%22Shimmer%20Veil%22&src=typed&max_position=TWEET-960324627091386368-985250272724238336>
None
2018-04-14 15:27:14 [scrapy] DEBUG: Scraped from <200 https://twitter.com/i/search/timeline?l=en&f=tweets&q=%22Shimmer%20Veil%22&src=typed&max_position=TWEET-960324627091386368-985250272724238336>
None
2018-04-14 15:27:14 [scrapy] DEBUG: Scraped from <200 https://twitter.com/i/search/timeline?l=en&f=tweets&q=%22Shimmer%20Veil%22&src=typed&max_position=TWEET-960324627091386368-985250272724238336>
None
2018-04-14 15:27:14 [scrapy] DEBUG: Scraped from <200 https://twitter.com/i/search/timeline?l=en&f=tweets&q=%22Shimmer%20Veil%22&src=typed&max_position=TWEET-960324627091386368-985250272724238336>
None
2018-04-14 15:27:14 [scrapy] DEBUG: Scraped from <200 https://twitter.com/i/search/timeline?l=en&f=tweets&q=%22Shimmer%20Veil%22&src=typed&max_position=TWEET-960324627091386368-985250272724238336>
None
2018-04-14 15:27:15 [scrapy] DEBUG: Scraped from <200 https://twitter.com/i/search/timeline?l=en&f=tweets&q=%22Shimmer%20Veil%22&src=typed&max_position=TWEET-960324627091386368-985250272724238336>
None
2018-04-14 15:27:15 [scrapy] DEBUG: Scraped from <200 https://twitter.com/i/search/timeline?l=en&f=tweets&q=%22Shimmer%20Veil%22&src=typed&max_position=TWEET-960324627091386368-985250272724238336>
None
2018-04-14 15:27:15 [scrapy] DEBUG: Scraped from <200 https://twitter.com/i/search/timeline?l=en&f=tweets&q=%22Shimmer%20Veil%22&src=typed&max_position=TWEET-960324627091386368-985250272724238336>
None
2018-04-14 15:27:15 [scrapy] DEBUG: Scraped from <200 https://twitter.com/i/search/timeline?l=en&f=tweets&q=%22Shimmer%20Veil%22&src=typed&max_position=TWEET-960324627091386368-985250272724238336>
None
2018-04-14 15:27:15 [scrapy] DEBUG: Scraped from <200 https://twitter.com/i/search/timeline?l=en&f=tweets&q=%22Shimmer%20Veil%22&src=typed&max_position=TWEET-960324627091386368-985250272724238336>
None
2018-04-14 15:27:15 [scrapy] DEBUG: Scraped from <200 https://twitter.com/i/search/timeline?l=en&f=tweets&q=%22Shimmer%20Veil%22&src=typed&max_position=TWEET-960324627091386368-985250272724238336>
None
2018-04-14 15:27:15 [scrapy] DEBUG: Scraped from <200 https://twitter.com/i/search/timeline?l=en&f=tweets&q=%22Shimmer%20Veil%22&src=typed&max_position=TWEET-960324627091386368-985250272724238336>
None
2018-04-14 15:27:15 [scrapy] DEBUG: Scraped from <200 https://twitter.com/i/search/timeline?l=en&f=tweets&q=%22Shimmer%20Veil%22&src=typed&max_position=TWEET-960324627091386368-985250272724238336>
None
2018-04-14 15:27:15 [scrapy] DEBUG: Scraped from <200 https://twitter.com/i/search/timeline?l=en&f=tweets&q=%22Shimmer%20Veil%22&src=typed&max_position=TWEET-960324627091386368-985250272724238336>
None
2018-04-14 15:27:15 [scrapy] DEBUG: Scraped from <200 https://twitter.com/i/search/timeline?l=en&f=tweets&q=%22Shimmer%20Veil%22&src=typed&max_position=TWEET-960324627091386368-985250272724238336>
None
2018-04-14 15:27:15 [scrapy] DEBUG: Scraped from <200 https://twitter.com/i/search/timeline?l=en&f=tweets&q=%22Shimmer%20Veil%22&src=typed&max_position=TWEET-960324627091386368-985250272724238336>
None
2018-04-14 15:27:15 [scrapy] DEBUG: Scraped from <200 https://twitter.com/i/search/timeline?l=en&f=tweets&q=%22Shimmer%20Veil%22&src=typed&max_position=TWEET-960324627091386368-985250272724238336>
None
2018-04-14 15:27:15 [scrapy] DEBUG: Scraped from <200 https://twitter.com/i/search/timeline?l=en&f=tweets&q=%22Shimmer%20Veil%22&src=typed&max_position=TWEET-960324627091386368-985250272724238336>
None
2018-04-14 15:27:17 [scrapy] DEBUG: Crawled (200) <GET https://twitter.com/i/search/timeline?l=en&f=tweets&q=%22Shimmer%20Veil%22&src=typed&max_position=TWEET-957115126129315840-985250272724238336> (referer: https://twitter.com/i/search/timeline?l=en&f=tweets&q=%22Shimmer%20Veil%22&src=typed&max_position=TWEET-960324627091386368-985250272724238336)
2018-04-14 15:27:17 [scrapy] DEBUG: Scraped from <200 https://twitter.com/i/search/timeline?l=en&f=tweets&q=%22Shimmer%20Veil%22&src=typed&max_position=TWEET-957115126129315840-985250272724238336>
None
2018-04-14 15:27:17 [scrapy] DEBUG: Scraped from <200 https://twitter.com/i/search/timeline?l=en&f=tweets&q=%22Shimmer%20Veil%22&src=typed&max_position=TWEET-957115126129315840-985250272724238336>
None
2018-04-14 15:27:17 [scrapy] DEBUG: Scraped from <200 https://twitter.com/i/search/timeline?l=en&f=tweets&q=%22Shimmer%20Veil%22&src=typed&max_position=TWEET-957115126129315840-985250272724238336>
None
2018-04-14 15:27:17 [scrapy] DEBUG: Scraped from <200 https://twitter.com/i/search/timeline?l=en&f=tweets&q=%22Shimmer%20Veil%22&src=typed&max_position=TWEET-957115126129315840-985250272724238336>
None
2018-04-14 15:27:17 [scrapy] DEBUG: Scraped from <200 https://twitter.com/i/search/timeline?l=en&f=tweets&q=%22Shimmer%20Veil%22&src=typed&max_position=TWEET-957115126129315840-985250272724238336>
None
2018-04-14 15:27:17 [scrapy] DEBUG: Scraped from <200 https://twitter.com/i/search/timeline?l=en&f=tweets&q=%22Shimmer%20Veil%22&src=typed&max_position=TWEET-957115126129315840-985250272724238336>
None
2018-04-14 15:27:17 [scrapy] DEBUG: Scraped from <200 https://twitter.com/i/search/timeline?l=en&f=tweets&q=%22Shimmer%20Veil%22&src=typed&max_position=TWEET-957115126129315840-985250272724238336>
None
2018-04-14 15:27:17 [scrapy] DEBUG: Scraped from <200 https://twitter.com/i/search/timeline?l=en&f=tweets&q=%22Shimmer%20Veil%22&src=typed&max_position=TWEET-957115126129315840-985250272724238336>
None
2018-04-14 15:27:17 [scrapy] DEBUG: Scraped from <200 https://twitter.com/i/search/timeline?l=en&f=tweets&q=%22Shimmer%20Veil%22&src=typed&max_position=TWEET-957115126129315840-985250272724238336>
None
2018-04-14 15:27:17 [scrapy] DEBUG: Scraped from <200 https://twitter.com/i/search/timeline?l=en&f=tweets&q=%22Shimmer%20Veil%22&src=typed&max_position=TWEET-957115126129315840-985250272724238336>
None
2018-04-14 15:27:17 [scrapy] DEBUG: Scraped from <200 https://twitter.com/i/search/timeline?l=en&f=tweets&q=%22Shimmer%20Veil%22&src=typed&max_position=TWEET-957115126129315840-985250272724238336>
None
2018-04-14 15:27:17 [scrapy] DEBUG: Scraped from <200 https://twitter.com/i/search/timeline?l=en&f=tweets&q=%22Shimmer%20Veil%22&src=typed&max_position=TWEET-957115126129315840-985250272724238336>
None
2018-04-14 15:27:17 [scrapy] DEBUG: Scraped from <200 https://twitter.com/i/search/timeline?l=en&f=tweets&q=%22Shimmer%20Veil%22&src=typed&max_position=TWEET-957115126129315840-985250272724238336>
None
2018-04-14 15:27:17 [scrapy] DEBUG: Scraped from <200 https://twitter.com/i/search/timeline?l=en&f=tweets&q=%22Shimmer%20Veil%22&src=typed&max_position=TWEET-957115126129315840-985250272724238336>
None
2018-04-14 15:27:17 [scrapy] DEBUG: Scraped from <200 https://twitter.com/i/search/timeline?l=en&f=tweets&q=%22Shimmer%20Veil%22&src=typed&max_position=TWEET-957115126129315840-985250272724238336>
None
2018-04-14 15:27:18 [scrapy] DEBUG: Scraped from <200 https://twitter.com/i/search/timeline?l=en&f=tweets&q=%22Shimmer%20Veil%22&src=typed&max_position=TWEET-957115126129315840-985250272724238336>
None
2018-04-14 15:27:18 [scrapy] DEBUG: Scraped from <200 https://twitter.com/i/search/timeline?l=en&f=tweets&q=%22Shimmer%20Veil%22&src=typed&max_position=TWEET-957115126129315840-985250272724238336>
None
2018-04-14 15:27:18 [scrapy] DEBUG: Scraped from <200 https://twitter.com/i/search/timeline?l=en&f=tweets&q=%22Shimmer%20Veil%22&src=typed&max_position=TWEET-957115126129315840-985250272724238336>
None
2018-04-14 15:27:18 [scrapy] DEBUG: Scraped from <200 https://twitter.com/i/search/timeline?l=en&f=tweets&q=%22Shimmer%20Veil%22&src=typed&max_position=TWEET-957115126129315840-985250272724238336>
None
2018-04-14 15:27:18 [scrapy] DEBUG: Scraped from <200 https://twitter.com/i/search/timeline?l=en&f=tweets&q=%22Shimmer%20Veil%22&src=typed&max_position=TWEET-957115126129315840-985250272724238336>
None
2018-04-14 15:27:19 [scrapy] DEBUG: Crawled (200) <GET https://twitter.com/i/search/timeline?l=en&f=tweets&q=%22Shimmer%20Veil%22&src=typed&max_position=TWEET-953839696186093568-985250272724238336> (referer: https://twitter.com/i/search/timeline?l=en&f=tweets&q=%22Shimmer%20Veil%22&src=typed&max_position=TWEET-957115126129315840-985250272724238336)
2018-04-14 15:27:19 [scrapy] DEBUG: Scraped from <200 https://twitter.com/i/search/timeline?l=en&f=tweets&q=%22Shimmer%20Veil%22&src=typed&max_position=TWEET-953839696186093568-985250272724238336>
None
2018-04-14 15:27:19 [scrapy] DEBUG: Scraped from <200 https://twitter.com/i/search/timeline?l=en&f=tweets&q=%22Shimmer%20Veil%22&src=typed&max_position=TWEET-953839696186093568-985250272724238336>
None
2018-04-14 15:27:19 [scrapy] DEBUG: Scraped from <200 https://twitter.com/i/search/timeline?l=en&f=tweets&q=%22Shimmer%20Veil%22&src=typed&max_position=TWEET-953839696186093568-985250272724238336>
None
2018-04-14 15:27:19 [scrapy] DEBUG: Scraped from <200 https://twitter.com/i/search/timeline?l=en&f=tweets&q=%22Shimmer%20Veil%22&src=typed&max_position=TWEET-953839696186093568-985250272724238336>
None
2018-04-14 15:27:19 [scrapy] INFO: Closing spider (closespider_itemcount)
2018-04-14 15:27:19 [scrapy] DEBUG: Scraped from <200 https://twitter.com/i/search/timeline?l=en&f=tweets&q=%22Shimmer%20Veil%22&src=typed&max_position=TWEET-953839696186093568-985250272724238336>
None
2018-04-14 15:27:19 [scrapy] DEBUG: Scraped from <200 https://twitter.com/i/search/timeline?l=en&f=tweets&q=%22Shimmer%20Veil%22&src=typed&max_position=TWEET-953839696186093568-985250272724238336>
None
2018-04-14 15:27:19 [scrapy] DEBUG: Scraped from <200 https://twitter.com/i/search/timeline?l=en&f=tweets&q=%22Shimmer%20Veil%22&src=typed&max_position=TWEET-953839696186093568-985250272724238336>
None
2018-04-14 15:27:19 [scrapy] DEBUG: Scraped from <200 https://twitter.com/i/search/timeline?l=en&f=tweets&q=%22Shimmer%20Veil%22&src=typed&max_position=TWEET-953839696186093568-985250272724238336>
None
2018-04-14 15:27:19 [scrapy] DEBUG: Scraped from <200 https://twitter.com/i/search/timeline?l=en&f=tweets&q=%22Shimmer%20Veil%22&src=typed&max_position=TWEET-953839696186093568-985250272724238336>
None
2018-04-14 15:27:19 [scrapy] DEBUG: Scraped from <200 https://twitter.com/i/search/timeline?l=en&f=tweets&q=%22Shimmer%20Veil%22&src=typed&max_position=TWEET-953839696186093568-985250272724238336>
None
2018-04-14 15:27:19 [scrapy] DEBUG: Scraped from <200 https://twitter.com/i/search/timeline?l=en&f=tweets&q=%22Shimmer%20Veil%22&src=typed&max_position=TWEET-953839696186093568-985250272724238336>
None
2018-04-14 15:27:19 [scrapy] DEBUG: Scraped from <200 https://twitter.com/i/search/timeline?l=en&f=tweets&q=%22Shimmer%20Veil%22&src=typed&max_position=TWEET-953839696186093568-985250272724238336>
None
2018-04-14 15:27:19 [scrapy] DEBUG: Scraped from <200 https://twitter.com/i/search/timeline?l=en&f=tweets&q=%22Shimmer%20Veil%22&src=typed&max_position=TWEET-953839696186093568-985250272724238336>
None
2018-04-14 15:27:19 [scrapy] DEBUG: Scraped from <200 https://twitter.com/i/search/timeline?l=en&f=tweets&q=%22Shimmer%20Veil%22&src=typed&max_position=TWEET-953839696186093568-985250272724238336>
None
2018-04-14 15:27:20 [scrapy] DEBUG: Scraped from <200 https://twitter.com/i/search/timeline?l=en&f=tweets&q=%22Shimmer%20Veil%22&src=typed&max_position=TWEET-953839696186093568-985250272724238336>
None
2018-04-14 15:27:20 [scrapy] DEBUG: Scraped from <200 https://twitter.com/i/search/timeline?l=en&f=tweets&q=%22Shimmer%20Veil%22&src=typed&max_position=TWEET-953839696186093568-985250272724238336>
None
2018-04-14 15:27:20 [scrapy] DEBUG: Scraped from <200 https://twitter.com/i/search/timeline?l=en&f=tweets&q=%22Shimmer%20Veil%22&src=typed&max_position=TWEET-953839696186093568-985250272724238336>
None
2018-04-14 15:27:20 [scrapy] DEBUG: Scraped from <200 https://twitter.com/i/search/timeline?l=en&f=tweets&q=%22Shimmer%20Veil%22&src=typed&max_position=TWEET-953839696186093568-985250272724238336>
None
2018-04-14 15:27:20 [scrapy] DEBUG: Scraped from <200 https://twitter.com/i/search/timeline?l=en&f=tweets&q=%22Shimmer%20Veil%22&src=typed&max_position=TWEET-953839696186093568-985250272724238336>
None
2018-04-14 15:27:20 [scrapy] DEBUG: Scraped from <200 https://twitter.com/i/search/timeline?l=en&f=tweets&q=%22Shimmer%20Veil%22&src=typed&max_position=TWEET-953839696186093568-985250272724238336>
None
2018-04-14 15:27:20 [scrapy] INFO: Dumping Scrapy stats:
{'downloader/request_bytes': 13603,
 'downloader/request_count': 16,
 'downloader/request_method_count/GET': 16,
 'downloader/response_bytes': 278510,
 'downloader/response_count': 16,
 'downloader/response_status_count/200': 16,
 'finish_reason': 'closespider_itemcount',
 'finish_time': datetime.datetime(2018, 4, 14, 20, 27, 20, 315273),
 'item_scraped_count': 316,
 'log_count/DEBUG': 648,
 'log_count/ERROR': 316,
 'log_count/INFO': 6,
 'memusage/max': 66822144,
 'memusage/startup': 66822144,
 'request_depth_max': 16,
 'response_received_count': 16,
 'scheduler/dequeued': 16,
 'scheduler/dequeued/memory': 16,
 'scheduler/enqueued': 17,
 'scheduler/enqueued/memory': 17,
 'start_time': datetime.datetime(2018, 4, 14, 20, 26, 50, 442304)}
2018-04-14 15:27:20 [scrapy] INFO: Spider closed (closespider_itemcount)
