2018-04-14 14:57:31 [scrapy] DEBUG: Crawled (200) <GET https://twitter.com/i/search/timeline?l=en&f=tweets&q=ColourPop%20Super%20Shock%20Shadow&src=typed&max_position=> (referer: None)
2018-04-14 14:57:31 [scrapy] DEBUG: Scraped from <200 https://twitter.com/i/search/timeline?l=en&f=tweets&q=ColourPop%20Super%20Shock%20Shadow&src=typed&max_position=>
None
2018-04-14 14:57:31 [scrapy] DEBUG: Scraped from <200 https://twitter.com/i/search/timeline?l=en&f=tweets&q=ColourPop%20Super%20Shock%20Shadow&src=typed&max_position=>
None
2018-04-14 14:57:31 [scrapy] DEBUG: Scraped from <200 https://twitter.com/i/search/timeline?l=en&f=tweets&q=ColourPop%20Super%20Shock%20Shadow&src=typed&max_position=>
None
2018-04-14 14:57:31 [scrapy] DEBUG: Scraped from <200 https://twitter.com/i/search/timeline?l=en&f=tweets&q=ColourPop%20Super%20Shock%20Shadow&src=typed&max_position=>
None
2018-04-14 14:57:32 [scrapy] DEBUG: Scraped from <200 https://twitter.com/i/search/timeline?l=en&f=tweets&q=ColourPop%20Super%20Shock%20Shadow&src=typed&max_position=>
None
2018-04-14 14:57:32 [scrapy] DEBUG: Scraped from <200 https://twitter.com/i/search/timeline?l=en&f=tweets&q=ColourPop%20Super%20Shock%20Shadow&src=typed&max_position=>
None
2018-04-14 14:57:32 [scrapy] DEBUG: Scraped from <200 https://twitter.com/i/search/timeline?l=en&f=tweets&q=ColourPop%20Super%20Shock%20Shadow&src=typed&max_position=>
None
2018-04-14 14:57:32 [scrapy] DEBUG: Scraped from <200 https://twitter.com/i/search/timeline?l=en&f=tweets&q=ColourPop%20Super%20Shock%20Shadow&src=typed&max_position=>
None
2018-04-14 14:57:32 [scrapy] DEBUG: Scraped from <200 https://twitter.com/i/search/timeline?l=en&f=tweets&q=ColourPop%20Super%20Shock%20Shadow&src=typed&max_position=>
None
2018-04-14 14:57:32 [scrapy] DEBUG: Scraped from <200 https://twitter.com/i/search/timeline?l=en&f=tweets&q=ColourPop%20Super%20Shock%20Shadow&src=typed&max_position=>
None
2018-04-14 14:57:32 [scrapy] DEBUG: Scraped from <200 https://twitter.com/i/search/timeline?l=en&f=tweets&q=ColourPop%20Super%20Shock%20Shadow&src=typed&max_position=>
None
2018-04-14 14:57:32 [scrapy] DEBUG: Scraped from <200 https://twitter.com/i/search/timeline?l=en&f=tweets&q=ColourPop%20Super%20Shock%20Shadow&src=typed&max_position=>
None
2018-04-14 14:57:32 [scrapy] DEBUG: Scraped from <200 https://twitter.com/i/search/timeline?l=en&f=tweets&q=ColourPop%20Super%20Shock%20Shadow&src=typed&max_position=>
None
2018-04-14 14:57:32 [scrapy] DEBUG: Scraped from <200 https://twitter.com/i/search/timeline?l=en&f=tweets&q=ColourPop%20Super%20Shock%20Shadow&src=typed&max_position=>
None
2018-04-14 14:57:32 [scrapy] DEBUG: Scraped from <200 https://twitter.com/i/search/timeline?l=en&f=tweets&q=ColourPop%20Super%20Shock%20Shadow&src=typed&max_position=>
None
2018-04-14 14:57:32 [scrapy] DEBUG: Scraped from <200 https://twitter.com/i/search/timeline?l=en&f=tweets&q=ColourPop%20Super%20Shock%20Shadow&src=typed&max_position=>
None
2018-04-14 14:57:32 [scrapy] DEBUG: Scraped from <200 https://twitter.com/i/search/timeline?l=en&f=tweets&q=ColourPop%20Super%20Shock%20Shadow&src=typed&max_position=>
None
2018-04-14 14:57:32 [scrapy] DEBUG: Scraped from <200 https://twitter.com/i/search/timeline?l=en&f=tweets&q=ColourPop%20Super%20Shock%20Shadow&src=typed&max_position=>
None
2018-04-14 14:57:32 [scrapy] DEBUG: Scraped from <200 https://twitter.com/i/search/timeline?l=en&f=tweets&q=ColourPop%20Super%20Shock%20Shadow&src=typed&max_position=>
None
2018-04-14 14:57:32 [scrapy] DEBUG: Scraped from <200 https://twitter.com/i/search/timeline?l=en&f=tweets&q=ColourPop%20Super%20Shock%20Shadow&src=typed&max_position=>
None
2018-04-14 14:57:33 [scrapy] DEBUG: Crawled (200) <GET https://twitter.com/i/search/timeline?l=en&f=tweets&q=ColourPop%20Super%20Shock%20Shadow&src=typed&max_position=TWEET-982812248543498243-985112465099907072> (referer: https://twitter.com/i/search/timeline?l=en&f=tweets&q=ColourPop%20Super%20Shock%20Shadow&src=typed&max_position=)
2018-04-14 14:57:33 [scrapy] DEBUG: Scraped from <200 https://twitter.com/i/search/timeline?l=en&f=tweets&q=ColourPop%20Super%20Shock%20Shadow&src=typed&max_position=TWEET-982812248543498243-985112465099907072>
None
2018-04-14 14:57:33 [scrapy] DEBUG: Scraped from <200 https://twitter.com/i/search/timeline?l=en&f=tweets&q=ColourPop%20Super%20Shock%20Shadow&src=typed&max_position=TWEET-982812248543498243-985112465099907072>
None
2018-04-14 14:57:33 [scrapy] DEBUG: Scraped from <200 https://twitter.com/i/search/timeline?l=en&f=tweets&q=ColourPop%20Super%20Shock%20Shadow&src=typed&max_position=TWEET-982812248543498243-985112465099907072>
None
2018-04-14 14:57:33 [scrapy] DEBUG: Scraped from <200 https://twitter.com/i/search/timeline?l=en&f=tweets&q=ColourPop%20Super%20Shock%20Shadow&src=typed&max_position=TWEET-982812248543498243-985112465099907072>
None
2018-04-14 14:57:33 [scrapy] DEBUG: Scraped from <200 https://twitter.com/i/search/timeline?l=en&f=tweets&q=ColourPop%20Super%20Shock%20Shadow&src=typed&max_position=TWEET-982812248543498243-985112465099907072>
None
2018-04-14 14:57:33 [scrapy] DEBUG: Scraped from <200 https://twitter.com/i/search/timeline?l=en&f=tweets&q=ColourPop%20Super%20Shock%20Shadow&src=typed&max_position=TWEET-982812248543498243-985112465099907072>
None
2018-04-14 14:57:33 [scrapy] DEBUG: Scraped from <200 https://twitter.com/i/search/timeline?l=en&f=tweets&q=ColourPop%20Super%20Shock%20Shadow&src=typed&max_position=TWEET-982812248543498243-985112465099907072>
None
2018-04-14 14:57:33 [scrapy] DEBUG: Scraped from <200 https://twitter.com/i/search/timeline?l=en&f=tweets&q=ColourPop%20Super%20Shock%20Shadow&src=typed&max_position=TWEET-982812248543498243-985112465099907072>
None
2018-04-14 14:57:34 [scrapy] DEBUG: Scraped from <200 https://twitter.com/i/search/timeline?l=en&f=tweets&q=ColourPop%20Super%20Shock%20Shadow&src=typed&max_position=TWEET-982812248543498243-985112465099907072>
None
2018-04-14 14:57:34 [scrapy] DEBUG: Scraped from <200 https://twitter.com/i/search/timeline?l=en&f=tweets&q=ColourPop%20Super%20Shock%20Shadow&src=typed&max_position=TWEET-982812248543498243-985112465099907072>
None
2018-04-14 14:57:34 [scrapy] DEBUG: Scraped from <200 https://twitter.com/i/search/timeline?l=en&f=tweets&q=ColourPop%20Super%20Shock%20Shadow&src=typed&max_position=TWEET-982812248543498243-985112465099907072>
None
2018-04-14 14:57:34 [scrapy] DEBUG: Scraped from <200 https://twitter.com/i/search/timeline?l=en&f=tweets&q=ColourPop%20Super%20Shock%20Shadow&src=typed&max_position=TWEET-982812248543498243-985112465099907072>
None
2018-04-14 14:57:34 [scrapy] DEBUG: Crawled (200) <GET https://twitter.com/i/search/timeline?l=en&f=tweets&q=ColourPop%20Super%20Shock%20Shadow&src=typed&max_position=TWEET-980537133734793217-985112465099907072> (referer: https://twitter.com/i/search/timeline?l=en&f=tweets&q=ColourPop%20Super%20Shock%20Shadow&src=typed&max_position=TWEET-982812248543498243-985112465099907072)
2018-04-14 14:57:34 [scrapy] DEBUG: Scraped from <200 https://twitter.com/i/search/timeline?l=en&f=tweets&q=ColourPop%20Super%20Shock%20Shadow&src=typed&max_position=TWEET-980537133734793217-985112465099907072>
None
2018-04-14 14:57:35 [scrapy] DEBUG: Scraped from <200 https://twitter.com/i/search/timeline?l=en&f=tweets&q=ColourPop%20Super%20Shock%20Shadow&src=typed&max_position=TWEET-980537133734793217-985112465099907072>
None
2018-04-14 14:57:35 [scrapy] DEBUG: Scraped from <200 https://twitter.com/i/search/timeline?l=en&f=tweets&q=ColourPop%20Super%20Shock%20Shadow&src=typed&max_position=TWEET-980537133734793217-985112465099907072>
None
2018-04-14 14:57:35 [scrapy] DEBUG: Scraped from <200 https://twitter.com/i/search/timeline?l=en&f=tweets&q=ColourPop%20Super%20Shock%20Shadow&src=typed&max_position=TWEET-980537133734793217-985112465099907072>
None
2018-04-14 14:57:35 [scrapy] DEBUG: Scraped from <200 https://twitter.com/i/search/timeline?l=en&f=tweets&q=ColourPop%20Super%20Shock%20Shadow&src=typed&max_position=TWEET-980537133734793217-985112465099907072>
None
2018-04-14 14:57:35 [scrapy] DEBUG: Scraped from <200 https://twitter.com/i/search/timeline?l=en&f=tweets&q=ColourPop%20Super%20Shock%20Shadow&src=typed&max_position=TWEET-980537133734793217-985112465099907072>
None
2018-04-14 14:57:35 [scrapy] DEBUG: Scraped from <200 https://twitter.com/i/search/timeline?l=en&f=tweets&q=ColourPop%20Super%20Shock%20Shadow&src=typed&max_position=TWEET-980537133734793217-985112465099907072>
None
2018-04-14 14:57:35 [scrapy] DEBUG: Scraped from <200 https://twitter.com/i/search/timeline?l=en&f=tweets&q=ColourPop%20Super%20Shock%20Shadow&src=typed&max_position=TWEET-980537133734793217-985112465099907072>
None
2018-04-14 14:57:35 [scrapy] DEBUG: Scraped from <200 https://twitter.com/i/search/timeline?l=en&f=tweets&q=ColourPop%20Super%20Shock%20Shadow&src=typed&max_position=TWEET-980537133734793217-985112465099907072>
None
2018-04-14 14:57:35 [scrapy] DEBUG: Scraped from <200 https://twitter.com/i/search/timeline?l=en&f=tweets&q=ColourPop%20Super%20Shock%20Shadow&src=typed&max_position=TWEET-980537133734793217-985112465099907072>
None
2018-04-14 14:57:35 [scrapy] DEBUG: Scraped from <200 https://twitter.com/i/search/timeline?l=en&f=tweets&q=ColourPop%20Super%20Shock%20Shadow&src=typed&max_position=TWEET-980537133734793217-985112465099907072>
None
2018-04-14 14:57:35 [scrapy] DEBUG: Scraped from <200 https://twitter.com/i/search/timeline?l=en&f=tweets&q=ColourPop%20Super%20Shock%20Shadow&src=typed&max_position=TWEET-980537133734793217-985112465099907072>
None
2018-04-14 14:57:35 [scrapy] DEBUG: Scraped from <200 https://twitter.com/i/search/timeline?l=en&f=tweets&q=ColourPop%20Super%20Shock%20Shadow&src=typed&max_position=TWEET-980537133734793217-985112465099907072>
None
2018-04-14 14:57:35 [scrapy] DEBUG: Scraped from <200 https://twitter.com/i/search/timeline?l=en&f=tweets&q=ColourPop%20Super%20Shock%20Shadow&src=typed&max_position=TWEET-980537133734793217-985112465099907072>
None
2018-04-14 14:57:35 [scrapy] DEBUG: Scraped from <200 https://twitter.com/i/search/timeline?l=en&f=tweets&q=ColourPop%20Super%20Shock%20Shadow&src=typed&max_position=TWEET-980537133734793217-985112465099907072>
None
2018-04-14 14:57:35 [scrapy] DEBUG: Scraped from <200 https://twitter.com/i/search/timeline?l=en&f=tweets&q=ColourPop%20Super%20Shock%20Shadow&src=typed&max_position=TWEET-980537133734793217-985112465099907072>
None
2018-04-14 14:57:35 [scrapy] DEBUG: Scraped from <200 https://twitter.com/i/search/timeline?l=en&f=tweets&q=ColourPop%20Super%20Shock%20Shadow&src=typed&max_position=TWEET-980537133734793217-985112465099907072>
None
2018-04-14 14:57:35 [scrapy] DEBUG: Scraped from <200 https://twitter.com/i/search/timeline?l=en&f=tweets&q=ColourPop%20Super%20Shock%20Shadow&src=typed&max_position=TWEET-980537133734793217-985112465099907072>
None
2018-04-14 14:57:36 [scrapy] DEBUG: Crawled (200) <GET https://twitter.com/i/search/timeline?l=en&f=tweets&q=ColourPop%20Super%20Shock%20Shadow&src=typed&max_position=TWEET-978891633482698753-985112465099907072> (referer: https://twitter.com/i/search/timeline?l=en&f=tweets&q=ColourPop%20Super%20Shock%20Shadow&src=typed&max_position=TWEET-980537133734793217-985112465099907072)
2018-04-14 14:57:36 [scrapy] DEBUG: Scraped from <200 https://twitter.com/i/search/timeline?l=en&f=tweets&q=ColourPop%20Super%20Shock%20Shadow&src=typed&max_position=TWEET-978891633482698753-985112465099907072>
None
2018-04-14 14:57:36 [scrapy] DEBUG: Scraped from <200 https://twitter.com/i/search/timeline?l=en&f=tweets&q=ColourPop%20Super%20Shock%20Shadow&src=typed&max_position=TWEET-978891633482698753-985112465099907072>
None
2018-04-14 14:57:36 [scrapy] DEBUG: Scraped from <200 https://twitter.com/i/search/timeline?l=en&f=tweets&q=ColourPop%20Super%20Shock%20Shadow&src=typed&max_position=TWEET-978891633482698753-985112465099907072>
None
2018-04-14 14:57:36 [scrapy] DEBUG: Scraped from <200 https://twitter.com/i/search/timeline?l=en&f=tweets&q=ColourPop%20Super%20Shock%20Shadow&src=typed&max_position=TWEET-978891633482698753-985112465099907072>
None
2018-04-14 14:57:36 [scrapy] DEBUG: Scraped from <200 https://twitter.com/i/search/timeline?l=en&f=tweets&q=ColourPop%20Super%20Shock%20Shadow&src=typed&max_position=TWEET-978891633482698753-985112465099907072>
None
2018-04-14 14:57:36 [scrapy] DEBUG: Scraped from <200 https://twitter.com/i/search/timeline?l=en&f=tweets&q=ColourPop%20Super%20Shock%20Shadow&src=typed&max_position=TWEET-978891633482698753-985112465099907072>
None
2018-04-14 14:57:36 [scrapy] DEBUG: Scraped from <200 https://twitter.com/i/search/timeline?l=en&f=tweets&q=ColourPop%20Super%20Shock%20Shadow&src=typed&max_position=TWEET-978891633482698753-985112465099907072>
None
2018-04-14 14:57:37 [scrapy] DEBUG: Scraped from <200 https://twitter.com/i/search/timeline?l=en&f=tweets&q=ColourPop%20Super%20Shock%20Shadow&src=typed&max_position=TWEET-978891633482698753-985112465099907072>
None
2018-04-14 14:57:37 [scrapy] DEBUG: Scraped from <200 https://twitter.com/i/search/timeline?l=en&f=tweets&q=ColourPop%20Super%20Shock%20Shadow&src=typed&max_position=TWEET-978891633482698753-985112465099907072>
None
2018-04-14 14:57:37 [scrapy] DEBUG: Scraped from <200 https://twitter.com/i/search/timeline?l=en&f=tweets&q=ColourPop%20Super%20Shock%20Shadow&src=typed&max_position=TWEET-978891633482698753-985112465099907072>
None
2018-04-14 14:57:37 [scrapy] DEBUG: Scraped from <200 https://twitter.com/i/search/timeline?l=en&f=tweets&q=ColourPop%20Super%20Shock%20Shadow&src=typed&max_position=TWEET-978891633482698753-985112465099907072>
None
2018-04-14 14:57:37 [scrapy] DEBUG: Scraped from <200 https://twitter.com/i/search/timeline?l=en&f=tweets&q=ColourPop%20Super%20Shock%20Shadow&src=typed&max_position=TWEET-978891633482698753-985112465099907072>
None
2018-04-14 14:57:37 [scrapy] DEBUG: Scraped from <200 https://twitter.com/i/search/timeline?l=en&f=tweets&q=ColourPop%20Super%20Shock%20Shadow&src=typed&max_position=TWEET-978891633482698753-985112465099907072>
None
2018-04-14 14:57:37 [scrapy] DEBUG: Scraped from <200 https://twitter.com/i/search/timeline?l=en&f=tweets&q=ColourPop%20Super%20Shock%20Shadow&src=typed&max_position=TWEET-978891633482698753-985112465099907072>
None
2018-04-14 14:57:37 [scrapy] DEBUG: Scraped from <200 https://twitter.com/i/search/timeline?l=en&f=tweets&q=ColourPop%20Super%20Shock%20Shadow&src=typed&max_position=TWEET-978891633482698753-985112465099907072>
None
2018-04-14 14:57:37 [scrapy] DEBUG: Scraped from <200 https://twitter.com/i/search/timeline?l=en&f=tweets&q=ColourPop%20Super%20Shock%20Shadow&src=typed&max_position=TWEET-978891633482698753-985112465099907072>
None
2018-04-14 14:57:37 [scrapy] DEBUG: Scraped from <200 https://twitter.com/i/search/timeline?l=en&f=tweets&q=ColourPop%20Super%20Shock%20Shadow&src=typed&max_position=TWEET-978891633482698753-985112465099907072>
None
2018-04-14 14:57:37 [scrapy] DEBUG: Scraped from <200 https://twitter.com/i/search/timeline?l=en&f=tweets&q=ColourPop%20Super%20Shock%20Shadow&src=typed&max_position=TWEET-978891633482698753-985112465099907072>
None
2018-04-14 14:57:37 [scrapy] DEBUG: Scraped from <200 https://twitter.com/i/search/timeline?l=en&f=tweets&q=ColourPop%20Super%20Shock%20Shadow&src=typed&max_position=TWEET-978891633482698753-985112465099907072>
None
2018-04-14 14:57:37 [scrapy] DEBUG: Scraped from <200 https://twitter.com/i/search/timeline?l=en&f=tweets&q=ColourPop%20Super%20Shock%20Shadow&src=typed&max_position=TWEET-978891633482698753-985112465099907072>
None
2018-04-14 14:57:38 [scrapy] DEBUG: Crawled (200) <GET https://twitter.com/i/search/timeline?l=en&f=tweets&q=ColourPop%20Super%20Shock%20Shadow&src=typed&max_position=TWEET-978379133792251905-985112465099907072> (referer: https://twitter.com/i/search/timeline?l=en&f=tweets&q=ColourPop%20Super%20Shock%20Shadow&src=typed&max_position=TWEET-978891633482698753-985112465099907072)
2018-04-14 14:57:38 [scrapy] DEBUG: Scraped from <200 https://twitter.com/i/search/timeline?l=en&f=tweets&q=ColourPop%20Super%20Shock%20Shadow&src=typed&max_position=TWEET-978379133792251905-985112465099907072>
None
2018-04-14 14:57:38 [scrapy] DEBUG: Scraped from <200 https://twitter.com/i/search/timeline?l=en&f=tweets&q=ColourPop%20Super%20Shock%20Shadow&src=typed&max_position=TWEET-978379133792251905-985112465099907072>
None
2018-04-14 14:57:38 [scrapy] DEBUG: Scraped from <200 https://twitter.com/i/search/timeline?l=en&f=tweets&q=ColourPop%20Super%20Shock%20Shadow&src=typed&max_position=TWEET-978379133792251905-985112465099907072>
None
2018-04-14 14:57:38 [scrapy] DEBUG: Scraped from <200 https://twitter.com/i/search/timeline?l=en&f=tweets&q=ColourPop%20Super%20Shock%20Shadow&src=typed&max_position=TWEET-978379133792251905-985112465099907072>
None
2018-04-14 14:57:38 [scrapy] DEBUG: Scraped from <200 https://twitter.com/i/search/timeline?l=en&f=tweets&q=ColourPop%20Super%20Shock%20Shadow&src=typed&max_position=TWEET-978379133792251905-985112465099907072>
None
2018-04-14 14:57:38 [scrapy] DEBUG: Scraped from <200 https://twitter.com/i/search/timeline?l=en&f=tweets&q=ColourPop%20Super%20Shock%20Shadow&src=typed&max_position=TWEET-978379133792251905-985112465099907072>
None
2018-04-14 14:57:38 [scrapy] DEBUG: Scraped from <200 https://twitter.com/i/search/timeline?l=en&f=tweets&q=ColourPop%20Super%20Shock%20Shadow&src=typed&max_position=TWEET-978379133792251905-985112465099907072>
None
2018-04-14 14:57:38 [scrapy] DEBUG: Scraped from <200 https://twitter.com/i/search/timeline?l=en&f=tweets&q=ColourPop%20Super%20Shock%20Shadow&src=typed&max_position=TWEET-978379133792251905-985112465099907072>
None
2018-04-14 14:57:38 [scrapy] DEBUG: Scraped from <200 https://twitter.com/i/search/timeline?l=en&f=tweets&q=ColourPop%20Super%20Shock%20Shadow&src=typed&max_position=TWEET-978379133792251905-985112465099907072>
None
2018-04-14 14:57:38 [scrapy] DEBUG: Scraped from <200 https://twitter.com/i/search/timeline?l=en&f=tweets&q=ColourPop%20Super%20Shock%20Shadow&src=typed&max_position=TWEET-978379133792251905-985112465099907072>
None
2018-04-14 14:57:38 [scrapy] DEBUG: Scraped from <200 https://twitter.com/i/search/timeline?l=en&f=tweets&q=ColourPop%20Super%20Shock%20Shadow&src=typed&max_position=TWEET-978379133792251905-985112465099907072>
None
2018-04-14 14:57:39 [scrapy] DEBUG: Crawled (200) <GET https://twitter.com/i/search/timeline?l=en&f=tweets&q=ColourPop%20Super%20Shock%20Shadow&src=typed&max_position=TWEET-977216378947100672-985112465099907072> (referer: https://twitter.com/i/search/timeline?l=en&f=tweets&q=ColourPop%20Super%20Shock%20Shadow&src=typed&max_position=TWEET-978379133792251905-985112465099907072)
2018-04-14 14:57:39 [scrapy] DEBUG: Scraped from <200 https://twitter.com/i/search/timeline?l=en&f=tweets&q=ColourPop%20Super%20Shock%20Shadow&src=typed&max_position=TWEET-977216378947100672-985112465099907072>
None
2018-04-14 14:57:39 [scrapy] DEBUG: Scraped from <200 https://twitter.com/i/search/timeline?l=en&f=tweets&q=ColourPop%20Super%20Shock%20Shadow&src=typed&max_position=TWEET-977216378947100672-985112465099907072>
None
2018-04-14 14:57:39 [scrapy] DEBUG: Scraped from <200 https://twitter.com/i/search/timeline?l=en&f=tweets&q=ColourPop%20Super%20Shock%20Shadow&src=typed&max_position=TWEET-977216378947100672-985112465099907072>
None
2018-04-14 14:57:39 [scrapy] DEBUG: Scraped from <200 https://twitter.com/i/search/timeline?l=en&f=tweets&q=ColourPop%20Super%20Shock%20Shadow&src=typed&max_position=TWEET-977216378947100672-985112465099907072>
None
2018-04-14 14:57:39 [scrapy] DEBUG: Scraped from <200 https://twitter.com/i/search/timeline?l=en&f=tweets&q=ColourPop%20Super%20Shock%20Shadow&src=typed&max_position=TWEET-977216378947100672-985112465099907072>
None
2018-04-14 14:57:39 [scrapy] DEBUG: Scraped from <200 https://twitter.com/i/search/timeline?l=en&f=tweets&q=ColourPop%20Super%20Shock%20Shadow&src=typed&max_position=TWEET-977216378947100672-985112465099907072>
None
2018-04-14 14:57:39 [scrapy] DEBUG: Scraped from <200 https://twitter.com/i/search/timeline?l=en&f=tweets&q=ColourPop%20Super%20Shock%20Shadow&src=typed&max_position=TWEET-977216378947100672-985112465099907072>
None
2018-04-14 14:57:39 [scrapy] DEBUG: Scraped from <200 https://twitter.com/i/search/timeline?l=en&f=tweets&q=ColourPop%20Super%20Shock%20Shadow&src=typed&max_position=TWEET-977216378947100672-985112465099907072>
None
2018-04-14 14:57:40 [scrapy] DEBUG: Scraped from <200 https://twitter.com/i/search/timeline?l=en&f=tweets&q=ColourPop%20Super%20Shock%20Shadow&src=typed&max_position=TWEET-977216378947100672-985112465099907072>
None
2018-04-14 14:57:40 [scrapy] DEBUG: Scraped from <200 https://twitter.com/i/search/timeline?l=en&f=tweets&q=ColourPop%20Super%20Shock%20Shadow&src=typed&max_position=TWEET-977216378947100672-985112465099907072>
None
2018-04-14 14:57:40 [scrapy] DEBUG: Scraped from <200 https://twitter.com/i/search/timeline?l=en&f=tweets&q=ColourPop%20Super%20Shock%20Shadow&src=typed&max_position=TWEET-977216378947100672-985112465099907072>
None
2018-04-14 14:57:40 [scrapy] DEBUG: Scraped from <200 https://twitter.com/i/search/timeline?l=en&f=tweets&q=ColourPop%20Super%20Shock%20Shadow&src=typed&max_position=TWEET-977216378947100672-985112465099907072>
None
2018-04-14 14:57:40 [scrapy] DEBUG: Scraped from <200 https://twitter.com/i/search/timeline?l=en&f=tweets&q=ColourPop%20Super%20Shock%20Shadow&src=typed&max_position=TWEET-977216378947100672-985112465099907072>
None
2018-04-14 14:57:40 [scrapy] DEBUG: Scraped from <200 https://twitter.com/i/search/timeline?l=en&f=tweets&q=ColourPop%20Super%20Shock%20Shadow&src=typed&max_position=TWEET-977216378947100672-985112465099907072>
None
2018-04-14 14:57:40 [scrapy] DEBUG: Scraped from <200 https://twitter.com/i/search/timeline?l=en&f=tweets&q=ColourPop%20Super%20Shock%20Shadow&src=typed&max_position=TWEET-977216378947100672-985112465099907072>
None
2018-04-14 14:57:40 [scrapy] DEBUG: Scraped from <200 https://twitter.com/i/search/timeline?l=en&f=tweets&q=ColourPop%20Super%20Shock%20Shadow&src=typed&max_position=TWEET-977216378947100672-985112465099907072>
None
2018-04-14 14:57:40 [scrapy] DEBUG: Scraped from <200 https://twitter.com/i/search/timeline?l=en&f=tweets&q=ColourPop%20Super%20Shock%20Shadow&src=typed&max_position=TWEET-977216378947100672-985112465099907072>
None
2018-04-14 14:57:40 [scrapy] DEBUG: Scraped from <200 https://twitter.com/i/search/timeline?l=en&f=tweets&q=ColourPop%20Super%20Shock%20Shadow&src=typed&max_position=TWEET-977216378947100672-985112465099907072>
None
2018-04-14 14:57:40 [scrapy] DEBUG: Scraped from <200 https://twitter.com/i/search/timeline?l=en&f=tweets&q=ColourPop%20Super%20Shock%20Shadow&src=typed&max_position=TWEET-977216378947100672-985112465099907072>
None
2018-04-14 14:57:40 [scrapy] DEBUG: Scraped from <200 https://twitter.com/i/search/timeline?l=en&f=tweets&q=ColourPop%20Super%20Shock%20Shadow&src=typed&max_position=TWEET-977216378947100672-985112465099907072>
None
2018-04-14 14:57:41 [scrapy] DEBUG: Crawled (200) <GET https://twitter.com/i/search/timeline?l=en&f=tweets&q=ColourPop%20Super%20Shock%20Shadow&src=typed&max_position=TWEET-976542455117033474-985112465099907072> (referer: https://twitter.com/i/search/timeline?l=en&f=tweets&q=ColourPop%20Super%20Shock%20Shadow&src=typed&max_position=TWEET-977216378947100672-985112465099907072)
2018-04-14 14:57:41 [scrapy] DEBUG: Scraped from <200 https://twitter.com/i/search/timeline?l=en&f=tweets&q=ColourPop%20Super%20Shock%20Shadow&src=typed&max_position=TWEET-976542455117033474-985112465099907072>
None
2018-04-14 14:57:41 [scrapy] DEBUG: Scraped from <200 https://twitter.com/i/search/timeline?l=en&f=tweets&q=ColourPop%20Super%20Shock%20Shadow&src=typed&max_position=TWEET-976542455117033474-985112465099907072>
None
2018-04-14 14:57:41 [scrapy] DEBUG: Scraped from <200 https://twitter.com/i/search/timeline?l=en&f=tweets&q=ColourPop%20Super%20Shock%20Shadow&src=typed&max_position=TWEET-976542455117033474-985112465099907072>
None
2018-04-14 14:57:41 [scrapy] DEBUG: Scraped from <200 https://twitter.com/i/search/timeline?l=en&f=tweets&q=ColourPop%20Super%20Shock%20Shadow&src=typed&max_position=TWEET-976542455117033474-985112465099907072>
None
2018-04-14 14:57:41 [scrapy] DEBUG: Scraped from <200 https://twitter.com/i/search/timeline?l=en&f=tweets&q=ColourPop%20Super%20Shock%20Shadow&src=typed&max_position=TWEET-976542455117033474-985112465099907072>
None
2018-04-14 14:57:41 [scrapy] DEBUG: Scraped from <200 https://twitter.com/i/search/timeline?l=en&f=tweets&q=ColourPop%20Super%20Shock%20Shadow&src=typed&max_position=TWEET-976542455117033474-985112465099907072>
None
2018-04-14 14:57:42 [scrapy] DEBUG: Scraped from <200 https://twitter.com/i/search/timeline?l=en&f=tweets&q=ColourPop%20Super%20Shock%20Shadow&src=typed&max_position=TWEET-976542455117033474-985112465099907072>
None
2018-04-14 14:57:42 [scrapy] DEBUG: Scraped from <200 https://twitter.com/i/search/timeline?l=en&f=tweets&q=ColourPop%20Super%20Shock%20Shadow&src=typed&max_position=TWEET-976542455117033474-985112465099907072>
None
2018-04-14 14:57:42 [scrapy] DEBUG: Scraped from <200 https://twitter.com/i/search/timeline?l=en&f=tweets&q=ColourPop%20Super%20Shock%20Shadow&src=typed&max_position=TWEET-976542455117033474-985112465099907072>
None
2018-04-14 14:57:42 [scrapy] DEBUG: Scraped from <200 https://twitter.com/i/search/timeline?l=en&f=tweets&q=ColourPop%20Super%20Shock%20Shadow&src=typed&max_position=TWEET-976542455117033474-985112465099907072>
None
2018-04-14 14:57:42 [scrapy] DEBUG: Scraped from <200 https://twitter.com/i/search/timeline?l=en&f=tweets&q=ColourPop%20Super%20Shock%20Shadow&src=typed&max_position=TWEET-976542455117033474-985112465099907072>
None
2018-04-14 14:57:42 [scrapy] DEBUG: Scraped from <200 https://twitter.com/i/search/timeline?l=en&f=tweets&q=ColourPop%20Super%20Shock%20Shadow&src=typed&max_position=TWEET-976542455117033474-985112465099907072>
None
2018-04-14 14:57:42 [scrapy] DEBUG: Scraped from <200 https://twitter.com/i/search/timeline?l=en&f=tweets&q=ColourPop%20Super%20Shock%20Shadow&src=typed&max_position=TWEET-976542455117033474-985112465099907072>
None
2018-04-14 14:57:43 [scrapy] DEBUG: Crawled (200) <GET https://twitter.com/i/search/timeline?l=en&f=tweets&q=ColourPop%20Super%20Shock%20Shadow&src=typed&max_position=TWEET-974985944800444416-985112465099907072> (referer: https://twitter.com/i/search/timeline?l=en&f=tweets&q=ColourPop%20Super%20Shock%20Shadow&src=typed&max_position=TWEET-976542455117033474-985112465099907072)
2018-04-14 14:57:43 [scrapy] DEBUG: Scraped from <200 https://twitter.com/i/search/timeline?l=en&f=tweets&q=ColourPop%20Super%20Shock%20Shadow&src=typed&max_position=TWEET-974985944800444416-985112465099907072>
None
2018-04-14 14:57:43 [scrapy] DEBUG: Scraped from <200 https://twitter.com/i/search/timeline?l=en&f=tweets&q=ColourPop%20Super%20Shock%20Shadow&src=typed&max_position=TWEET-974985944800444416-985112465099907072>
None
2018-04-14 14:57:43 [scrapy] DEBUG: Scraped from <200 https://twitter.com/i/search/timeline?l=en&f=tweets&q=ColourPop%20Super%20Shock%20Shadow&src=typed&max_position=TWEET-974985944800444416-985112465099907072>
None
2018-04-14 14:57:43 [scrapy] DEBUG: Scraped from <200 https://twitter.com/i/search/timeline?l=en&f=tweets&q=ColourPop%20Super%20Shock%20Shadow&src=typed&max_position=TWEET-974985944800444416-985112465099907072>
None
2018-04-14 14:57:43 [scrapy] DEBUG: Scraped from <200 https://twitter.com/i/search/timeline?l=en&f=tweets&q=ColourPop%20Super%20Shock%20Shadow&src=typed&max_position=TWEET-974985944800444416-985112465099907072>
None
2018-04-14 14:57:43 [scrapy] DEBUG: Scraped from <200 https://twitter.com/i/search/timeline?l=en&f=tweets&q=ColourPop%20Super%20Shock%20Shadow&src=typed&max_position=TWEET-974985944800444416-985112465099907072>
None
2018-04-14 14:57:43 [scrapy] DEBUG: Scraped from <200 https://twitter.com/i/search/timeline?l=en&f=tweets&q=ColourPop%20Super%20Shock%20Shadow&src=typed&max_position=TWEET-974985944800444416-985112465099907072>
None
2018-04-14 14:57:43 [scrapy] DEBUG: Scraped from <200 https://twitter.com/i/search/timeline?l=en&f=tweets&q=ColourPop%20Super%20Shock%20Shadow&src=typed&max_position=TWEET-974985944800444416-985112465099907072>
None
2018-04-14 14:57:43 [scrapy] DEBUG: Scraped from <200 https://twitter.com/i/search/timeline?l=en&f=tweets&q=ColourPop%20Super%20Shock%20Shadow&src=typed&max_position=TWEET-974985944800444416-985112465099907072>
None
2018-04-14 14:57:43 [scrapy] DEBUG: Scraped from <200 https://twitter.com/i/search/timeline?l=en&f=tweets&q=ColourPop%20Super%20Shock%20Shadow&src=typed&max_position=TWEET-974985944800444416-985112465099907072>
None
2018-04-14 14:57:43 [scrapy] DEBUG: Scraped from <200 https://twitter.com/i/search/timeline?l=en&f=tweets&q=ColourPop%20Super%20Shock%20Shadow&src=typed&max_position=TWEET-974985944800444416-985112465099907072>
None
2018-04-14 14:57:43 [scrapy] DEBUG: Scraped from <200 https://twitter.com/i/search/timeline?l=en&f=tweets&q=ColourPop%20Super%20Shock%20Shadow&src=typed&max_position=TWEET-974985944800444416-985112465099907072>
None
2018-04-14 14:57:43 [scrapy] DEBUG: Scraped from <200 https://twitter.com/i/search/timeline?l=en&f=tweets&q=ColourPop%20Super%20Shock%20Shadow&src=typed&max_position=TWEET-974985944800444416-985112465099907072>
None
2018-04-14 14:57:43 [scrapy] DEBUG: Scraped from <200 https://twitter.com/i/search/timeline?l=en&f=tweets&q=ColourPop%20Super%20Shock%20Shadow&src=typed&max_position=TWEET-974985944800444416-985112465099907072>
None
2018-04-14 14:57:43 [scrapy] DEBUG: Scraped from <200 https://twitter.com/i/search/timeline?l=en&f=tweets&q=ColourPop%20Super%20Shock%20Shadow&src=typed&max_position=TWEET-974985944800444416-985112465099907072>
None
2018-04-14 14:57:43 [scrapy] DEBUG: Scraped from <200 https://twitter.com/i/search/timeline?l=en&f=tweets&q=ColourPop%20Super%20Shock%20Shadow&src=typed&max_position=TWEET-974985944800444416-985112465099907072>
None
2018-04-14 14:57:44 [scrapy] DEBUG: Scraped from <200 https://twitter.com/i/search/timeline?l=en&f=tweets&q=ColourPop%20Super%20Shock%20Shadow&src=typed&max_position=TWEET-974985944800444416-985112465099907072>
None
2018-04-14 14:57:44 [scrapy] DEBUG: Scraped from <200 https://twitter.com/i/search/timeline?l=en&f=tweets&q=ColourPop%20Super%20Shock%20Shadow&src=typed&max_position=TWEET-974985944800444416-985112465099907072>
None
2018-04-14 14:57:44 [scrapy] DEBUG: Crawled (200) <GET https://twitter.com/i/search/timeline?l=en&f=tweets&q=ColourPop%20Super%20Shock%20Shadow&src=typed&max_position=TWEET-973393290618863616-985112465099907072> (referer: https://twitter.com/i/search/timeline?l=en&f=tweets&q=ColourPop%20Super%20Shock%20Shadow&src=typed&max_position=TWEET-974985944800444416-985112465099907072)
2018-04-14 14:57:44 [scrapy] DEBUG: Scraped from <200 https://twitter.com/i/search/timeline?l=en&f=tweets&q=ColourPop%20Super%20Shock%20Shadow&src=typed&max_position=TWEET-973393290618863616-985112465099907072>
None
2018-04-14 14:57:45 [scrapy] DEBUG: Scraped from <200 https://twitter.com/i/search/timeline?l=en&f=tweets&q=ColourPop%20Super%20Shock%20Shadow&src=typed&max_position=TWEET-973393290618863616-985112465099907072>
None
2018-04-14 14:57:45 [scrapy] DEBUG: Scraped from <200 https://twitter.com/i/search/timeline?l=en&f=tweets&q=ColourPop%20Super%20Shock%20Shadow&src=typed&max_position=TWEET-973393290618863616-985112465099907072>
None
2018-04-14 14:57:45 [scrapy] DEBUG: Scraped from <200 https://twitter.com/i/search/timeline?l=en&f=tweets&q=ColourPop%20Super%20Shock%20Shadow&src=typed&max_position=TWEET-973393290618863616-985112465099907072>
None
2018-04-14 14:57:45 [scrapy] DEBUG: Scraped from <200 https://twitter.com/i/search/timeline?l=en&f=tweets&q=ColourPop%20Super%20Shock%20Shadow&src=typed&max_position=TWEET-973393290618863616-985112465099907072>
None
2018-04-14 14:57:45 [scrapy] DEBUG: Scraped from <200 https://twitter.com/i/search/timeline?l=en&f=tweets&q=ColourPop%20Super%20Shock%20Shadow&src=typed&max_position=TWEET-973393290618863616-985112465099907072>
None
2018-04-14 14:57:45 [scrapy] DEBUG: Scraped from <200 https://twitter.com/i/search/timeline?l=en&f=tweets&q=ColourPop%20Super%20Shock%20Shadow&src=typed&max_position=TWEET-973393290618863616-985112465099907072>
None
2018-04-14 14:57:45 [scrapy] DEBUG: Scraped from <200 https://twitter.com/i/search/timeline?l=en&f=tweets&q=ColourPop%20Super%20Shock%20Shadow&src=typed&max_position=TWEET-973393290618863616-985112465099907072>
None
2018-04-14 14:57:45 [scrapy] DEBUG: Scraped from <200 https://twitter.com/i/search/timeline?l=en&f=tweets&q=ColourPop%20Super%20Shock%20Shadow&src=typed&max_position=TWEET-973393290618863616-985112465099907072>
None
2018-04-14 14:57:45 [scrapy] DEBUG: Scraped from <200 https://twitter.com/i/search/timeline?l=en&f=tweets&q=ColourPop%20Super%20Shock%20Shadow&src=typed&max_position=TWEET-973393290618863616-985112465099907072>
None
2018-04-14 14:57:45 [scrapy] DEBUG: Scraped from <200 https://twitter.com/i/search/timeline?l=en&f=tweets&q=ColourPop%20Super%20Shock%20Shadow&src=typed&max_position=TWEET-973393290618863616-985112465099907072>
None
2018-04-14 14:57:45 [scrapy] DEBUG: Scraped from <200 https://twitter.com/i/search/timeline?l=en&f=tweets&q=ColourPop%20Super%20Shock%20Shadow&src=typed&max_position=TWEET-973393290618863616-985112465099907072>
None
2018-04-14 14:57:45 [scrapy] DEBUG: Scraped from <200 https://twitter.com/i/search/timeline?l=en&f=tweets&q=ColourPop%20Super%20Shock%20Shadow&src=typed&max_position=TWEET-973393290618863616-985112465099907072>
None
2018-04-14 14:57:45 [scrapy] DEBUG: Scraped from <200 https://twitter.com/i/search/timeline?l=en&f=tweets&q=ColourPop%20Super%20Shock%20Shadow&src=typed&max_position=TWEET-973393290618863616-985112465099907072>
None
2018-04-14 14:57:45 [scrapy] DEBUG: Scraped from <200 https://twitter.com/i/search/timeline?l=en&f=tweets&q=ColourPop%20Super%20Shock%20Shadow&src=typed&max_position=TWEET-973393290618863616-985112465099907072>
None
2018-04-14 14:57:46 [scrapy] DEBUG: Crawled (200) <GET https://twitter.com/i/search/timeline?l=en&f=tweets&q=ColourPop%20Super%20Shock%20Shadow&src=typed&max_position=TWEET-971234011065540613-985112465099907072> (referer: https://twitter.com/i/search/timeline?l=en&f=tweets&q=ColourPop%20Super%20Shock%20Shadow&src=typed&max_position=TWEET-973393290618863616-985112465099907072)
2018-04-14 14:57:46 [scrapy] DEBUG: Scraped from <200 https://twitter.com/i/search/timeline?l=en&f=tweets&q=ColourPop%20Super%20Shock%20Shadow&src=typed&max_position=TWEET-971234011065540613-985112465099907072>
None
2018-04-14 14:57:46 [scrapy] DEBUG: Scraped from <200 https://twitter.com/i/search/timeline?l=en&f=tweets&q=ColourPop%20Super%20Shock%20Shadow&src=typed&max_position=TWEET-971234011065540613-985112465099907072>
None
2018-04-14 14:57:46 [scrapy] DEBUG: Scraped from <200 https://twitter.com/i/search/timeline?l=en&f=tweets&q=ColourPop%20Super%20Shock%20Shadow&src=typed&max_position=TWEET-971234011065540613-985112465099907072>
None
2018-04-14 14:57:46 [scrapy] DEBUG: Scraped from <200 https://twitter.com/i/search/timeline?l=en&f=tweets&q=ColourPop%20Super%20Shock%20Shadow&src=typed&max_position=TWEET-971234011065540613-985112465099907072>
None
2018-04-14 14:57:46 [scrapy] DEBUG: Scraped from <200 https://twitter.com/i/search/timeline?l=en&f=tweets&q=ColourPop%20Super%20Shock%20Shadow&src=typed&max_position=TWEET-971234011065540613-985112465099907072>
None
2018-04-14 14:57:46 [scrapy] DEBUG: Scraped from <200 https://twitter.com/i/search/timeline?l=en&f=tweets&q=ColourPop%20Super%20Shock%20Shadow&src=typed&max_position=TWEET-971234011065540613-985112465099907072>
None
2018-04-14 14:57:46 [scrapy] DEBUG: Scraped from <200 https://twitter.com/i/search/timeline?l=en&f=tweets&q=ColourPop%20Super%20Shock%20Shadow&src=typed&max_position=TWEET-971234011065540613-985112465099907072>
None
2018-04-14 14:57:46 [scrapy] DEBUG: Scraped from <200 https://twitter.com/i/search/timeline?l=en&f=tweets&q=ColourPop%20Super%20Shock%20Shadow&src=typed&max_position=TWEET-971234011065540613-985112465099907072>
None
2018-04-14 14:57:46 [scrapy] DEBUG: Scraped from <200 https://twitter.com/i/search/timeline?l=en&f=tweets&q=ColourPop%20Super%20Shock%20Shadow&src=typed&max_position=TWEET-971234011065540613-985112465099907072>
None
2018-04-14 14:57:46 [scrapy] DEBUG: Scraped from <200 https://twitter.com/i/search/timeline?l=en&f=tweets&q=ColourPop%20Super%20Shock%20Shadow&src=typed&max_position=TWEET-971234011065540613-985112465099907072>
None
2018-04-14 14:57:46 [scrapy] DEBUG: Scraped from <200 https://twitter.com/i/search/timeline?l=en&f=tweets&q=ColourPop%20Super%20Shock%20Shadow&src=typed&max_position=TWEET-971234011065540613-985112465099907072>
None
2018-04-14 14:57:46 [scrapy] DEBUG: Scraped from <200 https://twitter.com/i/search/timeline?l=en&f=tweets&q=ColourPop%20Super%20Shock%20Shadow&src=typed&max_position=TWEET-971234011065540613-985112465099907072>
None
2018-04-14 14:57:47 [scrapy] DEBUG: Scraped from <200 https://twitter.com/i/search/timeline?l=en&f=tweets&q=ColourPop%20Super%20Shock%20Shadow&src=typed&max_position=TWEET-971234011065540613-985112465099907072>
None
2018-04-14 14:57:47 [scrapy] DEBUG: Scraped from <200 https://twitter.com/i/search/timeline?l=en&f=tweets&q=ColourPop%20Super%20Shock%20Shadow&src=typed&max_position=TWEET-971234011065540613-985112465099907072>
None
2018-04-14 14:57:47 [scrapy] DEBUG: Scraped from <200 https://twitter.com/i/search/timeline?l=en&f=tweets&q=ColourPop%20Super%20Shock%20Shadow&src=typed&max_position=TWEET-971234011065540613-985112465099907072>
None
2018-04-14 14:57:47 [scrapy] DEBUG: Scraped from <200 https://twitter.com/i/search/timeline?l=en&f=tweets&q=ColourPop%20Super%20Shock%20Shadow&src=typed&max_position=TWEET-971234011065540613-985112465099907072>
None
2018-04-14 14:57:47 [scrapy] DEBUG: Crawled (200) <GET https://twitter.com/i/search/timeline?l=en&f=tweets&q=ColourPop%20Super%20Shock%20Shadow&src=typed&max_position=TWEET-969429954520731654-985112465099907072> (referer: https://twitter.com/i/search/timeline?l=en&f=tweets&q=ColourPop%20Super%20Shock%20Shadow&src=typed&max_position=TWEET-971234011065540613-985112465099907072)
2018-04-14 14:57:47 [scrapy] DEBUG: Scraped from <200 https://twitter.com/i/search/timeline?l=en&f=tweets&q=ColourPop%20Super%20Shock%20Shadow&src=typed&max_position=TWEET-969429954520731654-985112465099907072>
None
2018-04-14 14:57:47 [scrapy] DEBUG: Scraped from <200 https://twitter.com/i/search/timeline?l=en&f=tweets&q=ColourPop%20Super%20Shock%20Shadow&src=typed&max_position=TWEET-969429954520731654-985112465099907072>
None
2018-04-14 14:57:47 [scrapy] DEBUG: Scraped from <200 https://twitter.com/i/search/timeline?l=en&f=tweets&q=ColourPop%20Super%20Shock%20Shadow&src=typed&max_position=TWEET-969429954520731654-985112465099907072>
None
2018-04-14 14:57:48 [scrapy] DEBUG: Scraped from <200 https://twitter.com/i/search/timeline?l=en&f=tweets&q=ColourPop%20Super%20Shock%20Shadow&src=typed&max_position=TWEET-969429954520731654-985112465099907072>
None
2018-04-14 14:57:48 [scrapy] DEBUG: Scraped from <200 https://twitter.com/i/search/timeline?l=en&f=tweets&q=ColourPop%20Super%20Shock%20Shadow&src=typed&max_position=TWEET-969429954520731654-985112465099907072>
None
2018-04-14 14:57:48 [scrapy] DEBUG: Scraped from <200 https://twitter.com/i/search/timeline?l=en&f=tweets&q=ColourPop%20Super%20Shock%20Shadow&src=typed&max_position=TWEET-969429954520731654-985112465099907072>
None
2018-04-14 14:57:48 [scrapy] DEBUG: Scraped from <200 https://twitter.com/i/search/timeline?l=en&f=tweets&q=ColourPop%20Super%20Shock%20Shadow&src=typed&max_position=TWEET-969429954520731654-985112465099907072>
None
2018-04-14 14:57:48 [scrapy] DEBUG: Scraped from <200 https://twitter.com/i/search/timeline?l=en&f=tweets&q=ColourPop%20Super%20Shock%20Shadow&src=typed&max_position=TWEET-969429954520731654-985112465099907072>
None
2018-04-14 14:57:48 [scrapy] DEBUG: Scraped from <200 https://twitter.com/i/search/timeline?l=en&f=tweets&q=ColourPop%20Super%20Shock%20Shadow&src=typed&max_position=TWEET-969429954520731654-985112465099907072>
None
2018-04-14 14:57:48 [scrapy] DEBUG: Scraped from <200 https://twitter.com/i/search/timeline?l=en&f=tweets&q=ColourPop%20Super%20Shock%20Shadow&src=typed&max_position=TWEET-969429954520731654-985112465099907072>
None
2018-04-14 14:57:48 [scrapy] DEBUG: Scraped from <200 https://twitter.com/i/search/timeline?l=en&f=tweets&q=ColourPop%20Super%20Shock%20Shadow&src=typed&max_position=TWEET-969429954520731654-985112465099907072>
None
2018-04-14 14:57:48 [scrapy] DEBUG: Scraped from <200 https://twitter.com/i/search/timeline?l=en&f=tweets&q=ColourPop%20Super%20Shock%20Shadow&src=typed&max_position=TWEET-969429954520731654-985112465099907072>
None
2018-04-14 14:57:48 [scrapy] DEBUG: Scraped from <200 https://twitter.com/i/search/timeline?l=en&f=tweets&q=ColourPop%20Super%20Shock%20Shadow&src=typed&max_position=TWEET-969429954520731654-985112465099907072>
None
2018-04-14 14:57:48 [scrapy] DEBUG: Scraped from <200 https://twitter.com/i/search/timeline?l=en&f=tweets&q=ColourPop%20Super%20Shock%20Shadow&src=typed&max_position=TWEET-969429954520731654-985112465099907072>
None
2018-04-14 14:57:48 [scrapy] DEBUG: Scraped from <200 https://twitter.com/i/search/timeline?l=en&f=tweets&q=ColourPop%20Super%20Shock%20Shadow&src=typed&max_position=TWEET-969429954520731654-985112465099907072>
None
2018-04-14 14:57:48 [scrapy] DEBUG: Scraped from <200 https://twitter.com/i/search/timeline?l=en&f=tweets&q=ColourPop%20Super%20Shock%20Shadow&src=typed&max_position=TWEET-969429954520731654-985112465099907072>
None
2018-04-14 14:57:48 [scrapy] DEBUG: Scraped from <200 https://twitter.com/i/search/timeline?l=en&f=tweets&q=ColourPop%20Super%20Shock%20Shadow&src=typed&max_position=TWEET-969429954520731654-985112465099907072>
None
2018-04-14 14:57:48 [scrapy] DEBUG: Scraped from <200 https://twitter.com/i/search/timeline?l=en&f=tweets&q=ColourPop%20Super%20Shock%20Shadow&src=typed&max_position=TWEET-969429954520731654-985112465099907072>
None
2018-04-14 14:57:48 [scrapy] DEBUG: Scraped from <200 https://twitter.com/i/search/timeline?l=en&f=tweets&q=ColourPop%20Super%20Shock%20Shadow&src=typed&max_position=TWEET-969429954520731654-985112465099907072>
None
2018-04-14 14:57:49 [scrapy] DEBUG: Crawled (200) <GET https://twitter.com/i/search/timeline?l=en&f=tweets&q=ColourPop%20Super%20Shock%20Shadow&src=typed&max_position=TWEET-966755638729682944-985112465099907072> (referer: https://twitter.com/i/search/timeline?l=en&f=tweets&q=ColourPop%20Super%20Shock%20Shadow&src=typed&max_position=TWEET-969429954520731654-985112465099907072)
2018-04-14 14:57:49 [scrapy] DEBUG: Scraped from <200 https://twitter.com/i/search/timeline?l=en&f=tweets&q=ColourPop%20Super%20Shock%20Shadow&src=typed&max_position=TWEET-966755638729682944-985112465099907072>
None
2018-04-14 14:57:49 [scrapy] DEBUG: Scraped from <200 https://twitter.com/i/search/timeline?l=en&f=tweets&q=ColourPop%20Super%20Shock%20Shadow&src=typed&max_position=TWEET-966755638729682944-985112465099907072>
None
2018-04-14 14:57:49 [scrapy] DEBUG: Scraped from <200 https://twitter.com/i/search/timeline?l=en&f=tweets&q=ColourPop%20Super%20Shock%20Shadow&src=typed&max_position=TWEET-966755638729682944-985112465099907072>
None
2018-04-14 14:57:49 [scrapy] DEBUG: Scraped from <200 https://twitter.com/i/search/timeline?l=en&f=tweets&q=ColourPop%20Super%20Shock%20Shadow&src=typed&max_position=TWEET-966755638729682944-985112465099907072>
None
2018-04-14 14:57:49 [scrapy] DEBUG: Scraped from <200 https://twitter.com/i/search/timeline?l=en&f=tweets&q=ColourPop%20Super%20Shock%20Shadow&src=typed&max_position=TWEET-966755638729682944-985112465099907072>
None
2018-04-14 14:57:49 [scrapy] DEBUG: Scraped from <200 https://twitter.com/i/search/timeline?l=en&f=tweets&q=ColourPop%20Super%20Shock%20Shadow&src=typed&max_position=TWEET-966755638729682944-985112465099907072>
None
2018-04-14 14:57:49 [scrapy] DEBUG: Scraped from <200 https://twitter.com/i/search/timeline?l=en&f=tweets&q=ColourPop%20Super%20Shock%20Shadow&src=typed&max_position=TWEET-966755638729682944-985112465099907072>
None
2018-04-14 14:57:49 [scrapy] DEBUG: Scraped from <200 https://twitter.com/i/search/timeline?l=en&f=tweets&q=ColourPop%20Super%20Shock%20Shadow&src=typed&max_position=TWEET-966755638729682944-985112465099907072>
None
2018-04-14 14:57:49 [scrapy] DEBUG: Scraped from <200 https://twitter.com/i/search/timeline?l=en&f=tweets&q=ColourPop%20Super%20Shock%20Shadow&src=typed&max_position=TWEET-966755638729682944-985112465099907072>
None
2018-04-14 14:57:49 [scrapy] DEBUG: Scraped from <200 https://twitter.com/i/search/timeline?l=en&f=tweets&q=ColourPop%20Super%20Shock%20Shadow&src=typed&max_position=TWEET-966755638729682944-985112465099907072>
None
2018-04-14 14:57:49 [scrapy] DEBUG: Scraped from <200 https://twitter.com/i/search/timeline?l=en&f=tweets&q=ColourPop%20Super%20Shock%20Shadow&src=typed&max_position=TWEET-966755638729682944-985112465099907072>
None
2018-04-14 14:57:49 [scrapy] DEBUG: Scraped from <200 https://twitter.com/i/search/timeline?l=en&f=tweets&q=ColourPop%20Super%20Shock%20Shadow&src=typed&max_position=TWEET-966755638729682944-985112465099907072>
None
2018-04-14 14:57:49 [scrapy] DEBUG: Scraped from <200 https://twitter.com/i/search/timeline?l=en&f=tweets&q=ColourPop%20Super%20Shock%20Shadow&src=typed&max_position=TWEET-966755638729682944-985112465099907072>
None
2018-04-14 14:57:50 [scrapy] DEBUG: Crawled (200) <GET https://twitter.com/i/search/timeline?l=en&f=tweets&q=ColourPop%20Super%20Shock%20Shadow&src=typed&max_position=TWEET-965224405642170368-985112465099907072> (referer: https://twitter.com/i/search/timeline?l=en&f=tweets&q=ColourPop%20Super%20Shock%20Shadow&src=typed&max_position=TWEET-966755638729682944-985112465099907072)
2018-04-14 14:57:50 [scrapy] DEBUG: Scraped from <200 https://twitter.com/i/search/timeline?l=en&f=tweets&q=ColourPop%20Super%20Shock%20Shadow&src=typed&max_position=TWEET-965224405642170368-985112465099907072>
None
2018-04-14 14:57:50 [scrapy] DEBUG: Scraped from <200 https://twitter.com/i/search/timeline?l=en&f=tweets&q=ColourPop%20Super%20Shock%20Shadow&src=typed&max_position=TWEET-965224405642170368-985112465099907072>
None
2018-04-14 14:57:50 [scrapy] DEBUG: Scraped from <200 https://twitter.com/i/search/timeline?l=en&f=tweets&q=ColourPop%20Super%20Shock%20Shadow&src=typed&max_position=TWEET-965224405642170368-985112465099907072>
None
2018-04-14 14:57:50 [scrapy] DEBUG: Scraped from <200 https://twitter.com/i/search/timeline?l=en&f=tweets&q=ColourPop%20Super%20Shock%20Shadow&src=typed&max_position=TWEET-965224405642170368-985112465099907072>
None
2018-04-14 14:57:50 [scrapy] DEBUG: Scraped from <200 https://twitter.com/i/search/timeline?l=en&f=tweets&q=ColourPop%20Super%20Shock%20Shadow&src=typed&max_position=TWEET-965224405642170368-985112465099907072>
None
2018-04-14 14:57:50 [scrapy] DEBUG: Scraped from <200 https://twitter.com/i/search/timeline?l=en&f=tweets&q=ColourPop%20Super%20Shock%20Shadow&src=typed&max_position=TWEET-965224405642170368-985112465099907072>
None
2018-04-14 14:57:51 [scrapy] DEBUG: Scraped from <200 https://twitter.com/i/search/timeline?l=en&f=tweets&q=ColourPop%20Super%20Shock%20Shadow&src=typed&max_position=TWEET-965224405642170368-985112465099907072>
None
2018-04-14 14:57:51 [scrapy] DEBUG: Scraped from <200 https://twitter.com/i/search/timeline?l=en&f=tweets&q=ColourPop%20Super%20Shock%20Shadow&src=typed&max_position=TWEET-965224405642170368-985112465099907072>
None
2018-04-14 14:57:51 [scrapy] DEBUG: Scraped from <200 https://twitter.com/i/search/timeline?l=en&f=tweets&q=ColourPop%20Super%20Shock%20Shadow&src=typed&max_position=TWEET-965224405642170368-985112465099907072>
None
2018-04-14 14:57:51 [scrapy] DEBUG: Scraped from <200 https://twitter.com/i/search/timeline?l=en&f=tweets&q=ColourPop%20Super%20Shock%20Shadow&src=typed&max_position=TWEET-965224405642170368-985112465099907072>
None
2018-04-14 14:57:51 [scrapy] DEBUG: Scraped from <200 https://twitter.com/i/search/timeline?l=en&f=tweets&q=ColourPop%20Super%20Shock%20Shadow&src=typed&max_position=TWEET-965224405642170368-985112465099907072>
None
2018-04-14 14:57:51 [scrapy] DEBUG: Scraped from <200 https://twitter.com/i/search/timeline?l=en&f=tweets&q=ColourPop%20Super%20Shock%20Shadow&src=typed&max_position=TWEET-965224405642170368-985112465099907072>
None
2018-04-14 14:57:51 [scrapy] DEBUG: Scraped from <200 https://twitter.com/i/search/timeline?l=en&f=tweets&q=ColourPop%20Super%20Shock%20Shadow&src=typed&max_position=TWEET-965224405642170368-985112465099907072>
None
2018-04-14 14:57:52 [scrapy] DEBUG: Crawled (200) <GET https://twitter.com/i/search/timeline?l=en&f=tweets&q=ColourPop%20Super%20Shock%20Shadow&src=typed&max_position=TWEET-963612571227090946-985112465099907072> (referer: https://twitter.com/i/search/timeline?l=en&f=tweets&q=ColourPop%20Super%20Shock%20Shadow&src=typed&max_position=TWEET-965224405642170368-985112465099907072)
2018-04-14 14:57:52 [scrapy] DEBUG: Scraped from <200 https://twitter.com/i/search/timeline?l=en&f=tweets&q=ColourPop%20Super%20Shock%20Shadow&src=typed&max_position=TWEET-963612571227090946-985112465099907072>
None
2018-04-14 14:57:52 [scrapy] DEBUG: Scraped from <200 https://twitter.com/i/search/timeline?l=en&f=tweets&q=ColourPop%20Super%20Shock%20Shadow&src=typed&max_position=TWEET-963612571227090946-985112465099907072>
None
2018-04-14 14:57:52 [scrapy] DEBUG: Scraped from <200 https://twitter.com/i/search/timeline?l=en&f=tweets&q=ColourPop%20Super%20Shock%20Shadow&src=typed&max_position=TWEET-963612571227090946-985112465099907072>
None
2018-04-14 14:57:52 [scrapy] DEBUG: Scraped from <200 https://twitter.com/i/search/timeline?l=en&f=tweets&q=ColourPop%20Super%20Shock%20Shadow&src=typed&max_position=TWEET-963612571227090946-985112465099907072>
None
2018-04-14 14:57:52 [scrapy] DEBUG: Scraped from <200 https://twitter.com/i/search/timeline?l=en&f=tweets&q=ColourPop%20Super%20Shock%20Shadow&src=typed&max_position=TWEET-963612571227090946-985112465099907072>
None
2018-04-14 14:57:52 [scrapy] DEBUG: Scraped from <200 https://twitter.com/i/search/timeline?l=en&f=tweets&q=ColourPop%20Super%20Shock%20Shadow&src=typed&max_position=TWEET-963612571227090946-985112465099907072>
None
2018-04-14 14:57:52 [scrapy] DEBUG: Scraped from <200 https://twitter.com/i/search/timeline?l=en&f=tweets&q=ColourPop%20Super%20Shock%20Shadow&src=typed&max_position=TWEET-963612571227090946-985112465099907072>
None
2018-04-14 14:57:52 [scrapy] DEBUG: Scraped from <200 https://twitter.com/i/search/timeline?l=en&f=tweets&q=ColourPop%20Super%20Shock%20Shadow&src=typed&max_position=TWEET-963612571227090946-985112465099907072>
None
2018-04-14 14:57:52 [scrapy] DEBUG: Scraped from <200 https://twitter.com/i/search/timeline?l=en&f=tweets&q=ColourPop%20Super%20Shock%20Shadow&src=typed&max_position=TWEET-963612571227090946-985112465099907072>
None
2018-04-14 14:57:52 [scrapy] DEBUG: Scraped from <200 https://twitter.com/i/search/timeline?l=en&f=tweets&q=ColourPop%20Super%20Shock%20Shadow&src=typed&max_position=TWEET-963612571227090946-985112465099907072>
None
2018-04-14 14:57:52 [scrapy] DEBUG: Scraped from <200 https://twitter.com/i/search/timeline?l=en&f=tweets&q=ColourPop%20Super%20Shock%20Shadow&src=typed&max_position=TWEET-963612571227090946-985112465099907072>
None
2018-04-14 14:57:52 [scrapy] DEBUG: Scraped from <200 https://twitter.com/i/search/timeline?l=en&f=tweets&q=ColourPop%20Super%20Shock%20Shadow&src=typed&max_position=TWEET-963612571227090946-985112465099907072>
None
2018-04-14 14:57:52 [scrapy] DEBUG: Scraped from <200 https://twitter.com/i/search/timeline?l=en&f=tweets&q=ColourPop%20Super%20Shock%20Shadow&src=typed&max_position=TWEET-963612571227090946-985112465099907072>
None
2018-04-14 14:57:52 [scrapy] DEBUG: Scraped from <200 https://twitter.com/i/search/timeline?l=en&f=tweets&q=ColourPop%20Super%20Shock%20Shadow&src=typed&max_position=TWEET-963612571227090946-985112465099907072>
None
2018-04-14 14:57:52 [scrapy] DEBUG: Scraped from <200 https://twitter.com/i/search/timeline?l=en&f=tweets&q=ColourPop%20Super%20Shock%20Shadow&src=typed&max_position=TWEET-963612571227090946-985112465099907072>
None
2018-04-14 14:57:53 [scrapy] DEBUG: Scraped from <200 https://twitter.com/i/search/timeline?l=en&f=tweets&q=ColourPop%20Super%20Shock%20Shadow&src=typed&max_position=TWEET-963612571227090946-985112465099907072>
None
2018-04-14 14:57:53 [scrapy] DEBUG: Scraped from <200 https://twitter.com/i/search/timeline?l=en&f=tweets&q=ColourPop%20Super%20Shock%20Shadow&src=typed&max_position=TWEET-963612571227090946-985112465099907072>
None
2018-04-14 14:57:53 [scrapy] DEBUG: Scraped from <200 https://twitter.com/i/search/timeline?l=en&f=tweets&q=ColourPop%20Super%20Shock%20Shadow&src=typed&max_position=TWEET-963612571227090946-985112465099907072>
None
2018-04-14 14:57:53 [scrapy] DEBUG: Crawled (200) <GET https://twitter.com/i/search/timeline?l=en&f=tweets&q=ColourPop%20Super%20Shock%20Shadow&src=typed&max_position=TWEET-962260543619809280-985112465099907072> (referer: https://twitter.com/i/search/timeline?l=en&f=tweets&q=ColourPop%20Super%20Shock%20Shadow&src=typed&max_position=TWEET-963612571227090946-985112465099907072)
2018-04-14 14:57:53 [scrapy] DEBUG: Scraped from <200 https://twitter.com/i/search/timeline?l=en&f=tweets&q=ColourPop%20Super%20Shock%20Shadow&src=typed&max_position=TWEET-962260543619809280-985112465099907072>
None
2018-04-14 14:57:54 [scrapy] DEBUG: Scraped from <200 https://twitter.com/i/search/timeline?l=en&f=tweets&q=ColourPop%20Super%20Shock%20Shadow&src=typed&max_position=TWEET-962260543619809280-985112465099907072>
None
2018-04-14 14:57:54 [scrapy] DEBUG: Scraped from <200 https://twitter.com/i/search/timeline?l=en&f=tweets&q=ColourPop%20Super%20Shock%20Shadow&src=typed&max_position=TWEET-962260543619809280-985112465099907072>
None
2018-04-14 14:57:54 [scrapy] DEBUG: Scraped from <200 https://twitter.com/i/search/timeline?l=en&f=tweets&q=ColourPop%20Super%20Shock%20Shadow&src=typed&max_position=TWEET-962260543619809280-985112465099907072>
None
2018-04-14 14:57:54 [scrapy] DEBUG: Scraped from <200 https://twitter.com/i/search/timeline?l=en&f=tweets&q=ColourPop%20Super%20Shock%20Shadow&src=typed&max_position=TWEET-962260543619809280-985112465099907072>
None
2018-04-14 14:57:54 [scrapy] DEBUG: Scraped from <200 https://twitter.com/i/search/timeline?l=en&f=tweets&q=ColourPop%20Super%20Shock%20Shadow&src=typed&max_position=TWEET-962260543619809280-985112465099907072>
None
2018-04-14 14:57:54 [scrapy] DEBUG: Scraped from <200 https://twitter.com/i/search/timeline?l=en&f=tweets&q=ColourPop%20Super%20Shock%20Shadow&src=typed&max_position=TWEET-962260543619809280-985112465099907072>
None
2018-04-14 14:57:54 [scrapy] DEBUG: Scraped from <200 https://twitter.com/i/search/timeline?l=en&f=tweets&q=ColourPop%20Super%20Shock%20Shadow&src=typed&max_position=TWEET-962260543619809280-985112465099907072>
None
2018-04-14 14:57:54 [scrapy] DEBUG: Scraped from <200 https://twitter.com/i/search/timeline?l=en&f=tweets&q=ColourPop%20Super%20Shock%20Shadow&src=typed&max_position=TWEET-962260543619809280-985112465099907072>
None
2018-04-14 14:57:54 [scrapy] DEBUG: Scraped from <200 https://twitter.com/i/search/timeline?l=en&f=tweets&q=ColourPop%20Super%20Shock%20Shadow&src=typed&max_position=TWEET-962260543619809280-985112465099907072>
None
2018-04-14 14:57:54 [scrapy] DEBUG: Scraped from <200 https://twitter.com/i/search/timeline?l=en&f=tweets&q=ColourPop%20Super%20Shock%20Shadow&src=typed&max_position=TWEET-962260543619809280-985112465099907072>
None
2018-04-14 14:57:54 [scrapy] DEBUG: Scraped from <200 https://twitter.com/i/search/timeline?l=en&f=tweets&q=ColourPop%20Super%20Shock%20Shadow&src=typed&max_position=TWEET-962260543619809280-985112465099907072>
None
2018-04-14 14:57:54 [scrapy] DEBUG: Scraped from <200 https://twitter.com/i/search/timeline?l=en&f=tweets&q=ColourPop%20Super%20Shock%20Shadow&src=typed&max_position=TWEET-962260543619809280-985112465099907072>
None
2018-04-14 14:57:54 [scrapy] DEBUG: Scraped from <200 https://twitter.com/i/search/timeline?l=en&f=tweets&q=ColourPop%20Super%20Shock%20Shadow&src=typed&max_position=TWEET-962260543619809280-985112465099907072>
None
2018-04-14 14:57:54 [scrapy] DEBUG: Scraped from <200 https://twitter.com/i/search/timeline?l=en&f=tweets&q=ColourPop%20Super%20Shock%20Shadow&src=typed&max_position=TWEET-962260543619809280-985112465099907072>
None
2018-04-14 14:57:54 [scrapy] DEBUG: Scraped from <200 https://twitter.com/i/search/timeline?l=en&f=tweets&q=ColourPop%20Super%20Shock%20Shadow&src=typed&max_position=TWEET-962260543619809280-985112465099907072>
None
2018-04-14 14:57:54 [scrapy] DEBUG: Scraped from <200 https://twitter.com/i/search/timeline?l=en&f=tweets&q=ColourPop%20Super%20Shock%20Shadow&src=typed&max_position=TWEET-962260543619809280-985112465099907072>
None
2018-04-14 14:57:54 [scrapy] DEBUG: Scraped from <200 https://twitter.com/i/search/timeline?l=en&f=tweets&q=ColourPop%20Super%20Shock%20Shadow&src=typed&max_position=TWEET-962260543619809280-985112465099907072>
None
2018-04-14 14:57:54 [scrapy] DEBUG: Scraped from <200 https://twitter.com/i/search/timeline?l=en&f=tweets&q=ColourPop%20Super%20Shock%20Shadow&src=typed&max_position=TWEET-962260543619809280-985112465099907072>
None
2018-04-14 14:57:54 [scrapy] DEBUG: Scraped from <200 https://twitter.com/i/search/timeline?l=en&f=tweets&q=ColourPop%20Super%20Shock%20Shadow&src=typed&max_position=TWEET-962260543619809280-985112465099907072>
None
2018-04-14 14:57:55 [scrapy] DEBUG: Crawled (200) <GET https://twitter.com/i/search/timeline?l=en&f=tweets&q=ColourPop%20Super%20Shock%20Shadow&src=typed&max_position=TWEET-961390363775774720-985112465099907072> (referer: https://twitter.com/i/search/timeline?l=en&f=tweets&q=ColourPop%20Super%20Shock%20Shadow&src=typed&max_position=TWEET-962260543619809280-985112465099907072)
2018-04-14 14:57:55 [scrapy] DEBUG: Scraped from <200 https://twitter.com/i/search/timeline?l=en&f=tweets&q=ColourPop%20Super%20Shock%20Shadow&src=typed&max_position=TWEET-961390363775774720-985112465099907072>
None
2018-04-14 14:57:55 [scrapy] DEBUG: Scraped from <200 https://twitter.com/i/search/timeline?l=en&f=tweets&q=ColourPop%20Super%20Shock%20Shadow&src=typed&max_position=TWEET-961390363775774720-985112465099907072>
None
2018-04-14 14:57:55 [scrapy] DEBUG: Scraped from <200 https://twitter.com/i/search/timeline?l=en&f=tweets&q=ColourPop%20Super%20Shock%20Shadow&src=typed&max_position=TWEET-961390363775774720-985112465099907072>
None
2018-04-14 14:57:55 [scrapy] DEBUG: Scraped from <200 https://twitter.com/i/search/timeline?l=en&f=tweets&q=ColourPop%20Super%20Shock%20Shadow&src=typed&max_position=TWEET-961390363775774720-985112465099907072>
None
2018-04-14 14:57:55 [scrapy] DEBUG: Scraped from <200 https://twitter.com/i/search/timeline?l=en&f=tweets&q=ColourPop%20Super%20Shock%20Shadow&src=typed&max_position=TWEET-961390363775774720-985112465099907072>
None
2018-04-14 14:57:55 [scrapy] DEBUG: Scraped from <200 https://twitter.com/i/search/timeline?l=en&f=tweets&q=ColourPop%20Super%20Shock%20Shadow&src=typed&max_position=TWEET-961390363775774720-985112465099907072>
None
2018-04-14 14:57:56 [scrapy] DEBUG: Scraped from <200 https://twitter.com/i/search/timeline?l=en&f=tweets&q=ColourPop%20Super%20Shock%20Shadow&src=typed&max_position=TWEET-961390363775774720-985112465099907072>
None
2018-04-14 14:57:56 [scrapy] DEBUG: Scraped from <200 https://twitter.com/i/search/timeline?l=en&f=tweets&q=ColourPop%20Super%20Shock%20Shadow&src=typed&max_position=TWEET-961390363775774720-985112465099907072>
None
2018-04-14 14:57:56 [scrapy] DEBUG: Scraped from <200 https://twitter.com/i/search/timeline?l=en&f=tweets&q=ColourPop%20Super%20Shock%20Shadow&src=typed&max_position=TWEET-961390363775774720-985112465099907072>
None
2018-04-14 14:57:56 [scrapy] DEBUG: Scraped from <200 https://twitter.com/i/search/timeline?l=en&f=tweets&q=ColourPop%20Super%20Shock%20Shadow&src=typed&max_position=TWEET-961390363775774720-985112465099907072>
None
2018-04-14 14:57:56 [scrapy] DEBUG: Scraped from <200 https://twitter.com/i/search/timeline?l=en&f=tweets&q=ColourPop%20Super%20Shock%20Shadow&src=typed&max_position=TWEET-961390363775774720-985112465099907072>
None
2018-04-14 14:57:56 [scrapy] DEBUG: Scraped from <200 https://twitter.com/i/search/timeline?l=en&f=tweets&q=ColourPop%20Super%20Shock%20Shadow&src=typed&max_position=TWEET-961390363775774720-985112465099907072>
None
2018-04-14 14:57:56 [scrapy] DEBUG: Scraped from <200 https://twitter.com/i/search/timeline?l=en&f=tweets&q=ColourPop%20Super%20Shock%20Shadow&src=typed&max_position=TWEET-961390363775774720-985112465099907072>
None
2018-04-14 14:57:56 [scrapy] DEBUG: Scraped from <200 https://twitter.com/i/search/timeline?l=en&f=tweets&q=ColourPop%20Super%20Shock%20Shadow&src=typed&max_position=TWEET-961390363775774720-985112465099907072>
None
2018-04-14 14:57:56 [scrapy] DEBUG: Scraped from <200 https://twitter.com/i/search/timeline?l=en&f=tweets&q=ColourPop%20Super%20Shock%20Shadow&src=typed&max_position=TWEET-961390363775774720-985112465099907072>
None
2018-04-14 14:57:56 [scrapy] DEBUG: Scraped from <200 https://twitter.com/i/search/timeline?l=en&f=tweets&q=ColourPop%20Super%20Shock%20Shadow&src=typed&max_position=TWEET-961390363775774720-985112465099907072>
None
2018-04-14 14:57:56 [scrapy] DEBUG: Scraped from <200 https://twitter.com/i/search/timeline?l=en&f=tweets&q=ColourPop%20Super%20Shock%20Shadow&src=typed&max_position=TWEET-961390363775774720-985112465099907072>
None
2018-04-14 14:57:56 [scrapy] DEBUG: Scraped from <200 https://twitter.com/i/search/timeline?l=en&f=tweets&q=ColourPop%20Super%20Shock%20Shadow&src=typed&max_position=TWEET-961390363775774720-985112465099907072>
None
2018-04-14 14:57:56 [scrapy] DEBUG: Scraped from <200 https://twitter.com/i/search/timeline?l=en&f=tweets&q=ColourPop%20Super%20Shock%20Shadow&src=typed&max_position=TWEET-961390363775774720-985112465099907072>
None
2018-04-14 14:57:57 [scrapy] DEBUG: Crawled (200) <GET https://twitter.com/i/search/timeline?l=en&f=tweets&q=ColourPop%20Super%20Shock%20Shadow&src=typed&max_position=TWEET-959886830794457088-985112465099907072> (referer: https://twitter.com/i/search/timeline?l=en&f=tweets&q=ColourPop%20Super%20Shock%20Shadow&src=typed&max_position=TWEET-961390363775774720-985112465099907072)
2018-04-14 14:57:57 [scrapy] DEBUG: Scraped from <200 https://twitter.com/i/search/timeline?l=en&f=tweets&q=ColourPop%20Super%20Shock%20Shadow&src=typed&max_position=TWEET-959886830794457088-985112465099907072>
None
2018-04-14 14:57:57 [scrapy] DEBUG: Scraped from <200 https://twitter.com/i/search/timeline?l=en&f=tweets&q=ColourPop%20Super%20Shock%20Shadow&src=typed&max_position=TWEET-959886830794457088-985112465099907072>
None
2018-04-14 14:57:57 [scrapy] DEBUG: Scraped from <200 https://twitter.com/i/search/timeline?l=en&f=tweets&q=ColourPop%20Super%20Shock%20Shadow&src=typed&max_position=TWEET-959886830794457088-985112465099907072>
None
2018-04-14 14:57:57 [scrapy] DEBUG: Scraped from <200 https://twitter.com/i/search/timeline?l=en&f=tweets&q=ColourPop%20Super%20Shock%20Shadow&src=typed&max_position=TWEET-959886830794457088-985112465099907072>
None
2018-04-14 14:57:57 [scrapy] DEBUG: Scraped from <200 https://twitter.com/i/search/timeline?l=en&f=tweets&q=ColourPop%20Super%20Shock%20Shadow&src=typed&max_position=TWEET-959886830794457088-985112465099907072>
None
2018-04-14 14:57:57 [scrapy] DEBUG: Scraped from <200 https://twitter.com/i/search/timeline?l=en&f=tweets&q=ColourPop%20Super%20Shock%20Shadow&src=typed&max_position=TWEET-959886830794457088-985112465099907072>
None
2018-04-14 14:57:57 [scrapy] DEBUG: Scraped from <200 https://twitter.com/i/search/timeline?l=en&f=tweets&q=ColourPop%20Super%20Shock%20Shadow&src=typed&max_position=TWEET-959886830794457088-985112465099907072>
None
2018-04-14 14:57:57 [scrapy] DEBUG: Scraped from <200 https://twitter.com/i/search/timeline?l=en&f=tweets&q=ColourPop%20Super%20Shock%20Shadow&src=typed&max_position=TWEET-959886830794457088-985112465099907072>
None
2018-04-14 14:57:57 [scrapy] DEBUG: Scraped from <200 https://twitter.com/i/search/timeline?l=en&f=tweets&q=ColourPop%20Super%20Shock%20Shadow&src=typed&max_position=TWEET-959886830794457088-985112465099907072>
None
2018-04-14 14:57:57 [scrapy] DEBUG: Scraped from <200 https://twitter.com/i/search/timeline?l=en&f=tweets&q=ColourPop%20Super%20Shock%20Shadow&src=typed&max_position=TWEET-959886830794457088-985112465099907072>
None
2018-04-14 14:57:57 [scrapy] DEBUG: Scraped from <200 https://twitter.com/i/search/timeline?l=en&f=tweets&q=ColourPop%20Super%20Shock%20Shadow&src=typed&max_position=TWEET-959886830794457088-985112465099907072>
None
2018-04-14 14:57:58 [scrapy] DEBUG: Scraped from <200 https://twitter.com/i/search/timeline?l=en&f=tweets&q=ColourPop%20Super%20Shock%20Shadow&src=typed&max_position=TWEET-959886830794457088-985112465099907072>
None
2018-04-14 14:57:58 [scrapy] DEBUG: Scraped from <200 https://twitter.com/i/search/timeline?l=en&f=tweets&q=ColourPop%20Super%20Shock%20Shadow&src=typed&max_position=TWEET-959886830794457088-985112465099907072>
None
2018-04-14 14:57:58 [scrapy] DEBUG: Scraped from <200 https://twitter.com/i/search/timeline?l=en&f=tweets&q=ColourPop%20Super%20Shock%20Shadow&src=typed&max_position=TWEET-959886830794457088-985112465099907072>
None
2018-04-14 14:57:58 [scrapy] DEBUG: Scraped from <200 https://twitter.com/i/search/timeline?l=en&f=tweets&q=ColourPop%20Super%20Shock%20Shadow&src=typed&max_position=TWEET-959886830794457088-985112465099907072>
None
2018-04-14 14:57:58 [scrapy] DEBUG: Scraped from <200 https://twitter.com/i/search/timeline?l=en&f=tweets&q=ColourPop%20Super%20Shock%20Shadow&src=typed&max_position=TWEET-959886830794457088-985112465099907072>
None
2018-04-14 14:57:58 [scrapy] DEBUG: Scraped from <200 https://twitter.com/i/search/timeline?l=en&f=tweets&q=ColourPop%20Super%20Shock%20Shadow&src=typed&max_position=TWEET-959886830794457088-985112465099907072>
None
2018-04-14 14:57:58 [scrapy] DEBUG: Scraped from <200 https://twitter.com/i/search/timeline?l=en&f=tweets&q=ColourPop%20Super%20Shock%20Shadow&src=typed&max_position=TWEET-959886830794457088-985112465099907072>
None
2018-04-14 14:57:58 [scrapy] DEBUG: Scraped from <200 https://twitter.com/i/search/timeline?l=en&f=tweets&q=ColourPop%20Super%20Shock%20Shadow&src=typed&max_position=TWEET-959886830794457088-985112465099907072>
None
2018-04-14 14:57:58 [scrapy] DEBUG: Scraped from <200 https://twitter.com/i/search/timeline?l=en&f=tweets&q=ColourPop%20Super%20Shock%20Shadow&src=typed&max_position=TWEET-959886830794457088-985112465099907072>
None
2018-04-14 14:57:59 [scrapy] DEBUG: Crawled (200) <GET https://twitter.com/i/search/timeline?l=en&f=tweets&q=ColourPop%20Super%20Shock%20Shadow&src=typed&max_position=TWEET-959202551940993024-985112465099907072> (referer: https://twitter.com/i/search/timeline?l=en&f=tweets&q=ColourPop%20Super%20Shock%20Shadow&src=typed&max_position=TWEET-959886830794457088-985112465099907072)
2018-04-14 14:57:59 [scrapy] DEBUG: Scraped from <200 https://twitter.com/i/search/timeline?l=en&f=tweets&q=ColourPop%20Super%20Shock%20Shadow&src=typed&max_position=TWEET-959202551940993024-985112465099907072>
None
2018-04-14 14:57:59 [scrapy] DEBUG: Scraped from <200 https://twitter.com/i/search/timeline?l=en&f=tweets&q=ColourPop%20Super%20Shock%20Shadow&src=typed&max_position=TWEET-959202551940993024-985112465099907072>
None
2018-04-14 14:57:59 [scrapy] DEBUG: Scraped from <200 https://twitter.com/i/search/timeline?l=en&f=tweets&q=ColourPop%20Super%20Shock%20Shadow&src=typed&max_position=TWEET-959202551940993024-985112465099907072>
None
2018-04-14 14:57:59 [scrapy] DEBUG: Scraped from <200 https://twitter.com/i/search/timeline?l=en&f=tweets&q=ColourPop%20Super%20Shock%20Shadow&src=typed&max_position=TWEET-959202551940993024-985112465099907072>
None
2018-04-14 14:57:59 [scrapy] DEBUG: Scraped from <200 https://twitter.com/i/search/timeline?l=en&f=tweets&q=ColourPop%20Super%20Shock%20Shadow&src=typed&max_position=TWEET-959202551940993024-985112465099907072>
None
2018-04-14 14:57:59 [scrapy] DEBUG: Scraped from <200 https://twitter.com/i/search/timeline?l=en&f=tweets&q=ColourPop%20Super%20Shock%20Shadow&src=typed&max_position=TWEET-959202551940993024-985112465099907072>
None
2018-04-14 14:57:59 [scrapy] DEBUG: Scraped from <200 https://twitter.com/i/search/timeline?l=en&f=tweets&q=ColourPop%20Super%20Shock%20Shadow&src=typed&max_position=TWEET-959202551940993024-985112465099907072>
None
2018-04-14 14:57:59 [scrapy] DEBUG: Scraped from <200 https://twitter.com/i/search/timeline?l=en&f=tweets&q=ColourPop%20Super%20Shock%20Shadow&src=typed&max_position=TWEET-959202551940993024-985112465099907072>
None
2018-04-14 14:57:59 [scrapy] DEBUG: Scraped from <200 https://twitter.com/i/search/timeline?l=en&f=tweets&q=ColourPop%20Super%20Shock%20Shadow&src=typed&max_position=TWEET-959202551940993024-985112465099907072>
None
2018-04-14 14:57:59 [scrapy] DEBUG: Scraped from <200 https://twitter.com/i/search/timeline?l=en&f=tweets&q=ColourPop%20Super%20Shock%20Shadow&src=typed&max_position=TWEET-959202551940993024-985112465099907072>
None
2018-04-14 14:57:59 [scrapy] DEBUG: Scraped from <200 https://twitter.com/i/search/timeline?l=en&f=tweets&q=ColourPop%20Super%20Shock%20Shadow&src=typed&max_position=TWEET-959202551940993024-985112465099907072>
None
2018-04-14 14:57:59 [scrapy] DEBUG: Scraped from <200 https://twitter.com/i/search/timeline?l=en&f=tweets&q=ColourPop%20Super%20Shock%20Shadow&src=typed&max_position=TWEET-959202551940993024-985112465099907072>
None
2018-04-14 14:57:59 [scrapy] DEBUG: Scraped from <200 https://twitter.com/i/search/timeline?l=en&f=tweets&q=ColourPop%20Super%20Shock%20Shadow&src=typed&max_position=TWEET-959202551940993024-985112465099907072>
None
2018-04-14 14:57:59 [scrapy] DEBUG: Scraped from <200 https://twitter.com/i/search/timeline?l=en&f=tweets&q=ColourPop%20Super%20Shock%20Shadow&src=typed&max_position=TWEET-959202551940993024-985112465099907072>
None
2018-04-14 14:57:59 [scrapy] DEBUG: Scraped from <200 https://twitter.com/i/search/timeline?l=en&f=tweets&q=ColourPop%20Super%20Shock%20Shadow&src=typed&max_position=TWEET-959202551940993024-985112465099907072>
None
2018-04-14 14:57:59 [scrapy] INFO: Closing spider (closespider_itemcount)
2018-04-14 14:58:00 [scrapy] DEBUG: Scraped from <200 https://twitter.com/i/search/timeline?l=en&f=tweets&q=ColourPop%20Super%20Shock%20Shadow&src=typed&max_position=TWEET-959202551940993024-985112465099907072>
None
2018-04-14 14:58:00 [scrapy] DEBUG: Scraped from <200 https://twitter.com/i/search/timeline?l=en&f=tweets&q=ColourPop%20Super%20Shock%20Shadow&src=typed&max_position=TWEET-959202551940993024-985112465099907072>
None
2018-04-14 14:58:00 [scrapy] DEBUG: Scraped from <200 https://twitter.com/i/search/timeline?l=en&f=tweets&q=ColourPop%20Super%20Shock%20Shadow&src=typed&max_position=TWEET-959202551940993024-985112465099907072>
None
2018-04-14 14:58:00 [scrapy] DEBUG: Scraped from <200 https://twitter.com/i/search/timeline?l=en&f=tweets&q=ColourPop%20Super%20Shock%20Shadow&src=typed&max_position=TWEET-959202551940993024-985112465099907072>
None
2018-04-14 14:58:00 [scrapy] DEBUG: Scraped from <200 https://twitter.com/i/search/timeline?l=en&f=tweets&q=ColourPop%20Super%20Shock%20Shadow&src=typed&max_position=TWEET-959202551940993024-985112465099907072>
None
2018-04-14 14:58:00 [scrapy] INFO: Dumping Scrapy stats:
{'downloader/request_bytes': 15877,
 'downloader/request_count': 18,
 'downloader/request_method_count/GET': 18,
 'downloader/response_bytes': 269078,
 'downloader/response_count': 18,
 'downloader/response_status_count/200': 18,
 'finish_reason': 'closespider_itemcount',
 'finish_time': datetime.datetime(2018, 4, 14, 19, 58, 0, 246821),
 'item_scraped_count': 305,
 'log_count/DEBUG': 628,
 'log_count/ERROR': 305,
 'log_count/INFO': 6,
 'memusage/max': 63221760,
 'memusage/startup': 63221760,
 'request_depth_max': 18,
 'response_received_count': 18,
 'scheduler/dequeued': 18,
 'scheduler/dequeued/memory': 18,
 'scheduler/enqueued': 19,
 'scheduler/enqueued/memory': 19,
 'start_time': datetime.datetime(2018, 4, 14, 19, 57, 31, 20267)}
2018-04-14 14:58:00 [scrapy] INFO: Spider closed (closespider_itemcount)
