2018-04-14 15:14:56 [scrapy] DEBUG: Crawled (200) <GET https://twitter.com/i/search/timeline?l=en&f=tweets&q=%22Shimmer%20%26%20Glow%20Liquid%20Eye%20Shadow%22&src=typed&max_position=> (referer: None)
2018-04-14 15:14:56 [scrapy] DEBUG: Scraped from <200 https://twitter.com/i/search/timeline?l=en&f=tweets&q=%22Shimmer%20%26%20Glow%20Liquid%20Eye%20Shadow%22&src=typed&max_position=>
None
2018-04-14 15:14:56 [scrapy] DEBUG: Scraped from <200 https://twitter.com/i/search/timeline?l=en&f=tweets&q=%22Shimmer%20%26%20Glow%20Liquid%20Eye%20Shadow%22&src=typed&max_position=>
None
2018-04-14 15:14:56 [scrapy] DEBUG: Scraped from <200 https://twitter.com/i/search/timeline?l=en&f=tweets&q=%22Shimmer%20%26%20Glow%20Liquid%20Eye%20Shadow%22&src=typed&max_position=>
None
2018-04-14 15:14:56 [scrapy] DEBUG: Scraped from <200 https://twitter.com/i/search/timeline?l=en&f=tweets&q=%22Shimmer%20%26%20Glow%20Liquid%20Eye%20Shadow%22&src=typed&max_position=>
None
2018-04-14 15:14:56 [scrapy] DEBUG: Scraped from <200 https://twitter.com/i/search/timeline?l=en&f=tweets&q=%22Shimmer%20%26%20Glow%20Liquid%20Eye%20Shadow%22&src=typed&max_position=>
None
2018-04-14 15:14:56 [scrapy] DEBUG: Scraped from <200 https://twitter.com/i/search/timeline?l=en&f=tweets&q=%22Shimmer%20%26%20Glow%20Liquid%20Eye%20Shadow%22&src=typed&max_position=>
None
2018-04-14 15:14:56 [scrapy] DEBUG: Scraped from <200 https://twitter.com/i/search/timeline?l=en&f=tweets&q=%22Shimmer%20%26%20Glow%20Liquid%20Eye%20Shadow%22&src=typed&max_position=>
None
2018-04-14 15:14:56 [scrapy] DEBUG: Scraped from <200 https://twitter.com/i/search/timeline?l=en&f=tweets&q=%22Shimmer%20%26%20Glow%20Liquid%20Eye%20Shadow%22&src=typed&max_position=>
None
2018-04-14 15:14:57 [scrapy] DEBUG: Scraped from <200 https://twitter.com/i/search/timeline?l=en&f=tweets&q=%22Shimmer%20%26%20Glow%20Liquid%20Eye%20Shadow%22&src=typed&max_position=>
None
2018-04-14 15:14:57 [scrapy] DEBUG: Scraped from <200 https://twitter.com/i/search/timeline?l=en&f=tweets&q=%22Shimmer%20%26%20Glow%20Liquid%20Eye%20Shadow%22&src=typed&max_position=>
None
2018-04-14 15:14:57 [scrapy] DEBUG: Scraped from <200 https://twitter.com/i/search/timeline?l=en&f=tweets&q=%22Shimmer%20%26%20Glow%20Liquid%20Eye%20Shadow%22&src=typed&max_position=>
None
2018-04-14 15:14:57 [scrapy] DEBUG: Scraped from <200 https://twitter.com/i/search/timeline?l=en&f=tweets&q=%22Shimmer%20%26%20Glow%20Liquid%20Eye%20Shadow%22&src=typed&max_position=>
None
2018-04-14 15:14:57 [scrapy] DEBUG: Scraped from <200 https://twitter.com/i/search/timeline?l=en&f=tweets&q=%22Shimmer%20%26%20Glow%20Liquid%20Eye%20Shadow%22&src=typed&max_position=>
None
2018-04-14 15:14:57 [scrapy] DEBUG: Scraped from <200 https://twitter.com/i/search/timeline?l=en&f=tweets&q=%22Shimmer%20%26%20Glow%20Liquid%20Eye%20Shadow%22&src=typed&max_position=>
None
2018-04-14 15:14:57 [scrapy] DEBUG: Scraped from <200 https://twitter.com/i/search/timeline?l=en&f=tweets&q=%22Shimmer%20%26%20Glow%20Liquid%20Eye%20Shadow%22&src=typed&max_position=>
None
2018-04-14 15:14:57 [scrapy] DEBUG: Scraped from <200 https://twitter.com/i/search/timeline?l=en&f=tweets&q=%22Shimmer%20%26%20Glow%20Liquid%20Eye%20Shadow%22&src=typed&max_position=>
None
2018-04-14 15:14:57 [scrapy] DEBUG: Scraped from <200 https://twitter.com/i/search/timeline?l=en&f=tweets&q=%22Shimmer%20%26%20Glow%20Liquid%20Eye%20Shadow%22&src=typed&max_position=>
None
2018-04-14 15:14:57 [scrapy] DEBUG: Scraped from <200 https://twitter.com/i/search/timeline?l=en&f=tweets&q=%22Shimmer%20%26%20Glow%20Liquid%20Eye%20Shadow%22&src=typed&max_position=>
None
2018-04-14 15:14:57 [scrapy] DEBUG: Scraped from <200 https://twitter.com/i/search/timeline?l=en&f=tweets&q=%22Shimmer%20%26%20Glow%20Liquid%20Eye%20Shadow%22&src=typed&max_position=>
None
2018-04-14 15:14:57 [scrapy] DEBUG: Scraped from <200 https://twitter.com/i/search/timeline?l=en&f=tweets&q=%22Shimmer%20%26%20Glow%20Liquid%20Eye%20Shadow%22&src=typed&max_position=>
None
2018-04-14 15:14:58 [scrapy] DEBUG: Crawled (200) <GET https://twitter.com/i/search/timeline?l=en&f=tweets&q=%22Shimmer%20%26%20Glow%20Liquid%20Eye%20Shadow%22&src=typed&max_position=TWEET-961195396193189889-983323198610550784> (referer: https://twitter.com/i/search/timeline?l=en&f=tweets&q=%22Shimmer%20%26%20Glow%20Liquid%20Eye%20Shadow%22&src=typed&max_position=)
2018-04-14 15:14:58 [scrapy] DEBUG: Scraped from <200 https://twitter.com/i/search/timeline?l=en&f=tweets&q=%22Shimmer%20%26%20Glow%20Liquid%20Eye%20Shadow%22&src=typed&max_position=TWEET-961195396193189889-983323198610550784>
None
2018-04-14 15:14:58 [scrapy] DEBUG: Scraped from <200 https://twitter.com/i/search/timeline?l=en&f=tweets&q=%22Shimmer%20%26%20Glow%20Liquid%20Eye%20Shadow%22&src=typed&max_position=TWEET-961195396193189889-983323198610550784>
None
2018-04-14 15:14:59 [scrapy] DEBUG: Scraped from <200 https://twitter.com/i/search/timeline?l=en&f=tweets&q=%22Shimmer%20%26%20Glow%20Liquid%20Eye%20Shadow%22&src=typed&max_position=TWEET-961195396193189889-983323198610550784>
None
2018-04-14 15:14:59 [scrapy] DEBUG: Scraped from <200 https://twitter.com/i/search/timeline?l=en&f=tweets&q=%22Shimmer%20%26%20Glow%20Liquid%20Eye%20Shadow%22&src=typed&max_position=TWEET-961195396193189889-983323198610550784>
None
2018-04-14 15:14:59 [scrapy] DEBUG: Scraped from <200 https://twitter.com/i/search/timeline?l=en&f=tweets&q=%22Shimmer%20%26%20Glow%20Liquid%20Eye%20Shadow%22&src=typed&max_position=TWEET-961195396193189889-983323198610550784>
None
2018-04-14 15:14:59 [scrapy] DEBUG: Scraped from <200 https://twitter.com/i/search/timeline?l=en&f=tweets&q=%22Shimmer%20%26%20Glow%20Liquid%20Eye%20Shadow%22&src=typed&max_position=TWEET-961195396193189889-983323198610550784>
None
2018-04-14 15:14:59 [scrapy] DEBUG: Scraped from <200 https://twitter.com/i/search/timeline?l=en&f=tweets&q=%22Shimmer%20%26%20Glow%20Liquid%20Eye%20Shadow%22&src=typed&max_position=TWEET-961195396193189889-983323198610550784>
None
2018-04-14 15:14:59 [scrapy] DEBUG: Scraped from <200 https://twitter.com/i/search/timeline?l=en&f=tweets&q=%22Shimmer%20%26%20Glow%20Liquid%20Eye%20Shadow%22&src=typed&max_position=TWEET-961195396193189889-983323198610550784>
None
2018-04-14 15:14:59 [scrapy] DEBUG: Scraped from <200 https://twitter.com/i/search/timeline?l=en&f=tweets&q=%22Shimmer%20%26%20Glow%20Liquid%20Eye%20Shadow%22&src=typed&max_position=TWEET-961195396193189889-983323198610550784>
None
2018-04-14 15:14:59 [scrapy] DEBUG: Scraped from <200 https://twitter.com/i/search/timeline?l=en&f=tweets&q=%22Shimmer%20%26%20Glow%20Liquid%20Eye%20Shadow%22&src=typed&max_position=TWEET-961195396193189889-983323198610550784>
None
2018-04-14 15:15:00 [scrapy] DEBUG: Scraped from <200 https://twitter.com/i/search/timeline?l=en&f=tweets&q=%22Shimmer%20%26%20Glow%20Liquid%20Eye%20Shadow%22&src=typed&max_position=TWEET-961195396193189889-983323198610550784>
None
2018-04-14 15:15:00 [scrapy] DEBUG: Scraped from <200 https://twitter.com/i/search/timeline?l=en&f=tweets&q=%22Shimmer%20%26%20Glow%20Liquid%20Eye%20Shadow%22&src=typed&max_position=TWEET-961195396193189889-983323198610550784>
None
2018-04-14 15:15:00 [scrapy] DEBUG: Scraped from <200 https://twitter.com/i/search/timeline?l=en&f=tweets&q=%22Shimmer%20%26%20Glow%20Liquid%20Eye%20Shadow%22&src=typed&max_position=TWEET-961195396193189889-983323198610550784>
None
2018-04-14 15:15:00 [scrapy] DEBUG: Scraped from <200 https://twitter.com/i/search/timeline?l=en&f=tweets&q=%22Shimmer%20%26%20Glow%20Liquid%20Eye%20Shadow%22&src=typed&max_position=TWEET-961195396193189889-983323198610550784>
None
2018-04-14 15:15:00 [scrapy] DEBUG: Scraped from <200 https://twitter.com/i/search/timeline?l=en&f=tweets&q=%22Shimmer%20%26%20Glow%20Liquid%20Eye%20Shadow%22&src=typed&max_position=TWEET-961195396193189889-983323198610550784>
None
2018-04-14 15:15:00 [scrapy] DEBUG: Scraped from <200 https://twitter.com/i/search/timeline?l=en&f=tweets&q=%22Shimmer%20%26%20Glow%20Liquid%20Eye%20Shadow%22&src=typed&max_position=TWEET-961195396193189889-983323198610550784>
None
2018-04-14 15:15:00 [scrapy] DEBUG: Scraped from <200 https://twitter.com/i/search/timeline?l=en&f=tweets&q=%22Shimmer%20%26%20Glow%20Liquid%20Eye%20Shadow%22&src=typed&max_position=TWEET-961195396193189889-983323198610550784>
None
2018-04-14 15:15:00 [scrapy] DEBUG: Scraped from <200 https://twitter.com/i/search/timeline?l=en&f=tweets&q=%22Shimmer%20%26%20Glow%20Liquid%20Eye%20Shadow%22&src=typed&max_position=TWEET-961195396193189889-983323198610550784>
None
2018-04-14 15:15:00 [scrapy] DEBUG: Scraped from <200 https://twitter.com/i/search/timeline?l=en&f=tweets&q=%22Shimmer%20%26%20Glow%20Liquid%20Eye%20Shadow%22&src=typed&max_position=TWEET-961195396193189889-983323198610550784>
None
2018-04-14 15:15:00 [scrapy] DEBUG: Scraped from <200 https://twitter.com/i/search/timeline?l=en&f=tweets&q=%22Shimmer%20%26%20Glow%20Liquid%20Eye%20Shadow%22&src=typed&max_position=TWEET-961195396193189889-983323198610550784>
None
2018-04-14 15:15:01 [scrapy] DEBUG: Crawled (200) <GET https://twitter.com/i/search/timeline?l=en&f=tweets&q=%22Shimmer%20%26%20Glow%20Liquid%20Eye%20Shadow%22&src=typed&max_position=TWEET-957423287344115712-983323198610550784> (referer: https://twitter.com/i/search/timeline?l=en&f=tweets&q=%22Shimmer%20%26%20Glow%20Liquid%20Eye%20Shadow%22&src=typed&max_position=TWEET-961195396193189889-983323198610550784)
2018-04-14 15:15:01 [scrapy] DEBUG: Scraped from <200 https://twitter.com/i/search/timeline?l=en&f=tweets&q=%22Shimmer%20%26%20Glow%20Liquid%20Eye%20Shadow%22&src=typed&max_position=TWEET-957423287344115712-983323198610550784>
None
2018-04-14 15:15:01 [scrapy] DEBUG: Scraped from <200 https://twitter.com/i/search/timeline?l=en&f=tweets&q=%22Shimmer%20%26%20Glow%20Liquid%20Eye%20Shadow%22&src=typed&max_position=TWEET-957423287344115712-983323198610550784>
None
2018-04-14 15:15:01 [scrapy] DEBUG: Scraped from <200 https://twitter.com/i/search/timeline?l=en&f=tweets&q=%22Shimmer%20%26%20Glow%20Liquid%20Eye%20Shadow%22&src=typed&max_position=TWEET-957423287344115712-983323198610550784>
None
2018-04-14 15:15:01 [scrapy] DEBUG: Scraped from <200 https://twitter.com/i/search/timeline?l=en&f=tweets&q=%22Shimmer%20%26%20Glow%20Liquid%20Eye%20Shadow%22&src=typed&max_position=TWEET-957423287344115712-983323198610550784>
None
2018-04-14 15:15:01 [scrapy] DEBUG: Scraped from <200 https://twitter.com/i/search/timeline?l=en&f=tweets&q=%22Shimmer%20%26%20Glow%20Liquid%20Eye%20Shadow%22&src=typed&max_position=TWEET-957423287344115712-983323198610550784>
None
2018-04-14 15:15:01 [scrapy] DEBUG: Scraped from <200 https://twitter.com/i/search/timeline?l=en&f=tweets&q=%22Shimmer%20%26%20Glow%20Liquid%20Eye%20Shadow%22&src=typed&max_position=TWEET-957423287344115712-983323198610550784>
None
2018-04-14 15:15:01 [scrapy] DEBUG: Scraped from <200 https://twitter.com/i/search/timeline?l=en&f=tweets&q=%22Shimmer%20%26%20Glow%20Liquid%20Eye%20Shadow%22&src=typed&max_position=TWEET-957423287344115712-983323198610550784>
None
2018-04-14 15:15:01 [scrapy] DEBUG: Scraped from <200 https://twitter.com/i/search/timeline?l=en&f=tweets&q=%22Shimmer%20%26%20Glow%20Liquid%20Eye%20Shadow%22&src=typed&max_position=TWEET-957423287344115712-983323198610550784>
None
2018-04-14 15:15:01 [scrapy] DEBUG: Scraped from <200 https://twitter.com/i/search/timeline?l=en&f=tweets&q=%22Shimmer%20%26%20Glow%20Liquid%20Eye%20Shadow%22&src=typed&max_position=TWEET-957423287344115712-983323198610550784>
None
2018-04-14 15:15:01 [scrapy] DEBUG: Scraped from <200 https://twitter.com/i/search/timeline?l=en&f=tweets&q=%22Shimmer%20%26%20Glow%20Liquid%20Eye%20Shadow%22&src=typed&max_position=TWEET-957423287344115712-983323198610550784>
None
2018-04-14 15:15:02 [scrapy] DEBUG: Scraped from <200 https://twitter.com/i/search/timeline?l=en&f=tweets&q=%22Shimmer%20%26%20Glow%20Liquid%20Eye%20Shadow%22&src=typed&max_position=TWEET-957423287344115712-983323198610550784>
None
2018-04-14 15:15:02 [scrapy] DEBUG: Scraped from <200 https://twitter.com/i/search/timeline?l=en&f=tweets&q=%22Shimmer%20%26%20Glow%20Liquid%20Eye%20Shadow%22&src=typed&max_position=TWEET-957423287344115712-983323198610550784>
None
2018-04-14 15:15:02 [scrapy] DEBUG: Scraped from <200 https://twitter.com/i/search/timeline?l=en&f=tweets&q=%22Shimmer%20%26%20Glow%20Liquid%20Eye%20Shadow%22&src=typed&max_position=TWEET-957423287344115712-983323198610550784>
None
2018-04-14 15:15:02 [scrapy] DEBUG: Scraped from <200 https://twitter.com/i/search/timeline?l=en&f=tweets&q=%22Shimmer%20%26%20Glow%20Liquid%20Eye%20Shadow%22&src=typed&max_position=TWEET-957423287344115712-983323198610550784>
None
2018-04-14 15:15:02 [scrapy] DEBUG: Scraped from <200 https://twitter.com/i/search/timeline?l=en&f=tweets&q=%22Shimmer%20%26%20Glow%20Liquid%20Eye%20Shadow%22&src=typed&max_position=TWEET-957423287344115712-983323198610550784>
None
2018-04-14 15:15:02 [scrapy] DEBUG: Scraped from <200 https://twitter.com/i/search/timeline?l=en&f=tweets&q=%22Shimmer%20%26%20Glow%20Liquid%20Eye%20Shadow%22&src=typed&max_position=TWEET-957423287344115712-983323198610550784>
None
2018-04-14 15:15:02 [scrapy] DEBUG: Scraped from <200 https://twitter.com/i/search/timeline?l=en&f=tweets&q=%22Shimmer%20%26%20Glow%20Liquid%20Eye%20Shadow%22&src=typed&max_position=TWEET-957423287344115712-983323198610550784>
None
2018-04-14 15:15:02 [scrapy] DEBUG: Scraped from <200 https://twitter.com/i/search/timeline?l=en&f=tweets&q=%22Shimmer%20%26%20Glow%20Liquid%20Eye%20Shadow%22&src=typed&max_position=TWEET-957423287344115712-983323198610550784>
None
2018-04-14 15:15:02 [scrapy] DEBUG: Scraped from <200 https://twitter.com/i/search/timeline?l=en&f=tweets&q=%22Shimmer%20%26%20Glow%20Liquid%20Eye%20Shadow%22&src=typed&max_position=TWEET-957423287344115712-983323198610550784>
None
2018-04-14 15:15:02 [scrapy] DEBUG: Scraped from <200 https://twitter.com/i/search/timeline?l=en&f=tweets&q=%22Shimmer%20%26%20Glow%20Liquid%20Eye%20Shadow%22&src=typed&max_position=TWEET-957423287344115712-983323198610550784>
None
2018-04-14 15:15:03 [scrapy] DEBUG: Crawled (200) <GET https://twitter.com/i/search/timeline?l=en&f=tweets&q=%22Shimmer%20%26%20Glow%20Liquid%20Eye%20Shadow%22&src=typed&max_position=TWEET-928316967148228612-983323198610550784> (referer: https://twitter.com/i/search/timeline?l=en&f=tweets&q=%22Shimmer%20%26%20Glow%20Liquid%20Eye%20Shadow%22&src=typed&max_position=TWEET-957423287344115712-983323198610550784)
2018-04-14 15:15:03 [scrapy] DEBUG: Scraped from <200 https://twitter.com/i/search/timeline?l=en&f=tweets&q=%22Shimmer%20%26%20Glow%20Liquid%20Eye%20Shadow%22&src=typed&max_position=TWEET-928316967148228612-983323198610550784>
None
2018-04-14 15:15:03 [scrapy] DEBUG: Scraped from <200 https://twitter.com/i/search/timeline?l=en&f=tweets&q=%22Shimmer%20%26%20Glow%20Liquid%20Eye%20Shadow%22&src=typed&max_position=TWEET-928316967148228612-983323198610550784>
None
2018-04-14 15:15:03 [scrapy] DEBUG: Scraped from <200 https://twitter.com/i/search/timeline?l=en&f=tweets&q=%22Shimmer%20%26%20Glow%20Liquid%20Eye%20Shadow%22&src=typed&max_position=TWEET-928316967148228612-983323198610550784>
None
2018-04-14 15:15:03 [scrapy] DEBUG: Scraped from <200 https://twitter.com/i/search/timeline?l=en&f=tweets&q=%22Shimmer%20%26%20Glow%20Liquid%20Eye%20Shadow%22&src=typed&max_position=TWEET-928316967148228612-983323198610550784>
None
2018-04-14 15:15:03 [scrapy] DEBUG: Scraped from <200 https://twitter.com/i/search/timeline?l=en&f=tweets&q=%22Shimmer%20%26%20Glow%20Liquid%20Eye%20Shadow%22&src=typed&max_position=TWEET-928316967148228612-983323198610550784>
None
2018-04-14 15:15:03 [scrapy] DEBUG: Scraped from <200 https://twitter.com/i/search/timeline?l=en&f=tweets&q=%22Shimmer%20%26%20Glow%20Liquid%20Eye%20Shadow%22&src=typed&max_position=TWEET-928316967148228612-983323198610550784>
None
2018-04-14 15:15:03 [scrapy] DEBUG: Scraped from <200 https://twitter.com/i/search/timeline?l=en&f=tweets&q=%22Shimmer%20%26%20Glow%20Liquid%20Eye%20Shadow%22&src=typed&max_position=TWEET-928316967148228612-983323198610550784>
None
2018-04-14 15:15:03 [scrapy] DEBUG: Scraped from <200 https://twitter.com/i/search/timeline?l=en&f=tweets&q=%22Shimmer%20%26%20Glow%20Liquid%20Eye%20Shadow%22&src=typed&max_position=TWEET-928316967148228612-983323198610550784>
None
2018-04-14 15:15:03 [scrapy] DEBUG: Scraped from <200 https://twitter.com/i/search/timeline?l=en&f=tweets&q=%22Shimmer%20%26%20Glow%20Liquid%20Eye%20Shadow%22&src=typed&max_position=TWEET-928316967148228612-983323198610550784>
None
2018-04-14 15:15:04 [scrapy] DEBUG: Scraped from <200 https://twitter.com/i/search/timeline?l=en&f=tweets&q=%22Shimmer%20%26%20Glow%20Liquid%20Eye%20Shadow%22&src=typed&max_position=TWEET-928316967148228612-983323198610550784>
None
2018-04-14 15:15:04 [scrapy] DEBUG: Scraped from <200 https://twitter.com/i/search/timeline?l=en&f=tweets&q=%22Shimmer%20%26%20Glow%20Liquid%20Eye%20Shadow%22&src=typed&max_position=TWEET-928316967148228612-983323198610550784>
None
2018-04-14 15:15:04 [scrapy] DEBUG: Scraped from <200 https://twitter.com/i/search/timeline?l=en&f=tweets&q=%22Shimmer%20%26%20Glow%20Liquid%20Eye%20Shadow%22&src=typed&max_position=TWEET-928316967148228612-983323198610550784>
None
2018-04-14 15:15:04 [scrapy] DEBUG: Scraped from <200 https://twitter.com/i/search/timeline?l=en&f=tweets&q=%22Shimmer%20%26%20Glow%20Liquid%20Eye%20Shadow%22&src=typed&max_position=TWEET-928316967148228612-983323198610550784>
None
2018-04-14 15:15:04 [scrapy] DEBUG: Scraped from <200 https://twitter.com/i/search/timeline?l=en&f=tweets&q=%22Shimmer%20%26%20Glow%20Liquid%20Eye%20Shadow%22&src=typed&max_position=TWEET-928316967148228612-983323198610550784>
None
2018-04-14 15:15:04 [scrapy] DEBUG: Scraped from <200 https://twitter.com/i/search/timeline?l=en&f=tweets&q=%22Shimmer%20%26%20Glow%20Liquid%20Eye%20Shadow%22&src=typed&max_position=TWEET-928316967148228612-983323198610550784>
None
2018-04-14 15:15:04 [scrapy] DEBUG: Scraped from <200 https://twitter.com/i/search/timeline?l=en&f=tweets&q=%22Shimmer%20%26%20Glow%20Liquid%20Eye%20Shadow%22&src=typed&max_position=TWEET-928316967148228612-983323198610550784>
None
2018-04-14 15:15:04 [scrapy] DEBUG: Scraped from <200 https://twitter.com/i/search/timeline?l=en&f=tweets&q=%22Shimmer%20%26%20Glow%20Liquid%20Eye%20Shadow%22&src=typed&max_position=TWEET-928316967148228612-983323198610550784>
None
2018-04-14 15:15:04 [scrapy] DEBUG: Scraped from <200 https://twitter.com/i/search/timeline?l=en&f=tweets&q=%22Shimmer%20%26%20Glow%20Liquid%20Eye%20Shadow%22&src=typed&max_position=TWEET-928316967148228612-983323198610550784>
None
2018-04-14 15:15:04 [scrapy] DEBUG: Scraped from <200 https://twitter.com/i/search/timeline?l=en&f=tweets&q=%22Shimmer%20%26%20Glow%20Liquid%20Eye%20Shadow%22&src=typed&max_position=TWEET-928316967148228612-983323198610550784>
None
2018-04-14 15:15:04 [scrapy] DEBUG: Scraped from <200 https://twitter.com/i/search/timeline?l=en&f=tweets&q=%22Shimmer%20%26%20Glow%20Liquid%20Eye%20Shadow%22&src=typed&max_position=TWEET-928316967148228612-983323198610550784>
None
2018-04-14 15:15:05 [scrapy] DEBUG: Crawled (200) <GET https://twitter.com/i/search/timeline?l=en&f=tweets&q=%22Shimmer%20%26%20Glow%20Liquid%20Eye%20Shadow%22&src=typed&max_position=TWEET-907938378779447296-983323198610550784> (referer: https://twitter.com/i/search/timeline?l=en&f=tweets&q=%22Shimmer%20%26%20Glow%20Liquid%20Eye%20Shadow%22&src=typed&max_position=TWEET-928316967148228612-983323198610550784)
2018-04-14 15:15:05 [scrapy] DEBUG: Scraped from <200 https://twitter.com/i/search/timeline?l=en&f=tweets&q=%22Shimmer%20%26%20Glow%20Liquid%20Eye%20Shadow%22&src=typed&max_position=TWEET-907938378779447296-983323198610550784>
None
2018-04-14 15:15:05 [scrapy] DEBUG: Crawled (200) <GET https://twitter.com/i/search/timeline?l=en&f=tweets&q=%22Shimmer%20%26%20Glow%20Liquid%20Eye%20Shadow%22&src=typed&max_position=TWEET-907938339004788737-983323198610550784> (referer: https://twitter.com/i/search/timeline?l=en&f=tweets&q=%22Shimmer%20%26%20Glow%20Liquid%20Eye%20Shadow%22&src=typed&max_position=TWEET-907938378779447296-983323198610550784)
2018-04-14 15:15:05 [scrapy] DEBUG: Filtered duplicate request: <GET https://twitter.com/i/search/timeline?l=en&f=tweets&q=%22Shimmer%20%26%20Glow%20Liquid%20Eye%20Shadow%22&src=typed&max_position=TWEET-907938339004788737-983323198610550784> - no more duplicates will be shown (see DUPEFILTER_DEBUG to show all duplicates)
2018-04-14 15:15:05 [scrapy] INFO: Closing spider (finished)
2018-04-14 15:15:05 [scrapy] INFO: Dumping Scrapy stats:
{'downloader/request_bytes': 5013,
 'downloader/request_count': 6,
 'downloader/request_method_count/GET': 6,
 'downloader/response_bytes': 68749,
 'downloader/response_count': 6,
 'downloader/response_status_count/200': 6,
 'dupefilter/filtered': 1,
 'finish_reason': 'finished',
 'finish_time': datetime.datetime(2018, 4, 14, 20, 15, 5, 630627),
 'item_scraped_count': 81,
 'log_count/DEBUG': 169,
 'log_count/ERROR': 81,
 'log_count/INFO': 6,
 'memusage/max': 65413120,
 'memusage/startup': 65413120,
 'request_depth_max': 6,
 'response_received_count': 6,
 'scheduler/dequeued': 6,
 'scheduler/dequeued/memory': 6,
 'scheduler/enqueued': 6,
 'scheduler/enqueued/memory': 6,
 'start_time': datetime.datetime(2018, 4, 14, 20, 14, 55, 462310)}
2018-04-14 15:15:05 [scrapy] INFO: Spider closed (finished)
