2018-04-14 14:55:59 [scrapy] DEBUG: Crawled (200) <GET https://twitter.com/i/search/timeline?l=en&f=tweets&q=Giorgio%20Armani%20Beauty%20Eyes%20To%20Kill%20Macro-Color%20Eyeshadow&src=typed&max_position=> (referer: None)
2018-04-14 14:56:00 [scrapy] DEBUG: Scraped from <200 https://twitter.com/i/search/timeline?l=en&f=tweets&q=Giorgio%20Armani%20Beauty%20Eyes%20To%20Kill%20Macro-Color%20Eyeshadow&src=typed&max_position=>
None
2018-04-14 14:56:00 [scrapy] DEBUG: Scraped from <200 https://twitter.com/i/search/timeline?l=en&f=tweets&q=Giorgio%20Armani%20Beauty%20Eyes%20To%20Kill%20Macro-Color%20Eyeshadow&src=typed&max_position=>
None
2018-04-14 14:56:00 [scrapy] DEBUG: Scraped from <200 https://twitter.com/i/search/timeline?l=en&f=tweets&q=Giorgio%20Armani%20Beauty%20Eyes%20To%20Kill%20Macro-Color%20Eyeshadow&src=typed&max_position=>
None
2018-04-14 14:56:00 [scrapy] DEBUG: Crawled (200) <GET https://twitter.com/i/search/timeline?l=en&f=tweets&q=Giorgio%20Armani%20Beauty%20Eyes%20To%20Kill%20Macro-Color%20Eyeshadow&src=typed&max_position=TWEET-460494112454496257-460563775813193729> (referer: https://twitter.com/i/search/timeline?l=en&f=tweets&q=Giorgio%20Armani%20Beauty%20Eyes%20To%20Kill%20Macro-Color%20Eyeshadow&src=typed&max_position=)
2018-04-14 14:56:00 [scrapy] DEBUG: Filtered duplicate request: <GET https://twitter.com/i/search/timeline?l=en&f=tweets&q=Giorgio%20Armani%20Beauty%20Eyes%20To%20Kill%20Macro-Color%20Eyeshadow&src=typed&max_position=TWEET-460494112454496257-460563775813193729> - no more duplicates will be shown (see DUPEFILTER_DEBUG to show all duplicates)
2018-04-14 14:56:00 [scrapy] INFO: Closing spider (finished)
2018-04-14 14:56:00 [scrapy] INFO: Dumping Scrapy stats:
{'downloader/request_bytes': 1265,
 'downloader/request_count': 2,
 'downloader/request_method_count/GET': 2,
 'downloader/response_bytes': 6178,
 'downloader/response_count': 2,
 'downloader/response_status_count/200': 2,
 'dupefilter/filtered': 1,
 'finish_reason': 'finished',
 'finish_time': datetime.datetime(2018, 4, 14, 19, 56, 0, 692458),
 'item_scraped_count': 3,
 'log_count/DEBUG': 9,
 'log_count/ERROR': 3,
 'log_count/INFO': 6,
 'memusage/max': 63221760,
 'memusage/startup': 63221760,
 'request_depth_max': 2,
 'response_received_count': 2,
 'scheduler/dequeued': 2,
 'scheduler/dequeued/memory': 2,
 'scheduler/enqueued': 2,
 'scheduler/enqueued/memory': 2,
 'start_time': datetime.datetime(2018, 4, 14, 19, 55, 59, 385675)}
2018-04-14 14:56:00 [scrapy] INFO: Spider closed (finished)
