2018-04-14 14:51:19 [scrapy] DEBUG: Crawled (200) <GET https://twitter.com/i/search/timeline?l=en&f=tweets&q=Natasha%20Denona%20Blackest%20Black%20Eyeshadow%20Matte&src=typed&max_position=> (referer: None)
2018-04-14 14:51:19 [scrapy] DEBUG: Scraped from <200 https://twitter.com/i/search/timeline?l=en&f=tweets&q=Natasha%20Denona%20Blackest%20Black%20Eyeshadow%20Matte&src=typed&max_position=>
None
2018-04-14 14:51:19 [scrapy] DEBUG: Scraped from <200 https://twitter.com/i/search/timeline?l=en&f=tweets&q=Natasha%20Denona%20Blackest%20Black%20Eyeshadow%20Matte&src=typed&max_position=>
None
2018-04-14 14:51:19 [scrapy] DEBUG: Scraped from <200 https://twitter.com/i/search/timeline?l=en&f=tweets&q=Natasha%20Denona%20Blackest%20Black%20Eyeshadow%20Matte&src=typed&max_position=>
None
2018-04-14 14:51:19 [scrapy] DEBUG: Scraped from <200 https://twitter.com/i/search/timeline?l=en&f=tweets&q=Natasha%20Denona%20Blackest%20Black%20Eyeshadow%20Matte&src=typed&max_position=>
None
2018-04-14 14:51:19 [scrapy] DEBUG: Scraped from <200 https://twitter.com/i/search/timeline?l=en&f=tweets&q=Natasha%20Denona%20Blackest%20Black%20Eyeshadow%20Matte&src=typed&max_position=>
None
2018-04-14 14:51:19 [scrapy] DEBUG: Scraped from <200 https://twitter.com/i/search/timeline?l=en&f=tweets&q=Natasha%20Denona%20Blackest%20Black%20Eyeshadow%20Matte&src=typed&max_position=>
None
2018-04-14 14:51:19 [scrapy] DEBUG: Scraped from <200 https://twitter.com/i/search/timeline?l=en&f=tweets&q=Natasha%20Denona%20Blackest%20Black%20Eyeshadow%20Matte&src=typed&max_position=>
None
2018-04-14 14:51:19 [scrapy] DEBUG: Scraped from <200 https://twitter.com/i/search/timeline?l=en&f=tweets&q=Natasha%20Denona%20Blackest%20Black%20Eyeshadow%20Matte&src=typed&max_position=>
None
2018-04-14 14:51:19 [scrapy] DEBUG: Scraped from <200 https://twitter.com/i/search/timeline?l=en&f=tweets&q=Natasha%20Denona%20Blackest%20Black%20Eyeshadow%20Matte&src=typed&max_position=>
None
2018-04-14 14:51:19 [scrapy] DEBUG: Scraped from <200 https://twitter.com/i/search/timeline?l=en&f=tweets&q=Natasha%20Denona%20Blackest%20Black%20Eyeshadow%20Matte&src=typed&max_position=>
None
2018-04-14 14:51:19 [scrapy] DEBUG: Scraped from <200 https://twitter.com/i/search/timeline?l=en&f=tweets&q=Natasha%20Denona%20Blackest%20Black%20Eyeshadow%20Matte&src=typed&max_position=>
None
2018-04-14 14:51:19 [scrapy] DEBUG: Scraped from <200 https://twitter.com/i/search/timeline?l=en&f=tweets&q=Natasha%20Denona%20Blackest%20Black%20Eyeshadow%20Matte&src=typed&max_position=>
None
2018-04-14 14:51:20 [scrapy] DEBUG: Scraped from <200 https://twitter.com/i/search/timeline?l=en&f=tweets&q=Natasha%20Denona%20Blackest%20Black%20Eyeshadow%20Matte&src=typed&max_position=>
None
2018-04-14 14:51:20 [scrapy] DEBUG: Scraped from <200 https://twitter.com/i/search/timeline?l=en&f=tweets&q=Natasha%20Denona%20Blackest%20Black%20Eyeshadow%20Matte&src=typed&max_position=>
None
2018-04-14 14:51:20 [scrapy] DEBUG: Scraped from <200 https://twitter.com/i/search/timeline?l=en&f=tweets&q=Natasha%20Denona%20Blackest%20Black%20Eyeshadow%20Matte&src=typed&max_position=>
None
2018-04-14 14:51:20 [scrapy] DEBUG: Scraped from <200 https://twitter.com/i/search/timeline?l=en&f=tweets&q=Natasha%20Denona%20Blackest%20Black%20Eyeshadow%20Matte&src=typed&max_position=>
None
2018-04-14 14:51:20 [scrapy] DEBUG: Scraped from <200 https://twitter.com/i/search/timeline?l=en&f=tweets&q=Natasha%20Denona%20Blackest%20Black%20Eyeshadow%20Matte&src=typed&max_position=>
None
2018-04-14 14:51:20 [scrapy] DEBUG: Scraped from <200 https://twitter.com/i/search/timeline?l=en&f=tweets&q=Natasha%20Denona%20Blackest%20Black%20Eyeshadow%20Matte&src=typed&max_position=>
None
2018-04-14 14:51:20 [scrapy] DEBUG: Scraped from <200 https://twitter.com/i/search/timeline?l=en&f=tweets&q=Natasha%20Denona%20Blackest%20Black%20Eyeshadow%20Matte&src=typed&max_position=>
None
2018-04-14 14:51:20 [scrapy] DEBUG: Scraped from <200 https://twitter.com/i/search/timeline?l=en&f=tweets&q=Natasha%20Denona%20Blackest%20Black%20Eyeshadow%20Matte&src=typed&max_position=>
None
2018-04-14 14:51:20 [scrapy] DEBUG: Crawled (200) <GET https://twitter.com/i/search/timeline?l=en&f=tweets&q=Natasha%20Denona%20Blackest%20Black%20Eyeshadow%20Matte&src=typed&max_position=TWEET-664926460742778880-961845446678274056> (referer: https://twitter.com/i/search/timeline?l=en&f=tweets&q=Natasha%20Denona%20Blackest%20Black%20Eyeshadow%20Matte&src=typed&max_position=)
2018-04-14 14:51:21 [scrapy] DEBUG: Scraped from <200 https://twitter.com/i/search/timeline?l=en&f=tweets&q=Natasha%20Denona%20Blackest%20Black%20Eyeshadow%20Matte&src=typed&max_position=TWEET-664926460742778880-961845446678274056>
None
2018-04-14 14:51:21 [scrapy] DEBUG: Scraped from <200 https://twitter.com/i/search/timeline?l=en&f=tweets&q=Natasha%20Denona%20Blackest%20Black%20Eyeshadow%20Matte&src=typed&max_position=TWEET-664926460742778880-961845446678274056>
None
2018-04-14 14:51:21 [scrapy] DEBUG: Scraped from <200 https://twitter.com/i/search/timeline?l=en&f=tweets&q=Natasha%20Denona%20Blackest%20Black%20Eyeshadow%20Matte&src=typed&max_position=TWEET-664926460742778880-961845446678274056>
None
2018-04-14 14:51:21 [scrapy] DEBUG: Scraped from <200 https://twitter.com/i/search/timeline?l=en&f=tweets&q=Natasha%20Denona%20Blackest%20Black%20Eyeshadow%20Matte&src=typed&max_position=TWEET-664926460742778880-961845446678274056>
None
2018-04-14 14:51:21 [scrapy] DEBUG: Scraped from <200 https://twitter.com/i/search/timeline?l=en&f=tweets&q=Natasha%20Denona%20Blackest%20Black%20Eyeshadow%20Matte&src=typed&max_position=TWEET-664926460742778880-961845446678274056>
None
2018-04-14 14:51:21 [scrapy] DEBUG: Crawled (200) <GET https://twitter.com/i/search/timeline?l=en&f=tweets&q=Natasha%20Denona%20Blackest%20Black%20Eyeshadow%20Matte&src=typed&max_position=TWEET-551018688716218368-961845446678274056> (referer: https://twitter.com/i/search/timeline?l=en&f=tweets&q=Natasha%20Denona%20Blackest%20Black%20Eyeshadow%20Matte&src=typed&max_position=TWEET-664926460742778880-961845446678274056)
2018-04-14 14:51:21 [scrapy] DEBUG: Filtered duplicate request: <GET https://twitter.com/i/search/timeline?l=en&f=tweets&q=Natasha%20Denona%20Blackest%20Black%20Eyeshadow%20Matte&src=typed&max_position=TWEET-551018688716218368-961845446678274056> - no more duplicates will be shown (see DUPEFILTER_DEBUG to show all duplicates)
2018-04-14 14:51:21 [scrapy] INFO: Closing spider (finished)
2018-04-14 14:51:21 [scrapy] INFO: Dumping Scrapy stats:
{'downloader/request_bytes': 2190,
 'downloader/request_count': 3,
 'downloader/request_method_count/GET': 3,
 'downloader/response_bytes': 20651,
 'downloader/response_count': 3,
 'downloader/response_status_count/200': 3,
 'dupefilter/filtered': 1,
 'finish_reason': 'finished',
 'finish_time': datetime.datetime(2018, 4, 14, 19, 51, 21, 642804),
 'item_scraped_count': 25,
 'log_count/DEBUG': 54,
 'log_count/ERROR': 25,
 'log_count/INFO': 6,
 'memusage/max': 63221760,
 'memusage/startup': 63221760,
 'request_depth_max': 3,
 'response_received_count': 3,
 'scheduler/dequeued': 3,
 'scheduler/dequeued/memory': 3,
 'scheduler/enqueued': 3,
 'scheduler/enqueued/memory': 3,
 'start_time': datetime.datetime(2018, 4, 14, 19, 51, 18, 158884)}
2018-04-14 14:51:21 [scrapy] INFO: Spider closed (finished)
