2018-04-14 14:46:48 [scrapy] DEBUG: Crawled (200) <GET https://twitter.com/i/search/timeline?l=en&f=tweets&q=stila%20Glitter%20%26%20Glow%20Liquid%20Eye%20Shadow&src=typed&max_position=> (referer: None)
2018-04-14 14:46:49 [scrapy] DEBUG: Scraped from <200 https://twitter.com/i/search/timeline?l=en&f=tweets&q=stila%20Glitter%20%26%20Glow%20Liquid%20Eye%20Shadow&src=typed&max_position=>
None
2018-04-14 14:46:49 [scrapy] DEBUG: Scraped from <200 https://twitter.com/i/search/timeline?l=en&f=tweets&q=stila%20Glitter%20%26%20Glow%20Liquid%20Eye%20Shadow&src=typed&max_position=>
None
2018-04-14 14:46:49 [scrapy] DEBUG: Scraped from <200 https://twitter.com/i/search/timeline?l=en&f=tweets&q=stila%20Glitter%20%26%20Glow%20Liquid%20Eye%20Shadow&src=typed&max_position=>
None
2018-04-14 14:46:49 [scrapy] DEBUG: Scraped from <200 https://twitter.com/i/search/timeline?l=en&f=tweets&q=stila%20Glitter%20%26%20Glow%20Liquid%20Eye%20Shadow&src=typed&max_position=>
None
2018-04-14 14:46:49 [scrapy] DEBUG: Scraped from <200 https://twitter.com/i/search/timeline?l=en&f=tweets&q=stila%20Glitter%20%26%20Glow%20Liquid%20Eye%20Shadow&src=typed&max_position=>
None
2018-04-14 14:46:49 [scrapy] DEBUG: Scraped from <200 https://twitter.com/i/search/timeline?l=en&f=tweets&q=stila%20Glitter%20%26%20Glow%20Liquid%20Eye%20Shadow&src=typed&max_position=>
None
2018-04-14 14:46:49 [scrapy] DEBUG: Scraped from <200 https://twitter.com/i/search/timeline?l=en&f=tweets&q=stila%20Glitter%20%26%20Glow%20Liquid%20Eye%20Shadow&src=typed&max_position=>
None
2018-04-14 14:46:49 [scrapy] DEBUG: Scraped from <200 https://twitter.com/i/search/timeline?l=en&f=tweets&q=stila%20Glitter%20%26%20Glow%20Liquid%20Eye%20Shadow&src=typed&max_position=>
None
2018-04-14 14:46:49 [scrapy] DEBUG: Scraped from <200 https://twitter.com/i/search/timeline?l=en&f=tweets&q=stila%20Glitter%20%26%20Glow%20Liquid%20Eye%20Shadow&src=typed&max_position=>
None
2018-04-14 14:46:49 [scrapy] DEBUG: Scraped from <200 https://twitter.com/i/search/timeline?l=en&f=tweets&q=stila%20Glitter%20%26%20Glow%20Liquid%20Eye%20Shadow&src=typed&max_position=>
None
2018-04-14 14:46:49 [scrapy] DEBUG: Scraped from <200 https://twitter.com/i/search/timeline?l=en&f=tweets&q=stila%20Glitter%20%26%20Glow%20Liquid%20Eye%20Shadow&src=typed&max_position=>
None
2018-04-14 14:46:49 [scrapy] DEBUG: Scraped from <200 https://twitter.com/i/search/timeline?l=en&f=tweets&q=stila%20Glitter%20%26%20Glow%20Liquid%20Eye%20Shadow&src=typed&max_position=>
None
2018-04-14 14:46:49 [scrapy] DEBUG: Scraped from <200 https://twitter.com/i/search/timeline?l=en&f=tweets&q=stila%20Glitter%20%26%20Glow%20Liquid%20Eye%20Shadow&src=typed&max_position=>
None
2018-04-14 14:46:49 [scrapy] DEBUG: Scraped from <200 https://twitter.com/i/search/timeline?l=en&f=tweets&q=stila%20Glitter%20%26%20Glow%20Liquid%20Eye%20Shadow&src=typed&max_position=>
None
2018-04-14 14:46:49 [scrapy] DEBUG: Scraped from <200 https://twitter.com/i/search/timeline?l=en&f=tweets&q=stila%20Glitter%20%26%20Glow%20Liquid%20Eye%20Shadow&src=typed&max_position=>
None
2018-04-14 14:46:49 [scrapy] DEBUG: Scraped from <200 https://twitter.com/i/search/timeline?l=en&f=tweets&q=stila%20Glitter%20%26%20Glow%20Liquid%20Eye%20Shadow&src=typed&max_position=>
None
2018-04-14 14:46:49 [scrapy] DEBUG: Scraped from <200 https://twitter.com/i/search/timeline?l=en&f=tweets&q=stila%20Glitter%20%26%20Glow%20Liquid%20Eye%20Shadow&src=typed&max_position=>
None
2018-04-14 14:46:51 [scrapy] DEBUG: Crawled (200) <GET https://twitter.com/i/search/timeline?l=en&f=tweets&q=stila%20Glitter%20%26%20Glow%20Liquid%20Eye%20Shadow&src=typed&max_position=TWEET-981809541133283329-985004822007971840> (referer: https://twitter.com/i/search/timeline?l=en&f=tweets&q=stila%20Glitter%20%26%20Glow%20Liquid%20Eye%20Shadow&src=typed&max_position=)
2018-04-14 14:46:51 [scrapy] DEBUG: Scraped from <200 https://twitter.com/i/search/timeline?l=en&f=tweets&q=stila%20Glitter%20%26%20Glow%20Liquid%20Eye%20Shadow&src=typed&max_position=TWEET-981809541133283329-985004822007971840>
None
2018-04-14 14:46:51 [scrapy] DEBUG: Scraped from <200 https://twitter.com/i/search/timeline?l=en&f=tweets&q=stila%20Glitter%20%26%20Glow%20Liquid%20Eye%20Shadow&src=typed&max_position=TWEET-981809541133283329-985004822007971840>
None
2018-04-14 14:46:51 [scrapy] DEBUG: Scraped from <200 https://twitter.com/i/search/timeline?l=en&f=tweets&q=stila%20Glitter%20%26%20Glow%20Liquid%20Eye%20Shadow&src=typed&max_position=TWEET-981809541133283329-985004822007971840>
None
2018-04-14 14:46:51 [scrapy] DEBUG: Scraped from <200 https://twitter.com/i/search/timeline?l=en&f=tweets&q=stila%20Glitter%20%26%20Glow%20Liquid%20Eye%20Shadow&src=typed&max_position=TWEET-981809541133283329-985004822007971840>
None
2018-04-14 14:46:51 [scrapy] DEBUG: Scraped from <200 https://twitter.com/i/search/timeline?l=en&f=tweets&q=stila%20Glitter%20%26%20Glow%20Liquid%20Eye%20Shadow&src=typed&max_position=TWEET-981809541133283329-985004822007971840>
None
2018-04-14 14:46:52 [scrapy] DEBUG: Scraped from <200 https://twitter.com/i/search/timeline?l=en&f=tweets&q=stila%20Glitter%20%26%20Glow%20Liquid%20Eye%20Shadow&src=typed&max_position=TWEET-981809541133283329-985004822007971840>
None
2018-04-14 14:46:52 [scrapy] DEBUG: Scraped from <200 https://twitter.com/i/search/timeline?l=en&f=tweets&q=stila%20Glitter%20%26%20Glow%20Liquid%20Eye%20Shadow&src=typed&max_position=TWEET-981809541133283329-985004822007971840>
None
2018-04-14 14:46:52 [scrapy] DEBUG: Scraped from <200 https://twitter.com/i/search/timeline?l=en&f=tweets&q=stila%20Glitter%20%26%20Glow%20Liquid%20Eye%20Shadow&src=typed&max_position=TWEET-981809541133283329-985004822007971840>
None
2018-04-14 14:46:52 [scrapy] DEBUG: Scraped from <200 https://twitter.com/i/search/timeline?l=en&f=tweets&q=stila%20Glitter%20%26%20Glow%20Liquid%20Eye%20Shadow&src=typed&max_position=TWEET-981809541133283329-985004822007971840>
None
2018-04-14 14:46:52 [scrapy] DEBUG: Scraped from <200 https://twitter.com/i/search/timeline?l=en&f=tweets&q=stila%20Glitter%20%26%20Glow%20Liquid%20Eye%20Shadow&src=typed&max_position=TWEET-981809541133283329-985004822007971840>
None
2018-04-14 14:46:52 [scrapy] DEBUG: Scraped from <200 https://twitter.com/i/search/timeline?l=en&f=tweets&q=stila%20Glitter%20%26%20Glow%20Liquid%20Eye%20Shadow&src=typed&max_position=TWEET-981809541133283329-985004822007971840>
None
2018-04-14 14:46:52 [scrapy] DEBUG: Scraped from <200 https://twitter.com/i/search/timeline?l=en&f=tweets&q=stila%20Glitter%20%26%20Glow%20Liquid%20Eye%20Shadow&src=typed&max_position=TWEET-981809541133283329-985004822007971840>
None
2018-04-14 14:46:52 [scrapy] DEBUG: Scraped from <200 https://twitter.com/i/search/timeline?l=en&f=tweets&q=stila%20Glitter%20%26%20Glow%20Liquid%20Eye%20Shadow&src=typed&max_position=TWEET-981809541133283329-985004822007971840>
None
2018-04-14 14:46:52 [scrapy] DEBUG: Scraped from <200 https://twitter.com/i/search/timeline?l=en&f=tweets&q=stila%20Glitter%20%26%20Glow%20Liquid%20Eye%20Shadow&src=typed&max_position=TWEET-981809541133283329-985004822007971840>
None
2018-04-14 14:46:54 [scrapy] DEBUG: Crawled (200) <GET https://twitter.com/i/search/timeline?l=en&f=tweets&q=stila%20Glitter%20%26%20Glow%20Liquid%20Eye%20Shadow&src=typed&max_position=TWEET-979145272633757697-985004822007971840> (referer: https://twitter.com/i/search/timeline?l=en&f=tweets&q=stila%20Glitter%20%26%20Glow%20Liquid%20Eye%20Shadow&src=typed&max_position=TWEET-981809541133283329-985004822007971840)
2018-04-14 14:46:54 [scrapy] DEBUG: Scraped from <200 https://twitter.com/i/search/timeline?l=en&f=tweets&q=stila%20Glitter%20%26%20Glow%20Liquid%20Eye%20Shadow&src=typed&max_position=TWEET-979145272633757697-985004822007971840>
None
2018-04-14 14:46:54 [scrapy] DEBUG: Scraped from <200 https://twitter.com/i/search/timeline?l=en&f=tweets&q=stila%20Glitter%20%26%20Glow%20Liquid%20Eye%20Shadow&src=typed&max_position=TWEET-979145272633757697-985004822007971840>
None
2018-04-14 14:46:54 [scrapy] DEBUG: Scraped from <200 https://twitter.com/i/search/timeline?l=en&f=tweets&q=stila%20Glitter%20%26%20Glow%20Liquid%20Eye%20Shadow&src=typed&max_position=TWEET-979145272633757697-985004822007971840>
None
2018-04-14 14:46:54 [scrapy] DEBUG: Scraped from <200 https://twitter.com/i/search/timeline?l=en&f=tweets&q=stila%20Glitter%20%26%20Glow%20Liquid%20Eye%20Shadow&src=typed&max_position=TWEET-979145272633757697-985004822007971840>
None
2018-04-14 14:46:54 [scrapy] DEBUG: Scraped from <200 https://twitter.com/i/search/timeline?l=en&f=tweets&q=stila%20Glitter%20%26%20Glow%20Liquid%20Eye%20Shadow&src=typed&max_position=TWEET-979145272633757697-985004822007971840>
None
2018-04-14 14:46:55 [scrapy] DEBUG: Scraped from <200 https://twitter.com/i/search/timeline?l=en&f=tweets&q=stila%20Glitter%20%26%20Glow%20Liquid%20Eye%20Shadow&src=typed&max_position=TWEET-979145272633757697-985004822007971840>
None
2018-04-14 14:46:55 [scrapy] DEBUG: Scraped from <200 https://twitter.com/i/search/timeline?l=en&f=tweets&q=stila%20Glitter%20%26%20Glow%20Liquid%20Eye%20Shadow&src=typed&max_position=TWEET-979145272633757697-985004822007971840>
None
2018-04-14 14:46:55 [scrapy] DEBUG: Scraped from <200 https://twitter.com/i/search/timeline?l=en&f=tweets&q=stila%20Glitter%20%26%20Glow%20Liquid%20Eye%20Shadow&src=typed&max_position=TWEET-979145272633757697-985004822007971840>
None
2018-04-14 14:46:55 [scrapy] DEBUG: Scraped from <200 https://twitter.com/i/search/timeline?l=en&f=tweets&q=stila%20Glitter%20%26%20Glow%20Liquid%20Eye%20Shadow&src=typed&max_position=TWEET-979145272633757697-985004822007971840>
None
2018-04-14 14:46:55 [scrapy] DEBUG: Scraped from <200 https://twitter.com/i/search/timeline?l=en&f=tweets&q=stila%20Glitter%20%26%20Glow%20Liquid%20Eye%20Shadow&src=typed&max_position=TWEET-979145272633757697-985004822007971840>
None
2018-04-14 14:46:55 [scrapy] DEBUG: Scraped from <200 https://twitter.com/i/search/timeline?l=en&f=tweets&q=stila%20Glitter%20%26%20Glow%20Liquid%20Eye%20Shadow&src=typed&max_position=TWEET-979145272633757697-985004822007971840>
None
2018-04-14 14:46:56 [scrapy] DEBUG: Scraped from <200 https://twitter.com/i/search/timeline?l=en&f=tweets&q=stila%20Glitter%20%26%20Glow%20Liquid%20Eye%20Shadow&src=typed&max_position=TWEET-979145272633757697-985004822007971840>
None
2018-04-14 14:46:56 [scrapy] DEBUG: Scraped from <200 https://twitter.com/i/search/timeline?l=en&f=tweets&q=stila%20Glitter%20%26%20Glow%20Liquid%20Eye%20Shadow&src=typed&max_position=TWEET-979145272633757697-985004822007971840>
None
2018-04-14 14:46:56 [scrapy] DEBUG: Scraped from <200 https://twitter.com/i/search/timeline?l=en&f=tweets&q=stila%20Glitter%20%26%20Glow%20Liquid%20Eye%20Shadow&src=typed&max_position=TWEET-979145272633757697-985004822007971840>
None
2018-04-14 14:46:56 [scrapy] DEBUG: Scraped from <200 https://twitter.com/i/search/timeline?l=en&f=tweets&q=stila%20Glitter%20%26%20Glow%20Liquid%20Eye%20Shadow&src=typed&max_position=TWEET-979145272633757697-985004822007971840>
None
2018-04-14 14:46:58 [scrapy] DEBUG: Crawled (200) <GET https://twitter.com/i/search/timeline?l=en&f=tweets&q=stila%20Glitter%20%26%20Glow%20Liquid%20Eye%20Shadow&src=typed&max_position=TWEET-977122801097236481-985004822007971840> (referer: https://twitter.com/i/search/timeline?l=en&f=tweets&q=stila%20Glitter%20%26%20Glow%20Liquid%20Eye%20Shadow&src=typed&max_position=TWEET-979145272633757697-985004822007971840)
2018-04-14 14:46:59 [scrapy] DEBUG: Scraped from <200 https://twitter.com/i/search/timeline?l=en&f=tweets&q=stila%20Glitter%20%26%20Glow%20Liquid%20Eye%20Shadow&src=typed&max_position=TWEET-977122801097236481-985004822007971840>
None
2018-04-14 14:46:59 [scrapy] DEBUG: Scraped from <200 https://twitter.com/i/search/timeline?l=en&f=tweets&q=stila%20Glitter%20%26%20Glow%20Liquid%20Eye%20Shadow&src=typed&max_position=TWEET-977122801097236481-985004822007971840>
None
2018-04-14 14:46:59 [scrapy] DEBUG: Scraped from <200 https://twitter.com/i/search/timeline?l=en&f=tweets&q=stila%20Glitter%20%26%20Glow%20Liquid%20Eye%20Shadow&src=typed&max_position=TWEET-977122801097236481-985004822007971840>
None
2018-04-14 14:46:59 [scrapy] DEBUG: Scraped from <200 https://twitter.com/i/search/timeline?l=en&f=tweets&q=stila%20Glitter%20%26%20Glow%20Liquid%20Eye%20Shadow&src=typed&max_position=TWEET-977122801097236481-985004822007971840>
None
2018-04-14 14:46:59 [scrapy] DEBUG: Scraped from <200 https://twitter.com/i/search/timeline?l=en&f=tweets&q=stila%20Glitter%20%26%20Glow%20Liquid%20Eye%20Shadow&src=typed&max_position=TWEET-977122801097236481-985004822007971840>
None
2018-04-14 14:46:59 [scrapy] DEBUG: Scraped from <200 https://twitter.com/i/search/timeline?l=en&f=tweets&q=stila%20Glitter%20%26%20Glow%20Liquid%20Eye%20Shadow&src=typed&max_position=TWEET-977122801097236481-985004822007971840>
None
2018-04-14 14:46:59 [scrapy] DEBUG: Scraped from <200 https://twitter.com/i/search/timeline?l=en&f=tweets&q=stila%20Glitter%20%26%20Glow%20Liquid%20Eye%20Shadow&src=typed&max_position=TWEET-977122801097236481-985004822007971840>
None
2018-04-14 14:46:59 [scrapy] DEBUG: Scraped from <200 https://twitter.com/i/search/timeline?l=en&f=tweets&q=stila%20Glitter%20%26%20Glow%20Liquid%20Eye%20Shadow&src=typed&max_position=TWEET-977122801097236481-985004822007971840>
None
2018-04-14 14:46:59 [scrapy] DEBUG: Scraped from <200 https://twitter.com/i/search/timeline?l=en&f=tweets&q=stila%20Glitter%20%26%20Glow%20Liquid%20Eye%20Shadow&src=typed&max_position=TWEET-977122801097236481-985004822007971840>
None
2018-04-14 14:46:59 [scrapy] DEBUG: Scraped from <200 https://twitter.com/i/search/timeline?l=en&f=tweets&q=stila%20Glitter%20%26%20Glow%20Liquid%20Eye%20Shadow&src=typed&max_position=TWEET-977122801097236481-985004822007971840>
None
2018-04-14 14:46:59 [scrapy] DEBUG: Scraped from <200 https://twitter.com/i/search/timeline?l=en&f=tweets&q=stila%20Glitter%20%26%20Glow%20Liquid%20Eye%20Shadow&src=typed&max_position=TWEET-977122801097236481-985004822007971840>
None
2018-04-14 14:46:59 [scrapy] DEBUG: Scraped from <200 https://twitter.com/i/search/timeline?l=en&f=tweets&q=stila%20Glitter%20%26%20Glow%20Liquid%20Eye%20Shadow&src=typed&max_position=TWEET-977122801097236481-985004822007971840>
None
2018-04-14 14:47:00 [scrapy] DEBUG: Crawled (200) <GET https://twitter.com/i/search/timeline?l=en&f=tweets&q=stila%20Glitter%20%26%20Glow%20Liquid%20Eye%20Shadow&src=typed&max_position=TWEET-975826553073557505-985004822007971840> (referer: https://twitter.com/i/search/timeline?l=en&f=tweets&q=stila%20Glitter%20%26%20Glow%20Liquid%20Eye%20Shadow&src=typed&max_position=TWEET-977122801097236481-985004822007971840)
2018-04-14 14:47:00 [scrapy] DEBUG: Scraped from <200 https://twitter.com/i/search/timeline?l=en&f=tweets&q=stila%20Glitter%20%26%20Glow%20Liquid%20Eye%20Shadow&src=typed&max_position=TWEET-975826553073557505-985004822007971840>
None
2018-04-14 14:47:00 [scrapy] DEBUG: Scraped from <200 https://twitter.com/i/search/timeline?l=en&f=tweets&q=stila%20Glitter%20%26%20Glow%20Liquid%20Eye%20Shadow&src=typed&max_position=TWEET-975826553073557505-985004822007971840>
None
2018-04-14 14:47:01 [scrapy] DEBUG: Scraped from <200 https://twitter.com/i/search/timeline?l=en&f=tweets&q=stila%20Glitter%20%26%20Glow%20Liquid%20Eye%20Shadow&src=typed&max_position=TWEET-975826553073557505-985004822007971840>
None
2018-04-14 14:47:01 [scrapy] DEBUG: Scraped from <200 https://twitter.com/i/search/timeline?l=en&f=tweets&q=stila%20Glitter%20%26%20Glow%20Liquid%20Eye%20Shadow&src=typed&max_position=TWEET-975826553073557505-985004822007971840>
None
2018-04-14 14:47:01 [scrapy] DEBUG: Scraped from <200 https://twitter.com/i/search/timeline?l=en&f=tweets&q=stila%20Glitter%20%26%20Glow%20Liquid%20Eye%20Shadow&src=typed&max_position=TWEET-975826553073557505-985004822007971840>
None
2018-04-14 14:47:01 [scrapy] DEBUG: Scraped from <200 https://twitter.com/i/search/timeline?l=en&f=tweets&q=stila%20Glitter%20%26%20Glow%20Liquid%20Eye%20Shadow&src=typed&max_position=TWEET-975826553073557505-985004822007971840>
None
2018-04-14 14:47:01 [scrapy] DEBUG: Scraped from <200 https://twitter.com/i/search/timeline?l=en&f=tweets&q=stila%20Glitter%20%26%20Glow%20Liquid%20Eye%20Shadow&src=typed&max_position=TWEET-975826553073557505-985004822007971840>
None
2018-04-14 14:47:01 [scrapy] DEBUG: Scraped from <200 https://twitter.com/i/search/timeline?l=en&f=tweets&q=stila%20Glitter%20%26%20Glow%20Liquid%20Eye%20Shadow&src=typed&max_position=TWEET-975826553073557505-985004822007971840>
None
2018-04-14 14:47:01 [scrapy] DEBUG: Scraped from <200 https://twitter.com/i/search/timeline?l=en&f=tweets&q=stila%20Glitter%20%26%20Glow%20Liquid%20Eye%20Shadow&src=typed&max_position=TWEET-975826553073557505-985004822007971840>
None
2018-04-14 14:47:01 [scrapy] DEBUG: Scraped from <200 https://twitter.com/i/search/timeline?l=en&f=tweets&q=stila%20Glitter%20%26%20Glow%20Liquid%20Eye%20Shadow&src=typed&max_position=TWEET-975826553073557505-985004822007971840>
None
2018-04-14 14:47:01 [scrapy] DEBUG: Scraped from <200 https://twitter.com/i/search/timeline?l=en&f=tweets&q=stila%20Glitter%20%26%20Glow%20Liquid%20Eye%20Shadow&src=typed&max_position=TWEET-975826553073557505-985004822007971840>
None
2018-04-14 14:47:02 [scrapy] DEBUG: Crawled (200) <GET https://twitter.com/i/search/timeline?l=en&f=tweets&q=stila%20Glitter%20%26%20Glow%20Liquid%20Eye%20Shadow&src=typed&max_position=TWEET-972991738024480768-985004822007971840> (referer: https://twitter.com/i/search/timeline?l=en&f=tweets&q=stila%20Glitter%20%26%20Glow%20Liquid%20Eye%20Shadow&src=typed&max_position=TWEET-975826553073557505-985004822007971840)
2018-04-14 14:47:02 [scrapy] DEBUG: Scraped from <200 https://twitter.com/i/search/timeline?l=en&f=tweets&q=stila%20Glitter%20%26%20Glow%20Liquid%20Eye%20Shadow&src=typed&max_position=TWEET-972991738024480768-985004822007971840>
None
2018-04-14 14:47:02 [scrapy] DEBUG: Scraped from <200 https://twitter.com/i/search/timeline?l=en&f=tweets&q=stila%20Glitter%20%26%20Glow%20Liquid%20Eye%20Shadow&src=typed&max_position=TWEET-972991738024480768-985004822007971840>
None
2018-04-14 14:47:02 [scrapy] DEBUG: Scraped from <200 https://twitter.com/i/search/timeline?l=en&f=tweets&q=stila%20Glitter%20%26%20Glow%20Liquid%20Eye%20Shadow&src=typed&max_position=TWEET-972991738024480768-985004822007971840>
None
2018-04-14 14:47:02 [scrapy] DEBUG: Scraped from <200 https://twitter.com/i/search/timeline?l=en&f=tweets&q=stila%20Glitter%20%26%20Glow%20Liquid%20Eye%20Shadow&src=typed&max_position=TWEET-972991738024480768-985004822007971840>
None
2018-04-14 14:47:02 [scrapy] DEBUG: Scraped from <200 https://twitter.com/i/search/timeline?l=en&f=tweets&q=stila%20Glitter%20%26%20Glow%20Liquid%20Eye%20Shadow&src=typed&max_position=TWEET-972991738024480768-985004822007971840>
None
2018-04-14 14:47:03 [scrapy] DEBUG: Scraped from <200 https://twitter.com/i/search/timeline?l=en&f=tweets&q=stila%20Glitter%20%26%20Glow%20Liquid%20Eye%20Shadow&src=typed&max_position=TWEET-972991738024480768-985004822007971840>
None
2018-04-14 14:47:03 [scrapy] DEBUG: Scraped from <200 https://twitter.com/i/search/timeline?l=en&f=tweets&q=stila%20Glitter%20%26%20Glow%20Liquid%20Eye%20Shadow&src=typed&max_position=TWEET-972991738024480768-985004822007971840>
None
2018-04-14 14:47:03 [scrapy] DEBUG: Scraped from <200 https://twitter.com/i/search/timeline?l=en&f=tweets&q=stila%20Glitter%20%26%20Glow%20Liquid%20Eye%20Shadow&src=typed&max_position=TWEET-972991738024480768-985004822007971840>
None
2018-04-14 14:47:03 [scrapy] DEBUG: Scraped from <200 https://twitter.com/i/search/timeline?l=en&f=tweets&q=stila%20Glitter%20%26%20Glow%20Liquid%20Eye%20Shadow&src=typed&max_position=TWEET-972991738024480768-985004822007971840>
None
2018-04-14 14:47:03 [scrapy] DEBUG: Scraped from <200 https://twitter.com/i/search/timeline?l=en&f=tweets&q=stila%20Glitter%20%26%20Glow%20Liquid%20Eye%20Shadow&src=typed&max_position=TWEET-972991738024480768-985004822007971840>
None
2018-04-14 14:47:03 [scrapy] DEBUG: Scraped from <200 https://twitter.com/i/search/timeline?l=en&f=tweets&q=stila%20Glitter%20%26%20Glow%20Liquid%20Eye%20Shadow&src=typed&max_position=TWEET-972991738024480768-985004822007971840>
None
2018-04-14 14:47:03 [scrapy] DEBUG: Scraped from <200 https://twitter.com/i/search/timeline?l=en&f=tweets&q=stila%20Glitter%20%26%20Glow%20Liquid%20Eye%20Shadow&src=typed&max_position=TWEET-972991738024480768-985004822007971840>
None
2018-04-14 14:47:03 [scrapy] DEBUG: Scraped from <200 https://twitter.com/i/search/timeline?l=en&f=tweets&q=stila%20Glitter%20%26%20Glow%20Liquid%20Eye%20Shadow&src=typed&max_position=TWEET-972991738024480768-985004822007971840>
None
2018-04-14 14:47:03 [scrapy] DEBUG: Scraped from <200 https://twitter.com/i/search/timeline?l=en&f=tweets&q=stila%20Glitter%20%26%20Glow%20Liquid%20Eye%20Shadow&src=typed&max_position=TWEET-972991738024480768-985004822007971840>
None
2018-04-14 14:47:03 [scrapy] DEBUG: Scraped from <200 https://twitter.com/i/search/timeline?l=en&f=tweets&q=stila%20Glitter%20%26%20Glow%20Liquid%20Eye%20Shadow&src=typed&max_position=TWEET-972991738024480768-985004822007971840>
None
2018-04-14 14:47:03 [scrapy] DEBUG: Scraped from <200 https://twitter.com/i/search/timeline?l=en&f=tweets&q=stila%20Glitter%20%26%20Glow%20Liquid%20Eye%20Shadow&src=typed&max_position=TWEET-972991738024480768-985004822007971840>
None
2018-04-14 14:47:03 [scrapy] DEBUG: Scraped from <200 https://twitter.com/i/search/timeline?l=en&f=tweets&q=stila%20Glitter%20%26%20Glow%20Liquid%20Eye%20Shadow&src=typed&max_position=TWEET-972991738024480768-985004822007971840>
None
2018-04-14 14:47:03 [scrapy] DEBUG: Scraped from <200 https://twitter.com/i/search/timeline?l=en&f=tweets&q=stila%20Glitter%20%26%20Glow%20Liquid%20Eye%20Shadow&src=typed&max_position=TWEET-972991738024480768-985004822007971840>
None
2018-04-14 14:47:04 [scrapy] DEBUG: Crawled (200) <GET https://twitter.com/i/search/timeline?l=en&f=tweets&q=stila%20Glitter%20%26%20Glow%20Liquid%20Eye%20Shadow&src=typed&max_position=TWEET-971113811271929856-985004822007971840> (referer: https://twitter.com/i/search/timeline?l=en&f=tweets&q=stila%20Glitter%20%26%20Glow%20Liquid%20Eye%20Shadow&src=typed&max_position=TWEET-972991738024480768-985004822007971840)
2018-04-14 14:47:04 [scrapy] DEBUG: Scraped from <200 https://twitter.com/i/search/timeline?l=en&f=tweets&q=stila%20Glitter%20%26%20Glow%20Liquid%20Eye%20Shadow&src=typed&max_position=TWEET-971113811271929856-985004822007971840>
None
2018-04-14 14:47:04 [scrapy] DEBUG: Scraped from <200 https://twitter.com/i/search/timeline?l=en&f=tweets&q=stila%20Glitter%20%26%20Glow%20Liquid%20Eye%20Shadow&src=typed&max_position=TWEET-971113811271929856-985004822007971840>
None
2018-04-14 14:47:04 [scrapy] DEBUG: Scraped from <200 https://twitter.com/i/search/timeline?l=en&f=tweets&q=stila%20Glitter%20%26%20Glow%20Liquid%20Eye%20Shadow&src=typed&max_position=TWEET-971113811271929856-985004822007971840>
None
2018-04-14 14:47:04 [scrapy] DEBUG: Scraped from <200 https://twitter.com/i/search/timeline?l=en&f=tweets&q=stila%20Glitter%20%26%20Glow%20Liquid%20Eye%20Shadow&src=typed&max_position=TWEET-971113811271929856-985004822007971840>
None
2018-04-14 14:47:04 [scrapy] DEBUG: Scraped from <200 https://twitter.com/i/search/timeline?l=en&f=tweets&q=stila%20Glitter%20%26%20Glow%20Liquid%20Eye%20Shadow&src=typed&max_position=TWEET-971113811271929856-985004822007971840>
None
2018-04-14 14:47:05 [scrapy] DEBUG: Scraped from <200 https://twitter.com/i/search/timeline?l=en&f=tweets&q=stila%20Glitter%20%26%20Glow%20Liquid%20Eye%20Shadow&src=typed&max_position=TWEET-971113811271929856-985004822007971840>
None
2018-04-14 14:47:05 [scrapy] DEBUG: Scraped from <200 https://twitter.com/i/search/timeline?l=en&f=tweets&q=stila%20Glitter%20%26%20Glow%20Liquid%20Eye%20Shadow&src=typed&max_position=TWEET-971113811271929856-985004822007971840>
None
2018-04-14 14:47:05 [scrapy] DEBUG: Scraped from <200 https://twitter.com/i/search/timeline?l=en&f=tweets&q=stila%20Glitter%20%26%20Glow%20Liquid%20Eye%20Shadow&src=typed&max_position=TWEET-971113811271929856-985004822007971840>
None
2018-04-14 14:47:05 [scrapy] DEBUG: Scraped from <200 https://twitter.com/i/search/timeline?l=en&f=tweets&q=stila%20Glitter%20%26%20Glow%20Liquid%20Eye%20Shadow&src=typed&max_position=TWEET-971113811271929856-985004822007971840>
None
2018-04-14 14:47:05 [scrapy] DEBUG: Scraped from <200 https://twitter.com/i/search/timeline?l=en&f=tweets&q=stila%20Glitter%20%26%20Glow%20Liquid%20Eye%20Shadow&src=typed&max_position=TWEET-971113811271929856-985004822007971840>
None
2018-04-14 14:47:05 [scrapy] DEBUG: Scraped from <200 https://twitter.com/i/search/timeline?l=en&f=tweets&q=stila%20Glitter%20%26%20Glow%20Liquid%20Eye%20Shadow&src=typed&max_position=TWEET-971113811271929856-985004822007971840>
None
2018-04-14 14:47:05 [scrapy] DEBUG: Scraped from <200 https://twitter.com/i/search/timeline?l=en&f=tweets&q=stila%20Glitter%20%26%20Glow%20Liquid%20Eye%20Shadow&src=typed&max_position=TWEET-971113811271929856-985004822007971840>
None
2018-04-14 14:47:05 [scrapy] DEBUG: Scraped from <200 https://twitter.com/i/search/timeline?l=en&f=tweets&q=stila%20Glitter%20%26%20Glow%20Liquid%20Eye%20Shadow&src=typed&max_position=TWEET-971113811271929856-985004822007971840>
None
2018-04-14 14:47:05 [scrapy] DEBUG: Scraped from <200 https://twitter.com/i/search/timeline?l=en&f=tweets&q=stila%20Glitter%20%26%20Glow%20Liquid%20Eye%20Shadow&src=typed&max_position=TWEET-971113811271929856-985004822007971840>
None
2018-04-14 14:47:06 [scrapy] DEBUG: Crawled (200) <GET https://twitter.com/i/search/timeline?l=en&f=tweets&q=stila%20Glitter%20%26%20Glow%20Liquid%20Eye%20Shadow&src=typed&max_position=TWEET-970046195392548864-985004822007971840> (referer: https://twitter.com/i/search/timeline?l=en&f=tweets&q=stila%20Glitter%20%26%20Glow%20Liquid%20Eye%20Shadow&src=typed&max_position=TWEET-971113811271929856-985004822007971840)
2018-04-14 14:47:06 [scrapy] DEBUG: Scraped from <200 https://twitter.com/i/search/timeline?l=en&f=tweets&q=stila%20Glitter%20%26%20Glow%20Liquid%20Eye%20Shadow&src=typed&max_position=TWEET-970046195392548864-985004822007971840>
None
2018-04-14 14:47:06 [scrapy] DEBUG: Scraped from <200 https://twitter.com/i/search/timeline?l=en&f=tweets&q=stila%20Glitter%20%26%20Glow%20Liquid%20Eye%20Shadow&src=typed&max_position=TWEET-970046195392548864-985004822007971840>
None
2018-04-14 14:47:06 [scrapy] DEBUG: Scraped from <200 https://twitter.com/i/search/timeline?l=en&f=tweets&q=stila%20Glitter%20%26%20Glow%20Liquid%20Eye%20Shadow&src=typed&max_position=TWEET-970046195392548864-985004822007971840>
None
2018-04-14 14:47:06 [scrapy] DEBUG: Scraped from <200 https://twitter.com/i/search/timeline?l=en&f=tweets&q=stila%20Glitter%20%26%20Glow%20Liquid%20Eye%20Shadow&src=typed&max_position=TWEET-970046195392548864-985004822007971840>
None
2018-04-14 14:47:06 [scrapy] DEBUG: Scraped from <200 https://twitter.com/i/search/timeline?l=en&f=tweets&q=stila%20Glitter%20%26%20Glow%20Liquid%20Eye%20Shadow&src=typed&max_position=TWEET-970046195392548864-985004822007971840>
None
2018-04-14 14:47:06 [scrapy] DEBUG: Scraped from <200 https://twitter.com/i/search/timeline?l=en&f=tweets&q=stila%20Glitter%20%26%20Glow%20Liquid%20Eye%20Shadow&src=typed&max_position=TWEET-970046195392548864-985004822007971840>
None
2018-04-14 14:47:06 [scrapy] DEBUG: Scraped from <200 https://twitter.com/i/search/timeline?l=en&f=tweets&q=stila%20Glitter%20%26%20Glow%20Liquid%20Eye%20Shadow&src=typed&max_position=TWEET-970046195392548864-985004822007971840>
None
2018-04-14 14:47:06 [scrapy] DEBUG: Scraped from <200 https://twitter.com/i/search/timeline?l=en&f=tweets&q=stila%20Glitter%20%26%20Glow%20Liquid%20Eye%20Shadow&src=typed&max_position=TWEET-970046195392548864-985004822007971840>
None
2018-04-14 14:47:07 [scrapy] DEBUG: Scraped from <200 https://twitter.com/i/search/timeline?l=en&f=tweets&q=stila%20Glitter%20%26%20Glow%20Liquid%20Eye%20Shadow&src=typed&max_position=TWEET-970046195392548864-985004822007971840>
None
2018-04-14 14:47:07 [scrapy] DEBUG: Scraped from <200 https://twitter.com/i/search/timeline?l=en&f=tweets&q=stila%20Glitter%20%26%20Glow%20Liquid%20Eye%20Shadow&src=typed&max_position=TWEET-970046195392548864-985004822007971840>
None
2018-04-14 14:47:07 [scrapy] DEBUG: Scraped from <200 https://twitter.com/i/search/timeline?l=en&f=tweets&q=stila%20Glitter%20%26%20Glow%20Liquid%20Eye%20Shadow&src=typed&max_position=TWEET-970046195392548864-985004822007971840>
None
2018-04-14 14:47:07 [scrapy] DEBUG: Scraped from <200 https://twitter.com/i/search/timeline?l=en&f=tweets&q=stila%20Glitter%20%26%20Glow%20Liquid%20Eye%20Shadow&src=typed&max_position=TWEET-970046195392548864-985004822007971840>
None
2018-04-14 14:47:07 [scrapy] DEBUG: Scraped from <200 https://twitter.com/i/search/timeline?l=en&f=tweets&q=stila%20Glitter%20%26%20Glow%20Liquid%20Eye%20Shadow&src=typed&max_position=TWEET-970046195392548864-985004822007971840>
None
2018-04-14 14:47:07 [scrapy] DEBUG: Scraped from <200 https://twitter.com/i/search/timeline?l=en&f=tweets&q=stila%20Glitter%20%26%20Glow%20Liquid%20Eye%20Shadow&src=typed&max_position=TWEET-970046195392548864-985004822007971840>
None
2018-04-14 14:47:07 [scrapy] DEBUG: Scraped from <200 https://twitter.com/i/search/timeline?l=en&f=tweets&q=stila%20Glitter%20%26%20Glow%20Liquid%20Eye%20Shadow&src=typed&max_position=TWEET-970046195392548864-985004822007971840>
None
2018-04-14 14:47:07 [scrapy] DEBUG: Scraped from <200 https://twitter.com/i/search/timeline?l=en&f=tweets&q=stila%20Glitter%20%26%20Glow%20Liquid%20Eye%20Shadow&src=typed&max_position=TWEET-970046195392548864-985004822007971840>
None
2018-04-14 14:47:08 [scrapy] DEBUG: Crawled (200) <GET https://twitter.com/i/search/timeline?l=en&f=tweets&q=stila%20Glitter%20%26%20Glow%20Liquid%20Eye%20Shadow&src=typed&max_position=TWEET-967855504037990400-985004822007971840> (referer: https://twitter.com/i/search/timeline?l=en&f=tweets&q=stila%20Glitter%20%26%20Glow%20Liquid%20Eye%20Shadow&src=typed&max_position=TWEET-970046195392548864-985004822007971840)
2018-04-14 14:47:08 [scrapy] DEBUG: Scraped from <200 https://twitter.com/i/search/timeline?l=en&f=tweets&q=stila%20Glitter%20%26%20Glow%20Liquid%20Eye%20Shadow&src=typed&max_position=TWEET-967855504037990400-985004822007971840>
None
2018-04-14 14:47:08 [scrapy] DEBUG: Scraped from <200 https://twitter.com/i/search/timeline?l=en&f=tweets&q=stila%20Glitter%20%26%20Glow%20Liquid%20Eye%20Shadow&src=typed&max_position=TWEET-967855504037990400-985004822007971840>
None
2018-04-14 14:47:08 [scrapy] DEBUG: Scraped from <200 https://twitter.com/i/search/timeline?l=en&f=tweets&q=stila%20Glitter%20%26%20Glow%20Liquid%20Eye%20Shadow&src=typed&max_position=TWEET-967855504037990400-985004822007971840>
None
2018-04-14 14:47:08 [scrapy] DEBUG: Scraped from <200 https://twitter.com/i/search/timeline?l=en&f=tweets&q=stila%20Glitter%20%26%20Glow%20Liquid%20Eye%20Shadow&src=typed&max_position=TWEET-967855504037990400-985004822007971840>
None
2018-04-14 14:47:08 [scrapy] DEBUG: Scraped from <200 https://twitter.com/i/search/timeline?l=en&f=tweets&q=stila%20Glitter%20%26%20Glow%20Liquid%20Eye%20Shadow&src=typed&max_position=TWEET-967855504037990400-985004822007971840>
None
2018-04-14 14:47:08 [scrapy] DEBUG: Scraped from <200 https://twitter.com/i/search/timeline?l=en&f=tweets&q=stila%20Glitter%20%26%20Glow%20Liquid%20Eye%20Shadow&src=typed&max_position=TWEET-967855504037990400-985004822007971840>
None
2018-04-14 14:47:08 [scrapy] DEBUG: Scraped from <200 https://twitter.com/i/search/timeline?l=en&f=tweets&q=stila%20Glitter%20%26%20Glow%20Liquid%20Eye%20Shadow&src=typed&max_position=TWEET-967855504037990400-985004822007971840>
None
2018-04-14 14:47:08 [scrapy] DEBUG: Scraped from <200 https://twitter.com/i/search/timeline?l=en&f=tweets&q=stila%20Glitter%20%26%20Glow%20Liquid%20Eye%20Shadow&src=typed&max_position=TWEET-967855504037990400-985004822007971840>
None
2018-04-14 14:47:08 [scrapy] DEBUG: Scraped from <200 https://twitter.com/i/search/timeline?l=en&f=tweets&q=stila%20Glitter%20%26%20Glow%20Liquid%20Eye%20Shadow&src=typed&max_position=TWEET-967855504037990400-985004822007971840>
None
2018-04-14 14:47:08 [scrapy] DEBUG: Scraped from <200 https://twitter.com/i/search/timeline?l=en&f=tweets&q=stila%20Glitter%20%26%20Glow%20Liquid%20Eye%20Shadow&src=typed&max_position=TWEET-967855504037990400-985004822007971840>
None
2018-04-14 14:47:08 [scrapy] DEBUG: Scraped from <200 https://twitter.com/i/search/timeline?l=en&f=tweets&q=stila%20Glitter%20%26%20Glow%20Liquid%20Eye%20Shadow&src=typed&max_position=TWEET-967855504037990400-985004822007971840>
None
2018-04-14 14:47:08 [scrapy] DEBUG: Scraped from <200 https://twitter.com/i/search/timeline?l=en&f=tweets&q=stila%20Glitter%20%26%20Glow%20Liquid%20Eye%20Shadow&src=typed&max_position=TWEET-967855504037990400-985004822007971840>
None
2018-04-14 14:47:08 [scrapy] DEBUG: Scraped from <200 https://twitter.com/i/search/timeline?l=en&f=tweets&q=stila%20Glitter%20%26%20Glow%20Liquid%20Eye%20Shadow&src=typed&max_position=TWEET-967855504037990400-985004822007971840>
None
2018-04-14 14:47:08 [scrapy] DEBUG: Scraped from <200 https://twitter.com/i/search/timeline?l=en&f=tweets&q=stila%20Glitter%20%26%20Glow%20Liquid%20Eye%20Shadow&src=typed&max_position=TWEET-967855504037990400-985004822007971840>
None
2018-04-14 14:47:08 [scrapy] DEBUG: Scraped from <200 https://twitter.com/i/search/timeline?l=en&f=tweets&q=stila%20Glitter%20%26%20Glow%20Liquid%20Eye%20Shadow&src=typed&max_position=TWEET-967855504037990400-985004822007971840>
None
2018-04-14 14:47:08 [scrapy] DEBUG: Scraped from <200 https://twitter.com/i/search/timeline?l=en&f=tweets&q=stila%20Glitter%20%26%20Glow%20Liquid%20Eye%20Shadow&src=typed&max_position=TWEET-967855504037990400-985004822007971840>
None
2018-04-14 14:47:09 [scrapy] DEBUG: Scraped from <200 https://twitter.com/i/search/timeline?l=en&f=tweets&q=stila%20Glitter%20%26%20Glow%20Liquid%20Eye%20Shadow&src=typed&max_position=TWEET-967855504037990400-985004822007971840>
None
2018-04-14 14:47:09 [scrapy] DEBUG: Scraped from <200 https://twitter.com/i/search/timeline?l=en&f=tweets&q=stila%20Glitter%20%26%20Glow%20Liquid%20Eye%20Shadow&src=typed&max_position=TWEET-967855504037990400-985004822007971840>
None
2018-04-14 14:47:09 [scrapy] DEBUG: Scraped from <200 https://twitter.com/i/search/timeline?l=en&f=tweets&q=stila%20Glitter%20%26%20Glow%20Liquid%20Eye%20Shadow&src=typed&max_position=TWEET-967855504037990400-985004822007971840>
None
2018-04-14 14:47:09 [scrapy] DEBUG: Scraped from <200 https://twitter.com/i/search/timeline?l=en&f=tweets&q=stila%20Glitter%20%26%20Glow%20Liquid%20Eye%20Shadow&src=typed&max_position=TWEET-967855504037990400-985004822007971840>
None
2018-04-14 14:47:09 [scrapy] DEBUG: Crawled (200) <GET https://twitter.com/i/search/timeline?l=en&f=tweets&q=stila%20Glitter%20%26%20Glow%20Liquid%20Eye%20Shadow&src=typed&max_position=TWEET-963432654824755200-985004822007971840> (referer: https://twitter.com/i/search/timeline?l=en&f=tweets&q=stila%20Glitter%20%26%20Glow%20Liquid%20Eye%20Shadow&src=typed&max_position=TWEET-967855504037990400-985004822007971840)
2018-04-14 14:47:10 [scrapy] DEBUG: Scraped from <200 https://twitter.com/i/search/timeline?l=en&f=tweets&q=stila%20Glitter%20%26%20Glow%20Liquid%20Eye%20Shadow&src=typed&max_position=TWEET-963432654824755200-985004822007971840>
None
2018-04-14 14:47:10 [scrapy] DEBUG: Scraped from <200 https://twitter.com/i/search/timeline?l=en&f=tweets&q=stila%20Glitter%20%26%20Glow%20Liquid%20Eye%20Shadow&src=typed&max_position=TWEET-963432654824755200-985004822007971840>
None
2018-04-14 14:47:10 [scrapy] DEBUG: Scraped from <200 https://twitter.com/i/search/timeline?l=en&f=tweets&q=stila%20Glitter%20%26%20Glow%20Liquid%20Eye%20Shadow&src=typed&max_position=TWEET-963432654824755200-985004822007971840>
None
2018-04-14 14:47:10 [scrapy] DEBUG: Scraped from <200 https://twitter.com/i/search/timeline?l=en&f=tweets&q=stila%20Glitter%20%26%20Glow%20Liquid%20Eye%20Shadow&src=typed&max_position=TWEET-963432654824755200-985004822007971840>
None
2018-04-14 14:47:10 [scrapy] DEBUG: Scraped from <200 https://twitter.com/i/search/timeline?l=en&f=tweets&q=stila%20Glitter%20%26%20Glow%20Liquid%20Eye%20Shadow&src=typed&max_position=TWEET-963432654824755200-985004822007971840>
None
2018-04-14 14:47:10 [scrapy] DEBUG: Scraped from <200 https://twitter.com/i/search/timeline?l=en&f=tweets&q=stila%20Glitter%20%26%20Glow%20Liquid%20Eye%20Shadow&src=typed&max_position=TWEET-963432654824755200-985004822007971840>
None
2018-04-14 14:47:10 [scrapy] DEBUG: Scraped from <200 https://twitter.com/i/search/timeline?l=en&f=tweets&q=stila%20Glitter%20%26%20Glow%20Liquid%20Eye%20Shadow&src=typed&max_position=TWEET-963432654824755200-985004822007971840>
None
2018-04-14 14:47:10 [scrapy] DEBUG: Scraped from <200 https://twitter.com/i/search/timeline?l=en&f=tweets&q=stila%20Glitter%20%26%20Glow%20Liquid%20Eye%20Shadow&src=typed&max_position=TWEET-963432654824755200-985004822007971840>
None
2018-04-14 14:47:10 [scrapy] DEBUG: Scraped from <200 https://twitter.com/i/search/timeline?l=en&f=tweets&q=stila%20Glitter%20%26%20Glow%20Liquid%20Eye%20Shadow&src=typed&max_position=TWEET-963432654824755200-985004822007971840>
None
2018-04-14 14:47:10 [scrapy] DEBUG: Scraped from <200 https://twitter.com/i/search/timeline?l=en&f=tweets&q=stila%20Glitter%20%26%20Glow%20Liquid%20Eye%20Shadow&src=typed&max_position=TWEET-963432654824755200-985004822007971840>
None
2018-04-14 14:47:10 [scrapy] DEBUG: Scraped from <200 https://twitter.com/i/search/timeline?l=en&f=tweets&q=stila%20Glitter%20%26%20Glow%20Liquid%20Eye%20Shadow&src=typed&max_position=TWEET-963432654824755200-985004822007971840>
None
2018-04-14 14:47:10 [scrapy] DEBUG: Scraped from <200 https://twitter.com/i/search/timeline?l=en&f=tweets&q=stila%20Glitter%20%26%20Glow%20Liquid%20Eye%20Shadow&src=typed&max_position=TWEET-963432654824755200-985004822007971840>
None
2018-04-14 14:47:10 [scrapy] DEBUG: Scraped from <200 https://twitter.com/i/search/timeline?l=en&f=tweets&q=stila%20Glitter%20%26%20Glow%20Liquid%20Eye%20Shadow&src=typed&max_position=TWEET-963432654824755200-985004822007971840>
None
2018-04-14 14:47:10 [scrapy] DEBUG: Scraped from <200 https://twitter.com/i/search/timeline?l=en&f=tweets&q=stila%20Glitter%20%26%20Glow%20Liquid%20Eye%20Shadow&src=typed&max_position=TWEET-963432654824755200-985004822007971840>
None
2018-04-14 14:47:10 [scrapy] DEBUG: Scraped from <200 https://twitter.com/i/search/timeline?l=en&f=tweets&q=stila%20Glitter%20%26%20Glow%20Liquid%20Eye%20Shadow&src=typed&max_position=TWEET-963432654824755200-985004822007971840>
None
2018-04-14 14:47:11 [scrapy] DEBUG: Scraped from <200 https://twitter.com/i/search/timeline?l=en&f=tweets&q=stila%20Glitter%20%26%20Glow%20Liquid%20Eye%20Shadow&src=typed&max_position=TWEET-963432654824755200-985004822007971840>
None
2018-04-14 14:47:11 [scrapy] DEBUG: Scraped from <200 https://twitter.com/i/search/timeline?l=en&f=tweets&q=stila%20Glitter%20%26%20Glow%20Liquid%20Eye%20Shadow&src=typed&max_position=TWEET-963432654824755200-985004822007971840>
None
2018-04-14 14:47:11 [scrapy] DEBUG: Crawled (200) <GET https://twitter.com/i/search/timeline?l=en&f=tweets&q=stila%20Glitter%20%26%20Glow%20Liquid%20Eye%20Shadow&src=typed&max_position=TWEET-961430709087952896-985004822007971840> (referer: https://twitter.com/i/search/timeline?l=en&f=tweets&q=stila%20Glitter%20%26%20Glow%20Liquid%20Eye%20Shadow&src=typed&max_position=TWEET-963432654824755200-985004822007971840)
2018-04-14 14:47:11 [scrapy] DEBUG: Scraped from <200 https://twitter.com/i/search/timeline?l=en&f=tweets&q=stila%20Glitter%20%26%20Glow%20Liquid%20Eye%20Shadow&src=typed&max_position=TWEET-961430709087952896-985004822007971840>
None
2018-04-14 14:47:11 [scrapy] DEBUG: Scraped from <200 https://twitter.com/i/search/timeline?l=en&f=tweets&q=stila%20Glitter%20%26%20Glow%20Liquid%20Eye%20Shadow&src=typed&max_position=TWEET-961430709087952896-985004822007971840>
None
2018-04-14 14:47:11 [scrapy] DEBUG: Scraped from <200 https://twitter.com/i/search/timeline?l=en&f=tweets&q=stila%20Glitter%20%26%20Glow%20Liquid%20Eye%20Shadow&src=typed&max_position=TWEET-961430709087952896-985004822007971840>
None
2018-04-14 14:47:11 [scrapy] DEBUG: Scraped from <200 https://twitter.com/i/search/timeline?l=en&f=tweets&q=stila%20Glitter%20%26%20Glow%20Liquid%20Eye%20Shadow&src=typed&max_position=TWEET-961430709087952896-985004822007971840>
None
2018-04-14 14:47:11 [scrapy] DEBUG: Scraped from <200 https://twitter.com/i/search/timeline?l=en&f=tweets&q=stila%20Glitter%20%26%20Glow%20Liquid%20Eye%20Shadow&src=typed&max_position=TWEET-961430709087952896-985004822007971840>
None
2018-04-14 14:47:12 [scrapy] DEBUG: Scraped from <200 https://twitter.com/i/search/timeline?l=en&f=tweets&q=stila%20Glitter%20%26%20Glow%20Liquid%20Eye%20Shadow&src=typed&max_position=TWEET-961430709087952896-985004822007971840>
None
2018-04-14 14:47:12 [scrapy] DEBUG: Scraped from <200 https://twitter.com/i/search/timeline?l=en&f=tweets&q=stila%20Glitter%20%26%20Glow%20Liquid%20Eye%20Shadow&src=typed&max_position=TWEET-961430709087952896-985004822007971840>
None
2018-04-14 14:47:12 [scrapy] DEBUG: Scraped from <200 https://twitter.com/i/search/timeline?l=en&f=tweets&q=stila%20Glitter%20%26%20Glow%20Liquid%20Eye%20Shadow&src=typed&max_position=TWEET-961430709087952896-985004822007971840>
None
2018-04-14 14:47:12 [scrapy] DEBUG: Scraped from <200 https://twitter.com/i/search/timeline?l=en&f=tweets&q=stila%20Glitter%20%26%20Glow%20Liquid%20Eye%20Shadow&src=typed&max_position=TWEET-961430709087952896-985004822007971840>
None
2018-04-14 14:47:12 [scrapy] DEBUG: Scraped from <200 https://twitter.com/i/search/timeline?l=en&f=tweets&q=stila%20Glitter%20%26%20Glow%20Liquid%20Eye%20Shadow&src=typed&max_position=TWEET-961430709087952896-985004822007971840>
None
2018-04-14 14:47:12 [scrapy] DEBUG: Scraped from <200 https://twitter.com/i/search/timeline?l=en&f=tweets&q=stila%20Glitter%20%26%20Glow%20Liquid%20Eye%20Shadow&src=typed&max_position=TWEET-961430709087952896-985004822007971840>
None
2018-04-14 14:47:12 [scrapy] DEBUG: Scraped from <200 https://twitter.com/i/search/timeline?l=en&f=tweets&q=stila%20Glitter%20%26%20Glow%20Liquid%20Eye%20Shadow&src=typed&max_position=TWEET-961430709087952896-985004822007971840>
None
2018-04-14 14:47:12 [scrapy] DEBUG: Scraped from <200 https://twitter.com/i/search/timeline?l=en&f=tweets&q=stila%20Glitter%20%26%20Glow%20Liquid%20Eye%20Shadow&src=typed&max_position=TWEET-961430709087952896-985004822007971840>
None
2018-04-14 14:47:12 [scrapy] DEBUG: Scraped from <200 https://twitter.com/i/search/timeline?l=en&f=tweets&q=stila%20Glitter%20%26%20Glow%20Liquid%20Eye%20Shadow&src=typed&max_position=TWEET-961430709087952896-985004822007971840>
None
2018-04-14 14:47:12 [scrapy] DEBUG: Scraped from <200 https://twitter.com/i/search/timeline?l=en&f=tweets&q=stila%20Glitter%20%26%20Glow%20Liquid%20Eye%20Shadow&src=typed&max_position=TWEET-961430709087952896-985004822007971840>
None
2018-04-14 14:47:12 [scrapy] DEBUG: Scraped from <200 https://twitter.com/i/search/timeline?l=en&f=tweets&q=stila%20Glitter%20%26%20Glow%20Liquid%20Eye%20Shadow&src=typed&max_position=TWEET-961430709087952896-985004822007971840>
None
2018-04-14 14:47:13 [scrapy] DEBUG: Crawled (200) <GET https://twitter.com/i/search/timeline?l=en&f=tweets&q=stila%20Glitter%20%26%20Glow%20Liquid%20Eye%20Shadow&src=typed&max_position=TWEET-957633710400200706-985004822007971840> (referer: https://twitter.com/i/search/timeline?l=en&f=tweets&q=stila%20Glitter%20%26%20Glow%20Liquid%20Eye%20Shadow&src=typed&max_position=TWEET-961430709087952896-985004822007971840)
2018-04-14 14:47:13 [scrapy] DEBUG: Scraped from <200 https://twitter.com/i/search/timeline?l=en&f=tweets&q=stila%20Glitter%20%26%20Glow%20Liquid%20Eye%20Shadow&src=typed&max_position=TWEET-957633710400200706-985004822007971840>
None
2018-04-14 14:47:13 [scrapy] DEBUG: Scraped from <200 https://twitter.com/i/search/timeline?l=en&f=tweets&q=stila%20Glitter%20%26%20Glow%20Liquid%20Eye%20Shadow&src=typed&max_position=TWEET-957633710400200706-985004822007971840>
None
2018-04-14 14:47:13 [scrapy] DEBUG: Scraped from <200 https://twitter.com/i/search/timeline?l=en&f=tweets&q=stila%20Glitter%20%26%20Glow%20Liquid%20Eye%20Shadow&src=typed&max_position=TWEET-957633710400200706-985004822007971840>
None
2018-04-14 14:47:13 [scrapy] DEBUG: Scraped from <200 https://twitter.com/i/search/timeline?l=en&f=tweets&q=stila%20Glitter%20%26%20Glow%20Liquid%20Eye%20Shadow&src=typed&max_position=TWEET-957633710400200706-985004822007971840>
None
2018-04-14 14:47:13 [scrapy] DEBUG: Scraped from <200 https://twitter.com/i/search/timeline?l=en&f=tweets&q=stila%20Glitter%20%26%20Glow%20Liquid%20Eye%20Shadow&src=typed&max_position=TWEET-957633710400200706-985004822007971840>
None
2018-04-14 14:47:13 [scrapy] DEBUG: Scraped from <200 https://twitter.com/i/search/timeline?l=en&f=tweets&q=stila%20Glitter%20%26%20Glow%20Liquid%20Eye%20Shadow&src=typed&max_position=TWEET-957633710400200706-985004822007971840>
None
2018-04-14 14:47:13 [scrapy] DEBUG: Scraped from <200 https://twitter.com/i/search/timeline?l=en&f=tweets&q=stila%20Glitter%20%26%20Glow%20Liquid%20Eye%20Shadow&src=typed&max_position=TWEET-957633710400200706-985004822007971840>
None
2018-04-14 14:47:13 [scrapy] DEBUG: Scraped from <200 https://twitter.com/i/search/timeline?l=en&f=tweets&q=stila%20Glitter%20%26%20Glow%20Liquid%20Eye%20Shadow&src=typed&max_position=TWEET-957633710400200706-985004822007971840>
None
2018-04-14 14:47:13 [scrapy] DEBUG: Scraped from <200 https://twitter.com/i/search/timeline?l=en&f=tweets&q=stila%20Glitter%20%26%20Glow%20Liquid%20Eye%20Shadow&src=typed&max_position=TWEET-957633710400200706-985004822007971840>
None
2018-04-14 14:47:13 [scrapy] DEBUG: Scraped from <200 https://twitter.com/i/search/timeline?l=en&f=tweets&q=stila%20Glitter%20%26%20Glow%20Liquid%20Eye%20Shadow&src=typed&max_position=TWEET-957633710400200706-985004822007971840>
None
2018-04-14 14:47:13 [scrapy] DEBUG: Scraped from <200 https://twitter.com/i/search/timeline?l=en&f=tweets&q=stila%20Glitter%20%26%20Glow%20Liquid%20Eye%20Shadow&src=typed&max_position=TWEET-957633710400200706-985004822007971840>
None
2018-04-14 14:47:13 [scrapy] DEBUG: Scraped from <200 https://twitter.com/i/search/timeline?l=en&f=tweets&q=stila%20Glitter%20%26%20Glow%20Liquid%20Eye%20Shadow&src=typed&max_position=TWEET-957633710400200706-985004822007971840>
None
2018-04-14 14:47:13 [scrapy] DEBUG: Scraped from <200 https://twitter.com/i/search/timeline?l=en&f=tweets&q=stila%20Glitter%20%26%20Glow%20Liquid%20Eye%20Shadow&src=typed&max_position=TWEET-957633710400200706-985004822007971840>
None
2018-04-14 14:47:13 [scrapy] DEBUG: Scraped from <200 https://twitter.com/i/search/timeline?l=en&f=tweets&q=stila%20Glitter%20%26%20Glow%20Liquid%20Eye%20Shadow&src=typed&max_position=TWEET-957633710400200706-985004822007971840>
None
2018-04-14 14:47:13 [scrapy] DEBUG: Scraped from <200 https://twitter.com/i/search/timeline?l=en&f=tweets&q=stila%20Glitter%20%26%20Glow%20Liquid%20Eye%20Shadow&src=typed&max_position=TWEET-957633710400200706-985004822007971840>
None
2018-04-14 14:47:14 [scrapy] DEBUG: Scraped from <200 https://twitter.com/i/search/timeline?l=en&f=tweets&q=stila%20Glitter%20%26%20Glow%20Liquid%20Eye%20Shadow&src=typed&max_position=TWEET-957633710400200706-985004822007971840>
None
2018-04-14 14:47:14 [scrapy] DEBUG: Scraped from <200 https://twitter.com/i/search/timeline?l=en&f=tweets&q=stila%20Glitter%20%26%20Glow%20Liquid%20Eye%20Shadow&src=typed&max_position=TWEET-957633710400200706-985004822007971840>
None
2018-04-14 14:47:14 [scrapy] DEBUG: Scraped from <200 https://twitter.com/i/search/timeline?l=en&f=tweets&q=stila%20Glitter%20%26%20Glow%20Liquid%20Eye%20Shadow&src=typed&max_position=TWEET-957633710400200706-985004822007971840>
None
2018-04-14 14:47:14 [scrapy] DEBUG: Scraped from <200 https://twitter.com/i/search/timeline?l=en&f=tweets&q=stila%20Glitter%20%26%20Glow%20Liquid%20Eye%20Shadow&src=typed&max_position=TWEET-957633710400200706-985004822007971840>
None
2018-04-14 14:47:14 [scrapy] DEBUG: Crawled (200) <GET https://twitter.com/i/search/timeline?l=en&f=tweets&q=stila%20Glitter%20%26%20Glow%20Liquid%20Eye%20Shadow&src=typed&max_position=TWEET-955446527752843264-985004822007971840> (referer: https://twitter.com/i/search/timeline?l=en&f=tweets&q=stila%20Glitter%20%26%20Glow%20Liquid%20Eye%20Shadow&src=typed&max_position=TWEET-957633710400200706-985004822007971840)
2018-04-14 14:47:14 [scrapy] DEBUG: Scraped from <200 https://twitter.com/i/search/timeline?l=en&f=tweets&q=stila%20Glitter%20%26%20Glow%20Liquid%20Eye%20Shadow&src=typed&max_position=TWEET-955446527752843264-985004822007971840>
None
2018-04-14 14:47:14 [scrapy] DEBUG: Scraped from <200 https://twitter.com/i/search/timeline?l=en&f=tweets&q=stila%20Glitter%20%26%20Glow%20Liquid%20Eye%20Shadow&src=typed&max_position=TWEET-955446527752843264-985004822007971840>
None
2018-04-14 14:47:14 [scrapy] DEBUG: Scraped from <200 https://twitter.com/i/search/timeline?l=en&f=tweets&q=stila%20Glitter%20%26%20Glow%20Liquid%20Eye%20Shadow&src=typed&max_position=TWEET-955446527752843264-985004822007971840>
None
2018-04-14 14:47:15 [scrapy] DEBUG: Scraped from <200 https://twitter.com/i/search/timeline?l=en&f=tweets&q=stila%20Glitter%20%26%20Glow%20Liquid%20Eye%20Shadow&src=typed&max_position=TWEET-955446527752843264-985004822007971840>
None
2018-04-14 14:47:15 [scrapy] DEBUG: Scraped from <200 https://twitter.com/i/search/timeline?l=en&f=tweets&q=stila%20Glitter%20%26%20Glow%20Liquid%20Eye%20Shadow&src=typed&max_position=TWEET-955446527752843264-985004822007971840>
None
2018-04-14 14:47:15 [scrapy] DEBUG: Scraped from <200 https://twitter.com/i/search/timeline?l=en&f=tweets&q=stila%20Glitter%20%26%20Glow%20Liquid%20Eye%20Shadow&src=typed&max_position=TWEET-955446527752843264-985004822007971840>
None
2018-04-14 14:47:15 [scrapy] DEBUG: Scraped from <200 https://twitter.com/i/search/timeline?l=en&f=tweets&q=stila%20Glitter%20%26%20Glow%20Liquid%20Eye%20Shadow&src=typed&max_position=TWEET-955446527752843264-985004822007971840>
None
2018-04-14 14:47:15 [scrapy] DEBUG: Scraped from <200 https://twitter.com/i/search/timeline?l=en&f=tweets&q=stila%20Glitter%20%26%20Glow%20Liquid%20Eye%20Shadow&src=typed&max_position=TWEET-955446527752843264-985004822007971840>
None
2018-04-14 14:47:15 [scrapy] DEBUG: Scraped from <200 https://twitter.com/i/search/timeline?l=en&f=tweets&q=stila%20Glitter%20%26%20Glow%20Liquid%20Eye%20Shadow&src=typed&max_position=TWEET-955446527752843264-985004822007971840>
None
2018-04-14 14:47:15 [scrapy] DEBUG: Scraped from <200 https://twitter.com/i/search/timeline?l=en&f=tweets&q=stila%20Glitter%20%26%20Glow%20Liquid%20Eye%20Shadow&src=typed&max_position=TWEET-955446527752843264-985004822007971840>
None
2018-04-14 14:47:15 [scrapy] DEBUG: Scraped from <200 https://twitter.com/i/search/timeline?l=en&f=tweets&q=stila%20Glitter%20%26%20Glow%20Liquid%20Eye%20Shadow&src=typed&max_position=TWEET-955446527752843264-985004822007971840>
None
2018-04-14 14:47:15 [scrapy] DEBUG: Scraped from <200 https://twitter.com/i/search/timeline?l=en&f=tweets&q=stila%20Glitter%20%26%20Glow%20Liquid%20Eye%20Shadow&src=typed&max_position=TWEET-955446527752843264-985004822007971840>
None
2018-04-14 14:47:15 [scrapy] DEBUG: Scraped from <200 https://twitter.com/i/search/timeline?l=en&f=tweets&q=stila%20Glitter%20%26%20Glow%20Liquid%20Eye%20Shadow&src=typed&max_position=TWEET-955446527752843264-985004822007971840>
None
2018-04-14 14:47:15 [scrapy] DEBUG: Scraped from <200 https://twitter.com/i/search/timeline?l=en&f=tweets&q=stila%20Glitter%20%26%20Glow%20Liquid%20Eye%20Shadow&src=typed&max_position=TWEET-955446527752843264-985004822007971840>
None
2018-04-14 14:47:15 [scrapy] DEBUG: Scraped from <200 https://twitter.com/i/search/timeline?l=en&f=tweets&q=stila%20Glitter%20%26%20Glow%20Liquid%20Eye%20Shadow&src=typed&max_position=TWEET-955446527752843264-985004822007971840>
None
2018-04-14 14:47:15 [scrapy] DEBUG: Scraped from <200 https://twitter.com/i/search/timeline?l=en&f=tweets&q=stila%20Glitter%20%26%20Glow%20Liquid%20Eye%20Shadow&src=typed&max_position=TWEET-955446527752843264-985004822007971840>
None
2018-04-14 14:47:15 [scrapy] DEBUG: Scraped from <200 https://twitter.com/i/search/timeline?l=en&f=tweets&q=stila%20Glitter%20%26%20Glow%20Liquid%20Eye%20Shadow&src=typed&max_position=TWEET-955446527752843264-985004822007971840>
None
2018-04-14 14:47:16 [scrapy] DEBUG: Crawled (200) <GET https://twitter.com/i/search/timeline?l=en&f=tweets&q=stila%20Glitter%20%26%20Glow%20Liquid%20Eye%20Shadow&src=typed&max_position=TWEET-953124167053852677-985004822007971840> (referer: https://twitter.com/i/search/timeline?l=en&f=tweets&q=stila%20Glitter%20%26%20Glow%20Liquid%20Eye%20Shadow&src=typed&max_position=TWEET-955446527752843264-985004822007971840)
2018-04-14 14:47:16 [scrapy] DEBUG: Scraped from <200 https://twitter.com/i/search/timeline?l=en&f=tweets&q=stila%20Glitter%20%26%20Glow%20Liquid%20Eye%20Shadow&src=typed&max_position=TWEET-953124167053852677-985004822007971840>
None
2018-04-14 14:47:16 [scrapy] DEBUG: Scraped from <200 https://twitter.com/i/search/timeline?l=en&f=tweets&q=stila%20Glitter%20%26%20Glow%20Liquid%20Eye%20Shadow&src=typed&max_position=TWEET-953124167053852677-985004822007971840>
None
2018-04-14 14:47:16 [scrapy] DEBUG: Scraped from <200 https://twitter.com/i/search/timeline?l=en&f=tweets&q=stila%20Glitter%20%26%20Glow%20Liquid%20Eye%20Shadow&src=typed&max_position=TWEET-953124167053852677-985004822007971840>
None
2018-04-14 14:47:16 [scrapy] DEBUG: Scraped from <200 https://twitter.com/i/search/timeline?l=en&f=tweets&q=stila%20Glitter%20%26%20Glow%20Liquid%20Eye%20Shadow&src=typed&max_position=TWEET-953124167053852677-985004822007971840>
None
2018-04-14 14:47:16 [scrapy] DEBUG: Scraped from <200 https://twitter.com/i/search/timeline?l=en&f=tweets&q=stila%20Glitter%20%26%20Glow%20Liquid%20Eye%20Shadow&src=typed&max_position=TWEET-953124167053852677-985004822007971840>
None
2018-04-14 14:47:16 [scrapy] DEBUG: Scraped from <200 https://twitter.com/i/search/timeline?l=en&f=tweets&q=stila%20Glitter%20%26%20Glow%20Liquid%20Eye%20Shadow&src=typed&max_position=TWEET-953124167053852677-985004822007971840>
None
2018-04-14 14:47:16 [scrapy] DEBUG: Scraped from <200 https://twitter.com/i/search/timeline?l=en&f=tweets&q=stila%20Glitter%20%26%20Glow%20Liquid%20Eye%20Shadow&src=typed&max_position=TWEET-953124167053852677-985004822007971840>
None
2018-04-14 14:47:16 [scrapy] DEBUG: Scraped from <200 https://twitter.com/i/search/timeline?l=en&f=tweets&q=stila%20Glitter%20%26%20Glow%20Liquid%20Eye%20Shadow&src=typed&max_position=TWEET-953124167053852677-985004822007971840>
None
2018-04-14 14:47:16 [scrapy] DEBUG: Scraped from <200 https://twitter.com/i/search/timeline?l=en&f=tweets&q=stila%20Glitter%20%26%20Glow%20Liquid%20Eye%20Shadow&src=typed&max_position=TWEET-953124167053852677-985004822007971840>
None
2018-04-14 14:47:16 [scrapy] DEBUG: Scraped from <200 https://twitter.com/i/search/timeline?l=en&f=tweets&q=stila%20Glitter%20%26%20Glow%20Liquid%20Eye%20Shadow&src=typed&max_position=TWEET-953124167053852677-985004822007971840>
None
2018-04-14 14:47:17 [scrapy] DEBUG: Scraped from <200 https://twitter.com/i/search/timeline?l=en&f=tweets&q=stila%20Glitter%20%26%20Glow%20Liquid%20Eye%20Shadow&src=typed&max_position=TWEET-953124167053852677-985004822007971840>
None
2018-04-14 14:47:17 [scrapy] DEBUG: Scraped from <200 https://twitter.com/i/search/timeline?l=en&f=tweets&q=stila%20Glitter%20%26%20Glow%20Liquid%20Eye%20Shadow&src=typed&max_position=TWEET-953124167053852677-985004822007971840>
None
2018-04-14 14:47:17 [scrapy] DEBUG: Scraped from <200 https://twitter.com/i/search/timeline?l=en&f=tweets&q=stila%20Glitter%20%26%20Glow%20Liquid%20Eye%20Shadow&src=typed&max_position=TWEET-953124167053852677-985004822007971840>
None
2018-04-14 14:47:17 [scrapy] DEBUG: Scraped from <200 https://twitter.com/i/search/timeline?l=en&f=tweets&q=stila%20Glitter%20%26%20Glow%20Liquid%20Eye%20Shadow&src=typed&max_position=TWEET-953124167053852677-985004822007971840>
None
2018-04-14 14:47:17 [scrapy] DEBUG: Scraped from <200 https://twitter.com/i/search/timeline?l=en&f=tweets&q=stila%20Glitter%20%26%20Glow%20Liquid%20Eye%20Shadow&src=typed&max_position=TWEET-953124167053852677-985004822007971840>
None
2018-04-14 14:47:17 [scrapy] DEBUG: Scraped from <200 https://twitter.com/i/search/timeline?l=en&f=tweets&q=stila%20Glitter%20%26%20Glow%20Liquid%20Eye%20Shadow&src=typed&max_position=TWEET-953124167053852677-985004822007971840>
None
2018-04-14 14:47:17 [scrapy] DEBUG: Crawled (200) <GET https://twitter.com/i/search/timeline?l=en&f=tweets&q=stila%20Glitter%20%26%20Glow%20Liquid%20Eye%20Shadow&src=typed&max_position=TWEET-949827034389377029-985004822007971840> (referer: https://twitter.com/i/search/timeline?l=en&f=tweets&q=stila%20Glitter%20%26%20Glow%20Liquid%20Eye%20Shadow&src=typed&max_position=TWEET-953124167053852677-985004822007971840)
2018-04-14 14:47:17 [scrapy] DEBUG: Scraped from <200 https://twitter.com/i/search/timeline?l=en&f=tweets&q=stila%20Glitter%20%26%20Glow%20Liquid%20Eye%20Shadow&src=typed&max_position=TWEET-949827034389377029-985004822007971840>
None
2018-04-14 14:47:18 [scrapy] DEBUG: Scraped from <200 https://twitter.com/i/search/timeline?l=en&f=tweets&q=stila%20Glitter%20%26%20Glow%20Liquid%20Eye%20Shadow&src=typed&max_position=TWEET-949827034389377029-985004822007971840>
None
2018-04-14 14:47:18 [scrapy] DEBUG: Scraped from <200 https://twitter.com/i/search/timeline?l=en&f=tweets&q=stila%20Glitter%20%26%20Glow%20Liquid%20Eye%20Shadow&src=typed&max_position=TWEET-949827034389377029-985004822007971840>
None
2018-04-14 14:47:18 [scrapy] DEBUG: Scraped from <200 https://twitter.com/i/search/timeline?l=en&f=tweets&q=stila%20Glitter%20%26%20Glow%20Liquid%20Eye%20Shadow&src=typed&max_position=TWEET-949827034389377029-985004822007971840>
None
2018-04-14 14:47:18 [scrapy] DEBUG: Scraped from <200 https://twitter.com/i/search/timeline?l=en&f=tweets&q=stila%20Glitter%20%26%20Glow%20Liquid%20Eye%20Shadow&src=typed&max_position=TWEET-949827034389377029-985004822007971840>
None
2018-04-14 14:47:18 [scrapy] DEBUG: Scraped from <200 https://twitter.com/i/search/timeline?l=en&f=tweets&q=stila%20Glitter%20%26%20Glow%20Liquid%20Eye%20Shadow&src=typed&max_position=TWEET-949827034389377029-985004822007971840>
None
2018-04-14 14:47:18 [scrapy] DEBUG: Scraped from <200 https://twitter.com/i/search/timeline?l=en&f=tweets&q=stila%20Glitter%20%26%20Glow%20Liquid%20Eye%20Shadow&src=typed&max_position=TWEET-949827034389377029-985004822007971840>
None
2018-04-14 14:47:18 [scrapy] DEBUG: Scraped from <200 https://twitter.com/i/search/timeline?l=en&f=tweets&q=stila%20Glitter%20%26%20Glow%20Liquid%20Eye%20Shadow&src=typed&max_position=TWEET-949827034389377029-985004822007971840>
None
2018-04-14 14:47:18 [scrapy] DEBUG: Scraped from <200 https://twitter.com/i/search/timeline?l=en&f=tweets&q=stila%20Glitter%20%26%20Glow%20Liquid%20Eye%20Shadow&src=typed&max_position=TWEET-949827034389377029-985004822007971840>
None
2018-04-14 14:47:18 [scrapy] DEBUG: Scraped from <200 https://twitter.com/i/search/timeline?l=en&f=tweets&q=stila%20Glitter%20%26%20Glow%20Liquid%20Eye%20Shadow&src=typed&max_position=TWEET-949827034389377029-985004822007971840>
None
2018-04-14 14:47:18 [scrapy] DEBUG: Scraped from <200 https://twitter.com/i/search/timeline?l=en&f=tweets&q=stila%20Glitter%20%26%20Glow%20Liquid%20Eye%20Shadow&src=typed&max_position=TWEET-949827034389377029-985004822007971840>
None
2018-04-14 14:47:18 [scrapy] DEBUG: Scraped from <200 https://twitter.com/i/search/timeline?l=en&f=tweets&q=stila%20Glitter%20%26%20Glow%20Liquid%20Eye%20Shadow&src=typed&max_position=TWEET-949827034389377029-985004822007971840>
None
2018-04-14 14:47:19 [scrapy] DEBUG: Crawled (200) <GET https://twitter.com/i/search/timeline?l=en&f=tweets&q=stila%20Glitter%20%26%20Glow%20Liquid%20Eye%20Shadow&src=typed&max_position=TWEET-947209991643123717-985004822007971840> (referer: https://twitter.com/i/search/timeline?l=en&f=tweets&q=stila%20Glitter%20%26%20Glow%20Liquid%20Eye%20Shadow&src=typed&max_position=TWEET-949827034389377029-985004822007971840)
2018-04-14 14:47:19 [scrapy] DEBUG: Scraped from <200 https://twitter.com/i/search/timeline?l=en&f=tweets&q=stila%20Glitter%20%26%20Glow%20Liquid%20Eye%20Shadow&src=typed&max_position=TWEET-947209991643123717-985004822007971840>
None
2018-04-14 14:47:19 [scrapy] DEBUG: Scraped from <200 https://twitter.com/i/search/timeline?l=en&f=tweets&q=stila%20Glitter%20%26%20Glow%20Liquid%20Eye%20Shadow&src=typed&max_position=TWEET-947209991643123717-985004822007971840>
None
2018-04-14 14:47:19 [scrapy] DEBUG: Scraped from <200 https://twitter.com/i/search/timeline?l=en&f=tweets&q=stila%20Glitter%20%26%20Glow%20Liquid%20Eye%20Shadow&src=typed&max_position=TWEET-947209991643123717-985004822007971840>
None
2018-04-14 14:47:19 [scrapy] DEBUG: Scraped from <200 https://twitter.com/i/search/timeline?l=en&f=tweets&q=stila%20Glitter%20%26%20Glow%20Liquid%20Eye%20Shadow&src=typed&max_position=TWEET-947209991643123717-985004822007971840>
None
2018-04-14 14:47:19 [scrapy] DEBUG: Scraped from <200 https://twitter.com/i/search/timeline?l=en&f=tweets&q=stila%20Glitter%20%26%20Glow%20Liquid%20Eye%20Shadow&src=typed&max_position=TWEET-947209991643123717-985004822007971840>
None
2018-04-14 14:47:19 [scrapy] DEBUG: Scraped from <200 https://twitter.com/i/search/timeline?l=en&f=tweets&q=stila%20Glitter%20%26%20Glow%20Liquid%20Eye%20Shadow&src=typed&max_position=TWEET-947209991643123717-985004822007971840>
None
2018-04-14 14:47:19 [scrapy] DEBUG: Scraped from <200 https://twitter.com/i/search/timeline?l=en&f=tweets&q=stila%20Glitter%20%26%20Glow%20Liquid%20Eye%20Shadow&src=typed&max_position=TWEET-947209991643123717-985004822007971840>
None
2018-04-14 14:47:19 [scrapy] DEBUG: Scraped from <200 https://twitter.com/i/search/timeline?l=en&f=tweets&q=stila%20Glitter%20%26%20Glow%20Liquid%20Eye%20Shadow&src=typed&max_position=TWEET-947209991643123717-985004822007971840>
None
2018-04-14 14:47:19 [scrapy] DEBUG: Scraped from <200 https://twitter.com/i/search/timeline?l=en&f=tweets&q=stila%20Glitter%20%26%20Glow%20Liquid%20Eye%20Shadow&src=typed&max_position=TWEET-947209991643123717-985004822007971840>
None
2018-04-14 14:47:19 [scrapy] DEBUG: Scraped from <200 https://twitter.com/i/search/timeline?l=en&f=tweets&q=stila%20Glitter%20%26%20Glow%20Liquid%20Eye%20Shadow&src=typed&max_position=TWEET-947209991643123717-985004822007971840>
None
2018-04-14 14:47:19 [scrapy] DEBUG: Scraped from <200 https://twitter.com/i/search/timeline?l=en&f=tweets&q=stila%20Glitter%20%26%20Glow%20Liquid%20Eye%20Shadow&src=typed&max_position=TWEET-947209991643123717-985004822007971840>
None
2018-04-14 14:47:19 [scrapy] DEBUG: Scraped from <200 https://twitter.com/i/search/timeline?l=en&f=tweets&q=stila%20Glitter%20%26%20Glow%20Liquid%20Eye%20Shadow&src=typed&max_position=TWEET-947209991643123717-985004822007971840>
None
2018-04-14 14:47:19 [scrapy] DEBUG: Scraped from <200 https://twitter.com/i/search/timeline?l=en&f=tweets&q=stila%20Glitter%20%26%20Glow%20Liquid%20Eye%20Shadow&src=typed&max_position=TWEET-947209991643123717-985004822007971840>
None
2018-04-14 14:47:19 [scrapy] DEBUG: Scraped from <200 https://twitter.com/i/search/timeline?l=en&f=tweets&q=stila%20Glitter%20%26%20Glow%20Liquid%20Eye%20Shadow&src=typed&max_position=TWEET-947209991643123717-985004822007971840>
None
2018-04-14 14:47:19 [scrapy] DEBUG: Scraped from <200 https://twitter.com/i/search/timeline?l=en&f=tweets&q=stila%20Glitter%20%26%20Glow%20Liquid%20Eye%20Shadow&src=typed&max_position=TWEET-947209991643123717-985004822007971840>
None
2018-04-14 14:47:19 [scrapy] DEBUG: Scraped from <200 https://twitter.com/i/search/timeline?l=en&f=tweets&q=stila%20Glitter%20%26%20Glow%20Liquid%20Eye%20Shadow&src=typed&max_position=TWEET-947209991643123717-985004822007971840>
None
2018-04-14 14:47:20 [scrapy] DEBUG: Crawled (200) <GET https://twitter.com/i/search/timeline?l=en&f=tweets&q=stila%20Glitter%20%26%20Glow%20Liquid%20Eye%20Shadow&src=typed&max_position=TWEET-944678612120297472-985004822007971840> (referer: https://twitter.com/i/search/timeline?l=en&f=tweets&q=stila%20Glitter%20%26%20Glow%20Liquid%20Eye%20Shadow&src=typed&max_position=TWEET-947209991643123717-985004822007971840)
2018-04-14 14:47:20 [scrapy] DEBUG: Scraped from <200 https://twitter.com/i/search/timeline?l=en&f=tweets&q=stila%20Glitter%20%26%20Glow%20Liquid%20Eye%20Shadow&src=typed&max_position=TWEET-944678612120297472-985004822007971840>
None
2018-04-14 14:47:20 [scrapy] DEBUG: Scraped from <200 https://twitter.com/i/search/timeline?l=en&f=tweets&q=stila%20Glitter%20%26%20Glow%20Liquid%20Eye%20Shadow&src=typed&max_position=TWEET-944678612120297472-985004822007971840>
None
2018-04-14 14:47:20 [scrapy] DEBUG: Scraped from <200 https://twitter.com/i/search/timeline?l=en&f=tweets&q=stila%20Glitter%20%26%20Glow%20Liquid%20Eye%20Shadow&src=typed&max_position=TWEET-944678612120297472-985004822007971840>
None
2018-04-14 14:47:20 [scrapy] DEBUG: Scraped from <200 https://twitter.com/i/search/timeline?l=en&f=tweets&q=stila%20Glitter%20%26%20Glow%20Liquid%20Eye%20Shadow&src=typed&max_position=TWEET-944678612120297472-985004822007971840>
None
2018-04-14 14:47:20 [scrapy] DEBUG: Scraped from <200 https://twitter.com/i/search/timeline?l=en&f=tweets&q=stila%20Glitter%20%26%20Glow%20Liquid%20Eye%20Shadow&src=typed&max_position=TWEET-944678612120297472-985004822007971840>
None
2018-04-14 14:47:20 [scrapy] DEBUG: Scraped from <200 https://twitter.com/i/search/timeline?l=en&f=tweets&q=stila%20Glitter%20%26%20Glow%20Liquid%20Eye%20Shadow&src=typed&max_position=TWEET-944678612120297472-985004822007971840>
None
2018-04-14 14:47:21 [scrapy] DEBUG: Scraped from <200 https://twitter.com/i/search/timeline?l=en&f=tweets&q=stila%20Glitter%20%26%20Glow%20Liquid%20Eye%20Shadow&src=typed&max_position=TWEET-944678612120297472-985004822007971840>
None
2018-04-14 14:47:21 [scrapy] DEBUG: Scraped from <200 https://twitter.com/i/search/timeline?l=en&f=tweets&q=stila%20Glitter%20%26%20Glow%20Liquid%20Eye%20Shadow&src=typed&max_position=TWEET-944678612120297472-985004822007971840>
None
2018-04-14 14:47:21 [scrapy] DEBUG: Scraped from <200 https://twitter.com/i/search/timeline?l=en&f=tweets&q=stila%20Glitter%20%26%20Glow%20Liquid%20Eye%20Shadow&src=typed&max_position=TWEET-944678612120297472-985004822007971840>
None
2018-04-14 14:47:21 [scrapy] DEBUG: Scraped from <200 https://twitter.com/i/search/timeline?l=en&f=tweets&q=stila%20Glitter%20%26%20Glow%20Liquid%20Eye%20Shadow&src=typed&max_position=TWEET-944678612120297472-985004822007971840>
None
2018-04-14 14:47:21 [scrapy] DEBUG: Scraped from <200 https://twitter.com/i/search/timeline?l=en&f=tweets&q=stila%20Glitter%20%26%20Glow%20Liquid%20Eye%20Shadow&src=typed&max_position=TWEET-944678612120297472-985004822007971840>
None
2018-04-14 14:47:21 [scrapy] DEBUG: Scraped from <200 https://twitter.com/i/search/timeline?l=en&f=tweets&q=stila%20Glitter%20%26%20Glow%20Liquid%20Eye%20Shadow&src=typed&max_position=TWEET-944678612120297472-985004822007971840>
None
2018-04-14 14:47:21 [scrapy] DEBUG: Scraped from <200 https://twitter.com/i/search/timeline?l=en&f=tweets&q=stila%20Glitter%20%26%20Glow%20Liquid%20Eye%20Shadow&src=typed&max_position=TWEET-944678612120297472-985004822007971840>
None
2018-04-14 14:47:21 [scrapy] DEBUG: Scraped from <200 https://twitter.com/i/search/timeline?l=en&f=tweets&q=stila%20Glitter%20%26%20Glow%20Liquid%20Eye%20Shadow&src=typed&max_position=TWEET-944678612120297472-985004822007971840>
None
2018-04-14 14:47:21 [scrapy] DEBUG: Scraped from <200 https://twitter.com/i/search/timeline?l=en&f=tweets&q=stila%20Glitter%20%26%20Glow%20Liquid%20Eye%20Shadow&src=typed&max_position=TWEET-944678612120297472-985004822007971840>
None
2018-04-14 14:47:21 [scrapy] DEBUG: Scraped from <200 https://twitter.com/i/search/timeline?l=en&f=tweets&q=stila%20Glitter%20%26%20Glow%20Liquid%20Eye%20Shadow&src=typed&max_position=TWEET-944678612120297472-985004822007971840>
None
2018-04-14 14:47:21 [scrapy] DEBUG: Scraped from <200 https://twitter.com/i/search/timeline?l=en&f=tweets&q=stila%20Glitter%20%26%20Glow%20Liquid%20Eye%20Shadow&src=typed&max_position=TWEET-944678612120297472-985004822007971840>
None
2018-04-14 14:47:21 [scrapy] DEBUG: Scraped from <200 https://twitter.com/i/search/timeline?l=en&f=tweets&q=stila%20Glitter%20%26%20Glow%20Liquid%20Eye%20Shadow&src=typed&max_position=TWEET-944678612120297472-985004822007971840>
None
2018-04-14 14:47:21 [scrapy] DEBUG: Scraped from <200 https://twitter.com/i/search/timeline?l=en&f=tweets&q=stila%20Glitter%20%26%20Glow%20Liquid%20Eye%20Shadow&src=typed&max_position=TWEET-944678612120297472-985004822007971840>
None
2018-04-14 14:47:22 [scrapy] DEBUG: Crawled (200) <GET https://twitter.com/i/search/timeline?l=en&f=tweets&q=stila%20Glitter%20%26%20Glow%20Liquid%20Eye%20Shadow&src=typed&max_position=TWEET-940466351856082944-985004822007971840> (referer: https://twitter.com/i/search/timeline?l=en&f=tweets&q=stila%20Glitter%20%26%20Glow%20Liquid%20Eye%20Shadow&src=typed&max_position=TWEET-944678612120297472-985004822007971840)
2018-04-14 14:47:22 [scrapy] DEBUG: Scraped from <200 https://twitter.com/i/search/timeline?l=en&f=tweets&q=stila%20Glitter%20%26%20Glow%20Liquid%20Eye%20Shadow&src=typed&max_position=TWEET-940466351856082944-985004822007971840>
None
2018-04-14 14:47:22 [scrapy] DEBUG: Scraped from <200 https://twitter.com/i/search/timeline?l=en&f=tweets&q=stila%20Glitter%20%26%20Glow%20Liquid%20Eye%20Shadow&src=typed&max_position=TWEET-940466351856082944-985004822007971840>
None
2018-04-14 14:47:22 [scrapy] DEBUG: Scraped from <200 https://twitter.com/i/search/timeline?l=en&f=tweets&q=stila%20Glitter%20%26%20Glow%20Liquid%20Eye%20Shadow&src=typed&max_position=TWEET-940466351856082944-985004822007971840>
None
2018-04-14 14:47:22 [scrapy] DEBUG: Scraped from <200 https://twitter.com/i/search/timeline?l=en&f=tweets&q=stila%20Glitter%20%26%20Glow%20Liquid%20Eye%20Shadow&src=typed&max_position=TWEET-940466351856082944-985004822007971840>
None
2018-04-14 14:47:22 [scrapy] DEBUG: Scraped from <200 https://twitter.com/i/search/timeline?l=en&f=tweets&q=stila%20Glitter%20%26%20Glow%20Liquid%20Eye%20Shadow&src=typed&max_position=TWEET-940466351856082944-985004822007971840>
None
2018-04-14 14:47:22 [scrapy] DEBUG: Scraped from <200 https://twitter.com/i/search/timeline?l=en&f=tweets&q=stila%20Glitter%20%26%20Glow%20Liquid%20Eye%20Shadow&src=typed&max_position=TWEET-940466351856082944-985004822007971840>
None
2018-04-14 14:47:22 [scrapy] DEBUG: Scraped from <200 https://twitter.com/i/search/timeline?l=en&f=tweets&q=stila%20Glitter%20%26%20Glow%20Liquid%20Eye%20Shadow&src=typed&max_position=TWEET-940466351856082944-985004822007971840>
None
2018-04-14 14:47:22 [scrapy] DEBUG: Scraped from <200 https://twitter.com/i/search/timeline?l=en&f=tweets&q=stila%20Glitter%20%26%20Glow%20Liquid%20Eye%20Shadow&src=typed&max_position=TWEET-940466351856082944-985004822007971840>
None
2018-04-14 14:47:22 [scrapy] DEBUG: Scraped from <200 https://twitter.com/i/search/timeline?l=en&f=tweets&q=stila%20Glitter%20%26%20Glow%20Liquid%20Eye%20Shadow&src=typed&max_position=TWEET-940466351856082944-985004822007971840>
None
2018-04-14 14:47:22 [scrapy] DEBUG: Scraped from <200 https://twitter.com/i/search/timeline?l=en&f=tweets&q=stila%20Glitter%20%26%20Glow%20Liquid%20Eye%20Shadow&src=typed&max_position=TWEET-940466351856082944-985004822007971840>
None
2018-04-14 14:47:22 [scrapy] DEBUG: Scraped from <200 https://twitter.com/i/search/timeline?l=en&f=tweets&q=stila%20Glitter%20%26%20Glow%20Liquid%20Eye%20Shadow&src=typed&max_position=TWEET-940466351856082944-985004822007971840>
None
2018-04-14 14:47:22 [scrapy] DEBUG: Scraped from <200 https://twitter.com/i/search/timeline?l=en&f=tweets&q=stila%20Glitter%20%26%20Glow%20Liquid%20Eye%20Shadow&src=typed&max_position=TWEET-940466351856082944-985004822007971840>
None
2018-04-14 14:47:24 [scrapy] DEBUG: Crawled (200) <GET https://twitter.com/i/search/timeline?l=en&f=tweets&q=stila%20Glitter%20%26%20Glow%20Liquid%20Eye%20Shadow&src=typed&max_position=TWEET-938273188974333952-985004822007971840> (referer: https://twitter.com/i/search/timeline?l=en&f=tweets&q=stila%20Glitter%20%26%20Glow%20Liquid%20Eye%20Shadow&src=typed&max_position=TWEET-940466351856082944-985004822007971840)
2018-04-14 14:47:24 [scrapy] DEBUG: Scraped from <200 https://twitter.com/i/search/timeline?l=en&f=tweets&q=stila%20Glitter%20%26%20Glow%20Liquid%20Eye%20Shadow&src=typed&max_position=TWEET-938273188974333952-985004822007971840>
None
2018-04-14 14:47:24 [scrapy] DEBUG: Scraped from <200 https://twitter.com/i/search/timeline?l=en&f=tweets&q=stila%20Glitter%20%26%20Glow%20Liquid%20Eye%20Shadow&src=typed&max_position=TWEET-938273188974333952-985004822007971840>
None
2018-04-14 14:47:24 [scrapy] DEBUG: Scraped from <200 https://twitter.com/i/search/timeline?l=en&f=tweets&q=stila%20Glitter%20%26%20Glow%20Liquid%20Eye%20Shadow&src=typed&max_position=TWEET-938273188974333952-985004822007971840>
None
2018-04-14 14:47:25 [scrapy] DEBUG: Scraped from <200 https://twitter.com/i/search/timeline?l=en&f=tweets&q=stila%20Glitter%20%26%20Glow%20Liquid%20Eye%20Shadow&src=typed&max_position=TWEET-938273188974333952-985004822007971840>
None
2018-04-14 14:47:25 [scrapy] DEBUG: Scraped from <200 https://twitter.com/i/search/timeline?l=en&f=tweets&q=stila%20Glitter%20%26%20Glow%20Liquid%20Eye%20Shadow&src=typed&max_position=TWEET-938273188974333952-985004822007971840>
None
2018-04-14 14:47:25 [scrapy] DEBUG: Scraped from <200 https://twitter.com/i/search/timeline?l=en&f=tweets&q=stila%20Glitter%20%26%20Glow%20Liquid%20Eye%20Shadow&src=typed&max_position=TWEET-938273188974333952-985004822007971840>
None
2018-04-14 14:47:25 [scrapy] DEBUG: Scraped from <200 https://twitter.com/i/search/timeline?l=en&f=tweets&q=stila%20Glitter%20%26%20Glow%20Liquid%20Eye%20Shadow&src=typed&max_position=TWEET-938273188974333952-985004822007971840>
None
2018-04-14 14:47:25 [scrapy] DEBUG: Scraped from <200 https://twitter.com/i/search/timeline?l=en&f=tweets&q=stila%20Glitter%20%26%20Glow%20Liquid%20Eye%20Shadow&src=typed&max_position=TWEET-938273188974333952-985004822007971840>
None
2018-04-14 14:47:25 [scrapy] DEBUG: Scraped from <200 https://twitter.com/i/search/timeline?l=en&f=tweets&q=stila%20Glitter%20%26%20Glow%20Liquid%20Eye%20Shadow&src=typed&max_position=TWEET-938273188974333952-985004822007971840>
None
2018-04-14 14:47:25 [scrapy] DEBUG: Scraped from <200 https://twitter.com/i/search/timeline?l=en&f=tweets&q=stila%20Glitter%20%26%20Glow%20Liquid%20Eye%20Shadow&src=typed&max_position=TWEET-938273188974333952-985004822007971840>
None
2018-04-14 14:47:25 [scrapy] DEBUG: Scraped from <200 https://twitter.com/i/search/timeline?l=en&f=tweets&q=stila%20Glitter%20%26%20Glow%20Liquid%20Eye%20Shadow&src=typed&max_position=TWEET-938273188974333952-985004822007971840>
None
2018-04-14 14:47:25 [scrapy] DEBUG: Scraped from <200 https://twitter.com/i/search/timeline?l=en&f=tweets&q=stila%20Glitter%20%26%20Glow%20Liquid%20Eye%20Shadow&src=typed&max_position=TWEET-938273188974333952-985004822007971840>
None
2018-04-14 14:47:25 [scrapy] DEBUG: Scraped from <200 https://twitter.com/i/search/timeline?l=en&f=tweets&q=stila%20Glitter%20%26%20Glow%20Liquid%20Eye%20Shadow&src=typed&max_position=TWEET-938273188974333952-985004822007971840>
None
2018-04-14 14:47:25 [scrapy] DEBUG: Scraped from <200 https://twitter.com/i/search/timeline?l=en&f=tweets&q=stila%20Glitter%20%26%20Glow%20Liquid%20Eye%20Shadow&src=typed&max_position=TWEET-938273188974333952-985004822007971840>
None
2018-04-14 14:47:25 [scrapy] DEBUG: Scraped from <200 https://twitter.com/i/search/timeline?l=en&f=tweets&q=stila%20Glitter%20%26%20Glow%20Liquid%20Eye%20Shadow&src=typed&max_position=TWEET-938273188974333952-985004822007971840>
None
2018-04-14 14:47:25 [scrapy] DEBUG: Scraped from <200 https://twitter.com/i/search/timeline?l=en&f=tweets&q=stila%20Glitter%20%26%20Glow%20Liquid%20Eye%20Shadow&src=typed&max_position=TWEET-938273188974333952-985004822007971840>
None
2018-04-14 14:47:26 [scrapy] DEBUG: Crawled (200) <GET https://twitter.com/i/search/timeline?l=en&f=tweets&q=stila%20Glitter%20%26%20Glow%20Liquid%20Eye%20Shadow&src=typed&max_position=TWEET-935628791057145861-985004822007971840> (referer: https://twitter.com/i/search/timeline?l=en&f=tweets&q=stila%20Glitter%20%26%20Glow%20Liquid%20Eye%20Shadow&src=typed&max_position=TWEET-938273188974333952-985004822007971840)
2018-04-14 14:47:26 [scrapy] DEBUG: Scraped from <200 https://twitter.com/i/search/timeline?l=en&f=tweets&q=stila%20Glitter%20%26%20Glow%20Liquid%20Eye%20Shadow&src=typed&max_position=TWEET-935628791057145861-985004822007971840>
None
2018-04-14 14:47:26 [scrapy] DEBUG: Scraped from <200 https://twitter.com/i/search/timeline?l=en&f=tweets&q=stila%20Glitter%20%26%20Glow%20Liquid%20Eye%20Shadow&src=typed&max_position=TWEET-935628791057145861-985004822007971840>
None
2018-04-14 14:47:26 [scrapy] DEBUG: Scraped from <200 https://twitter.com/i/search/timeline?l=en&f=tweets&q=stila%20Glitter%20%26%20Glow%20Liquid%20Eye%20Shadow&src=typed&max_position=TWEET-935628791057145861-985004822007971840>
None
2018-04-14 14:47:26 [scrapy] INFO: Closing spider (closespider_itemcount)
2018-04-14 14:47:26 [scrapy] DEBUG: Scraped from <200 https://twitter.com/i/search/timeline?l=en&f=tweets&q=stila%20Glitter%20%26%20Glow%20Liquid%20Eye%20Shadow&src=typed&max_position=TWEET-935628791057145861-985004822007971840>
None
2018-04-14 14:47:26 [scrapy] DEBUG: Scraped from <200 https://twitter.com/i/search/timeline?l=en&f=tweets&q=stila%20Glitter%20%26%20Glow%20Liquid%20Eye%20Shadow&src=typed&max_position=TWEET-935628791057145861-985004822007971840>
None
2018-04-14 14:47:26 [scrapy] DEBUG: Scraped from <200 https://twitter.com/i/search/timeline?l=en&f=tweets&q=stila%20Glitter%20%26%20Glow%20Liquid%20Eye%20Shadow&src=typed&max_position=TWEET-935628791057145861-985004822007971840>
None
2018-04-14 14:47:26 [scrapy] DEBUG: Scraped from <200 https://twitter.com/i/search/timeline?l=en&f=tweets&q=stila%20Glitter%20%26%20Glow%20Liquid%20Eye%20Shadow&src=typed&max_position=TWEET-935628791057145861-985004822007971840>
None
2018-04-14 14:47:26 [scrapy] DEBUG: Scraped from <200 https://twitter.com/i/search/timeline?l=en&f=tweets&q=stila%20Glitter%20%26%20Glow%20Liquid%20Eye%20Shadow&src=typed&max_position=TWEET-935628791057145861-985004822007971840>
None
2018-04-14 14:47:26 [scrapy] DEBUG: Scraped from <200 https://twitter.com/i/search/timeline?l=en&f=tweets&q=stila%20Glitter%20%26%20Glow%20Liquid%20Eye%20Shadow&src=typed&max_position=TWEET-935628791057145861-985004822007971840>
None
2018-04-14 14:47:26 [scrapy] DEBUG: Scraped from <200 https://twitter.com/i/search/timeline?l=en&f=tweets&q=stila%20Glitter%20%26%20Glow%20Liquid%20Eye%20Shadow&src=typed&max_position=TWEET-935628791057145861-985004822007971840>
None
2018-04-14 14:47:26 [scrapy] DEBUG: Scraped from <200 https://twitter.com/i/search/timeline?l=en&f=tweets&q=stila%20Glitter%20%26%20Glow%20Liquid%20Eye%20Shadow&src=typed&max_position=TWEET-935628791057145861-985004822007971840>
None
2018-04-14 14:47:26 [scrapy] DEBUG: Scraped from <200 https://twitter.com/i/search/timeline?l=en&f=tweets&q=stila%20Glitter%20%26%20Glow%20Liquid%20Eye%20Shadow&src=typed&max_position=TWEET-935628791057145861-985004822007971840>
None
2018-04-14 14:47:27 [scrapy] DEBUG: Scraped from <200 https://twitter.com/i/search/timeline?l=en&f=tweets&q=stila%20Glitter%20%26%20Glow%20Liquid%20Eye%20Shadow&src=typed&max_position=TWEET-935628791057145861-985004822007971840>
None
2018-04-14 14:47:27 [scrapy] DEBUG: Scraped from <200 https://twitter.com/i/search/timeline?l=en&f=tweets&q=stila%20Glitter%20%26%20Glow%20Liquid%20Eye%20Shadow&src=typed&max_position=TWEET-935628791057145861-985004822007971840>
None
2018-04-14 14:47:27 [scrapy] DEBUG: Scraped from <200 https://twitter.com/i/search/timeline?l=en&f=tweets&q=stila%20Glitter%20%26%20Glow%20Liquid%20Eye%20Shadow&src=typed&max_position=TWEET-935628791057145861-985004822007971840>
None
2018-04-14 14:47:27 [scrapy] INFO: Dumping Scrapy stats:
{'downloader/request_bytes': 18419,
 'downloader/request_count': 20,
 'downloader/request_method_count/GET': 20,
 'downloader/response_bytes': 270076,
 'downloader/response_count': 20,
 'downloader/response_status_count/200': 20,
 'finish_reason': 'closespider_itemcount',
 'finish_time': datetime.datetime(2018, 4, 14, 19, 47, 27, 145476),
 'item_scraped_count': 312,
 'log_count/DEBUG': 592,
 'log_count/ERROR': 312,
 'log_count/INFO': 6,
 'memusage/max': 63221760,
 'memusage/startup': 63221760,
 'request_depth_max': 20,
 'response_received_count': 20,
 'scheduler/dequeued': 20,
 'scheduler/dequeued/memory': 20,
 'scheduler/enqueued': 21,
 'scheduler/enqueued/memory': 21,
 'start_time': datetime.datetime(2018, 4, 14, 19, 46, 48, 321684)}
2018-04-14 14:47:27 [scrapy] INFO: Spider closed (closespider_itemcount)
