2018-04-14 15:20:24 [scrapy] DEBUG: Crawled (200) <GET https://twitter.com/i/search/timeline?l=en&f=tweets&q=%22Duo%20Chrome%20Top%20Coat%22&src=typed&max_position=> (referer: None)
2018-04-14 15:20:24 [scrapy] DEBUG: Scraped from <200 https://twitter.com/i/search/timeline?l=en&f=tweets&q=%22Duo%20Chrome%20Top%20Coat%22&src=typed&max_position=>
None
2018-04-14 15:20:24 [scrapy] DEBUG: Scraped from <200 https://twitter.com/i/search/timeline?l=en&f=tweets&q=%22Duo%20Chrome%20Top%20Coat%22&src=typed&max_position=>
None
2018-04-14 15:20:24 [scrapy] DEBUG: Scraped from <200 https://twitter.com/i/search/timeline?l=en&f=tweets&q=%22Duo%20Chrome%20Top%20Coat%22&src=typed&max_position=>
None
2018-04-14 15:20:24 [scrapy] DEBUG: Scraped from <200 https://twitter.com/i/search/timeline?l=en&f=tweets&q=%22Duo%20Chrome%20Top%20Coat%22&src=typed&max_position=>
None
2018-04-14 15:20:24 [scrapy] DEBUG: Scraped from <200 https://twitter.com/i/search/timeline?l=en&f=tweets&q=%22Duo%20Chrome%20Top%20Coat%22&src=typed&max_position=>
None
2018-04-14 15:20:24 [scrapy] DEBUG: Scraped from <200 https://twitter.com/i/search/timeline?l=en&f=tweets&q=%22Duo%20Chrome%20Top%20Coat%22&src=typed&max_position=>
None
2018-04-14 15:20:24 [scrapy] DEBUG: Scraped from <200 https://twitter.com/i/search/timeline?l=en&f=tweets&q=%22Duo%20Chrome%20Top%20Coat%22&src=typed&max_position=>
None
2018-04-14 15:20:24 [scrapy] DEBUG: Scraped from <200 https://twitter.com/i/search/timeline?l=en&f=tweets&q=%22Duo%20Chrome%20Top%20Coat%22&src=typed&max_position=>
None
2018-04-14 15:20:24 [scrapy] DEBUG: Scraped from <200 https://twitter.com/i/search/timeline?l=en&f=tweets&q=%22Duo%20Chrome%20Top%20Coat%22&src=typed&max_position=>
None
2018-04-14 15:20:24 [scrapy] DEBUG: Scraped from <200 https://twitter.com/i/search/timeline?l=en&f=tweets&q=%22Duo%20Chrome%20Top%20Coat%22&src=typed&max_position=>
None
2018-04-14 15:20:24 [scrapy] DEBUG: Scraped from <200 https://twitter.com/i/search/timeline?l=en&f=tweets&q=%22Duo%20Chrome%20Top%20Coat%22&src=typed&max_position=>
None
2018-04-14 15:20:24 [scrapy] DEBUG: Scraped from <200 https://twitter.com/i/search/timeline?l=en&f=tweets&q=%22Duo%20Chrome%20Top%20Coat%22&src=typed&max_position=>
None
2018-04-14 15:20:24 [scrapy] DEBUG: Scraped from <200 https://twitter.com/i/search/timeline?l=en&f=tweets&q=%22Duo%20Chrome%20Top%20Coat%22&src=typed&max_position=>
None
2018-04-14 15:20:25 [scrapy] DEBUG: Scraped from <200 https://twitter.com/i/search/timeline?l=en&f=tweets&q=%22Duo%20Chrome%20Top%20Coat%22&src=typed&max_position=>
None
2018-04-14 15:20:25 [scrapy] DEBUG: Scraped from <200 https://twitter.com/i/search/timeline?l=en&f=tweets&q=%22Duo%20Chrome%20Top%20Coat%22&src=typed&max_position=>
None
2018-04-14 15:20:25 [scrapy] DEBUG: Scraped from <200 https://twitter.com/i/search/timeline?l=en&f=tweets&q=%22Duo%20Chrome%20Top%20Coat%22&src=typed&max_position=>
None
2018-04-14 15:20:25 [scrapy] DEBUG: Scraped from <200 https://twitter.com/i/search/timeline?l=en&f=tweets&q=%22Duo%20Chrome%20Top%20Coat%22&src=typed&max_position=>
None
2018-04-14 15:20:25 [scrapy] DEBUG: Scraped from <200 https://twitter.com/i/search/timeline?l=en&f=tweets&q=%22Duo%20Chrome%20Top%20Coat%22&src=typed&max_position=>
None
2018-04-14 15:20:25 [scrapy] DEBUG: Scraped from <200 https://twitter.com/i/search/timeline?l=en&f=tweets&q=%22Duo%20Chrome%20Top%20Coat%22&src=typed&max_position=>
None
2018-04-14 15:20:25 [scrapy] DEBUG: Scraped from <200 https://twitter.com/i/search/timeline?l=en&f=tweets&q=%22Duo%20Chrome%20Top%20Coat%22&src=typed&max_position=>
None
2018-04-14 15:20:25 [scrapy] DEBUG: Crawled (200) <GET https://twitter.com/i/search/timeline?l=en&f=tweets&q=%22Duo%20Chrome%20Top%20Coat%22&src=typed&max_position=TWEET-954863462957527041-967531798606635009> (referer: https://twitter.com/i/search/timeline?l=en&f=tweets&q=%22Duo%20Chrome%20Top%20Coat%22&src=typed&max_position=)
2018-04-14 15:20:26 [scrapy] DEBUG: Scraped from <200 https://twitter.com/i/search/timeline?l=en&f=tweets&q=%22Duo%20Chrome%20Top%20Coat%22&src=typed&max_position=TWEET-954863462957527041-967531798606635009>
None
2018-04-14 15:20:26 [scrapy] DEBUG: Scraped from <200 https://twitter.com/i/search/timeline?l=en&f=tweets&q=%22Duo%20Chrome%20Top%20Coat%22&src=typed&max_position=TWEET-954863462957527041-967531798606635009>
None
2018-04-14 15:20:26 [scrapy] DEBUG: Scraped from <200 https://twitter.com/i/search/timeline?l=en&f=tweets&q=%22Duo%20Chrome%20Top%20Coat%22&src=typed&max_position=TWEET-954863462957527041-967531798606635009>
None
2018-04-14 15:20:26 [scrapy] DEBUG: Scraped from <200 https://twitter.com/i/search/timeline?l=en&f=tweets&q=%22Duo%20Chrome%20Top%20Coat%22&src=typed&max_position=TWEET-954863462957527041-967531798606635009>
None
2018-04-14 15:20:26 [scrapy] DEBUG: Crawled (200) <GET https://twitter.com/i/search/timeline?l=en&f=tweets&q=%22Duo%20Chrome%20Top%20Coat%22&src=typed&max_position=TWEET-501746000000983040-967531798606635009> (referer: https://twitter.com/i/search/timeline?l=en&f=tweets&q=%22Duo%20Chrome%20Top%20Coat%22&src=typed&max_position=TWEET-954863462957527041-967531798606635009)
2018-04-14 15:20:27 [scrapy] DEBUG: Crawled (200) <GET https://twitter.com/i/search/timeline?l=en&f=tweets&q=%22Duo%20Chrome%20Top%20Coat%22&src=typed&max_position=TWEET-368826341170225154-967531798606635009> (referer: https://twitter.com/i/search/timeline?l=en&f=tweets&q=%22Duo%20Chrome%20Top%20Coat%22&src=typed&max_position=TWEET-501746000000983040-967531798606635009)
2018-04-14 15:20:27 [scrapy] DEBUG: Filtered duplicate request: <GET https://twitter.com/i/search/timeline?l=en&f=tweets&q=%22Duo%20Chrome%20Top%20Coat%22&src=typed&max_position=TWEET-368826341170225154-967531798606635009> - no more duplicates will be shown (see DUPEFILTER_DEBUG to show all duplicates)
2018-04-14 15:20:27 [scrapy] INFO: Closing spider (finished)
2018-04-14 15:20:27 [scrapy] INFO: Dumping Scrapy stats:
{'downloader/request_bytes': 2976,
 'downloader/request_count': 4,
 'downloader/request_method_count/GET': 4,
 'downloader/response_bytes': 22596,
 'downloader/response_count': 4,
 'downloader/response_status_count/200': 4,
 'dupefilter/filtered': 1,
 'finish_reason': 'finished',
 'finish_time': datetime.datetime(2018, 4, 14, 20, 20, 27, 443394),
 'item_scraped_count': 24,
 'log_count/DEBUG': 53,
 'log_count/ERROR': 24,
 'log_count/INFO': 6,
 'memusage/max': 65814528,
 'memusage/startup': 65814528,
 'request_depth_max': 4,
 'response_received_count': 4,
 'scheduler/dequeued': 4,
 'scheduler/dequeued/memory': 4,
 'scheduler/enqueued': 4,
 'scheduler/enqueued/memory': 4,
 'start_time': datetime.datetime(2018, 4, 14, 20, 20, 23, 282228)}
2018-04-14 15:20:27 [scrapy] INFO: Spider closed (finished)
