2018-04-14 14:54:05 [scrapy] DEBUG: Crawled (200) <GET https://twitter.com/i/search/timeline?l=en&f=tweets&q=Laura%20Mercier%20Baked%20Eye%20Colour%20-%20Wet/Dry&src=typed&max_position=> (referer: None)
2018-04-14 14:54:05 [scrapy] DEBUG: Scraped from <200 https://twitter.com/i/search/timeline?l=en&f=tweets&q=Laura%20Mercier%20Baked%20Eye%20Colour%20-%20Wet/Dry&src=typed&max_position=>
None
2018-04-14 14:54:05 [scrapy] DEBUG: Scraped from <200 https://twitter.com/i/search/timeline?l=en&f=tweets&q=Laura%20Mercier%20Baked%20Eye%20Colour%20-%20Wet/Dry&src=typed&max_position=>
None
2018-04-14 14:54:05 [scrapy] DEBUG: Scraped from <200 https://twitter.com/i/search/timeline?l=en&f=tweets&q=Laura%20Mercier%20Baked%20Eye%20Colour%20-%20Wet/Dry&src=typed&max_position=>
None
2018-04-14 14:54:05 [scrapy] DEBUG: Scraped from <200 https://twitter.com/i/search/timeline?l=en&f=tweets&q=Laura%20Mercier%20Baked%20Eye%20Colour%20-%20Wet/Dry&src=typed&max_position=>
None
2018-04-14 14:54:05 [scrapy] DEBUG: Scraped from <200 https://twitter.com/i/search/timeline?l=en&f=tweets&q=Laura%20Mercier%20Baked%20Eye%20Colour%20-%20Wet/Dry&src=typed&max_position=>
None
2018-04-14 14:54:05 [scrapy] DEBUG: Scraped from <200 https://twitter.com/i/search/timeline?l=en&f=tweets&q=Laura%20Mercier%20Baked%20Eye%20Colour%20-%20Wet/Dry&src=typed&max_position=>
None
2018-04-14 14:54:05 [scrapy] DEBUG: Scraped from <200 https://twitter.com/i/search/timeline?l=en&f=tweets&q=Laura%20Mercier%20Baked%20Eye%20Colour%20-%20Wet/Dry&src=typed&max_position=>
None
2018-04-14 14:54:05 [scrapy] DEBUG: Scraped from <200 https://twitter.com/i/search/timeline?l=en&f=tweets&q=Laura%20Mercier%20Baked%20Eye%20Colour%20-%20Wet/Dry&src=typed&max_position=>
None
2018-04-14 14:54:06 [scrapy] DEBUG: Scraped from <200 https://twitter.com/i/search/timeline?l=en&f=tweets&q=Laura%20Mercier%20Baked%20Eye%20Colour%20-%20Wet/Dry&src=typed&max_position=>
None
2018-04-14 14:54:06 [scrapy] DEBUG: Scraped from <200 https://twitter.com/i/search/timeline?l=en&f=tweets&q=Laura%20Mercier%20Baked%20Eye%20Colour%20-%20Wet/Dry&src=typed&max_position=>
None
2018-04-14 14:54:06 [scrapy] DEBUG: Scraped from <200 https://twitter.com/i/search/timeline?l=en&f=tweets&q=Laura%20Mercier%20Baked%20Eye%20Colour%20-%20Wet/Dry&src=typed&max_position=>
None
2018-04-14 14:54:06 [scrapy] DEBUG: Scraped from <200 https://twitter.com/i/search/timeline?l=en&f=tweets&q=Laura%20Mercier%20Baked%20Eye%20Colour%20-%20Wet/Dry&src=typed&max_position=>
None
2018-04-14 14:54:06 [scrapy] DEBUG: Scraped from <200 https://twitter.com/i/search/timeline?l=en&f=tweets&q=Laura%20Mercier%20Baked%20Eye%20Colour%20-%20Wet/Dry&src=typed&max_position=>
None
2018-04-14 14:54:06 [scrapy] DEBUG: Scraped from <200 https://twitter.com/i/search/timeline?l=en&f=tweets&q=Laura%20Mercier%20Baked%20Eye%20Colour%20-%20Wet/Dry&src=typed&max_position=>
None
2018-04-14 14:54:06 [scrapy] DEBUG: Scraped from <200 https://twitter.com/i/search/timeline?l=en&f=tweets&q=Laura%20Mercier%20Baked%20Eye%20Colour%20-%20Wet/Dry&src=typed&max_position=>
None
2018-04-14 14:54:06 [scrapy] DEBUG: Scraped from <200 https://twitter.com/i/search/timeline?l=en&f=tweets&q=Laura%20Mercier%20Baked%20Eye%20Colour%20-%20Wet/Dry&src=typed&max_position=>
None
2018-04-14 14:54:06 [scrapy] DEBUG: Scraped from <200 https://twitter.com/i/search/timeline?l=en&f=tweets&q=Laura%20Mercier%20Baked%20Eye%20Colour%20-%20Wet/Dry&src=typed&max_position=>
None
2018-04-14 14:54:06 [scrapy] DEBUG: Scraped from <200 https://twitter.com/i/search/timeline?l=en&f=tweets&q=Laura%20Mercier%20Baked%20Eye%20Colour%20-%20Wet/Dry&src=typed&max_position=>
None
2018-04-14 14:54:06 [scrapy] DEBUG: Scraped from <200 https://twitter.com/i/search/timeline?l=en&f=tweets&q=Laura%20Mercier%20Baked%20Eye%20Colour%20-%20Wet/Dry&src=typed&max_position=>
None
2018-04-14 14:54:06 [scrapy] DEBUG: Scraped from <200 https://twitter.com/i/search/timeline?l=en&f=tweets&q=Laura%20Mercier%20Baked%20Eye%20Colour%20-%20Wet/Dry&src=typed&max_position=>
None
2018-04-14 14:54:07 [scrapy] DEBUG: Crawled (200) <GET https://twitter.com/i/search/timeline?l=en&f=tweets&q=Laura%20Mercier%20Baked%20Eye%20Colour%20-%20Wet/Dry&src=typed&max_position=TWEET-292217904282361856-904555206444277761> (referer: https://twitter.com/i/search/timeline?l=en&f=tweets&q=Laura%20Mercier%20Baked%20Eye%20Colour%20-%20Wet/Dry&src=typed&max_position=)
2018-04-14 14:54:07 [scrapy] DEBUG: Scraped from <200 https://twitter.com/i/search/timeline?l=en&f=tweets&q=Laura%20Mercier%20Baked%20Eye%20Colour%20-%20Wet/Dry&src=typed&max_position=TWEET-292217904282361856-904555206444277761>
None
2018-04-14 14:54:07 [scrapy] DEBUG: Scraped from <200 https://twitter.com/i/search/timeline?l=en&f=tweets&q=Laura%20Mercier%20Baked%20Eye%20Colour%20-%20Wet/Dry&src=typed&max_position=TWEET-292217904282361856-904555206444277761>
None
2018-04-14 14:54:07 [scrapy] DEBUG: Scraped from <200 https://twitter.com/i/search/timeline?l=en&f=tweets&q=Laura%20Mercier%20Baked%20Eye%20Colour%20-%20Wet/Dry&src=typed&max_position=TWEET-292217904282361856-904555206444277761>
None
2018-04-14 14:54:07 [scrapy] DEBUG: Scraped from <200 https://twitter.com/i/search/timeline?l=en&f=tweets&q=Laura%20Mercier%20Baked%20Eye%20Colour%20-%20Wet/Dry&src=typed&max_position=TWEET-292217904282361856-904555206444277761>
None
2018-04-14 14:54:07 [scrapy] DEBUG: Scraped from <200 https://twitter.com/i/search/timeline?l=en&f=tweets&q=Laura%20Mercier%20Baked%20Eye%20Colour%20-%20Wet/Dry&src=typed&max_position=TWEET-292217904282361856-904555206444277761>
None
2018-04-14 14:54:07 [scrapy] DEBUG: Scraped from <200 https://twitter.com/i/search/timeline?l=en&f=tweets&q=Laura%20Mercier%20Baked%20Eye%20Colour%20-%20Wet/Dry&src=typed&max_position=TWEET-292217904282361856-904555206444277761>
None
2018-04-14 14:54:07 [scrapy] DEBUG: Scraped from <200 https://twitter.com/i/search/timeline?l=en&f=tweets&q=Laura%20Mercier%20Baked%20Eye%20Colour%20-%20Wet/Dry&src=typed&max_position=TWEET-292217904282361856-904555206444277761>
None
2018-04-14 14:54:07 [scrapy] DEBUG: Scraped from <200 https://twitter.com/i/search/timeline?l=en&f=tweets&q=Laura%20Mercier%20Baked%20Eye%20Colour%20-%20Wet/Dry&src=typed&max_position=TWEET-292217904282361856-904555206444277761>
None
2018-04-14 14:54:07 [scrapy] DEBUG: Scraped from <200 https://twitter.com/i/search/timeline?l=en&f=tweets&q=Laura%20Mercier%20Baked%20Eye%20Colour%20-%20Wet/Dry&src=typed&max_position=TWEET-292217904282361856-904555206444277761>
None
2018-04-14 14:54:07 [scrapy] DEBUG: Scraped from <200 https://twitter.com/i/search/timeline?l=en&f=tweets&q=Laura%20Mercier%20Baked%20Eye%20Colour%20-%20Wet/Dry&src=typed&max_position=TWEET-292217904282361856-904555206444277761>
None
2018-04-14 14:54:07 [scrapy] DEBUG: Scraped from <200 https://twitter.com/i/search/timeline?l=en&f=tweets&q=Laura%20Mercier%20Baked%20Eye%20Colour%20-%20Wet/Dry&src=typed&max_position=TWEET-292217904282361856-904555206444277761>
None
2018-04-14 14:54:07 [scrapy] DEBUG: Scraped from <200 https://twitter.com/i/search/timeline?l=en&f=tweets&q=Laura%20Mercier%20Baked%20Eye%20Colour%20-%20Wet/Dry&src=typed&max_position=TWEET-292217904282361856-904555206444277761>
None
2018-04-14 14:54:07 [scrapy] DEBUG: Scraped from <200 https://twitter.com/i/search/timeline?l=en&f=tweets&q=Laura%20Mercier%20Baked%20Eye%20Colour%20-%20Wet/Dry&src=typed&max_position=TWEET-292217904282361856-904555206444277761>
None
2018-04-14 14:54:07 [scrapy] DEBUG: Scraped from <200 https://twitter.com/i/search/timeline?l=en&f=tweets&q=Laura%20Mercier%20Baked%20Eye%20Colour%20-%20Wet/Dry&src=typed&max_position=TWEET-292217904282361856-904555206444277761>
None
2018-04-14 14:54:07 [scrapy] DEBUG: Scraped from <200 https://twitter.com/i/search/timeline?l=en&f=tweets&q=Laura%20Mercier%20Baked%20Eye%20Colour%20-%20Wet/Dry&src=typed&max_position=TWEET-292217904282361856-904555206444277761>
None
2018-04-14 14:54:07 [scrapy] DEBUG: Scraped from <200 https://twitter.com/i/search/timeline?l=en&f=tweets&q=Laura%20Mercier%20Baked%20Eye%20Colour%20-%20Wet/Dry&src=typed&max_position=TWEET-292217904282361856-904555206444277761>
None
2018-04-14 14:54:08 [scrapy] DEBUG: Scraped from <200 https://twitter.com/i/search/timeline?l=en&f=tweets&q=Laura%20Mercier%20Baked%20Eye%20Colour%20-%20Wet/Dry&src=typed&max_position=TWEET-292217904282361856-904555206444277761>
None
2018-04-14 14:54:08 [scrapy] DEBUG: Scraped from <200 https://twitter.com/i/search/timeline?l=en&f=tweets&q=Laura%20Mercier%20Baked%20Eye%20Colour%20-%20Wet/Dry&src=typed&max_position=TWEET-292217904282361856-904555206444277761>
None
2018-04-14 14:54:08 [scrapy] DEBUG: Scraped from <200 https://twitter.com/i/search/timeline?l=en&f=tweets&q=Laura%20Mercier%20Baked%20Eye%20Colour%20-%20Wet/Dry&src=typed&max_position=TWEET-292217904282361856-904555206444277761>
None
2018-04-14 14:54:08 [scrapy] DEBUG: Scraped from <200 https://twitter.com/i/search/timeline?l=en&f=tweets&q=Laura%20Mercier%20Baked%20Eye%20Colour%20-%20Wet/Dry&src=typed&max_position=TWEET-292217904282361856-904555206444277761>
None
2018-04-14 14:54:08 [scrapy] DEBUG: Crawled (200) <GET https://twitter.com/i/search/timeline?l=en&f=tweets&q=Laura%20Mercier%20Baked%20Eye%20Colour%20-%20Wet/Dry&src=typed&max_position=TWEET-198037324498612224-904555206444277761> (referer: https://twitter.com/i/search/timeline?l=en&f=tweets&q=Laura%20Mercier%20Baked%20Eye%20Colour%20-%20Wet/Dry&src=typed&max_position=TWEET-292217904282361856-904555206444277761)
2018-04-14 14:54:08 [scrapy] DEBUG: Scraped from <200 https://twitter.com/i/search/timeline?l=en&f=tweets&q=Laura%20Mercier%20Baked%20Eye%20Colour%20-%20Wet/Dry&src=typed&max_position=TWEET-198037324498612224-904555206444277761>
None
2018-04-14 14:54:08 [scrapy] DEBUG: Scraped from <200 https://twitter.com/i/search/timeline?l=en&f=tweets&q=Laura%20Mercier%20Baked%20Eye%20Colour%20-%20Wet/Dry&src=typed&max_position=TWEET-198037324498612224-904555206444277761>
None
2018-04-14 14:54:08 [scrapy] DEBUG: Scraped from <200 https://twitter.com/i/search/timeline?l=en&f=tweets&q=Laura%20Mercier%20Baked%20Eye%20Colour%20-%20Wet/Dry&src=typed&max_position=TWEET-198037324498612224-904555206444277761>
None
2018-04-14 14:54:09 [scrapy] DEBUG: Scraped from <200 https://twitter.com/i/search/timeline?l=en&f=tweets&q=Laura%20Mercier%20Baked%20Eye%20Colour%20-%20Wet/Dry&src=typed&max_position=TWEET-198037324498612224-904555206444277761>
None
2018-04-14 14:54:09 [scrapy] DEBUG: Scraped from <200 https://twitter.com/i/search/timeline?l=en&f=tweets&q=Laura%20Mercier%20Baked%20Eye%20Colour%20-%20Wet/Dry&src=typed&max_position=TWEET-198037324498612224-904555206444277761>
None
2018-04-14 14:54:09 [scrapy] DEBUG: Scraped from <200 https://twitter.com/i/search/timeline?l=en&f=tweets&q=Laura%20Mercier%20Baked%20Eye%20Colour%20-%20Wet/Dry&src=typed&max_position=TWEET-198037324498612224-904555206444277761>
None
2018-04-14 14:54:09 [scrapy] DEBUG: Scraped from <200 https://twitter.com/i/search/timeline?l=en&f=tweets&q=Laura%20Mercier%20Baked%20Eye%20Colour%20-%20Wet/Dry&src=typed&max_position=TWEET-198037324498612224-904555206444277761>
None
2018-04-14 14:54:09 [scrapy] DEBUG: Scraped from <200 https://twitter.com/i/search/timeline?l=en&f=tweets&q=Laura%20Mercier%20Baked%20Eye%20Colour%20-%20Wet/Dry&src=typed&max_position=TWEET-198037324498612224-904555206444277761>
None
2018-04-14 14:54:09 [scrapy] DEBUG: Scraped from <200 https://twitter.com/i/search/timeline?l=en&f=tweets&q=Laura%20Mercier%20Baked%20Eye%20Colour%20-%20Wet/Dry&src=typed&max_position=TWEET-198037324498612224-904555206444277761>
None
2018-04-14 14:54:09 [scrapy] DEBUG: Scraped from <200 https://twitter.com/i/search/timeline?l=en&f=tweets&q=Laura%20Mercier%20Baked%20Eye%20Colour%20-%20Wet/Dry&src=typed&max_position=TWEET-198037324498612224-904555206444277761>
None
2018-04-14 14:54:09 [scrapy] DEBUG: Scraped from <200 https://twitter.com/i/search/timeline?l=en&f=tweets&q=Laura%20Mercier%20Baked%20Eye%20Colour%20-%20Wet/Dry&src=typed&max_position=TWEET-198037324498612224-904555206444277761>
None
2018-04-14 14:54:09 [scrapy] DEBUG: Scraped from <200 https://twitter.com/i/search/timeline?l=en&f=tweets&q=Laura%20Mercier%20Baked%20Eye%20Colour%20-%20Wet/Dry&src=typed&max_position=TWEET-198037324498612224-904555206444277761>
None
2018-04-14 14:54:09 [scrapy] DEBUG: Scraped from <200 https://twitter.com/i/search/timeline?l=en&f=tweets&q=Laura%20Mercier%20Baked%20Eye%20Colour%20-%20Wet/Dry&src=typed&max_position=TWEET-198037324498612224-904555206444277761>
None
2018-04-14 14:54:09 [scrapy] DEBUG: Scraped from <200 https://twitter.com/i/search/timeline?l=en&f=tweets&q=Laura%20Mercier%20Baked%20Eye%20Colour%20-%20Wet/Dry&src=typed&max_position=TWEET-198037324498612224-904555206444277761>
None
2018-04-14 14:54:09 [scrapy] DEBUG: Scraped from <200 https://twitter.com/i/search/timeline?l=en&f=tweets&q=Laura%20Mercier%20Baked%20Eye%20Colour%20-%20Wet/Dry&src=typed&max_position=TWEET-198037324498612224-904555206444277761>
None
2018-04-14 14:54:09 [scrapy] DEBUG: Crawled (200) <GET https://twitter.com/i/search/timeline?l=en&f=tweets&q=Laura%20Mercier%20Baked%20Eye%20Colour%20-%20Wet/Dry&src=typed&max_position=TWEET-42333737995874304-904555206444277761> (referer: https://twitter.com/i/search/timeline?l=en&f=tweets&q=Laura%20Mercier%20Baked%20Eye%20Colour%20-%20Wet/Dry&src=typed&max_position=TWEET-198037324498612224-904555206444277761)
2018-04-14 14:54:09 [scrapy] DEBUG: Filtered duplicate request: <GET https://twitter.com/i/search/timeline?l=en&f=tweets&q=Laura%20Mercier%20Baked%20Eye%20Colour%20-%20Wet/Dry&src=typed&max_position=TWEET-42333737995874304-904555206444277761> - no more duplicates will be shown (see DUPEFILTER_DEBUG to show all duplicates)
2018-04-14 14:54:09 [scrapy] INFO: Closing spider (finished)
2018-04-14 14:54:09 [scrapy] INFO: Dumping Scrapy stats:
{'downloader/request_bytes': 3122,
 'downloader/request_count': 4,
 'downloader/request_method_count/GET': 4,
 'downloader/response_bytes': 34879,
 'downloader/response_count': 4,
 'downloader/response_status_count/200': 4,
 'dupefilter/filtered': 1,
 'finish_reason': 'finished',
 'finish_time': datetime.datetime(2018, 4, 14, 19, 54, 9, 785605),
 'item_scraped_count': 55,
 'log_count/DEBUG': 113,
 'log_count/ERROR': 55,
 'log_count/INFO': 6,
 'memusage/max': 63221760,
 'memusage/startup': 63221760,
 'request_depth_max': 4,
 'response_received_count': 4,
 'scheduler/dequeued': 4,
 'scheduler/dequeued/memory': 4,
 'scheduler/enqueued': 4,
 'scheduler/enqueued/memory': 4,
 'start_time': datetime.datetime(2018, 4, 14, 19, 54, 4, 455751)}
2018-04-14 14:54:09 [scrapy] INFO: Spider closed (finished)
