2018-04-14 15:13:23 [scrapy] DEBUG: Crawled (200) <GET https://twitter.com/i/search/timeline?l=en&f=tweets&q=%22Cream%20and%20Powder%20Eye%20Color%22&src=typed&max_position=> (referer: None)
2018-04-14 15:13:23 [scrapy] DEBUG: Scraped from <200 https://twitter.com/i/search/timeline?l=en&f=tweets&q=%22Cream%20and%20Powder%20Eye%20Color%22&src=typed&max_position=>
None
2018-04-14 15:13:23 [scrapy] DEBUG: Scraped from <200 https://twitter.com/i/search/timeline?l=en&f=tweets&q=%22Cream%20and%20Powder%20Eye%20Color%22&src=typed&max_position=>
None
2018-04-14 15:13:23 [scrapy] DEBUG: Scraped from <200 https://twitter.com/i/search/timeline?l=en&f=tweets&q=%22Cream%20and%20Powder%20Eye%20Color%22&src=typed&max_position=>
None
2018-04-14 15:13:23 [scrapy] DEBUG: Scraped from <200 https://twitter.com/i/search/timeline?l=en&f=tweets&q=%22Cream%20and%20Powder%20Eye%20Color%22&src=typed&max_position=>
None
2018-04-14 15:13:24 [scrapy] DEBUG: Scraped from <200 https://twitter.com/i/search/timeline?l=en&f=tweets&q=%22Cream%20and%20Powder%20Eye%20Color%22&src=typed&max_position=>
None
2018-04-14 15:13:24 [scrapy] DEBUG: Scraped from <200 https://twitter.com/i/search/timeline?l=en&f=tweets&q=%22Cream%20and%20Powder%20Eye%20Color%22&src=typed&max_position=>
None
2018-04-14 15:13:24 [scrapy] DEBUG: Scraped from <200 https://twitter.com/i/search/timeline?l=en&f=tweets&q=%22Cream%20and%20Powder%20Eye%20Color%22&src=typed&max_position=>
None
2018-04-14 15:13:24 [scrapy] DEBUG: Crawled (200) <GET https://twitter.com/i/search/timeline?l=en&f=tweets&q=%22Cream%20and%20Powder%20Eye%20Color%22&src=typed&max_position=TWEET-921633964644761600-980019271681093632> (referer: https://twitter.com/i/search/timeline?l=en&f=tweets&q=%22Cream%20and%20Powder%20Eye%20Color%22&src=typed&max_position=)
2018-04-14 15:13:24 [scrapy] DEBUG: Scraped from <200 https://twitter.com/i/search/timeline?l=en&f=tweets&q=%22Cream%20and%20Powder%20Eye%20Color%22&src=typed&max_position=TWEET-921633964644761600-980019271681093632>
None
2018-04-14 15:13:24 [scrapy] DEBUG: Scraped from <200 https://twitter.com/i/search/timeline?l=en&f=tweets&q=%22Cream%20and%20Powder%20Eye%20Color%22&src=typed&max_position=TWEET-921633964644761600-980019271681093632>
None
2018-04-14 15:13:24 [scrapy] DEBUG: Scraped from <200 https://twitter.com/i/search/timeline?l=en&f=tweets&q=%22Cream%20and%20Powder%20Eye%20Color%22&src=typed&max_position=TWEET-921633964644761600-980019271681093632>
None
2018-04-14 15:13:24 [scrapy] DEBUG: Scraped from <200 https://twitter.com/i/search/timeline?l=en&f=tweets&q=%22Cream%20and%20Powder%20Eye%20Color%22&src=typed&max_position=TWEET-921633964644761600-980019271681093632>
None
2018-04-14 15:13:25 [scrapy] DEBUG: Scraped from <200 https://twitter.com/i/search/timeline?l=en&f=tweets&q=%22Cream%20and%20Powder%20Eye%20Color%22&src=typed&max_position=TWEET-921633964644761600-980019271681093632>
None
2018-04-14 15:13:25 [scrapy] DEBUG: Scraped from <200 https://twitter.com/i/search/timeline?l=en&f=tweets&q=%22Cream%20and%20Powder%20Eye%20Color%22&src=typed&max_position=TWEET-921633964644761600-980019271681093632>
None
2018-04-14 15:13:25 [scrapy] DEBUG: Scraped from <200 https://twitter.com/i/search/timeline?l=en&f=tweets&q=%22Cream%20and%20Powder%20Eye%20Color%22&src=typed&max_position=TWEET-921633964644761600-980019271681093632>
None
2018-04-14 15:13:25 [scrapy] DEBUG: Scraped from <200 https://twitter.com/i/search/timeline?l=en&f=tweets&q=%22Cream%20and%20Powder%20Eye%20Color%22&src=typed&max_position=TWEET-921633964644761600-980019271681093632>
None
2018-04-14 15:13:25 [scrapy] DEBUG: Scraped from <200 https://twitter.com/i/search/timeline?l=en&f=tweets&q=%22Cream%20and%20Powder%20Eye%20Color%22&src=typed&max_position=TWEET-921633964644761600-980019271681093632>
None
2018-04-14 15:13:25 [scrapy] DEBUG: Scraped from <200 https://twitter.com/i/search/timeline?l=en&f=tweets&q=%22Cream%20and%20Powder%20Eye%20Color%22&src=typed&max_position=TWEET-921633964644761600-980019271681093632>
None
2018-04-14 15:13:25 [scrapy] DEBUG: Scraped from <200 https://twitter.com/i/search/timeline?l=en&f=tweets&q=%22Cream%20and%20Powder%20Eye%20Color%22&src=typed&max_position=TWEET-921633964644761600-980019271681093632>
None
2018-04-14 15:13:25 [scrapy] DEBUG: Scraped from <200 https://twitter.com/i/search/timeline?l=en&f=tweets&q=%22Cream%20and%20Powder%20Eye%20Color%22&src=typed&max_position=TWEET-921633964644761600-980019271681093632>
None
2018-04-14 15:13:25 [scrapy] DEBUG: Scraped from <200 https://twitter.com/i/search/timeline?l=en&f=tweets&q=%22Cream%20and%20Powder%20Eye%20Color%22&src=typed&max_position=TWEET-921633964644761600-980019271681093632>
None
2018-04-14 15:13:25 [scrapy] DEBUG: Scraped from <200 https://twitter.com/i/search/timeline?l=en&f=tweets&q=%22Cream%20and%20Powder%20Eye%20Color%22&src=typed&max_position=TWEET-921633964644761600-980019271681093632>
None
2018-04-14 15:13:26 [scrapy] DEBUG: Crawled (200) <GET https://twitter.com/i/search/timeline?l=en&f=tweets&q=%22Cream%20and%20Powder%20Eye%20Color%22&src=typed&max_position=TWEET-874690167134720000-980019271681093632> (referer: https://twitter.com/i/search/timeline?l=en&f=tweets&q=%22Cream%20and%20Powder%20Eye%20Color%22&src=typed&max_position=TWEET-921633964644761600-980019271681093632)
2018-04-14 15:13:26 [scrapy] DEBUG: Scraped from <200 https://twitter.com/i/search/timeline?l=en&f=tweets&q=%22Cream%20and%20Powder%20Eye%20Color%22&src=typed&max_position=TWEET-874690167134720000-980019271681093632>
None
2018-04-14 15:13:26 [scrapy] DEBUG: Scraped from <200 https://twitter.com/i/search/timeline?l=en&f=tweets&q=%22Cream%20and%20Powder%20Eye%20Color%22&src=typed&max_position=TWEET-874690167134720000-980019271681093632>
None
2018-04-14 15:13:26 [scrapy] DEBUG: Scraped from <200 https://twitter.com/i/search/timeline?l=en&f=tweets&q=%22Cream%20and%20Powder%20Eye%20Color%22&src=typed&max_position=TWEET-874690167134720000-980019271681093632>
None
2018-04-14 15:13:26 [scrapy] DEBUG: Scraped from <200 https://twitter.com/i/search/timeline?l=en&f=tweets&q=%22Cream%20and%20Powder%20Eye%20Color%22&src=typed&max_position=TWEET-874690167134720000-980019271681093632>
None
2018-04-14 15:13:26 [scrapy] DEBUG: Scraped from <200 https://twitter.com/i/search/timeline?l=en&f=tweets&q=%22Cream%20and%20Powder%20Eye%20Color%22&src=typed&max_position=TWEET-874690167134720000-980019271681093632>
None
2018-04-14 15:13:26 [scrapy] DEBUG: Scraped from <200 https://twitter.com/i/search/timeline?l=en&f=tweets&q=%22Cream%20and%20Powder%20Eye%20Color%22&src=typed&max_position=TWEET-874690167134720000-980019271681093632>
None
2018-04-14 15:13:26 [scrapy] DEBUG: Scraped from <200 https://twitter.com/i/search/timeline?l=en&f=tweets&q=%22Cream%20and%20Powder%20Eye%20Color%22&src=typed&max_position=TWEET-874690167134720000-980019271681093632>
None
2018-04-14 15:13:26 [scrapy] DEBUG: Scraped from <200 https://twitter.com/i/search/timeline?l=en&f=tweets&q=%22Cream%20and%20Powder%20Eye%20Color%22&src=typed&max_position=TWEET-874690167134720000-980019271681093632>
None
2018-04-14 15:13:26 [scrapy] DEBUG: Scraped from <200 https://twitter.com/i/search/timeline?l=en&f=tweets&q=%22Cream%20and%20Powder%20Eye%20Color%22&src=typed&max_position=TWEET-874690167134720000-980019271681093632>
None
2018-04-14 15:13:26 [scrapy] DEBUG: Scraped from <200 https://twitter.com/i/search/timeline?l=en&f=tweets&q=%22Cream%20and%20Powder%20Eye%20Color%22&src=typed&max_position=TWEET-874690167134720000-980019271681093632>
None
2018-04-14 15:13:26 [scrapy] DEBUG: Scraped from <200 https://twitter.com/i/search/timeline?l=en&f=tweets&q=%22Cream%20and%20Powder%20Eye%20Color%22&src=typed&max_position=TWEET-874690167134720000-980019271681093632>
None
2018-04-14 15:13:26 [scrapy] DEBUG: Scraped from <200 https://twitter.com/i/search/timeline?l=en&f=tweets&q=%22Cream%20and%20Powder%20Eye%20Color%22&src=typed&max_position=TWEET-874690167134720000-980019271681093632>
None
2018-04-14 15:13:26 [scrapy] DEBUG: Scraped from <200 https://twitter.com/i/search/timeline?l=en&f=tweets&q=%22Cream%20and%20Powder%20Eye%20Color%22&src=typed&max_position=TWEET-874690167134720000-980019271681093632>
None
2018-04-14 15:13:26 [scrapy] DEBUG: Scraped from <200 https://twitter.com/i/search/timeline?l=en&f=tweets&q=%22Cream%20and%20Powder%20Eye%20Color%22&src=typed&max_position=TWEET-874690167134720000-980019271681093632>
None
2018-04-14 15:13:27 [scrapy] DEBUG: Crawled (200) <GET https://twitter.com/i/search/timeline?l=en&f=tweets&q=%22Cream%20and%20Powder%20Eye%20Color%22&src=typed&max_position=TWEET-839989742238347265-980019271681093632> (referer: https://twitter.com/i/search/timeline?l=en&f=tweets&q=%22Cream%20and%20Powder%20Eye%20Color%22&src=typed&max_position=TWEET-874690167134720000-980019271681093632)
2018-04-14 15:13:27 [scrapy] DEBUG: Scraped from <200 https://twitter.com/i/search/timeline?l=en&f=tweets&q=%22Cream%20and%20Powder%20Eye%20Color%22&src=typed&max_position=TWEET-839989742238347265-980019271681093632>
None
2018-04-14 15:13:28 [scrapy] DEBUG: Scraped from <200 https://twitter.com/i/search/timeline?l=en&f=tweets&q=%22Cream%20and%20Powder%20Eye%20Color%22&src=typed&max_position=TWEET-839989742238347265-980019271681093632>
None
2018-04-14 15:13:28 [scrapy] DEBUG: Scraped from <200 https://twitter.com/i/search/timeline?l=en&f=tweets&q=%22Cream%20and%20Powder%20Eye%20Color%22&src=typed&max_position=TWEET-839989742238347265-980019271681093632>
None
2018-04-14 15:13:28 [scrapy] DEBUG: Scraped from <200 https://twitter.com/i/search/timeline?l=en&f=tweets&q=%22Cream%20and%20Powder%20Eye%20Color%22&src=typed&max_position=TWEET-839989742238347265-980019271681093632>
None
2018-04-14 15:13:28 [scrapy] DEBUG: Scraped from <200 https://twitter.com/i/search/timeline?l=en&f=tweets&q=%22Cream%20and%20Powder%20Eye%20Color%22&src=typed&max_position=TWEET-839989742238347265-980019271681093632>
None
2018-04-14 15:13:28 [scrapy] DEBUG: Scraped from <200 https://twitter.com/i/search/timeline?l=en&f=tweets&q=%22Cream%20and%20Powder%20Eye%20Color%22&src=typed&max_position=TWEET-839989742238347265-980019271681093632>
None
2018-04-14 15:13:28 [scrapy] DEBUG: Scraped from <200 https://twitter.com/i/search/timeline?l=en&f=tweets&q=%22Cream%20and%20Powder%20Eye%20Color%22&src=typed&max_position=TWEET-839989742238347265-980019271681093632>
None
2018-04-14 15:13:28 [scrapy] DEBUG: Scraped from <200 https://twitter.com/i/search/timeline?l=en&f=tweets&q=%22Cream%20and%20Powder%20Eye%20Color%22&src=typed&max_position=TWEET-839989742238347265-980019271681093632>
None
2018-04-14 15:13:28 [scrapy] DEBUG: Scraped from <200 https://twitter.com/i/search/timeline?l=en&f=tweets&q=%22Cream%20and%20Powder%20Eye%20Color%22&src=typed&max_position=TWEET-839989742238347265-980019271681093632>
None
2018-04-14 15:13:28 [scrapy] DEBUG: Scraped from <200 https://twitter.com/i/search/timeline?l=en&f=tweets&q=%22Cream%20and%20Powder%20Eye%20Color%22&src=typed&max_position=TWEET-839989742238347265-980019271681093632>
None
2018-04-14 15:13:28 [scrapy] DEBUG: Scraped from <200 https://twitter.com/i/search/timeline?l=en&f=tweets&q=%22Cream%20and%20Powder%20Eye%20Color%22&src=typed&max_position=TWEET-839989742238347265-980019271681093632>
None
2018-04-14 15:13:28 [scrapy] DEBUG: Scraped from <200 https://twitter.com/i/search/timeline?l=en&f=tweets&q=%22Cream%20and%20Powder%20Eye%20Color%22&src=typed&max_position=TWEET-839989742238347265-980019271681093632>
None
2018-04-14 15:13:28 [scrapy] DEBUG: Scraped from <200 https://twitter.com/i/search/timeline?l=en&f=tweets&q=%22Cream%20and%20Powder%20Eye%20Color%22&src=typed&max_position=TWEET-839989742238347265-980019271681093632>
None
2018-04-14 15:13:28 [scrapy] DEBUG: Scraped from <200 https://twitter.com/i/search/timeline?l=en&f=tweets&q=%22Cream%20and%20Powder%20Eye%20Color%22&src=typed&max_position=TWEET-839989742238347265-980019271681093632>
None
2018-04-14 15:13:29 [scrapy] DEBUG: Crawled (200) <GET https://twitter.com/i/search/timeline?l=en&f=tweets&q=%22Cream%20and%20Powder%20Eye%20Color%22&src=typed&max_position=TWEET-786764971506077697-980019271681093632> (referer: https://twitter.com/i/search/timeline?l=en&f=tweets&q=%22Cream%20and%20Powder%20Eye%20Color%22&src=typed&max_position=TWEET-839989742238347265-980019271681093632)
2018-04-14 15:13:29 [scrapy] DEBUG: Scraped from <200 https://twitter.com/i/search/timeline?l=en&f=tweets&q=%22Cream%20and%20Powder%20Eye%20Color%22&src=typed&max_position=TWEET-786764971506077697-980019271681093632>
None
2018-04-14 15:13:29 [scrapy] DEBUG: Scraped from <200 https://twitter.com/i/search/timeline?l=en&f=tweets&q=%22Cream%20and%20Powder%20Eye%20Color%22&src=typed&max_position=TWEET-786764971506077697-980019271681093632>
None
2018-04-14 15:13:29 [scrapy] DEBUG: Scraped from <200 https://twitter.com/i/search/timeline?l=en&f=tweets&q=%22Cream%20and%20Powder%20Eye%20Color%22&src=typed&max_position=TWEET-786764971506077697-980019271681093632>
None
2018-04-14 15:13:29 [scrapy] DEBUG: Scraped from <200 https://twitter.com/i/search/timeline?l=en&f=tweets&q=%22Cream%20and%20Powder%20Eye%20Color%22&src=typed&max_position=TWEET-786764971506077697-980019271681093632>
None
2018-04-14 15:13:29 [scrapy] DEBUG: Scraped from <200 https://twitter.com/i/search/timeline?l=en&f=tweets&q=%22Cream%20and%20Powder%20Eye%20Color%22&src=typed&max_position=TWEET-786764971506077697-980019271681093632>
None
2018-04-14 15:13:29 [scrapy] DEBUG: Scraped from <200 https://twitter.com/i/search/timeline?l=en&f=tweets&q=%22Cream%20and%20Powder%20Eye%20Color%22&src=typed&max_position=TWEET-786764971506077697-980019271681093632>
None
2018-04-14 15:13:29 [scrapy] DEBUG: Scraped from <200 https://twitter.com/i/search/timeline?l=en&f=tweets&q=%22Cream%20and%20Powder%20Eye%20Color%22&src=typed&max_position=TWEET-786764971506077697-980019271681093632>
None
2018-04-14 15:13:29 [scrapy] DEBUG: Scraped from <200 https://twitter.com/i/search/timeline?l=en&f=tweets&q=%22Cream%20and%20Powder%20Eye%20Color%22&src=typed&max_position=TWEET-786764971506077697-980019271681093632>
None
2018-04-14 15:13:29 [scrapy] DEBUG: Scraped from <200 https://twitter.com/i/search/timeline?l=en&f=tweets&q=%22Cream%20and%20Powder%20Eye%20Color%22&src=typed&max_position=TWEET-786764971506077697-980019271681093632>
None
2018-04-14 15:13:29 [scrapy] DEBUG: Scraped from <200 https://twitter.com/i/search/timeline?l=en&f=tweets&q=%22Cream%20and%20Powder%20Eye%20Color%22&src=typed&max_position=TWEET-786764971506077697-980019271681093632>
None
2018-04-14 15:13:29 [scrapy] DEBUG: Scraped from <200 https://twitter.com/i/search/timeline?l=en&f=tweets&q=%22Cream%20and%20Powder%20Eye%20Color%22&src=typed&max_position=TWEET-786764971506077697-980019271681093632>
None
2018-04-14 15:13:30 [scrapy] DEBUG: Scraped from <200 https://twitter.com/i/search/timeline?l=en&f=tweets&q=%22Cream%20and%20Powder%20Eye%20Color%22&src=typed&max_position=TWEET-786764971506077697-980019271681093632>
None
2018-04-14 15:13:30 [scrapy] DEBUG: Crawled (200) <GET https://twitter.com/i/search/timeline?l=en&f=tweets&q=%22Cream%20and%20Powder%20Eye%20Color%22&src=typed&max_position=TWEET-740215458196918276-980019271681093632> (referer: https://twitter.com/i/search/timeline?l=en&f=tweets&q=%22Cream%20and%20Powder%20Eye%20Color%22&src=typed&max_position=TWEET-786764971506077697-980019271681093632)
2018-04-14 15:13:30 [scrapy] DEBUG: Scraped from <200 https://twitter.com/i/search/timeline?l=en&f=tweets&q=%22Cream%20and%20Powder%20Eye%20Color%22&src=typed&max_position=TWEET-740215458196918276-980019271681093632>
None
2018-04-14 15:13:30 [scrapy] DEBUG: Scraped from <200 https://twitter.com/i/search/timeline?l=en&f=tweets&q=%22Cream%20and%20Powder%20Eye%20Color%22&src=typed&max_position=TWEET-740215458196918276-980019271681093632>
None
2018-04-14 15:13:30 [scrapy] DEBUG: Scraped from <200 https://twitter.com/i/search/timeline?l=en&f=tweets&q=%22Cream%20and%20Powder%20Eye%20Color%22&src=typed&max_position=TWEET-740215458196918276-980019271681093632>
None
2018-04-14 15:13:30 [scrapy] DEBUG: Scraped from <200 https://twitter.com/i/search/timeline?l=en&f=tweets&q=%22Cream%20and%20Powder%20Eye%20Color%22&src=typed&max_position=TWEET-740215458196918276-980019271681093632>
None
2018-04-14 15:13:30 [scrapy] DEBUG: Scraped from <200 https://twitter.com/i/search/timeline?l=en&f=tweets&q=%22Cream%20and%20Powder%20Eye%20Color%22&src=typed&max_position=TWEET-740215458196918276-980019271681093632>
None
2018-04-14 15:13:31 [scrapy] DEBUG: Scraped from <200 https://twitter.com/i/search/timeline?l=en&f=tweets&q=%22Cream%20and%20Powder%20Eye%20Color%22&src=typed&max_position=TWEET-740215458196918276-980019271681093632>
None
2018-04-14 15:13:31 [scrapy] DEBUG: Scraped from <200 https://twitter.com/i/search/timeline?l=en&f=tweets&q=%22Cream%20and%20Powder%20Eye%20Color%22&src=typed&max_position=TWEET-740215458196918276-980019271681093632>
None
2018-04-14 15:13:31 [scrapy] DEBUG: Scraped from <200 https://twitter.com/i/search/timeline?l=en&f=tweets&q=%22Cream%20and%20Powder%20Eye%20Color%22&src=typed&max_position=TWEET-740215458196918276-980019271681093632>
None
2018-04-14 15:13:31 [scrapy] DEBUG: Scraped from <200 https://twitter.com/i/search/timeline?l=en&f=tweets&q=%22Cream%20and%20Powder%20Eye%20Color%22&src=typed&max_position=TWEET-740215458196918276-980019271681093632>
None
2018-04-14 15:13:31 [scrapy] DEBUG: Scraped from <200 https://twitter.com/i/search/timeline?l=en&f=tweets&q=%22Cream%20and%20Powder%20Eye%20Color%22&src=typed&max_position=TWEET-740215458196918276-980019271681093632>
None
2018-04-14 15:13:31 [scrapy] DEBUG: Scraped from <200 https://twitter.com/i/search/timeline?l=en&f=tweets&q=%22Cream%20and%20Powder%20Eye%20Color%22&src=typed&max_position=TWEET-740215458196918276-980019271681093632>
None
2018-04-14 15:13:31 [scrapy] DEBUG: Scraped from <200 https://twitter.com/i/search/timeline?l=en&f=tweets&q=%22Cream%20and%20Powder%20Eye%20Color%22&src=typed&max_position=TWEET-740215458196918276-980019271681093632>
None
2018-04-14 15:13:31 [scrapy] DEBUG: Scraped from <200 https://twitter.com/i/search/timeline?l=en&f=tweets&q=%22Cream%20and%20Powder%20Eye%20Color%22&src=typed&max_position=TWEET-740215458196918276-980019271681093632>
None
2018-04-14 15:13:31 [scrapy] DEBUG: Scraped from <200 https://twitter.com/i/search/timeline?l=en&f=tweets&q=%22Cream%20and%20Powder%20Eye%20Color%22&src=typed&max_position=TWEET-740215458196918276-980019271681093632>
None
2018-04-14 15:13:31 [scrapy] DEBUG: Scraped from <200 https://twitter.com/i/search/timeline?l=en&f=tweets&q=%22Cream%20and%20Powder%20Eye%20Color%22&src=typed&max_position=TWEET-740215458196918276-980019271681093632>
None
2018-04-14 15:13:31 [scrapy] DEBUG: Scraped from <200 https://twitter.com/i/search/timeline?l=en&f=tweets&q=%22Cream%20and%20Powder%20Eye%20Color%22&src=typed&max_position=TWEET-740215458196918276-980019271681093632>
None
2018-04-14 15:13:31 [scrapy] DEBUG: Scraped from <200 https://twitter.com/i/search/timeline?l=en&f=tweets&q=%22Cream%20and%20Powder%20Eye%20Color%22&src=typed&max_position=TWEET-740215458196918276-980019271681093632>
None
2018-04-14 15:13:31 [scrapy] DEBUG: Scraped from <200 https://twitter.com/i/search/timeline?l=en&f=tweets&q=%22Cream%20and%20Powder%20Eye%20Color%22&src=typed&max_position=TWEET-740215458196918276-980019271681093632>
None
2018-04-14 15:13:32 [scrapy] DEBUG: Crawled (200) <GET https://twitter.com/i/search/timeline?l=en&f=tweets&q=%22Cream%20and%20Powder%20Eye%20Color%22&src=typed&max_position=TWEET-669959582437904384-980019271681093632> (referer: https://twitter.com/i/search/timeline?l=en&f=tweets&q=%22Cream%20and%20Powder%20Eye%20Color%22&src=typed&max_position=TWEET-740215458196918276-980019271681093632)
2018-04-14 15:13:32 [scrapy] DEBUG: Scraped from <200 https://twitter.com/i/search/timeline?l=en&f=tweets&q=%22Cream%20and%20Powder%20Eye%20Color%22&src=typed&max_position=TWEET-669959582437904384-980019271681093632>
None
2018-04-14 15:13:32 [scrapy] DEBUG: Scraped from <200 https://twitter.com/i/search/timeline?l=en&f=tweets&q=%22Cream%20and%20Powder%20Eye%20Color%22&src=typed&max_position=TWEET-669959582437904384-980019271681093632>
None
2018-04-14 15:13:32 [scrapy] DEBUG: Scraped from <200 https://twitter.com/i/search/timeline?l=en&f=tweets&q=%22Cream%20and%20Powder%20Eye%20Color%22&src=typed&max_position=TWEET-669959582437904384-980019271681093632>
None
2018-04-14 15:13:32 [scrapy] DEBUG: Scraped from <200 https://twitter.com/i/search/timeline?l=en&f=tweets&q=%22Cream%20and%20Powder%20Eye%20Color%22&src=typed&max_position=TWEET-669959582437904384-980019271681093632>
None
2018-04-14 15:13:32 [scrapy] DEBUG: Scraped from <200 https://twitter.com/i/search/timeline?l=en&f=tweets&q=%22Cream%20and%20Powder%20Eye%20Color%22&src=typed&max_position=TWEET-669959582437904384-980019271681093632>
None
2018-04-14 15:13:32 [scrapy] DEBUG: Scraped from <200 https://twitter.com/i/search/timeline?l=en&f=tweets&q=%22Cream%20and%20Powder%20Eye%20Color%22&src=typed&max_position=TWEET-669959582437904384-980019271681093632>
None
2018-04-14 15:13:32 [scrapy] DEBUG: Scraped from <200 https://twitter.com/i/search/timeline?l=en&f=tweets&q=%22Cream%20and%20Powder%20Eye%20Color%22&src=typed&max_position=TWEET-669959582437904384-980019271681093632>
None
2018-04-14 15:13:32 [scrapy] DEBUG: Scraped from <200 https://twitter.com/i/search/timeline?l=en&f=tweets&q=%22Cream%20and%20Powder%20Eye%20Color%22&src=typed&max_position=TWEET-669959582437904384-980019271681093632>
None
2018-04-14 15:13:32 [scrapy] DEBUG: Scraped from <200 https://twitter.com/i/search/timeline?l=en&f=tweets&q=%22Cream%20and%20Powder%20Eye%20Color%22&src=typed&max_position=TWEET-669959582437904384-980019271681093632>
None
2018-04-14 15:13:32 [scrapy] DEBUG: Scraped from <200 https://twitter.com/i/search/timeline?l=en&f=tweets&q=%22Cream%20and%20Powder%20Eye%20Color%22&src=typed&max_position=TWEET-669959582437904384-980019271681093632>
None
2018-04-14 15:13:32 [scrapy] DEBUG: Scraped from <200 https://twitter.com/i/search/timeline?l=en&f=tweets&q=%22Cream%20and%20Powder%20Eye%20Color%22&src=typed&max_position=TWEET-669959582437904384-980019271681093632>
None
2018-04-14 15:13:32 [scrapy] DEBUG: Scraped from <200 https://twitter.com/i/search/timeline?l=en&f=tweets&q=%22Cream%20and%20Powder%20Eye%20Color%22&src=typed&max_position=TWEET-669959582437904384-980019271681093632>
None
2018-04-14 15:13:33 [scrapy] DEBUG: Scraped from <200 https://twitter.com/i/search/timeline?l=en&f=tweets&q=%22Cream%20and%20Powder%20Eye%20Color%22&src=typed&max_position=TWEET-669959582437904384-980019271681093632>
None
2018-04-14 15:13:33 [scrapy] DEBUG: Scraped from <200 https://twitter.com/i/search/timeline?l=en&f=tweets&q=%22Cream%20and%20Powder%20Eye%20Color%22&src=typed&max_position=TWEET-669959582437904384-980019271681093632>
None
2018-04-14 15:13:33 [scrapy] DEBUG: Scraped from <200 https://twitter.com/i/search/timeline?l=en&f=tweets&q=%22Cream%20and%20Powder%20Eye%20Color%22&src=typed&max_position=TWEET-669959582437904384-980019271681093632>
None
2018-04-14 15:13:33 [scrapy] DEBUG: Scraped from <200 https://twitter.com/i/search/timeline?l=en&f=tweets&q=%22Cream%20and%20Powder%20Eye%20Color%22&src=typed&max_position=TWEET-669959582437904384-980019271681093632>
None
2018-04-14 15:13:33 [scrapy] DEBUG: Scraped from <200 https://twitter.com/i/search/timeline?l=en&f=tweets&q=%22Cream%20and%20Powder%20Eye%20Color%22&src=typed&max_position=TWEET-669959582437904384-980019271681093632>
None
2018-04-14 15:13:33 [scrapy] DEBUG: Scraped from <200 https://twitter.com/i/search/timeline?l=en&f=tweets&q=%22Cream%20and%20Powder%20Eye%20Color%22&src=typed&max_position=TWEET-669959582437904384-980019271681093632>
None
2018-04-14 15:13:33 [scrapy] DEBUG: Crawled (200) <GET https://twitter.com/i/search/timeline?l=en&f=tweets&q=%22Cream%20and%20Powder%20Eye%20Color%22&src=typed&max_position=TWEET-628284799313178624-980019271681093632> (referer: https://twitter.com/i/search/timeline?l=en&f=tweets&q=%22Cream%20and%20Powder%20Eye%20Color%22&src=typed&max_position=TWEET-669959582437904384-980019271681093632)
2018-04-14 15:13:34 [scrapy] DEBUG: Scraped from <200 https://twitter.com/i/search/timeline?l=en&f=tweets&q=%22Cream%20and%20Powder%20Eye%20Color%22&src=typed&max_position=TWEET-628284799313178624-980019271681093632>
None
2018-04-14 15:13:34 [scrapy] DEBUG: Scraped from <200 https://twitter.com/i/search/timeline?l=en&f=tweets&q=%22Cream%20and%20Powder%20Eye%20Color%22&src=typed&max_position=TWEET-628284799313178624-980019271681093632>
None
2018-04-14 15:13:34 [scrapy] DEBUG: Scraped from <200 https://twitter.com/i/search/timeline?l=en&f=tweets&q=%22Cream%20and%20Powder%20Eye%20Color%22&src=typed&max_position=TWEET-628284799313178624-980019271681093632>
None
2018-04-14 15:13:34 [scrapy] DEBUG: Scraped from <200 https://twitter.com/i/search/timeline?l=en&f=tweets&q=%22Cream%20and%20Powder%20Eye%20Color%22&src=typed&max_position=TWEET-628284799313178624-980019271681093632>
None
2018-04-14 15:13:34 [scrapy] DEBUG: Scraped from <200 https://twitter.com/i/search/timeline?l=en&f=tweets&q=%22Cream%20and%20Powder%20Eye%20Color%22&src=typed&max_position=TWEET-628284799313178624-980019271681093632>
None
2018-04-14 15:13:34 [scrapy] DEBUG: Scraped from <200 https://twitter.com/i/search/timeline?l=en&f=tweets&q=%22Cream%20and%20Powder%20Eye%20Color%22&src=typed&max_position=TWEET-628284799313178624-980019271681093632>
None
2018-04-14 15:13:34 [scrapy] DEBUG: Scraped from <200 https://twitter.com/i/search/timeline?l=en&f=tweets&q=%22Cream%20and%20Powder%20Eye%20Color%22&src=typed&max_position=TWEET-628284799313178624-980019271681093632>
None
2018-04-14 15:13:34 [scrapy] DEBUG: Scraped from <200 https://twitter.com/i/search/timeline?l=en&f=tweets&q=%22Cream%20and%20Powder%20Eye%20Color%22&src=typed&max_position=TWEET-628284799313178624-980019271681093632>
None
2018-04-14 15:13:34 [scrapy] DEBUG: Scraped from <200 https://twitter.com/i/search/timeline?l=en&f=tweets&q=%22Cream%20and%20Powder%20Eye%20Color%22&src=typed&max_position=TWEET-628284799313178624-980019271681093632>
None
2018-04-14 15:13:34 [scrapy] DEBUG: Scraped from <200 https://twitter.com/i/search/timeline?l=en&f=tweets&q=%22Cream%20and%20Powder%20Eye%20Color%22&src=typed&max_position=TWEET-628284799313178624-980019271681093632>
None
2018-04-14 15:13:34 [scrapy] DEBUG: Scraped from <200 https://twitter.com/i/search/timeline?l=en&f=tweets&q=%22Cream%20and%20Powder%20Eye%20Color%22&src=typed&max_position=TWEET-628284799313178624-980019271681093632>
None
2018-04-14 15:13:34 [scrapy] DEBUG: Scraped from <200 https://twitter.com/i/search/timeline?l=en&f=tweets&q=%22Cream%20and%20Powder%20Eye%20Color%22&src=typed&max_position=TWEET-628284799313178624-980019271681093632>
None
2018-04-14 15:13:34 [scrapy] DEBUG: Scraped from <200 https://twitter.com/i/search/timeline?l=en&f=tweets&q=%22Cream%20and%20Powder%20Eye%20Color%22&src=typed&max_position=TWEET-628284799313178624-980019271681093632>
None
2018-04-14 15:13:34 [scrapy] DEBUG: Scraped from <200 https://twitter.com/i/search/timeline?l=en&f=tweets&q=%22Cream%20and%20Powder%20Eye%20Color%22&src=typed&max_position=TWEET-628284799313178624-980019271681093632>
None
2018-04-14 15:13:34 [scrapy] DEBUG: Scraped from <200 https://twitter.com/i/search/timeline?l=en&f=tweets&q=%22Cream%20and%20Powder%20Eye%20Color%22&src=typed&max_position=TWEET-628284799313178624-980019271681093632>
None
2018-04-14 15:13:34 [scrapy] DEBUG: Scraped from <200 https://twitter.com/i/search/timeline?l=en&f=tweets&q=%22Cream%20and%20Powder%20Eye%20Color%22&src=typed&max_position=TWEET-628284799313178624-980019271681093632>
None
2018-04-14 15:13:34 [scrapy] DEBUG: Scraped from <200 https://twitter.com/i/search/timeline?l=en&f=tweets&q=%22Cream%20and%20Powder%20Eye%20Color%22&src=typed&max_position=TWEET-628284799313178624-980019271681093632>
None
2018-04-14 15:13:34 [scrapy] DEBUG: Scraped from <200 https://twitter.com/i/search/timeline?l=en&f=tweets&q=%22Cream%20and%20Powder%20Eye%20Color%22&src=typed&max_position=TWEET-628284799313178624-980019271681093632>
None
2018-04-14 15:13:35 [scrapy] DEBUG: Scraped from <200 https://twitter.com/i/search/timeline?l=en&f=tweets&q=%22Cream%20and%20Powder%20Eye%20Color%22&src=typed&max_position=TWEET-628284799313178624-980019271681093632>
None
2018-04-14 15:13:35 [scrapy] DEBUG: Scraped from <200 https://twitter.com/i/search/timeline?l=en&f=tweets&q=%22Cream%20and%20Powder%20Eye%20Color%22&src=typed&max_position=TWEET-628284799313178624-980019271681093632>
None
2018-04-14 15:13:35 [scrapy] DEBUG: Crawled (200) <GET https://twitter.com/i/search/timeline?l=en&f=tweets&q=%22Cream%20and%20Powder%20Eye%20Color%22&src=typed&max_position=TWEET-610257964478263296-980019271681093632> (referer: https://twitter.com/i/search/timeline?l=en&f=tweets&q=%22Cream%20and%20Powder%20Eye%20Color%22&src=typed&max_position=TWEET-628284799313178624-980019271681093632)
2018-04-14 15:13:36 [scrapy] DEBUG: Scraped from <200 https://twitter.com/i/search/timeline?l=en&f=tweets&q=%22Cream%20and%20Powder%20Eye%20Color%22&src=typed&max_position=TWEET-610257964478263296-980019271681093632>
None
2018-04-14 15:13:36 [scrapy] DEBUG: Scraped from <200 https://twitter.com/i/search/timeline?l=en&f=tweets&q=%22Cream%20and%20Powder%20Eye%20Color%22&src=typed&max_position=TWEET-610257964478263296-980019271681093632>
None
2018-04-14 15:13:36 [scrapy] DEBUG: Scraped from <200 https://twitter.com/i/search/timeline?l=en&f=tweets&q=%22Cream%20and%20Powder%20Eye%20Color%22&src=typed&max_position=TWEET-610257964478263296-980019271681093632>
None
2018-04-14 15:13:36 [scrapy] DEBUG: Scraped from <200 https://twitter.com/i/search/timeline?l=en&f=tweets&q=%22Cream%20and%20Powder%20Eye%20Color%22&src=typed&max_position=TWEET-610257964478263296-980019271681093632>
None
2018-04-14 15:13:36 [scrapy] DEBUG: Scraped from <200 https://twitter.com/i/search/timeline?l=en&f=tweets&q=%22Cream%20and%20Powder%20Eye%20Color%22&src=typed&max_position=TWEET-610257964478263296-980019271681093632>
None
2018-04-14 15:13:36 [scrapy] DEBUG: Scraped from <200 https://twitter.com/i/search/timeline?l=en&f=tweets&q=%22Cream%20and%20Powder%20Eye%20Color%22&src=typed&max_position=TWEET-610257964478263296-980019271681093632>
None
2018-04-14 15:13:36 [scrapy] DEBUG: Scraped from <200 https://twitter.com/i/search/timeline?l=en&f=tweets&q=%22Cream%20and%20Powder%20Eye%20Color%22&src=typed&max_position=TWEET-610257964478263296-980019271681093632>
None
2018-04-14 15:13:36 [scrapy] DEBUG: Scraped from <200 https://twitter.com/i/search/timeline?l=en&f=tweets&q=%22Cream%20and%20Powder%20Eye%20Color%22&src=typed&max_position=TWEET-610257964478263296-980019271681093632>
None
2018-04-14 15:13:36 [scrapy] DEBUG: Scraped from <200 https://twitter.com/i/search/timeline?l=en&f=tweets&q=%22Cream%20and%20Powder%20Eye%20Color%22&src=typed&max_position=TWEET-610257964478263296-980019271681093632>
None
2018-04-14 15:13:36 [scrapy] DEBUG: Scraped from <200 https://twitter.com/i/search/timeline?l=en&f=tweets&q=%22Cream%20and%20Powder%20Eye%20Color%22&src=typed&max_position=TWEET-610257964478263296-980019271681093632>
None
2018-04-14 15:13:36 [scrapy] DEBUG: Scraped from <200 https://twitter.com/i/search/timeline?l=en&f=tweets&q=%22Cream%20and%20Powder%20Eye%20Color%22&src=typed&max_position=TWEET-610257964478263296-980019271681093632>
None
2018-04-14 15:13:36 [scrapy] DEBUG: Scraped from <200 https://twitter.com/i/search/timeline?l=en&f=tweets&q=%22Cream%20and%20Powder%20Eye%20Color%22&src=typed&max_position=TWEET-610257964478263296-980019271681093632>
None
2018-04-14 15:13:36 [scrapy] DEBUG: Scraped from <200 https://twitter.com/i/search/timeline?l=en&f=tweets&q=%22Cream%20and%20Powder%20Eye%20Color%22&src=typed&max_position=TWEET-610257964478263296-980019271681093632>
None
2018-04-14 15:13:36 [scrapy] DEBUG: Scraped from <200 https://twitter.com/i/search/timeline?l=en&f=tweets&q=%22Cream%20and%20Powder%20Eye%20Color%22&src=typed&max_position=TWEET-610257964478263296-980019271681093632>
None
2018-04-14 15:13:36 [scrapy] DEBUG: Scraped from <200 https://twitter.com/i/search/timeline?l=en&f=tweets&q=%22Cream%20and%20Powder%20Eye%20Color%22&src=typed&max_position=TWEET-610257964478263296-980019271681093632>
None
2018-04-14 15:13:36 [scrapy] DEBUG: Scraped from <200 https://twitter.com/i/search/timeline?l=en&f=tweets&q=%22Cream%20and%20Powder%20Eye%20Color%22&src=typed&max_position=TWEET-610257964478263296-980019271681093632>
None
2018-04-14 15:13:36 [scrapy] DEBUG: Scraped from <200 https://twitter.com/i/search/timeline?l=en&f=tweets&q=%22Cream%20and%20Powder%20Eye%20Color%22&src=typed&max_position=TWEET-610257964478263296-980019271681093632>
None
2018-04-14 15:13:36 [scrapy] DEBUG: Scraped from <200 https://twitter.com/i/search/timeline?l=en&f=tweets&q=%22Cream%20and%20Powder%20Eye%20Color%22&src=typed&max_position=TWEET-610257964478263296-980019271681093632>
None
2018-04-14 15:13:37 [scrapy] DEBUG: Scraped from <200 https://twitter.com/i/search/timeline?l=en&f=tweets&q=%22Cream%20and%20Powder%20Eye%20Color%22&src=typed&max_position=TWEET-610257964478263296-980019271681093632>
None
2018-04-14 15:13:37 [scrapy] DEBUG: Scraped from <200 https://twitter.com/i/search/timeline?l=en&f=tweets&q=%22Cream%20and%20Powder%20Eye%20Color%22&src=typed&max_position=TWEET-610257964478263296-980019271681093632>
None
2018-04-14 15:13:37 [scrapy] DEBUG: Crawled (200) <GET https://twitter.com/i/search/timeline?l=en&f=tweets&q=%22Cream%20and%20Powder%20Eye%20Color%22&src=typed&max_position=TWEET-593187324260933632-980019271681093632> (referer: https://twitter.com/i/search/timeline?l=en&f=tweets&q=%22Cream%20and%20Powder%20Eye%20Color%22&src=typed&max_position=TWEET-610257964478263296-980019271681093632)
2018-04-14 15:13:37 [scrapy] DEBUG: Scraped from <200 https://twitter.com/i/search/timeline?l=en&f=tweets&q=%22Cream%20and%20Powder%20Eye%20Color%22&src=typed&max_position=TWEET-593187324260933632-980019271681093632>
None
2018-04-14 15:13:37 [scrapy] DEBUG: Scraped from <200 https://twitter.com/i/search/timeline?l=en&f=tweets&q=%22Cream%20and%20Powder%20Eye%20Color%22&src=typed&max_position=TWEET-593187324260933632-980019271681093632>
None
2018-04-14 15:13:37 [scrapy] DEBUG: Scraped from <200 https://twitter.com/i/search/timeline?l=en&f=tweets&q=%22Cream%20and%20Powder%20Eye%20Color%22&src=typed&max_position=TWEET-593187324260933632-980019271681093632>
None
2018-04-14 15:13:37 [scrapy] DEBUG: Scraped from <200 https://twitter.com/i/search/timeline?l=en&f=tweets&q=%22Cream%20and%20Powder%20Eye%20Color%22&src=typed&max_position=TWEET-593187324260933632-980019271681093632>
None
2018-04-14 15:13:37 [scrapy] DEBUG: Scraped from <200 https://twitter.com/i/search/timeline?l=en&f=tweets&q=%22Cream%20and%20Powder%20Eye%20Color%22&src=typed&max_position=TWEET-593187324260933632-980019271681093632>
None
2018-04-14 15:13:38 [scrapy] DEBUG: Crawled (200) <GET https://twitter.com/i/search/timeline?l=en&f=tweets&q=%22Cream%20and%20Powder%20Eye%20Color%22&src=typed&max_position=TWEET-589418999647080449-980019271681093632> (referer: https://twitter.com/i/search/timeline?l=en&f=tweets&q=%22Cream%20and%20Powder%20Eye%20Color%22&src=typed&max_position=TWEET-593187324260933632-980019271681093632)
2018-04-14 15:13:38 [scrapy] DEBUG: Filtered duplicate request: <GET https://twitter.com/i/search/timeline?l=en&f=tweets&q=%22Cream%20and%20Powder%20Eye%20Color%22&src=typed&max_position=TWEET-589418999647080449-980019271681093632> - no more duplicates will be shown (see DUPEFILTER_DEBUG to show all duplicates)
2018-04-14 15:13:38 [scrapy] INFO: Closing spider (finished)
2018-04-14 15:13:38 [scrapy] INFO: Dumping Scrapy stats:
{'downloader/request_bytes': 9563,
 'downloader/request_count': 11,
 'downloader/request_method_count/GET': 11,
 'downloader/response_bytes': 109541,
 'downloader/response_count': 11,
 'downloader/response_status_count/200': 11,
 'dupefilter/filtered': 1,
 'finish_reason': 'finished',
 'finish_time': datetime.datetime(2018, 4, 14, 20, 13, 38, 228607),
 'item_scraped_count': 142,
 'log_count/DEBUG': 296,
 'log_count/ERROR': 142,
 'log_count/INFO': 6,
 'memusage/max': 65413120,
 'memusage/startup': 65413120,
 'request_depth_max': 11,
 'response_received_count': 11,
 'scheduler/dequeued': 11,
 'scheduler/dequeued/memory': 11,
 'scheduler/enqueued': 11,
 'scheduler/enqueued/memory': 11,
 'start_time': datetime.datetime(2018, 4, 14, 20, 13, 22, 885090)}
2018-04-14 15:13:38 [scrapy] INFO: Spider closed (finished)
