2018-04-14 15:11:06 [scrapy] DEBUG: Crawled (200) <GET https://twitter.com/i/search/timeline?l=en&f=tweets&q=%22Eyeshadow%22&src=typed&max_position=> (referer: None)
2018-04-14 15:11:06 [scrapy] DEBUG: Scraped from <200 https://twitter.com/i/search/timeline?l=en&f=tweets&q=%22Eyeshadow%22&src=typed&max_position=>
None
2018-04-14 15:11:06 [scrapy] DEBUG: Scraped from <200 https://twitter.com/i/search/timeline?l=en&f=tweets&q=%22Eyeshadow%22&src=typed&max_position=>
None
2018-04-14 15:11:06 [scrapy] DEBUG: Scraped from <200 https://twitter.com/i/search/timeline?l=en&f=tweets&q=%22Eyeshadow%22&src=typed&max_position=>
None
2018-04-14 15:11:06 [scrapy] DEBUG: Scraped from <200 https://twitter.com/i/search/timeline?l=en&f=tweets&q=%22Eyeshadow%22&src=typed&max_position=>
None
2018-04-14 15:11:06 [scrapy] DEBUG: Scraped from <200 https://twitter.com/i/search/timeline?l=en&f=tweets&q=%22Eyeshadow%22&src=typed&max_position=>
None
2018-04-14 15:11:06 [scrapy] DEBUG: Scraped from <200 https://twitter.com/i/search/timeline?l=en&f=tweets&q=%22Eyeshadow%22&src=typed&max_position=>
None
2018-04-14 15:11:06 [scrapy] DEBUG: Scraped from <200 https://twitter.com/i/search/timeline?l=en&f=tweets&q=%22Eyeshadow%22&src=typed&max_position=>
None
2018-04-14 15:11:07 [scrapy] DEBUG: Scraped from <200 https://twitter.com/i/search/timeline?l=en&f=tweets&q=%22Eyeshadow%22&src=typed&max_position=>
None
2018-04-14 15:11:07 [scrapy] DEBUG: Scraped from <200 https://twitter.com/i/search/timeline?l=en&f=tweets&q=%22Eyeshadow%22&src=typed&max_position=>
None
2018-04-14 15:11:07 [scrapy] DEBUG: Scraped from <200 https://twitter.com/i/search/timeline?l=en&f=tweets&q=%22Eyeshadow%22&src=typed&max_position=>
None
2018-04-14 15:11:07 [scrapy] DEBUG: Scraped from <200 https://twitter.com/i/search/timeline?l=en&f=tweets&q=%22Eyeshadow%22&src=typed&max_position=>
None
2018-04-14 15:11:07 [scrapy] DEBUG: Scraped from <200 https://twitter.com/i/search/timeline?l=en&f=tweets&q=%22Eyeshadow%22&src=typed&max_position=>
None
2018-04-14 15:11:07 [scrapy] DEBUG: Scraped from <200 https://twitter.com/i/search/timeline?l=en&f=tweets&q=%22Eyeshadow%22&src=typed&max_position=>
None
2018-04-14 15:11:07 [scrapy] DEBUG: Scraped from <200 https://twitter.com/i/search/timeline?l=en&f=tweets&q=%22Eyeshadow%22&src=typed&max_position=>
None
2018-04-14 15:11:07 [scrapy] DEBUG: Scraped from <200 https://twitter.com/i/search/timeline?l=en&f=tweets&q=%22Eyeshadow%22&src=typed&max_position=>
None
2018-04-14 15:11:07 [scrapy] DEBUG: Scraped from <200 https://twitter.com/i/search/timeline?l=en&f=tweets&q=%22Eyeshadow%22&src=typed&max_position=>
None
2018-04-14 15:11:07 [scrapy] DEBUG: Scraped from <200 https://twitter.com/i/search/timeline?l=en&f=tweets&q=%22Eyeshadow%22&src=typed&max_position=>
None
2018-04-14 15:11:07 [scrapy] DEBUG: Scraped from <200 https://twitter.com/i/search/timeline?l=en&f=tweets&q=%22Eyeshadow%22&src=typed&max_position=>
None
2018-04-14 15:11:07 [scrapy] DEBUG: Scraped from <200 https://twitter.com/i/search/timeline?l=en&f=tweets&q=%22Eyeshadow%22&src=typed&max_position=>
None
2018-04-14 15:11:07 [scrapy] DEBUG: Scraped from <200 https://twitter.com/i/search/timeline?l=en&f=tweets&q=%22Eyeshadow%22&src=typed&max_position=>
None
2018-04-14 15:11:08 [scrapy] DEBUG: Crawled (200) <GET https://twitter.com/i/search/timeline?l=en&f=tweets&q=%22Eyeshadow%22&src=typed&max_position=TWEET-985246116475297792-985248861613641730> (referer: https://twitter.com/i/search/timeline?l=en&f=tweets&q=%22Eyeshadow%22&src=typed&max_position=)
2018-04-14 15:11:08 [scrapy] DEBUG: Scraped from <200 https://twitter.com/i/search/timeline?l=en&f=tweets&q=%22Eyeshadow%22&src=typed&max_position=TWEET-985246116475297792-985248861613641730>
None
2018-04-14 15:11:08 [scrapy] DEBUG: Scraped from <200 https://twitter.com/i/search/timeline?l=en&f=tweets&q=%22Eyeshadow%22&src=typed&max_position=TWEET-985246116475297792-985248861613641730>
None
2018-04-14 15:11:08 [scrapy] DEBUG: Scraped from <200 https://twitter.com/i/search/timeline?l=en&f=tweets&q=%22Eyeshadow%22&src=typed&max_position=TWEET-985246116475297792-985248861613641730>
None
2018-04-14 15:11:08 [scrapy] DEBUG: Scraped from <200 https://twitter.com/i/search/timeline?l=en&f=tweets&q=%22Eyeshadow%22&src=typed&max_position=TWEET-985246116475297792-985248861613641730>
None
2018-04-14 15:11:08 [scrapy] DEBUG: Scraped from <200 https://twitter.com/i/search/timeline?l=en&f=tweets&q=%22Eyeshadow%22&src=typed&max_position=TWEET-985246116475297792-985248861613641730>
None
2018-04-14 15:11:08 [scrapy] DEBUG: Scraped from <200 https://twitter.com/i/search/timeline?l=en&f=tweets&q=%22Eyeshadow%22&src=typed&max_position=TWEET-985246116475297792-985248861613641730>
None
2018-04-14 15:11:08 [scrapy] DEBUG: Scraped from <200 https://twitter.com/i/search/timeline?l=en&f=tweets&q=%22Eyeshadow%22&src=typed&max_position=TWEET-985246116475297792-985248861613641730>
None
2018-04-14 15:11:08 [scrapy] DEBUG: Scraped from <200 https://twitter.com/i/search/timeline?l=en&f=tweets&q=%22Eyeshadow%22&src=typed&max_position=TWEET-985246116475297792-985248861613641730>
None
2018-04-14 15:11:08 [scrapy] DEBUG: Scraped from <200 https://twitter.com/i/search/timeline?l=en&f=tweets&q=%22Eyeshadow%22&src=typed&max_position=TWEET-985246116475297792-985248861613641730>
None
2018-04-14 15:11:09 [scrapy] DEBUG: Scraped from <200 https://twitter.com/i/search/timeline?l=en&f=tweets&q=%22Eyeshadow%22&src=typed&max_position=TWEET-985246116475297792-985248861613641730>
None
2018-04-14 15:11:09 [scrapy] DEBUG: Scraped from <200 https://twitter.com/i/search/timeline?l=en&f=tweets&q=%22Eyeshadow%22&src=typed&max_position=TWEET-985246116475297792-985248861613641730>
None
2018-04-14 15:11:09 [scrapy] DEBUG: Scraped from <200 https://twitter.com/i/search/timeline?l=en&f=tweets&q=%22Eyeshadow%22&src=typed&max_position=TWEET-985246116475297792-985248861613641730>
None
2018-04-14 15:11:09 [scrapy] DEBUG: Scraped from <200 https://twitter.com/i/search/timeline?l=en&f=tweets&q=%22Eyeshadow%22&src=typed&max_position=TWEET-985246116475297792-985248861613641730>
None
2018-04-14 15:11:09 [scrapy] DEBUG: Scraped from <200 https://twitter.com/i/search/timeline?l=en&f=tweets&q=%22Eyeshadow%22&src=typed&max_position=TWEET-985246116475297792-985248861613641730>
None
2018-04-14 15:11:09 [scrapy] DEBUG: Scraped from <200 https://twitter.com/i/search/timeline?l=en&f=tweets&q=%22Eyeshadow%22&src=typed&max_position=TWEET-985246116475297792-985248861613641730>
None
2018-04-14 15:11:09 [scrapy] DEBUG: Scraped from <200 https://twitter.com/i/search/timeline?l=en&f=tweets&q=%22Eyeshadow%22&src=typed&max_position=TWEET-985246116475297792-985248861613641730>
None
2018-04-14 15:11:09 [scrapy] DEBUG: Scraped from <200 https://twitter.com/i/search/timeline?l=en&f=tweets&q=%22Eyeshadow%22&src=typed&max_position=TWEET-985246116475297792-985248861613641730>
None
2018-04-14 15:11:09 [scrapy] DEBUG: Scraped from <200 https://twitter.com/i/search/timeline?l=en&f=tweets&q=%22Eyeshadow%22&src=typed&max_position=TWEET-985246116475297792-985248861613641730>
None
2018-04-14 15:11:09 [scrapy] DEBUG: Scraped from <200 https://twitter.com/i/search/timeline?l=en&f=tweets&q=%22Eyeshadow%22&src=typed&max_position=TWEET-985246116475297792-985248861613641730>
None
2018-04-14 15:11:09 [scrapy] DEBUG: Scraped from <200 https://twitter.com/i/search/timeline?l=en&f=tweets&q=%22Eyeshadow%22&src=typed&max_position=TWEET-985246116475297792-985248861613641730>
None
2018-04-14 15:11:10 [scrapy] DEBUG: Crawled (200) <GET https://twitter.com/i/search/timeline?l=en&f=tweets&q=%22Eyeshadow%22&src=typed&max_position=TWEET-985243011629092865-985248861613641730> (referer: https://twitter.com/i/search/timeline?l=en&f=tweets&q=%22Eyeshadow%22&src=typed&max_position=TWEET-985246116475297792-985248861613641730)
2018-04-14 15:11:10 [scrapy] DEBUG: Scraped from <200 https://twitter.com/i/search/timeline?l=en&f=tweets&q=%22Eyeshadow%22&src=typed&max_position=TWEET-985243011629092865-985248861613641730>
None
2018-04-14 15:11:10 [scrapy] DEBUG: Scraped from <200 https://twitter.com/i/search/timeline?l=en&f=tweets&q=%22Eyeshadow%22&src=typed&max_position=TWEET-985243011629092865-985248861613641730>
None
2018-04-14 15:11:10 [scrapy] DEBUG: Scraped from <200 https://twitter.com/i/search/timeline?l=en&f=tweets&q=%22Eyeshadow%22&src=typed&max_position=TWEET-985243011629092865-985248861613641730>
None
2018-04-14 15:11:10 [scrapy] DEBUG: Scraped from <200 https://twitter.com/i/search/timeline?l=en&f=tweets&q=%22Eyeshadow%22&src=typed&max_position=TWEET-985243011629092865-985248861613641730>
None
2018-04-14 15:11:10 [scrapy] DEBUG: Scraped from <200 https://twitter.com/i/search/timeline?l=en&f=tweets&q=%22Eyeshadow%22&src=typed&max_position=TWEET-985243011629092865-985248861613641730>
None
2018-04-14 15:11:10 [scrapy] DEBUG: Scraped from <200 https://twitter.com/i/search/timeline?l=en&f=tweets&q=%22Eyeshadow%22&src=typed&max_position=TWEET-985243011629092865-985248861613641730>
None
2018-04-14 15:11:10 [scrapy] DEBUG: Scraped from <200 https://twitter.com/i/search/timeline?l=en&f=tweets&q=%22Eyeshadow%22&src=typed&max_position=TWEET-985243011629092865-985248861613641730>
None
2018-04-14 15:11:10 [scrapy] DEBUG: Scraped from <200 https://twitter.com/i/search/timeline?l=en&f=tweets&q=%22Eyeshadow%22&src=typed&max_position=TWEET-985243011629092865-985248861613641730>
None
2018-04-14 15:11:10 [scrapy] DEBUG: Scraped from <200 https://twitter.com/i/search/timeline?l=en&f=tweets&q=%22Eyeshadow%22&src=typed&max_position=TWEET-985243011629092865-985248861613641730>
None
2018-04-14 15:11:10 [scrapy] DEBUG: Scraped from <200 https://twitter.com/i/search/timeline?l=en&f=tweets&q=%22Eyeshadow%22&src=typed&max_position=TWEET-985243011629092865-985248861613641730>
None
2018-04-14 15:11:10 [scrapy] DEBUG: Scraped from <200 https://twitter.com/i/search/timeline?l=en&f=tweets&q=%22Eyeshadow%22&src=typed&max_position=TWEET-985243011629092865-985248861613641730>
None
2018-04-14 15:11:10 [scrapy] DEBUG: Scraped from <200 https://twitter.com/i/search/timeline?l=en&f=tweets&q=%22Eyeshadow%22&src=typed&max_position=TWEET-985243011629092865-985248861613641730>
None
2018-04-14 15:11:11 [scrapy] DEBUG: Scraped from <200 https://twitter.com/i/search/timeline?l=en&f=tweets&q=%22Eyeshadow%22&src=typed&max_position=TWEET-985243011629092865-985248861613641730>
None
2018-04-14 15:11:11 [scrapy] DEBUG: Scraped from <200 https://twitter.com/i/search/timeline?l=en&f=tweets&q=%22Eyeshadow%22&src=typed&max_position=TWEET-985243011629092865-985248861613641730>
None
2018-04-14 15:11:11 [scrapy] DEBUG: Scraped from <200 https://twitter.com/i/search/timeline?l=en&f=tweets&q=%22Eyeshadow%22&src=typed&max_position=TWEET-985243011629092865-985248861613641730>
None
2018-04-14 15:11:11 [scrapy] DEBUG: Scraped from <200 https://twitter.com/i/search/timeline?l=en&f=tweets&q=%22Eyeshadow%22&src=typed&max_position=TWEET-985243011629092865-985248861613641730>
None
2018-04-14 15:11:11 [scrapy] DEBUG: Scraped from <200 https://twitter.com/i/search/timeline?l=en&f=tweets&q=%22Eyeshadow%22&src=typed&max_position=TWEET-985243011629092865-985248861613641730>
None
2018-04-14 15:11:11 [scrapy] DEBUG: Scraped from <200 https://twitter.com/i/search/timeline?l=en&f=tweets&q=%22Eyeshadow%22&src=typed&max_position=TWEET-985243011629092865-985248861613641730>
None
2018-04-14 15:11:11 [scrapy] DEBUG: Scraped from <200 https://twitter.com/i/search/timeline?l=en&f=tweets&q=%22Eyeshadow%22&src=typed&max_position=TWEET-985243011629092865-985248861613641730>
None
2018-04-14 15:11:11 [scrapy] DEBUG: Scraped from <200 https://twitter.com/i/search/timeline?l=en&f=tweets&q=%22Eyeshadow%22&src=typed&max_position=TWEET-985243011629092865-985248861613641730>
None
2018-04-14 15:11:11 [scrapy] DEBUG: Crawled (200) <GET https://twitter.com/i/search/timeline?l=en&f=tweets&q=%22Eyeshadow%22&src=typed&max_position=TWEET-985239859148328960-985248861613641730> (referer: https://twitter.com/i/search/timeline?l=en&f=tweets&q=%22Eyeshadow%22&src=typed&max_position=TWEET-985243011629092865-985248861613641730)
2018-04-14 15:11:12 [scrapy] DEBUG: Scraped from <200 https://twitter.com/i/search/timeline?l=en&f=tweets&q=%22Eyeshadow%22&src=typed&max_position=TWEET-985239859148328960-985248861613641730>
None
2018-04-14 15:11:12 [scrapy] DEBUG: Scraped from <200 https://twitter.com/i/search/timeline?l=en&f=tweets&q=%22Eyeshadow%22&src=typed&max_position=TWEET-985239859148328960-985248861613641730>
None
2018-04-14 15:11:12 [scrapy] DEBUG: Scraped from <200 https://twitter.com/i/search/timeline?l=en&f=tweets&q=%22Eyeshadow%22&src=typed&max_position=TWEET-985239859148328960-985248861613641730>
None
2018-04-14 15:11:12 [scrapy] DEBUG: Scraped from <200 https://twitter.com/i/search/timeline?l=en&f=tweets&q=%22Eyeshadow%22&src=typed&max_position=TWEET-985239859148328960-985248861613641730>
None
2018-04-14 15:11:12 [scrapy] DEBUG: Scraped from <200 https://twitter.com/i/search/timeline?l=en&f=tweets&q=%22Eyeshadow%22&src=typed&max_position=TWEET-985239859148328960-985248861613641730>
None
2018-04-14 15:11:12 [scrapy] DEBUG: Scraped from <200 https://twitter.com/i/search/timeline?l=en&f=tweets&q=%22Eyeshadow%22&src=typed&max_position=TWEET-985239859148328960-985248861613641730>
None
2018-04-14 15:11:12 [scrapy] DEBUG: Scraped from <200 https://twitter.com/i/search/timeline?l=en&f=tweets&q=%22Eyeshadow%22&src=typed&max_position=TWEET-985239859148328960-985248861613641730>
None
2018-04-14 15:11:12 [scrapy] DEBUG: Scraped from <200 https://twitter.com/i/search/timeline?l=en&f=tweets&q=%22Eyeshadow%22&src=typed&max_position=TWEET-985239859148328960-985248861613641730>
None
2018-04-14 15:11:12 [scrapy] DEBUG: Scraped from <200 https://twitter.com/i/search/timeline?l=en&f=tweets&q=%22Eyeshadow%22&src=typed&max_position=TWEET-985239859148328960-985248861613641730>
None
2018-04-14 15:11:12 [scrapy] DEBUG: Scraped from <200 https://twitter.com/i/search/timeline?l=en&f=tweets&q=%22Eyeshadow%22&src=typed&max_position=TWEET-985239859148328960-985248861613641730>
None
2018-04-14 15:11:13 [scrapy] DEBUG: Scraped from <200 https://twitter.com/i/search/timeline?l=en&f=tweets&q=%22Eyeshadow%22&src=typed&max_position=TWEET-985239859148328960-985248861613641730>
None
2018-04-14 15:11:13 [scrapy] DEBUG: Scraped from <200 https://twitter.com/i/search/timeline?l=en&f=tweets&q=%22Eyeshadow%22&src=typed&max_position=TWEET-985239859148328960-985248861613641730>
None
2018-04-14 15:11:13 [scrapy] DEBUG: Scraped from <200 https://twitter.com/i/search/timeline?l=en&f=tweets&q=%22Eyeshadow%22&src=typed&max_position=TWEET-985239859148328960-985248861613641730>
None
2018-04-14 15:11:13 [scrapy] DEBUG: Scraped from <200 https://twitter.com/i/search/timeline?l=en&f=tweets&q=%22Eyeshadow%22&src=typed&max_position=TWEET-985239859148328960-985248861613641730>
None
2018-04-14 15:11:13 [scrapy] DEBUG: Scraped from <200 https://twitter.com/i/search/timeline?l=en&f=tweets&q=%22Eyeshadow%22&src=typed&max_position=TWEET-985239859148328960-985248861613641730>
None
2018-04-14 15:11:13 [scrapy] DEBUG: Scraped from <200 https://twitter.com/i/search/timeline?l=en&f=tweets&q=%22Eyeshadow%22&src=typed&max_position=TWEET-985239859148328960-985248861613641730>
None
2018-04-14 15:11:13 [scrapy] DEBUG: Scraped from <200 https://twitter.com/i/search/timeline?l=en&f=tweets&q=%22Eyeshadow%22&src=typed&max_position=TWEET-985239859148328960-985248861613641730>
None
2018-04-14 15:11:13 [scrapy] DEBUG: Scraped from <200 https://twitter.com/i/search/timeline?l=en&f=tweets&q=%22Eyeshadow%22&src=typed&max_position=TWEET-985239859148328960-985248861613641730>
None
2018-04-14 15:11:14 [scrapy] DEBUG: Scraped from <200 https://twitter.com/i/search/timeline?l=en&f=tweets&q=%22Eyeshadow%22&src=typed&max_position=TWEET-985239859148328960-985248861613641730>
None
2018-04-14 15:11:14 [scrapy] DEBUG: Scraped from <200 https://twitter.com/i/search/timeline?l=en&f=tweets&q=%22Eyeshadow%22&src=typed&max_position=TWEET-985239859148328960-985248861613641730>
None
2018-04-14 15:11:14 [scrapy] DEBUG: Crawled (200) <GET https://twitter.com/i/search/timeline?l=en&f=tweets&q=%22Eyeshadow%22&src=typed&max_position=TWEET-985236807636934657-985248861613641730> (referer: https://twitter.com/i/search/timeline?l=en&f=tweets&q=%22Eyeshadow%22&src=typed&max_position=TWEET-985239859148328960-985248861613641730)
2018-04-14 15:11:17 [scrapy] DEBUG: Scraped from <200 https://twitter.com/i/search/timeline?l=en&f=tweets&q=%22Eyeshadow%22&src=typed&max_position=TWEET-985236807636934657-985248861613641730>
None
2018-04-14 15:11:18 [scrapy] DEBUG: Scraped from <200 https://twitter.com/i/search/timeline?l=en&f=tweets&q=%22Eyeshadow%22&src=typed&max_position=TWEET-985236807636934657-985248861613641730>
None
2018-04-14 15:11:18 [scrapy] DEBUG: Scraped from <200 https://twitter.com/i/search/timeline?l=en&f=tweets&q=%22Eyeshadow%22&src=typed&max_position=TWEET-985236807636934657-985248861613641730>
None
2018-04-14 15:11:20 [scrapy] DEBUG: Scraped from <200 https://twitter.com/i/search/timeline?l=en&f=tweets&q=%22Eyeshadow%22&src=typed&max_position=TWEET-985236807636934657-985248861613641730>
None
2018-04-14 15:11:20 [scrapy] DEBUG: Scraped from <200 https://twitter.com/i/search/timeline?l=en&f=tweets&q=%22Eyeshadow%22&src=typed&max_position=TWEET-985236807636934657-985248861613641730>
None
2018-04-14 15:11:20 [scrapy] DEBUG: Scraped from <200 https://twitter.com/i/search/timeline?l=en&f=tweets&q=%22Eyeshadow%22&src=typed&max_position=TWEET-985236807636934657-985248861613641730>
None
2018-04-14 15:11:20 [scrapy] DEBUG: Scraped from <200 https://twitter.com/i/search/timeline?l=en&f=tweets&q=%22Eyeshadow%22&src=typed&max_position=TWEET-985236807636934657-985248861613641730>
None
2018-04-14 15:11:20 [scrapy] DEBUG: Scraped from <200 https://twitter.com/i/search/timeline?l=en&f=tweets&q=%22Eyeshadow%22&src=typed&max_position=TWEET-985236807636934657-985248861613641730>
None
2018-04-14 15:11:20 [scrapy] DEBUG: Scraped from <200 https://twitter.com/i/search/timeline?l=en&f=tweets&q=%22Eyeshadow%22&src=typed&max_position=TWEET-985236807636934657-985248861613641730>
None
2018-04-14 15:11:21 [scrapy] DEBUG: Scraped from <200 https://twitter.com/i/search/timeline?l=en&f=tweets&q=%22Eyeshadow%22&src=typed&max_position=TWEET-985236807636934657-985248861613641730>
None
2018-04-14 15:11:21 [scrapy] DEBUG: Scraped from <200 https://twitter.com/i/search/timeline?l=en&f=tweets&q=%22Eyeshadow%22&src=typed&max_position=TWEET-985236807636934657-985248861613641730>
None
2018-04-14 15:11:21 [scrapy] DEBUG: Scraped from <200 https://twitter.com/i/search/timeline?l=en&f=tweets&q=%22Eyeshadow%22&src=typed&max_position=TWEET-985236807636934657-985248861613641730>
None
2018-04-14 15:11:21 [scrapy] DEBUG: Scraped from <200 https://twitter.com/i/search/timeline?l=en&f=tweets&q=%22Eyeshadow%22&src=typed&max_position=TWEET-985236807636934657-985248861613641730>
None
2018-04-14 15:11:21 [scrapy] DEBUG: Scraped from <200 https://twitter.com/i/search/timeline?l=en&f=tweets&q=%22Eyeshadow%22&src=typed&max_position=TWEET-985236807636934657-985248861613641730>
None
2018-04-14 15:11:21 [scrapy] DEBUG: Scraped from <200 https://twitter.com/i/search/timeline?l=en&f=tweets&q=%22Eyeshadow%22&src=typed&max_position=TWEET-985236807636934657-985248861613641730>
None
2018-04-14 15:11:21 [scrapy] DEBUG: Scraped from <200 https://twitter.com/i/search/timeline?l=en&f=tweets&q=%22Eyeshadow%22&src=typed&max_position=TWEET-985236807636934657-985248861613641730>
None
2018-04-14 15:11:21 [scrapy] DEBUG: Scraped from <200 https://twitter.com/i/search/timeline?l=en&f=tweets&q=%22Eyeshadow%22&src=typed&max_position=TWEET-985236807636934657-985248861613641730>
None
2018-04-14 15:11:21 [scrapy] DEBUG: Scraped from <200 https://twitter.com/i/search/timeline?l=en&f=tweets&q=%22Eyeshadow%22&src=typed&max_position=TWEET-985236807636934657-985248861613641730>
None
2018-04-14 15:11:21 [scrapy] DEBUG: Scraped from <200 https://twitter.com/i/search/timeline?l=en&f=tweets&q=%22Eyeshadow%22&src=typed&max_position=TWEET-985236807636934657-985248861613641730>
None
2018-04-14 15:11:21 [scrapy] DEBUG: Scraped from <200 https://twitter.com/i/search/timeline?l=en&f=tweets&q=%22Eyeshadow%22&src=typed&max_position=TWEET-985236807636934657-985248861613641730>
None
2018-04-14 15:11:22 [scrapy] DEBUG: Crawled (200) <GET https://twitter.com/i/search/timeline?l=en&f=tweets&q=%22Eyeshadow%22&src=typed&max_position=TWEET-985235136534011904-985248861613641730> (referer: https://twitter.com/i/search/timeline?l=en&f=tweets&q=%22Eyeshadow%22&src=typed&max_position=TWEET-985236807636934657-985248861613641730)
2018-04-14 15:11:22 [scrapy] DEBUG: Scraped from <200 https://twitter.com/i/search/timeline?l=en&f=tweets&q=%22Eyeshadow%22&src=typed&max_position=TWEET-985235136534011904-985248861613641730>
None
2018-04-14 15:11:22 [scrapy] DEBUG: Scraped from <200 https://twitter.com/i/search/timeline?l=en&f=tweets&q=%22Eyeshadow%22&src=typed&max_position=TWEET-985235136534011904-985248861613641730>
None
2018-04-14 15:11:22 [scrapy] DEBUG: Scraped from <200 https://twitter.com/i/search/timeline?l=en&f=tweets&q=%22Eyeshadow%22&src=typed&max_position=TWEET-985235136534011904-985248861613641730>
None
2018-04-14 15:11:22 [scrapy] DEBUG: Scraped from <200 https://twitter.com/i/search/timeline?l=en&f=tweets&q=%22Eyeshadow%22&src=typed&max_position=TWEET-985235136534011904-985248861613641730>
None
2018-04-14 15:11:22 [scrapy] DEBUG: Scraped from <200 https://twitter.com/i/search/timeline?l=en&f=tweets&q=%22Eyeshadow%22&src=typed&max_position=TWEET-985235136534011904-985248861613641730>
None
2018-04-14 15:11:22 [scrapy] DEBUG: Scraped from <200 https://twitter.com/i/search/timeline?l=en&f=tweets&q=%22Eyeshadow%22&src=typed&max_position=TWEET-985235136534011904-985248861613641730>
None
2018-04-14 15:11:22 [scrapy] DEBUG: Scraped from <200 https://twitter.com/i/search/timeline?l=en&f=tweets&q=%22Eyeshadow%22&src=typed&max_position=TWEET-985235136534011904-985248861613641730>
None
2018-04-14 15:11:22 [scrapy] DEBUG: Scraped from <200 https://twitter.com/i/search/timeline?l=en&f=tweets&q=%22Eyeshadow%22&src=typed&max_position=TWEET-985235136534011904-985248861613641730>
None
2018-04-14 15:11:22 [scrapy] DEBUG: Scraped from <200 https://twitter.com/i/search/timeline?l=en&f=tweets&q=%22Eyeshadow%22&src=typed&max_position=TWEET-985235136534011904-985248861613641730>
None
2018-04-14 15:11:22 [scrapy] DEBUG: Scraped from <200 https://twitter.com/i/search/timeline?l=en&f=tweets&q=%22Eyeshadow%22&src=typed&max_position=TWEET-985235136534011904-985248861613641730>
None
2018-04-14 15:11:23 [scrapy] DEBUG: Scraped from <200 https://twitter.com/i/search/timeline?l=en&f=tweets&q=%22Eyeshadow%22&src=typed&max_position=TWEET-985235136534011904-985248861613641730>
None
2018-04-14 15:11:23 [scrapy] DEBUG: Scraped from <200 https://twitter.com/i/search/timeline?l=en&f=tweets&q=%22Eyeshadow%22&src=typed&max_position=TWEET-985235136534011904-985248861613641730>
None
2018-04-14 15:11:23 [scrapy] DEBUG: Scraped from <200 https://twitter.com/i/search/timeline?l=en&f=tweets&q=%22Eyeshadow%22&src=typed&max_position=TWEET-985235136534011904-985248861613641730>
None
2018-04-14 15:11:23 [scrapy] DEBUG: Scraped from <200 https://twitter.com/i/search/timeline?l=en&f=tweets&q=%22Eyeshadow%22&src=typed&max_position=TWEET-985235136534011904-985248861613641730>
None
2018-04-14 15:11:23 [scrapy] DEBUG: Scraped from <200 https://twitter.com/i/search/timeline?l=en&f=tweets&q=%22Eyeshadow%22&src=typed&max_position=TWEET-985235136534011904-985248861613641730>
None
2018-04-14 15:11:23 [scrapy] DEBUG: Scraped from <200 https://twitter.com/i/search/timeline?l=en&f=tweets&q=%22Eyeshadow%22&src=typed&max_position=TWEET-985235136534011904-985248861613641730>
None
2018-04-14 15:11:23 [scrapy] DEBUG: Scraped from <200 https://twitter.com/i/search/timeline?l=en&f=tweets&q=%22Eyeshadow%22&src=typed&max_position=TWEET-985235136534011904-985248861613641730>
None
2018-04-14 15:11:23 [scrapy] DEBUG: Scraped from <200 https://twitter.com/i/search/timeline?l=en&f=tweets&q=%22Eyeshadow%22&src=typed&max_position=TWEET-985235136534011904-985248861613641730>
None
2018-04-14 15:11:23 [scrapy] DEBUG: Scraped from <200 https://twitter.com/i/search/timeline?l=en&f=tweets&q=%22Eyeshadow%22&src=typed&max_position=TWEET-985235136534011904-985248861613641730>
None
2018-04-14 15:11:23 [scrapy] DEBUG: Crawled (200) <GET https://twitter.com/i/search/timeline?l=en&f=tweets&q=%22Eyeshadow%22&src=typed&max_position=TWEET-985231690057601024-985248861613641730> (referer: https://twitter.com/i/search/timeline?l=en&f=tweets&q=%22Eyeshadow%22&src=typed&max_position=TWEET-985235136534011904-985248861613641730)
2018-04-14 15:11:24 [scrapy] DEBUG: Scraped from <200 https://twitter.com/i/search/timeline?l=en&f=tweets&q=%22Eyeshadow%22&src=typed&max_position=TWEET-985231690057601024-985248861613641730>
None
2018-04-14 15:11:24 [scrapy] DEBUG: Scraped from <200 https://twitter.com/i/search/timeline?l=en&f=tweets&q=%22Eyeshadow%22&src=typed&max_position=TWEET-985231690057601024-985248861613641730>
None
2018-04-14 15:11:24 [scrapy] DEBUG: Scraped from <200 https://twitter.com/i/search/timeline?l=en&f=tweets&q=%22Eyeshadow%22&src=typed&max_position=TWEET-985231690057601024-985248861613641730>
None
2018-04-14 15:11:24 [scrapy] DEBUG: Scraped from <200 https://twitter.com/i/search/timeline?l=en&f=tweets&q=%22Eyeshadow%22&src=typed&max_position=TWEET-985231690057601024-985248861613641730>
None
2018-04-14 15:11:24 [scrapy] DEBUG: Scraped from <200 https://twitter.com/i/search/timeline?l=en&f=tweets&q=%22Eyeshadow%22&src=typed&max_position=TWEET-985231690057601024-985248861613641730>
None
2018-04-14 15:11:24 [scrapy] DEBUG: Scraped from <200 https://twitter.com/i/search/timeline?l=en&f=tweets&q=%22Eyeshadow%22&src=typed&max_position=TWEET-985231690057601024-985248861613641730>
None
2018-04-14 15:11:24 [scrapy] DEBUG: Scraped from <200 https://twitter.com/i/search/timeline?l=en&f=tweets&q=%22Eyeshadow%22&src=typed&max_position=TWEET-985231690057601024-985248861613641730>
None
2018-04-14 15:11:24 [scrapy] DEBUG: Scraped from <200 https://twitter.com/i/search/timeline?l=en&f=tweets&q=%22Eyeshadow%22&src=typed&max_position=TWEET-985231690057601024-985248861613641730>
None
2018-04-14 15:11:24 [scrapy] DEBUG: Scraped from <200 https://twitter.com/i/search/timeline?l=en&f=tweets&q=%22Eyeshadow%22&src=typed&max_position=TWEET-985231690057601024-985248861613641730>
None
2018-04-14 15:11:24 [scrapy] DEBUG: Scraped from <200 https://twitter.com/i/search/timeline?l=en&f=tweets&q=%22Eyeshadow%22&src=typed&max_position=TWEET-985231690057601024-985248861613641730>
None
2018-04-14 15:11:24 [scrapy] DEBUG: Scraped from <200 https://twitter.com/i/search/timeline?l=en&f=tweets&q=%22Eyeshadow%22&src=typed&max_position=TWEET-985231690057601024-985248861613641730>
None
2018-04-14 15:11:24 [scrapy] DEBUG: Scraped from <200 https://twitter.com/i/search/timeline?l=en&f=tweets&q=%22Eyeshadow%22&src=typed&max_position=TWEET-985231690057601024-985248861613641730>
None
2018-04-14 15:11:24 [scrapy] DEBUG: Scraped from <200 https://twitter.com/i/search/timeline?l=en&f=tweets&q=%22Eyeshadow%22&src=typed&max_position=TWEET-985231690057601024-985248861613641730>
None
2018-04-14 15:11:24 [scrapy] DEBUG: Scraped from <200 https://twitter.com/i/search/timeline?l=en&f=tweets&q=%22Eyeshadow%22&src=typed&max_position=TWEET-985231690057601024-985248861613641730>
None
2018-04-14 15:11:24 [scrapy] DEBUG: Scraped from <200 https://twitter.com/i/search/timeline?l=en&f=tweets&q=%22Eyeshadow%22&src=typed&max_position=TWEET-985231690057601024-985248861613641730>
None
2018-04-14 15:11:24 [scrapy] DEBUG: Scraped from <200 https://twitter.com/i/search/timeline?l=en&f=tweets&q=%22Eyeshadow%22&src=typed&max_position=TWEET-985231690057601024-985248861613641730>
None
2018-04-14 15:11:24 [scrapy] DEBUG: Scraped from <200 https://twitter.com/i/search/timeline?l=en&f=tweets&q=%22Eyeshadow%22&src=typed&max_position=TWEET-985231690057601024-985248861613641730>
None
2018-04-14 15:11:25 [scrapy] DEBUG: Scraped from <200 https://twitter.com/i/search/timeline?l=en&f=tweets&q=%22Eyeshadow%22&src=typed&max_position=TWEET-985231690057601024-985248861613641730>
None
2018-04-14 15:11:25 [scrapy] DEBUG: Scraped from <200 https://twitter.com/i/search/timeline?l=en&f=tweets&q=%22Eyeshadow%22&src=typed&max_position=TWEET-985231690057601024-985248861613641730>
None
2018-04-14 15:11:25 [scrapy] DEBUG: Scraped from <200 https://twitter.com/i/search/timeline?l=en&f=tweets&q=%22Eyeshadow%22&src=typed&max_position=TWEET-985231690057601024-985248861613641730>
None
2018-04-14 15:11:25 [scrapy] DEBUG: Crawled (200) <GET https://twitter.com/i/search/timeline?l=en&f=tweets&q=%22Eyeshadow%22&src=typed&max_position=TWEET-985228939541938176-985248861613641730> (referer: https://twitter.com/i/search/timeline?l=en&f=tweets&q=%22Eyeshadow%22&src=typed&max_position=TWEET-985231690057601024-985248861613641730)
2018-04-14 15:11:25 [scrapy] DEBUG: Scraped from <200 https://twitter.com/i/search/timeline?l=en&f=tweets&q=%22Eyeshadow%22&src=typed&max_position=TWEET-985228939541938176-985248861613641730>
None
2018-04-14 15:11:26 [scrapy] DEBUG: Scraped from <200 https://twitter.com/i/search/timeline?l=en&f=tweets&q=%22Eyeshadow%22&src=typed&max_position=TWEET-985228939541938176-985248861613641730>
None
2018-04-14 15:11:26 [scrapy] DEBUG: Scraped from <200 https://twitter.com/i/search/timeline?l=en&f=tweets&q=%22Eyeshadow%22&src=typed&max_position=TWEET-985228939541938176-985248861613641730>
None
2018-04-14 15:11:26 [scrapy] DEBUG: Scraped from <200 https://twitter.com/i/search/timeline?l=en&f=tweets&q=%22Eyeshadow%22&src=typed&max_position=TWEET-985228939541938176-985248861613641730>
None
2018-04-14 15:11:26 [scrapy] DEBUG: Scraped from <200 https://twitter.com/i/search/timeline?l=en&f=tweets&q=%22Eyeshadow%22&src=typed&max_position=TWEET-985228939541938176-985248861613641730>
None
2018-04-14 15:11:26 [scrapy] DEBUG: Scraped from <200 https://twitter.com/i/search/timeline?l=en&f=tweets&q=%22Eyeshadow%22&src=typed&max_position=TWEET-985228939541938176-985248861613641730>
None
2018-04-14 15:11:26 [scrapy] DEBUG: Scraped from <200 https://twitter.com/i/search/timeline?l=en&f=tweets&q=%22Eyeshadow%22&src=typed&max_position=TWEET-985228939541938176-985248861613641730>
None
2018-04-14 15:11:26 [scrapy] DEBUG: Scraped from <200 https://twitter.com/i/search/timeline?l=en&f=tweets&q=%22Eyeshadow%22&src=typed&max_position=TWEET-985228939541938176-985248861613641730>
None
2018-04-14 15:11:26 [scrapy] DEBUG: Scraped from <200 https://twitter.com/i/search/timeline?l=en&f=tweets&q=%22Eyeshadow%22&src=typed&max_position=TWEET-985228939541938176-985248861613641730>
None
2018-04-14 15:11:26 [scrapy] DEBUG: Scraped from <200 https://twitter.com/i/search/timeline?l=en&f=tweets&q=%22Eyeshadow%22&src=typed&max_position=TWEET-985228939541938176-985248861613641730>
None
2018-04-14 15:11:26 [scrapy] DEBUG: Scraped from <200 https://twitter.com/i/search/timeline?l=en&f=tweets&q=%22Eyeshadow%22&src=typed&max_position=TWEET-985228939541938176-985248861613641730>
None
2018-04-14 15:11:26 [scrapy] DEBUG: Scraped from <200 https://twitter.com/i/search/timeline?l=en&f=tweets&q=%22Eyeshadow%22&src=typed&max_position=TWEET-985228939541938176-985248861613641730>
None
2018-04-14 15:11:26 [scrapy] DEBUG: Scraped from <200 https://twitter.com/i/search/timeline?l=en&f=tweets&q=%22Eyeshadow%22&src=typed&max_position=TWEET-985228939541938176-985248861613641730>
None
2018-04-14 15:11:26 [scrapy] DEBUG: Scraped from <200 https://twitter.com/i/search/timeline?l=en&f=tweets&q=%22Eyeshadow%22&src=typed&max_position=TWEET-985228939541938176-985248861613641730>
None
2018-04-14 15:11:26 [scrapy] DEBUG: Scraped from <200 https://twitter.com/i/search/timeline?l=en&f=tweets&q=%22Eyeshadow%22&src=typed&max_position=TWEET-985228939541938176-985248861613641730>
None
2018-04-14 15:11:26 [scrapy] DEBUG: Scraped from <200 https://twitter.com/i/search/timeline?l=en&f=tweets&q=%22Eyeshadow%22&src=typed&max_position=TWEET-985228939541938176-985248861613641730>
None
2018-04-14 15:11:26 [scrapy] DEBUG: Scraped from <200 https://twitter.com/i/search/timeline?l=en&f=tweets&q=%22Eyeshadow%22&src=typed&max_position=TWEET-985228939541938176-985248861613641730>
None
2018-04-14 15:11:26 [scrapy] DEBUG: Scraped from <200 https://twitter.com/i/search/timeline?l=en&f=tweets&q=%22Eyeshadow%22&src=typed&max_position=TWEET-985228939541938176-985248861613641730>
None
2018-04-14 15:11:26 [scrapy] DEBUG: Scraped from <200 https://twitter.com/i/search/timeline?l=en&f=tweets&q=%22Eyeshadow%22&src=typed&max_position=TWEET-985228939541938176-985248861613641730>
None
2018-04-14 15:11:26 [scrapy] DEBUG: Scraped from <200 https://twitter.com/i/search/timeline?l=en&f=tweets&q=%22Eyeshadow%22&src=typed&max_position=TWEET-985228939541938176-985248861613641730>
None
2018-04-14 15:11:27 [scrapy] DEBUG: Crawled (200) <GET https://twitter.com/i/search/timeline?l=en&f=tweets&q=%22Eyeshadow%22&src=typed&max_position=TWEET-985226696247963650-985248861613641730> (referer: https://twitter.com/i/search/timeline?l=en&f=tweets&q=%22Eyeshadow%22&src=typed&max_position=TWEET-985228939541938176-985248861613641730)
2018-04-14 15:11:27 [scrapy] DEBUG: Scraped from <200 https://twitter.com/i/search/timeline?l=en&f=tweets&q=%22Eyeshadow%22&src=typed&max_position=TWEET-985226696247963650-985248861613641730>
None
2018-04-14 15:11:27 [scrapy] DEBUG: Scraped from <200 https://twitter.com/i/search/timeline?l=en&f=tweets&q=%22Eyeshadow%22&src=typed&max_position=TWEET-985226696247963650-985248861613641730>
None
2018-04-14 15:11:27 [scrapy] DEBUG: Scraped from <200 https://twitter.com/i/search/timeline?l=en&f=tweets&q=%22Eyeshadow%22&src=typed&max_position=TWEET-985226696247963650-985248861613641730>
None
2018-04-14 15:11:27 [scrapy] DEBUG: Scraped from <200 https://twitter.com/i/search/timeline?l=en&f=tweets&q=%22Eyeshadow%22&src=typed&max_position=TWEET-985226696247963650-985248861613641730>
None
2018-04-14 15:11:27 [scrapy] DEBUG: Scraped from <200 https://twitter.com/i/search/timeline?l=en&f=tweets&q=%22Eyeshadow%22&src=typed&max_position=TWEET-985226696247963650-985248861613641730>
None
2018-04-14 15:11:27 [scrapy] DEBUG: Scraped from <200 https://twitter.com/i/search/timeline?l=en&f=tweets&q=%22Eyeshadow%22&src=typed&max_position=TWEET-985226696247963650-985248861613641730>
None
2018-04-14 15:11:27 [scrapy] DEBUG: Scraped from <200 https://twitter.com/i/search/timeline?l=en&f=tweets&q=%22Eyeshadow%22&src=typed&max_position=TWEET-985226696247963650-985248861613641730>
None
2018-04-14 15:11:27 [scrapy] DEBUG: Scraped from <200 https://twitter.com/i/search/timeline?l=en&f=tweets&q=%22Eyeshadow%22&src=typed&max_position=TWEET-985226696247963650-985248861613641730>
None
2018-04-14 15:11:27 [scrapy] DEBUG: Scraped from <200 https://twitter.com/i/search/timeline?l=en&f=tweets&q=%22Eyeshadow%22&src=typed&max_position=TWEET-985226696247963650-985248861613641730>
None
2018-04-14 15:11:27 [scrapy] DEBUG: Scraped from <200 https://twitter.com/i/search/timeline?l=en&f=tweets&q=%22Eyeshadow%22&src=typed&max_position=TWEET-985226696247963650-985248861613641730>
None
2018-04-14 15:11:28 [scrapy] DEBUG: Scraped from <200 https://twitter.com/i/search/timeline?l=en&f=tweets&q=%22Eyeshadow%22&src=typed&max_position=TWEET-985226696247963650-985248861613641730>
None
2018-04-14 15:11:28 [scrapy] DEBUG: Scraped from <200 https://twitter.com/i/search/timeline?l=en&f=tweets&q=%22Eyeshadow%22&src=typed&max_position=TWEET-985226696247963650-985248861613641730>
None
2018-04-14 15:11:28 [scrapy] DEBUG: Scraped from <200 https://twitter.com/i/search/timeline?l=en&f=tweets&q=%22Eyeshadow%22&src=typed&max_position=TWEET-985226696247963650-985248861613641730>
None
2018-04-14 15:11:28 [scrapy] DEBUG: Scraped from <200 https://twitter.com/i/search/timeline?l=en&f=tweets&q=%22Eyeshadow%22&src=typed&max_position=TWEET-985226696247963650-985248861613641730>
None
2018-04-14 15:11:28 [scrapy] DEBUG: Scraped from <200 https://twitter.com/i/search/timeline?l=en&f=tweets&q=%22Eyeshadow%22&src=typed&max_position=TWEET-985226696247963650-985248861613641730>
None
2018-04-14 15:11:28 [scrapy] DEBUG: Scraped from <200 https://twitter.com/i/search/timeline?l=en&f=tweets&q=%22Eyeshadow%22&src=typed&max_position=TWEET-985226696247963650-985248861613641730>
None
2018-04-14 15:11:28 [scrapy] DEBUG: Scraped from <200 https://twitter.com/i/search/timeline?l=en&f=tweets&q=%22Eyeshadow%22&src=typed&max_position=TWEET-985226696247963650-985248861613641730>
None
2018-04-14 15:11:28 [scrapy] DEBUG: Scraped from <200 https://twitter.com/i/search/timeline?l=en&f=tweets&q=%22Eyeshadow%22&src=typed&max_position=TWEET-985226696247963650-985248861613641730>
None
2018-04-14 15:11:28 [scrapy] DEBUG: Scraped from <200 https://twitter.com/i/search/timeline?l=en&f=tweets&q=%22Eyeshadow%22&src=typed&max_position=TWEET-985226696247963650-985248861613641730>
None
2018-04-14 15:11:28 [scrapy] DEBUG: Scraped from <200 https://twitter.com/i/search/timeline?l=en&f=tweets&q=%22Eyeshadow%22&src=typed&max_position=TWEET-985226696247963650-985248861613641730>
None
2018-04-14 15:11:29 [scrapy] DEBUG: Crawled (200) <GET https://twitter.com/i/search/timeline?l=en&f=tweets&q=%22Eyeshadow%22&src=typed&max_position=TWEET-985224673779740673-985248861613641730> (referer: https://twitter.com/i/search/timeline?l=en&f=tweets&q=%22Eyeshadow%22&src=typed&max_position=TWEET-985226696247963650-985248861613641730)
2018-04-14 15:11:29 [scrapy] DEBUG: Scraped from <200 https://twitter.com/i/search/timeline?l=en&f=tweets&q=%22Eyeshadow%22&src=typed&max_position=TWEET-985224673779740673-985248861613641730>
None
2018-04-14 15:11:29 [scrapy] DEBUG: Scraped from <200 https://twitter.com/i/search/timeline?l=en&f=tweets&q=%22Eyeshadow%22&src=typed&max_position=TWEET-985224673779740673-985248861613641730>
None
2018-04-14 15:11:29 [scrapy] DEBUG: Scraped from <200 https://twitter.com/i/search/timeline?l=en&f=tweets&q=%22Eyeshadow%22&src=typed&max_position=TWEET-985224673779740673-985248861613641730>
None
2018-04-14 15:11:29 [scrapy] DEBUG: Scraped from <200 https://twitter.com/i/search/timeline?l=en&f=tweets&q=%22Eyeshadow%22&src=typed&max_position=TWEET-985224673779740673-985248861613641730>
None
2018-04-14 15:11:29 [scrapy] DEBUG: Scraped from <200 https://twitter.com/i/search/timeline?l=en&f=tweets&q=%22Eyeshadow%22&src=typed&max_position=TWEET-985224673779740673-985248861613641730>
None
2018-04-14 15:11:29 [scrapy] DEBUG: Scraped from <200 https://twitter.com/i/search/timeline?l=en&f=tweets&q=%22Eyeshadow%22&src=typed&max_position=TWEET-985224673779740673-985248861613641730>
None
2018-04-14 15:11:29 [scrapy] DEBUG: Scraped from <200 https://twitter.com/i/search/timeline?l=en&f=tweets&q=%22Eyeshadow%22&src=typed&max_position=TWEET-985224673779740673-985248861613641730>
None
2018-04-14 15:11:29 [scrapy] DEBUG: Scraped from <200 https://twitter.com/i/search/timeline?l=en&f=tweets&q=%22Eyeshadow%22&src=typed&max_position=TWEET-985224673779740673-985248861613641730>
None
2018-04-14 15:11:29 [scrapy] DEBUG: Scraped from <200 https://twitter.com/i/search/timeline?l=en&f=tweets&q=%22Eyeshadow%22&src=typed&max_position=TWEET-985224673779740673-985248861613641730>
None
2018-04-14 15:11:29 [scrapy] DEBUG: Scraped from <200 https://twitter.com/i/search/timeline?l=en&f=tweets&q=%22Eyeshadow%22&src=typed&max_position=TWEET-985224673779740673-985248861613641730>
None
2018-04-14 15:11:29 [scrapy] DEBUG: Scraped from <200 https://twitter.com/i/search/timeline?l=en&f=tweets&q=%22Eyeshadow%22&src=typed&max_position=TWEET-985224673779740673-985248861613641730>
None
2018-04-14 15:11:29 [scrapy] DEBUG: Scraped from <200 https://twitter.com/i/search/timeline?l=en&f=tweets&q=%22Eyeshadow%22&src=typed&max_position=TWEET-985224673779740673-985248861613641730>
None
2018-04-14 15:11:29 [scrapy] DEBUG: Scraped from <200 https://twitter.com/i/search/timeline?l=en&f=tweets&q=%22Eyeshadow%22&src=typed&max_position=TWEET-985224673779740673-985248861613641730>
None
2018-04-14 15:11:30 [scrapy] DEBUG: Scraped from <200 https://twitter.com/i/search/timeline?l=en&f=tweets&q=%22Eyeshadow%22&src=typed&max_position=TWEET-985224673779740673-985248861613641730>
None
2018-04-14 15:11:30 [scrapy] DEBUG: Scraped from <200 https://twitter.com/i/search/timeline?l=en&f=tweets&q=%22Eyeshadow%22&src=typed&max_position=TWEET-985224673779740673-985248861613641730>
None
2018-04-14 15:11:30 [scrapy] DEBUG: Scraped from <200 https://twitter.com/i/search/timeline?l=en&f=tweets&q=%22Eyeshadow%22&src=typed&max_position=TWEET-985224673779740673-985248861613641730>
None
2018-04-14 15:11:30 [scrapy] DEBUG: Scraped from <200 https://twitter.com/i/search/timeline?l=en&f=tweets&q=%22Eyeshadow%22&src=typed&max_position=TWEET-985224673779740673-985248861613641730>
None
2018-04-14 15:11:30 [scrapy] DEBUG: Scraped from <200 https://twitter.com/i/search/timeline?l=en&f=tweets&q=%22Eyeshadow%22&src=typed&max_position=TWEET-985224673779740673-985248861613641730>
None
2018-04-14 15:11:30 [scrapy] DEBUG: Scraped from <200 https://twitter.com/i/search/timeline?l=en&f=tweets&q=%22Eyeshadow%22&src=typed&max_position=TWEET-985224673779740673-985248861613641730>
None
2018-04-14 15:11:30 [scrapy] DEBUG: Scraped from <200 https://twitter.com/i/search/timeline?l=en&f=tweets&q=%22Eyeshadow%22&src=typed&max_position=TWEET-985224673779740673-985248861613641730>
None
2018-04-14 15:11:30 [scrapy] DEBUG: Crawled (200) <GET https://twitter.com/i/search/timeline?l=en&f=tweets&q=%22Eyeshadow%22&src=typed&max_position=TWEET-985220936071897089-985248861613641730> (referer: https://twitter.com/i/search/timeline?l=en&f=tweets&q=%22Eyeshadow%22&src=typed&max_position=TWEET-985224673779740673-985248861613641730)
2018-04-14 15:11:31 [scrapy] DEBUG: Scraped from <200 https://twitter.com/i/search/timeline?l=en&f=tweets&q=%22Eyeshadow%22&src=typed&max_position=TWEET-985220936071897089-985248861613641730>
None
2018-04-14 15:11:31 [scrapy] DEBUG: Scraped from <200 https://twitter.com/i/search/timeline?l=en&f=tweets&q=%22Eyeshadow%22&src=typed&max_position=TWEET-985220936071897089-985248861613641730>
None
2018-04-14 15:11:31 [scrapy] DEBUG: Scraped from <200 https://twitter.com/i/search/timeline?l=en&f=tweets&q=%22Eyeshadow%22&src=typed&max_position=TWEET-985220936071897089-985248861613641730>
None
2018-04-14 15:11:31 [scrapy] DEBUG: Scraped from <200 https://twitter.com/i/search/timeline?l=en&f=tweets&q=%22Eyeshadow%22&src=typed&max_position=TWEET-985220936071897089-985248861613641730>
None
2018-04-14 15:11:31 [scrapy] DEBUG: Scraped from <200 https://twitter.com/i/search/timeline?l=en&f=tweets&q=%22Eyeshadow%22&src=typed&max_position=TWEET-985220936071897089-985248861613641730>
None
2018-04-14 15:11:31 [scrapy] DEBUG: Scraped from <200 https://twitter.com/i/search/timeline?l=en&f=tweets&q=%22Eyeshadow%22&src=typed&max_position=TWEET-985220936071897089-985248861613641730>
None
2018-04-14 15:11:31 [scrapy] DEBUG: Scraped from <200 https://twitter.com/i/search/timeline?l=en&f=tweets&q=%22Eyeshadow%22&src=typed&max_position=TWEET-985220936071897089-985248861613641730>
None
2018-04-14 15:11:31 [scrapy] DEBUG: Scraped from <200 https://twitter.com/i/search/timeline?l=en&f=tweets&q=%22Eyeshadow%22&src=typed&max_position=TWEET-985220936071897089-985248861613641730>
None
2018-04-14 15:11:31 [scrapy] DEBUG: Scraped from <200 https://twitter.com/i/search/timeline?l=en&f=tweets&q=%22Eyeshadow%22&src=typed&max_position=TWEET-985220936071897089-985248861613641730>
None
2018-04-14 15:11:31 [scrapy] DEBUG: Scraped from <200 https://twitter.com/i/search/timeline?l=en&f=tweets&q=%22Eyeshadow%22&src=typed&max_position=TWEET-985220936071897089-985248861613641730>
None
2018-04-14 15:11:31 [scrapy] DEBUG: Scraped from <200 https://twitter.com/i/search/timeline?l=en&f=tweets&q=%22Eyeshadow%22&src=typed&max_position=TWEET-985220936071897089-985248861613641730>
None
2018-04-14 15:11:31 [scrapy] DEBUG: Scraped from <200 https://twitter.com/i/search/timeline?l=en&f=tweets&q=%22Eyeshadow%22&src=typed&max_position=TWEET-985220936071897089-985248861613641730>
None
2018-04-14 15:11:31 [scrapy] DEBUG: Scraped from <200 https://twitter.com/i/search/timeline?l=en&f=tweets&q=%22Eyeshadow%22&src=typed&max_position=TWEET-985220936071897089-985248861613641730>
None
2018-04-14 15:11:31 [scrapy] DEBUG: Scraped from <200 https://twitter.com/i/search/timeline?l=en&f=tweets&q=%22Eyeshadow%22&src=typed&max_position=TWEET-985220936071897089-985248861613641730>
None
2018-04-14 15:11:31 [scrapy] DEBUG: Scraped from <200 https://twitter.com/i/search/timeline?l=en&f=tweets&q=%22Eyeshadow%22&src=typed&max_position=TWEET-985220936071897089-985248861613641730>
None
2018-04-14 15:11:31 [scrapy] DEBUG: Scraped from <200 https://twitter.com/i/search/timeline?l=en&f=tweets&q=%22Eyeshadow%22&src=typed&max_position=TWEET-985220936071897089-985248861613641730>
None
2018-04-14 15:11:31 [scrapy] DEBUG: Scraped from <200 https://twitter.com/i/search/timeline?l=en&f=tweets&q=%22Eyeshadow%22&src=typed&max_position=TWEET-985220936071897089-985248861613641730>
None
2018-04-14 15:11:31 [scrapy] DEBUG: Scraped from <200 https://twitter.com/i/search/timeline?l=en&f=tweets&q=%22Eyeshadow%22&src=typed&max_position=TWEET-985220936071897089-985248861613641730>
None
2018-04-14 15:11:31 [scrapy] DEBUG: Scraped from <200 https://twitter.com/i/search/timeline?l=en&f=tweets&q=%22Eyeshadow%22&src=typed&max_position=TWEET-985220936071897089-985248861613641730>
None
2018-04-14 15:11:32 [scrapy] DEBUG: Crawled (200) <GET https://twitter.com/i/search/timeline?l=en&f=tweets&q=%22Eyeshadow%22&src=typed&max_position=TWEET-985216890883772416-985248861613641730> (referer: https://twitter.com/i/search/timeline?l=en&f=tweets&q=%22Eyeshadow%22&src=typed&max_position=TWEET-985220936071897089-985248861613641730)
2018-04-14 15:11:32 [scrapy] DEBUG: Scraped from <200 https://twitter.com/i/search/timeline?l=en&f=tweets&q=%22Eyeshadow%22&src=typed&max_position=TWEET-985216890883772416-985248861613641730>
None
2018-04-14 15:11:32 [scrapy] DEBUG: Scraped from <200 https://twitter.com/i/search/timeline?l=en&f=tweets&q=%22Eyeshadow%22&src=typed&max_position=TWEET-985216890883772416-985248861613641730>
None
2018-04-14 15:11:32 [scrapy] DEBUG: Scraped from <200 https://twitter.com/i/search/timeline?l=en&f=tweets&q=%22Eyeshadow%22&src=typed&max_position=TWEET-985216890883772416-985248861613641730>
None
2018-04-14 15:11:32 [scrapy] DEBUG: Scraped from <200 https://twitter.com/i/search/timeline?l=en&f=tweets&q=%22Eyeshadow%22&src=typed&max_position=TWEET-985216890883772416-985248861613641730>
None
2018-04-14 15:11:32 [scrapy] DEBUG: Scraped from <200 https://twitter.com/i/search/timeline?l=en&f=tweets&q=%22Eyeshadow%22&src=typed&max_position=TWEET-985216890883772416-985248861613641730>
None
2018-04-14 15:11:32 [scrapy] DEBUG: Scraped from <200 https://twitter.com/i/search/timeline?l=en&f=tweets&q=%22Eyeshadow%22&src=typed&max_position=TWEET-985216890883772416-985248861613641730>
None
2018-04-14 15:11:32 [scrapy] DEBUG: Scraped from <200 https://twitter.com/i/search/timeline?l=en&f=tweets&q=%22Eyeshadow%22&src=typed&max_position=TWEET-985216890883772416-985248861613641730>
None
2018-04-14 15:11:32 [scrapy] DEBUG: Scraped from <200 https://twitter.com/i/search/timeline?l=en&f=tweets&q=%22Eyeshadow%22&src=typed&max_position=TWEET-985216890883772416-985248861613641730>
None
2018-04-14 15:11:32 [scrapy] DEBUG: Scraped from <200 https://twitter.com/i/search/timeline?l=en&f=tweets&q=%22Eyeshadow%22&src=typed&max_position=TWEET-985216890883772416-985248861613641730>
None
2018-04-14 15:11:32 [scrapy] DEBUG: Scraped from <200 https://twitter.com/i/search/timeline?l=en&f=tweets&q=%22Eyeshadow%22&src=typed&max_position=TWEET-985216890883772416-985248861613641730>
None
2018-04-14 15:11:33 [scrapy] DEBUG: Scraped from <200 https://twitter.com/i/search/timeline?l=en&f=tweets&q=%22Eyeshadow%22&src=typed&max_position=TWEET-985216890883772416-985248861613641730>
None
2018-04-14 15:11:33 [scrapy] DEBUG: Scraped from <200 https://twitter.com/i/search/timeline?l=en&f=tweets&q=%22Eyeshadow%22&src=typed&max_position=TWEET-985216890883772416-985248861613641730>
None
2018-04-14 15:11:33 [scrapy] DEBUG: Scraped from <200 https://twitter.com/i/search/timeline?l=en&f=tweets&q=%22Eyeshadow%22&src=typed&max_position=TWEET-985216890883772416-985248861613641730>
None
2018-04-14 15:11:33 [scrapy] DEBUG: Scraped from <200 https://twitter.com/i/search/timeline?l=en&f=tweets&q=%22Eyeshadow%22&src=typed&max_position=TWEET-985216890883772416-985248861613641730>
None
2018-04-14 15:11:33 [scrapy] DEBUG: Scraped from <200 https://twitter.com/i/search/timeline?l=en&f=tweets&q=%22Eyeshadow%22&src=typed&max_position=TWEET-985216890883772416-985248861613641730>
None
2018-04-14 15:11:33 [scrapy] DEBUG: Scraped from <200 https://twitter.com/i/search/timeline?l=en&f=tweets&q=%22Eyeshadow%22&src=typed&max_position=TWEET-985216890883772416-985248861613641730>
None
2018-04-14 15:11:33 [scrapy] DEBUG: Scraped from <200 https://twitter.com/i/search/timeline?l=en&f=tweets&q=%22Eyeshadow%22&src=typed&max_position=TWEET-985216890883772416-985248861613641730>
None
2018-04-14 15:11:33 [scrapy] DEBUG: Scraped from <200 https://twitter.com/i/search/timeline?l=en&f=tweets&q=%22Eyeshadow%22&src=typed&max_position=TWEET-985216890883772416-985248861613641730>
None
2018-04-14 15:11:33 [scrapy] DEBUG: Scraped from <200 https://twitter.com/i/search/timeline?l=en&f=tweets&q=%22Eyeshadow%22&src=typed&max_position=TWEET-985216890883772416-985248861613641730>
None
2018-04-14 15:11:33 [scrapy] DEBUG: Scraped from <200 https://twitter.com/i/search/timeline?l=en&f=tweets&q=%22Eyeshadow%22&src=typed&max_position=TWEET-985216890883772416-985248861613641730>
None
2018-04-14 15:11:34 [scrapy] DEBUG: Crawled (200) <GET https://twitter.com/i/search/timeline?l=en&f=tweets&q=%22Eyeshadow%22&src=typed&max_position=TWEET-985213333077942272-985248861613641730> (referer: https://twitter.com/i/search/timeline?l=en&f=tweets&q=%22Eyeshadow%22&src=typed&max_position=TWEET-985216890883772416-985248861613641730)
2018-04-14 15:11:34 [scrapy] DEBUG: Scraped from <200 https://twitter.com/i/search/timeline?l=en&f=tweets&q=%22Eyeshadow%22&src=typed&max_position=TWEET-985213333077942272-985248861613641730>
None
2018-04-14 15:11:34 [scrapy] DEBUG: Scraped from <200 https://twitter.com/i/search/timeline?l=en&f=tweets&q=%22Eyeshadow%22&src=typed&max_position=TWEET-985213333077942272-985248861613641730>
None
2018-04-14 15:11:34 [scrapy] DEBUG: Scraped from <200 https://twitter.com/i/search/timeline?l=en&f=tweets&q=%22Eyeshadow%22&src=typed&max_position=TWEET-985213333077942272-985248861613641730>
None
2018-04-14 15:11:34 [scrapy] DEBUG: Scraped from <200 https://twitter.com/i/search/timeline?l=en&f=tweets&q=%22Eyeshadow%22&src=typed&max_position=TWEET-985213333077942272-985248861613641730>
None
2018-04-14 15:11:34 [scrapy] DEBUG: Scraped from <200 https://twitter.com/i/search/timeline?l=en&f=tweets&q=%22Eyeshadow%22&src=typed&max_position=TWEET-985213333077942272-985248861613641730>
None
2018-04-14 15:11:34 [scrapy] DEBUG: Scraped from <200 https://twitter.com/i/search/timeline?l=en&f=tweets&q=%22Eyeshadow%22&src=typed&max_position=TWEET-985213333077942272-985248861613641730>
None
2018-04-14 15:11:34 [scrapy] DEBUG: Scraped from <200 https://twitter.com/i/search/timeline?l=en&f=tweets&q=%22Eyeshadow%22&src=typed&max_position=TWEET-985213333077942272-985248861613641730>
None
2018-04-14 15:11:34 [scrapy] DEBUG: Scraped from <200 https://twitter.com/i/search/timeline?l=en&f=tweets&q=%22Eyeshadow%22&src=typed&max_position=TWEET-985213333077942272-985248861613641730>
None
2018-04-14 15:11:34 [scrapy] DEBUG: Scraped from <200 https://twitter.com/i/search/timeline?l=en&f=tweets&q=%22Eyeshadow%22&src=typed&max_position=TWEET-985213333077942272-985248861613641730>
None
2018-04-14 15:11:34 [scrapy] DEBUG: Scraped from <200 https://twitter.com/i/search/timeline?l=en&f=tweets&q=%22Eyeshadow%22&src=typed&max_position=TWEET-985213333077942272-985248861613641730>
None
2018-04-14 15:11:34 [scrapy] DEBUG: Scraped from <200 https://twitter.com/i/search/timeline?l=en&f=tweets&q=%22Eyeshadow%22&src=typed&max_position=TWEET-985213333077942272-985248861613641730>
None
2018-04-14 15:11:34 [scrapy] DEBUG: Scraped from <200 https://twitter.com/i/search/timeline?l=en&f=tweets&q=%22Eyeshadow%22&src=typed&max_position=TWEET-985213333077942272-985248861613641730>
None
2018-04-14 15:11:34 [scrapy] DEBUG: Scraped from <200 https://twitter.com/i/search/timeline?l=en&f=tweets&q=%22Eyeshadow%22&src=typed&max_position=TWEET-985213333077942272-985248861613641730>
None
2018-04-14 15:11:34 [scrapy] DEBUG: Scraped from <200 https://twitter.com/i/search/timeline?l=en&f=tweets&q=%22Eyeshadow%22&src=typed&max_position=TWEET-985213333077942272-985248861613641730>
None
2018-04-14 15:11:34 [scrapy] DEBUG: Scraped from <200 https://twitter.com/i/search/timeline?l=en&f=tweets&q=%22Eyeshadow%22&src=typed&max_position=TWEET-985213333077942272-985248861613641730>
None
2018-04-14 15:11:34 [scrapy] DEBUG: Scraped from <200 https://twitter.com/i/search/timeline?l=en&f=tweets&q=%22Eyeshadow%22&src=typed&max_position=TWEET-985213333077942272-985248861613641730>
None
2018-04-14 15:11:34 [scrapy] DEBUG: Scraped from <200 https://twitter.com/i/search/timeline?l=en&f=tweets&q=%22Eyeshadow%22&src=typed&max_position=TWEET-985213333077942272-985248861613641730>
None
2018-04-14 15:11:35 [scrapy] DEBUG: Scraped from <200 https://twitter.com/i/search/timeline?l=en&f=tweets&q=%22Eyeshadow%22&src=typed&max_position=TWEET-985213333077942272-985248861613641730>
None
2018-04-14 15:11:35 [scrapy] DEBUG: Scraped from <200 https://twitter.com/i/search/timeline?l=en&f=tweets&q=%22Eyeshadow%22&src=typed&max_position=TWEET-985213333077942272-985248861613641730>
None
2018-04-14 15:11:35 [scrapy] DEBUG: Crawled (200) <GET https://twitter.com/i/search/timeline?l=en&f=tweets&q=%22Eyeshadow%22&src=typed&max_position=TWEET-985209905459187717-985248861613641730> (referer: https://twitter.com/i/search/timeline?l=en&f=tweets&q=%22Eyeshadow%22&src=typed&max_position=TWEET-985213333077942272-985248861613641730)
2018-04-14 15:11:35 [scrapy] DEBUG: Scraped from <200 https://twitter.com/i/search/timeline?l=en&f=tweets&q=%22Eyeshadow%22&src=typed&max_position=TWEET-985209905459187717-985248861613641730>
None
2018-04-14 15:11:35 [scrapy] DEBUG: Scraped from <200 https://twitter.com/i/search/timeline?l=en&f=tweets&q=%22Eyeshadow%22&src=typed&max_position=TWEET-985209905459187717-985248861613641730>
None
2018-04-14 15:11:35 [scrapy] DEBUG: Scraped from <200 https://twitter.com/i/search/timeline?l=en&f=tweets&q=%22Eyeshadow%22&src=typed&max_position=TWEET-985209905459187717-985248861613641730>
None
2018-04-14 15:11:36 [scrapy] DEBUG: Scraped from <200 https://twitter.com/i/search/timeline?l=en&f=tweets&q=%22Eyeshadow%22&src=typed&max_position=TWEET-985209905459187717-985248861613641730>
None
2018-04-14 15:11:36 [scrapy] DEBUG: Scraped from <200 https://twitter.com/i/search/timeline?l=en&f=tweets&q=%22Eyeshadow%22&src=typed&max_position=TWEET-985209905459187717-985248861613641730>
None
2018-04-14 15:11:36 [scrapy] DEBUG: Scraped from <200 https://twitter.com/i/search/timeline?l=en&f=tweets&q=%22Eyeshadow%22&src=typed&max_position=TWEET-985209905459187717-985248861613641730>
None
2018-04-14 15:11:36 [scrapy] DEBUG: Scraped from <200 https://twitter.com/i/search/timeline?l=en&f=tweets&q=%22Eyeshadow%22&src=typed&max_position=TWEET-985209905459187717-985248861613641730>
None
2018-04-14 15:11:36 [scrapy] DEBUG: Scraped from <200 https://twitter.com/i/search/timeline?l=en&f=tweets&q=%22Eyeshadow%22&src=typed&max_position=TWEET-985209905459187717-985248861613641730>
None
2018-04-14 15:11:36 [scrapy] DEBUG: Scraped from <200 https://twitter.com/i/search/timeline?l=en&f=tweets&q=%22Eyeshadow%22&src=typed&max_position=TWEET-985209905459187717-985248861613641730>
None
2018-04-14 15:11:36 [scrapy] DEBUG: Scraped from <200 https://twitter.com/i/search/timeline?l=en&f=tweets&q=%22Eyeshadow%22&src=typed&max_position=TWEET-985209905459187717-985248861613641730>
None
2018-04-14 15:11:36 [scrapy] DEBUG: Scraped from <200 https://twitter.com/i/search/timeline?l=en&f=tweets&q=%22Eyeshadow%22&src=typed&max_position=TWEET-985209905459187717-985248861613641730>
None
2018-04-14 15:11:36 [scrapy] DEBUG: Scraped from <200 https://twitter.com/i/search/timeline?l=en&f=tweets&q=%22Eyeshadow%22&src=typed&max_position=TWEET-985209905459187717-985248861613641730>
None
2018-04-14 15:11:36 [scrapy] DEBUG: Scraped from <200 https://twitter.com/i/search/timeline?l=en&f=tweets&q=%22Eyeshadow%22&src=typed&max_position=TWEET-985209905459187717-985248861613641730>
None
2018-04-14 15:11:36 [scrapy] DEBUG: Scraped from <200 https://twitter.com/i/search/timeline?l=en&f=tweets&q=%22Eyeshadow%22&src=typed&max_position=TWEET-985209905459187717-985248861613641730>
None
2018-04-14 15:11:36 [scrapy] DEBUG: Scraped from <200 https://twitter.com/i/search/timeline?l=en&f=tweets&q=%22Eyeshadow%22&src=typed&max_position=TWEET-985209905459187717-985248861613641730>
None
2018-04-14 15:11:36 [scrapy] DEBUG: Scraped from <200 https://twitter.com/i/search/timeline?l=en&f=tweets&q=%22Eyeshadow%22&src=typed&max_position=TWEET-985209905459187717-985248861613641730>
None
2018-04-14 15:11:36 [scrapy] DEBUG: Scraped from <200 https://twitter.com/i/search/timeline?l=en&f=tweets&q=%22Eyeshadow%22&src=typed&max_position=TWEET-985209905459187717-985248861613641730>
None
2018-04-14 15:11:36 [scrapy] DEBUG: Scraped from <200 https://twitter.com/i/search/timeline?l=en&f=tweets&q=%22Eyeshadow%22&src=typed&max_position=TWEET-985209905459187717-985248861613641730>
None
2018-04-14 15:11:36 [scrapy] DEBUG: Scraped from <200 https://twitter.com/i/search/timeline?l=en&f=tweets&q=%22Eyeshadow%22&src=typed&max_position=TWEET-985209905459187717-985248861613641730>
None
2018-04-14 15:11:36 [scrapy] DEBUG: Scraped from <200 https://twitter.com/i/search/timeline?l=en&f=tweets&q=%22Eyeshadow%22&src=typed&max_position=TWEET-985209905459187717-985248861613641730>
None
2018-04-14 15:11:37 [scrapy] DEBUG: Crawled (200) <GET https://twitter.com/i/search/timeline?l=en&f=tweets&q=%22Eyeshadow%22&src=typed&max_position=TWEET-985207878477901829-985248861613641730> (referer: https://twitter.com/i/search/timeline?l=en&f=tweets&q=%22Eyeshadow%22&src=typed&max_position=TWEET-985209905459187717-985248861613641730)
2018-04-14 15:11:37 [scrapy] DEBUG: Scraped from <200 https://twitter.com/i/search/timeline?l=en&f=tweets&q=%22Eyeshadow%22&src=typed&max_position=TWEET-985207878477901829-985248861613641730>
None
2018-04-14 15:11:37 [scrapy] DEBUG: Scraped from <200 https://twitter.com/i/search/timeline?l=en&f=tweets&q=%22Eyeshadow%22&src=typed&max_position=TWEET-985207878477901829-985248861613641730>
None
2018-04-14 15:11:37 [scrapy] DEBUG: Scraped from <200 https://twitter.com/i/search/timeline?l=en&f=tweets&q=%22Eyeshadow%22&src=typed&max_position=TWEET-985207878477901829-985248861613641730>
None
2018-04-14 15:11:37 [scrapy] DEBUG: Scraped from <200 https://twitter.com/i/search/timeline?l=en&f=tweets&q=%22Eyeshadow%22&src=typed&max_position=TWEET-985207878477901829-985248861613641730>
None
2018-04-14 15:11:37 [scrapy] DEBUG: Scraped from <200 https://twitter.com/i/search/timeline?l=en&f=tweets&q=%22Eyeshadow%22&src=typed&max_position=TWEET-985207878477901829-985248861613641730>
None
2018-04-14 15:11:37 [scrapy] DEBUG: Scraped from <200 https://twitter.com/i/search/timeline?l=en&f=tweets&q=%22Eyeshadow%22&src=typed&max_position=TWEET-985207878477901829-985248861613641730>
None
2018-04-14 15:11:37 [scrapy] DEBUG: Scraped from <200 https://twitter.com/i/search/timeline?l=en&f=tweets&q=%22Eyeshadow%22&src=typed&max_position=TWEET-985207878477901829-985248861613641730>
None
2018-04-14 15:11:37 [scrapy] DEBUG: Scraped from <200 https://twitter.com/i/search/timeline?l=en&f=tweets&q=%22Eyeshadow%22&src=typed&max_position=TWEET-985207878477901829-985248861613641730>
None
2018-04-14 15:11:37 [scrapy] DEBUG: Scraped from <200 https://twitter.com/i/search/timeline?l=en&f=tweets&q=%22Eyeshadow%22&src=typed&max_position=TWEET-985207878477901829-985248861613641730>
None
2018-04-14 15:11:38 [scrapy] DEBUG: Scraped from <200 https://twitter.com/i/search/timeline?l=en&f=tweets&q=%22Eyeshadow%22&src=typed&max_position=TWEET-985207878477901829-985248861613641730>
None
2018-04-14 15:11:38 [scrapy] DEBUG: Scraped from <200 https://twitter.com/i/search/timeline?l=en&f=tweets&q=%22Eyeshadow%22&src=typed&max_position=TWEET-985207878477901829-985248861613641730>
None
2018-04-14 15:11:38 [scrapy] DEBUG: Scraped from <200 https://twitter.com/i/search/timeline?l=en&f=tweets&q=%22Eyeshadow%22&src=typed&max_position=TWEET-985207878477901829-985248861613641730>
None
2018-04-14 15:11:38 [scrapy] DEBUG: Scraped from <200 https://twitter.com/i/search/timeline?l=en&f=tweets&q=%22Eyeshadow%22&src=typed&max_position=TWEET-985207878477901829-985248861613641730>
None
2018-04-14 15:11:38 [scrapy] DEBUG: Scraped from <200 https://twitter.com/i/search/timeline?l=en&f=tweets&q=%22Eyeshadow%22&src=typed&max_position=TWEET-985207878477901829-985248861613641730>
None
2018-04-14 15:11:38 [scrapy] DEBUG: Scraped from <200 https://twitter.com/i/search/timeline?l=en&f=tweets&q=%22Eyeshadow%22&src=typed&max_position=TWEET-985207878477901829-985248861613641730>
None
2018-04-14 15:11:38 [scrapy] DEBUG: Scraped from <200 https://twitter.com/i/search/timeline?l=en&f=tweets&q=%22Eyeshadow%22&src=typed&max_position=TWEET-985207878477901829-985248861613641730>
None
2018-04-14 15:11:38 [scrapy] DEBUG: Scraped from <200 https://twitter.com/i/search/timeline?l=en&f=tweets&q=%22Eyeshadow%22&src=typed&max_position=TWEET-985207878477901829-985248861613641730>
None
2018-04-14 15:11:38 [scrapy] DEBUG: Scraped from <200 https://twitter.com/i/search/timeline?l=en&f=tweets&q=%22Eyeshadow%22&src=typed&max_position=TWEET-985207878477901829-985248861613641730>
None
2018-04-14 15:11:38 [scrapy] DEBUG: Scraped from <200 https://twitter.com/i/search/timeline?l=en&f=tweets&q=%22Eyeshadow%22&src=typed&max_position=TWEET-985207878477901829-985248861613641730>
None
2018-04-14 15:11:38 [scrapy] DEBUG: Scraped from <200 https://twitter.com/i/search/timeline?l=en&f=tweets&q=%22Eyeshadow%22&src=typed&max_position=TWEET-985207878477901829-985248861613641730>
None
2018-04-14 15:11:39 [scrapy] DEBUG: Crawled (200) <GET https://twitter.com/i/search/timeline?l=en&f=tweets&q=%22Eyeshadow%22&src=typed&max_position=TWEET-985204528210370560-985248861613641730> (referer: https://twitter.com/i/search/timeline?l=en&f=tweets&q=%22Eyeshadow%22&src=typed&max_position=TWEET-985207878477901829-985248861613641730)
2018-04-14 15:11:39 [scrapy] DEBUG: Scraped from <200 https://twitter.com/i/search/timeline?l=en&f=tweets&q=%22Eyeshadow%22&src=typed&max_position=TWEET-985204528210370560-985248861613641730>
None
2018-04-14 15:11:39 [scrapy] DEBUG: Scraped from <200 https://twitter.com/i/search/timeline?l=en&f=tweets&q=%22Eyeshadow%22&src=typed&max_position=TWEET-985204528210370560-985248861613641730>
None
2018-04-14 15:11:39 [scrapy] DEBUG: Scraped from <200 https://twitter.com/i/search/timeline?l=en&f=tweets&q=%22Eyeshadow%22&src=typed&max_position=TWEET-985204528210370560-985248861613641730>
None
2018-04-14 15:11:39 [scrapy] INFO: Closing spider (closespider_itemcount)
2018-04-14 15:11:39 [scrapy] DEBUG: Scraped from <200 https://twitter.com/i/search/timeline?l=en&f=tweets&q=%22Eyeshadow%22&src=typed&max_position=TWEET-985204528210370560-985248861613641730>
None
2018-04-14 15:11:39 [scrapy] DEBUG: Scraped from <200 https://twitter.com/i/search/timeline?l=en&f=tweets&q=%22Eyeshadow%22&src=typed&max_position=TWEET-985204528210370560-985248861613641730>
None
2018-04-14 15:11:39 [scrapy] DEBUG: Scraped from <200 https://twitter.com/i/search/timeline?l=en&f=tweets&q=%22Eyeshadow%22&src=typed&max_position=TWEET-985204528210370560-985248861613641730>
None
2018-04-14 15:11:39 [scrapy] DEBUG: Scraped from <200 https://twitter.com/i/search/timeline?l=en&f=tweets&q=%22Eyeshadow%22&src=typed&max_position=TWEET-985204528210370560-985248861613641730>
None
2018-04-14 15:11:39 [scrapy] DEBUG: Scraped from <200 https://twitter.com/i/search/timeline?l=en&f=tweets&q=%22Eyeshadow%22&src=typed&max_position=TWEET-985204528210370560-985248861613641730>
None
2018-04-14 15:11:39 [scrapy] DEBUG: Scraped from <200 https://twitter.com/i/search/timeline?l=en&f=tweets&q=%22Eyeshadow%22&src=typed&max_position=TWEET-985204528210370560-985248861613641730>
None
2018-04-14 15:11:40 [scrapy] DEBUG: Scraped from <200 https://twitter.com/i/search/timeline?l=en&f=tweets&q=%22Eyeshadow%22&src=typed&max_position=TWEET-985204528210370560-985248861613641730>
None
2018-04-14 15:11:40 [scrapy] DEBUG: Scraped from <200 https://twitter.com/i/search/timeline?l=en&f=tweets&q=%22Eyeshadow%22&src=typed&max_position=TWEET-985204528210370560-985248861613641730>
None
2018-04-14 15:11:40 [scrapy] DEBUG: Scraped from <200 https://twitter.com/i/search/timeline?l=en&f=tweets&q=%22Eyeshadow%22&src=typed&max_position=TWEET-985204528210370560-985248861613641730>
None
2018-04-14 15:11:40 [scrapy] DEBUG: Scraped from <200 https://twitter.com/i/search/timeline?l=en&f=tweets&q=%22Eyeshadow%22&src=typed&max_position=TWEET-985204528210370560-985248861613641730>
None
2018-04-14 15:11:40 [scrapy] DEBUG: Scraped from <200 https://twitter.com/i/search/timeline?l=en&f=tweets&q=%22Eyeshadow%22&src=typed&max_position=TWEET-985204528210370560-985248861613641730>
None
2018-04-14 15:11:40 [scrapy] DEBUG: Scraped from <200 https://twitter.com/i/search/timeline?l=en&f=tweets&q=%22Eyeshadow%22&src=typed&max_position=TWEET-985204528210370560-985248861613641730>
None
2018-04-14 15:11:40 [scrapy] DEBUG: Scraped from <200 https://twitter.com/i/search/timeline?l=en&f=tweets&q=%22Eyeshadow%22&src=typed&max_position=TWEET-985204528210370560-985248861613641730>
None
2018-04-14 15:11:40 [scrapy] DEBUG: Scraped from <200 https://twitter.com/i/search/timeline?l=en&f=tweets&q=%22Eyeshadow%22&src=typed&max_position=TWEET-985204528210370560-985248861613641730>
None
2018-04-14 15:11:40 [scrapy] DEBUG: Scraped from <200 https://twitter.com/i/search/timeline?l=en&f=tweets&q=%22Eyeshadow%22&src=typed&max_position=TWEET-985204528210370560-985248861613641730>
None
2018-04-14 15:11:40 [scrapy] DEBUG: Scraped from <200 https://twitter.com/i/search/timeline?l=en&f=tweets&q=%22Eyeshadow%22&src=typed&max_position=TWEET-985204528210370560-985248861613641730>
None
2018-04-14 15:11:40 [scrapy] DEBUG: Scraped from <200 https://twitter.com/i/search/timeline?l=en&f=tweets&q=%22Eyeshadow%22&src=typed&max_position=TWEET-985204528210370560-985248861613641730>
None
2018-04-14 15:11:40 [scrapy] INFO: Dumping Scrapy stats:
{'downloader/request_bytes': 13448,
 'downloader/request_count': 16,
 'downloader/request_method_count/GET': 16,
 'downloader/response_bytes': 282285,
 'downloader/response_count': 16,
 'downloader/response_status_count/200': 16,
 'finish_reason': 'closespider_itemcount',
 'finish_time': datetime.datetime(2018, 4, 14, 20, 11, 40, 680334),
 'item_scraped_count': 317,
 'log_count/DEBUG': 654,
 'log_count/ERROR': 317,
 'log_count/INFO': 6,
 'memusage/max': 58503168,
 'memusage/startup': 58503168,
 'request_depth_max': 16,
 'response_received_count': 16,
 'scheduler/dequeued': 16,
 'scheduler/dequeued/memory': 16,
 'scheduler/enqueued': 17,
 'scheduler/enqueued/memory': 17,
 'start_time': datetime.datetime(2018, 4, 14, 20, 11, 5, 880988)}
2018-04-14 15:11:40 [scrapy] INFO: Spider closed (closespider_itemcount)
