2018-04-14 14:43:36 [scrapy] DEBUG: Crawled (200) <GET https://twitter.com/i/search/timeline?l=en&f=tweets&q=Touch%20In%20Sol%20Metallist%20Liquid%20Foil%20%26%20Glitter%20Eye%20Shadow%20Duo&src=typed&max_position=> (referer: None)
2018-04-14 14:43:37 [scrapy] DEBUG: Scraped from <200 https://twitter.com/i/search/timeline?l=en&f=tweets&q=Touch%20In%20Sol%20Metallist%20Liquid%20Foil%20%26%20Glitter%20Eye%20Shadow%20Duo&src=typed&max_position=>
None
2018-04-14 14:43:37 [scrapy] DEBUG: Scraped from <200 https://twitter.com/i/search/timeline?l=en&f=tweets&q=Touch%20In%20Sol%20Metallist%20Liquid%20Foil%20%26%20Glitter%20Eye%20Shadow%20Duo&src=typed&max_position=>
None
2018-04-14 14:43:37 [scrapy] DEBUG: Scraped from <200 https://twitter.com/i/search/timeline?l=en&f=tweets&q=Touch%20In%20Sol%20Metallist%20Liquid%20Foil%20%26%20Glitter%20Eye%20Shadow%20Duo&src=typed&max_position=>
None
2018-04-14 14:43:37 [scrapy] DEBUG: Crawled (200) <GET https://twitter.com/i/search/timeline?l=en&f=tweets&q=Touch%20In%20Sol%20Metallist%20Liquid%20Foil%20%26%20Glitter%20Eye%20Shadow%20Duo&src=typed&max_position=TWEET-927993707302830080-977613625534824448> (referer: https://twitter.com/i/search/timeline?l=en&f=tweets&q=Touch%20In%20Sol%20Metallist%20Liquid%20Foil%20%26%20Glitter%20Eye%20Shadow%20Duo&src=typed&max_position=)
2018-04-14 14:43:38 [scrapy] DEBUG: Scraped from <200 https://twitter.com/i/search/timeline?l=en&f=tweets&q=Touch%20In%20Sol%20Metallist%20Liquid%20Foil%20%26%20Glitter%20Eye%20Shadow%20Duo&src=typed&max_position=TWEET-927993707302830080-977613625534824448>
None
2018-04-14 14:43:38 [scrapy] DEBUG: Scraped from <200 https://twitter.com/i/search/timeline?l=en&f=tweets&q=Touch%20In%20Sol%20Metallist%20Liquid%20Foil%20%26%20Glitter%20Eye%20Shadow%20Duo&src=typed&max_position=TWEET-927993707302830080-977613625534824448>
None
2018-04-14 14:43:38 [scrapy] DEBUG: Scraped from <200 https://twitter.com/i/search/timeline?l=en&f=tweets&q=Touch%20In%20Sol%20Metallist%20Liquid%20Foil%20%26%20Glitter%20Eye%20Shadow%20Duo&src=typed&max_position=TWEET-927993707302830080-977613625534824448>
None
2018-04-14 14:43:38 [scrapy] DEBUG: Scraped from <200 https://twitter.com/i/search/timeline?l=en&f=tweets&q=Touch%20In%20Sol%20Metallist%20Liquid%20Foil%20%26%20Glitter%20Eye%20Shadow%20Duo&src=typed&max_position=TWEET-927993707302830080-977613625534824448>
None
2018-04-14 14:43:38 [scrapy] DEBUG: Crawled (200) <GET https://twitter.com/i/search/timeline?l=en&f=tweets&q=Touch%20In%20Sol%20Metallist%20Liquid%20Foil%20%26%20Glitter%20Eye%20Shadow%20Duo&src=typed&max_position=TWEET-881428799753117698-977613625534824448> (referer: https://twitter.com/i/search/timeline?l=en&f=tweets&q=Touch%20In%20Sol%20Metallist%20Liquid%20Foil%20%26%20Glitter%20Eye%20Shadow%20Duo&src=typed&max_position=TWEET-927993707302830080-977613625534824448)
2018-04-14 14:43:38 [scrapy] DEBUG: Scraped from <200 https://twitter.com/i/search/timeline?l=en&f=tweets&q=Touch%20In%20Sol%20Metallist%20Liquid%20Foil%20%26%20Glitter%20Eye%20Shadow%20Duo&src=typed&max_position=TWEET-881428799753117698-977613625534824448>
None
2018-04-14 14:43:39 [scrapy] DEBUG: Scraped from <200 https://twitter.com/i/search/timeline?l=en&f=tweets&q=Touch%20In%20Sol%20Metallist%20Liquid%20Foil%20%26%20Glitter%20Eye%20Shadow%20Duo&src=typed&max_position=TWEET-881428799753117698-977613625534824448>
None
2018-04-14 14:43:39 [scrapy] DEBUG: Scraped from <200 https://twitter.com/i/search/timeline?l=en&f=tweets&q=Touch%20In%20Sol%20Metallist%20Liquid%20Foil%20%26%20Glitter%20Eye%20Shadow%20Duo&src=typed&max_position=TWEET-881428799753117698-977613625534824448>
None
2018-04-14 14:43:39 [scrapy] DEBUG: Scraped from <200 https://twitter.com/i/search/timeline?l=en&f=tweets&q=Touch%20In%20Sol%20Metallist%20Liquid%20Foil%20%26%20Glitter%20Eye%20Shadow%20Duo&src=typed&max_position=TWEET-881428799753117698-977613625534824448>
None
2018-04-14 14:43:39 [scrapy] DEBUG: Scraped from <200 https://twitter.com/i/search/timeline?l=en&f=tweets&q=Touch%20In%20Sol%20Metallist%20Liquid%20Foil%20%26%20Glitter%20Eye%20Shadow%20Duo&src=typed&max_position=TWEET-881428799753117698-977613625534824448>
None
2018-04-14 14:43:39 [scrapy] DEBUG: Scraped from <200 https://twitter.com/i/search/timeline?l=en&f=tweets&q=Touch%20In%20Sol%20Metallist%20Liquid%20Foil%20%26%20Glitter%20Eye%20Shadow%20Duo&src=typed&max_position=TWEET-881428799753117698-977613625534824448>
None
2018-04-14 14:43:39 [scrapy] DEBUG: Crawled (200) <GET https://twitter.com/i/search/timeline?l=en&f=tweets&q=Touch%20In%20Sol%20Metallist%20Liquid%20Foil%20%26%20Glitter%20Eye%20Shadow%20Duo&src=typed&max_position=TWEET-843863776252379136-977613625534824448> (referer: https://twitter.com/i/search/timeline?l=en&f=tweets&q=Touch%20In%20Sol%20Metallist%20Liquid%20Foil%20%26%20Glitter%20Eye%20Shadow%20Duo&src=typed&max_position=TWEET-881428799753117698-977613625534824448)
2018-04-14 14:43:39 [scrapy] DEBUG: Scraped from <200 https://twitter.com/i/search/timeline?l=en&f=tweets&q=Touch%20In%20Sol%20Metallist%20Liquid%20Foil%20%26%20Glitter%20Eye%20Shadow%20Duo&src=typed&max_position=TWEET-843863776252379136-977613625534824448>
None
2018-04-14 14:43:40 [scrapy] DEBUG: Scraped from <200 https://twitter.com/i/search/timeline?l=en&f=tweets&q=Touch%20In%20Sol%20Metallist%20Liquid%20Foil%20%26%20Glitter%20Eye%20Shadow%20Duo&src=typed&max_position=TWEET-843863776252379136-977613625534824448>
None
2018-04-14 14:43:40 [scrapy] DEBUG: Scraped from <200 https://twitter.com/i/search/timeline?l=en&f=tweets&q=Touch%20In%20Sol%20Metallist%20Liquid%20Foil%20%26%20Glitter%20Eye%20Shadow%20Duo&src=typed&max_position=TWEET-843863776252379136-977613625534824448>
None
2018-04-14 14:43:40 [scrapy] DEBUG: Scraped from <200 https://twitter.com/i/search/timeline?l=en&f=tweets&q=Touch%20In%20Sol%20Metallist%20Liquid%20Foil%20%26%20Glitter%20Eye%20Shadow%20Duo&src=typed&max_position=TWEET-843863776252379136-977613625534824448>
None
2018-04-14 14:43:40 [scrapy] DEBUG: Scraped from <200 https://twitter.com/i/search/timeline?l=en&f=tweets&q=Touch%20In%20Sol%20Metallist%20Liquid%20Foil%20%26%20Glitter%20Eye%20Shadow%20Duo&src=typed&max_position=TWEET-843863776252379136-977613625534824448>
None
2018-04-14 14:43:40 [scrapy] DEBUG: Scraped from <200 https://twitter.com/i/search/timeline?l=en&f=tweets&q=Touch%20In%20Sol%20Metallist%20Liquid%20Foil%20%26%20Glitter%20Eye%20Shadow%20Duo&src=typed&max_position=TWEET-843863776252379136-977613625534824448>
None
2018-04-14 14:43:40 [scrapy] DEBUG: Scraped from <200 https://twitter.com/i/search/timeline?l=en&f=tweets&q=Touch%20In%20Sol%20Metallist%20Liquid%20Foil%20%26%20Glitter%20Eye%20Shadow%20Duo&src=typed&max_position=TWEET-843863776252379136-977613625534824448>
None
2018-04-14 14:43:40 [scrapy] DEBUG: Scraped from <200 https://twitter.com/i/search/timeline?l=en&f=tweets&q=Touch%20In%20Sol%20Metallist%20Liquid%20Foil%20%26%20Glitter%20Eye%20Shadow%20Duo&src=typed&max_position=TWEET-843863776252379136-977613625534824448>
None
2018-04-14 14:43:40 [scrapy] DEBUG: Scraped from <200 https://twitter.com/i/search/timeline?l=en&f=tweets&q=Touch%20In%20Sol%20Metallist%20Liquid%20Foil%20%26%20Glitter%20Eye%20Shadow%20Duo&src=typed&max_position=TWEET-843863776252379136-977613625534824448>
None
2018-04-14 14:43:40 [scrapy] DEBUG: Scraped from <200 https://twitter.com/i/search/timeline?l=en&f=tweets&q=Touch%20In%20Sol%20Metallist%20Liquid%20Foil%20%26%20Glitter%20Eye%20Shadow%20Duo&src=typed&max_position=TWEET-843863776252379136-977613625534824448>
None
2018-04-14 14:43:40 [scrapy] DEBUG: Scraped from <200 https://twitter.com/i/search/timeline?l=en&f=tweets&q=Touch%20In%20Sol%20Metallist%20Liquid%20Foil%20%26%20Glitter%20Eye%20Shadow%20Duo&src=typed&max_position=TWEET-843863776252379136-977613625534824448>
None
2018-04-14 14:43:40 [scrapy] DEBUG: Scraped from <200 https://twitter.com/i/search/timeline?l=en&f=tweets&q=Touch%20In%20Sol%20Metallist%20Liquid%20Foil%20%26%20Glitter%20Eye%20Shadow%20Duo&src=typed&max_position=TWEET-843863776252379136-977613625534824448>
None
2018-04-14 14:43:41 [scrapy] DEBUG: Crawled (200) <GET https://twitter.com/i/search/timeline?l=en&f=tweets&q=Touch%20In%20Sol%20Metallist%20Liquid%20Foil%20%26%20Glitter%20Eye%20Shadow%20Duo&src=typed&max_position=TWEET-832253689213575168-977613625534824448> (referer: https://twitter.com/i/search/timeline?l=en&f=tweets&q=Touch%20In%20Sol%20Metallist%20Liquid%20Foil%20%26%20Glitter%20Eye%20Shadow%20Duo&src=typed&max_position=TWEET-843863776252379136-977613625534824448)
2018-04-14 14:43:41 [scrapy] DEBUG: Scraped from <200 https://twitter.com/i/search/timeline?l=en&f=tweets&q=Touch%20In%20Sol%20Metallist%20Liquid%20Foil%20%26%20Glitter%20Eye%20Shadow%20Duo&src=typed&max_position=TWEET-832253689213575168-977613625534824448>
None
2018-04-14 14:43:41 [scrapy] DEBUG: Scraped from <200 https://twitter.com/i/search/timeline?l=en&f=tweets&q=Touch%20In%20Sol%20Metallist%20Liquid%20Foil%20%26%20Glitter%20Eye%20Shadow%20Duo&src=typed&max_position=TWEET-832253689213575168-977613625534824448>
None
2018-04-14 14:43:41 [scrapy] DEBUG: Scraped from <200 https://twitter.com/i/search/timeline?l=en&f=tweets&q=Touch%20In%20Sol%20Metallist%20Liquid%20Foil%20%26%20Glitter%20Eye%20Shadow%20Duo&src=typed&max_position=TWEET-832253689213575168-977613625534824448>
None
2018-04-14 14:43:41 [scrapy] DEBUG: Scraped from <200 https://twitter.com/i/search/timeline?l=en&f=tweets&q=Touch%20In%20Sol%20Metallist%20Liquid%20Foil%20%26%20Glitter%20Eye%20Shadow%20Duo&src=typed&max_position=TWEET-832253689213575168-977613625534824448>
None
2018-04-14 14:43:41 [scrapy] DEBUG: Scraped from <200 https://twitter.com/i/search/timeline?l=en&f=tweets&q=Touch%20In%20Sol%20Metallist%20Liquid%20Foil%20%26%20Glitter%20Eye%20Shadow%20Duo&src=typed&max_position=TWEET-832253689213575168-977613625534824448>
None
2018-04-14 14:43:41 [scrapy] DEBUG: Scraped from <200 https://twitter.com/i/search/timeline?l=en&f=tweets&q=Touch%20In%20Sol%20Metallist%20Liquid%20Foil%20%26%20Glitter%20Eye%20Shadow%20Duo&src=typed&max_position=TWEET-832253689213575168-977613625534824448>
None
2018-04-14 14:43:41 [scrapy] DEBUG: Scraped from <200 https://twitter.com/i/search/timeline?l=en&f=tweets&q=Touch%20In%20Sol%20Metallist%20Liquid%20Foil%20%26%20Glitter%20Eye%20Shadow%20Duo&src=typed&max_position=TWEET-832253689213575168-977613625534824448>
None
2018-04-14 14:43:41 [scrapy] DEBUG: Scraped from <200 https://twitter.com/i/search/timeline?l=en&f=tweets&q=Touch%20In%20Sol%20Metallist%20Liquid%20Foil%20%26%20Glitter%20Eye%20Shadow%20Duo&src=typed&max_position=TWEET-832253689213575168-977613625534824448>
None
2018-04-14 14:43:41 [scrapy] DEBUG: Scraped from <200 https://twitter.com/i/search/timeline?l=en&f=tweets&q=Touch%20In%20Sol%20Metallist%20Liquid%20Foil%20%26%20Glitter%20Eye%20Shadow%20Duo&src=typed&max_position=TWEET-832253689213575168-977613625534824448>
None
2018-04-14 14:43:41 [scrapy] DEBUG: Scraped from <200 https://twitter.com/i/search/timeline?l=en&f=tweets&q=Touch%20In%20Sol%20Metallist%20Liquid%20Foil%20%26%20Glitter%20Eye%20Shadow%20Duo&src=typed&max_position=TWEET-832253689213575168-977613625534824448>
None
2018-04-14 14:43:41 [scrapy] DEBUG: Scraped from <200 https://twitter.com/i/search/timeline?l=en&f=tweets&q=Touch%20In%20Sol%20Metallist%20Liquid%20Foil%20%26%20Glitter%20Eye%20Shadow%20Duo&src=typed&max_position=TWEET-832253689213575168-977613625534824448>
None
2018-04-14 14:43:41 [scrapy] DEBUG: Scraped from <200 https://twitter.com/i/search/timeline?l=en&f=tweets&q=Touch%20In%20Sol%20Metallist%20Liquid%20Foil%20%26%20Glitter%20Eye%20Shadow%20Duo&src=typed&max_position=TWEET-832253689213575168-977613625534824448>
None
2018-04-14 14:43:41 [scrapy] DEBUG: Scraped from <200 https://twitter.com/i/search/timeline?l=en&f=tweets&q=Touch%20In%20Sol%20Metallist%20Liquid%20Foil%20%26%20Glitter%20Eye%20Shadow%20Duo&src=typed&max_position=TWEET-832253689213575168-977613625534824448>
None
2018-04-14 14:43:41 [scrapy] DEBUG: Scraped from <200 https://twitter.com/i/search/timeline?l=en&f=tweets&q=Touch%20In%20Sol%20Metallist%20Liquid%20Foil%20%26%20Glitter%20Eye%20Shadow%20Duo&src=typed&max_position=TWEET-832253689213575168-977613625534824448>
None
2018-04-14 14:43:42 [scrapy] DEBUG: Scraped from <200 https://twitter.com/i/search/timeline?l=en&f=tweets&q=Touch%20In%20Sol%20Metallist%20Liquid%20Foil%20%26%20Glitter%20Eye%20Shadow%20Duo&src=typed&max_position=TWEET-832253689213575168-977613625534824448>
None
2018-04-14 14:43:42 [scrapy] DEBUG: Crawled (200) <GET https://twitter.com/i/search/timeline?l=en&f=tweets&q=Touch%20In%20Sol%20Metallist%20Liquid%20Foil%20%26%20Glitter%20Eye%20Shadow%20Duo&src=typed&max_position=TWEET-830777643192635392-977613625534824448> (referer: https://twitter.com/i/search/timeline?l=en&f=tweets&q=Touch%20In%20Sol%20Metallist%20Liquid%20Foil%20%26%20Glitter%20Eye%20Shadow%20Duo&src=typed&max_position=TWEET-832253689213575168-977613625534824448)
2018-04-14 14:43:42 [scrapy] DEBUG: Scraped from <200 https://twitter.com/i/search/timeline?l=en&f=tweets&q=Touch%20In%20Sol%20Metallist%20Liquid%20Foil%20%26%20Glitter%20Eye%20Shadow%20Duo&src=typed&max_position=TWEET-830777643192635392-977613625534824448>
None
2018-04-14 14:43:42 [scrapy] DEBUG: Scraped from <200 https://twitter.com/i/search/timeline?l=en&f=tweets&q=Touch%20In%20Sol%20Metallist%20Liquid%20Foil%20%26%20Glitter%20Eye%20Shadow%20Duo&src=typed&max_position=TWEET-830777643192635392-977613625534824448>
None
2018-04-14 14:43:42 [scrapy] DEBUG: Scraped from <200 https://twitter.com/i/search/timeline?l=en&f=tweets&q=Touch%20In%20Sol%20Metallist%20Liquid%20Foil%20%26%20Glitter%20Eye%20Shadow%20Duo&src=typed&max_position=TWEET-830777643192635392-977613625534824448>
None
2018-04-14 14:43:42 [scrapy] DEBUG: Scraped from <200 https://twitter.com/i/search/timeline?l=en&f=tweets&q=Touch%20In%20Sol%20Metallist%20Liquid%20Foil%20%26%20Glitter%20Eye%20Shadow%20Duo&src=typed&max_position=TWEET-830777643192635392-977613625534824448>
None
2018-04-14 14:43:42 [scrapy] DEBUG: Scraped from <200 https://twitter.com/i/search/timeline?l=en&f=tweets&q=Touch%20In%20Sol%20Metallist%20Liquid%20Foil%20%26%20Glitter%20Eye%20Shadow%20Duo&src=typed&max_position=TWEET-830777643192635392-977613625534824448>
None
2018-04-14 14:43:43 [scrapy] DEBUG: Scraped from <200 https://twitter.com/i/search/timeline?l=en&f=tweets&q=Touch%20In%20Sol%20Metallist%20Liquid%20Foil%20%26%20Glitter%20Eye%20Shadow%20Duo&src=typed&max_position=TWEET-830777643192635392-977613625534824448>
None
2018-04-14 14:43:43 [scrapy] DEBUG: Scraped from <200 https://twitter.com/i/search/timeline?l=en&f=tweets&q=Touch%20In%20Sol%20Metallist%20Liquid%20Foil%20%26%20Glitter%20Eye%20Shadow%20Duo&src=typed&max_position=TWEET-830777643192635392-977613625534824448>
None
2018-04-14 14:43:43 [scrapy] DEBUG: Crawled (200) <GET https://twitter.com/i/search/timeline?l=en&f=tweets&q=Touch%20In%20Sol%20Metallist%20Liquid%20Foil%20%26%20Glitter%20Eye%20Shadow%20Duo&src=typed&max_position=TWEET-767955046793252866-977613625534824448> (referer: https://twitter.com/i/search/timeline?l=en&f=tweets&q=Touch%20In%20Sol%20Metallist%20Liquid%20Foil%20%26%20Glitter%20Eye%20Shadow%20Duo&src=typed&max_position=TWEET-830777643192635392-977613625534824448)
2018-04-14 14:43:43 [scrapy] DEBUG: Scraped from <200 https://twitter.com/i/search/timeline?l=en&f=tweets&q=Touch%20In%20Sol%20Metallist%20Liquid%20Foil%20%26%20Glitter%20Eye%20Shadow%20Duo&src=typed&max_position=TWEET-767955046793252866-977613625534824448>
None
2018-04-14 14:43:43 [scrapy] DEBUG: Scraped from <200 https://twitter.com/i/search/timeline?l=en&f=tweets&q=Touch%20In%20Sol%20Metallist%20Liquid%20Foil%20%26%20Glitter%20Eye%20Shadow%20Duo&src=typed&max_position=TWEET-767955046793252866-977613625534824448>
None
2018-04-14 14:43:43 [scrapy] DEBUG: Scraped from <200 https://twitter.com/i/search/timeline?l=en&f=tweets&q=Touch%20In%20Sol%20Metallist%20Liquid%20Foil%20%26%20Glitter%20Eye%20Shadow%20Duo&src=typed&max_position=TWEET-767955046793252866-977613625534824448>
None
2018-04-14 14:43:43 [scrapy] DEBUG: Scraped from <200 https://twitter.com/i/search/timeline?l=en&f=tweets&q=Touch%20In%20Sol%20Metallist%20Liquid%20Foil%20%26%20Glitter%20Eye%20Shadow%20Duo&src=typed&max_position=TWEET-767955046793252866-977613625534824448>
None
2018-04-14 14:43:43 [scrapy] DEBUG: Scraped from <200 https://twitter.com/i/search/timeline?l=en&f=tweets&q=Touch%20In%20Sol%20Metallist%20Liquid%20Foil%20%26%20Glitter%20Eye%20Shadow%20Duo&src=typed&max_position=TWEET-767955046793252866-977613625534824448>
None
2018-04-14 14:43:43 [scrapy] DEBUG: Scraped from <200 https://twitter.com/i/search/timeline?l=en&f=tweets&q=Touch%20In%20Sol%20Metallist%20Liquid%20Foil%20%26%20Glitter%20Eye%20Shadow%20Duo&src=typed&max_position=TWEET-767955046793252866-977613625534824448>
None
2018-04-14 14:43:43 [scrapy] DEBUG: Scraped from <200 https://twitter.com/i/search/timeline?l=en&f=tweets&q=Touch%20In%20Sol%20Metallist%20Liquid%20Foil%20%26%20Glitter%20Eye%20Shadow%20Duo&src=typed&max_position=TWEET-767955046793252866-977613625534824448>
None
2018-04-14 14:43:44 [scrapy] DEBUG: Scraped from <200 https://twitter.com/i/search/timeline?l=en&f=tweets&q=Touch%20In%20Sol%20Metallist%20Liquid%20Foil%20%26%20Glitter%20Eye%20Shadow%20Duo&src=typed&max_position=TWEET-767955046793252866-977613625534824448>
None
2018-04-14 14:43:44 [scrapy] DEBUG: Scraped from <200 https://twitter.com/i/search/timeline?l=en&f=tweets&q=Touch%20In%20Sol%20Metallist%20Liquid%20Foil%20%26%20Glitter%20Eye%20Shadow%20Duo&src=typed&max_position=TWEET-767955046793252866-977613625534824448>
None
2018-04-14 14:43:44 [scrapy] DEBUG: Scraped from <200 https://twitter.com/i/search/timeline?l=en&f=tweets&q=Touch%20In%20Sol%20Metallist%20Liquid%20Foil%20%26%20Glitter%20Eye%20Shadow%20Duo&src=typed&max_position=TWEET-767955046793252866-977613625534824448>
None
2018-04-14 14:43:44 [scrapy] DEBUG: Scraped from <200 https://twitter.com/i/search/timeline?l=en&f=tweets&q=Touch%20In%20Sol%20Metallist%20Liquid%20Foil%20%26%20Glitter%20Eye%20Shadow%20Duo&src=typed&max_position=TWEET-767955046793252866-977613625534824448>
None
2018-04-14 14:43:44 [scrapy] DEBUG: Scraped from <200 https://twitter.com/i/search/timeline?l=en&f=tweets&q=Touch%20In%20Sol%20Metallist%20Liquid%20Foil%20%26%20Glitter%20Eye%20Shadow%20Duo&src=typed&max_position=TWEET-767955046793252866-977613625534824448>
None
2018-04-14 14:43:44 [scrapy] DEBUG: Crawled (200) <GET https://twitter.com/i/search/timeline?l=en&f=tweets&q=Touch%20In%20Sol%20Metallist%20Liquid%20Foil%20%26%20Glitter%20Eye%20Shadow%20Duo&src=typed&max_position=TWEET-756979244861915136-977613625534824448> (referer: https://twitter.com/i/search/timeline?l=en&f=tweets&q=Touch%20In%20Sol%20Metallist%20Liquid%20Foil%20%26%20Glitter%20Eye%20Shadow%20Duo&src=typed&max_position=TWEET-767955046793252866-977613625534824448)
2018-04-14 14:43:44 [scrapy] DEBUG: Filtered duplicate request: <GET https://twitter.com/i/search/timeline?l=en&f=tweets&q=Touch%20In%20Sol%20Metallist%20Liquid%20Foil%20%26%20Glitter%20Eye%20Shadow%20Duo&src=typed&max_position=TWEET-756979244861915136-977613625534824448> - no more duplicates will be shown (see DUPEFILTER_DEBUG to show all duplicates)
2018-04-14 14:43:44 [scrapy] INFO: Closing spider (finished)
2018-04-14 14:43:44 [scrapy] INFO: Dumping Scrapy stats:
{'downloader/request_bytes': 7382,
 'downloader/request_count': 8,
 'downloader/request_method_count/GET': 8,
 'downloader/response_bytes': 55297,
 'downloader/response_count': 8,
 'downloader/response_status_count/200': 8,
 'dupefilter/filtered': 1,
 'finish_reason': 'finished',
 'finish_time': datetime.datetime(2018, 4, 14, 19, 43, 44, 562094),
 'item_scraped_count': 59,
 'log_count/DEBUG': 127,
 'log_count/ERROR': 59,
 'log_count/INFO': 6,
 'memusage/max': 63221760,
 'memusage/startup': 63221760,
 'request_depth_max': 8,
 'response_received_count': 8,
 'scheduler/dequeued': 8,
 'scheduler/dequeued/memory': 8,
 'scheduler/enqueued': 8,
 'scheduler/enqueued/memory': 8,
 'start_time': datetime.datetime(2018, 4, 14, 19, 43, 36, 221846)}
2018-04-14 14:43:44 [scrapy] INFO: Spider closed (finished)
