2018-04-14 15:11:48 [scrapy] DEBUG: Crawled (200) <GET https://twitter.com/i/search/timeline?l=en&f=tweets&q=%22Pure%20Gold%20Ultra-Fine%20Face%20%26%20Body%20Glitter%22&src=typed&max_position=> (referer: None)
2018-04-14 15:11:48 [scrapy] DEBUG: Crawled (200) <GET https://twitter.com/i/search/timeline?l=en&f=tweets&q=%22Pure%20Gold%20Ultra-Fine%20Face%20%26%20Body%20Glitter%22&src=typed&max_position=TWEET-949674535439216642-949674535439216642> (referer: https://twitter.com/i/search/timeline?l=en&f=tweets&q=%22Pure%20Gold%20Ultra-Fine%20Face%20%26%20Body%20Glitter%22&src=typed&max_position=)
2018-04-14 15:11:48 [scrapy] DEBUG: Filtered duplicate request: <GET https://twitter.com/i/search/timeline?l=en&f=tweets&q=%22Pure%20Gold%20Ultra-Fine%20Face%20%26%20Body%20Glitter%22&src=typed&max_position=TWEET-949674535439216642-949674535439216642> - no more duplicates will be shown (see DUPEFILTER_DEBUG to show all duplicates)
2018-04-14 15:11:48 [scrapy] INFO: Closing spider (finished)
2018-04-14 15:11:48 [scrapy] INFO: Dumping Scrapy stats:
{'downloader/request_bytes': 1235,
 'downloader/request_count': 2,
 'downloader/request_method_count/GET': 2,
 'downloader/response_bytes': 3132,
 'downloader/response_count': 2,
 'downloader/response_status_count/200': 2,
 'dupefilter/filtered': 1,
 'finish_reason': 'finished',
 'finish_time': datetime.datetime(2018, 4, 14, 20, 11, 48, 635707),
 'log_count/DEBUG': 3,
 'log_count/INFO': 6,
 'memusage/max': 65413120,
 'memusage/startup': 65413120,
 'request_depth_max': 2,
 'response_received_count': 2,
 'scheduler/dequeued': 2,
 'scheduler/dequeued/memory': 2,
 'scheduler/enqueued': 2,
 'scheduler/enqueued/memory': 2,
 'start_time': datetime.datetime(2018, 4, 14, 20, 11, 47, 648093)}
2018-04-14 15:11:48 [scrapy] INFO: Spider closed (finished)
