2018-04-14 14:47:30 [scrapy] DEBUG: Crawled (200) <GET https://twitter.com/i/search/timeline?l=en&f=tweets&q=SEPHORA%20COLLECTION%20Colorful%205%20Eyeshadow%20Palette&src=typed&max_position=> (referer: None)
2018-04-14 14:47:30 [scrapy] DEBUG: Scraped from <200 https://twitter.com/i/search/timeline?l=en&f=tweets&q=SEPHORA%20COLLECTION%20Colorful%205%20Eyeshadow%20Palette&src=typed&max_position=>
None
2018-04-14 14:47:30 [scrapy] DEBUG: Scraped from <200 https://twitter.com/i/search/timeline?l=en&f=tweets&q=SEPHORA%20COLLECTION%20Colorful%205%20Eyeshadow%20Palette&src=typed&max_position=>
None
2018-04-14 14:47:30 [scrapy] DEBUG: Scraped from <200 https://twitter.com/i/search/timeline?l=en&f=tweets&q=SEPHORA%20COLLECTION%20Colorful%205%20Eyeshadow%20Palette&src=typed&max_position=>
None
2018-04-14 14:47:30 [scrapy] DEBUG: Scraped from <200 https://twitter.com/i/search/timeline?l=en&f=tweets&q=SEPHORA%20COLLECTION%20Colorful%205%20Eyeshadow%20Palette&src=typed&max_position=>
None
2018-04-14 14:47:30 [scrapy] DEBUG: Scraped from <200 https://twitter.com/i/search/timeline?l=en&f=tweets&q=SEPHORA%20COLLECTION%20Colorful%205%20Eyeshadow%20Palette&src=typed&max_position=>
None
2018-04-14 14:47:31 [scrapy] DEBUG: Crawled (200) <GET https://twitter.com/i/search/timeline?l=en&f=tweets&q=SEPHORA%20COLLECTION%20Colorful%205%20Eyeshadow%20Palette&src=typed&max_position=TWEET-896845103259557888-983271183583010816> (referer: https://twitter.com/i/search/timeline?l=en&f=tweets&q=SEPHORA%20COLLECTION%20Colorful%205%20Eyeshadow%20Palette&src=typed&max_position=)
2018-04-14 14:47:31 [scrapy] DEBUG: Scraped from <200 https://twitter.com/i/search/timeline?l=en&f=tweets&q=SEPHORA%20COLLECTION%20Colorful%205%20Eyeshadow%20Palette&src=typed&max_position=TWEET-896845103259557888-983271183583010816>
None
2018-04-14 14:47:31 [scrapy] DEBUG: Scraped from <200 https://twitter.com/i/search/timeline?l=en&f=tweets&q=SEPHORA%20COLLECTION%20Colorful%205%20Eyeshadow%20Palette&src=typed&max_position=TWEET-896845103259557888-983271183583010816>
None
2018-04-14 14:47:31 [scrapy] DEBUG: Scraped from <200 https://twitter.com/i/search/timeline?l=en&f=tweets&q=SEPHORA%20COLLECTION%20Colorful%205%20Eyeshadow%20Palette&src=typed&max_position=TWEET-896845103259557888-983271183583010816>
None
2018-04-14 14:47:31 [scrapy] DEBUG: Scraped from <200 https://twitter.com/i/search/timeline?l=en&f=tweets&q=SEPHORA%20COLLECTION%20Colorful%205%20Eyeshadow%20Palette&src=typed&max_position=TWEET-896845103259557888-983271183583010816>
None
2018-04-14 14:47:31 [scrapy] DEBUG: Scraped from <200 https://twitter.com/i/search/timeline?l=en&f=tweets&q=SEPHORA%20COLLECTION%20Colorful%205%20Eyeshadow%20Palette&src=typed&max_position=TWEET-896845103259557888-983271183583010816>
None
2018-04-14 14:47:31 [scrapy] DEBUG: Scraped from <200 https://twitter.com/i/search/timeline?l=en&f=tweets&q=SEPHORA%20COLLECTION%20Colorful%205%20Eyeshadow%20Palette&src=typed&max_position=TWEET-896845103259557888-983271183583010816>
None
2018-04-14 14:47:31 [scrapy] DEBUG: Scraped from <200 https://twitter.com/i/search/timeline?l=en&f=tweets&q=SEPHORA%20COLLECTION%20Colorful%205%20Eyeshadow%20Palette&src=typed&max_position=TWEET-896845103259557888-983271183583010816>
None
2018-04-14 14:47:31 [scrapy] DEBUG: Scraped from <200 https://twitter.com/i/search/timeline?l=en&f=tweets&q=SEPHORA%20COLLECTION%20Colorful%205%20Eyeshadow%20Palette&src=typed&max_position=TWEET-896845103259557888-983271183583010816>
None
2018-04-14 14:47:31 [scrapy] DEBUG: Scraped from <200 https://twitter.com/i/search/timeline?l=en&f=tweets&q=SEPHORA%20COLLECTION%20Colorful%205%20Eyeshadow%20Palette&src=typed&max_position=TWEET-896845103259557888-983271183583010816>
None
2018-04-14 14:47:31 [scrapy] DEBUG: Scraped from <200 https://twitter.com/i/search/timeline?l=en&f=tweets&q=SEPHORA%20COLLECTION%20Colorful%205%20Eyeshadow%20Palette&src=typed&max_position=TWEET-896845103259557888-983271183583010816>
None
2018-04-14 14:47:32 [scrapy] DEBUG: Scraped from <200 https://twitter.com/i/search/timeline?l=en&f=tweets&q=SEPHORA%20COLLECTION%20Colorful%205%20Eyeshadow%20Palette&src=typed&max_position=TWEET-896845103259557888-983271183583010816>
None
2018-04-14 14:47:32 [scrapy] DEBUG: Crawled (200) <GET https://twitter.com/i/search/timeline?l=en&f=tweets&q=SEPHORA%20COLLECTION%20Colorful%205%20Eyeshadow%20Palette&src=typed&max_position=TWEET-869576880034373634-983271183583010816> (referer: https://twitter.com/i/search/timeline?l=en&f=tweets&q=SEPHORA%20COLLECTION%20Colorful%205%20Eyeshadow%20Palette&src=typed&max_position=TWEET-896845103259557888-983271183583010816)
2018-04-14 14:47:32 [scrapy] DEBUG: Scraped from <200 https://twitter.com/i/search/timeline?l=en&f=tweets&q=SEPHORA%20COLLECTION%20Colorful%205%20Eyeshadow%20Palette&src=typed&max_position=TWEET-869576880034373634-983271183583010816>
None
2018-04-14 14:47:32 [scrapy] DEBUG: Scraped from <200 https://twitter.com/i/search/timeline?l=en&f=tweets&q=SEPHORA%20COLLECTION%20Colorful%205%20Eyeshadow%20Palette&src=typed&max_position=TWEET-869576880034373634-983271183583010816>
None
2018-04-14 14:47:32 [scrapy] DEBUG: Scraped from <200 https://twitter.com/i/search/timeline?l=en&f=tweets&q=SEPHORA%20COLLECTION%20Colorful%205%20Eyeshadow%20Palette&src=typed&max_position=TWEET-869576880034373634-983271183583010816>
None
2018-04-14 14:47:32 [scrapy] DEBUG: Scraped from <200 https://twitter.com/i/search/timeline?l=en&f=tweets&q=SEPHORA%20COLLECTION%20Colorful%205%20Eyeshadow%20Palette&src=typed&max_position=TWEET-869576880034373634-983271183583010816>
None
2018-04-14 14:47:32 [scrapy] DEBUG: Scraped from <200 https://twitter.com/i/search/timeline?l=en&f=tweets&q=SEPHORA%20COLLECTION%20Colorful%205%20Eyeshadow%20Palette&src=typed&max_position=TWEET-869576880034373634-983271183583010816>
None
2018-04-14 14:47:32 [scrapy] DEBUG: Scraped from <200 https://twitter.com/i/search/timeline?l=en&f=tweets&q=SEPHORA%20COLLECTION%20Colorful%205%20Eyeshadow%20Palette&src=typed&max_position=TWEET-869576880034373634-983271183583010816>
None
2018-04-14 14:47:33 [scrapy] DEBUG: Scraped from <200 https://twitter.com/i/search/timeline?l=en&f=tweets&q=SEPHORA%20COLLECTION%20Colorful%205%20Eyeshadow%20Palette&src=typed&max_position=TWEET-869576880034373634-983271183583010816>
None
2018-04-14 14:47:33 [scrapy] DEBUG: Scraped from <200 https://twitter.com/i/search/timeline?l=en&f=tweets&q=SEPHORA%20COLLECTION%20Colorful%205%20Eyeshadow%20Palette&src=typed&max_position=TWEET-869576880034373634-983271183583010816>
None
2018-04-14 14:47:33 [scrapy] DEBUG: Crawled (200) <GET https://twitter.com/i/search/timeline?l=en&f=tweets&q=SEPHORA%20COLLECTION%20Colorful%205%20Eyeshadow%20Palette&src=typed&max_position=TWEET-839570526842589184-983271183583010816> (referer: https://twitter.com/i/search/timeline?l=en&f=tweets&q=SEPHORA%20COLLECTION%20Colorful%205%20Eyeshadow%20Palette&src=typed&max_position=TWEET-869576880034373634-983271183583010816)
2018-04-14 14:47:34 [scrapy] DEBUG: Scraped from <200 https://twitter.com/i/search/timeline?l=en&f=tweets&q=SEPHORA%20COLLECTION%20Colorful%205%20Eyeshadow%20Palette&src=typed&max_position=TWEET-839570526842589184-983271183583010816>
None
2018-04-14 14:47:34 [scrapy] DEBUG: Scraped from <200 https://twitter.com/i/search/timeline?l=en&f=tweets&q=SEPHORA%20COLLECTION%20Colorful%205%20Eyeshadow%20Palette&src=typed&max_position=TWEET-839570526842589184-983271183583010816>
None
2018-04-14 14:47:34 [scrapy] DEBUG: Scraped from <200 https://twitter.com/i/search/timeline?l=en&f=tweets&q=SEPHORA%20COLLECTION%20Colorful%205%20Eyeshadow%20Palette&src=typed&max_position=TWEET-839570526842589184-983271183583010816>
None
2018-04-14 14:47:34 [scrapy] DEBUG: Scraped from <200 https://twitter.com/i/search/timeline?l=en&f=tweets&q=SEPHORA%20COLLECTION%20Colorful%205%20Eyeshadow%20Palette&src=typed&max_position=TWEET-839570526842589184-983271183583010816>
None
2018-04-14 14:47:34 [scrapy] DEBUG: Scraped from <200 https://twitter.com/i/search/timeline?l=en&f=tweets&q=SEPHORA%20COLLECTION%20Colorful%205%20Eyeshadow%20Palette&src=typed&max_position=TWEET-839570526842589184-983271183583010816>
None
2018-04-14 14:47:34 [scrapy] DEBUG: Scraped from <200 https://twitter.com/i/search/timeline?l=en&f=tweets&q=SEPHORA%20COLLECTION%20Colorful%205%20Eyeshadow%20Palette&src=typed&max_position=TWEET-839570526842589184-983271183583010816>
None
2018-04-14 14:47:34 [scrapy] DEBUG: Scraped from <200 https://twitter.com/i/search/timeline?l=en&f=tweets&q=SEPHORA%20COLLECTION%20Colorful%205%20Eyeshadow%20Palette&src=typed&max_position=TWEET-839570526842589184-983271183583010816>
None
2018-04-14 14:47:34 [scrapy] DEBUG: Scraped from <200 https://twitter.com/i/search/timeline?l=en&f=tweets&q=SEPHORA%20COLLECTION%20Colorful%205%20Eyeshadow%20Palette&src=typed&max_position=TWEET-839570526842589184-983271183583010816>
None
2018-04-14 14:47:34 [scrapy] DEBUG: Scraped from <200 https://twitter.com/i/search/timeline?l=en&f=tweets&q=SEPHORA%20COLLECTION%20Colorful%205%20Eyeshadow%20Palette&src=typed&max_position=TWEET-839570526842589184-983271183583010816>
None
2018-04-14 14:47:35 [scrapy] DEBUG: Crawled (200) <GET https://twitter.com/i/search/timeline?l=en&f=tweets&q=SEPHORA%20COLLECTION%20Colorful%205%20Eyeshadow%20Palette&src=typed&max_position=TWEET-817466794243821568-983271183583010816> (referer: https://twitter.com/i/search/timeline?l=en&f=tweets&q=SEPHORA%20COLLECTION%20Colorful%205%20Eyeshadow%20Palette&src=typed&max_position=TWEET-839570526842589184-983271183583010816)
2018-04-14 14:47:35 [scrapy] DEBUG: Scraped from <200 https://twitter.com/i/search/timeline?l=en&f=tweets&q=SEPHORA%20COLLECTION%20Colorful%205%20Eyeshadow%20Palette&src=typed&max_position=TWEET-817466794243821568-983271183583010816>
None
2018-04-14 14:47:35 [scrapy] DEBUG: Scraped from <200 https://twitter.com/i/search/timeline?l=en&f=tweets&q=SEPHORA%20COLLECTION%20Colorful%205%20Eyeshadow%20Palette&src=typed&max_position=TWEET-817466794243821568-983271183583010816>
None
2018-04-14 14:47:35 [scrapy] DEBUG: Scraped from <200 https://twitter.com/i/search/timeline?l=en&f=tweets&q=SEPHORA%20COLLECTION%20Colorful%205%20Eyeshadow%20Palette&src=typed&max_position=TWEET-817466794243821568-983271183583010816>
None
2018-04-14 14:47:35 [scrapy] DEBUG: Scraped from <200 https://twitter.com/i/search/timeline?l=en&f=tweets&q=SEPHORA%20COLLECTION%20Colorful%205%20Eyeshadow%20Palette&src=typed&max_position=TWEET-817466794243821568-983271183583010816>
None
2018-04-14 14:47:35 [scrapy] DEBUG: Scraped from <200 https://twitter.com/i/search/timeline?l=en&f=tweets&q=SEPHORA%20COLLECTION%20Colorful%205%20Eyeshadow%20Palette&src=typed&max_position=TWEET-817466794243821568-983271183583010816>
None
2018-04-14 14:47:35 [scrapy] DEBUG: Scraped from <200 https://twitter.com/i/search/timeline?l=en&f=tweets&q=SEPHORA%20COLLECTION%20Colorful%205%20Eyeshadow%20Palette&src=typed&max_position=TWEET-817466794243821568-983271183583010816>
None
2018-04-14 14:47:35 [scrapy] DEBUG: Scraped from <200 https://twitter.com/i/search/timeline?l=en&f=tweets&q=SEPHORA%20COLLECTION%20Colorful%205%20Eyeshadow%20Palette&src=typed&max_position=TWEET-817466794243821568-983271183583010816>
None
2018-04-14 14:47:35 [scrapy] DEBUG: Scraped from <200 https://twitter.com/i/search/timeline?l=en&f=tweets&q=SEPHORA%20COLLECTION%20Colorful%205%20Eyeshadow%20Palette&src=typed&max_position=TWEET-817466794243821568-983271183583010816>
None
2018-04-14 14:47:35 [scrapy] DEBUG: Scraped from <200 https://twitter.com/i/search/timeline?l=en&f=tweets&q=SEPHORA%20COLLECTION%20Colorful%205%20Eyeshadow%20Palette&src=typed&max_position=TWEET-817466794243821568-983271183583010816>
None
2018-04-14 14:47:35 [scrapy] DEBUG: Scraped from <200 https://twitter.com/i/search/timeline?l=en&f=tweets&q=SEPHORA%20COLLECTION%20Colorful%205%20Eyeshadow%20Palette&src=typed&max_position=TWEET-817466794243821568-983271183583010816>
None
2018-04-14 14:47:35 [scrapy] DEBUG: Scraped from <200 https://twitter.com/i/search/timeline?l=en&f=tweets&q=SEPHORA%20COLLECTION%20Colorful%205%20Eyeshadow%20Palette&src=typed&max_position=TWEET-817466794243821568-983271183583010816>
None
2018-04-14 14:47:36 [scrapy] DEBUG: Scraped from <200 https://twitter.com/i/search/timeline?l=en&f=tweets&q=SEPHORA%20COLLECTION%20Colorful%205%20Eyeshadow%20Palette&src=typed&max_position=TWEET-817466794243821568-983271183583010816>
None
2018-04-14 14:47:36 [scrapy] DEBUG: Scraped from <200 https://twitter.com/i/search/timeline?l=en&f=tweets&q=SEPHORA%20COLLECTION%20Colorful%205%20Eyeshadow%20Palette&src=typed&max_position=TWEET-817466794243821568-983271183583010816>
None
2018-04-14 14:47:36 [scrapy] DEBUG: Scraped from <200 https://twitter.com/i/search/timeline?l=en&f=tweets&q=SEPHORA%20COLLECTION%20Colorful%205%20Eyeshadow%20Palette&src=typed&max_position=TWEET-817466794243821568-983271183583010816>
None
2018-04-14 14:47:36 [scrapy] DEBUG: Scraped from <200 https://twitter.com/i/search/timeline?l=en&f=tweets&q=SEPHORA%20COLLECTION%20Colorful%205%20Eyeshadow%20Palette&src=typed&max_position=TWEET-817466794243821568-983271183583010816>
None
2018-04-14 14:47:36 [scrapy] DEBUG: Scraped from <200 https://twitter.com/i/search/timeline?l=en&f=tweets&q=SEPHORA%20COLLECTION%20Colorful%205%20Eyeshadow%20Palette&src=typed&max_position=TWEET-817466794243821568-983271183583010816>
None
2018-04-14 14:47:36 [scrapy] DEBUG: Scraped from <200 https://twitter.com/i/search/timeline?l=en&f=tweets&q=SEPHORA%20COLLECTION%20Colorful%205%20Eyeshadow%20Palette&src=typed&max_position=TWEET-817466794243821568-983271183583010816>
None
2018-04-14 14:47:36 [scrapy] DEBUG: Scraped from <200 https://twitter.com/i/search/timeline?l=en&f=tweets&q=SEPHORA%20COLLECTION%20Colorful%205%20Eyeshadow%20Palette&src=typed&max_position=TWEET-817466794243821568-983271183583010816>
None
2018-04-14 14:47:36 [scrapy] DEBUG: Scraped from <200 https://twitter.com/i/search/timeline?l=en&f=tweets&q=SEPHORA%20COLLECTION%20Colorful%205%20Eyeshadow%20Palette&src=typed&max_position=TWEET-817466794243821568-983271183583010816>
None
2018-04-14 14:47:36 [scrapy] DEBUG: Scraped from <200 https://twitter.com/i/search/timeline?l=en&f=tweets&q=SEPHORA%20COLLECTION%20Colorful%205%20Eyeshadow%20Palette&src=typed&max_position=TWEET-817466794243821568-983271183583010816>
None
2018-04-14 14:47:37 [scrapy] DEBUG: Crawled (200) <GET https://twitter.com/i/search/timeline?l=en&f=tweets&q=SEPHORA%20COLLECTION%20Colorful%205%20Eyeshadow%20Palette&src=typed&max_position=TWEET-639905842456887297-983271183583010816> (referer: https://twitter.com/i/search/timeline?l=en&f=tweets&q=SEPHORA%20COLLECTION%20Colorful%205%20Eyeshadow%20Palette&src=typed&max_position=TWEET-817466794243821568-983271183583010816)
2018-04-14 14:47:37 [scrapy] DEBUG: Scraped from <200 https://twitter.com/i/search/timeline?l=en&f=tweets&q=SEPHORA%20COLLECTION%20Colorful%205%20Eyeshadow%20Palette&src=typed&max_position=TWEET-639905842456887297-983271183583010816>
None
2018-04-14 14:47:37 [scrapy] DEBUG: Scraped from <200 https://twitter.com/i/search/timeline?l=en&f=tweets&q=SEPHORA%20COLLECTION%20Colorful%205%20Eyeshadow%20Palette&src=typed&max_position=TWEET-639905842456887297-983271183583010816>
None
2018-04-14 14:47:37 [scrapy] DEBUG: Scraped from <200 https://twitter.com/i/search/timeline?l=en&f=tweets&q=SEPHORA%20COLLECTION%20Colorful%205%20Eyeshadow%20Palette&src=typed&max_position=TWEET-639905842456887297-983271183583010816>
None
2018-04-14 14:47:37 [scrapy] DEBUG: Scraped from <200 https://twitter.com/i/search/timeline?l=en&f=tweets&q=SEPHORA%20COLLECTION%20Colorful%205%20Eyeshadow%20Palette&src=typed&max_position=TWEET-639905842456887297-983271183583010816>
None
2018-04-14 14:47:37 [scrapy] DEBUG: Scraped from <200 https://twitter.com/i/search/timeline?l=en&f=tweets&q=SEPHORA%20COLLECTION%20Colorful%205%20Eyeshadow%20Palette&src=typed&max_position=TWEET-639905842456887297-983271183583010816>
None
2018-04-14 14:47:37 [scrapy] DEBUG: Scraped from <200 https://twitter.com/i/search/timeline?l=en&f=tweets&q=SEPHORA%20COLLECTION%20Colorful%205%20Eyeshadow%20Palette&src=typed&max_position=TWEET-639905842456887297-983271183583010816>
None
2018-04-14 14:47:37 [scrapy] DEBUG: Scraped from <200 https://twitter.com/i/search/timeline?l=en&f=tweets&q=SEPHORA%20COLLECTION%20Colorful%205%20Eyeshadow%20Palette&src=typed&max_position=TWEET-639905842456887297-983271183583010816>
None
2018-04-14 14:47:37 [scrapy] DEBUG: Scraped from <200 https://twitter.com/i/search/timeline?l=en&f=tweets&q=SEPHORA%20COLLECTION%20Colorful%205%20Eyeshadow%20Palette&src=typed&max_position=TWEET-639905842456887297-983271183583010816>
None
2018-04-14 14:47:37 [scrapy] DEBUG: Scraped from <200 https://twitter.com/i/search/timeline?l=en&f=tweets&q=SEPHORA%20COLLECTION%20Colorful%205%20Eyeshadow%20Palette&src=typed&max_position=TWEET-639905842456887297-983271183583010816>
None
2018-04-14 14:47:37 [scrapy] DEBUG: Scraped from <200 https://twitter.com/i/search/timeline?l=en&f=tweets&q=SEPHORA%20COLLECTION%20Colorful%205%20Eyeshadow%20Palette&src=typed&max_position=TWEET-639905842456887297-983271183583010816>
None
2018-04-14 14:47:37 [scrapy] DEBUG: Scraped from <200 https://twitter.com/i/search/timeline?l=en&f=tweets&q=SEPHORA%20COLLECTION%20Colorful%205%20Eyeshadow%20Palette&src=typed&max_position=TWEET-639905842456887297-983271183583010816>
None
2018-04-14 14:47:37 [scrapy] DEBUG: Scraped from <200 https://twitter.com/i/search/timeline?l=en&f=tweets&q=SEPHORA%20COLLECTION%20Colorful%205%20Eyeshadow%20Palette&src=typed&max_position=TWEET-639905842456887297-983271183583010816>
None
2018-04-14 14:47:37 [scrapy] DEBUG: Scraped from <200 https://twitter.com/i/search/timeline?l=en&f=tweets&q=SEPHORA%20COLLECTION%20Colorful%205%20Eyeshadow%20Palette&src=typed&max_position=TWEET-639905842456887297-983271183583010816>
None
2018-04-14 14:47:38 [scrapy] DEBUG: Scraped from <200 https://twitter.com/i/search/timeline?l=en&f=tweets&q=SEPHORA%20COLLECTION%20Colorful%205%20Eyeshadow%20Palette&src=typed&max_position=TWEET-639905842456887297-983271183583010816>
None
2018-04-14 14:47:38 [scrapy] DEBUG: Scraped from <200 https://twitter.com/i/search/timeline?l=en&f=tweets&q=SEPHORA%20COLLECTION%20Colorful%205%20Eyeshadow%20Palette&src=typed&max_position=TWEET-639905842456887297-983271183583010816>
None
2018-04-14 14:47:38 [scrapy] DEBUG: Scraped from <200 https://twitter.com/i/search/timeline?l=en&f=tweets&q=SEPHORA%20COLLECTION%20Colorful%205%20Eyeshadow%20Palette&src=typed&max_position=TWEET-639905842456887297-983271183583010816>
None
2018-04-14 14:47:38 [scrapy] DEBUG: Scraped from <200 https://twitter.com/i/search/timeline?l=en&f=tweets&q=SEPHORA%20COLLECTION%20Colorful%205%20Eyeshadow%20Palette&src=typed&max_position=TWEET-639905842456887297-983271183583010816>
None
2018-04-14 14:47:38 [scrapy] DEBUG: Scraped from <200 https://twitter.com/i/search/timeline?l=en&f=tweets&q=SEPHORA%20COLLECTION%20Colorful%205%20Eyeshadow%20Palette&src=typed&max_position=TWEET-639905842456887297-983271183583010816>
None
2018-04-14 14:47:38 [scrapy] DEBUG: Scraped from <200 https://twitter.com/i/search/timeline?l=en&f=tweets&q=SEPHORA%20COLLECTION%20Colorful%205%20Eyeshadow%20Palette&src=typed&max_position=TWEET-639905842456887297-983271183583010816>
None
2018-04-14 14:47:38 [scrapy] DEBUG: Scraped from <200 https://twitter.com/i/search/timeline?l=en&f=tweets&q=SEPHORA%20COLLECTION%20Colorful%205%20Eyeshadow%20Palette&src=typed&max_position=TWEET-639905842456887297-983271183583010816>
None
2018-04-14 14:47:38 [scrapy] DEBUG: Crawled (200) <GET https://twitter.com/i/search/timeline?l=en&f=tweets&q=SEPHORA%20COLLECTION%20Colorful%205%20Eyeshadow%20Palette&src=typed&max_position=TWEET-638395866664042496-983271183583010816> (referer: https://twitter.com/i/search/timeline?l=en&f=tweets&q=SEPHORA%20COLLECTION%20Colorful%205%20Eyeshadow%20Palette&src=typed&max_position=TWEET-639905842456887297-983271183583010816)
2018-04-14 14:47:39 [scrapy] DEBUG: Scraped from <200 https://twitter.com/i/search/timeline?l=en&f=tweets&q=SEPHORA%20COLLECTION%20Colorful%205%20Eyeshadow%20Palette&src=typed&max_position=TWEET-638395866664042496-983271183583010816>
None
2018-04-14 14:47:39 [scrapy] DEBUG: Scraped from <200 https://twitter.com/i/search/timeline?l=en&f=tweets&q=SEPHORA%20COLLECTION%20Colorful%205%20Eyeshadow%20Palette&src=typed&max_position=TWEET-638395866664042496-983271183583010816>
None
2018-04-14 14:47:39 [scrapy] DEBUG: Scraped from <200 https://twitter.com/i/search/timeline?l=en&f=tweets&q=SEPHORA%20COLLECTION%20Colorful%205%20Eyeshadow%20Palette&src=typed&max_position=TWEET-638395866664042496-983271183583010816>
None
2018-04-14 14:47:39 [scrapy] DEBUG: Scraped from <200 https://twitter.com/i/search/timeline?l=en&f=tweets&q=SEPHORA%20COLLECTION%20Colorful%205%20Eyeshadow%20Palette&src=typed&max_position=TWEET-638395866664042496-983271183583010816>
None
2018-04-14 14:47:39 [scrapy] DEBUG: Scraped from <200 https://twitter.com/i/search/timeline?l=en&f=tweets&q=SEPHORA%20COLLECTION%20Colorful%205%20Eyeshadow%20Palette&src=typed&max_position=TWEET-638395866664042496-983271183583010816>
None
2018-04-14 14:47:39 [scrapy] DEBUG: Scraped from <200 https://twitter.com/i/search/timeline?l=en&f=tweets&q=SEPHORA%20COLLECTION%20Colorful%205%20Eyeshadow%20Palette&src=typed&max_position=TWEET-638395866664042496-983271183583010816>
None
2018-04-14 14:47:39 [scrapy] DEBUG: Scraped from <200 https://twitter.com/i/search/timeline?l=en&f=tweets&q=SEPHORA%20COLLECTION%20Colorful%205%20Eyeshadow%20Palette&src=typed&max_position=TWEET-638395866664042496-983271183583010816>
None
2018-04-14 14:47:39 [scrapy] DEBUG: Scraped from <200 https://twitter.com/i/search/timeline?l=en&f=tweets&q=SEPHORA%20COLLECTION%20Colorful%205%20Eyeshadow%20Palette&src=typed&max_position=TWEET-638395866664042496-983271183583010816>
None
2018-04-14 14:47:39 [scrapy] DEBUG: Scraped from <200 https://twitter.com/i/search/timeline?l=en&f=tweets&q=SEPHORA%20COLLECTION%20Colorful%205%20Eyeshadow%20Palette&src=typed&max_position=TWEET-638395866664042496-983271183583010816>
None
2018-04-14 14:47:39 [scrapy] DEBUG: Scraped from <200 https://twitter.com/i/search/timeline?l=en&f=tweets&q=SEPHORA%20COLLECTION%20Colorful%205%20Eyeshadow%20Palette&src=typed&max_position=TWEET-638395866664042496-983271183583010816>
None
2018-04-14 14:47:39 [scrapy] DEBUG: Scraped from <200 https://twitter.com/i/search/timeline?l=en&f=tweets&q=SEPHORA%20COLLECTION%20Colorful%205%20Eyeshadow%20Palette&src=typed&max_position=TWEET-638395866664042496-983271183583010816>
None
2018-04-14 14:47:39 [scrapy] DEBUG: Scraped from <200 https://twitter.com/i/search/timeline?l=en&f=tweets&q=SEPHORA%20COLLECTION%20Colorful%205%20Eyeshadow%20Palette&src=typed&max_position=TWEET-638395866664042496-983271183583010816>
None
2018-04-14 14:47:39 [scrapy] DEBUG: Scraped from <200 https://twitter.com/i/search/timeline?l=en&f=tweets&q=SEPHORA%20COLLECTION%20Colorful%205%20Eyeshadow%20Palette&src=typed&max_position=TWEET-638395866664042496-983271183583010816>
None
2018-04-14 14:47:39 [scrapy] DEBUG: Scraped from <200 https://twitter.com/i/search/timeline?l=en&f=tweets&q=SEPHORA%20COLLECTION%20Colorful%205%20Eyeshadow%20Palette&src=typed&max_position=TWEET-638395866664042496-983271183583010816>
None
2018-04-14 14:47:39 [scrapy] DEBUG: Scraped from <200 https://twitter.com/i/search/timeline?l=en&f=tweets&q=SEPHORA%20COLLECTION%20Colorful%205%20Eyeshadow%20Palette&src=typed&max_position=TWEET-638395866664042496-983271183583010816>
None
2018-04-14 14:47:39 [scrapy] DEBUG: Scraped from <200 https://twitter.com/i/search/timeline?l=en&f=tweets&q=SEPHORA%20COLLECTION%20Colorful%205%20Eyeshadow%20Palette&src=typed&max_position=TWEET-638395866664042496-983271183583010816>
None
2018-04-14 14:47:39 [scrapy] DEBUG: Scraped from <200 https://twitter.com/i/search/timeline?l=en&f=tweets&q=SEPHORA%20COLLECTION%20Colorful%205%20Eyeshadow%20Palette&src=typed&max_position=TWEET-638395866664042496-983271183583010816>
None
2018-04-14 14:47:40 [scrapy] DEBUG: Scraped from <200 https://twitter.com/i/search/timeline?l=en&f=tweets&q=SEPHORA%20COLLECTION%20Colorful%205%20Eyeshadow%20Palette&src=typed&max_position=TWEET-638395866664042496-983271183583010816>
None
2018-04-14 14:47:40 [scrapy] DEBUG: Scraped from <200 https://twitter.com/i/search/timeline?l=en&f=tweets&q=SEPHORA%20COLLECTION%20Colorful%205%20Eyeshadow%20Palette&src=typed&max_position=TWEET-638395866664042496-983271183583010816>
None
2018-04-14 14:47:40 [scrapy] DEBUG: Scraped from <200 https://twitter.com/i/search/timeline?l=en&f=tweets&q=SEPHORA%20COLLECTION%20Colorful%205%20Eyeshadow%20Palette&src=typed&max_position=TWEET-638395866664042496-983271183583010816>
None
2018-04-14 14:47:41 [scrapy] DEBUG: Crawled (200) <GET https://twitter.com/i/search/timeline?l=en&f=tweets&q=SEPHORA%20COLLECTION%20Colorful%205%20Eyeshadow%20Palette&src=typed&max_position=TWEET-632507064535908352-983271183583010816> (referer: https://twitter.com/i/search/timeline?l=en&f=tweets&q=SEPHORA%20COLLECTION%20Colorful%205%20Eyeshadow%20Palette&src=typed&max_position=TWEET-638395866664042496-983271183583010816)
2018-04-14 14:47:42 [scrapy] DEBUG: Scraped from <200 https://twitter.com/i/search/timeline?l=en&f=tweets&q=SEPHORA%20COLLECTION%20Colorful%205%20Eyeshadow%20Palette&src=typed&max_position=TWEET-632507064535908352-983271183583010816>
None
2018-04-14 14:47:42 [scrapy] DEBUG: Scraped from <200 https://twitter.com/i/search/timeline?l=en&f=tweets&q=SEPHORA%20COLLECTION%20Colorful%205%20Eyeshadow%20Palette&src=typed&max_position=TWEET-632507064535908352-983271183583010816>
None
2018-04-14 14:47:42 [scrapy] DEBUG: Scraped from <200 https://twitter.com/i/search/timeline?l=en&f=tweets&q=SEPHORA%20COLLECTION%20Colorful%205%20Eyeshadow%20Palette&src=typed&max_position=TWEET-632507064535908352-983271183583010816>
None
2018-04-14 14:47:42 [scrapy] DEBUG: Scraped from <200 https://twitter.com/i/search/timeline?l=en&f=tweets&q=SEPHORA%20COLLECTION%20Colorful%205%20Eyeshadow%20Palette&src=typed&max_position=TWEET-632507064535908352-983271183583010816>
None
2018-04-14 14:47:42 [scrapy] DEBUG: Scraped from <200 https://twitter.com/i/search/timeline?l=en&f=tweets&q=SEPHORA%20COLLECTION%20Colorful%205%20Eyeshadow%20Palette&src=typed&max_position=TWEET-632507064535908352-983271183583010816>
None
2018-04-14 14:47:42 [scrapy] DEBUG: Scraped from <200 https://twitter.com/i/search/timeline?l=en&f=tweets&q=SEPHORA%20COLLECTION%20Colorful%205%20Eyeshadow%20Palette&src=typed&max_position=TWEET-632507064535908352-983271183583010816>
None
2018-04-14 14:47:42 [scrapy] DEBUG: Scraped from <200 https://twitter.com/i/search/timeline?l=en&f=tweets&q=SEPHORA%20COLLECTION%20Colorful%205%20Eyeshadow%20Palette&src=typed&max_position=TWEET-632507064535908352-983271183583010816>
None
2018-04-14 14:47:42 [scrapy] DEBUG: Scraped from <200 https://twitter.com/i/search/timeline?l=en&f=tweets&q=SEPHORA%20COLLECTION%20Colorful%205%20Eyeshadow%20Palette&src=typed&max_position=TWEET-632507064535908352-983271183583010816>
None
2018-04-14 14:47:42 [scrapy] DEBUG: Scraped from <200 https://twitter.com/i/search/timeline?l=en&f=tweets&q=SEPHORA%20COLLECTION%20Colorful%205%20Eyeshadow%20Palette&src=typed&max_position=TWEET-632507064535908352-983271183583010816>
None
2018-04-14 14:47:42 [scrapy] DEBUG: Scraped from <200 https://twitter.com/i/search/timeline?l=en&f=tweets&q=SEPHORA%20COLLECTION%20Colorful%205%20Eyeshadow%20Palette&src=typed&max_position=TWEET-632507064535908352-983271183583010816>
None
2018-04-14 14:47:42 [scrapy] DEBUG: Scraped from <200 https://twitter.com/i/search/timeline?l=en&f=tweets&q=SEPHORA%20COLLECTION%20Colorful%205%20Eyeshadow%20Palette&src=typed&max_position=TWEET-632507064535908352-983271183583010816>
None
2018-04-14 14:47:42 [scrapy] DEBUG: Scraped from <200 https://twitter.com/i/search/timeline?l=en&f=tweets&q=SEPHORA%20COLLECTION%20Colorful%205%20Eyeshadow%20Palette&src=typed&max_position=TWEET-632507064535908352-983271183583010816>
None
2018-04-14 14:47:42 [scrapy] DEBUG: Scraped from <200 https://twitter.com/i/search/timeline?l=en&f=tweets&q=SEPHORA%20COLLECTION%20Colorful%205%20Eyeshadow%20Palette&src=typed&max_position=TWEET-632507064535908352-983271183583010816>
None
2018-04-14 14:47:42 [scrapy] DEBUG: Scraped from <200 https://twitter.com/i/search/timeline?l=en&f=tweets&q=SEPHORA%20COLLECTION%20Colorful%205%20Eyeshadow%20Palette&src=typed&max_position=TWEET-632507064535908352-983271183583010816>
None
2018-04-14 14:47:42 [scrapy] DEBUG: Scraped from <200 https://twitter.com/i/search/timeline?l=en&f=tweets&q=SEPHORA%20COLLECTION%20Colorful%205%20Eyeshadow%20Palette&src=typed&max_position=TWEET-632507064535908352-983271183583010816>
None
2018-04-14 14:47:42 [scrapy] DEBUG: Scraped from <200 https://twitter.com/i/search/timeline?l=en&f=tweets&q=SEPHORA%20COLLECTION%20Colorful%205%20Eyeshadow%20Palette&src=typed&max_position=TWEET-632507064535908352-983271183583010816>
None
2018-04-14 14:47:42 [scrapy] DEBUG: Scraped from <200 https://twitter.com/i/search/timeline?l=en&f=tweets&q=SEPHORA%20COLLECTION%20Colorful%205%20Eyeshadow%20Palette&src=typed&max_position=TWEET-632507064535908352-983271183583010816>
None
2018-04-14 14:47:42 [scrapy] DEBUG: Scraped from <200 https://twitter.com/i/search/timeline?l=en&f=tweets&q=SEPHORA%20COLLECTION%20Colorful%205%20Eyeshadow%20Palette&src=typed&max_position=TWEET-632507064535908352-983271183583010816>
None
2018-04-14 14:47:43 [scrapy] DEBUG: Scraped from <200 https://twitter.com/i/search/timeline?l=en&f=tweets&q=SEPHORA%20COLLECTION%20Colorful%205%20Eyeshadow%20Palette&src=typed&max_position=TWEET-632507064535908352-983271183583010816>
None
2018-04-14 14:47:43 [scrapy] DEBUG: Scraped from <200 https://twitter.com/i/search/timeline?l=en&f=tweets&q=SEPHORA%20COLLECTION%20Colorful%205%20Eyeshadow%20Palette&src=typed&max_position=TWEET-632507064535908352-983271183583010816>
None
2018-04-14 14:47:43 [scrapy] DEBUG: Crawled (200) <GET https://twitter.com/i/search/timeline?l=en&f=tweets&q=SEPHORA%20COLLECTION%20Colorful%205%20Eyeshadow%20Palette&src=typed&max_position=TWEET-630997112629669888-983271183583010816> (referer: https://twitter.com/i/search/timeline?l=en&f=tweets&q=SEPHORA%20COLLECTION%20Colorful%205%20Eyeshadow%20Palette&src=typed&max_position=TWEET-632507064535908352-983271183583010816)
2018-04-14 14:47:43 [scrapy] DEBUG: Scraped from <200 https://twitter.com/i/search/timeline?l=en&f=tweets&q=SEPHORA%20COLLECTION%20Colorful%205%20Eyeshadow%20Palette&src=typed&max_position=TWEET-630997112629669888-983271183583010816>
None
2018-04-14 14:47:44 [scrapy] DEBUG: Scraped from <200 https://twitter.com/i/search/timeline?l=en&f=tweets&q=SEPHORA%20COLLECTION%20Colorful%205%20Eyeshadow%20Palette&src=typed&max_position=TWEET-630997112629669888-983271183583010816>
None
2018-04-14 14:47:44 [scrapy] DEBUG: Scraped from <200 https://twitter.com/i/search/timeline?l=en&f=tweets&q=SEPHORA%20COLLECTION%20Colorful%205%20Eyeshadow%20Palette&src=typed&max_position=TWEET-630997112629669888-983271183583010816>
None
2018-04-14 14:47:44 [scrapy] DEBUG: Scraped from <200 https://twitter.com/i/search/timeline?l=en&f=tweets&q=SEPHORA%20COLLECTION%20Colorful%205%20Eyeshadow%20Palette&src=typed&max_position=TWEET-630997112629669888-983271183583010816>
None
2018-04-14 14:47:44 [scrapy] DEBUG: Scraped from <200 https://twitter.com/i/search/timeline?l=en&f=tweets&q=SEPHORA%20COLLECTION%20Colorful%205%20Eyeshadow%20Palette&src=typed&max_position=TWEET-630997112629669888-983271183583010816>
None
2018-04-14 14:47:44 [scrapy] DEBUG: Scraped from <200 https://twitter.com/i/search/timeline?l=en&f=tweets&q=SEPHORA%20COLLECTION%20Colorful%205%20Eyeshadow%20Palette&src=typed&max_position=TWEET-630997112629669888-983271183583010816>
None
2018-04-14 14:47:44 [scrapy] DEBUG: Scraped from <200 https://twitter.com/i/search/timeline?l=en&f=tweets&q=SEPHORA%20COLLECTION%20Colorful%205%20Eyeshadow%20Palette&src=typed&max_position=TWEET-630997112629669888-983271183583010816>
None
2018-04-14 14:47:44 [scrapy] DEBUG: Scraped from <200 https://twitter.com/i/search/timeline?l=en&f=tweets&q=SEPHORA%20COLLECTION%20Colorful%205%20Eyeshadow%20Palette&src=typed&max_position=TWEET-630997112629669888-983271183583010816>
None
2018-04-14 14:47:44 [scrapy] DEBUG: Scraped from <200 https://twitter.com/i/search/timeline?l=en&f=tweets&q=SEPHORA%20COLLECTION%20Colorful%205%20Eyeshadow%20Palette&src=typed&max_position=TWEET-630997112629669888-983271183583010816>
None
2018-04-14 14:47:44 [scrapy] DEBUG: Scraped from <200 https://twitter.com/i/search/timeline?l=en&f=tweets&q=SEPHORA%20COLLECTION%20Colorful%205%20Eyeshadow%20Palette&src=typed&max_position=TWEET-630997112629669888-983271183583010816>
None
2018-04-14 14:47:44 [scrapy] DEBUG: Scraped from <200 https://twitter.com/i/search/timeline?l=en&f=tweets&q=SEPHORA%20COLLECTION%20Colorful%205%20Eyeshadow%20Palette&src=typed&max_position=TWEET-630997112629669888-983271183583010816>
None
2018-04-14 14:47:44 [scrapy] DEBUG: Scraped from <200 https://twitter.com/i/search/timeline?l=en&f=tweets&q=SEPHORA%20COLLECTION%20Colorful%205%20Eyeshadow%20Palette&src=typed&max_position=TWEET-630997112629669888-983271183583010816>
None
2018-04-14 14:47:44 [scrapy] DEBUG: Scraped from <200 https://twitter.com/i/search/timeline?l=en&f=tweets&q=SEPHORA%20COLLECTION%20Colorful%205%20Eyeshadow%20Palette&src=typed&max_position=TWEET-630997112629669888-983271183583010816>
None
2018-04-14 14:47:44 [scrapy] DEBUG: Scraped from <200 https://twitter.com/i/search/timeline?l=en&f=tweets&q=SEPHORA%20COLLECTION%20Colorful%205%20Eyeshadow%20Palette&src=typed&max_position=TWEET-630997112629669888-983271183583010816>
None
2018-04-14 14:47:44 [scrapy] DEBUG: Scraped from <200 https://twitter.com/i/search/timeline?l=en&f=tweets&q=SEPHORA%20COLLECTION%20Colorful%205%20Eyeshadow%20Palette&src=typed&max_position=TWEET-630997112629669888-983271183583010816>
None
2018-04-14 14:47:44 [scrapy] DEBUG: Scraped from <200 https://twitter.com/i/search/timeline?l=en&f=tweets&q=SEPHORA%20COLLECTION%20Colorful%205%20Eyeshadow%20Palette&src=typed&max_position=TWEET-630997112629669888-983271183583010816>
None
2018-04-14 14:47:44 [scrapy] DEBUG: Scraped from <200 https://twitter.com/i/search/timeline?l=en&f=tweets&q=SEPHORA%20COLLECTION%20Colorful%205%20Eyeshadow%20Palette&src=typed&max_position=TWEET-630997112629669888-983271183583010816>
None
2018-04-14 14:47:44 [scrapy] DEBUG: Scraped from <200 https://twitter.com/i/search/timeline?l=en&f=tweets&q=SEPHORA%20COLLECTION%20Colorful%205%20Eyeshadow%20Palette&src=typed&max_position=TWEET-630997112629669888-983271183583010816>
None
2018-04-14 14:47:44 [scrapy] DEBUG: Scraped from <200 https://twitter.com/i/search/timeline?l=en&f=tweets&q=SEPHORA%20COLLECTION%20Colorful%205%20Eyeshadow%20Palette&src=typed&max_position=TWEET-630997112629669888-983271183583010816>
None
2018-04-14 14:47:44 [scrapy] DEBUG: Scraped from <200 https://twitter.com/i/search/timeline?l=en&f=tweets&q=SEPHORA%20COLLECTION%20Colorful%205%20Eyeshadow%20Palette&src=typed&max_position=TWEET-630997112629669888-983271183583010816>
None
2018-04-14 14:47:45 [scrapy] DEBUG: Crawled (200) <GET https://twitter.com/i/search/timeline?l=en&f=tweets&q=SEPHORA%20COLLECTION%20Colorful%205%20Eyeshadow%20Palette&src=typed&max_position=TWEET-629487180721881088-983271183583010816> (referer: https://twitter.com/i/search/timeline?l=en&f=tweets&q=SEPHORA%20COLLECTION%20Colorful%205%20Eyeshadow%20Palette&src=typed&max_position=TWEET-630997112629669888-983271183583010816)
2018-04-14 14:47:45 [scrapy] DEBUG: Scraped from <200 https://twitter.com/i/search/timeline?l=en&f=tweets&q=SEPHORA%20COLLECTION%20Colorful%205%20Eyeshadow%20Palette&src=typed&max_position=TWEET-629487180721881088-983271183583010816>
None
2018-04-14 14:47:45 [scrapy] DEBUG: Scraped from <200 https://twitter.com/i/search/timeline?l=en&f=tweets&q=SEPHORA%20COLLECTION%20Colorful%205%20Eyeshadow%20Palette&src=typed&max_position=TWEET-629487180721881088-983271183583010816>
None
2018-04-14 14:47:45 [scrapy] DEBUG: Scraped from <200 https://twitter.com/i/search/timeline?l=en&f=tweets&q=SEPHORA%20COLLECTION%20Colorful%205%20Eyeshadow%20Palette&src=typed&max_position=TWEET-629487180721881088-983271183583010816>
None
2018-04-14 14:47:45 [scrapy] DEBUG: Scraped from <200 https://twitter.com/i/search/timeline?l=en&f=tweets&q=SEPHORA%20COLLECTION%20Colorful%205%20Eyeshadow%20Palette&src=typed&max_position=TWEET-629487180721881088-983271183583010816>
None
2018-04-14 14:47:45 [scrapy] DEBUG: Scraped from <200 https://twitter.com/i/search/timeline?l=en&f=tweets&q=SEPHORA%20COLLECTION%20Colorful%205%20Eyeshadow%20Palette&src=typed&max_position=TWEET-629487180721881088-983271183583010816>
None
2018-04-14 14:47:45 [scrapy] DEBUG: Scraped from <200 https://twitter.com/i/search/timeline?l=en&f=tweets&q=SEPHORA%20COLLECTION%20Colorful%205%20Eyeshadow%20Palette&src=typed&max_position=TWEET-629487180721881088-983271183583010816>
None
2018-04-14 14:47:46 [scrapy] DEBUG: Scraped from <200 https://twitter.com/i/search/timeline?l=en&f=tweets&q=SEPHORA%20COLLECTION%20Colorful%205%20Eyeshadow%20Palette&src=typed&max_position=TWEET-629487180721881088-983271183583010816>
None
2018-04-14 14:47:46 [scrapy] DEBUG: Scraped from <200 https://twitter.com/i/search/timeline?l=en&f=tweets&q=SEPHORA%20COLLECTION%20Colorful%205%20Eyeshadow%20Palette&src=typed&max_position=TWEET-629487180721881088-983271183583010816>
None
2018-04-14 14:47:46 [scrapy] DEBUG: Scraped from <200 https://twitter.com/i/search/timeline?l=en&f=tweets&q=SEPHORA%20COLLECTION%20Colorful%205%20Eyeshadow%20Palette&src=typed&max_position=TWEET-629487180721881088-983271183583010816>
None
2018-04-14 14:47:46 [scrapy] DEBUG: Scraped from <200 https://twitter.com/i/search/timeline?l=en&f=tweets&q=SEPHORA%20COLLECTION%20Colorful%205%20Eyeshadow%20Palette&src=typed&max_position=TWEET-629487180721881088-983271183583010816>
None
2018-04-14 14:47:46 [scrapy] DEBUG: Scraped from <200 https://twitter.com/i/search/timeline?l=en&f=tweets&q=SEPHORA%20COLLECTION%20Colorful%205%20Eyeshadow%20Palette&src=typed&max_position=TWEET-629487180721881088-983271183583010816>
None
2018-04-14 14:47:46 [scrapy] DEBUG: Scraped from <200 https://twitter.com/i/search/timeline?l=en&f=tweets&q=SEPHORA%20COLLECTION%20Colorful%205%20Eyeshadow%20Palette&src=typed&max_position=TWEET-629487180721881088-983271183583010816>
None
2018-04-14 14:47:46 [scrapy] DEBUG: Scraped from <200 https://twitter.com/i/search/timeline?l=en&f=tweets&q=SEPHORA%20COLLECTION%20Colorful%205%20Eyeshadow%20Palette&src=typed&max_position=TWEET-629487180721881088-983271183583010816>
None
2018-04-14 14:47:46 [scrapy] DEBUG: Scraped from <200 https://twitter.com/i/search/timeline?l=en&f=tweets&q=SEPHORA%20COLLECTION%20Colorful%205%20Eyeshadow%20Palette&src=typed&max_position=TWEET-629487180721881088-983271183583010816>
None
2018-04-14 14:47:46 [scrapy] DEBUG: Scraped from <200 https://twitter.com/i/search/timeline?l=en&f=tweets&q=SEPHORA%20COLLECTION%20Colorful%205%20Eyeshadow%20Palette&src=typed&max_position=TWEET-629487180721881088-983271183583010816>
None
2018-04-14 14:47:46 [scrapy] DEBUG: Scraped from <200 https://twitter.com/i/search/timeline?l=en&f=tweets&q=SEPHORA%20COLLECTION%20Colorful%205%20Eyeshadow%20Palette&src=typed&max_position=TWEET-629487180721881088-983271183583010816>
None
2018-04-14 14:47:46 [scrapy] DEBUG: Scraped from <200 https://twitter.com/i/search/timeline?l=en&f=tweets&q=SEPHORA%20COLLECTION%20Colorful%205%20Eyeshadow%20Palette&src=typed&max_position=TWEET-629487180721881088-983271183583010816>
None
2018-04-14 14:47:46 [scrapy] DEBUG: Scraped from <200 https://twitter.com/i/search/timeline?l=en&f=tweets&q=SEPHORA%20COLLECTION%20Colorful%205%20Eyeshadow%20Palette&src=typed&max_position=TWEET-629487180721881088-983271183583010816>
None
2018-04-14 14:47:46 [scrapy] DEBUG: Scraped from <200 https://twitter.com/i/search/timeline?l=en&f=tweets&q=SEPHORA%20COLLECTION%20Colorful%205%20Eyeshadow%20Palette&src=typed&max_position=TWEET-629487180721881088-983271183583010816>
None
2018-04-14 14:47:46 [scrapy] DEBUG: Scraped from <200 https://twitter.com/i/search/timeline?l=en&f=tweets&q=SEPHORA%20COLLECTION%20Colorful%205%20Eyeshadow%20Palette&src=typed&max_position=TWEET-629487180721881088-983271183583010816>
None
2018-04-14 14:47:47 [scrapy] DEBUG: Crawled (200) <GET https://twitter.com/i/search/timeline?l=en&f=tweets&q=SEPHORA%20COLLECTION%20Colorful%205%20Eyeshadow%20Palette&src=typed&max_position=TWEET-626165274945806336-983271183583010816> (referer: https://twitter.com/i/search/timeline?l=en&f=tweets&q=SEPHORA%20COLLECTION%20Colorful%205%20Eyeshadow%20Palette&src=typed&max_position=TWEET-629487180721881088-983271183583010816)
2018-04-14 14:47:47 [scrapy] DEBUG: Scraped from <200 https://twitter.com/i/search/timeline?l=en&f=tweets&q=SEPHORA%20COLLECTION%20Colorful%205%20Eyeshadow%20Palette&src=typed&max_position=TWEET-626165274945806336-983271183583010816>
None
2018-04-14 14:47:47 [scrapy] DEBUG: Scraped from <200 https://twitter.com/i/search/timeline?l=en&f=tweets&q=SEPHORA%20COLLECTION%20Colorful%205%20Eyeshadow%20Palette&src=typed&max_position=TWEET-626165274945806336-983271183583010816>
None
2018-04-14 14:47:47 [scrapy] DEBUG: Scraped from <200 https://twitter.com/i/search/timeline?l=en&f=tweets&q=SEPHORA%20COLLECTION%20Colorful%205%20Eyeshadow%20Palette&src=typed&max_position=TWEET-626165274945806336-983271183583010816>
None
2018-04-14 14:47:47 [scrapy] DEBUG: Scraped from <200 https://twitter.com/i/search/timeline?l=en&f=tweets&q=SEPHORA%20COLLECTION%20Colorful%205%20Eyeshadow%20Palette&src=typed&max_position=TWEET-626165274945806336-983271183583010816>
None
2018-04-14 14:47:47 [scrapy] DEBUG: Scraped from <200 https://twitter.com/i/search/timeline?l=en&f=tweets&q=SEPHORA%20COLLECTION%20Colorful%205%20Eyeshadow%20Palette&src=typed&max_position=TWEET-626165274945806336-983271183583010816>
None
2018-04-14 14:47:47 [scrapy] DEBUG: Scraped from <200 https://twitter.com/i/search/timeline?l=en&f=tweets&q=SEPHORA%20COLLECTION%20Colorful%205%20Eyeshadow%20Palette&src=typed&max_position=TWEET-626165274945806336-983271183583010816>
None
2018-04-14 14:47:47 [scrapy] DEBUG: Scraped from <200 https://twitter.com/i/search/timeline?l=en&f=tweets&q=SEPHORA%20COLLECTION%20Colorful%205%20Eyeshadow%20Palette&src=typed&max_position=TWEET-626165274945806336-983271183583010816>
None
2018-04-14 14:47:47 [scrapy] DEBUG: Scraped from <200 https://twitter.com/i/search/timeline?l=en&f=tweets&q=SEPHORA%20COLLECTION%20Colorful%205%20Eyeshadow%20Palette&src=typed&max_position=TWEET-626165274945806336-983271183583010816>
None
2018-04-14 14:47:47 [scrapy] DEBUG: Scraped from <200 https://twitter.com/i/search/timeline?l=en&f=tweets&q=SEPHORA%20COLLECTION%20Colorful%205%20Eyeshadow%20Palette&src=typed&max_position=TWEET-626165274945806336-983271183583010816>
None
2018-04-14 14:47:47 [scrapy] DEBUG: Scraped from <200 https://twitter.com/i/search/timeline?l=en&f=tweets&q=SEPHORA%20COLLECTION%20Colorful%205%20Eyeshadow%20Palette&src=typed&max_position=TWEET-626165274945806336-983271183583010816>
None
2018-04-14 14:47:47 [scrapy] DEBUG: Scraped from <200 https://twitter.com/i/search/timeline?l=en&f=tweets&q=SEPHORA%20COLLECTION%20Colorful%205%20Eyeshadow%20Palette&src=typed&max_position=TWEET-626165274945806336-983271183583010816>
None
2018-04-14 14:47:48 [scrapy] DEBUG: Scraped from <200 https://twitter.com/i/search/timeline?l=en&f=tweets&q=SEPHORA%20COLLECTION%20Colorful%205%20Eyeshadow%20Palette&src=typed&max_position=TWEET-626165274945806336-983271183583010816>
None
2018-04-14 14:47:48 [scrapy] DEBUG: Scraped from <200 https://twitter.com/i/search/timeline?l=en&f=tweets&q=SEPHORA%20COLLECTION%20Colorful%205%20Eyeshadow%20Palette&src=typed&max_position=TWEET-626165274945806336-983271183583010816>
None
2018-04-14 14:47:48 [scrapy] DEBUG: Scraped from <200 https://twitter.com/i/search/timeline?l=en&f=tweets&q=SEPHORA%20COLLECTION%20Colorful%205%20Eyeshadow%20Palette&src=typed&max_position=TWEET-626165274945806336-983271183583010816>
None
2018-04-14 14:47:48 [scrapy] DEBUG: Scraped from <200 https://twitter.com/i/search/timeline?l=en&f=tweets&q=SEPHORA%20COLLECTION%20Colorful%205%20Eyeshadow%20Palette&src=typed&max_position=TWEET-626165274945806336-983271183583010816>
None
2018-04-14 14:47:48 [scrapy] DEBUG: Scraped from <200 https://twitter.com/i/search/timeline?l=en&f=tweets&q=SEPHORA%20COLLECTION%20Colorful%205%20Eyeshadow%20Palette&src=typed&max_position=TWEET-626165274945806336-983271183583010816>
None
2018-04-14 14:47:48 [scrapy] DEBUG: Scraped from <200 https://twitter.com/i/search/timeline?l=en&f=tweets&q=SEPHORA%20COLLECTION%20Colorful%205%20Eyeshadow%20Palette&src=typed&max_position=TWEET-626165274945806336-983271183583010816>
None
2018-04-14 14:47:48 [scrapy] DEBUG: Scraped from <200 https://twitter.com/i/search/timeline?l=en&f=tweets&q=SEPHORA%20COLLECTION%20Colorful%205%20Eyeshadow%20Palette&src=typed&max_position=TWEET-626165274945806336-983271183583010816>
None
2018-04-14 14:47:48 [scrapy] DEBUG: Scraped from <200 https://twitter.com/i/search/timeline?l=en&f=tweets&q=SEPHORA%20COLLECTION%20Colorful%205%20Eyeshadow%20Palette&src=typed&max_position=TWEET-626165274945806336-983271183583010816>
None
2018-04-14 14:47:48 [scrapy] DEBUG: Scraped from <200 https://twitter.com/i/search/timeline?l=en&f=tweets&q=SEPHORA%20COLLECTION%20Colorful%205%20Eyeshadow%20Palette&src=typed&max_position=TWEET-626165274945806336-983271183583010816>
None
2018-04-14 14:47:49 [scrapy] DEBUG: Crawled (200) <GET https://twitter.com/i/search/timeline?l=en&f=tweets&q=SEPHORA%20COLLECTION%20Colorful%205%20Eyeshadow%20Palette&src=typed&max_position=TWEET-624655340777435136-983271183583010816> (referer: https://twitter.com/i/search/timeline?l=en&f=tweets&q=SEPHORA%20COLLECTION%20Colorful%205%20Eyeshadow%20Palette&src=typed&max_position=TWEET-626165274945806336-983271183583010816)
2018-04-14 14:47:49 [scrapy] DEBUG: Scraped from <200 https://twitter.com/i/search/timeline?l=en&f=tweets&q=SEPHORA%20COLLECTION%20Colorful%205%20Eyeshadow%20Palette&src=typed&max_position=TWEET-624655340777435136-983271183583010816>
None
2018-04-14 14:47:49 [scrapy] DEBUG: Scraped from <200 https://twitter.com/i/search/timeline?l=en&f=tweets&q=SEPHORA%20COLLECTION%20Colorful%205%20Eyeshadow%20Palette&src=typed&max_position=TWEET-624655340777435136-983271183583010816>
None
2018-04-14 14:47:49 [scrapy] DEBUG: Scraped from <200 https://twitter.com/i/search/timeline?l=en&f=tweets&q=SEPHORA%20COLLECTION%20Colorful%205%20Eyeshadow%20Palette&src=typed&max_position=TWEET-624655340777435136-983271183583010816>
None
2018-04-14 14:47:49 [scrapy] DEBUG: Scraped from <200 https://twitter.com/i/search/timeline?l=en&f=tweets&q=SEPHORA%20COLLECTION%20Colorful%205%20Eyeshadow%20Palette&src=typed&max_position=TWEET-624655340777435136-983271183583010816>
None
2018-04-14 14:47:49 [scrapy] DEBUG: Scraped from <200 https://twitter.com/i/search/timeline?l=en&f=tweets&q=SEPHORA%20COLLECTION%20Colorful%205%20Eyeshadow%20Palette&src=typed&max_position=TWEET-624655340777435136-983271183583010816>
None
2018-04-14 14:47:49 [scrapy] DEBUG: Scraped from <200 https://twitter.com/i/search/timeline?l=en&f=tweets&q=SEPHORA%20COLLECTION%20Colorful%205%20Eyeshadow%20Palette&src=typed&max_position=TWEET-624655340777435136-983271183583010816>
None
2018-04-14 14:47:49 [scrapy] DEBUG: Scraped from <200 https://twitter.com/i/search/timeline?l=en&f=tweets&q=SEPHORA%20COLLECTION%20Colorful%205%20Eyeshadow%20Palette&src=typed&max_position=TWEET-624655340777435136-983271183583010816>
None
2018-04-14 14:47:49 [scrapy] DEBUG: Scraped from <200 https://twitter.com/i/search/timeline?l=en&f=tweets&q=SEPHORA%20COLLECTION%20Colorful%205%20Eyeshadow%20Palette&src=typed&max_position=TWEET-624655340777435136-983271183583010816>
None
2018-04-14 14:47:49 [scrapy] DEBUG: Scraped from <200 https://twitter.com/i/search/timeline?l=en&f=tweets&q=SEPHORA%20COLLECTION%20Colorful%205%20Eyeshadow%20Palette&src=typed&max_position=TWEET-624655340777435136-983271183583010816>
None
2018-04-14 14:47:49 [scrapy] DEBUG: Scraped from <200 https://twitter.com/i/search/timeline?l=en&f=tweets&q=SEPHORA%20COLLECTION%20Colorful%205%20Eyeshadow%20Palette&src=typed&max_position=TWEET-624655340777435136-983271183583010816>
None
2018-04-14 14:47:49 [scrapy] DEBUG: Scraped from <200 https://twitter.com/i/search/timeline?l=en&f=tweets&q=SEPHORA%20COLLECTION%20Colorful%205%20Eyeshadow%20Palette&src=typed&max_position=TWEET-624655340777435136-983271183583010816>
None
2018-04-14 14:47:49 [scrapy] DEBUG: Scraped from <200 https://twitter.com/i/search/timeline?l=en&f=tweets&q=SEPHORA%20COLLECTION%20Colorful%205%20Eyeshadow%20Palette&src=typed&max_position=TWEET-624655340777435136-983271183583010816>
None
2018-04-14 14:47:49 [scrapy] DEBUG: Scraped from <200 https://twitter.com/i/search/timeline?l=en&f=tweets&q=SEPHORA%20COLLECTION%20Colorful%205%20Eyeshadow%20Palette&src=typed&max_position=TWEET-624655340777435136-983271183583010816>
None
2018-04-14 14:47:49 [scrapy] DEBUG: Scraped from <200 https://twitter.com/i/search/timeline?l=en&f=tweets&q=SEPHORA%20COLLECTION%20Colorful%205%20Eyeshadow%20Palette&src=typed&max_position=TWEET-624655340777435136-983271183583010816>
None
2018-04-14 14:47:50 [scrapy] DEBUG: Scraped from <200 https://twitter.com/i/search/timeline?l=en&f=tweets&q=SEPHORA%20COLLECTION%20Colorful%205%20Eyeshadow%20Palette&src=typed&max_position=TWEET-624655340777435136-983271183583010816>
None
2018-04-14 14:47:50 [scrapy] DEBUG: Scraped from <200 https://twitter.com/i/search/timeline?l=en&f=tweets&q=SEPHORA%20COLLECTION%20Colorful%205%20Eyeshadow%20Palette&src=typed&max_position=TWEET-624655340777435136-983271183583010816>
None
2018-04-14 14:47:50 [scrapy] DEBUG: Scraped from <200 https://twitter.com/i/search/timeline?l=en&f=tweets&q=SEPHORA%20COLLECTION%20Colorful%205%20Eyeshadow%20Palette&src=typed&max_position=TWEET-624655340777435136-983271183583010816>
None
2018-04-14 14:47:50 [scrapy] DEBUG: Scraped from <200 https://twitter.com/i/search/timeline?l=en&f=tweets&q=SEPHORA%20COLLECTION%20Colorful%205%20Eyeshadow%20Palette&src=typed&max_position=TWEET-624655340777435136-983271183583010816>
None
2018-04-14 14:47:50 [scrapy] DEBUG: Scraped from <200 https://twitter.com/i/search/timeline?l=en&f=tweets&q=SEPHORA%20COLLECTION%20Colorful%205%20Eyeshadow%20Palette&src=typed&max_position=TWEET-624655340777435136-983271183583010816>
None
2018-04-14 14:47:50 [scrapy] DEBUG: Scraped from <200 https://twitter.com/i/search/timeline?l=en&f=tweets&q=SEPHORA%20COLLECTION%20Colorful%205%20Eyeshadow%20Palette&src=typed&max_position=TWEET-624655340777435136-983271183583010816>
None
2018-04-14 14:47:50 [scrapy] DEBUG: Crawled (200) <GET https://twitter.com/i/search/timeline?l=en&f=tweets&q=SEPHORA%20COLLECTION%20Colorful%205%20Eyeshadow%20Palette&src=typed&max_position=TWEET-534007574685700096-983271183583010816> (referer: https://twitter.com/i/search/timeline?l=en&f=tweets&q=SEPHORA%20COLLECTION%20Colorful%205%20Eyeshadow%20Palette&src=typed&max_position=TWEET-624655340777435136-983271183583010816)
2018-04-14 14:47:51 [scrapy] DEBUG: Scraped from <200 https://twitter.com/i/search/timeline?l=en&f=tweets&q=SEPHORA%20COLLECTION%20Colorful%205%20Eyeshadow%20Palette&src=typed&max_position=TWEET-534007574685700096-983271183583010816>
None
2018-04-14 14:47:51 [scrapy] DEBUG: Scraped from <200 https://twitter.com/i/search/timeline?l=en&f=tweets&q=SEPHORA%20COLLECTION%20Colorful%205%20Eyeshadow%20Palette&src=typed&max_position=TWEET-534007574685700096-983271183583010816>
None
2018-04-14 14:47:51 [scrapy] DEBUG: Scraped from <200 https://twitter.com/i/search/timeline?l=en&f=tweets&q=SEPHORA%20COLLECTION%20Colorful%205%20Eyeshadow%20Palette&src=typed&max_position=TWEET-534007574685700096-983271183583010816>
None
2018-04-14 14:47:51 [scrapy] DEBUG: Scraped from <200 https://twitter.com/i/search/timeline?l=en&f=tweets&q=SEPHORA%20COLLECTION%20Colorful%205%20Eyeshadow%20Palette&src=typed&max_position=TWEET-534007574685700096-983271183583010816>
None
2018-04-14 14:47:51 [scrapy] DEBUG: Scraped from <200 https://twitter.com/i/search/timeline?l=en&f=tweets&q=SEPHORA%20COLLECTION%20Colorful%205%20Eyeshadow%20Palette&src=typed&max_position=TWEET-534007574685700096-983271183583010816>
None
2018-04-14 14:47:51 [scrapy] DEBUG: Scraped from <200 https://twitter.com/i/search/timeline?l=en&f=tweets&q=SEPHORA%20COLLECTION%20Colorful%205%20Eyeshadow%20Palette&src=typed&max_position=TWEET-534007574685700096-983271183583010816>
None
2018-04-14 14:47:51 [scrapy] DEBUG: Scraped from <200 https://twitter.com/i/search/timeline?l=en&f=tweets&q=SEPHORA%20COLLECTION%20Colorful%205%20Eyeshadow%20Palette&src=typed&max_position=TWEET-534007574685700096-983271183583010816>
None
2018-04-14 14:47:51 [scrapy] DEBUG: Scraped from <200 https://twitter.com/i/search/timeline?l=en&f=tweets&q=SEPHORA%20COLLECTION%20Colorful%205%20Eyeshadow%20Palette&src=typed&max_position=TWEET-534007574685700096-983271183583010816>
None
2018-04-14 14:47:51 [scrapy] DEBUG: Scraped from <200 https://twitter.com/i/search/timeline?l=en&f=tweets&q=SEPHORA%20COLLECTION%20Colorful%205%20Eyeshadow%20Palette&src=typed&max_position=TWEET-534007574685700096-983271183583010816>
None
2018-04-14 14:47:51 [scrapy] DEBUG: Scraped from <200 https://twitter.com/i/search/timeline?l=en&f=tweets&q=SEPHORA%20COLLECTION%20Colorful%205%20Eyeshadow%20Palette&src=typed&max_position=TWEET-534007574685700096-983271183583010816>
None
2018-04-14 14:47:51 [scrapy] DEBUG: Scraped from <200 https://twitter.com/i/search/timeline?l=en&f=tweets&q=SEPHORA%20COLLECTION%20Colorful%205%20Eyeshadow%20Palette&src=typed&max_position=TWEET-534007574685700096-983271183583010816>
None
2018-04-14 14:47:51 [scrapy] DEBUG: Scraped from <200 https://twitter.com/i/search/timeline?l=en&f=tweets&q=SEPHORA%20COLLECTION%20Colorful%205%20Eyeshadow%20Palette&src=typed&max_position=TWEET-534007574685700096-983271183583010816>
None
2018-04-14 14:47:51 [scrapy] DEBUG: Scraped from <200 https://twitter.com/i/search/timeline?l=en&f=tweets&q=SEPHORA%20COLLECTION%20Colorful%205%20Eyeshadow%20Palette&src=typed&max_position=TWEET-534007574685700096-983271183583010816>
None
2018-04-14 14:47:51 [scrapy] DEBUG: Scraped from <200 https://twitter.com/i/search/timeline?l=en&f=tweets&q=SEPHORA%20COLLECTION%20Colorful%205%20Eyeshadow%20Palette&src=typed&max_position=TWEET-534007574685700096-983271183583010816>
None
2018-04-14 14:47:51 [scrapy] DEBUG: Scraped from <200 https://twitter.com/i/search/timeline?l=en&f=tweets&q=SEPHORA%20COLLECTION%20Colorful%205%20Eyeshadow%20Palette&src=typed&max_position=TWEET-534007574685700096-983271183583010816>
None
2018-04-14 14:47:51 [scrapy] DEBUG: Scraped from <200 https://twitter.com/i/search/timeline?l=en&f=tweets&q=SEPHORA%20COLLECTION%20Colorful%205%20Eyeshadow%20Palette&src=typed&max_position=TWEET-534007574685700096-983271183583010816>
None
2018-04-14 14:47:51 [scrapy] DEBUG: Scraped from <200 https://twitter.com/i/search/timeline?l=en&f=tweets&q=SEPHORA%20COLLECTION%20Colorful%205%20Eyeshadow%20Palette&src=typed&max_position=TWEET-534007574685700096-983271183583010816>
None
2018-04-14 14:47:51 [scrapy] DEBUG: Scraped from <200 https://twitter.com/i/search/timeline?l=en&f=tweets&q=SEPHORA%20COLLECTION%20Colorful%205%20Eyeshadow%20Palette&src=typed&max_position=TWEET-534007574685700096-983271183583010816>
None
2018-04-14 14:47:52 [scrapy] DEBUG: Scraped from <200 https://twitter.com/i/search/timeline?l=en&f=tweets&q=SEPHORA%20COLLECTION%20Colorful%205%20Eyeshadow%20Palette&src=typed&max_position=TWEET-534007574685700096-983271183583010816>
None
2018-04-14 14:47:52 [scrapy] DEBUG: Scraped from <200 https://twitter.com/i/search/timeline?l=en&f=tweets&q=SEPHORA%20COLLECTION%20Colorful%205%20Eyeshadow%20Palette&src=typed&max_position=TWEET-534007574685700096-983271183583010816>
None
2018-04-14 14:47:52 [scrapy] DEBUG: Crawled (200) <GET https://twitter.com/i/search/timeline?l=en&f=tweets&q=SEPHORA%20COLLECTION%20Colorful%205%20Eyeshadow%20Palette&src=typed&max_position=TWEET-495091359498653696-983271183583010816> (referer: https://twitter.com/i/search/timeline?l=en&f=tweets&q=SEPHORA%20COLLECTION%20Colorful%205%20Eyeshadow%20Palette&src=typed&max_position=TWEET-534007574685700096-983271183583010816)
2018-04-14 14:47:52 [scrapy] DEBUG: Scraped from <200 https://twitter.com/i/search/timeline?l=en&f=tweets&q=SEPHORA%20COLLECTION%20Colorful%205%20Eyeshadow%20Palette&src=typed&max_position=TWEET-495091359498653696-983271183583010816>
None
2018-04-14 14:47:52 [scrapy] DEBUG: Scraped from <200 https://twitter.com/i/search/timeline?l=en&f=tweets&q=SEPHORA%20COLLECTION%20Colorful%205%20Eyeshadow%20Palette&src=typed&max_position=TWEET-495091359498653696-983271183583010816>
None
2018-04-14 14:47:53 [scrapy] DEBUG: Scraped from <200 https://twitter.com/i/search/timeline?l=en&f=tweets&q=SEPHORA%20COLLECTION%20Colorful%205%20Eyeshadow%20Palette&src=typed&max_position=TWEET-495091359498653696-983271183583010816>
None
2018-04-14 14:47:53 [scrapy] DEBUG: Scraped from <200 https://twitter.com/i/search/timeline?l=en&f=tweets&q=SEPHORA%20COLLECTION%20Colorful%205%20Eyeshadow%20Palette&src=typed&max_position=TWEET-495091359498653696-983271183583010816>
None
2018-04-14 14:47:53 [scrapy] DEBUG: Scraped from <200 https://twitter.com/i/search/timeline?l=en&f=tweets&q=SEPHORA%20COLLECTION%20Colorful%205%20Eyeshadow%20Palette&src=typed&max_position=TWEET-495091359498653696-983271183583010816>
None
2018-04-14 14:47:53 [scrapy] DEBUG: Scraped from <200 https://twitter.com/i/search/timeline?l=en&f=tweets&q=SEPHORA%20COLLECTION%20Colorful%205%20Eyeshadow%20Palette&src=typed&max_position=TWEET-495091359498653696-983271183583010816>
None
2018-04-14 14:47:53 [scrapy] DEBUG: Scraped from <200 https://twitter.com/i/search/timeline?l=en&f=tweets&q=SEPHORA%20COLLECTION%20Colorful%205%20Eyeshadow%20Palette&src=typed&max_position=TWEET-495091359498653696-983271183583010816>
None
2018-04-14 14:47:53 [scrapy] DEBUG: Crawled (200) <GET https://twitter.com/i/search/timeline?l=en&f=tweets&q=SEPHORA%20COLLECTION%20Colorful%205%20Eyeshadow%20Palette&src=typed&max_position=TWEET-18068380212-983271183583010816> (referer: https://twitter.com/i/search/timeline?l=en&f=tweets&q=SEPHORA%20COLLECTION%20Colorful%205%20Eyeshadow%20Palette&src=typed&max_position=TWEET-495091359498653696-983271183583010816)
2018-04-14 14:47:53 [scrapy] DEBUG: Filtered duplicate request: <GET https://twitter.com/i/search/timeline?l=en&f=tweets&q=SEPHORA%20COLLECTION%20Colorful%205%20Eyeshadow%20Palette&src=typed&max_position=TWEET-18068380212-983271183583010816> - no more duplicates will be shown (see DUPEFILTER_DEBUG to show all duplicates)
2018-04-14 14:47:53 [scrapy] INFO: Closing spider (finished)
2018-04-14 14:47:53 [scrapy] INFO: Dumping Scrapy stats:
{'downloader/request_bytes': 13777,
 'downloader/request_count': 15,
 'downloader/request_method_count/GET': 15,
 'downloader/response_bytes': 130461,
 'downloader/response_count': 15,
 'downloader/response_status_count/200': 15,
 'dupefilter/filtered': 1,
 'finish_reason': 'finished',
 'finish_time': datetime.datetime(2018, 4, 14, 19, 47, 53, 436192),
 'item_scraped_count': 220,
 'log_count/DEBUG': 457,
 'log_count/ERROR': 220,
 'log_count/INFO': 6,
 'memusage/max': 63221760,
 'memusage/startup': 63221760,
 'request_depth_max': 15,
 'response_received_count': 15,
 'scheduler/dequeued': 15,
 'scheduler/dequeued/memory': 15,
 'scheduler/enqueued': 15,
 'scheduler/enqueued/memory': 15,
 'start_time': datetime.datetime(2018, 4, 14, 19, 47, 29, 578945)}
2018-04-14 14:47:53 [scrapy] INFO: Spider closed (finished)
