2018-04-13 22:53:25 [scrapy] DEBUG: Crawled (200) <GET https://twitter.com/i/search/timeline?l=&f=tweets&q=superhero%20since%3A%202010-12-27&src=typed&max_position=> (referer: None)
2018-04-13 22:53:26 [scrapy] DEBUG: Scraped from <200 https://twitter.com/i/search/timeline?l=&f=tweets&q=superhero%20since%3A%202010-12-27&src=typed&max_position=>
None
2018-04-13 22:53:26 [scrapy] DEBUG: Scraped from <200 https://twitter.com/i/search/timeline?l=&f=tweets&q=superhero%20since%3A%202010-12-27&src=typed&max_position=>
None
2018-04-13 22:53:26 [scrapy] DEBUG: Scraped from <200 https://twitter.com/i/search/timeline?l=&f=tweets&q=superhero%20since%3A%202010-12-27&src=typed&max_position=>
None
2018-04-13 22:53:26 [scrapy] DEBUG: Scraped from <200 https://twitter.com/i/search/timeline?l=&f=tweets&q=superhero%20since%3A%202010-12-27&src=typed&max_position=>
None
2018-04-13 22:53:26 [scrapy] DEBUG: Scraped from <200 https://twitter.com/i/search/timeline?l=&f=tweets&q=superhero%20since%3A%202010-12-27&src=typed&max_position=>
None
2018-04-13 22:53:26 [scrapy] DEBUG: Scraped from <200 https://twitter.com/i/search/timeline?l=&f=tweets&q=superhero%20since%3A%202010-12-27&src=typed&max_position=>
None
2018-04-13 22:53:26 [scrapy] DEBUG: Scraped from <200 https://twitter.com/i/search/timeline?l=&f=tweets&q=superhero%20since%3A%202010-12-27&src=typed&max_position=>
None
2018-04-13 22:53:26 [scrapy] DEBUG: Scraped from <200 https://twitter.com/i/search/timeline?l=&f=tweets&q=superhero%20since%3A%202010-12-27&src=typed&max_position=>
None
2018-04-13 22:53:26 [scrapy] DEBUG: Scraped from <200 https://twitter.com/i/search/timeline?l=&f=tweets&q=superhero%20since%3A%202010-12-27&src=typed&max_position=>
None
2018-04-13 22:53:26 [scrapy] DEBUG: Scraped from <200 https://twitter.com/i/search/timeline?l=&f=tweets&q=superhero%20since%3A%202010-12-27&src=typed&max_position=>
None
2018-04-13 22:53:27 [scrapy] DEBUG: Scraped from <200 https://twitter.com/i/search/timeline?l=&f=tweets&q=superhero%20since%3A%202010-12-27&src=typed&max_position=>
None
2018-04-13 22:53:27 [scrapy] DEBUG: Scraped from <200 https://twitter.com/i/search/timeline?l=&f=tweets&q=superhero%20since%3A%202010-12-27&src=typed&max_position=>
None
2018-04-13 22:53:27 [scrapy] DEBUG: Scraped from <200 https://twitter.com/i/search/timeline?l=&f=tweets&q=superhero%20since%3A%202010-12-27&src=typed&max_position=>
None
2018-04-13 22:53:27 [scrapy] DEBUG: Scraped from <200 https://twitter.com/i/search/timeline?l=&f=tweets&q=superhero%20since%3A%202010-12-27&src=typed&max_position=>
None
2018-04-13 22:53:27 [scrapy] DEBUG: Scraped from <200 https://twitter.com/i/search/timeline?l=&f=tweets&q=superhero%20since%3A%202010-12-27&src=typed&max_position=>
None
2018-04-13 22:53:27 [scrapy] DEBUG: Scraped from <200 https://twitter.com/i/search/timeline?l=&f=tweets&q=superhero%20since%3A%202010-12-27&src=typed&max_position=>
None
2018-04-13 22:53:27 [scrapy] DEBUG: Scraped from <200 https://twitter.com/i/search/timeline?l=&f=tweets&q=superhero%20since%3A%202010-12-27&src=typed&max_position=>
None
2018-04-13 22:53:27 [scrapy] DEBUG: Scraped from <200 https://twitter.com/i/search/timeline?l=&f=tweets&q=superhero%20since%3A%202010-12-27&src=typed&max_position=>
None
2018-04-13 22:53:27 [scrapy] DEBUG: Scraped from <200 https://twitter.com/i/search/timeline?l=&f=tweets&q=superhero%20since%3A%202010-12-27&src=typed&max_position=>
None
2018-04-13 22:53:27 [scrapy] DEBUG: Scraped from <200 https://twitter.com/i/search/timeline?l=&f=tweets&q=superhero%20since%3A%202010-12-27&src=typed&max_position=>
None
2018-04-13 22:53:28 [scrapy] DEBUG: Crawled (200) <GET https://twitter.com/i/search/timeline?l=&f=tweets&q=superhero%20since%3A%202010-12-27&src=typed&max_position=TWEET-283941998111633410-340700996793663489> (referer: https://twitter.com/i/search/timeline?l=&f=tweets&q=superhero%20since%3A%202010-12-27&src=typed&max_position=)
2018-04-13 22:53:29 [scrapy] DEBUG: Scraped from <200 https://twitter.com/i/search/timeline?l=&f=tweets&q=superhero%20since%3A%202010-12-27&src=typed&max_position=TWEET-283941998111633410-340700996793663489>
None
2018-04-13 22:53:29 [scrapy] DEBUG: Scraped from <200 https://twitter.com/i/search/timeline?l=&f=tweets&q=superhero%20since%3A%202010-12-27&src=typed&max_position=TWEET-283941998111633410-340700996793663489>
None
2018-04-13 22:53:29 [scrapy] DEBUG: Scraped from <200 https://twitter.com/i/search/timeline?l=&f=tweets&q=superhero%20since%3A%202010-12-27&src=typed&max_position=TWEET-283941998111633410-340700996793663489>
None
2018-04-13 22:53:29 [scrapy] DEBUG: Scraped from <200 https://twitter.com/i/search/timeline?l=&f=tweets&q=superhero%20since%3A%202010-12-27&src=typed&max_position=TWEET-283941998111633410-340700996793663489>
None
2018-04-13 22:53:29 [scrapy] DEBUG: Scraped from <200 https://twitter.com/i/search/timeline?l=&f=tweets&q=superhero%20since%3A%202010-12-27&src=typed&max_position=TWEET-283941998111633410-340700996793663489>
None
2018-04-13 22:53:29 [scrapy] DEBUG: Scraped from <200 https://twitter.com/i/search/timeline?l=&f=tweets&q=superhero%20since%3A%202010-12-27&src=typed&max_position=TWEET-283941998111633410-340700996793663489>
None
2018-04-13 22:53:29 [scrapy] DEBUG: Scraped from <200 https://twitter.com/i/search/timeline?l=&f=tweets&q=superhero%20since%3A%202010-12-27&src=typed&max_position=TWEET-283941998111633410-340700996793663489>
None
2018-04-13 22:53:29 [scrapy] DEBUG: Scraped from <200 https://twitter.com/i/search/timeline?l=&f=tweets&q=superhero%20since%3A%202010-12-27&src=typed&max_position=TWEET-283941998111633410-340700996793663489>
None
2018-04-13 22:53:29 [scrapy] DEBUG: Scraped from <200 https://twitter.com/i/search/timeline?l=&f=tweets&q=superhero%20since%3A%202010-12-27&src=typed&max_position=TWEET-283941998111633410-340700996793663489>
None
2018-04-13 22:53:29 [scrapy] DEBUG: Scraped from <200 https://twitter.com/i/search/timeline?l=&f=tweets&q=superhero%20since%3A%202010-12-27&src=typed&max_position=TWEET-283941998111633410-340700996793663489>
None
2018-04-13 22:53:30 [scrapy] DEBUG: Scraped from <200 https://twitter.com/i/search/timeline?l=&f=tweets&q=superhero%20since%3A%202010-12-27&src=typed&max_position=TWEET-283941998111633410-340700996793663489>
None
2018-04-13 22:53:30 [scrapy] DEBUG: Scraped from <200 https://twitter.com/i/search/timeline?l=&f=tweets&q=superhero%20since%3A%202010-12-27&src=typed&max_position=TWEET-283941998111633410-340700996793663489>
None
2018-04-13 22:53:30 [scrapy] DEBUG: Scraped from <200 https://twitter.com/i/search/timeline?l=&f=tweets&q=superhero%20since%3A%202010-12-27&src=typed&max_position=TWEET-283941998111633410-340700996793663489>
None
2018-04-13 22:53:30 [scrapy] DEBUG: Scraped from <200 https://twitter.com/i/search/timeline?l=&f=tweets&q=superhero%20since%3A%202010-12-27&src=typed&max_position=TWEET-283941998111633410-340700996793663489>
None
2018-04-13 22:53:30 [scrapy] DEBUG: Scraped from <200 https://twitter.com/i/search/timeline?l=&f=tweets&q=superhero%20since%3A%202010-12-27&src=typed&max_position=TWEET-283941998111633410-340700996793663489>
None
2018-04-13 22:53:30 [scrapy] DEBUG: Scraped from <200 https://twitter.com/i/search/timeline?l=&f=tweets&q=superhero%20since%3A%202010-12-27&src=typed&max_position=TWEET-283941998111633410-340700996793663489>
None
2018-04-13 22:53:30 [scrapy] DEBUG: Scraped from <200 https://twitter.com/i/search/timeline?l=&f=tweets&q=superhero%20since%3A%202010-12-27&src=typed&max_position=TWEET-283941998111633410-340700996793663489>
None
2018-04-13 22:53:30 [scrapy] DEBUG: Scraped from <200 https://twitter.com/i/search/timeline?l=&f=tweets&q=superhero%20since%3A%202010-12-27&src=typed&max_position=TWEET-283941998111633410-340700996793663489>
None
2018-04-13 22:53:30 [scrapy] DEBUG: Scraped from <200 https://twitter.com/i/search/timeline?l=&f=tweets&q=superhero%20since%3A%202010-12-27&src=typed&max_position=TWEET-283941998111633410-340700996793663489>
None
2018-04-13 22:53:31 [scrapy] DEBUG: Crawled (200) <GET https://twitter.com/i/search/timeline?l=&f=tweets&q=superhero%20since%3A%202010-12-27&src=typed&max_position=TWEET-59183693033521153-340700996793663489> (referer: https://twitter.com/i/search/timeline?l=&f=tweets&q=superhero%20since%3A%202010-12-27&src=typed&max_position=TWEET-283941998111633410-340700996793663489)
2018-04-13 22:53:31 [scrapy] DEBUG: Filtered duplicate request: <GET https://twitter.com/i/search/timeline?l=&f=tweets&q=superhero%20since%3A%202010-12-27&src=typed&max_position=TWEET-59183693033521153-340700996793663489> - no more duplicates will be shown (see DUPEFILTER_DEBUG to show all duplicates)
2018-04-13 22:53:31 [scrapy] INFO: Closing spider (finished)
2018-04-13 22:53:31 [scrapy] INFO: Dumping Scrapy stats:
{'downloader/request_bytes': 2069,
 'downloader/request_count': 3,
 'downloader/request_method_count/GET': 3,
 'downloader/response_bytes': 18674,
 'downloader/response_count': 3,
 'downloader/response_status_count/200': 3,
 'dupefilter/filtered': 1,
 'finish_reason': 'finished',
 'finish_time': datetime.datetime(2018, 4, 14, 3, 53, 31, 424959),
 'item_scraped_count': 39,
 'log_count/DEBUG': 82,
 'log_count/ERROR': 39,
 'log_count/INFO': 6,
 'memusage/max': 52002816,
 'memusage/startup': 52002816,
 'request_depth_max': 3,
 'response_received_count': 3,
 'scheduler/dequeued': 3,
 'scheduler/dequeued/memory': 3,
 'scheduler/enqueued': 3,
 'scheduler/enqueued/memory': 3,
 'start_time': datetime.datetime(2018, 4, 14, 3, 53, 24, 12283)}
2018-04-13 22:53:31 [scrapy] INFO: Spider closed (finished)
