2018-04-14 15:28:33 [scrapy] DEBUG: Crawled (200) <GET https://twitter.com/i/search/timeline?l=en&f=tweets&q=%22Chubby%20Stick%20Shadow%20Tint%20for%20Eyes%22&src=typed&max_position=> (referer: None)
2018-04-14 15:28:33 [scrapy] DEBUG: Scraped from <200 https://twitter.com/i/search/timeline?l=en&f=tweets&q=%22Chubby%20Stick%20Shadow%20Tint%20for%20Eyes%22&src=typed&max_position=>
None
2018-04-14 15:28:33 [scrapy] DEBUG: Scraped from <200 https://twitter.com/i/search/timeline?l=en&f=tweets&q=%22Chubby%20Stick%20Shadow%20Tint%20for%20Eyes%22&src=typed&max_position=>
None
2018-04-14 15:28:33 [scrapy] DEBUG: Scraped from <200 https://twitter.com/i/search/timeline?l=en&f=tweets&q=%22Chubby%20Stick%20Shadow%20Tint%20for%20Eyes%22&src=typed&max_position=>
None
2018-04-14 15:28:33 [scrapy] DEBUG: Scraped from <200 https://twitter.com/i/search/timeline?l=en&f=tweets&q=%22Chubby%20Stick%20Shadow%20Tint%20for%20Eyes%22&src=typed&max_position=>
None
2018-04-14 15:28:34 [scrapy] DEBUG: Scraped from <200 https://twitter.com/i/search/timeline?l=en&f=tweets&q=%22Chubby%20Stick%20Shadow%20Tint%20for%20Eyes%22&src=typed&max_position=>
None
2018-04-14 15:28:34 [scrapy] DEBUG: Scraped from <200 https://twitter.com/i/search/timeline?l=en&f=tweets&q=%22Chubby%20Stick%20Shadow%20Tint%20for%20Eyes%22&src=typed&max_position=>
None
2018-04-14 15:28:34 [scrapy] DEBUG: Scraped from <200 https://twitter.com/i/search/timeline?l=en&f=tweets&q=%22Chubby%20Stick%20Shadow%20Tint%20for%20Eyes%22&src=typed&max_position=>
None
2018-04-14 15:28:34 [scrapy] DEBUG: Scraped from <200 https://twitter.com/i/search/timeline?l=en&f=tweets&q=%22Chubby%20Stick%20Shadow%20Tint%20for%20Eyes%22&src=typed&max_position=>
None
2018-04-14 15:28:34 [scrapy] DEBUG: Scraped from <200 https://twitter.com/i/search/timeline?l=en&f=tweets&q=%22Chubby%20Stick%20Shadow%20Tint%20for%20Eyes%22&src=typed&max_position=>
None
2018-04-14 15:28:34 [scrapy] DEBUG: Scraped from <200 https://twitter.com/i/search/timeline?l=en&f=tweets&q=%22Chubby%20Stick%20Shadow%20Tint%20for%20Eyes%22&src=typed&max_position=>
None
2018-04-14 15:28:34 [scrapy] DEBUG: Scraped from <200 https://twitter.com/i/search/timeline?l=en&f=tweets&q=%22Chubby%20Stick%20Shadow%20Tint%20for%20Eyes%22&src=typed&max_position=>
None
2018-04-14 15:28:34 [scrapy] DEBUG: Scraped from <200 https://twitter.com/i/search/timeline?l=en&f=tweets&q=%22Chubby%20Stick%20Shadow%20Tint%20for%20Eyes%22&src=typed&max_position=>
None
2018-04-14 15:28:34 [scrapy] DEBUG: Scraped from <200 https://twitter.com/i/search/timeline?l=en&f=tweets&q=%22Chubby%20Stick%20Shadow%20Tint%20for%20Eyes%22&src=typed&max_position=>
None
2018-04-14 15:28:34 [scrapy] DEBUG: Scraped from <200 https://twitter.com/i/search/timeline?l=en&f=tweets&q=%22Chubby%20Stick%20Shadow%20Tint%20for%20Eyes%22&src=typed&max_position=>
None
2018-04-14 15:28:34 [scrapy] DEBUG: Scraped from <200 https://twitter.com/i/search/timeline?l=en&f=tweets&q=%22Chubby%20Stick%20Shadow%20Tint%20for%20Eyes%22&src=typed&max_position=>
None
2018-04-14 15:28:34 [scrapy] DEBUG: Scraped from <200 https://twitter.com/i/search/timeline?l=en&f=tweets&q=%22Chubby%20Stick%20Shadow%20Tint%20for%20Eyes%22&src=typed&max_position=>
None
2018-04-14 15:28:34 [scrapy] DEBUG: Scraped from <200 https://twitter.com/i/search/timeline?l=en&f=tweets&q=%22Chubby%20Stick%20Shadow%20Tint%20for%20Eyes%22&src=typed&max_position=>
None
2018-04-14 15:28:34 [scrapy] DEBUG: Scraped from <200 https://twitter.com/i/search/timeline?l=en&f=tweets&q=%22Chubby%20Stick%20Shadow%20Tint%20for%20Eyes%22&src=typed&max_position=>
None
2018-04-14 15:28:35 [scrapy] DEBUG: Scraped from <200 https://twitter.com/i/search/timeline?l=en&f=tweets&q=%22Chubby%20Stick%20Shadow%20Tint%20for%20Eyes%22&src=typed&max_position=>
None
2018-04-14 15:28:35 [scrapy] DEBUG: Scraped from <200 https://twitter.com/i/search/timeline?l=en&f=tweets&q=%22Chubby%20Stick%20Shadow%20Tint%20for%20Eyes%22&src=typed&max_position=>
None
2018-04-14 15:28:35 [scrapy] DEBUG: Crawled (200) <GET https://twitter.com/i/search/timeline?l=en&f=tweets&q=%22Chubby%20Stick%20Shadow%20Tint%20for%20Eyes%22&src=typed&max_position=TWEET-946118414455668736-984442316592205825> (referer: https://twitter.com/i/search/timeline?l=en&f=tweets&q=%22Chubby%20Stick%20Shadow%20Tint%20for%20Eyes%22&src=typed&max_position=)
2018-04-14 15:28:35 [scrapy] DEBUG: Scraped from <200 https://twitter.com/i/search/timeline?l=en&f=tweets&q=%22Chubby%20Stick%20Shadow%20Tint%20for%20Eyes%22&src=typed&max_position=TWEET-946118414455668736-984442316592205825>
None
2018-04-14 15:28:35 [scrapy] DEBUG: Scraped from <200 https://twitter.com/i/search/timeline?l=en&f=tweets&q=%22Chubby%20Stick%20Shadow%20Tint%20for%20Eyes%22&src=typed&max_position=TWEET-946118414455668736-984442316592205825>
None
2018-04-14 15:28:35 [scrapy] DEBUG: Scraped from <200 https://twitter.com/i/search/timeline?l=en&f=tweets&q=%22Chubby%20Stick%20Shadow%20Tint%20for%20Eyes%22&src=typed&max_position=TWEET-946118414455668736-984442316592205825>
None
2018-04-14 15:28:35 [scrapy] DEBUG: Scraped from <200 https://twitter.com/i/search/timeline?l=en&f=tweets&q=%22Chubby%20Stick%20Shadow%20Tint%20for%20Eyes%22&src=typed&max_position=TWEET-946118414455668736-984442316592205825>
None
2018-04-14 15:28:35 [scrapy] DEBUG: Scraped from <200 https://twitter.com/i/search/timeline?l=en&f=tweets&q=%22Chubby%20Stick%20Shadow%20Tint%20for%20Eyes%22&src=typed&max_position=TWEET-946118414455668736-984442316592205825>
None
2018-04-14 15:28:35 [scrapy] DEBUG: Scraped from <200 https://twitter.com/i/search/timeline?l=en&f=tweets&q=%22Chubby%20Stick%20Shadow%20Tint%20for%20Eyes%22&src=typed&max_position=TWEET-946118414455668736-984442316592205825>
None
2018-04-14 15:28:35 [scrapy] DEBUG: Scraped from <200 https://twitter.com/i/search/timeline?l=en&f=tweets&q=%22Chubby%20Stick%20Shadow%20Tint%20for%20Eyes%22&src=typed&max_position=TWEET-946118414455668736-984442316592205825>
None
2018-04-14 15:28:36 [scrapy] DEBUG: Scraped from <200 https://twitter.com/i/search/timeline?l=en&f=tweets&q=%22Chubby%20Stick%20Shadow%20Tint%20for%20Eyes%22&src=typed&max_position=TWEET-946118414455668736-984442316592205825>
None
2018-04-14 15:28:36 [scrapy] DEBUG: Scraped from <200 https://twitter.com/i/search/timeline?l=en&f=tweets&q=%22Chubby%20Stick%20Shadow%20Tint%20for%20Eyes%22&src=typed&max_position=TWEET-946118414455668736-984442316592205825>
None
2018-04-14 15:28:36 [scrapy] DEBUG: Scraped from <200 https://twitter.com/i/search/timeline?l=en&f=tweets&q=%22Chubby%20Stick%20Shadow%20Tint%20for%20Eyes%22&src=typed&max_position=TWEET-946118414455668736-984442316592205825>
None
2018-04-14 15:28:36 [scrapy] DEBUG: Scraped from <200 https://twitter.com/i/search/timeline?l=en&f=tweets&q=%22Chubby%20Stick%20Shadow%20Tint%20for%20Eyes%22&src=typed&max_position=TWEET-946118414455668736-984442316592205825>
None
2018-04-14 15:28:36 [scrapy] DEBUG: Scraped from <200 https://twitter.com/i/search/timeline?l=en&f=tweets&q=%22Chubby%20Stick%20Shadow%20Tint%20for%20Eyes%22&src=typed&max_position=TWEET-946118414455668736-984442316592205825>
None
2018-04-14 15:28:36 [scrapy] DEBUG: Scraped from <200 https://twitter.com/i/search/timeline?l=en&f=tweets&q=%22Chubby%20Stick%20Shadow%20Tint%20for%20Eyes%22&src=typed&max_position=TWEET-946118414455668736-984442316592205825>
None
2018-04-14 15:28:36 [scrapy] DEBUG: Scraped from <200 https://twitter.com/i/search/timeline?l=en&f=tweets&q=%22Chubby%20Stick%20Shadow%20Tint%20for%20Eyes%22&src=typed&max_position=TWEET-946118414455668736-984442316592205825>
None
2018-04-14 15:28:36 [scrapy] DEBUG: Scraped from <200 https://twitter.com/i/search/timeline?l=en&f=tweets&q=%22Chubby%20Stick%20Shadow%20Tint%20for%20Eyes%22&src=typed&max_position=TWEET-946118414455668736-984442316592205825>
None
2018-04-14 15:28:37 [scrapy] DEBUG: Crawled (200) <GET https://twitter.com/i/search/timeline?l=en&f=tweets&q=%22Chubby%20Stick%20Shadow%20Tint%20for%20Eyes%22&src=typed&max_position=TWEET-904864696137687040-984442316592205825> (referer: https://twitter.com/i/search/timeline?l=en&f=tweets&q=%22Chubby%20Stick%20Shadow%20Tint%20for%20Eyes%22&src=typed&max_position=TWEET-946118414455668736-984442316592205825)
2018-04-14 15:28:37 [scrapy] DEBUG: Scraped from <200 https://twitter.com/i/search/timeline?l=en&f=tweets&q=%22Chubby%20Stick%20Shadow%20Tint%20for%20Eyes%22&src=typed&max_position=TWEET-904864696137687040-984442316592205825>
None
2018-04-14 15:28:37 [scrapy] DEBUG: Scraped from <200 https://twitter.com/i/search/timeline?l=en&f=tweets&q=%22Chubby%20Stick%20Shadow%20Tint%20for%20Eyes%22&src=typed&max_position=TWEET-904864696137687040-984442316592205825>
None
2018-04-14 15:28:37 [scrapy] DEBUG: Scraped from <200 https://twitter.com/i/search/timeline?l=en&f=tweets&q=%22Chubby%20Stick%20Shadow%20Tint%20for%20Eyes%22&src=typed&max_position=TWEET-904864696137687040-984442316592205825>
None
2018-04-14 15:28:37 [scrapy] DEBUG: Scraped from <200 https://twitter.com/i/search/timeline?l=en&f=tweets&q=%22Chubby%20Stick%20Shadow%20Tint%20for%20Eyes%22&src=typed&max_position=TWEET-904864696137687040-984442316592205825>
None
2018-04-14 15:28:37 [scrapy] DEBUG: Scraped from <200 https://twitter.com/i/search/timeline?l=en&f=tweets&q=%22Chubby%20Stick%20Shadow%20Tint%20for%20Eyes%22&src=typed&max_position=TWEET-904864696137687040-984442316592205825>
None
2018-04-14 15:28:37 [scrapy] DEBUG: Scraped from <200 https://twitter.com/i/search/timeline?l=en&f=tweets&q=%22Chubby%20Stick%20Shadow%20Tint%20for%20Eyes%22&src=typed&max_position=TWEET-904864696137687040-984442316592205825>
None
2018-04-14 15:28:37 [scrapy] DEBUG: Scraped from <200 https://twitter.com/i/search/timeline?l=en&f=tweets&q=%22Chubby%20Stick%20Shadow%20Tint%20for%20Eyes%22&src=typed&max_position=TWEET-904864696137687040-984442316592205825>
None
2018-04-14 15:28:37 [scrapy] DEBUG: Scraped from <200 https://twitter.com/i/search/timeline?l=en&f=tweets&q=%22Chubby%20Stick%20Shadow%20Tint%20for%20Eyes%22&src=typed&max_position=TWEET-904864696137687040-984442316592205825>
None
2018-04-14 15:28:37 [scrapy] DEBUG: Scraped from <200 https://twitter.com/i/search/timeline?l=en&f=tweets&q=%22Chubby%20Stick%20Shadow%20Tint%20for%20Eyes%22&src=typed&max_position=TWEET-904864696137687040-984442316592205825>
None
2018-04-14 15:28:38 [scrapy] DEBUG: Crawled (200) <GET https://twitter.com/i/search/timeline?l=en&f=tweets&q=%22Chubby%20Stick%20Shadow%20Tint%20for%20Eyes%22&src=typed&max_position=TWEET-855448624733581313-984442316592205825> (referer: https://twitter.com/i/search/timeline?l=en&f=tweets&q=%22Chubby%20Stick%20Shadow%20Tint%20for%20Eyes%22&src=typed&max_position=TWEET-904864696137687040-984442316592205825)
2018-04-14 15:28:38 [scrapy] DEBUG: Scraped from <200 https://twitter.com/i/search/timeline?l=en&f=tweets&q=%22Chubby%20Stick%20Shadow%20Tint%20for%20Eyes%22&src=typed&max_position=TWEET-855448624733581313-984442316592205825>
None
2018-04-14 15:28:38 [scrapy] DEBUG: Scraped from <200 https://twitter.com/i/search/timeline?l=en&f=tweets&q=%22Chubby%20Stick%20Shadow%20Tint%20for%20Eyes%22&src=typed&max_position=TWEET-855448624733581313-984442316592205825>
None
2018-04-14 15:28:38 [scrapy] DEBUG: Scraped from <200 https://twitter.com/i/search/timeline?l=en&f=tweets&q=%22Chubby%20Stick%20Shadow%20Tint%20for%20Eyes%22&src=typed&max_position=TWEET-855448624733581313-984442316592205825>
None
2018-04-14 15:28:38 [scrapy] DEBUG: Scraped from <200 https://twitter.com/i/search/timeline?l=en&f=tweets&q=%22Chubby%20Stick%20Shadow%20Tint%20for%20Eyes%22&src=typed&max_position=TWEET-855448624733581313-984442316592205825>
None
2018-04-14 15:28:38 [scrapy] DEBUG: Scraped from <200 https://twitter.com/i/search/timeline?l=en&f=tweets&q=%22Chubby%20Stick%20Shadow%20Tint%20for%20Eyes%22&src=typed&max_position=TWEET-855448624733581313-984442316592205825>
None
2018-04-14 15:28:38 [scrapy] DEBUG: Scraped from <200 https://twitter.com/i/search/timeline?l=en&f=tweets&q=%22Chubby%20Stick%20Shadow%20Tint%20for%20Eyes%22&src=typed&max_position=TWEET-855448624733581313-984442316592205825>
None
2018-04-14 15:28:38 [scrapy] DEBUG: Scraped from <200 https://twitter.com/i/search/timeline?l=en&f=tweets&q=%22Chubby%20Stick%20Shadow%20Tint%20for%20Eyes%22&src=typed&max_position=TWEET-855448624733581313-984442316592205825>
None
2018-04-14 15:28:38 [scrapy] DEBUG: Scraped from <200 https://twitter.com/i/search/timeline?l=en&f=tweets&q=%22Chubby%20Stick%20Shadow%20Tint%20for%20Eyes%22&src=typed&max_position=TWEET-855448624733581313-984442316592205825>
None
2018-04-14 15:28:39 [scrapy] DEBUG: Crawled (200) <GET https://twitter.com/i/search/timeline?l=en&f=tweets&q=%22Chubby%20Stick%20Shadow%20Tint%20for%20Eyes%22&src=typed&max_position=TWEET-840309335439872005-984442316592205825> (referer: https://twitter.com/i/search/timeline?l=en&f=tweets&q=%22Chubby%20Stick%20Shadow%20Tint%20for%20Eyes%22&src=typed&max_position=TWEET-855448624733581313-984442316592205825)
2018-04-14 15:28:39 [scrapy] DEBUG: Scraped from <200 https://twitter.com/i/search/timeline?l=en&f=tweets&q=%22Chubby%20Stick%20Shadow%20Tint%20for%20Eyes%22&src=typed&max_position=TWEET-840309335439872005-984442316592205825>
None
2018-04-14 15:28:39 [scrapy] DEBUG: Scraped from <200 https://twitter.com/i/search/timeline?l=en&f=tweets&q=%22Chubby%20Stick%20Shadow%20Tint%20for%20Eyes%22&src=typed&max_position=TWEET-840309335439872005-984442316592205825>
None
2018-04-14 15:28:39 [scrapy] DEBUG: Scraped from <200 https://twitter.com/i/search/timeline?l=en&f=tweets&q=%22Chubby%20Stick%20Shadow%20Tint%20for%20Eyes%22&src=typed&max_position=TWEET-840309335439872005-984442316592205825>
None
2018-04-14 15:28:39 [scrapy] DEBUG: Scraped from <200 https://twitter.com/i/search/timeline?l=en&f=tweets&q=%22Chubby%20Stick%20Shadow%20Tint%20for%20Eyes%22&src=typed&max_position=TWEET-840309335439872005-984442316592205825>
None
2018-04-14 15:28:39 [scrapy] DEBUG: Scraped from <200 https://twitter.com/i/search/timeline?l=en&f=tweets&q=%22Chubby%20Stick%20Shadow%20Tint%20for%20Eyes%22&src=typed&max_position=TWEET-840309335439872005-984442316592205825>
None
2018-04-14 15:28:39 [scrapy] DEBUG: Scraped from <200 https://twitter.com/i/search/timeline?l=en&f=tweets&q=%22Chubby%20Stick%20Shadow%20Tint%20for%20Eyes%22&src=typed&max_position=TWEET-840309335439872005-984442316592205825>
None
2018-04-14 15:28:39 [scrapy] DEBUG: Scraped from <200 https://twitter.com/i/search/timeline?l=en&f=tweets&q=%22Chubby%20Stick%20Shadow%20Tint%20for%20Eyes%22&src=typed&max_position=TWEET-840309335439872005-984442316592205825>
None
2018-04-14 15:28:39 [scrapy] DEBUG: Scraped from <200 https://twitter.com/i/search/timeline?l=en&f=tweets&q=%22Chubby%20Stick%20Shadow%20Tint%20for%20Eyes%22&src=typed&max_position=TWEET-840309335439872005-984442316592205825>
None
2018-04-14 15:28:39 [scrapy] DEBUG: Scraped from <200 https://twitter.com/i/search/timeline?l=en&f=tweets&q=%22Chubby%20Stick%20Shadow%20Tint%20for%20Eyes%22&src=typed&max_position=TWEET-840309335439872005-984442316592205825>
None
2018-04-14 15:28:39 [scrapy] DEBUG: Scraped from <200 https://twitter.com/i/search/timeline?l=en&f=tweets&q=%22Chubby%20Stick%20Shadow%20Tint%20for%20Eyes%22&src=typed&max_position=TWEET-840309335439872005-984442316592205825>
None
2018-04-14 15:28:40 [scrapy] DEBUG: Crawled (200) <GET https://twitter.com/i/search/timeline?l=en&f=tweets&q=%22Chubby%20Stick%20Shadow%20Tint%20for%20Eyes%22&src=typed&max_position=TWEET-812047582256103424-984442316592205825> (referer: https://twitter.com/i/search/timeline?l=en&f=tweets&q=%22Chubby%20Stick%20Shadow%20Tint%20for%20Eyes%22&src=typed&max_position=TWEET-840309335439872005-984442316592205825)
2018-04-14 15:28:40 [scrapy] DEBUG: Scraped from <200 https://twitter.com/i/search/timeline?l=en&f=tweets&q=%22Chubby%20Stick%20Shadow%20Tint%20for%20Eyes%22&src=typed&max_position=TWEET-812047582256103424-984442316592205825>
None
2018-04-14 15:28:40 [scrapy] DEBUG: Scraped from <200 https://twitter.com/i/search/timeline?l=en&f=tweets&q=%22Chubby%20Stick%20Shadow%20Tint%20for%20Eyes%22&src=typed&max_position=TWEET-812047582256103424-984442316592205825>
None
2018-04-14 15:28:40 [scrapy] DEBUG: Scraped from <200 https://twitter.com/i/search/timeline?l=en&f=tweets&q=%22Chubby%20Stick%20Shadow%20Tint%20for%20Eyes%22&src=typed&max_position=TWEET-812047582256103424-984442316592205825>
None
2018-04-14 15:28:40 [scrapy] DEBUG: Scraped from <200 https://twitter.com/i/search/timeline?l=en&f=tweets&q=%22Chubby%20Stick%20Shadow%20Tint%20for%20Eyes%22&src=typed&max_position=TWEET-812047582256103424-984442316592205825>
None
2018-04-14 15:28:40 [scrapy] DEBUG: Scraped from <200 https://twitter.com/i/search/timeline?l=en&f=tweets&q=%22Chubby%20Stick%20Shadow%20Tint%20for%20Eyes%22&src=typed&max_position=TWEET-812047582256103424-984442316592205825>
None
2018-04-14 15:28:40 [scrapy] DEBUG: Scraped from <200 https://twitter.com/i/search/timeline?l=en&f=tweets&q=%22Chubby%20Stick%20Shadow%20Tint%20for%20Eyes%22&src=typed&max_position=TWEET-812047582256103424-984442316592205825>
None
2018-04-14 15:28:41 [scrapy] DEBUG: Scraped from <200 https://twitter.com/i/search/timeline?l=en&f=tweets&q=%22Chubby%20Stick%20Shadow%20Tint%20for%20Eyes%22&src=typed&max_position=TWEET-812047582256103424-984442316592205825>
None
2018-04-14 15:28:41 [scrapy] DEBUG: Scraped from <200 https://twitter.com/i/search/timeline?l=en&f=tweets&q=%22Chubby%20Stick%20Shadow%20Tint%20for%20Eyes%22&src=typed&max_position=TWEET-812047582256103424-984442316592205825>
None
2018-04-14 15:28:41 [scrapy] DEBUG: Scraped from <200 https://twitter.com/i/search/timeline?l=en&f=tweets&q=%22Chubby%20Stick%20Shadow%20Tint%20for%20Eyes%22&src=typed&max_position=TWEET-812047582256103424-984442316592205825>
None
2018-04-14 15:28:41 [scrapy] DEBUG: Scraped from <200 https://twitter.com/i/search/timeline?l=en&f=tweets&q=%22Chubby%20Stick%20Shadow%20Tint%20for%20Eyes%22&src=typed&max_position=TWEET-812047582256103424-984442316592205825>
None
2018-04-14 15:28:41 [scrapy] DEBUG: Scraped from <200 https://twitter.com/i/search/timeline?l=en&f=tweets&q=%22Chubby%20Stick%20Shadow%20Tint%20for%20Eyes%22&src=typed&max_position=TWEET-812047582256103424-984442316592205825>
None
2018-04-14 15:28:41 [scrapy] DEBUG: Scraped from <200 https://twitter.com/i/search/timeline?l=en&f=tweets&q=%22Chubby%20Stick%20Shadow%20Tint%20for%20Eyes%22&src=typed&max_position=TWEET-812047582256103424-984442316592205825>
None
2018-04-14 15:28:41 [scrapy] DEBUG: Scraped from <200 https://twitter.com/i/search/timeline?l=en&f=tweets&q=%22Chubby%20Stick%20Shadow%20Tint%20for%20Eyes%22&src=typed&max_position=TWEET-812047582256103424-984442316592205825>
None
2018-04-14 15:28:41 [scrapy] DEBUG: Scraped from <200 https://twitter.com/i/search/timeline?l=en&f=tweets&q=%22Chubby%20Stick%20Shadow%20Tint%20for%20Eyes%22&src=typed&max_position=TWEET-812047582256103424-984442316592205825>
None
2018-04-14 15:28:42 [scrapy] DEBUG: Crawled (200) <GET https://twitter.com/i/search/timeline?l=en&f=tweets&q=%22Chubby%20Stick%20Shadow%20Tint%20for%20Eyes%22&src=typed&max_position=TWEET-808105951127633921-984442316592205825> (referer: https://twitter.com/i/search/timeline?l=en&f=tweets&q=%22Chubby%20Stick%20Shadow%20Tint%20for%20Eyes%22&src=typed&max_position=TWEET-812047582256103424-984442316592205825)
2018-04-14 15:28:42 [scrapy] DEBUG: Scraped from <200 https://twitter.com/i/search/timeline?l=en&f=tweets&q=%22Chubby%20Stick%20Shadow%20Tint%20for%20Eyes%22&src=typed&max_position=TWEET-808105951127633921-984442316592205825>
None
2018-04-14 15:28:42 [scrapy] DEBUG: Scraped from <200 https://twitter.com/i/search/timeline?l=en&f=tweets&q=%22Chubby%20Stick%20Shadow%20Tint%20for%20Eyes%22&src=typed&max_position=TWEET-808105951127633921-984442316592205825>
None
2018-04-14 15:28:42 [scrapy] DEBUG: Scraped from <200 https://twitter.com/i/search/timeline?l=en&f=tweets&q=%22Chubby%20Stick%20Shadow%20Tint%20for%20Eyes%22&src=typed&max_position=TWEET-808105951127633921-984442316592205825>
None
2018-04-14 15:28:42 [scrapy] DEBUG: Scraped from <200 https://twitter.com/i/search/timeline?l=en&f=tweets&q=%22Chubby%20Stick%20Shadow%20Tint%20for%20Eyes%22&src=typed&max_position=TWEET-808105951127633921-984442316592205825>
None
2018-04-14 15:28:42 [scrapy] DEBUG: Scraped from <200 https://twitter.com/i/search/timeline?l=en&f=tweets&q=%22Chubby%20Stick%20Shadow%20Tint%20for%20Eyes%22&src=typed&max_position=TWEET-808105951127633921-984442316592205825>
None
2018-04-14 15:28:42 [scrapy] DEBUG: Scraped from <200 https://twitter.com/i/search/timeline?l=en&f=tweets&q=%22Chubby%20Stick%20Shadow%20Tint%20for%20Eyes%22&src=typed&max_position=TWEET-808105951127633921-984442316592205825>
None
2018-04-14 15:28:42 [scrapy] DEBUG: Scraped from <200 https://twitter.com/i/search/timeline?l=en&f=tweets&q=%22Chubby%20Stick%20Shadow%20Tint%20for%20Eyes%22&src=typed&max_position=TWEET-808105951127633921-984442316592205825>
None
2018-04-14 15:28:42 [scrapy] DEBUG: Scraped from <200 https://twitter.com/i/search/timeline?l=en&f=tweets&q=%22Chubby%20Stick%20Shadow%20Tint%20for%20Eyes%22&src=typed&max_position=TWEET-808105951127633921-984442316592205825>
None
2018-04-14 15:28:42 [scrapy] DEBUG: Scraped from <200 https://twitter.com/i/search/timeline?l=en&f=tweets&q=%22Chubby%20Stick%20Shadow%20Tint%20for%20Eyes%22&src=typed&max_position=TWEET-808105951127633921-984442316592205825>
None
2018-04-14 15:28:42 [scrapy] DEBUG: Scraped from <200 https://twitter.com/i/search/timeline?l=en&f=tweets&q=%22Chubby%20Stick%20Shadow%20Tint%20for%20Eyes%22&src=typed&max_position=TWEET-808105951127633921-984442316592205825>
None
2018-04-14 15:28:42 [scrapy] DEBUG: Scraped from <200 https://twitter.com/i/search/timeline?l=en&f=tweets&q=%22Chubby%20Stick%20Shadow%20Tint%20for%20Eyes%22&src=typed&max_position=TWEET-808105951127633921-984442316592205825>
None
2018-04-14 15:28:42 [scrapy] DEBUG: Scraped from <200 https://twitter.com/i/search/timeline?l=en&f=tweets&q=%22Chubby%20Stick%20Shadow%20Tint%20for%20Eyes%22&src=typed&max_position=TWEET-808105951127633921-984442316592205825>
None
2018-04-14 15:28:43 [scrapy] DEBUG: Scraped from <200 https://twitter.com/i/search/timeline?l=en&f=tweets&q=%22Chubby%20Stick%20Shadow%20Tint%20for%20Eyes%22&src=typed&max_position=TWEET-808105951127633921-984442316592205825>
None
2018-04-14 15:28:43 [scrapy] DEBUG: Scraped from <200 https://twitter.com/i/search/timeline?l=en&f=tweets&q=%22Chubby%20Stick%20Shadow%20Tint%20for%20Eyes%22&src=typed&max_position=TWEET-808105951127633921-984442316592205825>
None
2018-04-14 15:28:43 [scrapy] DEBUG: Scraped from <200 https://twitter.com/i/search/timeline?l=en&f=tweets&q=%22Chubby%20Stick%20Shadow%20Tint%20for%20Eyes%22&src=typed&max_position=TWEET-808105951127633921-984442316592205825>
None
2018-04-14 15:28:43 [scrapy] DEBUG: Crawled (200) <GET https://twitter.com/i/search/timeline?l=en&f=tweets&q=%22Chubby%20Stick%20Shadow%20Tint%20for%20Eyes%22&src=typed&max_position=TWEET-795035660688232448-984442316592205825> (referer: https://twitter.com/i/search/timeline?l=en&f=tweets&q=%22Chubby%20Stick%20Shadow%20Tint%20for%20Eyes%22&src=typed&max_position=TWEET-808105951127633921-984442316592205825)
2018-04-14 15:28:43 [scrapy] DEBUG: Scraped from <200 https://twitter.com/i/search/timeline?l=en&f=tweets&q=%22Chubby%20Stick%20Shadow%20Tint%20for%20Eyes%22&src=typed&max_position=TWEET-795035660688232448-984442316592205825>
None
2018-04-14 15:28:43 [scrapy] DEBUG: Scraped from <200 https://twitter.com/i/search/timeline?l=en&f=tweets&q=%22Chubby%20Stick%20Shadow%20Tint%20for%20Eyes%22&src=typed&max_position=TWEET-795035660688232448-984442316592205825>
None
2018-04-14 15:28:43 [scrapy] DEBUG: Scraped from <200 https://twitter.com/i/search/timeline?l=en&f=tweets&q=%22Chubby%20Stick%20Shadow%20Tint%20for%20Eyes%22&src=typed&max_position=TWEET-795035660688232448-984442316592205825>
None
2018-04-14 15:28:43 [scrapy] DEBUG: Scraped from <200 https://twitter.com/i/search/timeline?l=en&f=tweets&q=%22Chubby%20Stick%20Shadow%20Tint%20for%20Eyes%22&src=typed&max_position=TWEET-795035660688232448-984442316592205825>
None
2018-04-14 15:28:44 [scrapy] DEBUG: Scraped from <200 https://twitter.com/i/search/timeline?l=en&f=tweets&q=%22Chubby%20Stick%20Shadow%20Tint%20for%20Eyes%22&src=typed&max_position=TWEET-795035660688232448-984442316592205825>
None
2018-04-14 15:28:44 [scrapy] DEBUG: Crawled (200) <GET https://twitter.com/i/search/timeline?l=en&f=tweets&q=%22Chubby%20Stick%20Shadow%20Tint%20for%20Eyes%22&src=typed&max_position=TWEET-788607719158743040-984442316592205825> (referer: https://twitter.com/i/search/timeline?l=en&f=tweets&q=%22Chubby%20Stick%20Shadow%20Tint%20for%20Eyes%22&src=typed&max_position=TWEET-795035660688232448-984442316592205825)
2018-04-14 15:28:44 [scrapy] DEBUG: Crawled (200) <GET https://twitter.com/i/search/timeline?l=en&f=tweets&q=%22Chubby%20Stick%20Shadow%20Tint%20for%20Eyes%22&src=typed&max_position=TWEET-783474940511154176-984442316592205825> (referer: https://twitter.com/i/search/timeline?l=en&f=tweets&q=%22Chubby%20Stick%20Shadow%20Tint%20for%20Eyes%22&src=typed&max_position=TWEET-788607719158743040-984442316592205825)
2018-04-14 15:28:45 [scrapy] DEBUG: Scraped from <200 https://twitter.com/i/search/timeline?l=en&f=tweets&q=%22Chubby%20Stick%20Shadow%20Tint%20for%20Eyes%22&src=typed&max_position=TWEET-783474940511154176-984442316592205825>
None
2018-04-14 15:28:45 [scrapy] DEBUG: Scraped from <200 https://twitter.com/i/search/timeline?l=en&f=tweets&q=%22Chubby%20Stick%20Shadow%20Tint%20for%20Eyes%22&src=typed&max_position=TWEET-783474940511154176-984442316592205825>
None
2018-04-14 15:28:45 [scrapy] DEBUG: Scraped from <200 https://twitter.com/i/search/timeline?l=en&f=tweets&q=%22Chubby%20Stick%20Shadow%20Tint%20for%20Eyes%22&src=typed&max_position=TWEET-783474940511154176-984442316592205825>
None
2018-04-14 15:28:45 [scrapy] DEBUG: Scraped from <200 https://twitter.com/i/search/timeline?l=en&f=tweets&q=%22Chubby%20Stick%20Shadow%20Tint%20for%20Eyes%22&src=typed&max_position=TWEET-783474940511154176-984442316592205825>
None
2018-04-14 15:28:45 [scrapy] DEBUG: Scraped from <200 https://twitter.com/i/search/timeline?l=en&f=tweets&q=%22Chubby%20Stick%20Shadow%20Tint%20for%20Eyes%22&src=typed&max_position=TWEET-783474940511154176-984442316592205825>
None
2018-04-14 15:28:45 [scrapy] DEBUG: Scraped from <200 https://twitter.com/i/search/timeline?l=en&f=tweets&q=%22Chubby%20Stick%20Shadow%20Tint%20for%20Eyes%22&src=typed&max_position=TWEET-783474940511154176-984442316592205825>
None
2018-04-14 15:28:46 [scrapy] DEBUG: Crawled (200) <GET https://twitter.com/i/search/timeline?l=en&f=tweets&q=%22Chubby%20Stick%20Shadow%20Tint%20for%20Eyes%22&src=typed&max_position=TWEET-779716185176670209-984442316592205825> (referer: https://twitter.com/i/search/timeline?l=en&f=tweets&q=%22Chubby%20Stick%20Shadow%20Tint%20for%20Eyes%22&src=typed&max_position=TWEET-783474940511154176-984442316592205825)
2018-04-14 15:28:46 [scrapy] DEBUG: Scraped from <200 https://twitter.com/i/search/timeline?l=en&f=tweets&q=%22Chubby%20Stick%20Shadow%20Tint%20for%20Eyes%22&src=typed&max_position=TWEET-779716185176670209-984442316592205825>
None
2018-04-14 15:28:46 [scrapy] DEBUG: Scraped from <200 https://twitter.com/i/search/timeline?l=en&f=tweets&q=%22Chubby%20Stick%20Shadow%20Tint%20for%20Eyes%22&src=typed&max_position=TWEET-779716185176670209-984442316592205825>
None
2018-04-14 15:28:46 [scrapy] DEBUG: Scraped from <200 https://twitter.com/i/search/timeline?l=en&f=tweets&q=%22Chubby%20Stick%20Shadow%20Tint%20for%20Eyes%22&src=typed&max_position=TWEET-779716185176670209-984442316592205825>
None
2018-04-14 15:28:46 [scrapy] DEBUG: Scraped from <200 https://twitter.com/i/search/timeline?l=en&f=tweets&q=%22Chubby%20Stick%20Shadow%20Tint%20for%20Eyes%22&src=typed&max_position=TWEET-779716185176670209-984442316592205825>
None
2018-04-14 15:28:46 [scrapy] DEBUG: Scraped from <200 https://twitter.com/i/search/timeline?l=en&f=tweets&q=%22Chubby%20Stick%20Shadow%20Tint%20for%20Eyes%22&src=typed&max_position=TWEET-779716185176670209-984442316592205825>
None
2018-04-14 15:28:46 [scrapy] DEBUG: Scraped from <200 https://twitter.com/i/search/timeline?l=en&f=tweets&q=%22Chubby%20Stick%20Shadow%20Tint%20for%20Eyes%22&src=typed&max_position=TWEET-779716185176670209-984442316592205825>
None
2018-04-14 15:28:46 [scrapy] DEBUG: Scraped from <200 https://twitter.com/i/search/timeline?l=en&f=tweets&q=%22Chubby%20Stick%20Shadow%20Tint%20for%20Eyes%22&src=typed&max_position=TWEET-779716185176670209-984442316592205825>
None
2018-04-14 15:28:46 [scrapy] DEBUG: Scraped from <200 https://twitter.com/i/search/timeline?l=en&f=tweets&q=%22Chubby%20Stick%20Shadow%20Tint%20for%20Eyes%22&src=typed&max_position=TWEET-779716185176670209-984442316592205825>
None
2018-04-14 15:28:46 [scrapy] DEBUG: Scraped from <200 https://twitter.com/i/search/timeline?l=en&f=tweets&q=%22Chubby%20Stick%20Shadow%20Tint%20for%20Eyes%22&src=typed&max_position=TWEET-779716185176670209-984442316592205825>
None
2018-04-14 15:28:46 [scrapy] DEBUG: Scraped from <200 https://twitter.com/i/search/timeline?l=en&f=tweets&q=%22Chubby%20Stick%20Shadow%20Tint%20for%20Eyes%22&src=typed&max_position=TWEET-779716185176670209-984442316592205825>
None
2018-04-14 15:28:46 [scrapy] DEBUG: Scraped from <200 https://twitter.com/i/search/timeline?l=en&f=tweets&q=%22Chubby%20Stick%20Shadow%20Tint%20for%20Eyes%22&src=typed&max_position=TWEET-779716185176670209-984442316592205825>
None
2018-04-14 15:28:46 [scrapy] DEBUG: Scraped from <200 https://twitter.com/i/search/timeline?l=en&f=tweets&q=%22Chubby%20Stick%20Shadow%20Tint%20for%20Eyes%22&src=typed&max_position=TWEET-779716185176670209-984442316592205825>
None
2018-04-14 15:28:46 [scrapy] DEBUG: Scraped from <200 https://twitter.com/i/search/timeline?l=en&f=tweets&q=%22Chubby%20Stick%20Shadow%20Tint%20for%20Eyes%22&src=typed&max_position=TWEET-779716185176670209-984442316592205825>
None
2018-04-14 15:28:46 [scrapy] DEBUG: Scraped from <200 https://twitter.com/i/search/timeline?l=en&f=tweets&q=%22Chubby%20Stick%20Shadow%20Tint%20for%20Eyes%22&src=typed&max_position=TWEET-779716185176670209-984442316592205825>
None
2018-04-14 15:28:46 [scrapy] DEBUG: Scraped from <200 https://twitter.com/i/search/timeline?l=en&f=tweets&q=%22Chubby%20Stick%20Shadow%20Tint%20for%20Eyes%22&src=typed&max_position=TWEET-779716185176670209-984442316592205825>
None
2018-04-14 15:28:46 [scrapy] DEBUG: Scraped from <200 https://twitter.com/i/search/timeline?l=en&f=tweets&q=%22Chubby%20Stick%20Shadow%20Tint%20for%20Eyes%22&src=typed&max_position=TWEET-779716185176670209-984442316592205825>
None
2018-04-14 15:28:46 [scrapy] DEBUG: Scraped from <200 https://twitter.com/i/search/timeline?l=en&f=tweets&q=%22Chubby%20Stick%20Shadow%20Tint%20for%20Eyes%22&src=typed&max_position=TWEET-779716185176670209-984442316592205825>
None
2018-04-14 15:28:47 [scrapy] DEBUG: Scraped from <200 https://twitter.com/i/search/timeline?l=en&f=tweets&q=%22Chubby%20Stick%20Shadow%20Tint%20for%20Eyes%22&src=typed&max_position=TWEET-779716185176670209-984442316592205825>
None
2018-04-14 15:28:47 [scrapy] DEBUG: Scraped from <200 https://twitter.com/i/search/timeline?l=en&f=tweets&q=%22Chubby%20Stick%20Shadow%20Tint%20for%20Eyes%22&src=typed&max_position=TWEET-779716185176670209-984442316592205825>
None
2018-04-14 15:28:47 [scrapy] DEBUG: Crawled (200) <GET https://twitter.com/i/search/timeline?l=en&f=tweets&q=%22Chubby%20Stick%20Shadow%20Tint%20for%20Eyes%22&src=typed&max_position=TWEET-771824344590786561-984442316592205825> (referer: https://twitter.com/i/search/timeline?l=en&f=tweets&q=%22Chubby%20Stick%20Shadow%20Tint%20for%20Eyes%22&src=typed&max_position=TWEET-779716185176670209-984442316592205825)
2018-04-14 15:28:47 [scrapy] DEBUG: Scraped from <200 https://twitter.com/i/search/timeline?l=en&f=tweets&q=%22Chubby%20Stick%20Shadow%20Tint%20for%20Eyes%22&src=typed&max_position=TWEET-771824344590786561-984442316592205825>
None
2018-04-14 15:28:47 [scrapy] DEBUG: Scraped from <200 https://twitter.com/i/search/timeline?l=en&f=tweets&q=%22Chubby%20Stick%20Shadow%20Tint%20for%20Eyes%22&src=typed&max_position=TWEET-771824344590786561-984442316592205825>
None
2018-04-14 15:28:47 [scrapy] DEBUG: Scraped from <200 https://twitter.com/i/search/timeline?l=en&f=tweets&q=%22Chubby%20Stick%20Shadow%20Tint%20for%20Eyes%22&src=typed&max_position=TWEET-771824344590786561-984442316592205825>
None
2018-04-14 15:28:47 [scrapy] DEBUG: Scraped from <200 https://twitter.com/i/search/timeline?l=en&f=tweets&q=%22Chubby%20Stick%20Shadow%20Tint%20for%20Eyes%22&src=typed&max_position=TWEET-771824344590786561-984442316592205825>
None
2018-04-14 15:28:48 [scrapy] DEBUG: Scraped from <200 https://twitter.com/i/search/timeline?l=en&f=tweets&q=%22Chubby%20Stick%20Shadow%20Tint%20for%20Eyes%22&src=typed&max_position=TWEET-771824344590786561-984442316592205825>
None
2018-04-14 15:28:48 [scrapy] DEBUG: Scraped from <200 https://twitter.com/i/search/timeline?l=en&f=tweets&q=%22Chubby%20Stick%20Shadow%20Tint%20for%20Eyes%22&src=typed&max_position=TWEET-771824344590786561-984442316592205825>
None
2018-04-14 15:28:48 [scrapy] DEBUG: Scraped from <200 https://twitter.com/i/search/timeline?l=en&f=tweets&q=%22Chubby%20Stick%20Shadow%20Tint%20for%20Eyes%22&src=typed&max_position=TWEET-771824344590786561-984442316592205825>
None
2018-04-14 15:28:48 [scrapy] DEBUG: Scraped from <200 https://twitter.com/i/search/timeline?l=en&f=tweets&q=%22Chubby%20Stick%20Shadow%20Tint%20for%20Eyes%22&src=typed&max_position=TWEET-771824344590786561-984442316592205825>
None
2018-04-14 15:28:48 [scrapy] DEBUG: Scraped from <200 https://twitter.com/i/search/timeline?l=en&f=tweets&q=%22Chubby%20Stick%20Shadow%20Tint%20for%20Eyes%22&src=typed&max_position=TWEET-771824344590786561-984442316592205825>
None
2018-04-14 15:28:48 [scrapy] DEBUG: Scraped from <200 https://twitter.com/i/search/timeline?l=en&f=tweets&q=%22Chubby%20Stick%20Shadow%20Tint%20for%20Eyes%22&src=typed&max_position=TWEET-771824344590786561-984442316592205825>
None
2018-04-14 15:28:48 [scrapy] DEBUG: Scraped from <200 https://twitter.com/i/search/timeline?l=en&f=tweets&q=%22Chubby%20Stick%20Shadow%20Tint%20for%20Eyes%22&src=typed&max_position=TWEET-771824344590786561-984442316592205825>
None
2018-04-14 15:28:48 [scrapy] DEBUG: Scraped from <200 https://twitter.com/i/search/timeline?l=en&f=tweets&q=%22Chubby%20Stick%20Shadow%20Tint%20for%20Eyes%22&src=typed&max_position=TWEET-771824344590786561-984442316592205825>
None
2018-04-14 15:28:48 [scrapy] DEBUG: Scraped from <200 https://twitter.com/i/search/timeline?l=en&f=tweets&q=%22Chubby%20Stick%20Shadow%20Tint%20for%20Eyes%22&src=typed&max_position=TWEET-771824344590786561-984442316592205825>
None
2018-04-14 15:28:48 [scrapy] DEBUG: Scraped from <200 https://twitter.com/i/search/timeline?l=en&f=tweets&q=%22Chubby%20Stick%20Shadow%20Tint%20for%20Eyes%22&src=typed&max_position=TWEET-771824344590786561-984442316592205825>
None
2018-04-14 15:28:48 [scrapy] DEBUG: Scraped from <200 https://twitter.com/i/search/timeline?l=en&f=tweets&q=%22Chubby%20Stick%20Shadow%20Tint%20for%20Eyes%22&src=typed&max_position=TWEET-771824344590786561-984442316592205825>
None
2018-04-14 15:28:48 [scrapy] DEBUG: Scraped from <200 https://twitter.com/i/search/timeline?l=en&f=tweets&q=%22Chubby%20Stick%20Shadow%20Tint%20for%20Eyes%22&src=typed&max_position=TWEET-771824344590786561-984442316592205825>
None
2018-04-14 15:28:48 [scrapy] DEBUG: Scraped from <200 https://twitter.com/i/search/timeline?l=en&f=tweets&q=%22Chubby%20Stick%20Shadow%20Tint%20for%20Eyes%22&src=typed&max_position=TWEET-771824344590786561-984442316592205825>
None
2018-04-14 15:28:48 [scrapy] DEBUG: Scraped from <200 https://twitter.com/i/search/timeline?l=en&f=tweets&q=%22Chubby%20Stick%20Shadow%20Tint%20for%20Eyes%22&src=typed&max_position=TWEET-771824344590786561-984442316592205825>
None
2018-04-14 15:28:48 [scrapy] DEBUG: Scraped from <200 https://twitter.com/i/search/timeline?l=en&f=tweets&q=%22Chubby%20Stick%20Shadow%20Tint%20for%20Eyes%22&src=typed&max_position=TWEET-771824344590786561-984442316592205825>
None
2018-04-14 15:28:48 [scrapy] DEBUG: Scraped from <200 https://twitter.com/i/search/timeline?l=en&f=tweets&q=%22Chubby%20Stick%20Shadow%20Tint%20for%20Eyes%22&src=typed&max_position=TWEET-771824344590786561-984442316592205825>
None
2018-04-14 15:28:49 [scrapy] DEBUG: Crawled (200) <GET https://twitter.com/i/search/timeline?l=en&f=tweets&q=%22Chubby%20Stick%20Shadow%20Tint%20for%20Eyes%22&src=typed&max_position=TWEET-766637378274406402-984442316592205825> (referer: https://twitter.com/i/search/timeline?l=en&f=tweets&q=%22Chubby%20Stick%20Shadow%20Tint%20for%20Eyes%22&src=typed&max_position=TWEET-771824344590786561-984442316592205825)
2018-04-14 15:28:49 [scrapy] DEBUG: Scraped from <200 https://twitter.com/i/search/timeline?l=en&f=tweets&q=%22Chubby%20Stick%20Shadow%20Tint%20for%20Eyes%22&src=typed&max_position=TWEET-766637378274406402-984442316592205825>
None
2018-04-14 15:28:49 [scrapy] DEBUG: Scraped from <200 https://twitter.com/i/search/timeline?l=en&f=tweets&q=%22Chubby%20Stick%20Shadow%20Tint%20for%20Eyes%22&src=typed&max_position=TWEET-766637378274406402-984442316592205825>
None
2018-04-14 15:28:49 [scrapy] DEBUG: Scraped from <200 https://twitter.com/i/search/timeline?l=en&f=tweets&q=%22Chubby%20Stick%20Shadow%20Tint%20for%20Eyes%22&src=typed&max_position=TWEET-766637378274406402-984442316592205825>
None
2018-04-14 15:28:49 [scrapy] DEBUG: Scraped from <200 https://twitter.com/i/search/timeline?l=en&f=tweets&q=%22Chubby%20Stick%20Shadow%20Tint%20for%20Eyes%22&src=typed&max_position=TWEET-766637378274406402-984442316592205825>
None
2018-04-14 15:28:49 [scrapy] DEBUG: Scraped from <200 https://twitter.com/i/search/timeline?l=en&f=tweets&q=%22Chubby%20Stick%20Shadow%20Tint%20for%20Eyes%22&src=typed&max_position=TWEET-766637378274406402-984442316592205825>
None
2018-04-14 15:28:49 [scrapy] DEBUG: Scraped from <200 https://twitter.com/i/search/timeline?l=en&f=tweets&q=%22Chubby%20Stick%20Shadow%20Tint%20for%20Eyes%22&src=typed&max_position=TWEET-766637378274406402-984442316592205825>
None
2018-04-14 15:28:49 [scrapy] DEBUG: Scraped from <200 https://twitter.com/i/search/timeline?l=en&f=tweets&q=%22Chubby%20Stick%20Shadow%20Tint%20for%20Eyes%22&src=typed&max_position=TWEET-766637378274406402-984442316592205825>
None
2018-04-14 15:28:49 [scrapy] DEBUG: Scraped from <200 https://twitter.com/i/search/timeline?l=en&f=tweets&q=%22Chubby%20Stick%20Shadow%20Tint%20for%20Eyes%22&src=typed&max_position=TWEET-766637378274406402-984442316592205825>
None
2018-04-14 15:28:49 [scrapy] DEBUG: Scraped from <200 https://twitter.com/i/search/timeline?l=en&f=tweets&q=%22Chubby%20Stick%20Shadow%20Tint%20for%20Eyes%22&src=typed&max_position=TWEET-766637378274406402-984442316592205825>
None
2018-04-14 15:28:49 [scrapy] DEBUG: Scraped from <200 https://twitter.com/i/search/timeline?l=en&f=tweets&q=%22Chubby%20Stick%20Shadow%20Tint%20for%20Eyes%22&src=typed&max_position=TWEET-766637378274406402-984442316592205825>
None
2018-04-14 15:28:50 [scrapy] DEBUG: Scraped from <200 https://twitter.com/i/search/timeline?l=en&f=tweets&q=%22Chubby%20Stick%20Shadow%20Tint%20for%20Eyes%22&src=typed&max_position=TWEET-766637378274406402-984442316592205825>
None
2018-04-14 15:28:50 [scrapy] DEBUG: Scraped from <200 https://twitter.com/i/search/timeline?l=en&f=tweets&q=%22Chubby%20Stick%20Shadow%20Tint%20for%20Eyes%22&src=typed&max_position=TWEET-766637378274406402-984442316592205825>
None
2018-04-14 15:28:50 [scrapy] DEBUG: Scraped from <200 https://twitter.com/i/search/timeline?l=en&f=tweets&q=%22Chubby%20Stick%20Shadow%20Tint%20for%20Eyes%22&src=typed&max_position=TWEET-766637378274406402-984442316592205825>
None
2018-04-14 15:28:50 [scrapy] DEBUG: Scraped from <200 https://twitter.com/i/search/timeline?l=en&f=tweets&q=%22Chubby%20Stick%20Shadow%20Tint%20for%20Eyes%22&src=typed&max_position=TWEET-766637378274406402-984442316592205825>
None
2018-04-14 15:28:50 [scrapy] DEBUG: Scraped from <200 https://twitter.com/i/search/timeline?l=en&f=tweets&q=%22Chubby%20Stick%20Shadow%20Tint%20for%20Eyes%22&src=typed&max_position=TWEET-766637378274406402-984442316592205825>
None
2018-04-14 15:28:50 [scrapy] DEBUG: Scraped from <200 https://twitter.com/i/search/timeline?l=en&f=tweets&q=%22Chubby%20Stick%20Shadow%20Tint%20for%20Eyes%22&src=typed&max_position=TWEET-766637378274406402-984442316592205825>
None
2018-04-14 15:28:50 [scrapy] DEBUG: Scraped from <200 https://twitter.com/i/search/timeline?l=en&f=tweets&q=%22Chubby%20Stick%20Shadow%20Tint%20for%20Eyes%22&src=typed&max_position=TWEET-766637378274406402-984442316592205825>
None
2018-04-14 15:28:50 [scrapy] DEBUG: Scraped from <200 https://twitter.com/i/search/timeline?l=en&f=tweets&q=%22Chubby%20Stick%20Shadow%20Tint%20for%20Eyes%22&src=typed&max_position=TWEET-766637378274406402-984442316592205825>
None
2018-04-14 15:28:50 [scrapy] DEBUG: Scraped from <200 https://twitter.com/i/search/timeline?l=en&f=tweets&q=%22Chubby%20Stick%20Shadow%20Tint%20for%20Eyes%22&src=typed&max_position=TWEET-766637378274406402-984442316592205825>
None
2018-04-14 15:28:50 [scrapy] DEBUG: Scraped from <200 https://twitter.com/i/search/timeline?l=en&f=tweets&q=%22Chubby%20Stick%20Shadow%20Tint%20for%20Eyes%22&src=typed&max_position=TWEET-766637378274406402-984442316592205825>
None
2018-04-14 15:28:50 [scrapy] DEBUG: Crawled (200) <GET https://twitter.com/i/search/timeline?l=en&f=tweets&q=%22Chubby%20Stick%20Shadow%20Tint%20for%20Eyes%22&src=typed&max_position=TWEET-734609873875415040-984442316592205825> (referer: https://twitter.com/i/search/timeline?l=en&f=tweets&q=%22Chubby%20Stick%20Shadow%20Tint%20for%20Eyes%22&src=typed&max_position=TWEET-766637378274406402-984442316592205825)
2018-04-14 15:28:51 [scrapy] DEBUG: Scraped from <200 https://twitter.com/i/search/timeline?l=en&f=tweets&q=%22Chubby%20Stick%20Shadow%20Tint%20for%20Eyes%22&src=typed&max_position=TWEET-734609873875415040-984442316592205825>
None
2018-04-14 15:28:51 [scrapy] DEBUG: Scraped from <200 https://twitter.com/i/search/timeline?l=en&f=tweets&q=%22Chubby%20Stick%20Shadow%20Tint%20for%20Eyes%22&src=typed&max_position=TWEET-734609873875415040-984442316592205825>
None
2018-04-14 15:28:51 [scrapy] DEBUG: Scraped from <200 https://twitter.com/i/search/timeline?l=en&f=tweets&q=%22Chubby%20Stick%20Shadow%20Tint%20for%20Eyes%22&src=typed&max_position=TWEET-734609873875415040-984442316592205825>
None
2018-04-14 15:28:51 [scrapy] DEBUG: Scraped from <200 https://twitter.com/i/search/timeline?l=en&f=tweets&q=%22Chubby%20Stick%20Shadow%20Tint%20for%20Eyes%22&src=typed&max_position=TWEET-734609873875415040-984442316592205825>
None
2018-04-14 15:28:51 [scrapy] DEBUG: Scraped from <200 https://twitter.com/i/search/timeline?l=en&f=tweets&q=%22Chubby%20Stick%20Shadow%20Tint%20for%20Eyes%22&src=typed&max_position=TWEET-734609873875415040-984442316592205825>
None
2018-04-14 15:28:51 [scrapy] DEBUG: Scraped from <200 https://twitter.com/i/search/timeline?l=en&f=tweets&q=%22Chubby%20Stick%20Shadow%20Tint%20for%20Eyes%22&src=typed&max_position=TWEET-734609873875415040-984442316592205825>
None
2018-04-14 15:28:51 [scrapy] DEBUG: Scraped from <200 https://twitter.com/i/search/timeline?l=en&f=tweets&q=%22Chubby%20Stick%20Shadow%20Tint%20for%20Eyes%22&src=typed&max_position=TWEET-734609873875415040-984442316592205825>
None
2018-04-14 15:28:51 [scrapy] DEBUG: Scraped from <200 https://twitter.com/i/search/timeline?l=en&f=tweets&q=%22Chubby%20Stick%20Shadow%20Tint%20for%20Eyes%22&src=typed&max_position=TWEET-734609873875415040-984442316592205825>
None
2018-04-14 15:28:51 [scrapy] DEBUG: Scraped from <200 https://twitter.com/i/search/timeline?l=en&f=tweets&q=%22Chubby%20Stick%20Shadow%20Tint%20for%20Eyes%22&src=typed&max_position=TWEET-734609873875415040-984442316592205825>
None
2018-04-14 15:28:51 [scrapy] DEBUG: Scraped from <200 https://twitter.com/i/search/timeline?l=en&f=tweets&q=%22Chubby%20Stick%20Shadow%20Tint%20for%20Eyes%22&src=typed&max_position=TWEET-734609873875415040-984442316592205825>
None
2018-04-14 15:28:51 [scrapy] DEBUG: Scraped from <200 https://twitter.com/i/search/timeline?l=en&f=tweets&q=%22Chubby%20Stick%20Shadow%20Tint%20for%20Eyes%22&src=typed&max_position=TWEET-734609873875415040-984442316592205825>
None
2018-04-14 15:28:51 [scrapy] DEBUG: Scraped from <200 https://twitter.com/i/search/timeline?l=en&f=tweets&q=%22Chubby%20Stick%20Shadow%20Tint%20for%20Eyes%22&src=typed&max_position=TWEET-734609873875415040-984442316592205825>
None
2018-04-14 15:28:51 [scrapy] DEBUG: Scraped from <200 https://twitter.com/i/search/timeline?l=en&f=tweets&q=%22Chubby%20Stick%20Shadow%20Tint%20for%20Eyes%22&src=typed&max_position=TWEET-734609873875415040-984442316592205825>
None
2018-04-14 15:28:51 [scrapy] DEBUG: Scraped from <200 https://twitter.com/i/search/timeline?l=en&f=tweets&q=%22Chubby%20Stick%20Shadow%20Tint%20for%20Eyes%22&src=typed&max_position=TWEET-734609873875415040-984442316592205825>
None
2018-04-14 15:28:52 [scrapy] DEBUG: Crawled (200) <GET https://twitter.com/i/search/timeline?l=en&f=tweets&q=%22Chubby%20Stick%20Shadow%20Tint%20for%20Eyes%22&src=typed&max_position=TWEET-696975592525275136-984442316592205825> (referer: https://twitter.com/i/search/timeline?l=en&f=tweets&q=%22Chubby%20Stick%20Shadow%20Tint%20for%20Eyes%22&src=typed&max_position=TWEET-734609873875415040-984442316592205825)
2018-04-14 15:28:52 [scrapy] DEBUG: Scraped from <200 https://twitter.com/i/search/timeline?l=en&f=tweets&q=%22Chubby%20Stick%20Shadow%20Tint%20for%20Eyes%22&src=typed&max_position=TWEET-696975592525275136-984442316592205825>
None
2018-04-14 15:28:52 [scrapy] DEBUG: Scraped from <200 https://twitter.com/i/search/timeline?l=en&f=tweets&q=%22Chubby%20Stick%20Shadow%20Tint%20for%20Eyes%22&src=typed&max_position=TWEET-696975592525275136-984442316592205825>
None
2018-04-14 15:28:52 [scrapy] DEBUG: Scraped from <200 https://twitter.com/i/search/timeline?l=en&f=tweets&q=%22Chubby%20Stick%20Shadow%20Tint%20for%20Eyes%22&src=typed&max_position=TWEET-696975592525275136-984442316592205825>
None
2018-04-14 15:28:52 [scrapy] DEBUG: Scraped from <200 https://twitter.com/i/search/timeline?l=en&f=tweets&q=%22Chubby%20Stick%20Shadow%20Tint%20for%20Eyes%22&src=typed&max_position=TWEET-696975592525275136-984442316592205825>
None
2018-04-14 15:28:52 [scrapy] DEBUG: Scraped from <200 https://twitter.com/i/search/timeline?l=en&f=tweets&q=%22Chubby%20Stick%20Shadow%20Tint%20for%20Eyes%22&src=typed&max_position=TWEET-696975592525275136-984442316592205825>
None
2018-04-14 15:28:52 [scrapy] DEBUG: Scraped from <200 https://twitter.com/i/search/timeline?l=en&f=tweets&q=%22Chubby%20Stick%20Shadow%20Tint%20for%20Eyes%22&src=typed&max_position=TWEET-696975592525275136-984442316592205825>
None
2018-04-14 15:28:52 [scrapy] DEBUG: Scraped from <200 https://twitter.com/i/search/timeline?l=en&f=tweets&q=%22Chubby%20Stick%20Shadow%20Tint%20for%20Eyes%22&src=typed&max_position=TWEET-696975592525275136-984442316592205825>
None
2018-04-14 15:28:52 [scrapy] DEBUG: Scraped from <200 https://twitter.com/i/search/timeline?l=en&f=tweets&q=%22Chubby%20Stick%20Shadow%20Tint%20for%20Eyes%22&src=typed&max_position=TWEET-696975592525275136-984442316592205825>
None
2018-04-14 15:28:52 [scrapy] DEBUG: Scraped from <200 https://twitter.com/i/search/timeline?l=en&f=tweets&q=%22Chubby%20Stick%20Shadow%20Tint%20for%20Eyes%22&src=typed&max_position=TWEET-696975592525275136-984442316592205825>
None
2018-04-14 15:28:52 [scrapy] DEBUG: Scraped from <200 https://twitter.com/i/search/timeline?l=en&f=tweets&q=%22Chubby%20Stick%20Shadow%20Tint%20for%20Eyes%22&src=typed&max_position=TWEET-696975592525275136-984442316592205825>
None
2018-04-14 15:28:52 [scrapy] DEBUG: Scraped from <200 https://twitter.com/i/search/timeline?l=en&f=tweets&q=%22Chubby%20Stick%20Shadow%20Tint%20for%20Eyes%22&src=typed&max_position=TWEET-696975592525275136-984442316592205825>
None
2018-04-14 15:28:52 [scrapy] DEBUG: Scraped from <200 https://twitter.com/i/search/timeline?l=en&f=tweets&q=%22Chubby%20Stick%20Shadow%20Tint%20for%20Eyes%22&src=typed&max_position=TWEET-696975592525275136-984442316592205825>
None
2018-04-14 15:28:52 [scrapy] DEBUG: Scraped from <200 https://twitter.com/i/search/timeline?l=en&f=tweets&q=%22Chubby%20Stick%20Shadow%20Tint%20for%20Eyes%22&src=typed&max_position=TWEET-696975592525275136-984442316592205825>
None
2018-04-14 15:28:52 [scrapy] DEBUG: Scraped from <200 https://twitter.com/i/search/timeline?l=en&f=tweets&q=%22Chubby%20Stick%20Shadow%20Tint%20for%20Eyes%22&src=typed&max_position=TWEET-696975592525275136-984442316592205825>
None
2018-04-14 15:28:52 [scrapy] DEBUG: Scraped from <200 https://twitter.com/i/search/timeline?l=en&f=tweets&q=%22Chubby%20Stick%20Shadow%20Tint%20for%20Eyes%22&src=typed&max_position=TWEET-696975592525275136-984442316592205825>
None
2018-04-14 15:28:52 [scrapy] DEBUG: Scraped from <200 https://twitter.com/i/search/timeline?l=en&f=tweets&q=%22Chubby%20Stick%20Shadow%20Tint%20for%20Eyes%22&src=typed&max_position=TWEET-696975592525275136-984442316592205825>
None
2018-04-14 15:28:53 [scrapy] DEBUG: Scraped from <200 https://twitter.com/i/search/timeline?l=en&f=tweets&q=%22Chubby%20Stick%20Shadow%20Tint%20for%20Eyes%22&src=typed&max_position=TWEET-696975592525275136-984442316592205825>
None
2018-04-14 15:28:53 [scrapy] DEBUG: Scraped from <200 https://twitter.com/i/search/timeline?l=en&f=tweets&q=%22Chubby%20Stick%20Shadow%20Tint%20for%20Eyes%22&src=typed&max_position=TWEET-696975592525275136-984442316592205825>
None
2018-04-14 15:28:53 [scrapy] DEBUG: Crawled (200) <GET https://twitter.com/i/search/timeline?l=en&f=tweets&q=%22Chubby%20Stick%20Shadow%20Tint%20for%20Eyes%22&src=typed&max_position=TWEET-652427117444009984-984442316592205825> (referer: https://twitter.com/i/search/timeline?l=en&f=tweets&q=%22Chubby%20Stick%20Shadow%20Tint%20for%20Eyes%22&src=typed&max_position=TWEET-696975592525275136-984442316592205825)
2018-04-14 15:28:53 [scrapy] DEBUG: Scraped from <200 https://twitter.com/i/search/timeline?l=en&f=tweets&q=%22Chubby%20Stick%20Shadow%20Tint%20for%20Eyes%22&src=typed&max_position=TWEET-652427117444009984-984442316592205825>
None
2018-04-14 15:28:53 [scrapy] DEBUG: Scraped from <200 https://twitter.com/i/search/timeline?l=en&f=tweets&q=%22Chubby%20Stick%20Shadow%20Tint%20for%20Eyes%22&src=typed&max_position=TWEET-652427117444009984-984442316592205825>
None
2018-04-14 15:28:53 [scrapy] DEBUG: Scraped from <200 https://twitter.com/i/search/timeline?l=en&f=tweets&q=%22Chubby%20Stick%20Shadow%20Tint%20for%20Eyes%22&src=typed&max_position=TWEET-652427117444009984-984442316592205825>
None
2018-04-14 15:28:53 [scrapy] DEBUG: Scraped from <200 https://twitter.com/i/search/timeline?l=en&f=tweets&q=%22Chubby%20Stick%20Shadow%20Tint%20for%20Eyes%22&src=typed&max_position=TWEET-652427117444009984-984442316592205825>
None
2018-04-14 15:28:53 [scrapy] DEBUG: Scraped from <200 https://twitter.com/i/search/timeline?l=en&f=tweets&q=%22Chubby%20Stick%20Shadow%20Tint%20for%20Eyes%22&src=typed&max_position=TWEET-652427117444009984-984442316592205825>
None
2018-04-14 15:28:53 [scrapy] DEBUG: Scraped from <200 https://twitter.com/i/search/timeline?l=en&f=tweets&q=%22Chubby%20Stick%20Shadow%20Tint%20for%20Eyes%22&src=typed&max_position=TWEET-652427117444009984-984442316592205825>
None
2018-04-14 15:28:53 [scrapy] DEBUG: Scraped from <200 https://twitter.com/i/search/timeline?l=en&f=tweets&q=%22Chubby%20Stick%20Shadow%20Tint%20for%20Eyes%22&src=typed&max_position=TWEET-652427117444009984-984442316592205825>
None
2018-04-14 15:28:54 [scrapy] DEBUG: Scraped from <200 https://twitter.com/i/search/timeline?l=en&f=tweets&q=%22Chubby%20Stick%20Shadow%20Tint%20for%20Eyes%22&src=typed&max_position=TWEET-652427117444009984-984442316592205825>
None
2018-04-14 15:28:54 [scrapy] DEBUG: Scraped from <200 https://twitter.com/i/search/timeline?l=en&f=tweets&q=%22Chubby%20Stick%20Shadow%20Tint%20for%20Eyes%22&src=typed&max_position=TWEET-652427117444009984-984442316592205825>
None
2018-04-14 15:28:54 [scrapy] DEBUG: Scraped from <200 https://twitter.com/i/search/timeline?l=en&f=tweets&q=%22Chubby%20Stick%20Shadow%20Tint%20for%20Eyes%22&src=typed&max_position=TWEET-652427117444009984-984442316592205825>
None
2018-04-14 15:28:54 [scrapy] DEBUG: Scraped from <200 https://twitter.com/i/search/timeline?l=en&f=tweets&q=%22Chubby%20Stick%20Shadow%20Tint%20for%20Eyes%22&src=typed&max_position=TWEET-652427117444009984-984442316592205825>
None
2018-04-14 15:28:54 [scrapy] DEBUG: Scraped from <200 https://twitter.com/i/search/timeline?l=en&f=tweets&q=%22Chubby%20Stick%20Shadow%20Tint%20for%20Eyes%22&src=typed&max_position=TWEET-652427117444009984-984442316592205825>
None
2018-04-14 15:28:54 [scrapy] DEBUG: Scraped from <200 https://twitter.com/i/search/timeline?l=en&f=tweets&q=%22Chubby%20Stick%20Shadow%20Tint%20for%20Eyes%22&src=typed&max_position=TWEET-652427117444009984-984442316592205825>
None
2018-04-14 15:28:54 [scrapy] DEBUG: Scraped from <200 https://twitter.com/i/search/timeline?l=en&f=tweets&q=%22Chubby%20Stick%20Shadow%20Tint%20for%20Eyes%22&src=typed&max_position=TWEET-652427117444009984-984442316592205825>
None
2018-04-14 15:28:54 [scrapy] DEBUG: Scraped from <200 https://twitter.com/i/search/timeline?l=en&f=tweets&q=%22Chubby%20Stick%20Shadow%20Tint%20for%20Eyes%22&src=typed&max_position=TWEET-652427117444009984-984442316592205825>
None
2018-04-14 15:28:54 [scrapy] DEBUG: Scraped from <200 https://twitter.com/i/search/timeline?l=en&f=tweets&q=%22Chubby%20Stick%20Shadow%20Tint%20for%20Eyes%22&src=typed&max_position=TWEET-652427117444009984-984442316592205825>
None
2018-04-14 15:28:54 [scrapy] DEBUG: Scraped from <200 https://twitter.com/i/search/timeline?l=en&f=tweets&q=%22Chubby%20Stick%20Shadow%20Tint%20for%20Eyes%22&src=typed&max_position=TWEET-652427117444009984-984442316592205825>
None
2018-04-14 15:28:54 [scrapy] DEBUG: Scraped from <200 https://twitter.com/i/search/timeline?l=en&f=tweets&q=%22Chubby%20Stick%20Shadow%20Tint%20for%20Eyes%22&src=typed&max_position=TWEET-652427117444009984-984442316592205825>
None
2018-04-14 15:28:54 [scrapy] DEBUG: Scraped from <200 https://twitter.com/i/search/timeline?l=en&f=tweets&q=%22Chubby%20Stick%20Shadow%20Tint%20for%20Eyes%22&src=typed&max_position=TWEET-652427117444009984-984442316592205825>
None
2018-04-14 15:28:54 [scrapy] DEBUG: Scraped from <200 https://twitter.com/i/search/timeline?l=en&f=tweets&q=%22Chubby%20Stick%20Shadow%20Tint%20for%20Eyes%22&src=typed&max_position=TWEET-652427117444009984-984442316592205825>
None
2018-04-14 15:28:55 [scrapy] DEBUG: Crawled (200) <GET https://twitter.com/i/search/timeline?l=en&f=tweets&q=%22Chubby%20Stick%20Shadow%20Tint%20for%20Eyes%22&src=typed&max_position=TWEET-626795855618572288-984442316592205825> (referer: https://twitter.com/i/search/timeline?l=en&f=tweets&q=%22Chubby%20Stick%20Shadow%20Tint%20for%20Eyes%22&src=typed&max_position=TWEET-652427117444009984-984442316592205825)
2018-04-14 15:28:55 [scrapy] DEBUG: Scraped from <200 https://twitter.com/i/search/timeline?l=en&f=tweets&q=%22Chubby%20Stick%20Shadow%20Tint%20for%20Eyes%22&src=typed&max_position=TWEET-626795855618572288-984442316592205825>
None
2018-04-14 15:28:55 [scrapy] DEBUG: Scraped from <200 https://twitter.com/i/search/timeline?l=en&f=tweets&q=%22Chubby%20Stick%20Shadow%20Tint%20for%20Eyes%22&src=typed&max_position=TWEET-626795855618572288-984442316592205825>
None
2018-04-14 15:28:55 [scrapy] DEBUG: Scraped from <200 https://twitter.com/i/search/timeline?l=en&f=tweets&q=%22Chubby%20Stick%20Shadow%20Tint%20for%20Eyes%22&src=typed&max_position=TWEET-626795855618572288-984442316592205825>
None
2018-04-14 15:28:55 [scrapy] DEBUG: Scraped from <200 https://twitter.com/i/search/timeline?l=en&f=tweets&q=%22Chubby%20Stick%20Shadow%20Tint%20for%20Eyes%22&src=typed&max_position=TWEET-626795855618572288-984442316592205825>
None
2018-04-14 15:28:55 [scrapy] DEBUG: Scraped from <200 https://twitter.com/i/search/timeline?l=en&f=tweets&q=%22Chubby%20Stick%20Shadow%20Tint%20for%20Eyes%22&src=typed&max_position=TWEET-626795855618572288-984442316592205825>
None
2018-04-14 15:28:55 [scrapy] DEBUG: Scraped from <200 https://twitter.com/i/search/timeline?l=en&f=tweets&q=%22Chubby%20Stick%20Shadow%20Tint%20for%20Eyes%22&src=typed&max_position=TWEET-626795855618572288-984442316592205825>
None
2018-04-14 15:28:55 [scrapy] DEBUG: Scraped from <200 https://twitter.com/i/search/timeline?l=en&f=tweets&q=%22Chubby%20Stick%20Shadow%20Tint%20for%20Eyes%22&src=typed&max_position=TWEET-626795855618572288-984442316592205825>
None
2018-04-14 15:28:55 [scrapy] DEBUG: Scraped from <200 https://twitter.com/i/search/timeline?l=en&f=tweets&q=%22Chubby%20Stick%20Shadow%20Tint%20for%20Eyes%22&src=typed&max_position=TWEET-626795855618572288-984442316592205825>
None
2018-04-14 15:28:55 [scrapy] DEBUG: Scraped from <200 https://twitter.com/i/search/timeline?l=en&f=tweets&q=%22Chubby%20Stick%20Shadow%20Tint%20for%20Eyes%22&src=typed&max_position=TWEET-626795855618572288-984442316592205825>
None
2018-04-14 15:28:55 [scrapy] DEBUG: Scraped from <200 https://twitter.com/i/search/timeline?l=en&f=tweets&q=%22Chubby%20Stick%20Shadow%20Tint%20for%20Eyes%22&src=typed&max_position=TWEET-626795855618572288-984442316592205825>
None
2018-04-14 15:28:55 [scrapy] DEBUG: Scraped from <200 https://twitter.com/i/search/timeline?l=en&f=tweets&q=%22Chubby%20Stick%20Shadow%20Tint%20for%20Eyes%22&src=typed&max_position=TWEET-626795855618572288-984442316592205825>
None
2018-04-14 15:28:56 [scrapy] DEBUG: Scraped from <200 https://twitter.com/i/search/timeline?l=en&f=tweets&q=%22Chubby%20Stick%20Shadow%20Tint%20for%20Eyes%22&src=typed&max_position=TWEET-626795855618572288-984442316592205825>
None
2018-04-14 15:28:56 [scrapy] DEBUG: Scraped from <200 https://twitter.com/i/search/timeline?l=en&f=tweets&q=%22Chubby%20Stick%20Shadow%20Tint%20for%20Eyes%22&src=typed&max_position=TWEET-626795855618572288-984442316592205825>
None
2018-04-14 15:28:56 [scrapy] DEBUG: Scraped from <200 https://twitter.com/i/search/timeline?l=en&f=tweets&q=%22Chubby%20Stick%20Shadow%20Tint%20for%20Eyes%22&src=typed&max_position=TWEET-626795855618572288-984442316592205825>
None
2018-04-14 15:28:56 [scrapy] DEBUG: Scraped from <200 https://twitter.com/i/search/timeline?l=en&f=tweets&q=%22Chubby%20Stick%20Shadow%20Tint%20for%20Eyes%22&src=typed&max_position=TWEET-626795855618572288-984442316592205825>
None
2018-04-14 15:28:56 [scrapy] DEBUG: Scraped from <200 https://twitter.com/i/search/timeline?l=en&f=tweets&q=%22Chubby%20Stick%20Shadow%20Tint%20for%20Eyes%22&src=typed&max_position=TWEET-626795855618572288-984442316592205825>
None
2018-04-14 15:28:56 [scrapy] DEBUG: Scraped from <200 https://twitter.com/i/search/timeline?l=en&f=tweets&q=%22Chubby%20Stick%20Shadow%20Tint%20for%20Eyes%22&src=typed&max_position=TWEET-626795855618572288-984442316592205825>
None
2018-04-14 15:28:56 [scrapy] DEBUG: Scraped from <200 https://twitter.com/i/search/timeline?l=en&f=tweets&q=%22Chubby%20Stick%20Shadow%20Tint%20for%20Eyes%22&src=typed&max_position=TWEET-626795855618572288-984442316592205825>
None
2018-04-14 15:28:56 [scrapy] DEBUG: Scraped from <200 https://twitter.com/i/search/timeline?l=en&f=tweets&q=%22Chubby%20Stick%20Shadow%20Tint%20for%20Eyes%22&src=typed&max_position=TWEET-626795855618572288-984442316592205825>
None
2018-04-14 15:28:56 [scrapy] DEBUG: Scraped from <200 https://twitter.com/i/search/timeline?l=en&f=tweets&q=%22Chubby%20Stick%20Shadow%20Tint%20for%20Eyes%22&src=typed&max_position=TWEET-626795855618572288-984442316592205825>
None
2018-04-14 15:28:57 [scrapy] DEBUG: Crawled (200) <GET https://twitter.com/i/search/timeline?l=en&f=tweets&q=%22Chubby%20Stick%20Shadow%20Tint%20for%20Eyes%22&src=typed&max_position=TWEET-612750346423795714-984442316592205825> (referer: https://twitter.com/i/search/timeline?l=en&f=tweets&q=%22Chubby%20Stick%20Shadow%20Tint%20for%20Eyes%22&src=typed&max_position=TWEET-626795855618572288-984442316592205825)
2018-04-14 15:28:57 [scrapy] DEBUG: Scraped from <200 https://twitter.com/i/search/timeline?l=en&f=tweets&q=%22Chubby%20Stick%20Shadow%20Tint%20for%20Eyes%22&src=typed&max_position=TWEET-612750346423795714-984442316592205825>
None
2018-04-14 15:28:57 [scrapy] DEBUG: Scraped from <200 https://twitter.com/i/search/timeline?l=en&f=tweets&q=%22Chubby%20Stick%20Shadow%20Tint%20for%20Eyes%22&src=typed&max_position=TWEET-612750346423795714-984442316592205825>
None
2018-04-14 15:28:57 [scrapy] DEBUG: Scraped from <200 https://twitter.com/i/search/timeline?l=en&f=tweets&q=%22Chubby%20Stick%20Shadow%20Tint%20for%20Eyes%22&src=typed&max_position=TWEET-612750346423795714-984442316592205825>
None
2018-04-14 15:28:57 [scrapy] DEBUG: Scraped from <200 https://twitter.com/i/search/timeline?l=en&f=tweets&q=%22Chubby%20Stick%20Shadow%20Tint%20for%20Eyes%22&src=typed&max_position=TWEET-612750346423795714-984442316592205825>
None
2018-04-14 15:28:57 [scrapy] DEBUG: Scraped from <200 https://twitter.com/i/search/timeline?l=en&f=tweets&q=%22Chubby%20Stick%20Shadow%20Tint%20for%20Eyes%22&src=typed&max_position=TWEET-612750346423795714-984442316592205825>
None
2018-04-14 15:28:57 [scrapy] DEBUG: Scraped from <200 https://twitter.com/i/search/timeline?l=en&f=tweets&q=%22Chubby%20Stick%20Shadow%20Tint%20for%20Eyes%22&src=typed&max_position=TWEET-612750346423795714-984442316592205825>
None
2018-04-14 15:28:57 [scrapy] DEBUG: Scraped from <200 https://twitter.com/i/search/timeline?l=en&f=tweets&q=%22Chubby%20Stick%20Shadow%20Tint%20for%20Eyes%22&src=typed&max_position=TWEET-612750346423795714-984442316592205825>
None
2018-04-14 15:28:57 [scrapy] DEBUG: Scraped from <200 https://twitter.com/i/search/timeline?l=en&f=tweets&q=%22Chubby%20Stick%20Shadow%20Tint%20for%20Eyes%22&src=typed&max_position=TWEET-612750346423795714-984442316592205825>
None
2018-04-14 15:28:57 [scrapy] DEBUG: Scraped from <200 https://twitter.com/i/search/timeline?l=en&f=tweets&q=%22Chubby%20Stick%20Shadow%20Tint%20for%20Eyes%22&src=typed&max_position=TWEET-612750346423795714-984442316592205825>
None
2018-04-14 15:28:57 [scrapy] DEBUG: Scraped from <200 https://twitter.com/i/search/timeline?l=en&f=tweets&q=%22Chubby%20Stick%20Shadow%20Tint%20for%20Eyes%22&src=typed&max_position=TWEET-612750346423795714-984442316592205825>
None
2018-04-14 15:28:57 [scrapy] DEBUG: Scraped from <200 https://twitter.com/i/search/timeline?l=en&f=tweets&q=%22Chubby%20Stick%20Shadow%20Tint%20for%20Eyes%22&src=typed&max_position=TWEET-612750346423795714-984442316592205825>
None
2018-04-14 15:28:57 [scrapy] DEBUG: Scraped from <200 https://twitter.com/i/search/timeline?l=en&f=tweets&q=%22Chubby%20Stick%20Shadow%20Tint%20for%20Eyes%22&src=typed&max_position=TWEET-612750346423795714-984442316592205825>
None
2018-04-14 15:28:57 [scrapy] DEBUG: Scraped from <200 https://twitter.com/i/search/timeline?l=en&f=tweets&q=%22Chubby%20Stick%20Shadow%20Tint%20for%20Eyes%22&src=typed&max_position=TWEET-612750346423795714-984442316592205825>
None
2018-04-14 15:28:57 [scrapy] DEBUG: Scraped from <200 https://twitter.com/i/search/timeline?l=en&f=tweets&q=%22Chubby%20Stick%20Shadow%20Tint%20for%20Eyes%22&src=typed&max_position=TWEET-612750346423795714-984442316592205825>
None
2018-04-14 15:28:57 [scrapy] DEBUG: Scraped from <200 https://twitter.com/i/search/timeline?l=en&f=tweets&q=%22Chubby%20Stick%20Shadow%20Tint%20for%20Eyes%22&src=typed&max_position=TWEET-612750346423795714-984442316592205825>
None
2018-04-14 15:28:57 [scrapy] DEBUG: Scraped from <200 https://twitter.com/i/search/timeline?l=en&f=tweets&q=%22Chubby%20Stick%20Shadow%20Tint%20for%20Eyes%22&src=typed&max_position=TWEET-612750346423795714-984442316592205825>
None
2018-04-14 15:28:57 [scrapy] DEBUG: Scraped from <200 https://twitter.com/i/search/timeline?l=en&f=tweets&q=%22Chubby%20Stick%20Shadow%20Tint%20for%20Eyes%22&src=typed&max_position=TWEET-612750346423795714-984442316592205825>
None
2018-04-14 15:28:58 [scrapy] DEBUG: Crawled (200) <GET https://twitter.com/i/search/timeline?l=en&f=tweets&q=%22Chubby%20Stick%20Shadow%20Tint%20for%20Eyes%22&src=typed&max_position=TWEET-612708943282966529-984442316592205825> (referer: https://twitter.com/i/search/timeline?l=en&f=tweets&q=%22Chubby%20Stick%20Shadow%20Tint%20for%20Eyes%22&src=typed&max_position=TWEET-612750346423795714-984442316592205825)
2018-04-14 15:28:58 [scrapy] DEBUG: Scraped from <200 https://twitter.com/i/search/timeline?l=en&f=tweets&q=%22Chubby%20Stick%20Shadow%20Tint%20for%20Eyes%22&src=typed&max_position=TWEET-612708943282966529-984442316592205825>
None
2018-04-14 15:28:58 [scrapy] DEBUG: Scraped from <200 https://twitter.com/i/search/timeline?l=en&f=tweets&q=%22Chubby%20Stick%20Shadow%20Tint%20for%20Eyes%22&src=typed&max_position=TWEET-612708943282966529-984442316592205825>
None
2018-04-14 15:28:58 [scrapy] DEBUG: Scraped from <200 https://twitter.com/i/search/timeline?l=en&f=tweets&q=%22Chubby%20Stick%20Shadow%20Tint%20for%20Eyes%22&src=typed&max_position=TWEET-612708943282966529-984442316592205825>
None
2018-04-14 15:28:58 [scrapy] DEBUG: Scraped from <200 https://twitter.com/i/search/timeline?l=en&f=tweets&q=%22Chubby%20Stick%20Shadow%20Tint%20for%20Eyes%22&src=typed&max_position=TWEET-612708943282966529-984442316592205825>
None
2018-04-14 15:28:58 [scrapy] DEBUG: Scraped from <200 https://twitter.com/i/search/timeline?l=en&f=tweets&q=%22Chubby%20Stick%20Shadow%20Tint%20for%20Eyes%22&src=typed&max_position=TWEET-612708943282966529-984442316592205825>
None
2018-04-14 15:28:58 [scrapy] DEBUG: Scraped from <200 https://twitter.com/i/search/timeline?l=en&f=tweets&q=%22Chubby%20Stick%20Shadow%20Tint%20for%20Eyes%22&src=typed&max_position=TWEET-612708943282966529-984442316592205825>
None
2018-04-14 15:28:58 [scrapy] DEBUG: Scraped from <200 https://twitter.com/i/search/timeline?l=en&f=tweets&q=%22Chubby%20Stick%20Shadow%20Tint%20for%20Eyes%22&src=typed&max_position=TWEET-612708943282966529-984442316592205825>
None
2018-04-14 15:28:59 [scrapy] DEBUG: Scraped from <200 https://twitter.com/i/search/timeline?l=en&f=tweets&q=%22Chubby%20Stick%20Shadow%20Tint%20for%20Eyes%22&src=typed&max_position=TWEET-612708943282966529-984442316592205825>
None
2018-04-14 15:28:59 [scrapy] DEBUG: Scraped from <200 https://twitter.com/i/search/timeline?l=en&f=tweets&q=%22Chubby%20Stick%20Shadow%20Tint%20for%20Eyes%22&src=typed&max_position=TWEET-612708943282966529-984442316592205825>
None
2018-04-14 15:28:59 [scrapy] DEBUG: Scraped from <200 https://twitter.com/i/search/timeline?l=en&f=tweets&q=%22Chubby%20Stick%20Shadow%20Tint%20for%20Eyes%22&src=typed&max_position=TWEET-612708943282966529-984442316592205825>
None
2018-04-14 15:28:59 [scrapy] DEBUG: Scraped from <200 https://twitter.com/i/search/timeline?l=en&f=tweets&q=%22Chubby%20Stick%20Shadow%20Tint%20for%20Eyes%22&src=typed&max_position=TWEET-612708943282966529-984442316592205825>
None
2018-04-14 15:28:59 [scrapy] DEBUG: Scraped from <200 https://twitter.com/i/search/timeline?l=en&f=tweets&q=%22Chubby%20Stick%20Shadow%20Tint%20for%20Eyes%22&src=typed&max_position=TWEET-612708943282966529-984442316592205825>
None
2018-04-14 15:28:59 [scrapy] DEBUG: Scraped from <200 https://twitter.com/i/search/timeline?l=en&f=tweets&q=%22Chubby%20Stick%20Shadow%20Tint%20for%20Eyes%22&src=typed&max_position=TWEET-612708943282966529-984442316592205825>
None
2018-04-14 15:28:59 [scrapy] DEBUG: Crawled (200) <GET https://twitter.com/i/search/timeline?l=en&f=tweets&q=%22Chubby%20Stick%20Shadow%20Tint%20for%20Eyes%22&src=typed&max_position=TWEET-612664969935618048-984442316592205825> (referer: https://twitter.com/i/search/timeline?l=en&f=tweets&q=%22Chubby%20Stick%20Shadow%20Tint%20for%20Eyes%22&src=typed&max_position=TWEET-612708943282966529-984442316592205825)
2018-04-14 15:29:00 [scrapy] DEBUG: Scraped from <200 https://twitter.com/i/search/timeline?l=en&f=tweets&q=%22Chubby%20Stick%20Shadow%20Tint%20for%20Eyes%22&src=typed&max_position=TWEET-612664969935618048-984442316592205825>
None
2018-04-14 15:29:00 [scrapy] DEBUG: Scraped from <200 https://twitter.com/i/search/timeline?l=en&f=tweets&q=%22Chubby%20Stick%20Shadow%20Tint%20for%20Eyes%22&src=typed&max_position=TWEET-612664969935618048-984442316592205825>
None
2018-04-14 15:29:00 [scrapy] DEBUG: Scraped from <200 https://twitter.com/i/search/timeline?l=en&f=tweets&q=%22Chubby%20Stick%20Shadow%20Tint%20for%20Eyes%22&src=typed&max_position=TWEET-612664969935618048-984442316592205825>
None
2018-04-14 15:29:00 [scrapy] DEBUG: Scraped from <200 https://twitter.com/i/search/timeline?l=en&f=tweets&q=%22Chubby%20Stick%20Shadow%20Tint%20for%20Eyes%22&src=typed&max_position=TWEET-612664969935618048-984442316592205825>
None
2018-04-14 15:29:00 [scrapy] DEBUG: Scraped from <200 https://twitter.com/i/search/timeline?l=en&f=tweets&q=%22Chubby%20Stick%20Shadow%20Tint%20for%20Eyes%22&src=typed&max_position=TWEET-612664969935618048-984442316592205825>
None
2018-04-14 15:29:00 [scrapy] DEBUG: Scraped from <200 https://twitter.com/i/search/timeline?l=en&f=tweets&q=%22Chubby%20Stick%20Shadow%20Tint%20for%20Eyes%22&src=typed&max_position=TWEET-612664969935618048-984442316592205825>
None
2018-04-14 15:29:00 [scrapy] DEBUG: Scraped from <200 https://twitter.com/i/search/timeline?l=en&f=tweets&q=%22Chubby%20Stick%20Shadow%20Tint%20for%20Eyes%22&src=typed&max_position=TWEET-612664969935618048-984442316592205825>
None
2018-04-14 15:29:00 [scrapy] DEBUG: Scraped from <200 https://twitter.com/i/search/timeline?l=en&f=tweets&q=%22Chubby%20Stick%20Shadow%20Tint%20for%20Eyes%22&src=typed&max_position=TWEET-612664969935618048-984442316592205825>
None
2018-04-14 15:29:00 [scrapy] DEBUG: Scraped from <200 https://twitter.com/i/search/timeline?l=en&f=tweets&q=%22Chubby%20Stick%20Shadow%20Tint%20for%20Eyes%22&src=typed&max_position=TWEET-612664969935618048-984442316592205825>
None
2018-04-14 15:29:00 [scrapy] DEBUG: Scraped from <200 https://twitter.com/i/search/timeline?l=en&f=tweets&q=%22Chubby%20Stick%20Shadow%20Tint%20for%20Eyes%22&src=typed&max_position=TWEET-612664969935618048-984442316592205825>
None
2018-04-14 15:29:00 [scrapy] DEBUG: Scraped from <200 https://twitter.com/i/search/timeline?l=en&f=tweets&q=%22Chubby%20Stick%20Shadow%20Tint%20for%20Eyes%22&src=typed&max_position=TWEET-612664969935618048-984442316592205825>
None
2018-04-14 15:29:00 [scrapy] DEBUG: Scraped from <200 https://twitter.com/i/search/timeline?l=en&f=tweets&q=%22Chubby%20Stick%20Shadow%20Tint%20for%20Eyes%22&src=typed&max_position=TWEET-612664969935618048-984442316592205825>
None
2018-04-14 15:29:00 [scrapy] DEBUG: Scraped from <200 https://twitter.com/i/search/timeline?l=en&f=tweets&q=%22Chubby%20Stick%20Shadow%20Tint%20for%20Eyes%22&src=typed&max_position=TWEET-612664969935618048-984442316592205825>
None
2018-04-14 15:29:00 [scrapy] DEBUG: Scraped from <200 https://twitter.com/i/search/timeline?l=en&f=tweets&q=%22Chubby%20Stick%20Shadow%20Tint%20for%20Eyes%22&src=typed&max_position=TWEET-612664969935618048-984442316592205825>
None
2018-04-14 15:29:00 [scrapy] DEBUG: Scraped from <200 https://twitter.com/i/search/timeline?l=en&f=tweets&q=%22Chubby%20Stick%20Shadow%20Tint%20for%20Eyes%22&src=typed&max_position=TWEET-612664969935618048-984442316592205825>
None
2018-04-14 15:29:00 [scrapy] DEBUG: Scraped from <200 https://twitter.com/i/search/timeline?l=en&f=tweets&q=%22Chubby%20Stick%20Shadow%20Tint%20for%20Eyes%22&src=typed&max_position=TWEET-612664969935618048-984442316592205825>
None
2018-04-14 15:29:00 [scrapy] DEBUG: Scraped from <200 https://twitter.com/i/search/timeline?l=en&f=tweets&q=%22Chubby%20Stick%20Shadow%20Tint%20for%20Eyes%22&src=typed&max_position=TWEET-612664969935618048-984442316592205825>
None
2018-04-14 15:29:00 [scrapy] DEBUG: Scraped from <200 https://twitter.com/i/search/timeline?l=en&f=tweets&q=%22Chubby%20Stick%20Shadow%20Tint%20for%20Eyes%22&src=typed&max_position=TWEET-612664969935618048-984442316592205825>
None
2018-04-14 15:29:00 [scrapy] DEBUG: Scraped from <200 https://twitter.com/i/search/timeline?l=en&f=tweets&q=%22Chubby%20Stick%20Shadow%20Tint%20for%20Eyes%22&src=typed&max_position=TWEET-612664969935618048-984442316592205825>
None
2018-04-14 15:29:00 [scrapy] DEBUG: Scraped from <200 https://twitter.com/i/search/timeline?l=en&f=tweets&q=%22Chubby%20Stick%20Shadow%20Tint%20for%20Eyes%22&src=typed&max_position=TWEET-612664969935618048-984442316592205825>
None
2018-04-14 15:29:01 [scrapy] DEBUG: Crawled (200) <GET https://twitter.com/i/search/timeline?l=en&f=tweets&q=%22Chubby%20Stick%20Shadow%20Tint%20for%20Eyes%22&src=typed&max_position=TWEET-612371714048172032-984442316592205825> (referer: https://twitter.com/i/search/timeline?l=en&f=tweets&q=%22Chubby%20Stick%20Shadow%20Tint%20for%20Eyes%22&src=typed&max_position=TWEET-612664969935618048-984442316592205825)
2018-04-14 15:29:01 [scrapy] DEBUG: Scraped from <200 https://twitter.com/i/search/timeline?l=en&f=tweets&q=%22Chubby%20Stick%20Shadow%20Tint%20for%20Eyes%22&src=typed&max_position=TWEET-612371714048172032-984442316592205825>
None
2018-04-14 15:29:01 [scrapy] DEBUG: Scraped from <200 https://twitter.com/i/search/timeline?l=en&f=tweets&q=%22Chubby%20Stick%20Shadow%20Tint%20for%20Eyes%22&src=typed&max_position=TWEET-612371714048172032-984442316592205825>
None
2018-04-14 15:29:01 [scrapy] DEBUG: Scraped from <200 https://twitter.com/i/search/timeline?l=en&f=tweets&q=%22Chubby%20Stick%20Shadow%20Tint%20for%20Eyes%22&src=typed&max_position=TWEET-612371714048172032-984442316592205825>
None
2018-04-14 15:29:01 [scrapy] DEBUG: Scraped from <200 https://twitter.com/i/search/timeline?l=en&f=tweets&q=%22Chubby%20Stick%20Shadow%20Tint%20for%20Eyes%22&src=typed&max_position=TWEET-612371714048172032-984442316592205825>
None
2018-04-14 15:29:01 [scrapy] DEBUG: Scraped from <200 https://twitter.com/i/search/timeline?l=en&f=tweets&q=%22Chubby%20Stick%20Shadow%20Tint%20for%20Eyes%22&src=typed&max_position=TWEET-612371714048172032-984442316592205825>
None
2018-04-14 15:29:01 [scrapy] DEBUG: Scraped from <200 https://twitter.com/i/search/timeline?l=en&f=tweets&q=%22Chubby%20Stick%20Shadow%20Tint%20for%20Eyes%22&src=typed&max_position=TWEET-612371714048172032-984442316592205825>
None
2018-04-14 15:29:01 [scrapy] DEBUG: Scraped from <200 https://twitter.com/i/search/timeline?l=en&f=tweets&q=%22Chubby%20Stick%20Shadow%20Tint%20for%20Eyes%22&src=typed&max_position=TWEET-612371714048172032-984442316592205825>
None
2018-04-14 15:29:01 [scrapy] DEBUG: Scraped from <200 https://twitter.com/i/search/timeline?l=en&f=tweets&q=%22Chubby%20Stick%20Shadow%20Tint%20for%20Eyes%22&src=typed&max_position=TWEET-612371714048172032-984442316592205825>
None
2018-04-14 15:29:02 [scrapy] DEBUG: Scraped from <200 https://twitter.com/i/search/timeline?l=en&f=tweets&q=%22Chubby%20Stick%20Shadow%20Tint%20for%20Eyes%22&src=typed&max_position=TWEET-612371714048172032-984442316592205825>
None
2018-04-14 15:29:02 [scrapy] DEBUG: Scraped from <200 https://twitter.com/i/search/timeline?l=en&f=tweets&q=%22Chubby%20Stick%20Shadow%20Tint%20for%20Eyes%22&src=typed&max_position=TWEET-612371714048172032-984442316592205825>
None
2018-04-14 15:29:02 [scrapy] DEBUG: Scraped from <200 https://twitter.com/i/search/timeline?l=en&f=tweets&q=%22Chubby%20Stick%20Shadow%20Tint%20for%20Eyes%22&src=typed&max_position=TWEET-612371714048172032-984442316592205825>
None
2018-04-14 15:29:02 [scrapy] DEBUG: Scraped from <200 https://twitter.com/i/search/timeline?l=en&f=tweets&q=%22Chubby%20Stick%20Shadow%20Tint%20for%20Eyes%22&src=typed&max_position=TWEET-612371714048172032-984442316592205825>
None
2018-04-14 15:29:02 [scrapy] DEBUG: Scraped from <200 https://twitter.com/i/search/timeline?l=en&f=tweets&q=%22Chubby%20Stick%20Shadow%20Tint%20for%20Eyes%22&src=typed&max_position=TWEET-612371714048172032-984442316592205825>
None
2018-04-14 15:29:02 [scrapy] DEBUG: Scraped from <200 https://twitter.com/i/search/timeline?l=en&f=tweets&q=%22Chubby%20Stick%20Shadow%20Tint%20for%20Eyes%22&src=typed&max_position=TWEET-612371714048172032-984442316592205825>
None
2018-04-14 15:29:02 [scrapy] DEBUG: Scraped from <200 https://twitter.com/i/search/timeline?l=en&f=tweets&q=%22Chubby%20Stick%20Shadow%20Tint%20for%20Eyes%22&src=typed&max_position=TWEET-612371714048172032-984442316592205825>
None
2018-04-14 15:29:02 [scrapy] DEBUG: Scraped from <200 https://twitter.com/i/search/timeline?l=en&f=tweets&q=%22Chubby%20Stick%20Shadow%20Tint%20for%20Eyes%22&src=typed&max_position=TWEET-612371714048172032-984442316592205825>
None
2018-04-14 15:29:02 [scrapy] DEBUG: Scraped from <200 https://twitter.com/i/search/timeline?l=en&f=tweets&q=%22Chubby%20Stick%20Shadow%20Tint%20for%20Eyes%22&src=typed&max_position=TWEET-612371714048172032-984442316592205825>
None
2018-04-14 15:29:02 [scrapy] INFO: Closing spider (closespider_itemcount)
2018-04-14 15:29:02 [scrapy] DEBUG: Scraped from <200 https://twitter.com/i/search/timeline?l=en&f=tweets&q=%22Chubby%20Stick%20Shadow%20Tint%20for%20Eyes%22&src=typed&max_position=TWEET-612371714048172032-984442316592205825>
None
2018-04-14 15:29:02 [scrapy] DEBUG: Scraped from <200 https://twitter.com/i/search/timeline?l=en&f=tweets&q=%22Chubby%20Stick%20Shadow%20Tint%20for%20Eyes%22&src=typed&max_position=TWEET-612371714048172032-984442316592205825>
None
2018-04-14 15:29:02 [scrapy] DEBUG: Scraped from <200 https://twitter.com/i/search/timeline?l=en&f=tweets&q=%22Chubby%20Stick%20Shadow%20Tint%20for%20Eyes%22&src=typed&max_position=TWEET-612371714048172032-984442316592205825>
None
2018-04-14 15:29:02 [scrapy] INFO: Dumping Scrapy stats:
{'downloader/request_bytes': 19252,
 'downloader/request_count': 21,
 'downloader/request_method_count/GET': 21,
 'downloader/response_bytes': 221161,
 'downloader/response_count': 21,
 'downloader/response_status_count/200': 21,
 'finish_reason': 'closespider_itemcount',
 'finish_time': datetime.datetime(2018, 4, 14, 20, 29, 2, 577155),
 'item_scraped_count': 303,
 'log_count/DEBUG': 627,
 'log_count/ERROR': 303,
 'log_count/INFO': 6,
 'memusage/max': 66822144,
 'memusage/startup': 66822144,
 'request_depth_max': 21,
 'response_received_count': 21,
 'scheduler/dequeued': 21,
 'scheduler/dequeued/memory': 21,
 'scheduler/enqueued': 22,
 'scheduler/enqueued/memory': 22,
 'start_time': datetime.datetime(2018, 4, 14, 20, 28, 32, 285654)}
2018-04-14 15:29:02 [scrapy] INFO: Spider closed (closespider_itemcount)
