2018-04-13 23:22:38 [scrapy] DEBUG: Crawled (200) <GET https://twitter.com/i/search/timeline?l=&f=tweets&q=sephora%20since%3A2018-04-13&src=typed&max_position=> (referer: None)
2018-04-13 23:22:38 [scrapy] DEBUG: Scraped from <200 https://twitter.com/i/search/timeline?l=&f=tweets&q=sephora%20since%3A2018-04-13&src=typed&max_position=>
None
2018-04-13 23:22:39 [scrapy] DEBUG: Scraped from <200 https://twitter.com/i/search/timeline?l=&f=tweets&q=sephora%20since%3A2018-04-13&src=typed&max_position=>
None
2018-04-13 23:22:39 [scrapy] DEBUG: Scraped from <200 https://twitter.com/i/search/timeline?l=&f=tweets&q=sephora%20since%3A2018-04-13&src=typed&max_position=>
None
2018-04-13 23:22:39 [scrapy] DEBUG: Scraped from <200 https://twitter.com/i/search/timeline?l=&f=tweets&q=sephora%20since%3A2018-04-13&src=typed&max_position=>
None
2018-04-13 23:22:39 [scrapy] DEBUG: Scraped from <200 https://twitter.com/i/search/timeline?l=&f=tweets&q=sephora%20since%3A2018-04-13&src=typed&max_position=>
None
2018-04-13 23:22:39 [scrapy] DEBUG: Scraped from <200 https://twitter.com/i/search/timeline?l=&f=tweets&q=sephora%20since%3A2018-04-13&src=typed&max_position=>
None
2018-04-13 23:22:39 [scrapy] DEBUG: Scraped from <200 https://twitter.com/i/search/timeline?l=&f=tweets&q=sephora%20since%3A2018-04-13&src=typed&max_position=>
None
2018-04-13 23:22:39 [scrapy] DEBUG: Scraped from <200 https://twitter.com/i/search/timeline?l=&f=tweets&q=sephora%20since%3A2018-04-13&src=typed&max_position=>
None
2018-04-13 23:22:39 [scrapy] DEBUG: Scraped from <200 https://twitter.com/i/search/timeline?l=&f=tweets&q=sephora%20since%3A2018-04-13&src=typed&max_position=>
None
2018-04-13 23:22:39 [scrapy] DEBUG: Scraped from <200 https://twitter.com/i/search/timeline?l=&f=tweets&q=sephora%20since%3A2018-04-13&src=typed&max_position=>
None
2018-04-13 23:22:39 [scrapy] DEBUG: Scraped from <200 https://twitter.com/i/search/timeline?l=&f=tweets&q=sephora%20since%3A2018-04-13&src=typed&max_position=>
None
2018-04-13 23:22:39 [scrapy] DEBUG: Scraped from <200 https://twitter.com/i/search/timeline?l=&f=tweets&q=sephora%20since%3A2018-04-13&src=typed&max_position=>
None
2018-04-13 23:22:39 [scrapy] DEBUG: Scraped from <200 https://twitter.com/i/search/timeline?l=&f=tweets&q=sephora%20since%3A2018-04-13&src=typed&max_position=>
None
2018-04-13 23:22:39 [scrapy] DEBUG: Scraped from <200 https://twitter.com/i/search/timeline?l=&f=tweets&q=sephora%20since%3A2018-04-13&src=typed&max_position=>
None
2018-04-13 23:22:40 [scrapy] DEBUG: Scraped from <200 https://twitter.com/i/search/timeline?l=&f=tweets&q=sephora%20since%3A2018-04-13&src=typed&max_position=>
None
2018-04-13 23:22:40 [scrapy] DEBUG: Scraped from <200 https://twitter.com/i/search/timeline?l=&f=tweets&q=sephora%20since%3A2018-04-13&src=typed&max_position=>
None
2018-04-13 23:22:40 [scrapy] DEBUG: Scraped from <200 https://twitter.com/i/search/timeline?l=&f=tweets&q=sephora%20since%3A2018-04-13&src=typed&max_position=>
None
2018-04-13 23:22:40 [scrapy] DEBUG: Scraped from <200 https://twitter.com/i/search/timeline?l=&f=tweets&q=sephora%20since%3A2018-04-13&src=typed&max_position=>
None
2018-04-13 23:22:40 [scrapy] DEBUG: Scraped from <200 https://twitter.com/i/search/timeline?l=&f=tweets&q=sephora%20since%3A2018-04-13&src=typed&max_position=>
None
2018-04-13 23:22:40 [scrapy] DEBUG: Scraped from <200 https://twitter.com/i/search/timeline?l=&f=tweets&q=sephora%20since%3A2018-04-13&src=typed&max_position=>
None
2018-04-13 23:22:40 [scrapy] DEBUG: Crawled (200) <GET https://twitter.com/i/search/timeline?l=&f=tweets&q=sephora%20since%3A2018-04-13&src=typed&max_position=TWEET-985007624838987777-985010229636022272> (referer: https://twitter.com/i/search/timeline?l=&f=tweets&q=sephora%20since%3A2018-04-13&src=typed&max_position=)
2018-04-13 23:22:41 [scrapy] DEBUG: Scraped from <200 https://twitter.com/i/search/timeline?l=&f=tweets&q=sephora%20since%3A2018-04-13&src=typed&max_position=TWEET-985007624838987777-985010229636022272>
None
2018-04-13 23:22:41 [scrapy] DEBUG: Scraped from <200 https://twitter.com/i/search/timeline?l=&f=tweets&q=sephora%20since%3A2018-04-13&src=typed&max_position=TWEET-985007624838987777-985010229636022272>
None
2018-04-13 23:22:41 [scrapy] DEBUG: Scraped from <200 https://twitter.com/i/search/timeline?l=&f=tweets&q=sephora%20since%3A2018-04-13&src=typed&max_position=TWEET-985007624838987777-985010229636022272>
None
2018-04-13 23:22:41 [scrapy] DEBUG: Scraped from <200 https://twitter.com/i/search/timeline?l=&f=tweets&q=sephora%20since%3A2018-04-13&src=typed&max_position=TWEET-985007624838987777-985010229636022272>
None
2018-04-13 23:22:41 [scrapy] DEBUG: Scraped from <200 https://twitter.com/i/search/timeline?l=&f=tweets&q=sephora%20since%3A2018-04-13&src=typed&max_position=TWEET-985007624838987777-985010229636022272>
None
2018-04-13 23:22:41 [scrapy] DEBUG: Scraped from <200 https://twitter.com/i/search/timeline?l=&f=tweets&q=sephora%20since%3A2018-04-13&src=typed&max_position=TWEET-985007624838987777-985010229636022272>
None
2018-04-13 23:22:41 [scrapy] DEBUG: Scraped from <200 https://twitter.com/i/search/timeline?l=&f=tweets&q=sephora%20since%3A2018-04-13&src=typed&max_position=TWEET-985007624838987777-985010229636022272>
None
2018-04-13 23:22:41 [scrapy] DEBUG: Scraped from <200 https://twitter.com/i/search/timeline?l=&f=tweets&q=sephora%20since%3A2018-04-13&src=typed&max_position=TWEET-985007624838987777-985010229636022272>
None
2018-04-13 23:22:41 [scrapy] DEBUG: Scraped from <200 https://twitter.com/i/search/timeline?l=&f=tweets&q=sephora%20since%3A2018-04-13&src=typed&max_position=TWEET-985007624838987777-985010229636022272>
None
2018-04-13 23:22:41 [scrapy] DEBUG: Scraped from <200 https://twitter.com/i/search/timeline?l=&f=tweets&q=sephora%20since%3A2018-04-13&src=typed&max_position=TWEET-985007624838987777-985010229636022272>
None
2018-04-13 23:22:41 [scrapy] DEBUG: Scraped from <200 https://twitter.com/i/search/timeline?l=&f=tweets&q=sephora%20since%3A2018-04-13&src=typed&max_position=TWEET-985007624838987777-985010229636022272>
None
2018-04-13 23:22:41 [scrapy] DEBUG: Scraped from <200 https://twitter.com/i/search/timeline?l=&f=tweets&q=sephora%20since%3A2018-04-13&src=typed&max_position=TWEET-985007624838987777-985010229636022272>
None
2018-04-13 23:22:41 [scrapy] DEBUG: Scraped from <200 https://twitter.com/i/search/timeline?l=&f=tweets&q=sephora%20since%3A2018-04-13&src=typed&max_position=TWEET-985007624838987777-985010229636022272>
None
2018-04-13 23:22:41 [scrapy] DEBUG: Scraped from <200 https://twitter.com/i/search/timeline?l=&f=tweets&q=sephora%20since%3A2018-04-13&src=typed&max_position=TWEET-985007624838987777-985010229636022272>
None
2018-04-13 23:22:41 [scrapy] DEBUG: Scraped from <200 https://twitter.com/i/search/timeline?l=&f=tweets&q=sephora%20since%3A2018-04-13&src=typed&max_position=TWEET-985007624838987777-985010229636022272>
None
2018-04-13 23:22:41 [scrapy] DEBUG: Scraped from <200 https://twitter.com/i/search/timeline?l=&f=tweets&q=sephora%20since%3A2018-04-13&src=typed&max_position=TWEET-985007624838987777-985010229636022272>
None
2018-04-13 23:22:41 [scrapy] DEBUG: Scraped from <200 https://twitter.com/i/search/timeline?l=&f=tweets&q=sephora%20since%3A2018-04-13&src=typed&max_position=TWEET-985007624838987777-985010229636022272>
None
2018-04-13 23:22:41 [scrapy] DEBUG: Scraped from <200 https://twitter.com/i/search/timeline?l=&f=tweets&q=sephora%20since%3A2018-04-13&src=typed&max_position=TWEET-985007624838987777-985010229636022272>
None
2018-04-13 23:22:41 [scrapy] DEBUG: Scraped from <200 https://twitter.com/i/search/timeline?l=&f=tweets&q=sephora%20since%3A2018-04-13&src=typed&max_position=TWEET-985007624838987777-985010229636022272>
None
2018-04-13 23:22:41 [scrapy] DEBUG: Scraped from <200 https://twitter.com/i/search/timeline?l=&f=tweets&q=sephora%20since%3A2018-04-13&src=typed&max_position=TWEET-985007624838987777-985010229636022272>
None
2018-04-13 23:22:42 [scrapy] DEBUG: Crawled (200) <GET https://twitter.com/i/search/timeline?l=&f=tweets&q=sephora%20since%3A2018-04-13&src=typed&max_position=TWEET-985006084409536512-985010229636022272> (referer: https://twitter.com/i/search/timeline?l=&f=tweets&q=sephora%20since%3A2018-04-13&src=typed&max_position=TWEET-985007624838987777-985010229636022272)
2018-04-13 23:22:42 [scrapy] DEBUG: Scraped from <200 https://twitter.com/i/search/timeline?l=&f=tweets&q=sephora%20since%3A2018-04-13&src=typed&max_position=TWEET-985006084409536512-985010229636022272>
None
2018-04-13 23:22:42 [scrapy] DEBUG: Scraped from <200 https://twitter.com/i/search/timeline?l=&f=tweets&q=sephora%20since%3A2018-04-13&src=typed&max_position=TWEET-985006084409536512-985010229636022272>
None
2018-04-13 23:22:42 [scrapy] DEBUG: Scraped from <200 https://twitter.com/i/search/timeline?l=&f=tweets&q=sephora%20since%3A2018-04-13&src=typed&max_position=TWEET-985006084409536512-985010229636022272>
None
2018-04-13 23:22:42 [scrapy] DEBUG: Scraped from <200 https://twitter.com/i/search/timeline?l=&f=tweets&q=sephora%20since%3A2018-04-13&src=typed&max_position=TWEET-985006084409536512-985010229636022272>
None
2018-04-13 23:22:42 [scrapy] DEBUG: Scraped from <200 https://twitter.com/i/search/timeline?l=&f=tweets&q=sephora%20since%3A2018-04-13&src=typed&max_position=TWEET-985006084409536512-985010229636022272>
None
2018-04-13 23:22:42 [scrapy] DEBUG: Scraped from <200 https://twitter.com/i/search/timeline?l=&f=tweets&q=sephora%20since%3A2018-04-13&src=typed&max_position=TWEET-985006084409536512-985010229636022272>
None
2018-04-13 23:22:42 [scrapy] DEBUG: Scraped from <200 https://twitter.com/i/search/timeline?l=&f=tweets&q=sephora%20since%3A2018-04-13&src=typed&max_position=TWEET-985006084409536512-985010229636022272>
None
2018-04-13 23:22:42 [scrapy] DEBUG: Scraped from <200 https://twitter.com/i/search/timeline?l=&f=tweets&q=sephora%20since%3A2018-04-13&src=typed&max_position=TWEET-985006084409536512-985010229636022272>
None
2018-04-13 23:22:42 [scrapy] DEBUG: Scraped from <200 https://twitter.com/i/search/timeline?l=&f=tweets&q=sephora%20since%3A2018-04-13&src=typed&max_position=TWEET-985006084409536512-985010229636022272>
None
2018-04-13 23:22:42 [scrapy] DEBUG: Scraped from <200 https://twitter.com/i/search/timeline?l=&f=tweets&q=sephora%20since%3A2018-04-13&src=typed&max_position=TWEET-985006084409536512-985010229636022272>
None
2018-04-13 23:22:42 [scrapy] DEBUG: Scraped from <200 https://twitter.com/i/search/timeline?l=&f=tweets&q=sephora%20since%3A2018-04-13&src=typed&max_position=TWEET-985006084409536512-985010229636022272>
None
2018-04-13 23:22:42 [scrapy] DEBUG: Scraped from <200 https://twitter.com/i/search/timeline?l=&f=tweets&q=sephora%20since%3A2018-04-13&src=typed&max_position=TWEET-985006084409536512-985010229636022272>
None
2018-04-13 23:22:42 [scrapy] DEBUG: Scraped from <200 https://twitter.com/i/search/timeline?l=&f=tweets&q=sephora%20since%3A2018-04-13&src=typed&max_position=TWEET-985006084409536512-985010229636022272>
None
2018-04-13 23:22:42 [scrapy] DEBUG: Scraped from <200 https://twitter.com/i/search/timeline?l=&f=tweets&q=sephora%20since%3A2018-04-13&src=typed&max_position=TWEET-985006084409536512-985010229636022272>
None
2018-04-13 23:22:42 [scrapy] DEBUG: Scraped from <200 https://twitter.com/i/search/timeline?l=&f=tweets&q=sephora%20since%3A2018-04-13&src=typed&max_position=TWEET-985006084409536512-985010229636022272>
None
2018-04-13 23:22:42 [scrapy] DEBUG: Scraped from <200 https://twitter.com/i/search/timeline?l=&f=tweets&q=sephora%20since%3A2018-04-13&src=typed&max_position=TWEET-985006084409536512-985010229636022272>
None
2018-04-13 23:22:43 [scrapy] DEBUG: Scraped from <200 https://twitter.com/i/search/timeline?l=&f=tweets&q=sephora%20since%3A2018-04-13&src=typed&max_position=TWEET-985006084409536512-985010229636022272>
None
2018-04-13 23:22:43 [scrapy] DEBUG: Scraped from <200 https://twitter.com/i/search/timeline?l=&f=tweets&q=sephora%20since%3A2018-04-13&src=typed&max_position=TWEET-985006084409536512-985010229636022272>
None
2018-04-13 23:22:43 [scrapy] DEBUG: Scraped from <200 https://twitter.com/i/search/timeline?l=&f=tweets&q=sephora%20since%3A2018-04-13&src=typed&max_position=TWEET-985006084409536512-985010229636022272>
None
2018-04-13 23:22:43 [scrapy] DEBUG: Scraped from <200 https://twitter.com/i/search/timeline?l=&f=tweets&q=sephora%20since%3A2018-04-13&src=typed&max_position=TWEET-985006084409536512-985010229636022272>
None
2018-04-13 23:22:44 [scrapy] DEBUG: Crawled (200) <GET https://twitter.com/i/search/timeline?l=&f=tweets&q=sephora%20since%3A2018-04-13&src=typed&max_position=TWEET-985004199313395712-985010229636022272> (referer: https://twitter.com/i/search/timeline?l=&f=tweets&q=sephora%20since%3A2018-04-13&src=typed&max_position=TWEET-985006084409536512-985010229636022272)
2018-04-13 23:22:44 [scrapy] DEBUG: Scraped from <200 https://twitter.com/i/search/timeline?l=&f=tweets&q=sephora%20since%3A2018-04-13&src=typed&max_position=TWEET-985004199313395712-985010229636022272>
None
2018-04-13 23:22:44 [scrapy] DEBUG: Scraped from <200 https://twitter.com/i/search/timeline?l=&f=tweets&q=sephora%20since%3A2018-04-13&src=typed&max_position=TWEET-985004199313395712-985010229636022272>
None
2018-04-13 23:22:44 [scrapy] DEBUG: Scraped from <200 https://twitter.com/i/search/timeline?l=&f=tweets&q=sephora%20since%3A2018-04-13&src=typed&max_position=TWEET-985004199313395712-985010229636022272>
None
2018-04-13 23:22:44 [scrapy] DEBUG: Scraped from <200 https://twitter.com/i/search/timeline?l=&f=tweets&q=sephora%20since%3A2018-04-13&src=typed&max_position=TWEET-985004199313395712-985010229636022272>
None
2018-04-13 23:22:44 [scrapy] DEBUG: Scraped from <200 https://twitter.com/i/search/timeline?l=&f=tweets&q=sephora%20since%3A2018-04-13&src=typed&max_position=TWEET-985004199313395712-985010229636022272>
None
2018-04-13 23:22:44 [scrapy] DEBUG: Scraped from <200 https://twitter.com/i/search/timeline?l=&f=tweets&q=sephora%20since%3A2018-04-13&src=typed&max_position=TWEET-985004199313395712-985010229636022272>
None
2018-04-13 23:22:44 [scrapy] DEBUG: Scraped from <200 https://twitter.com/i/search/timeline?l=&f=tweets&q=sephora%20since%3A2018-04-13&src=typed&max_position=TWEET-985004199313395712-985010229636022272>
None
2018-04-13 23:22:44 [scrapy] DEBUG: Scraped from <200 https://twitter.com/i/search/timeline?l=&f=tweets&q=sephora%20since%3A2018-04-13&src=typed&max_position=TWEET-985004199313395712-985010229636022272>
None
2018-04-13 23:22:44 [scrapy] DEBUG: Scraped from <200 https://twitter.com/i/search/timeline?l=&f=tweets&q=sephora%20since%3A2018-04-13&src=typed&max_position=TWEET-985004199313395712-985010229636022272>
None
2018-04-13 23:22:44 [scrapy] DEBUG: Scraped from <200 https://twitter.com/i/search/timeline?l=&f=tweets&q=sephora%20since%3A2018-04-13&src=typed&max_position=TWEET-985004199313395712-985010229636022272>
None
2018-04-13 23:22:44 [scrapy] DEBUG: Scraped from <200 https://twitter.com/i/search/timeline?l=&f=tweets&q=sephora%20since%3A2018-04-13&src=typed&max_position=TWEET-985004199313395712-985010229636022272>
None
2018-04-13 23:22:45 [scrapy] DEBUG: Scraped from <200 https://twitter.com/i/search/timeline?l=&f=tweets&q=sephora%20since%3A2018-04-13&src=typed&max_position=TWEET-985004199313395712-985010229636022272>
None
2018-04-13 23:22:45 [scrapy] DEBUG: Scraped from <200 https://twitter.com/i/search/timeline?l=&f=tweets&q=sephora%20since%3A2018-04-13&src=typed&max_position=TWEET-985004199313395712-985010229636022272>
None
2018-04-13 23:22:45 [scrapy] DEBUG: Scraped from <200 https://twitter.com/i/search/timeline?l=&f=tweets&q=sephora%20since%3A2018-04-13&src=typed&max_position=TWEET-985004199313395712-985010229636022272>
None
2018-04-13 23:22:45 [scrapy] DEBUG: Scraped from <200 https://twitter.com/i/search/timeline?l=&f=tweets&q=sephora%20since%3A2018-04-13&src=typed&max_position=TWEET-985004199313395712-985010229636022272>
None
2018-04-13 23:22:45 [scrapy] DEBUG: Scraped from <200 https://twitter.com/i/search/timeline?l=&f=tweets&q=sephora%20since%3A2018-04-13&src=typed&max_position=TWEET-985004199313395712-985010229636022272>
None
2018-04-13 23:22:45 [scrapy] DEBUG: Scraped from <200 https://twitter.com/i/search/timeline?l=&f=tweets&q=sephora%20since%3A2018-04-13&src=typed&max_position=TWEET-985004199313395712-985010229636022272>
None
2018-04-13 23:22:45 [scrapy] DEBUG: Scraped from <200 https://twitter.com/i/search/timeline?l=&f=tweets&q=sephora%20since%3A2018-04-13&src=typed&max_position=TWEET-985004199313395712-985010229636022272>
None
2018-04-13 23:22:45 [scrapy] DEBUG: Scraped from <200 https://twitter.com/i/search/timeline?l=&f=tweets&q=sephora%20since%3A2018-04-13&src=typed&max_position=TWEET-985004199313395712-985010229636022272>
None
2018-04-13 23:22:45 [scrapy] DEBUG: Scraped from <200 https://twitter.com/i/search/timeline?l=&f=tweets&q=sephora%20since%3A2018-04-13&src=typed&max_position=TWEET-985004199313395712-985010229636022272>
None
2018-04-13 23:22:45 [scrapy] DEBUG: Crawled (200) <GET https://twitter.com/i/search/timeline?l=&f=tweets&q=sephora%20since%3A2018-04-13&src=typed&max_position=TWEET-985001744814911488-985010229636022272> (referer: https://twitter.com/i/search/timeline?l=&f=tweets&q=sephora%20since%3A2018-04-13&src=typed&max_position=TWEET-985004199313395712-985010229636022272)
2018-04-13 23:22:45 [scrapy] DEBUG: Scraped from <200 https://twitter.com/i/search/timeline?l=&f=tweets&q=sephora%20since%3A2018-04-13&src=typed&max_position=TWEET-985001744814911488-985010229636022272>
None
2018-04-13 23:22:46 [scrapy] DEBUG: Scraped from <200 https://twitter.com/i/search/timeline?l=&f=tweets&q=sephora%20since%3A2018-04-13&src=typed&max_position=TWEET-985001744814911488-985010229636022272>
None
2018-04-13 23:22:46 [scrapy] DEBUG: Scraped from <200 https://twitter.com/i/search/timeline?l=&f=tweets&q=sephora%20since%3A2018-04-13&src=typed&max_position=TWEET-985001744814911488-985010229636022272>
None
2018-04-13 23:22:46 [scrapy] DEBUG: Scraped from <200 https://twitter.com/i/search/timeline?l=&f=tweets&q=sephora%20since%3A2018-04-13&src=typed&max_position=TWEET-985001744814911488-985010229636022272>
None
2018-04-13 23:22:46 [scrapy] DEBUG: Scraped from <200 https://twitter.com/i/search/timeline?l=&f=tweets&q=sephora%20since%3A2018-04-13&src=typed&max_position=TWEET-985001744814911488-985010229636022272>
None
2018-04-13 23:22:46 [scrapy] DEBUG: Scraped from <200 https://twitter.com/i/search/timeline?l=&f=tweets&q=sephora%20since%3A2018-04-13&src=typed&max_position=TWEET-985001744814911488-985010229636022272>
None
2018-04-13 23:22:46 [scrapy] DEBUG: Scraped from <200 https://twitter.com/i/search/timeline?l=&f=tweets&q=sephora%20since%3A2018-04-13&src=typed&max_position=TWEET-985001744814911488-985010229636022272>
None
2018-04-13 23:22:46 [scrapy] DEBUG: Scraped from <200 https://twitter.com/i/search/timeline?l=&f=tweets&q=sephora%20since%3A2018-04-13&src=typed&max_position=TWEET-985001744814911488-985010229636022272>
None
2018-04-13 23:22:46 [scrapy] DEBUG: Scraped from <200 https://twitter.com/i/search/timeline?l=&f=tweets&q=sephora%20since%3A2018-04-13&src=typed&max_position=TWEET-985001744814911488-985010229636022272>
None
2018-04-13 23:22:46 [scrapy] DEBUG: Scraped from <200 https://twitter.com/i/search/timeline?l=&f=tweets&q=sephora%20since%3A2018-04-13&src=typed&max_position=TWEET-985001744814911488-985010229636022272>
None
2018-04-13 23:22:46 [scrapy] DEBUG: Scraped from <200 https://twitter.com/i/search/timeline?l=&f=tweets&q=sephora%20since%3A2018-04-13&src=typed&max_position=TWEET-985001744814911488-985010229636022272>
None
2018-04-13 23:22:46 [scrapy] DEBUG: Scraped from <200 https://twitter.com/i/search/timeline?l=&f=tweets&q=sephora%20since%3A2018-04-13&src=typed&max_position=TWEET-985001744814911488-985010229636022272>
None
2018-04-13 23:22:46 [scrapy] DEBUG: Scraped from <200 https://twitter.com/i/search/timeline?l=&f=tweets&q=sephora%20since%3A2018-04-13&src=typed&max_position=TWEET-985001744814911488-985010229636022272>
None
2018-04-13 23:22:46 [scrapy] DEBUG: Scraped from <200 https://twitter.com/i/search/timeline?l=&f=tweets&q=sephora%20since%3A2018-04-13&src=typed&max_position=TWEET-985001744814911488-985010229636022272>
None
2018-04-13 23:22:46 [scrapy] DEBUG: Scraped from <200 https://twitter.com/i/search/timeline?l=&f=tweets&q=sephora%20since%3A2018-04-13&src=typed&max_position=TWEET-985001744814911488-985010229636022272>
None
2018-04-13 23:22:46 [scrapy] DEBUG: Scraped from <200 https://twitter.com/i/search/timeline?l=&f=tweets&q=sephora%20since%3A2018-04-13&src=typed&max_position=TWEET-985001744814911488-985010229636022272>
None
2018-04-13 23:22:46 [scrapy] DEBUG: Scraped from <200 https://twitter.com/i/search/timeline?l=&f=tweets&q=sephora%20since%3A2018-04-13&src=typed&max_position=TWEET-985001744814911488-985010229636022272>
None
2018-04-13 23:22:46 [scrapy] DEBUG: Scraped from <200 https://twitter.com/i/search/timeline?l=&f=tweets&q=sephora%20since%3A2018-04-13&src=typed&max_position=TWEET-985001744814911488-985010229636022272>
None
2018-04-13 23:22:46 [scrapy] DEBUG: Scraped from <200 https://twitter.com/i/search/timeline?l=&f=tweets&q=sephora%20since%3A2018-04-13&src=typed&max_position=TWEET-985001744814911488-985010229636022272>
None
2018-04-13 23:22:46 [scrapy] DEBUG: Scraped from <200 https://twitter.com/i/search/timeline?l=&f=tweets&q=sephora%20since%3A2018-04-13&src=typed&max_position=TWEET-985001744814911488-985010229636022272>
None
2018-04-13 23:22:46 [scrapy] INFO: Closing spider (closespider_itemcount)
2018-04-13 23:22:46 [scrapy] INFO: Dumping Scrapy stats:
{'downloader/request_bytes': 3845,
 'downloader/request_count': 5,
 'downloader/request_method_count/GET': 5,
 'downloader/response_bytes': 87748,
 'downloader/response_count': 5,
 'downloader/response_status_count/200': 5,
 'finish_reason': 'closespider_itemcount',
 'finish_time': datetime.datetime(2018, 4, 14, 4, 22, 46, 919334),
 'item_scraped_count': 100,
 'log_count/DEBUG': 113,
 'log_count/ERROR': 100,
 'log_count/INFO': 6,
 'memusage/max': 51970048,
 'memusage/startup': 51970048,
 'request_depth_max': 5,
 'response_received_count': 5,
 'scheduler/dequeued': 5,
 'scheduler/dequeued/memory': 5,
 'scheduler/enqueued': 6,
 'scheduler/enqueued/memory': 6,
 'start_time': datetime.datetime(2018, 4, 14, 4, 22, 37, 976297)}
2018-04-13 23:22:46 [scrapy] INFO: Spider closed (closespider_itemcount)
