2018-04-14 15:24:47 [scrapy] DEBUG: Crawled (200) <GET https://twitter.com/i/search/timeline?l=en&f=tweets&q=%22Ombre%20Hypn%C3%B4se%20Stylo%20Longwear%20Cream%20Eyeshadow%20Stick%22&src=typed&max_position=> (referer: None)
2018-04-14 15:24:47 [scrapy] DEBUG: Scraped from <200 https://twitter.com/i/search/timeline?l=en&f=tweets&q=%22Ombre%20Hypn%C3%B4se%20Stylo%20Longwear%20Cream%20Eyeshadow%20Stick%22&src=typed&max_position=>
None
2018-04-14 15:24:47 [scrapy] DEBUG: Scraped from <200 https://twitter.com/i/search/timeline?l=en&f=tweets&q=%22Ombre%20Hypn%C3%B4se%20Stylo%20Longwear%20Cream%20Eyeshadow%20Stick%22&src=typed&max_position=>
None
2018-04-14 15:24:47 [scrapy] DEBUG: Scraped from <200 https://twitter.com/i/search/timeline?l=en&f=tweets&q=%22Ombre%20Hypn%C3%B4se%20Stylo%20Longwear%20Cream%20Eyeshadow%20Stick%22&src=typed&max_position=>
None
2018-04-14 15:24:47 [scrapy] DEBUG: Scraped from <200 https://twitter.com/i/search/timeline?l=en&f=tweets&q=%22Ombre%20Hypn%C3%B4se%20Stylo%20Longwear%20Cream%20Eyeshadow%20Stick%22&src=typed&max_position=>
None
2018-04-14 15:24:47 [scrapy] DEBUG: Crawled (200) <GET https://twitter.com/i/search/timeline?l=en&f=tweets&q=%22Ombre%20Hypn%C3%B4se%20Stylo%20Longwear%20Cream%20Eyeshadow%20Stick%22&src=typed&max_position=TWEET-627060414300471300-946989314726137858> (referer: https://twitter.com/i/search/timeline?l=en&f=tweets&q=%22Ombre%20Hypn%C3%B4se%20Stylo%20Longwear%20Cream%20Eyeshadow%20Stick%22&src=typed&max_position=)
2018-04-14 15:24:47 [scrapy] DEBUG: Filtered duplicate request: <GET https://twitter.com/i/search/timeline?l=en&f=tweets&q=%22Ombre%20Hypn%C3%B4se%20Stylo%20Longwear%20Cream%20Eyeshadow%20Stick%22&src=typed&max_position=TWEET-627060414300471300-946989314726137858> - no more duplicates will be shown (see DUPEFILTER_DEBUG to show all duplicates)
2018-04-14 15:24:47 [scrapy] INFO: Closing spider (finished)
2018-04-14 15:24:47 [scrapy] INFO: Dumping Scrapy stats:
{'downloader/request_bytes': 1274,
 'downloader/request_count': 2,
 'downloader/request_method_count/GET': 2,
 'downloader/response_bytes': 7148,
 'downloader/response_count': 2,
 'downloader/response_status_count/200': 2,
 'dupefilter/filtered': 1,
 'finish_reason': 'finished',
 'finish_time': datetime.datetime(2018, 4, 14, 20, 24, 47, 842169),
 'item_scraped_count': 4,
 'log_count/DEBUG': 11,
 'log_count/ERROR': 4,
 'log_count/INFO': 6,
 'memusage/max': 66822144,
 'memusage/startup': 66822144,
 'request_depth_max': 2,
 'response_received_count': 2,
 'scheduler/dequeued': 2,
 'scheduler/dequeued/memory': 2,
 'scheduler/enqueued': 2,
 'scheduler/enqueued/memory': 2,
 'start_time': datetime.datetime(2018, 4, 14, 20, 24, 46, 149358)}
2018-04-14 15:24:47 [scrapy] INFO: Spider closed (finished)
