2018-04-13 23:32:42 [scrapy] DEBUG: Crawled (200) <GET https://twitter.com/i/search/timeline?l=&f=tweets&q=sephora%20since%3A2018-04-13&src=typed&max_position=> (referer: None)
2018-04-13 23:32:43 [scrapy] DEBUG: Scraped from <200 https://twitter.com/i/search/timeline?l=&f=tweets&q=sephora%20since%3A2018-04-13&src=typed&max_position=>
None
2018-04-13 23:32:43 [scrapy] DEBUG: Scraped from <200 https://twitter.com/i/search/timeline?l=&f=tweets&q=sephora%20since%3A2018-04-13&src=typed&max_position=>
None
2018-04-13 23:32:43 [scrapy] DEBUG: Scraped from <200 https://twitter.com/i/search/timeline?l=&f=tweets&q=sephora%20since%3A2018-04-13&src=typed&max_position=>
None
2018-04-13 23:32:43 [scrapy] DEBUG: Scraped from <200 https://twitter.com/i/search/timeline?l=&f=tweets&q=sephora%20since%3A2018-04-13&src=typed&max_position=>
None
2018-04-13 23:32:43 [scrapy] DEBUG: Scraped from <200 https://twitter.com/i/search/timeline?l=&f=tweets&q=sephora%20since%3A2018-04-13&src=typed&max_position=>
None
2018-04-13 23:32:43 [scrapy] DEBUG: Scraped from <200 https://twitter.com/i/search/timeline?l=&f=tweets&q=sephora%20since%3A2018-04-13&src=typed&max_position=>
None
2018-04-13 23:32:43 [scrapy] DEBUG: Scraped from <200 https://twitter.com/i/search/timeline?l=&f=tweets&q=sephora%20since%3A2018-04-13&src=typed&max_position=>
None
2018-04-13 23:32:43 [scrapy] DEBUG: Scraped from <200 https://twitter.com/i/search/timeline?l=&f=tweets&q=sephora%20since%3A2018-04-13&src=typed&max_position=>
None
2018-04-13 23:32:43 [scrapy] DEBUG: Scraped from <200 https://twitter.com/i/search/timeline?l=&f=tweets&q=sephora%20since%3A2018-04-13&src=typed&max_position=>
None
2018-04-13 23:32:43 [scrapy] DEBUG: Scraped from <200 https://twitter.com/i/search/timeline?l=&f=tweets&q=sephora%20since%3A2018-04-13&src=typed&max_position=>
None
2018-04-13 23:32:44 [scrapy] DEBUG: Scraped from <200 https://twitter.com/i/search/timeline?l=&f=tweets&q=sephora%20since%3A2018-04-13&src=typed&max_position=>
None
2018-04-13 23:32:44 [scrapy] DEBUG: Scraped from <200 https://twitter.com/i/search/timeline?l=&f=tweets&q=sephora%20since%3A2018-04-13&src=typed&max_position=>
None
2018-04-13 23:32:44 [scrapy] DEBUG: Scraped from <200 https://twitter.com/i/search/timeline?l=&f=tweets&q=sephora%20since%3A2018-04-13&src=typed&max_position=>
None
2018-04-13 23:32:44 [scrapy] DEBUG: Scraped from <200 https://twitter.com/i/search/timeline?l=&f=tweets&q=sephora%20since%3A2018-04-13&src=typed&max_position=>
None
2018-04-13 23:32:44 [scrapy] DEBUG: Scraped from <200 https://twitter.com/i/search/timeline?l=&f=tweets&q=sephora%20since%3A2018-04-13&src=typed&max_position=>
None
2018-04-13 23:32:44 [scrapy] DEBUG: Scraped from <200 https://twitter.com/i/search/timeline?l=&f=tweets&q=sephora%20since%3A2018-04-13&src=typed&max_position=>
None
2018-04-13 23:32:44 [scrapy] DEBUG: Scraped from <200 https://twitter.com/i/search/timeline?l=&f=tweets&q=sephora%20since%3A2018-04-13&src=typed&max_position=>
None
2018-04-13 23:32:44 [scrapy] DEBUG: Scraped from <200 https://twitter.com/i/search/timeline?l=&f=tweets&q=sephora%20since%3A2018-04-13&src=typed&max_position=>
None
2018-04-13 23:32:44 [scrapy] DEBUG: Scraped from <200 https://twitter.com/i/search/timeline?l=&f=tweets&q=sephora%20since%3A2018-04-13&src=typed&max_position=>
None
2018-04-13 23:32:44 [scrapy] DEBUG: Scraped from <200 https://twitter.com/i/search/timeline?l=&f=tweets&q=sephora%20since%3A2018-04-13&src=typed&max_position=>
None
2018-04-13 23:32:45 [scrapy] DEBUG: Crawled (200) <GET https://twitter.com/i/search/timeline?l=&f=tweets&q=sephora%20since%3A2018-04-13&src=typed&max_position=TWEET-985010896345944064-985012853773135872> (referer: https://twitter.com/i/search/timeline?l=&f=tweets&q=sephora%20since%3A2018-04-13&src=typed&max_position=)
2018-04-13 23:32:45 [scrapy] DEBUG: Scraped from <200 https://twitter.com/i/search/timeline?l=&f=tweets&q=sephora%20since%3A2018-04-13&src=typed&max_position=TWEET-985010896345944064-985012853773135872>
None
2018-04-13 23:32:45 [scrapy] DEBUG: Scraped from <200 https://twitter.com/i/search/timeline?l=&f=tweets&q=sephora%20since%3A2018-04-13&src=typed&max_position=TWEET-985010896345944064-985012853773135872>
None
2018-04-13 23:32:45 [scrapy] DEBUG: Scraped from <200 https://twitter.com/i/search/timeline?l=&f=tweets&q=sephora%20since%3A2018-04-13&src=typed&max_position=TWEET-985010896345944064-985012853773135872>
None
2018-04-13 23:32:45 [scrapy] DEBUG: Scraped from <200 https://twitter.com/i/search/timeline?l=&f=tweets&q=sephora%20since%3A2018-04-13&src=typed&max_position=TWEET-985010896345944064-985012853773135872>
None
2018-04-13 23:32:45 [scrapy] DEBUG: Scraped from <200 https://twitter.com/i/search/timeline?l=&f=tweets&q=sephora%20since%3A2018-04-13&src=typed&max_position=TWEET-985010896345944064-985012853773135872>
None
2018-04-13 23:32:45 [scrapy] DEBUG: Scraped from <200 https://twitter.com/i/search/timeline?l=&f=tweets&q=sephora%20since%3A2018-04-13&src=typed&max_position=TWEET-985010896345944064-985012853773135872>
None
2018-04-13 23:32:45 [scrapy] DEBUG: Scraped from <200 https://twitter.com/i/search/timeline?l=&f=tweets&q=sephora%20since%3A2018-04-13&src=typed&max_position=TWEET-985010896345944064-985012853773135872>
None
2018-04-13 23:32:45 [scrapy] DEBUG: Scraped from <200 https://twitter.com/i/search/timeline?l=&f=tweets&q=sephora%20since%3A2018-04-13&src=typed&max_position=TWEET-985010896345944064-985012853773135872>
None
2018-04-13 23:32:45 [scrapy] DEBUG: Scraped from <200 https://twitter.com/i/search/timeline?l=&f=tweets&q=sephora%20since%3A2018-04-13&src=typed&max_position=TWEET-985010896345944064-985012853773135872>
None
2018-04-13 23:32:45 [scrapy] DEBUG: Scraped from <200 https://twitter.com/i/search/timeline?l=&f=tweets&q=sephora%20since%3A2018-04-13&src=typed&max_position=TWEET-985010896345944064-985012853773135872>
None
2018-04-13 23:32:46 [scrapy] DEBUG: Scraped from <200 https://twitter.com/i/search/timeline?l=&f=tweets&q=sephora%20since%3A2018-04-13&src=typed&max_position=TWEET-985010896345944064-985012853773135872>
None
2018-04-13 23:32:46 [scrapy] DEBUG: Scraped from <200 https://twitter.com/i/search/timeline?l=&f=tweets&q=sephora%20since%3A2018-04-13&src=typed&max_position=TWEET-985010896345944064-985012853773135872>
None
2018-04-13 23:32:46 [scrapy] DEBUG: Scraped from <200 https://twitter.com/i/search/timeline?l=&f=tweets&q=sephora%20since%3A2018-04-13&src=typed&max_position=TWEET-985010896345944064-985012853773135872>
None
2018-04-13 23:32:46 [scrapy] DEBUG: Scraped from <200 https://twitter.com/i/search/timeline?l=&f=tweets&q=sephora%20since%3A2018-04-13&src=typed&max_position=TWEET-985010896345944064-985012853773135872>
None
2018-04-13 23:32:46 [scrapy] DEBUG: Scraped from <200 https://twitter.com/i/search/timeline?l=&f=tweets&q=sephora%20since%3A2018-04-13&src=typed&max_position=TWEET-985010896345944064-985012853773135872>
None
2018-04-13 23:32:46 [scrapy] DEBUG: Scraped from <200 https://twitter.com/i/search/timeline?l=&f=tweets&q=sephora%20since%3A2018-04-13&src=typed&max_position=TWEET-985010896345944064-985012853773135872>
None
2018-04-13 23:32:46 [scrapy] DEBUG: Scraped from <200 https://twitter.com/i/search/timeline?l=&f=tweets&q=sephora%20since%3A2018-04-13&src=typed&max_position=TWEET-985010896345944064-985012853773135872>
None
2018-04-13 23:32:46 [scrapy] DEBUG: Scraped from <200 https://twitter.com/i/search/timeline?l=&f=tweets&q=sephora%20since%3A2018-04-13&src=typed&max_position=TWEET-985010896345944064-985012853773135872>
None
2018-04-13 23:32:46 [scrapy] DEBUG: Scraped from <200 https://twitter.com/i/search/timeline?l=&f=tweets&q=sephora%20since%3A2018-04-13&src=typed&max_position=TWEET-985010896345944064-985012853773135872>
None
2018-04-13 23:32:46 [scrapy] DEBUG: Scraped from <200 https://twitter.com/i/search/timeline?l=&f=tweets&q=sephora%20since%3A2018-04-13&src=typed&max_position=TWEET-985010896345944064-985012853773135872>
None
2018-04-13 23:32:46 [scrapy] DEBUG: Crawled (200) <GET https://twitter.com/i/search/timeline?l=&f=tweets&q=sephora%20since%3A2018-04-13&src=typed&max_position=TWEET-985007906788708353-985012853773135872> (referer: https://twitter.com/i/search/timeline?l=&f=tweets&q=sephora%20since%3A2018-04-13&src=typed&max_position=TWEET-985010896345944064-985012853773135872)
2018-04-13 23:32:47 [scrapy] DEBUG: Scraped from <200 https://twitter.com/i/search/timeline?l=&f=tweets&q=sephora%20since%3A2018-04-13&src=typed&max_position=TWEET-985007906788708353-985012853773135872>
None
2018-04-13 23:32:47 [scrapy] DEBUG: Scraped from <200 https://twitter.com/i/search/timeline?l=&f=tweets&q=sephora%20since%3A2018-04-13&src=typed&max_position=TWEET-985007906788708353-985012853773135872>
None
2018-04-13 23:32:47 [scrapy] DEBUG: Scraped from <200 https://twitter.com/i/search/timeline?l=&f=tweets&q=sephora%20since%3A2018-04-13&src=typed&max_position=TWEET-985007906788708353-985012853773135872>
None
2018-04-13 23:32:47 [scrapy] DEBUG: Scraped from <200 https://twitter.com/i/search/timeline?l=&f=tweets&q=sephora%20since%3A2018-04-13&src=typed&max_position=TWEET-985007906788708353-985012853773135872>
None
2018-04-13 23:32:47 [scrapy] DEBUG: Scraped from <200 https://twitter.com/i/search/timeline?l=&f=tweets&q=sephora%20since%3A2018-04-13&src=typed&max_position=TWEET-985007906788708353-985012853773135872>
None
2018-04-13 23:32:47 [scrapy] DEBUG: Scraped from <200 https://twitter.com/i/search/timeline?l=&f=tweets&q=sephora%20since%3A2018-04-13&src=typed&max_position=TWEET-985007906788708353-985012853773135872>
None
2018-04-13 23:32:47 [scrapy] DEBUG: Scraped from <200 https://twitter.com/i/search/timeline?l=&f=tweets&q=sephora%20since%3A2018-04-13&src=typed&max_position=TWEET-985007906788708353-985012853773135872>
None
2018-04-13 23:32:47 [scrapy] DEBUG: Scraped from <200 https://twitter.com/i/search/timeline?l=&f=tweets&q=sephora%20since%3A2018-04-13&src=typed&max_position=TWEET-985007906788708353-985012853773135872>
None
2018-04-13 23:32:47 [scrapy] DEBUG: Scraped from <200 https://twitter.com/i/search/timeline?l=&f=tweets&q=sephora%20since%3A2018-04-13&src=typed&max_position=TWEET-985007906788708353-985012853773135872>
None
2018-04-13 23:32:47 [scrapy] DEBUG: Scraped from <200 https://twitter.com/i/search/timeline?l=&f=tweets&q=sephora%20since%3A2018-04-13&src=typed&max_position=TWEET-985007906788708353-985012853773135872>
None
2018-04-13 23:32:47 [scrapy] DEBUG: Scraped from <200 https://twitter.com/i/search/timeline?l=&f=tweets&q=sephora%20since%3A2018-04-13&src=typed&max_position=TWEET-985007906788708353-985012853773135872>
None
2018-04-13 23:32:47 [scrapy] DEBUG: Scraped from <200 https://twitter.com/i/search/timeline?l=&f=tweets&q=sephora%20since%3A2018-04-13&src=typed&max_position=TWEET-985007906788708353-985012853773135872>
None
2018-04-13 23:32:47 [scrapy] DEBUG: Scraped from <200 https://twitter.com/i/search/timeline?l=&f=tweets&q=sephora%20since%3A2018-04-13&src=typed&max_position=TWEET-985007906788708353-985012853773135872>
None
2018-04-13 23:32:47 [scrapy] DEBUG: Scraped from <200 https://twitter.com/i/search/timeline?l=&f=tweets&q=sephora%20since%3A2018-04-13&src=typed&max_position=TWEET-985007906788708353-985012853773135872>
None
2018-04-13 23:32:47 [scrapy] DEBUG: Scraped from <200 https://twitter.com/i/search/timeline?l=&f=tweets&q=sephora%20since%3A2018-04-13&src=typed&max_position=TWEET-985007906788708353-985012853773135872>
None
2018-04-13 23:32:47 [scrapy] DEBUG: Scraped from <200 https://twitter.com/i/search/timeline?l=&f=tweets&q=sephora%20since%3A2018-04-13&src=typed&max_position=TWEET-985007906788708353-985012853773135872>
None
2018-04-13 23:32:47 [scrapy] DEBUG: Scraped from <200 https://twitter.com/i/search/timeline?l=&f=tweets&q=sephora%20since%3A2018-04-13&src=typed&max_position=TWEET-985007906788708353-985012853773135872>
None
2018-04-13 23:32:47 [scrapy] DEBUG: Scraped from <200 https://twitter.com/i/search/timeline?l=&f=tweets&q=sephora%20since%3A2018-04-13&src=typed&max_position=TWEET-985007906788708353-985012853773135872>
None
2018-04-13 23:32:47 [scrapy] DEBUG: Scraped from <200 https://twitter.com/i/search/timeline?l=&f=tweets&q=sephora%20since%3A2018-04-13&src=typed&max_position=TWEET-985007906788708353-985012853773135872>
None
2018-04-13 23:32:47 [scrapy] DEBUG: Scraped from <200 https://twitter.com/i/search/timeline?l=&f=tweets&q=sephora%20since%3A2018-04-13&src=typed&max_position=TWEET-985007906788708353-985012853773135872>
None
2018-04-13 23:32:48 [scrapy] DEBUG: Crawled (200) <GET https://twitter.com/i/search/timeline?l=&f=tweets&q=sephora%20since%3A2018-04-13&src=typed&max_position=TWEET-985006290312355841-985012853773135872> (referer: https://twitter.com/i/search/timeline?l=&f=tweets&q=sephora%20since%3A2018-04-13&src=typed&max_position=TWEET-985007906788708353-985012853773135872)
2018-04-13 23:32:48 [scrapy] DEBUG: Scraped from <200 https://twitter.com/i/search/timeline?l=&f=tweets&q=sephora%20since%3A2018-04-13&src=typed&max_position=TWEET-985006290312355841-985012853773135872>
None
2018-04-13 23:32:48 [scrapy] DEBUG: Scraped from <200 https://twitter.com/i/search/timeline?l=&f=tweets&q=sephora%20since%3A2018-04-13&src=typed&max_position=TWEET-985006290312355841-985012853773135872>
None
2018-04-13 23:32:48 [scrapy] DEBUG: Scraped from <200 https://twitter.com/i/search/timeline?l=&f=tweets&q=sephora%20since%3A2018-04-13&src=typed&max_position=TWEET-985006290312355841-985012853773135872>
None
2018-04-13 23:32:48 [scrapy] DEBUG: Scraped from <200 https://twitter.com/i/search/timeline?l=&f=tweets&q=sephora%20since%3A2018-04-13&src=typed&max_position=TWEET-985006290312355841-985012853773135872>
None
2018-04-13 23:32:48 [scrapy] DEBUG: Scraped from <200 https://twitter.com/i/search/timeline?l=&f=tweets&q=sephora%20since%3A2018-04-13&src=typed&max_position=TWEET-985006290312355841-985012853773135872>
None
2018-04-13 23:32:48 [scrapy] DEBUG: Scraped from <200 https://twitter.com/i/search/timeline?l=&f=tweets&q=sephora%20since%3A2018-04-13&src=typed&max_position=TWEET-985006290312355841-985012853773135872>
None
2018-04-13 23:32:48 [scrapy] DEBUG: Scraped from <200 https://twitter.com/i/search/timeline?l=&f=tweets&q=sephora%20since%3A2018-04-13&src=typed&max_position=TWEET-985006290312355841-985012853773135872>
None
2018-04-13 23:32:48 [scrapy] DEBUG: Scraped from <200 https://twitter.com/i/search/timeline?l=&f=tweets&q=sephora%20since%3A2018-04-13&src=typed&max_position=TWEET-985006290312355841-985012853773135872>
None
2018-04-13 23:32:48 [scrapy] DEBUG: Scraped from <200 https://twitter.com/i/search/timeline?l=&f=tweets&q=sephora%20since%3A2018-04-13&src=typed&max_position=TWEET-985006290312355841-985012853773135872>
None
2018-04-13 23:32:49 [scrapy] DEBUG: Scraped from <200 https://twitter.com/i/search/timeline?l=&f=tweets&q=sephora%20since%3A2018-04-13&src=typed&max_position=TWEET-985006290312355841-985012853773135872>
None
2018-04-13 23:32:49 [scrapy] DEBUG: Scraped from <200 https://twitter.com/i/search/timeline?l=&f=tweets&q=sephora%20since%3A2018-04-13&src=typed&max_position=TWEET-985006290312355841-985012853773135872>
None
2018-04-13 23:32:49 [scrapy] DEBUG: Scraped from <200 https://twitter.com/i/search/timeline?l=&f=tweets&q=sephora%20since%3A2018-04-13&src=typed&max_position=TWEET-985006290312355841-985012853773135872>
None
2018-04-13 23:32:49 [scrapy] DEBUG: Scraped from <200 https://twitter.com/i/search/timeline?l=&f=tweets&q=sephora%20since%3A2018-04-13&src=typed&max_position=TWEET-985006290312355841-985012853773135872>
None
2018-04-13 23:32:49 [scrapy] DEBUG: Scraped from <200 https://twitter.com/i/search/timeline?l=&f=tweets&q=sephora%20since%3A2018-04-13&src=typed&max_position=TWEET-985006290312355841-985012853773135872>
None
2018-04-13 23:32:49 [scrapy] DEBUG: Scraped from <200 https://twitter.com/i/search/timeline?l=&f=tweets&q=sephora%20since%3A2018-04-13&src=typed&max_position=TWEET-985006290312355841-985012853773135872>
None
2018-04-13 23:32:49 [scrapy] DEBUG: Scraped from <200 https://twitter.com/i/search/timeline?l=&f=tweets&q=sephora%20since%3A2018-04-13&src=typed&max_position=TWEET-985006290312355841-985012853773135872>
None
2018-04-13 23:32:49 [scrapy] DEBUG: Scraped from <200 https://twitter.com/i/search/timeline?l=&f=tweets&q=sephora%20since%3A2018-04-13&src=typed&max_position=TWEET-985006290312355841-985012853773135872>
None
2018-04-13 23:32:49 [scrapy] DEBUG: Scraped from <200 https://twitter.com/i/search/timeline?l=&f=tweets&q=sephora%20since%3A2018-04-13&src=typed&max_position=TWEET-985006290312355841-985012853773135872>
None
2018-04-13 23:32:49 [scrapy] DEBUG: Scraped from <200 https://twitter.com/i/search/timeline?l=&f=tweets&q=sephora%20since%3A2018-04-13&src=typed&max_position=TWEET-985006290312355841-985012853773135872>
None
2018-04-13 23:32:49 [scrapy] DEBUG: Scraped from <200 https://twitter.com/i/search/timeline?l=&f=tweets&q=sephora%20since%3A2018-04-13&src=typed&max_position=TWEET-985006290312355841-985012853773135872>
None
2018-04-13 23:32:50 [scrapy] DEBUG: Crawled (200) <GET https://twitter.com/i/search/timeline?l=&f=tweets&q=sephora%20since%3A2018-04-13&src=typed&max_position=TWEET-985004480201568256-985012853773135872> (referer: https://twitter.com/i/search/timeline?l=&f=tweets&q=sephora%20since%3A2018-04-13&src=typed&max_position=TWEET-985006290312355841-985012853773135872)
2018-04-13 23:32:50 [scrapy] DEBUG: Scraped from <200 https://twitter.com/i/search/timeline?l=&f=tweets&q=sephora%20since%3A2018-04-13&src=typed&max_position=TWEET-985004480201568256-985012853773135872>
None
2018-04-13 23:32:50 [scrapy] DEBUG: Scraped from <200 https://twitter.com/i/search/timeline?l=&f=tweets&q=sephora%20since%3A2018-04-13&src=typed&max_position=TWEET-985004480201568256-985012853773135872>
None
2018-04-13 23:32:50 [scrapy] DEBUG: Scraped from <200 https://twitter.com/i/search/timeline?l=&f=tweets&q=sephora%20since%3A2018-04-13&src=typed&max_position=TWEET-985004480201568256-985012853773135872>
None
2018-04-13 23:32:50 [scrapy] DEBUG: Scraped from <200 https://twitter.com/i/search/timeline?l=&f=tweets&q=sephora%20since%3A2018-04-13&src=typed&max_position=TWEET-985004480201568256-985012853773135872>
None
2018-04-13 23:32:50 [scrapy] DEBUG: Scraped from <200 https://twitter.com/i/search/timeline?l=&f=tweets&q=sephora%20since%3A2018-04-13&src=typed&max_position=TWEET-985004480201568256-985012853773135872>
None
2018-04-13 23:32:50 [scrapy] DEBUG: Scraped from <200 https://twitter.com/i/search/timeline?l=&f=tweets&q=sephora%20since%3A2018-04-13&src=typed&max_position=TWEET-985004480201568256-985012853773135872>
None
2018-04-13 23:32:50 [scrapy] DEBUG: Scraped from <200 https://twitter.com/i/search/timeline?l=&f=tweets&q=sephora%20since%3A2018-04-13&src=typed&max_position=TWEET-985004480201568256-985012853773135872>
None
2018-04-13 23:32:50 [scrapy] DEBUG: Scraped from <200 https://twitter.com/i/search/timeline?l=&f=tweets&q=sephora%20since%3A2018-04-13&src=typed&max_position=TWEET-985004480201568256-985012853773135872>
None
2018-04-13 23:32:50 [scrapy] DEBUG: Scraped from <200 https://twitter.com/i/search/timeline?l=&f=tweets&q=sephora%20since%3A2018-04-13&src=typed&max_position=TWEET-985004480201568256-985012853773135872>
None
2018-04-13 23:32:50 [scrapy] DEBUG: Scraped from <200 https://twitter.com/i/search/timeline?l=&f=tweets&q=sephora%20since%3A2018-04-13&src=typed&max_position=TWEET-985004480201568256-985012853773135872>
None
2018-04-13 23:32:50 [scrapy] DEBUG: Scraped from <200 https://twitter.com/i/search/timeline?l=&f=tweets&q=sephora%20since%3A2018-04-13&src=typed&max_position=TWEET-985004480201568256-985012853773135872>
None
2018-04-13 23:32:51 [scrapy] DEBUG: Scraped from <200 https://twitter.com/i/search/timeline?l=&f=tweets&q=sephora%20since%3A2018-04-13&src=typed&max_position=TWEET-985004480201568256-985012853773135872>
None
2018-04-13 23:32:51 [scrapy] DEBUG: Scraped from <200 https://twitter.com/i/search/timeline?l=&f=tweets&q=sephora%20since%3A2018-04-13&src=typed&max_position=TWEET-985004480201568256-985012853773135872>
None
2018-04-13 23:32:51 [scrapy] DEBUG: Scraped from <200 https://twitter.com/i/search/timeline?l=&f=tweets&q=sephora%20since%3A2018-04-13&src=typed&max_position=TWEET-985004480201568256-985012853773135872>
None
2018-04-13 23:32:51 [scrapy] DEBUG: Scraped from <200 https://twitter.com/i/search/timeline?l=&f=tweets&q=sephora%20since%3A2018-04-13&src=typed&max_position=TWEET-985004480201568256-985012853773135872>
None
2018-04-13 23:32:51 [scrapy] DEBUG: Scraped from <200 https://twitter.com/i/search/timeline?l=&f=tweets&q=sephora%20since%3A2018-04-13&src=typed&max_position=TWEET-985004480201568256-985012853773135872>
None
2018-04-13 23:32:51 [scrapy] DEBUG: Scraped from <200 https://twitter.com/i/search/timeline?l=&f=tweets&q=sephora%20since%3A2018-04-13&src=typed&max_position=TWEET-985004480201568256-985012853773135872>
None
2018-04-13 23:32:51 [scrapy] DEBUG: Scraped from <200 https://twitter.com/i/search/timeline?l=&f=tweets&q=sephora%20since%3A2018-04-13&src=typed&max_position=TWEET-985004480201568256-985012853773135872>
None
2018-04-13 23:32:51 [scrapy] DEBUG: Scraped from <200 https://twitter.com/i/search/timeline?l=&f=tweets&q=sephora%20since%3A2018-04-13&src=typed&max_position=TWEET-985004480201568256-985012853773135872>
None
2018-04-13 23:32:51 [scrapy] DEBUG: Scraped from <200 https://twitter.com/i/search/timeline?l=&f=tweets&q=sephora%20since%3A2018-04-13&src=typed&max_position=TWEET-985004480201568256-985012853773135872>
None
2018-04-13 23:32:51 [scrapy] INFO: Closing spider (closespider_itemcount)
2018-04-13 23:32:51 [scrapy] INFO: Dumping Scrapy stats:
{'downloader/request_bytes': 3861,
 'downloader/request_count': 5,
 'downloader/request_method_count/GET': 5,
 'downloader/response_bytes': 88381,
 'downloader/response_count': 5,
 'downloader/response_status_count/200': 5,
 'finish_reason': 'closespider_itemcount',
 'finish_time': datetime.datetime(2018, 4, 14, 4, 32, 51, 388867),
 'item_scraped_count': 100,
 'log_count/DEBUG': 128,
 'log_count/ERROR': 100,
 'log_count/INFO': 6,
 'memusage/max': 51175424,
 'memusage/startup': 51175424,
 'request_depth_max': 5,
 'response_received_count': 5,
 'scheduler/dequeued': 5,
 'scheduler/dequeued/memory': 5,
 'scheduler/enqueued': 6,
 'scheduler/enqueued/memory': 6,
 'start_time': datetime.datetime(2018, 4, 14, 4, 32, 41, 865323)}
2018-04-13 23:32:51 [scrapy] INFO: Spider closed (closespider_itemcount)
