2018-04-14 15:14:04 [scrapy] DEBUG: Crawled (200) <GET https://twitter.com/i/search/timeline?l=en&f=tweets&q=%22Smoky%20Eye%20Baton%22&src=typed&max_position=> (referer: None)
2018-04-14 15:14:04 [scrapy] DEBUG: Scraped from <200 https://twitter.com/i/search/timeline?l=en&f=tweets&q=%22Smoky%20Eye%20Baton%22&src=typed&max_position=>
None
2018-04-14 15:14:04 [scrapy] DEBUG: Scraped from <200 https://twitter.com/i/search/timeline?l=en&f=tweets&q=%22Smoky%20Eye%20Baton%22&src=typed&max_position=>
None
2018-04-14 15:14:04 [scrapy] DEBUG: Scraped from <200 https://twitter.com/i/search/timeline?l=en&f=tweets&q=%22Smoky%20Eye%20Baton%22&src=typed&max_position=>
None
2018-04-14 15:14:04 [scrapy] DEBUG: Scraped from <200 https://twitter.com/i/search/timeline?l=en&f=tweets&q=%22Smoky%20Eye%20Baton%22&src=typed&max_position=>
None
2018-04-14 15:14:04 [scrapy] DEBUG: Scraped from <200 https://twitter.com/i/search/timeline?l=en&f=tweets&q=%22Smoky%20Eye%20Baton%22&src=typed&max_position=>
None
2018-04-14 15:14:04 [scrapy] DEBUG: Scraped from <200 https://twitter.com/i/search/timeline?l=en&f=tweets&q=%22Smoky%20Eye%20Baton%22&src=typed&max_position=>
None
2018-04-14 15:14:04 [scrapy] DEBUG: Scraped from <200 https://twitter.com/i/search/timeline?l=en&f=tweets&q=%22Smoky%20Eye%20Baton%22&src=typed&max_position=>
None
2018-04-14 15:14:05 [scrapy] DEBUG: Scraped from <200 https://twitter.com/i/search/timeline?l=en&f=tweets&q=%22Smoky%20Eye%20Baton%22&src=typed&max_position=>
None
2018-04-14 15:14:05 [scrapy] DEBUG: Scraped from <200 https://twitter.com/i/search/timeline?l=en&f=tweets&q=%22Smoky%20Eye%20Baton%22&src=typed&max_position=>
None
2018-04-14 15:14:05 [scrapy] DEBUG: Scraped from <200 https://twitter.com/i/search/timeline?l=en&f=tweets&q=%22Smoky%20Eye%20Baton%22&src=typed&max_position=>
None
2018-04-14 15:14:05 [scrapy] DEBUG: Scraped from <200 https://twitter.com/i/search/timeline?l=en&f=tweets&q=%22Smoky%20Eye%20Baton%22&src=typed&max_position=>
None
2018-04-14 15:14:05 [scrapy] DEBUG: Scraped from <200 https://twitter.com/i/search/timeline?l=en&f=tweets&q=%22Smoky%20Eye%20Baton%22&src=typed&max_position=>
None
2018-04-14 15:14:05 [scrapy] DEBUG: Scraped from <200 https://twitter.com/i/search/timeline?l=en&f=tweets&q=%22Smoky%20Eye%20Baton%22&src=typed&max_position=>
None
2018-04-14 15:14:05 [scrapy] DEBUG: Scraped from <200 https://twitter.com/i/search/timeline?l=en&f=tweets&q=%22Smoky%20Eye%20Baton%22&src=typed&max_position=>
None
2018-04-14 15:14:05 [scrapy] DEBUG: Scraped from <200 https://twitter.com/i/search/timeline?l=en&f=tweets&q=%22Smoky%20Eye%20Baton%22&src=typed&max_position=>
None
2018-04-14 15:14:05 [scrapy] DEBUG: Scraped from <200 https://twitter.com/i/search/timeline?l=en&f=tweets&q=%22Smoky%20Eye%20Baton%22&src=typed&max_position=>
None
2018-04-14 15:14:05 [scrapy] DEBUG: Scraped from <200 https://twitter.com/i/search/timeline?l=en&f=tweets&q=%22Smoky%20Eye%20Baton%22&src=typed&max_position=>
None
2018-04-14 15:14:05 [scrapy] DEBUG: Scraped from <200 https://twitter.com/i/search/timeline?l=en&f=tweets&q=%22Smoky%20Eye%20Baton%22&src=typed&max_position=>
None
2018-04-14 15:14:05 [scrapy] DEBUG: Scraped from <200 https://twitter.com/i/search/timeline?l=en&f=tweets&q=%22Smoky%20Eye%20Baton%22&src=typed&max_position=>
None
2018-04-14 15:14:05 [scrapy] DEBUG: Scraped from <200 https://twitter.com/i/search/timeline?l=en&f=tweets&q=%22Smoky%20Eye%20Baton%22&src=typed&max_position=>
None
2018-04-14 15:14:06 [scrapy] DEBUG: Crawled (200) <GET https://twitter.com/i/search/timeline?l=en&f=tweets&q=%22Smoky%20Eye%20Baton%22&src=typed&max_position=TWEET-495826159511171072-913044100831735809> (referer: https://twitter.com/i/search/timeline?l=en&f=tweets&q=%22Smoky%20Eye%20Baton%22&src=typed&max_position=)
2018-04-14 15:14:06 [scrapy] DEBUG: Scraped from <200 https://twitter.com/i/search/timeline?l=en&f=tweets&q=%22Smoky%20Eye%20Baton%22&src=typed&max_position=TWEET-495826159511171072-913044100831735809>
None
2018-04-14 15:14:06 [scrapy] DEBUG: Scraped from <200 https://twitter.com/i/search/timeline?l=en&f=tweets&q=%22Smoky%20Eye%20Baton%22&src=typed&max_position=TWEET-495826159511171072-913044100831735809>
None
2018-04-14 15:14:06 [scrapy] DEBUG: Scraped from <200 https://twitter.com/i/search/timeline?l=en&f=tweets&q=%22Smoky%20Eye%20Baton%22&src=typed&max_position=TWEET-495826159511171072-913044100831735809>
None
2018-04-14 15:14:06 [scrapy] DEBUG: Scraped from <200 https://twitter.com/i/search/timeline?l=en&f=tweets&q=%22Smoky%20Eye%20Baton%22&src=typed&max_position=TWEET-495826159511171072-913044100831735809>
None
2018-04-14 15:14:06 [scrapy] DEBUG: Crawled (200) <GET https://twitter.com/i/search/timeline?l=en&f=tweets&q=%22Smoky%20Eye%20Baton%22&src=typed&max_position=TWEET-394125163651809280-913044100831735809> (referer: https://twitter.com/i/search/timeline?l=en&f=tweets&q=%22Smoky%20Eye%20Baton%22&src=typed&max_position=TWEET-495826159511171072-913044100831735809)
2018-04-14 15:14:07 [scrapy] DEBUG: Filtered duplicate request: <GET https://twitter.com/i/search/timeline?l=en&f=tweets&q=%22Smoky%20Eye%20Baton%22&src=typed&max_position=TWEET-394125163651809280-913044100831735809> - no more duplicates will be shown (see DUPEFILTER_DEBUG to show all duplicates)
2018-04-14 15:14:07 [scrapy] INFO: Closing spider (finished)
2018-04-14 15:14:07 [scrapy] INFO: Dumping Scrapy stats:
{'downloader/request_bytes': 2032,
 'downloader/request_count': 3,
 'downloader/request_method_count/GET': 3,
 'downloader/response_bytes': 23177,
 'downloader/response_count': 3,
 'downloader/response_status_count/200': 3,
 'dupefilter/filtered': 1,
 'finish_reason': 'finished',
 'finish_time': datetime.datetime(2018, 4, 14, 20, 14, 7, 99638),
 'item_scraped_count': 24,
 'log_count/DEBUG': 52,
 'log_count/ERROR': 24,
 'log_count/INFO': 6,
 'memusage/max': 65413120,
 'memusage/startup': 65413120,
 'request_depth_max': 3,
 'response_received_count': 3,
 'scheduler/dequeued': 3,
 'scheduler/dequeued/memory': 3,
 'scheduler/enqueued': 3,
 'scheduler/enqueued/memory': 3,
 'start_time': datetime.datetime(2018, 4, 14, 20, 14, 3, 502797)}
2018-04-14 15:14:07 [scrapy] INFO: Spider closed (finished)
