2018-04-14 14:51:24 [scrapy] DEBUG: Crawled (200) <GET https://twitter.com/i/search/timeline?l=en&f=tweets&q=Natasha%20Denona%20Chroma%20Crystal%20Top%20Coat&src=typed&max_position=> (referer: None)
2018-04-14 14:51:24 [scrapy] DEBUG: Scraped from <200 https://twitter.com/i/search/timeline?l=en&f=tweets&q=Natasha%20Denona%20Chroma%20Crystal%20Top%20Coat&src=typed&max_position=>
None
2018-04-14 14:51:24 [scrapy] DEBUG: Scraped from <200 https://twitter.com/i/search/timeline?l=en&f=tweets&q=Natasha%20Denona%20Chroma%20Crystal%20Top%20Coat&src=typed&max_position=>
None
2018-04-14 14:51:24 [scrapy] DEBUG: Scraped from <200 https://twitter.com/i/search/timeline?l=en&f=tweets&q=Natasha%20Denona%20Chroma%20Crystal%20Top%20Coat&src=typed&max_position=>
None
2018-04-14 14:51:24 [scrapy] DEBUG: Scraped from <200 https://twitter.com/i/search/timeline?l=en&f=tweets&q=Natasha%20Denona%20Chroma%20Crystal%20Top%20Coat&src=typed&max_position=>
None
2018-04-14 14:51:24 [scrapy] DEBUG: Scraped from <200 https://twitter.com/i/search/timeline?l=en&f=tweets&q=Natasha%20Denona%20Chroma%20Crystal%20Top%20Coat&src=typed&max_position=>
None
2018-04-14 14:51:24 [scrapy] DEBUG: Scraped from <200 https://twitter.com/i/search/timeline?l=en&f=tweets&q=Natasha%20Denona%20Chroma%20Crystal%20Top%20Coat&src=typed&max_position=>
None
2018-04-14 14:51:24 [scrapy] DEBUG: Scraped from <200 https://twitter.com/i/search/timeline?l=en&f=tweets&q=Natasha%20Denona%20Chroma%20Crystal%20Top%20Coat&src=typed&max_position=>
None
2018-04-14 14:51:24 [scrapy] DEBUG: Scraped from <200 https://twitter.com/i/search/timeline?l=en&f=tweets&q=Natasha%20Denona%20Chroma%20Crystal%20Top%20Coat&src=typed&max_position=>
None
2018-04-14 14:51:25 [scrapy] DEBUG: Scraped from <200 https://twitter.com/i/search/timeline?l=en&f=tweets&q=Natasha%20Denona%20Chroma%20Crystal%20Top%20Coat&src=typed&max_position=>
None
2018-04-14 14:51:25 [scrapy] DEBUG: Scraped from <200 https://twitter.com/i/search/timeline?l=en&f=tweets&q=Natasha%20Denona%20Chroma%20Crystal%20Top%20Coat&src=typed&max_position=>
None
2018-04-14 14:51:25 [scrapy] DEBUG: Scraped from <200 https://twitter.com/i/search/timeline?l=en&f=tweets&q=Natasha%20Denona%20Chroma%20Crystal%20Top%20Coat&src=typed&max_position=>
None
2018-04-14 14:51:25 [scrapy] DEBUG: Scraped from <200 https://twitter.com/i/search/timeline?l=en&f=tweets&q=Natasha%20Denona%20Chroma%20Crystal%20Top%20Coat&src=typed&max_position=>
None
2018-04-14 14:51:25 [scrapy] DEBUG: Scraped from <200 https://twitter.com/i/search/timeline?l=en&f=tweets&q=Natasha%20Denona%20Chroma%20Crystal%20Top%20Coat&src=typed&max_position=>
None
2018-04-14 14:51:25 [scrapy] DEBUG: Scraped from <200 https://twitter.com/i/search/timeline?l=en&f=tweets&q=Natasha%20Denona%20Chroma%20Crystal%20Top%20Coat&src=typed&max_position=>
None
2018-04-14 14:51:25 [scrapy] DEBUG: Scraped from <200 https://twitter.com/i/search/timeline?l=en&f=tweets&q=Natasha%20Denona%20Chroma%20Crystal%20Top%20Coat&src=typed&max_position=>
None
2018-04-14 14:51:25 [scrapy] DEBUG: Scraped from <200 https://twitter.com/i/search/timeline?l=en&f=tweets&q=Natasha%20Denona%20Chroma%20Crystal%20Top%20Coat&src=typed&max_position=>
None
2018-04-14 14:51:25 [scrapy] DEBUG: Scraped from <200 https://twitter.com/i/search/timeline?l=en&f=tweets&q=Natasha%20Denona%20Chroma%20Crystal%20Top%20Coat&src=typed&max_position=>
None
2018-04-14 14:51:25 [scrapy] DEBUG: Scraped from <200 https://twitter.com/i/search/timeline?l=en&f=tweets&q=Natasha%20Denona%20Chroma%20Crystal%20Top%20Coat&src=typed&max_position=>
None
2018-04-14 14:51:25 [scrapy] DEBUG: Scraped from <200 https://twitter.com/i/search/timeline?l=en&f=tweets&q=Natasha%20Denona%20Chroma%20Crystal%20Top%20Coat&src=typed&max_position=>
None
2018-04-14 14:51:25 [scrapy] DEBUG: Scraped from <200 https://twitter.com/i/search/timeline?l=en&f=tweets&q=Natasha%20Denona%20Chroma%20Crystal%20Top%20Coat&src=typed&max_position=>
None
2018-04-14 14:51:26 [scrapy] DEBUG: Crawled (200) <GET https://twitter.com/i/search/timeline?l=en&f=tweets&q=Natasha%20Denona%20Chroma%20Crystal%20Top%20Coat&src=typed&max_position=TWEET-930142520247554049-983324572857655297> (referer: https://twitter.com/i/search/timeline?l=en&f=tweets&q=Natasha%20Denona%20Chroma%20Crystal%20Top%20Coat&src=typed&max_position=)
2018-04-14 14:51:26 [scrapy] DEBUG: Scraped from <200 https://twitter.com/i/search/timeline?l=en&f=tweets&q=Natasha%20Denona%20Chroma%20Crystal%20Top%20Coat&src=typed&max_position=TWEET-930142520247554049-983324572857655297>
None
2018-04-14 14:51:26 [scrapy] DEBUG: Scraped from <200 https://twitter.com/i/search/timeline?l=en&f=tweets&q=Natasha%20Denona%20Chroma%20Crystal%20Top%20Coat&src=typed&max_position=TWEET-930142520247554049-983324572857655297>
None
2018-04-14 14:51:26 [scrapy] DEBUG: Scraped from <200 https://twitter.com/i/search/timeline?l=en&f=tweets&q=Natasha%20Denona%20Chroma%20Crystal%20Top%20Coat&src=typed&max_position=TWEET-930142520247554049-983324572857655297>
None
2018-04-14 14:51:26 [scrapy] DEBUG: Scraped from <200 https://twitter.com/i/search/timeline?l=en&f=tweets&q=Natasha%20Denona%20Chroma%20Crystal%20Top%20Coat&src=typed&max_position=TWEET-930142520247554049-983324572857655297>
None
2018-04-14 14:51:26 [scrapy] DEBUG: Scraped from <200 https://twitter.com/i/search/timeline?l=en&f=tweets&q=Natasha%20Denona%20Chroma%20Crystal%20Top%20Coat&src=typed&max_position=TWEET-930142520247554049-983324572857655297>
None
2018-04-14 14:51:26 [scrapy] DEBUG: Scraped from <200 https://twitter.com/i/search/timeline?l=en&f=tweets&q=Natasha%20Denona%20Chroma%20Crystal%20Top%20Coat&src=typed&max_position=TWEET-930142520247554049-983324572857655297>
None
2018-04-14 14:51:26 [scrapy] DEBUG: Scraped from <200 https://twitter.com/i/search/timeline?l=en&f=tweets&q=Natasha%20Denona%20Chroma%20Crystal%20Top%20Coat&src=typed&max_position=TWEET-930142520247554049-983324572857655297>
None
2018-04-14 14:51:26 [scrapy] DEBUG: Scraped from <200 https://twitter.com/i/search/timeline?l=en&f=tweets&q=Natasha%20Denona%20Chroma%20Crystal%20Top%20Coat&src=typed&max_position=TWEET-930142520247554049-983324572857655297>
None
2018-04-14 14:51:26 [scrapy] DEBUG: Scraped from <200 https://twitter.com/i/search/timeline?l=en&f=tweets&q=Natasha%20Denona%20Chroma%20Crystal%20Top%20Coat&src=typed&max_position=TWEET-930142520247554049-983324572857655297>
None
2018-04-14 14:51:26 [scrapy] DEBUG: Scraped from <200 https://twitter.com/i/search/timeline?l=en&f=tweets&q=Natasha%20Denona%20Chroma%20Crystal%20Top%20Coat&src=typed&max_position=TWEET-930142520247554049-983324572857655297>
None
2018-04-14 14:51:26 [scrapy] DEBUG: Scraped from <200 https://twitter.com/i/search/timeline?l=en&f=tweets&q=Natasha%20Denona%20Chroma%20Crystal%20Top%20Coat&src=typed&max_position=TWEET-930142520247554049-983324572857655297>
None
2018-04-14 14:51:26 [scrapy] DEBUG: Scraped from <200 https://twitter.com/i/search/timeline?l=en&f=tweets&q=Natasha%20Denona%20Chroma%20Crystal%20Top%20Coat&src=typed&max_position=TWEET-930142520247554049-983324572857655297>
None
2018-04-14 14:51:27 [scrapy] DEBUG: Scraped from <200 https://twitter.com/i/search/timeline?l=en&f=tweets&q=Natasha%20Denona%20Chroma%20Crystal%20Top%20Coat&src=typed&max_position=TWEET-930142520247554049-983324572857655297>
None
2018-04-14 14:51:27 [scrapy] DEBUG: Scraped from <200 https://twitter.com/i/search/timeline?l=en&f=tweets&q=Natasha%20Denona%20Chroma%20Crystal%20Top%20Coat&src=typed&max_position=TWEET-930142520247554049-983324572857655297>
None
2018-04-14 14:51:27 [scrapy] DEBUG: Scraped from <200 https://twitter.com/i/search/timeline?l=en&f=tweets&q=Natasha%20Denona%20Chroma%20Crystal%20Top%20Coat&src=typed&max_position=TWEET-930142520247554049-983324572857655297>
None
2018-04-14 14:51:27 [scrapy] DEBUG: Scraped from <200 https://twitter.com/i/search/timeline?l=en&f=tweets&q=Natasha%20Denona%20Chroma%20Crystal%20Top%20Coat&src=typed&max_position=TWEET-930142520247554049-983324572857655297>
None
2018-04-14 14:51:27 [scrapy] DEBUG: Scraped from <200 https://twitter.com/i/search/timeline?l=en&f=tweets&q=Natasha%20Denona%20Chroma%20Crystal%20Top%20Coat&src=typed&max_position=TWEET-930142520247554049-983324572857655297>
None
2018-04-14 14:51:27 [scrapy] DEBUG: Scraped from <200 https://twitter.com/i/search/timeline?l=en&f=tweets&q=Natasha%20Denona%20Chroma%20Crystal%20Top%20Coat&src=typed&max_position=TWEET-930142520247554049-983324572857655297>
None
2018-04-14 14:51:27 [scrapy] DEBUG: Scraped from <200 https://twitter.com/i/search/timeline?l=en&f=tweets&q=Natasha%20Denona%20Chroma%20Crystal%20Top%20Coat&src=typed&max_position=TWEET-930142520247554049-983324572857655297>
None
2018-04-14 14:51:27 [scrapy] DEBUG: Scraped from <200 https://twitter.com/i/search/timeline?l=en&f=tweets&q=Natasha%20Denona%20Chroma%20Crystal%20Top%20Coat&src=typed&max_position=TWEET-930142520247554049-983324572857655297>
None
2018-04-14 14:51:28 [scrapy] DEBUG: Crawled (200) <GET https://twitter.com/i/search/timeline?l=en&f=tweets&q=Natasha%20Denona%20Chroma%20Crystal%20Top%20Coat&src=typed&max_position=TWEET-921216390140379136-983324572857655297> (referer: https://twitter.com/i/search/timeline?l=en&f=tweets&q=Natasha%20Denona%20Chroma%20Crystal%20Top%20Coat&src=typed&max_position=TWEET-930142520247554049-983324572857655297)
2018-04-14 14:51:28 [scrapy] DEBUG: Scraped from <200 https://twitter.com/i/search/timeline?l=en&f=tweets&q=Natasha%20Denona%20Chroma%20Crystal%20Top%20Coat&src=typed&max_position=TWEET-921216390140379136-983324572857655297>
None
2018-04-14 14:51:28 [scrapy] DEBUG: Scraped from <200 https://twitter.com/i/search/timeline?l=en&f=tweets&q=Natasha%20Denona%20Chroma%20Crystal%20Top%20Coat&src=typed&max_position=TWEET-921216390140379136-983324572857655297>
None
2018-04-14 14:51:28 [scrapy] DEBUG: Scraped from <200 https://twitter.com/i/search/timeline?l=en&f=tweets&q=Natasha%20Denona%20Chroma%20Crystal%20Top%20Coat&src=typed&max_position=TWEET-921216390140379136-983324572857655297>
None
2018-04-14 14:51:28 [scrapy] DEBUG: Scraped from <200 https://twitter.com/i/search/timeline?l=en&f=tweets&q=Natasha%20Denona%20Chroma%20Crystal%20Top%20Coat&src=typed&max_position=TWEET-921216390140379136-983324572857655297>
None
2018-04-14 14:51:28 [scrapy] DEBUG: Scraped from <200 https://twitter.com/i/search/timeline?l=en&f=tweets&q=Natasha%20Denona%20Chroma%20Crystal%20Top%20Coat&src=typed&max_position=TWEET-921216390140379136-983324572857655297>
None
2018-04-14 14:51:28 [scrapy] DEBUG: Scraped from <200 https://twitter.com/i/search/timeline?l=en&f=tweets&q=Natasha%20Denona%20Chroma%20Crystal%20Top%20Coat&src=typed&max_position=TWEET-921216390140379136-983324572857655297>
None
2018-04-14 14:51:28 [scrapy] DEBUG: Scraped from <200 https://twitter.com/i/search/timeline?l=en&f=tweets&q=Natasha%20Denona%20Chroma%20Crystal%20Top%20Coat&src=typed&max_position=TWEET-921216390140379136-983324572857655297>
None
2018-04-14 14:51:28 [scrapy] DEBUG: Scraped from <200 https://twitter.com/i/search/timeline?l=en&f=tweets&q=Natasha%20Denona%20Chroma%20Crystal%20Top%20Coat&src=typed&max_position=TWEET-921216390140379136-983324572857655297>
None
2018-04-14 14:51:28 [scrapy] DEBUG: Scraped from <200 https://twitter.com/i/search/timeline?l=en&f=tweets&q=Natasha%20Denona%20Chroma%20Crystal%20Top%20Coat&src=typed&max_position=TWEET-921216390140379136-983324572857655297>
None
2018-04-14 14:51:28 [scrapy] DEBUG: Scraped from <200 https://twitter.com/i/search/timeline?l=en&f=tweets&q=Natasha%20Denona%20Chroma%20Crystal%20Top%20Coat&src=typed&max_position=TWEET-921216390140379136-983324572857655297>
None
2018-04-14 14:51:28 [scrapy] DEBUG: Scraped from <200 https://twitter.com/i/search/timeline?l=en&f=tweets&q=Natasha%20Denona%20Chroma%20Crystal%20Top%20Coat&src=typed&max_position=TWEET-921216390140379136-983324572857655297>
None
2018-04-14 14:51:29 [scrapy] DEBUG: Scraped from <200 https://twitter.com/i/search/timeline?l=en&f=tweets&q=Natasha%20Denona%20Chroma%20Crystal%20Top%20Coat&src=typed&max_position=TWEET-921216390140379136-983324572857655297>
None
2018-04-14 14:51:29 [scrapy] DEBUG: Scraped from <200 https://twitter.com/i/search/timeline?l=en&f=tweets&q=Natasha%20Denona%20Chroma%20Crystal%20Top%20Coat&src=typed&max_position=TWEET-921216390140379136-983324572857655297>
None
2018-04-14 14:51:29 [scrapy] DEBUG: Scraped from <200 https://twitter.com/i/search/timeline?l=en&f=tweets&q=Natasha%20Denona%20Chroma%20Crystal%20Top%20Coat&src=typed&max_position=TWEET-921216390140379136-983324572857655297>
None
2018-04-14 14:51:29 [scrapy] DEBUG: Scraped from <200 https://twitter.com/i/search/timeline?l=en&f=tweets&q=Natasha%20Denona%20Chroma%20Crystal%20Top%20Coat&src=typed&max_position=TWEET-921216390140379136-983324572857655297>
None
2018-04-14 14:51:29 [scrapy] DEBUG: Scraped from <200 https://twitter.com/i/search/timeline?l=en&f=tweets&q=Natasha%20Denona%20Chroma%20Crystal%20Top%20Coat&src=typed&max_position=TWEET-921216390140379136-983324572857655297>
None
2018-04-14 14:51:29 [scrapy] DEBUG: Scraped from <200 https://twitter.com/i/search/timeline?l=en&f=tweets&q=Natasha%20Denona%20Chroma%20Crystal%20Top%20Coat&src=typed&max_position=TWEET-921216390140379136-983324572857655297>
None
2018-04-14 14:51:29 [scrapy] DEBUG: Scraped from <200 https://twitter.com/i/search/timeline?l=en&f=tweets&q=Natasha%20Denona%20Chroma%20Crystal%20Top%20Coat&src=typed&max_position=TWEET-921216390140379136-983324572857655297>
None
2018-04-14 14:51:29 [scrapy] DEBUG: Scraped from <200 https://twitter.com/i/search/timeline?l=en&f=tweets&q=Natasha%20Denona%20Chroma%20Crystal%20Top%20Coat&src=typed&max_position=TWEET-921216390140379136-983324572857655297>
None
2018-04-14 14:51:29 [scrapy] DEBUG: Scraped from <200 https://twitter.com/i/search/timeline?l=en&f=tweets&q=Natasha%20Denona%20Chroma%20Crystal%20Top%20Coat&src=typed&max_position=TWEET-921216390140379136-983324572857655297>
None
2018-04-14 14:51:29 [scrapy] DEBUG: Crawled (200) <GET https://twitter.com/i/search/timeline?l=en&f=tweets&q=Natasha%20Denona%20Chroma%20Crystal%20Top%20Coat&src=typed&max_position=TWEET-914962198748942337-983324572857655297> (referer: https://twitter.com/i/search/timeline?l=en&f=tweets&q=Natasha%20Denona%20Chroma%20Crystal%20Top%20Coat&src=typed&max_position=TWEET-921216390140379136-983324572857655297)
2018-04-14 14:51:29 [scrapy] DEBUG: Filtered duplicate request: <GET https://twitter.com/i/search/timeline?l=en&f=tweets&q=Natasha%20Denona%20Chroma%20Crystal%20Top%20Coat&src=typed&max_position=TWEET-914962198748942337-983324572857655297> - no more duplicates will be shown (see DUPEFILTER_DEBUG to show all duplicates)
2018-04-14 14:51:29 [scrapy] INFO: Closing spider (finished)
2018-04-14 14:51:29 [scrapy] INFO: Dumping Scrapy stats:
{'downloader/request_bytes': 3095,
 'downloader/request_count': 4,
 'downloader/request_method_count/GET': 4,
 'downloader/response_bytes': 48932,
 'downloader/response_count': 4,
 'downloader/response_status_count/200': 4,
 'dupefilter/filtered': 1,
 'finish_reason': 'finished',
 'finish_time': datetime.datetime(2018, 4, 14, 19, 51, 29, 788199),
 'item_scraped_count': 60,
 'log_count/DEBUG': 125,
 'log_count/ERROR': 60,
 'log_count/INFO': 6,
 'memusage/max': 63221760,
 'memusage/startup': 63221760,
 'request_depth_max': 4,
 'response_received_count': 4,
 'scheduler/dequeued': 4,
 'scheduler/dequeued/memory': 4,
 'scheduler/enqueued': 4,
 'scheduler/enqueued/memory': 4,
 'start_time': datetime.datetime(2018, 4, 14, 19, 51, 23, 519110)}
2018-04-14 14:51:29 [scrapy] INFO: Spider closed (finished)
