2018-04-13 23:02:39 [scrapy] DEBUG: Crawled (200) <GET https://twitter.com/i/search/timeline?l=&f=tweets&q=%22sephora%22%20since%3A%202010-12-27&src=typed&max_position=> (referer: None)
2018-04-13 23:02:39 [scrapy] DEBUG: Crawled (200) <GET https://twitter.com/i/search/timeline?l=&f=tweets&q=%22sephora%22%20since%3A%202010-12-27&src=typed&max_position=TWEET--> (referer: https://twitter.com/i/search/timeline?l=&f=tweets&q=%22sephora%22%20since%3A%202010-12-27&src=typed&max_position=)
2018-04-13 23:02:39 [scrapy] DEBUG: Filtered duplicate request: <GET https://twitter.com/i/search/timeline?l=&f=tweets&q=%22sephora%22%20since%3A%202010-12-27&src=typed&max_position=TWEET--> - no more duplicates will be shown (see DUPEFILTER_DEBUG to show all duplicates)
2018-04-13 23:02:39 [scrapy] INFO: Closing spider (finished)
2018-04-13 23:02:39 [scrapy] INFO: Dumping Scrapy stats:
{'downloader/request_bytes': 1124,
 'downloader/request_count': 2,
 'downloader/request_method_count/GET': 2,
 'downloader/response_bytes': 3093,
 'downloader/response_count': 2,
 'downloader/response_status_count/200': 2,
 'dupefilter/filtered': 1,
 'finish_reason': 'finished',
 'finish_time': datetime.datetime(2018, 4, 14, 4, 2, 39, 655132),
 'log_count/DEBUG': 3,
 'log_count/INFO': 6,
 'memusage/max': 45207552,
 'memusage/startup': 45207552,
 'request_depth_max': 2,
 'response_received_count': 2,
 'scheduler/dequeued': 2,
 'scheduler/dequeued/memory': 2,
 'scheduler/enqueued': 2,
 'scheduler/enqueued/memory': 2,
 'start_time': datetime.datetime(2018, 4, 14, 4, 2, 38, 288998)}
2018-04-13 23:02:39 [scrapy] INFO: Spider closed (finished)
