2018-04-13 23:43:36 [scrapy] DEBUG: Crawled (200) <GET https://twitter.com/i/search/timeline?l=&f=tweets&q=YSL%20since%3A2018-04-13&src=typed&max_position=> (referer: None)
2018-04-13 23:43:36 [scrapy] DEBUG: Scraped from <200 https://twitter.com/i/search/timeline?l=&f=tweets&q=YSL%20since%3A2018-04-13&src=typed&max_position=>
None
2018-04-13 23:43:36 [scrapy] DEBUG: Scraped from <200 https://twitter.com/i/search/timeline?l=&f=tweets&q=YSL%20since%3A2018-04-13&src=typed&max_position=>
None
2018-04-13 23:43:36 [scrapy] DEBUG: Scraped from <200 https://twitter.com/i/search/timeline?l=&f=tweets&q=YSL%20since%3A2018-04-13&src=typed&max_position=>
None
2018-04-13 23:43:36 [scrapy] DEBUG: Scraped from <200 https://twitter.com/i/search/timeline?l=&f=tweets&q=YSL%20since%3A2018-04-13&src=typed&max_position=>
None
2018-04-13 23:43:36 [scrapy] DEBUG: Scraped from <200 https://twitter.com/i/search/timeline?l=&f=tweets&q=YSL%20since%3A2018-04-13&src=typed&max_position=>
None
2018-04-13 23:43:36 [scrapy] DEBUG: Scraped from <200 https://twitter.com/i/search/timeline?l=&f=tweets&q=YSL%20since%3A2018-04-13&src=typed&max_position=>
None
2018-04-13 23:43:36 [scrapy] DEBUG: Scraped from <200 https://twitter.com/i/search/timeline?l=&f=tweets&q=YSL%20since%3A2018-04-13&src=typed&max_position=>
None
2018-04-13 23:43:36 [scrapy] DEBUG: Scraped from <200 https://twitter.com/i/search/timeline?l=&f=tweets&q=YSL%20since%3A2018-04-13&src=typed&max_position=>
None
2018-04-13 23:43:37 [scrapy] DEBUG: Scraped from <200 https://twitter.com/i/search/timeline?l=&f=tweets&q=YSL%20since%3A2018-04-13&src=typed&max_position=>
None
2018-04-13 23:43:37 [scrapy] DEBUG: Scraped from <200 https://twitter.com/i/search/timeline?l=&f=tweets&q=YSL%20since%3A2018-04-13&src=typed&max_position=>
None
2018-04-13 23:43:37 [scrapy] DEBUG: Scraped from <200 https://twitter.com/i/search/timeline?l=&f=tweets&q=YSL%20since%3A2018-04-13&src=typed&max_position=>
None
2018-04-13 23:43:37 [scrapy] DEBUG: Scraped from <200 https://twitter.com/i/search/timeline?l=&f=tweets&q=YSL%20since%3A2018-04-13&src=typed&max_position=>
None
2018-04-13 23:43:37 [scrapy] DEBUG: Scraped from <200 https://twitter.com/i/search/timeline?l=&f=tweets&q=YSL%20since%3A2018-04-13&src=typed&max_position=>
None
2018-04-13 23:43:37 [scrapy] DEBUG: Scraped from <200 https://twitter.com/i/search/timeline?l=&f=tweets&q=YSL%20since%3A2018-04-13&src=typed&max_position=>
None
2018-04-13 23:43:37 [scrapy] DEBUG: Scraped from <200 https://twitter.com/i/search/timeline?l=&f=tweets&q=YSL%20since%3A2018-04-13&src=typed&max_position=>
None
2018-04-13 23:43:38 [scrapy] DEBUG: Scraped from <200 https://twitter.com/i/search/timeline?l=&f=tweets&q=YSL%20since%3A2018-04-13&src=typed&max_position=>
None
2018-04-13 23:43:38 [scrapy] DEBUG: Scraped from <200 https://twitter.com/i/search/timeline?l=&f=tweets&q=YSL%20since%3A2018-04-13&src=typed&max_position=>
None
2018-04-13 23:43:38 [scrapy] DEBUG: Scraped from <200 https://twitter.com/i/search/timeline?l=&f=tweets&q=YSL%20since%3A2018-04-13&src=typed&max_position=>
None
2018-04-13 23:43:38 [scrapy] DEBUG: Scraped from <200 https://twitter.com/i/search/timeline?l=&f=tweets&q=YSL%20since%3A2018-04-13&src=typed&max_position=>
None
2018-04-13 23:43:38 [scrapy] DEBUG: Scraped from <200 https://twitter.com/i/search/timeline?l=&f=tweets&q=YSL%20since%3A2018-04-13&src=typed&max_position=>
None
2018-04-13 23:43:39 [scrapy] DEBUG: Crawled (200) <GET https://twitter.com/i/search/timeline?l=&f=tweets&q=YSL%20since%3A2018-04-13&src=typed&max_position=TWEET-985003939031478272-985015417037963264> (referer: https://twitter.com/i/search/timeline?l=&f=tweets&q=YSL%20since%3A2018-04-13&src=typed&max_position=)
2018-04-13 23:43:39 [scrapy] DEBUG: Scraped from <200 https://twitter.com/i/search/timeline?l=&f=tweets&q=YSL%20since%3A2018-04-13&src=typed&max_position=TWEET-985003939031478272-985015417037963264>
None
2018-04-13 23:43:39 [scrapy] DEBUG: Scraped from <200 https://twitter.com/i/search/timeline?l=&f=tweets&q=YSL%20since%3A2018-04-13&src=typed&max_position=TWEET-985003939031478272-985015417037963264>
None
2018-04-13 23:43:39 [scrapy] DEBUG: Scraped from <200 https://twitter.com/i/search/timeline?l=&f=tweets&q=YSL%20since%3A2018-04-13&src=typed&max_position=TWEET-985003939031478272-985015417037963264>
None
2018-04-13 23:43:39 [scrapy] DEBUG: Scraped from <200 https://twitter.com/i/search/timeline?l=&f=tweets&q=YSL%20since%3A2018-04-13&src=typed&max_position=TWEET-985003939031478272-985015417037963264>
None
2018-04-13 23:43:39 [scrapy] DEBUG: Scraped from <200 https://twitter.com/i/search/timeline?l=&f=tweets&q=YSL%20since%3A2018-04-13&src=typed&max_position=TWEET-985003939031478272-985015417037963264>
None
2018-04-13 23:43:39 [scrapy] DEBUG: Scraped from <200 https://twitter.com/i/search/timeline?l=&f=tweets&q=YSL%20since%3A2018-04-13&src=typed&max_position=TWEET-985003939031478272-985015417037963264>
None
2018-04-13 23:43:39 [scrapy] DEBUG: Scraped from <200 https://twitter.com/i/search/timeline?l=&f=tweets&q=YSL%20since%3A2018-04-13&src=typed&max_position=TWEET-985003939031478272-985015417037963264>
None
2018-04-13 23:43:40 [scrapy] DEBUG: Scraped from <200 https://twitter.com/i/search/timeline?l=&f=tweets&q=YSL%20since%3A2018-04-13&src=typed&max_position=TWEET-985003939031478272-985015417037963264>
None
2018-04-13 23:43:40 [scrapy] DEBUG: Scraped from <200 https://twitter.com/i/search/timeline?l=&f=tweets&q=YSL%20since%3A2018-04-13&src=typed&max_position=TWEET-985003939031478272-985015417037963264>
None
2018-04-13 23:43:40 [scrapy] DEBUG: Scraped from <200 https://twitter.com/i/search/timeline?l=&f=tweets&q=YSL%20since%3A2018-04-13&src=typed&max_position=TWEET-985003939031478272-985015417037963264>
None
2018-04-13 23:43:40 [scrapy] DEBUG: Scraped from <200 https://twitter.com/i/search/timeline?l=&f=tweets&q=YSL%20since%3A2018-04-13&src=typed&max_position=TWEET-985003939031478272-985015417037963264>
None
2018-04-13 23:43:40 [scrapy] DEBUG: Scraped from <200 https://twitter.com/i/search/timeline?l=&f=tweets&q=YSL%20since%3A2018-04-13&src=typed&max_position=TWEET-985003939031478272-985015417037963264>
None
2018-04-13 23:43:40 [scrapy] DEBUG: Scraped from <200 https://twitter.com/i/search/timeline?l=&f=tweets&q=YSL%20since%3A2018-04-13&src=typed&max_position=TWEET-985003939031478272-985015417037963264>
None
2018-04-13 23:43:40 [scrapy] DEBUG: Scraped from <200 https://twitter.com/i/search/timeline?l=&f=tweets&q=YSL%20since%3A2018-04-13&src=typed&max_position=TWEET-985003939031478272-985015417037963264>
None
2018-04-13 23:43:40 [scrapy] DEBUG: Scraped from <200 https://twitter.com/i/search/timeline?l=&f=tweets&q=YSL%20since%3A2018-04-13&src=typed&max_position=TWEET-985003939031478272-985015417037963264>
None
2018-04-13 23:43:40 [scrapy] DEBUG: Scraped from <200 https://twitter.com/i/search/timeline?l=&f=tweets&q=YSL%20since%3A2018-04-13&src=typed&max_position=TWEET-985003939031478272-985015417037963264>
None
2018-04-13 23:43:40 [scrapy] DEBUG: Scraped from <200 https://twitter.com/i/search/timeline?l=&f=tweets&q=YSL%20since%3A2018-04-13&src=typed&max_position=TWEET-985003939031478272-985015417037963264>
None
2018-04-13 23:43:40 [scrapy] DEBUG: Scraped from <200 https://twitter.com/i/search/timeline?l=&f=tweets&q=YSL%20since%3A2018-04-13&src=typed&max_position=TWEET-985003939031478272-985015417037963264>
None
2018-04-13 23:43:41 [scrapy] DEBUG: Scraped from <200 https://twitter.com/i/search/timeline?l=&f=tweets&q=YSL%20since%3A2018-04-13&src=typed&max_position=TWEET-985003939031478272-985015417037963264>
None
2018-04-13 23:43:41 [scrapy] DEBUG: Scraped from <200 https://twitter.com/i/search/timeline?l=&f=tweets&q=YSL%20since%3A2018-04-13&src=typed&max_position=TWEET-985003939031478272-985015417037963264>
None
2018-04-13 23:43:41 [scrapy] DEBUG: Crawled (200) <GET https://twitter.com/i/search/timeline?l=&f=tweets&q=YSL%20since%3A2018-04-13&src=typed&max_position=TWEET-984994028046307330-985015417037963264> (referer: https://twitter.com/i/search/timeline?l=&f=tweets&q=YSL%20since%3A2018-04-13&src=typed&max_position=TWEET-985003939031478272-985015417037963264)
2018-04-13 23:43:41 [scrapy] DEBUG: Scraped from <200 https://twitter.com/i/search/timeline?l=&f=tweets&q=YSL%20since%3A2018-04-13&src=typed&max_position=TWEET-984994028046307330-985015417037963264>
None
2018-04-13 23:43:41 [scrapy] DEBUG: Scraped from <200 https://twitter.com/i/search/timeline?l=&f=tweets&q=YSL%20since%3A2018-04-13&src=typed&max_position=TWEET-984994028046307330-985015417037963264>
None
2018-04-13 23:43:41 [scrapy] DEBUG: Scraped from <200 https://twitter.com/i/search/timeline?l=&f=tweets&q=YSL%20since%3A2018-04-13&src=typed&max_position=TWEET-984994028046307330-985015417037963264>
None
2018-04-13 23:43:41 [scrapy] DEBUG: Scraped from <200 https://twitter.com/i/search/timeline?l=&f=tweets&q=YSL%20since%3A2018-04-13&src=typed&max_position=TWEET-984994028046307330-985015417037963264>
None
2018-04-13 23:43:42 [scrapy] DEBUG: Scraped from <200 https://twitter.com/i/search/timeline?l=&f=tweets&q=YSL%20since%3A2018-04-13&src=typed&max_position=TWEET-984994028046307330-985015417037963264>
None
2018-04-13 23:43:42 [scrapy] DEBUG: Scraped from <200 https://twitter.com/i/search/timeline?l=&f=tweets&q=YSL%20since%3A2018-04-13&src=typed&max_position=TWEET-984994028046307330-985015417037963264>
None
2018-04-13 23:43:42 [scrapy] DEBUG: Scraped from <200 https://twitter.com/i/search/timeline?l=&f=tweets&q=YSL%20since%3A2018-04-13&src=typed&max_position=TWEET-984994028046307330-985015417037963264>
None
2018-04-13 23:43:42 [scrapy] DEBUG: Scraped from <200 https://twitter.com/i/search/timeline?l=&f=tweets&q=YSL%20since%3A2018-04-13&src=typed&max_position=TWEET-984994028046307330-985015417037963264>
None
2018-04-13 23:43:42 [scrapy] DEBUG: Scraped from <200 https://twitter.com/i/search/timeline?l=&f=tweets&q=YSL%20since%3A2018-04-13&src=typed&max_position=TWEET-984994028046307330-985015417037963264>
None
2018-04-13 23:43:42 [scrapy] DEBUG: Scraped from <200 https://twitter.com/i/search/timeline?l=&f=tweets&q=YSL%20since%3A2018-04-13&src=typed&max_position=TWEET-984994028046307330-985015417037963264>
None
2018-04-13 23:43:42 [scrapy] DEBUG: Scraped from <200 https://twitter.com/i/search/timeline?l=&f=tweets&q=YSL%20since%3A2018-04-13&src=typed&max_position=TWEET-984994028046307330-985015417037963264>
None
2018-04-13 23:43:42 [scrapy] DEBUG: Scraped from <200 https://twitter.com/i/search/timeline?l=&f=tweets&q=YSL%20since%3A2018-04-13&src=typed&max_position=TWEET-984994028046307330-985015417037963264>
None
2018-04-13 23:43:42 [scrapy] DEBUG: Scraped from <200 https://twitter.com/i/search/timeline?l=&f=tweets&q=YSL%20since%3A2018-04-13&src=typed&max_position=TWEET-984994028046307330-985015417037963264>
None
2018-04-13 23:43:42 [scrapy] DEBUG: Scraped from <200 https://twitter.com/i/search/timeline?l=&f=tweets&q=YSL%20since%3A2018-04-13&src=typed&max_position=TWEET-984994028046307330-985015417037963264>
None
2018-04-13 23:43:42 [scrapy] DEBUG: Scraped from <200 https://twitter.com/i/search/timeline?l=&f=tweets&q=YSL%20since%3A2018-04-13&src=typed&max_position=TWEET-984994028046307330-985015417037963264>
None
2018-04-13 23:43:42 [scrapy] DEBUG: Scraped from <200 https://twitter.com/i/search/timeline?l=&f=tweets&q=YSL%20since%3A2018-04-13&src=typed&max_position=TWEET-984994028046307330-985015417037963264>
None
2018-04-13 23:43:42 [scrapy] DEBUG: Scraped from <200 https://twitter.com/i/search/timeline?l=&f=tweets&q=YSL%20since%3A2018-04-13&src=typed&max_position=TWEET-984994028046307330-985015417037963264>
None
2018-04-13 23:43:42 [scrapy] DEBUG: Scraped from <200 https://twitter.com/i/search/timeline?l=&f=tweets&q=YSL%20since%3A2018-04-13&src=typed&max_position=TWEET-984994028046307330-985015417037963264>
None
2018-04-13 23:43:43 [scrapy] DEBUG: Scraped from <200 https://twitter.com/i/search/timeline?l=&f=tweets&q=YSL%20since%3A2018-04-13&src=typed&max_position=TWEET-984994028046307330-985015417037963264>
None
2018-04-13 23:43:43 [scrapy] DEBUG: Scraped from <200 https://twitter.com/i/search/timeline?l=&f=tweets&q=YSL%20since%3A2018-04-13&src=typed&max_position=TWEET-984994028046307330-985015417037963264>
None
2018-04-13 23:43:43 [scrapy] DEBUG: Crawled (200) <GET https://twitter.com/i/search/timeline?l=&f=tweets&q=YSL%20since%3A2018-04-13&src=typed&max_position=TWEET-984987905801236480-985015417037963264> (referer: https://twitter.com/i/search/timeline?l=&f=tweets&q=YSL%20since%3A2018-04-13&src=typed&max_position=TWEET-984994028046307330-985015417037963264)
2018-04-13 23:43:43 [scrapy] DEBUG: Scraped from <200 https://twitter.com/i/search/timeline?l=&f=tweets&q=YSL%20since%3A2018-04-13&src=typed&max_position=TWEET-984987905801236480-985015417037963264>
None
2018-04-13 23:43:44 [scrapy] DEBUG: Scraped from <200 https://twitter.com/i/search/timeline?l=&f=tweets&q=YSL%20since%3A2018-04-13&src=typed&max_position=TWEET-984987905801236480-985015417037963264>
None
2018-04-13 23:43:44 [scrapy] DEBUG: Scraped from <200 https://twitter.com/i/search/timeline?l=&f=tweets&q=YSL%20since%3A2018-04-13&src=typed&max_position=TWEET-984987905801236480-985015417037963264>
None
2018-04-13 23:43:44 [scrapy] DEBUG: Scraped from <200 https://twitter.com/i/search/timeline?l=&f=tweets&q=YSL%20since%3A2018-04-13&src=typed&max_position=TWEET-984987905801236480-985015417037963264>
None
2018-04-13 23:43:44 [scrapy] DEBUG: Scraped from <200 https://twitter.com/i/search/timeline?l=&f=tweets&q=YSL%20since%3A2018-04-13&src=typed&max_position=TWEET-984987905801236480-985015417037963264>
None
2018-04-13 23:43:44 [scrapy] DEBUG: Scraped from <200 https://twitter.com/i/search/timeline?l=&f=tweets&q=YSL%20since%3A2018-04-13&src=typed&max_position=TWEET-984987905801236480-985015417037963264>
None
2018-04-13 23:43:44 [scrapy] DEBUG: Scraped from <200 https://twitter.com/i/search/timeline?l=&f=tweets&q=YSL%20since%3A2018-04-13&src=typed&max_position=TWEET-984987905801236480-985015417037963264>
None
2018-04-13 23:43:44 [scrapy] DEBUG: Scraped from <200 https://twitter.com/i/search/timeline?l=&f=tweets&q=YSL%20since%3A2018-04-13&src=typed&max_position=TWEET-984987905801236480-985015417037963264>
None
2018-04-13 23:43:44 [scrapy] DEBUG: Scraped from <200 https://twitter.com/i/search/timeline?l=&f=tweets&q=YSL%20since%3A2018-04-13&src=typed&max_position=TWEET-984987905801236480-985015417037963264>
None
2018-04-13 23:43:44 [scrapy] DEBUG: Scraped from <200 https://twitter.com/i/search/timeline?l=&f=tweets&q=YSL%20since%3A2018-04-13&src=typed&max_position=TWEET-984987905801236480-985015417037963264>
None
2018-04-13 23:43:44 [scrapy] DEBUG: Scraped from <200 https://twitter.com/i/search/timeline?l=&f=tweets&q=YSL%20since%3A2018-04-13&src=typed&max_position=TWEET-984987905801236480-985015417037963264>
None
2018-04-13 23:43:44 [scrapy] DEBUG: Scraped from <200 https://twitter.com/i/search/timeline?l=&f=tweets&q=YSL%20since%3A2018-04-13&src=typed&max_position=TWEET-984987905801236480-985015417037963264>
None
2018-04-13 23:43:44 [scrapy] DEBUG: Scraped from <200 https://twitter.com/i/search/timeline?l=&f=tweets&q=YSL%20since%3A2018-04-13&src=typed&max_position=TWEET-984987905801236480-985015417037963264>
None
2018-04-13 23:43:45 [scrapy] DEBUG: Scraped from <200 https://twitter.com/i/search/timeline?l=&f=tweets&q=YSL%20since%3A2018-04-13&src=typed&max_position=TWEET-984987905801236480-985015417037963264>
None
2018-04-13 23:43:45 [scrapy] DEBUG: Scraped from <200 https://twitter.com/i/search/timeline?l=&f=tweets&q=YSL%20since%3A2018-04-13&src=typed&max_position=TWEET-984987905801236480-985015417037963264>
None
2018-04-13 23:43:45 [scrapy] DEBUG: Scraped from <200 https://twitter.com/i/search/timeline?l=&f=tweets&q=YSL%20since%3A2018-04-13&src=typed&max_position=TWEET-984987905801236480-985015417037963264>
None
2018-04-13 23:43:45 [scrapy] DEBUG: Scraped from <200 https://twitter.com/i/search/timeline?l=&f=tweets&q=YSL%20since%3A2018-04-13&src=typed&max_position=TWEET-984987905801236480-985015417037963264>
None
2018-04-13 23:43:45 [scrapy] DEBUG: Scraped from <200 https://twitter.com/i/search/timeline?l=&f=tweets&q=YSL%20since%3A2018-04-13&src=typed&max_position=TWEET-984987905801236480-985015417037963264>
None
2018-04-13 23:43:45 [scrapy] DEBUG: Scraped from <200 https://twitter.com/i/search/timeline?l=&f=tweets&q=YSL%20since%3A2018-04-13&src=typed&max_position=TWEET-984987905801236480-985015417037963264>
None
2018-04-13 23:43:45 [scrapy] DEBUG: Scraped from <200 https://twitter.com/i/search/timeline?l=&f=tweets&q=YSL%20since%3A2018-04-13&src=typed&max_position=TWEET-984987905801236480-985015417037963264>
None
2018-04-13 23:43:46 [scrapy] DEBUG: Crawled (200) <GET https://twitter.com/i/search/timeline?l=&f=tweets&q=YSL%20since%3A2018-04-13&src=typed&max_position=TWEET-984977106298785792-985015417037963264> (referer: https://twitter.com/i/search/timeline?l=&f=tweets&q=YSL%20since%3A2018-04-13&src=typed&max_position=TWEET-984987905801236480-985015417037963264)
2018-04-13 23:43:46 [scrapy] DEBUG: Scraped from <200 https://twitter.com/i/search/timeline?l=&f=tweets&q=YSL%20since%3A2018-04-13&src=typed&max_position=TWEET-984977106298785792-985015417037963264>
None
2018-04-13 23:43:46 [scrapy] DEBUG: Scraped from <200 https://twitter.com/i/search/timeline?l=&f=tweets&q=YSL%20since%3A2018-04-13&src=typed&max_position=TWEET-984977106298785792-985015417037963264>
None
2018-04-13 23:43:46 [scrapy] DEBUG: Scraped from <200 https://twitter.com/i/search/timeline?l=&f=tweets&q=YSL%20since%3A2018-04-13&src=typed&max_position=TWEET-984977106298785792-985015417037963264>
None
2018-04-13 23:43:46 [scrapy] DEBUG: Scraped from <200 https://twitter.com/i/search/timeline?l=&f=tweets&q=YSL%20since%3A2018-04-13&src=typed&max_position=TWEET-984977106298785792-985015417037963264>
None
2018-04-13 23:43:46 [scrapy] DEBUG: Scraped from <200 https://twitter.com/i/search/timeline?l=&f=tweets&q=YSL%20since%3A2018-04-13&src=typed&max_position=TWEET-984977106298785792-985015417037963264>
None
2018-04-13 23:43:46 [scrapy] DEBUG: Scraped from <200 https://twitter.com/i/search/timeline?l=&f=tweets&q=YSL%20since%3A2018-04-13&src=typed&max_position=TWEET-984977106298785792-985015417037963264>
None
2018-04-13 23:43:46 [scrapy] DEBUG: Scraped from <200 https://twitter.com/i/search/timeline?l=&f=tweets&q=YSL%20since%3A2018-04-13&src=typed&max_position=TWEET-984977106298785792-985015417037963264>
None
2018-04-13 23:43:46 [scrapy] DEBUG: Scraped from <200 https://twitter.com/i/search/timeline?l=&f=tweets&q=YSL%20since%3A2018-04-13&src=typed&max_position=TWEET-984977106298785792-985015417037963264>
None
2018-04-13 23:43:46 [scrapy] DEBUG: Scraped from <200 https://twitter.com/i/search/timeline?l=&f=tweets&q=YSL%20since%3A2018-04-13&src=typed&max_position=TWEET-984977106298785792-985015417037963264>
None
2018-04-13 23:43:46 [scrapy] DEBUG: Scraped from <200 https://twitter.com/i/search/timeline?l=&f=tweets&q=YSL%20since%3A2018-04-13&src=typed&max_position=TWEET-984977106298785792-985015417037963264>
None
2018-04-13 23:43:46 [scrapy] DEBUG: Scraped from <200 https://twitter.com/i/search/timeline?l=&f=tweets&q=YSL%20since%3A2018-04-13&src=typed&max_position=TWEET-984977106298785792-985015417037963264>
None
2018-04-13 23:43:46 [scrapy] DEBUG: Scraped from <200 https://twitter.com/i/search/timeline?l=&f=tweets&q=YSL%20since%3A2018-04-13&src=typed&max_position=TWEET-984977106298785792-985015417037963264>
None
2018-04-13 23:43:47 [scrapy] DEBUG: Scraped from <200 https://twitter.com/i/search/timeline?l=&f=tweets&q=YSL%20since%3A2018-04-13&src=typed&max_position=TWEET-984977106298785792-985015417037963264>
None
2018-04-13 23:43:47 [scrapy] DEBUG: Scraped from <200 https://twitter.com/i/search/timeline?l=&f=tweets&q=YSL%20since%3A2018-04-13&src=typed&max_position=TWEET-984977106298785792-985015417037963264>
None
2018-04-13 23:43:47 [scrapy] DEBUG: Scraped from <200 https://twitter.com/i/search/timeline?l=&f=tweets&q=YSL%20since%3A2018-04-13&src=typed&max_position=TWEET-984977106298785792-985015417037963264>
None
2018-04-13 23:43:47 [scrapy] DEBUG: Scraped from <200 https://twitter.com/i/search/timeline?l=&f=tweets&q=YSL%20since%3A2018-04-13&src=typed&max_position=TWEET-984977106298785792-985015417037963264>
None
2018-04-13 23:43:47 [scrapy] DEBUG: Scraped from <200 https://twitter.com/i/search/timeline?l=&f=tweets&q=YSL%20since%3A2018-04-13&src=typed&max_position=TWEET-984977106298785792-985015417037963264>
None
2018-04-13 23:43:47 [scrapy] DEBUG: Scraped from <200 https://twitter.com/i/search/timeline?l=&f=tweets&q=YSL%20since%3A2018-04-13&src=typed&max_position=TWEET-984977106298785792-985015417037963264>
None
2018-04-13 23:43:47 [scrapy] DEBUG: Scraped from <200 https://twitter.com/i/search/timeline?l=&f=tweets&q=YSL%20since%3A2018-04-13&src=typed&max_position=TWEET-984977106298785792-985015417037963264>
None
2018-04-13 23:43:47 [scrapy] DEBUG: Scraped from <200 https://twitter.com/i/search/timeline?l=&f=tweets&q=YSL%20since%3A2018-04-13&src=typed&max_position=TWEET-984977106298785792-985015417037963264>
None
2018-04-13 23:43:47 [scrapy] INFO: Closing spider (closespider_itemcount)
2018-04-13 23:43:47 [scrapy] INFO: Dumping Scrapy stats:
{'downloader/request_bytes': 3809,
 'downloader/request_count': 5,
 'downloader/request_method_count/GET': 5,
 'downloader/response_bytes': 85909,
 'downloader/response_count': 5,
 'downloader/response_status_count/200': 5,
 'finish_reason': 'closespider_itemcount',
 'finish_time': datetime.datetime(2018, 4, 14, 4, 43, 47, 646973),
 'item_scraped_count': 100,
 'log_count/DEBUG': 205,
 'log_count/ERROR': 100,
 'log_count/INFO': 6,
 'memusage/max': 51175424,
 'memusage/startup': 51175424,
 'request_depth_max': 5,
 'response_received_count': 5,
 'scheduler/dequeued': 5,
 'scheduler/dequeued/memory': 5,
 'scheduler/enqueued': 6,
 'scheduler/enqueued/memory': 6,
 'start_time': datetime.datetime(2018, 4, 14, 4, 43, 35, 197400)}
2018-04-13 23:43:47 [scrapy] INFO: Spider closed (closespider_itemcount)
