2018-04-14 15:22:09 [scrapy] DEBUG: Crawled (200) <GET https://twitter.com/i/search/timeline?l=en&f=tweets&q=%22Glitters%22&src=typed&max_position=> (referer: None)
2018-04-14 15:22:09 [scrapy] DEBUG: Scraped from <200 https://twitter.com/i/search/timeline?l=en&f=tweets&q=%22Glitters%22&src=typed&max_position=>
None
2018-04-14 15:22:09 [scrapy] DEBUG: Scraped from <200 https://twitter.com/i/search/timeline?l=en&f=tweets&q=%22Glitters%22&src=typed&max_position=>
None
2018-04-14 15:22:09 [scrapy] DEBUG: Scraped from <200 https://twitter.com/i/search/timeline?l=en&f=tweets&q=%22Glitters%22&src=typed&max_position=>
None
2018-04-14 15:22:10 [scrapy] DEBUG: Scraped from <200 https://twitter.com/i/search/timeline?l=en&f=tweets&q=%22Glitters%22&src=typed&max_position=>
None
2018-04-14 15:22:10 [scrapy] DEBUG: Scraped from <200 https://twitter.com/i/search/timeline?l=en&f=tweets&q=%22Glitters%22&src=typed&max_position=>
None
2018-04-14 15:22:10 [scrapy] DEBUG: Scraped from <200 https://twitter.com/i/search/timeline?l=en&f=tweets&q=%22Glitters%22&src=typed&max_position=>
None
2018-04-14 15:22:10 [scrapy] DEBUG: Scraped from <200 https://twitter.com/i/search/timeline?l=en&f=tweets&q=%22Glitters%22&src=typed&max_position=>
None
2018-04-14 15:22:10 [scrapy] DEBUG: Scraped from <200 https://twitter.com/i/search/timeline?l=en&f=tweets&q=%22Glitters%22&src=typed&max_position=>
None
2018-04-14 15:22:10 [scrapy] DEBUG: Scraped from <200 https://twitter.com/i/search/timeline?l=en&f=tweets&q=%22Glitters%22&src=typed&max_position=>
None
2018-04-14 15:22:10 [scrapy] DEBUG: Scraped from <200 https://twitter.com/i/search/timeline?l=en&f=tweets&q=%22Glitters%22&src=typed&max_position=>
None
2018-04-14 15:22:10 [scrapy] DEBUG: Scraped from <200 https://twitter.com/i/search/timeline?l=en&f=tweets&q=%22Glitters%22&src=typed&max_position=>
None
2018-04-14 15:22:10 [scrapy] DEBUG: Scraped from <200 https://twitter.com/i/search/timeline?l=en&f=tweets&q=%22Glitters%22&src=typed&max_position=>
None
2018-04-14 15:22:10 [scrapy] DEBUG: Scraped from <200 https://twitter.com/i/search/timeline?l=en&f=tweets&q=%22Glitters%22&src=typed&max_position=>
None
2018-04-14 15:22:10 [scrapy] DEBUG: Scraped from <200 https://twitter.com/i/search/timeline?l=en&f=tweets&q=%22Glitters%22&src=typed&max_position=>
None
2018-04-14 15:22:10 [scrapy] DEBUG: Scraped from <200 https://twitter.com/i/search/timeline?l=en&f=tweets&q=%22Glitters%22&src=typed&max_position=>
None
2018-04-14 15:22:10 [scrapy] DEBUG: Scraped from <200 https://twitter.com/i/search/timeline?l=en&f=tweets&q=%22Glitters%22&src=typed&max_position=>
None
2018-04-14 15:22:10 [scrapy] DEBUG: Scraped from <200 https://twitter.com/i/search/timeline?l=en&f=tweets&q=%22Glitters%22&src=typed&max_position=>
None
2018-04-14 15:22:10 [scrapy] DEBUG: Scraped from <200 https://twitter.com/i/search/timeline?l=en&f=tweets&q=%22Glitters%22&src=typed&max_position=>
None
2018-04-14 15:22:10 [scrapy] DEBUG: Scraped from <200 https://twitter.com/i/search/timeline?l=en&f=tweets&q=%22Glitters%22&src=typed&max_position=>
None
2018-04-14 15:22:10 [scrapy] DEBUG: Scraped from <200 https://twitter.com/i/search/timeline?l=en&f=tweets&q=%22Glitters%22&src=typed&max_position=>
None
2018-04-14 15:22:11 [scrapy] DEBUG: Crawled (200) <GET https://twitter.com/i/search/timeline?l=en&f=tweets&q=%22Glitters%22&src=typed&max_position=TWEET-985234935266140161-985251459947261953> (referer: https://twitter.com/i/search/timeline?l=en&f=tweets&q=%22Glitters%22&src=typed&max_position=)
2018-04-14 15:22:11 [scrapy] DEBUG: Scraped from <200 https://twitter.com/i/search/timeline?l=en&f=tweets&q=%22Glitters%22&src=typed&max_position=TWEET-985234935266140161-985251459947261953>
None
2018-04-14 15:22:11 [scrapy] DEBUG: Scraped from <200 https://twitter.com/i/search/timeline?l=en&f=tweets&q=%22Glitters%22&src=typed&max_position=TWEET-985234935266140161-985251459947261953>
None
2018-04-14 15:22:11 [scrapy] DEBUG: Scraped from <200 https://twitter.com/i/search/timeline?l=en&f=tweets&q=%22Glitters%22&src=typed&max_position=TWEET-985234935266140161-985251459947261953>
None
2018-04-14 15:22:11 [scrapy] DEBUG: Scraped from <200 https://twitter.com/i/search/timeline?l=en&f=tweets&q=%22Glitters%22&src=typed&max_position=TWEET-985234935266140161-985251459947261953>
None
2018-04-14 15:22:11 [scrapy] DEBUG: Scraped from <200 https://twitter.com/i/search/timeline?l=en&f=tweets&q=%22Glitters%22&src=typed&max_position=TWEET-985234935266140161-985251459947261953>
None
2018-04-14 15:22:11 [scrapy] DEBUG: Scraped from <200 https://twitter.com/i/search/timeline?l=en&f=tweets&q=%22Glitters%22&src=typed&max_position=TWEET-985234935266140161-985251459947261953>
None
2018-04-14 15:22:11 [scrapy] DEBUG: Scraped from <200 https://twitter.com/i/search/timeline?l=en&f=tweets&q=%22Glitters%22&src=typed&max_position=TWEET-985234935266140161-985251459947261953>
None
2018-04-14 15:22:11 [scrapy] DEBUG: Scraped from <200 https://twitter.com/i/search/timeline?l=en&f=tweets&q=%22Glitters%22&src=typed&max_position=TWEET-985234935266140161-985251459947261953>
None
2018-04-14 15:22:11 [scrapy] DEBUG: Scraped from <200 https://twitter.com/i/search/timeline?l=en&f=tweets&q=%22Glitters%22&src=typed&max_position=TWEET-985234935266140161-985251459947261953>
None
2018-04-14 15:22:11 [scrapy] DEBUG: Scraped from <200 https://twitter.com/i/search/timeline?l=en&f=tweets&q=%22Glitters%22&src=typed&max_position=TWEET-985234935266140161-985251459947261953>
None
2018-04-14 15:22:11 [scrapy] DEBUG: Scraped from <200 https://twitter.com/i/search/timeline?l=en&f=tweets&q=%22Glitters%22&src=typed&max_position=TWEET-985234935266140161-985251459947261953>
None
2018-04-14 15:22:12 [scrapy] DEBUG: Scraped from <200 https://twitter.com/i/search/timeline?l=en&f=tweets&q=%22Glitters%22&src=typed&max_position=TWEET-985234935266140161-985251459947261953>
None
2018-04-14 15:22:12 [scrapy] DEBUG: Scraped from <200 https://twitter.com/i/search/timeline?l=en&f=tweets&q=%22Glitters%22&src=typed&max_position=TWEET-985234935266140161-985251459947261953>
None
2018-04-14 15:22:12 [scrapy] DEBUG: Scraped from <200 https://twitter.com/i/search/timeline?l=en&f=tweets&q=%22Glitters%22&src=typed&max_position=TWEET-985234935266140161-985251459947261953>
None
2018-04-14 15:22:12 [scrapy] DEBUG: Scraped from <200 https://twitter.com/i/search/timeline?l=en&f=tweets&q=%22Glitters%22&src=typed&max_position=TWEET-985234935266140161-985251459947261953>
None
2018-04-14 15:22:12 [scrapy] DEBUG: Scraped from <200 https://twitter.com/i/search/timeline?l=en&f=tweets&q=%22Glitters%22&src=typed&max_position=TWEET-985234935266140161-985251459947261953>
None
2018-04-14 15:22:12 [scrapy] DEBUG: Scraped from <200 https://twitter.com/i/search/timeline?l=en&f=tweets&q=%22Glitters%22&src=typed&max_position=TWEET-985234935266140161-985251459947261953>
None
2018-04-14 15:22:12 [scrapy] DEBUG: Scraped from <200 https://twitter.com/i/search/timeline?l=en&f=tweets&q=%22Glitters%22&src=typed&max_position=TWEET-985234935266140161-985251459947261953>
None
2018-04-14 15:22:12 [scrapy] DEBUG: Scraped from <200 https://twitter.com/i/search/timeline?l=en&f=tweets&q=%22Glitters%22&src=typed&max_position=TWEET-985234935266140161-985251459947261953>
None
2018-04-14 15:22:12 [scrapy] DEBUG: Scraped from <200 https://twitter.com/i/search/timeline?l=en&f=tweets&q=%22Glitters%22&src=typed&max_position=TWEET-985234935266140161-985251459947261953>
None
2018-04-14 15:22:13 [scrapy] DEBUG: Crawled (200) <GET https://twitter.com/i/search/timeline?l=en&f=tweets&q=%22Glitters%22&src=typed&max_position=TWEET-985211826077093895-985251459947261953> (referer: https://twitter.com/i/search/timeline?l=en&f=tweets&q=%22Glitters%22&src=typed&max_position=TWEET-985234935266140161-985251459947261953)
2018-04-14 15:22:13 [scrapy] DEBUG: Scraped from <200 https://twitter.com/i/search/timeline?l=en&f=tweets&q=%22Glitters%22&src=typed&max_position=TWEET-985211826077093895-985251459947261953>
None
2018-04-14 15:22:13 [scrapy] DEBUG: Scraped from <200 https://twitter.com/i/search/timeline?l=en&f=tweets&q=%22Glitters%22&src=typed&max_position=TWEET-985211826077093895-985251459947261953>
None
2018-04-14 15:22:13 [scrapy] DEBUG: Scraped from <200 https://twitter.com/i/search/timeline?l=en&f=tweets&q=%22Glitters%22&src=typed&max_position=TWEET-985211826077093895-985251459947261953>
None
2018-04-14 15:22:13 [scrapy] DEBUG: Scraped from <200 https://twitter.com/i/search/timeline?l=en&f=tweets&q=%22Glitters%22&src=typed&max_position=TWEET-985211826077093895-985251459947261953>
None
2018-04-14 15:22:13 [scrapy] DEBUG: Scraped from <200 https://twitter.com/i/search/timeline?l=en&f=tweets&q=%22Glitters%22&src=typed&max_position=TWEET-985211826077093895-985251459947261953>
None
2018-04-14 15:22:13 [scrapy] DEBUG: Scraped from <200 https://twitter.com/i/search/timeline?l=en&f=tweets&q=%22Glitters%22&src=typed&max_position=TWEET-985211826077093895-985251459947261953>
None
2018-04-14 15:22:13 [scrapy] DEBUG: Scraped from <200 https://twitter.com/i/search/timeline?l=en&f=tweets&q=%22Glitters%22&src=typed&max_position=TWEET-985211826077093895-985251459947261953>
None
2018-04-14 15:22:13 [scrapy] DEBUG: Scraped from <200 https://twitter.com/i/search/timeline?l=en&f=tweets&q=%22Glitters%22&src=typed&max_position=TWEET-985211826077093895-985251459947261953>
None
2018-04-14 15:22:13 [scrapy] DEBUG: Scraped from <200 https://twitter.com/i/search/timeline?l=en&f=tweets&q=%22Glitters%22&src=typed&max_position=TWEET-985211826077093895-985251459947261953>
None
2018-04-14 15:22:13 [scrapy] DEBUG: Scraped from <200 https://twitter.com/i/search/timeline?l=en&f=tweets&q=%22Glitters%22&src=typed&max_position=TWEET-985211826077093895-985251459947261953>
None
2018-04-14 15:22:13 [scrapy] DEBUG: Scraped from <200 https://twitter.com/i/search/timeline?l=en&f=tweets&q=%22Glitters%22&src=typed&max_position=TWEET-985211826077093895-985251459947261953>
None
2018-04-14 15:22:13 [scrapy] DEBUG: Scraped from <200 https://twitter.com/i/search/timeline?l=en&f=tweets&q=%22Glitters%22&src=typed&max_position=TWEET-985211826077093895-985251459947261953>
None
2018-04-14 15:22:13 [scrapy] DEBUG: Scraped from <200 https://twitter.com/i/search/timeline?l=en&f=tweets&q=%22Glitters%22&src=typed&max_position=TWEET-985211826077093895-985251459947261953>
None
2018-04-14 15:22:13 [scrapy] DEBUG: Scraped from <200 https://twitter.com/i/search/timeline?l=en&f=tweets&q=%22Glitters%22&src=typed&max_position=TWEET-985211826077093895-985251459947261953>
None
2018-04-14 15:22:13 [scrapy] DEBUG: Scraped from <200 https://twitter.com/i/search/timeline?l=en&f=tweets&q=%22Glitters%22&src=typed&max_position=TWEET-985211826077093895-985251459947261953>
None
2018-04-14 15:22:14 [scrapy] DEBUG: Scraped from <200 https://twitter.com/i/search/timeline?l=en&f=tweets&q=%22Glitters%22&src=typed&max_position=TWEET-985211826077093895-985251459947261953>
None
2018-04-14 15:22:14 [scrapy] DEBUG: Scraped from <200 https://twitter.com/i/search/timeline?l=en&f=tweets&q=%22Glitters%22&src=typed&max_position=TWEET-985211826077093895-985251459947261953>
None
2018-04-14 15:22:14 [scrapy] DEBUG: Scraped from <200 https://twitter.com/i/search/timeline?l=en&f=tweets&q=%22Glitters%22&src=typed&max_position=TWEET-985211826077093895-985251459947261953>
None
2018-04-14 15:22:14 [scrapy] DEBUG: Scraped from <200 https://twitter.com/i/search/timeline?l=en&f=tweets&q=%22Glitters%22&src=typed&max_position=TWEET-985211826077093895-985251459947261953>
None
2018-04-14 15:22:14 [scrapy] DEBUG: Scraped from <200 https://twitter.com/i/search/timeline?l=en&f=tweets&q=%22Glitters%22&src=typed&max_position=TWEET-985211826077093895-985251459947261953>
None
2018-04-14 15:22:14 [scrapy] DEBUG: Crawled (200) <GET https://twitter.com/i/search/timeline?l=en&f=tweets&q=%22Glitters%22&src=typed&max_position=TWEET-985192905005387776-985251459947261953> (referer: https://twitter.com/i/search/timeline?l=en&f=tweets&q=%22Glitters%22&src=typed&max_position=TWEET-985211826077093895-985251459947261953)
2018-04-14 15:22:14 [scrapy] DEBUG: Scraped from <200 https://twitter.com/i/search/timeline?l=en&f=tweets&q=%22Glitters%22&src=typed&max_position=TWEET-985192905005387776-985251459947261953>
None
2018-04-14 15:22:14 [scrapy] DEBUG: Scraped from <200 https://twitter.com/i/search/timeline?l=en&f=tweets&q=%22Glitters%22&src=typed&max_position=TWEET-985192905005387776-985251459947261953>
None
2018-04-14 15:22:14 [scrapy] DEBUG: Scraped from <200 https://twitter.com/i/search/timeline?l=en&f=tweets&q=%22Glitters%22&src=typed&max_position=TWEET-985192905005387776-985251459947261953>
None
2018-04-14 15:22:15 [scrapy] DEBUG: Scraped from <200 https://twitter.com/i/search/timeline?l=en&f=tweets&q=%22Glitters%22&src=typed&max_position=TWEET-985192905005387776-985251459947261953>
None
2018-04-14 15:22:15 [scrapy] DEBUG: Scraped from <200 https://twitter.com/i/search/timeline?l=en&f=tweets&q=%22Glitters%22&src=typed&max_position=TWEET-985192905005387776-985251459947261953>
None
2018-04-14 15:22:15 [scrapy] DEBUG: Scraped from <200 https://twitter.com/i/search/timeline?l=en&f=tweets&q=%22Glitters%22&src=typed&max_position=TWEET-985192905005387776-985251459947261953>
None
2018-04-14 15:22:15 [scrapy] DEBUG: Scraped from <200 https://twitter.com/i/search/timeline?l=en&f=tweets&q=%22Glitters%22&src=typed&max_position=TWEET-985192905005387776-985251459947261953>
None
2018-04-14 15:22:15 [scrapy] DEBUG: Scraped from <200 https://twitter.com/i/search/timeline?l=en&f=tweets&q=%22Glitters%22&src=typed&max_position=TWEET-985192905005387776-985251459947261953>
None
2018-04-14 15:22:15 [scrapy] DEBUG: Scraped from <200 https://twitter.com/i/search/timeline?l=en&f=tweets&q=%22Glitters%22&src=typed&max_position=TWEET-985192905005387776-985251459947261953>
None
2018-04-14 15:22:15 [scrapy] DEBUG: Scraped from <200 https://twitter.com/i/search/timeline?l=en&f=tweets&q=%22Glitters%22&src=typed&max_position=TWEET-985192905005387776-985251459947261953>
None
2018-04-14 15:22:15 [scrapy] DEBUG: Scraped from <200 https://twitter.com/i/search/timeline?l=en&f=tweets&q=%22Glitters%22&src=typed&max_position=TWEET-985192905005387776-985251459947261953>
None
2018-04-14 15:22:15 [scrapy] DEBUG: Scraped from <200 https://twitter.com/i/search/timeline?l=en&f=tweets&q=%22Glitters%22&src=typed&max_position=TWEET-985192905005387776-985251459947261953>
None
2018-04-14 15:22:15 [scrapy] DEBUG: Scraped from <200 https://twitter.com/i/search/timeline?l=en&f=tweets&q=%22Glitters%22&src=typed&max_position=TWEET-985192905005387776-985251459947261953>
None
2018-04-14 15:22:15 [scrapy] DEBUG: Scraped from <200 https://twitter.com/i/search/timeline?l=en&f=tweets&q=%22Glitters%22&src=typed&max_position=TWEET-985192905005387776-985251459947261953>
None
2018-04-14 15:22:15 [scrapy] DEBUG: Scraped from <200 https://twitter.com/i/search/timeline?l=en&f=tweets&q=%22Glitters%22&src=typed&max_position=TWEET-985192905005387776-985251459947261953>
None
2018-04-14 15:22:15 [scrapy] DEBUG: Scraped from <200 https://twitter.com/i/search/timeline?l=en&f=tweets&q=%22Glitters%22&src=typed&max_position=TWEET-985192905005387776-985251459947261953>
None
2018-04-14 15:22:15 [scrapy] DEBUG: Scraped from <200 https://twitter.com/i/search/timeline?l=en&f=tweets&q=%22Glitters%22&src=typed&max_position=TWEET-985192905005387776-985251459947261953>
None
2018-04-14 15:22:15 [scrapy] DEBUG: Scraped from <200 https://twitter.com/i/search/timeline?l=en&f=tweets&q=%22Glitters%22&src=typed&max_position=TWEET-985192905005387776-985251459947261953>
None
2018-04-14 15:22:15 [scrapy] DEBUG: Scraped from <200 https://twitter.com/i/search/timeline?l=en&f=tweets&q=%22Glitters%22&src=typed&max_position=TWEET-985192905005387776-985251459947261953>
None
2018-04-14 15:22:15 [scrapy] DEBUG: Scraped from <200 https://twitter.com/i/search/timeline?l=en&f=tweets&q=%22Glitters%22&src=typed&max_position=TWEET-985192905005387776-985251459947261953>
None
2018-04-14 15:22:17 [scrapy] DEBUG: Crawled (200) <GET https://twitter.com/i/search/timeline?l=en&f=tweets&q=%22Glitters%22&src=typed&max_position=TWEET-985184407500845056-985251459947261953> (referer: https://twitter.com/i/search/timeline?l=en&f=tweets&q=%22Glitters%22&src=typed&max_position=TWEET-985192905005387776-985251459947261953)
2018-04-14 15:22:17 [scrapy] DEBUG: Scraped from <200 https://twitter.com/i/search/timeline?l=en&f=tweets&q=%22Glitters%22&src=typed&max_position=TWEET-985184407500845056-985251459947261953>
None
2018-04-14 15:22:17 [scrapy] DEBUG: Scraped from <200 https://twitter.com/i/search/timeline?l=en&f=tweets&q=%22Glitters%22&src=typed&max_position=TWEET-985184407500845056-985251459947261953>
None
2018-04-14 15:22:17 [scrapy] DEBUG: Scraped from <200 https://twitter.com/i/search/timeline?l=en&f=tweets&q=%22Glitters%22&src=typed&max_position=TWEET-985184407500845056-985251459947261953>
None
2018-04-14 15:22:17 [scrapy] DEBUG: Scraped from <200 https://twitter.com/i/search/timeline?l=en&f=tweets&q=%22Glitters%22&src=typed&max_position=TWEET-985184407500845056-985251459947261953>
None
2018-04-14 15:22:17 [scrapy] DEBUG: Scraped from <200 https://twitter.com/i/search/timeline?l=en&f=tweets&q=%22Glitters%22&src=typed&max_position=TWEET-985184407500845056-985251459947261953>
None
2018-04-14 15:22:17 [scrapy] DEBUG: Scraped from <200 https://twitter.com/i/search/timeline?l=en&f=tweets&q=%22Glitters%22&src=typed&max_position=TWEET-985184407500845056-985251459947261953>
None
2018-04-14 15:22:17 [scrapy] DEBUG: Scraped from <200 https://twitter.com/i/search/timeline?l=en&f=tweets&q=%22Glitters%22&src=typed&max_position=TWEET-985184407500845056-985251459947261953>
None
2018-04-14 15:22:17 [scrapy] DEBUG: Scraped from <200 https://twitter.com/i/search/timeline?l=en&f=tweets&q=%22Glitters%22&src=typed&max_position=TWEET-985184407500845056-985251459947261953>
None
2018-04-14 15:22:17 [scrapy] DEBUG: Scraped from <200 https://twitter.com/i/search/timeline?l=en&f=tweets&q=%22Glitters%22&src=typed&max_position=TWEET-985184407500845056-985251459947261953>
None
2018-04-14 15:22:17 [scrapy] DEBUG: Scraped from <200 https://twitter.com/i/search/timeline?l=en&f=tweets&q=%22Glitters%22&src=typed&max_position=TWEET-985184407500845056-985251459947261953>
None
2018-04-14 15:22:17 [scrapy] DEBUG: Scraped from <200 https://twitter.com/i/search/timeline?l=en&f=tweets&q=%22Glitters%22&src=typed&max_position=TWEET-985184407500845056-985251459947261953>
None
2018-04-14 15:22:17 [scrapy] DEBUG: Scraped from <200 https://twitter.com/i/search/timeline?l=en&f=tweets&q=%22Glitters%22&src=typed&max_position=TWEET-985184407500845056-985251459947261953>
None
2018-04-14 15:22:17 [scrapy] DEBUG: Scraped from <200 https://twitter.com/i/search/timeline?l=en&f=tweets&q=%22Glitters%22&src=typed&max_position=TWEET-985184407500845056-985251459947261953>
None
2018-04-14 15:22:18 [scrapy] DEBUG: Scraped from <200 https://twitter.com/i/search/timeline?l=en&f=tweets&q=%22Glitters%22&src=typed&max_position=TWEET-985184407500845056-985251459947261953>
None
2018-04-14 15:22:18 [scrapy] DEBUG: Scraped from <200 https://twitter.com/i/search/timeline?l=en&f=tweets&q=%22Glitters%22&src=typed&max_position=TWEET-985184407500845056-985251459947261953>
None
2018-04-14 15:22:18 [scrapy] DEBUG: Scraped from <200 https://twitter.com/i/search/timeline?l=en&f=tweets&q=%22Glitters%22&src=typed&max_position=TWEET-985184407500845056-985251459947261953>
None
2018-04-14 15:22:18 [scrapy] DEBUG: Scraped from <200 https://twitter.com/i/search/timeline?l=en&f=tweets&q=%22Glitters%22&src=typed&max_position=TWEET-985184407500845056-985251459947261953>
None
2018-04-14 15:22:18 [scrapy] DEBUG: Scraped from <200 https://twitter.com/i/search/timeline?l=en&f=tweets&q=%22Glitters%22&src=typed&max_position=TWEET-985184407500845056-985251459947261953>
None
2018-04-14 15:22:18 [scrapy] DEBUG: Scraped from <200 https://twitter.com/i/search/timeline?l=en&f=tweets&q=%22Glitters%22&src=typed&max_position=TWEET-985184407500845056-985251459947261953>
None
2018-04-14 15:22:18 [scrapy] DEBUG: Scraped from <200 https://twitter.com/i/search/timeline?l=en&f=tweets&q=%22Glitters%22&src=typed&max_position=TWEET-985184407500845056-985251459947261953>
None
2018-04-14 15:22:18 [scrapy] DEBUG: Crawled (200) <GET https://twitter.com/i/search/timeline?l=en&f=tweets&q=%22Glitters%22&src=typed&max_position=TWEET-985174237899100160-985251459947261953> (referer: https://twitter.com/i/search/timeline?l=en&f=tweets&q=%22Glitters%22&src=typed&max_position=TWEET-985184407500845056-985251459947261953)
2018-04-14 15:22:19 [scrapy] DEBUG: Scraped from <200 https://twitter.com/i/search/timeline?l=en&f=tweets&q=%22Glitters%22&src=typed&max_position=TWEET-985174237899100160-985251459947261953>
None
2018-04-14 15:22:19 [scrapy] DEBUG: Scraped from <200 https://twitter.com/i/search/timeline?l=en&f=tweets&q=%22Glitters%22&src=typed&max_position=TWEET-985174237899100160-985251459947261953>
None
2018-04-14 15:22:19 [scrapy] DEBUG: Scraped from <200 https://twitter.com/i/search/timeline?l=en&f=tweets&q=%22Glitters%22&src=typed&max_position=TWEET-985174237899100160-985251459947261953>
None
2018-04-14 15:22:19 [scrapy] DEBUG: Scraped from <200 https://twitter.com/i/search/timeline?l=en&f=tweets&q=%22Glitters%22&src=typed&max_position=TWEET-985174237899100160-985251459947261953>
None
2018-04-14 15:22:19 [scrapy] DEBUG: Scraped from <200 https://twitter.com/i/search/timeline?l=en&f=tweets&q=%22Glitters%22&src=typed&max_position=TWEET-985174237899100160-985251459947261953>
None
2018-04-14 15:22:19 [scrapy] DEBUG: Scraped from <200 https://twitter.com/i/search/timeline?l=en&f=tweets&q=%22Glitters%22&src=typed&max_position=TWEET-985174237899100160-985251459947261953>
None
2018-04-14 15:22:19 [scrapy] DEBUG: Scraped from <200 https://twitter.com/i/search/timeline?l=en&f=tweets&q=%22Glitters%22&src=typed&max_position=TWEET-985174237899100160-985251459947261953>
None
2018-04-14 15:22:19 [scrapy] DEBUG: Scraped from <200 https://twitter.com/i/search/timeline?l=en&f=tweets&q=%22Glitters%22&src=typed&max_position=TWEET-985174237899100160-985251459947261953>
None
2018-04-14 15:22:19 [scrapy] DEBUG: Scraped from <200 https://twitter.com/i/search/timeline?l=en&f=tweets&q=%22Glitters%22&src=typed&max_position=TWEET-985174237899100160-985251459947261953>
None
2018-04-14 15:22:19 [scrapy] DEBUG: Scraped from <200 https://twitter.com/i/search/timeline?l=en&f=tweets&q=%22Glitters%22&src=typed&max_position=TWEET-985174237899100160-985251459947261953>
None
2018-04-14 15:22:19 [scrapy] DEBUG: Scraped from <200 https://twitter.com/i/search/timeline?l=en&f=tweets&q=%22Glitters%22&src=typed&max_position=TWEET-985174237899100160-985251459947261953>
None
2018-04-14 15:22:19 [scrapy] DEBUG: Scraped from <200 https://twitter.com/i/search/timeline?l=en&f=tweets&q=%22Glitters%22&src=typed&max_position=TWEET-985174237899100160-985251459947261953>
None
2018-04-14 15:22:19 [scrapy] DEBUG: Scraped from <200 https://twitter.com/i/search/timeline?l=en&f=tweets&q=%22Glitters%22&src=typed&max_position=TWEET-985174237899100160-985251459947261953>
None
2018-04-14 15:22:19 [scrapy] DEBUG: Scraped from <200 https://twitter.com/i/search/timeline?l=en&f=tweets&q=%22Glitters%22&src=typed&max_position=TWEET-985174237899100160-985251459947261953>
None
2018-04-14 15:22:19 [scrapy] DEBUG: Scraped from <200 https://twitter.com/i/search/timeline?l=en&f=tweets&q=%22Glitters%22&src=typed&max_position=TWEET-985174237899100160-985251459947261953>
None
2018-04-14 15:22:19 [scrapy] DEBUG: Scraped from <200 https://twitter.com/i/search/timeline?l=en&f=tweets&q=%22Glitters%22&src=typed&max_position=TWEET-985174237899100160-985251459947261953>
None
2018-04-14 15:22:19 [scrapy] DEBUG: Scraped from <200 https://twitter.com/i/search/timeline?l=en&f=tweets&q=%22Glitters%22&src=typed&max_position=TWEET-985174237899100160-985251459947261953>
None
2018-04-14 15:22:20 [scrapy] DEBUG: Scraped from <200 https://twitter.com/i/search/timeline?l=en&f=tweets&q=%22Glitters%22&src=typed&max_position=TWEET-985174237899100160-985251459947261953>
None
2018-04-14 15:22:20 [scrapy] DEBUG: Scraped from <200 https://twitter.com/i/search/timeline?l=en&f=tweets&q=%22Glitters%22&src=typed&max_position=TWEET-985174237899100160-985251459947261953>
None
2018-04-14 15:22:20 [scrapy] DEBUG: Scraped from <200 https://twitter.com/i/search/timeline?l=en&f=tweets&q=%22Glitters%22&src=typed&max_position=TWEET-985174237899100160-985251459947261953>
None
2018-04-14 15:22:20 [scrapy] DEBUG: Crawled (200) <GET https://twitter.com/i/search/timeline?l=en&f=tweets&q=%22Glitters%22&src=typed&max_position=TWEET-985159676018020353-985251459947261953> (referer: https://twitter.com/i/search/timeline?l=en&f=tweets&q=%22Glitters%22&src=typed&max_position=TWEET-985174237899100160-985251459947261953)
2018-04-14 15:22:21 [scrapy] DEBUG: Scraped from <200 https://twitter.com/i/search/timeline?l=en&f=tweets&q=%22Glitters%22&src=typed&max_position=TWEET-985159676018020353-985251459947261953>
None
2018-04-14 15:22:21 [scrapy] DEBUG: Scraped from <200 https://twitter.com/i/search/timeline?l=en&f=tweets&q=%22Glitters%22&src=typed&max_position=TWEET-985159676018020353-985251459947261953>
None
2018-04-14 15:22:21 [scrapy] DEBUG: Scraped from <200 https://twitter.com/i/search/timeline?l=en&f=tweets&q=%22Glitters%22&src=typed&max_position=TWEET-985159676018020353-985251459947261953>
None
2018-04-14 15:22:21 [scrapy] DEBUG: Scraped from <200 https://twitter.com/i/search/timeline?l=en&f=tweets&q=%22Glitters%22&src=typed&max_position=TWEET-985159676018020353-985251459947261953>
None
2018-04-14 15:22:21 [scrapy] DEBUG: Scraped from <200 https://twitter.com/i/search/timeline?l=en&f=tweets&q=%22Glitters%22&src=typed&max_position=TWEET-985159676018020353-985251459947261953>
None
2018-04-14 15:22:21 [scrapy] DEBUG: Scraped from <200 https://twitter.com/i/search/timeline?l=en&f=tweets&q=%22Glitters%22&src=typed&max_position=TWEET-985159676018020353-985251459947261953>
None
2018-04-14 15:22:21 [scrapy] DEBUG: Scraped from <200 https://twitter.com/i/search/timeline?l=en&f=tweets&q=%22Glitters%22&src=typed&max_position=TWEET-985159676018020353-985251459947261953>
None
2018-04-14 15:22:21 [scrapy] DEBUG: Scraped from <200 https://twitter.com/i/search/timeline?l=en&f=tweets&q=%22Glitters%22&src=typed&max_position=TWEET-985159676018020353-985251459947261953>
None
2018-04-14 15:22:21 [scrapy] DEBUG: Scraped from <200 https://twitter.com/i/search/timeline?l=en&f=tweets&q=%22Glitters%22&src=typed&max_position=TWEET-985159676018020353-985251459947261953>
None
2018-04-14 15:22:21 [scrapy] DEBUG: Scraped from <200 https://twitter.com/i/search/timeline?l=en&f=tweets&q=%22Glitters%22&src=typed&max_position=TWEET-985159676018020353-985251459947261953>
None
2018-04-14 15:22:21 [scrapy] DEBUG: Scraped from <200 https://twitter.com/i/search/timeline?l=en&f=tweets&q=%22Glitters%22&src=typed&max_position=TWEET-985159676018020353-985251459947261953>
None
2018-04-14 15:22:21 [scrapy] DEBUG: Scraped from <200 https://twitter.com/i/search/timeline?l=en&f=tweets&q=%22Glitters%22&src=typed&max_position=TWEET-985159676018020353-985251459947261953>
None
2018-04-14 15:22:21 [scrapy] DEBUG: Scraped from <200 https://twitter.com/i/search/timeline?l=en&f=tweets&q=%22Glitters%22&src=typed&max_position=TWEET-985159676018020353-985251459947261953>
None
2018-04-14 15:22:21 [scrapy] DEBUG: Scraped from <200 https://twitter.com/i/search/timeline?l=en&f=tweets&q=%22Glitters%22&src=typed&max_position=TWEET-985159676018020353-985251459947261953>
None
2018-04-14 15:22:21 [scrapy] DEBUG: Scraped from <200 https://twitter.com/i/search/timeline?l=en&f=tweets&q=%22Glitters%22&src=typed&max_position=TWEET-985159676018020353-985251459947261953>
None
2018-04-14 15:22:21 [scrapy] DEBUG: Scraped from <200 https://twitter.com/i/search/timeline?l=en&f=tweets&q=%22Glitters%22&src=typed&max_position=TWEET-985159676018020353-985251459947261953>
None
2018-04-14 15:22:21 [scrapy] DEBUG: Scraped from <200 https://twitter.com/i/search/timeline?l=en&f=tweets&q=%22Glitters%22&src=typed&max_position=TWEET-985159676018020353-985251459947261953>
None
2018-04-14 15:22:21 [scrapy] DEBUG: Scraped from <200 https://twitter.com/i/search/timeline?l=en&f=tweets&q=%22Glitters%22&src=typed&max_position=TWEET-985159676018020353-985251459947261953>
None
2018-04-14 15:22:21 [scrapy] DEBUG: Scraped from <200 https://twitter.com/i/search/timeline?l=en&f=tweets&q=%22Glitters%22&src=typed&max_position=TWEET-985159676018020353-985251459947261953>
None
2018-04-14 15:22:21 [scrapy] DEBUG: Scraped from <200 https://twitter.com/i/search/timeline?l=en&f=tweets&q=%22Glitters%22&src=typed&max_position=TWEET-985159676018020353-985251459947261953>
None
2018-04-14 15:22:22 [scrapy] DEBUG: Crawled (200) <GET https://twitter.com/i/search/timeline?l=en&f=tweets&q=%22Glitters%22&src=typed&max_position=TWEET-985136219171491841-985251459947261953> (referer: https://twitter.com/i/search/timeline?l=en&f=tweets&q=%22Glitters%22&src=typed&max_position=TWEET-985159676018020353-985251459947261953)
2018-04-14 15:22:22 [scrapy] DEBUG: Scraped from <200 https://twitter.com/i/search/timeline?l=en&f=tweets&q=%22Glitters%22&src=typed&max_position=TWEET-985136219171491841-985251459947261953>
None
2018-04-14 15:22:22 [scrapy] DEBUG: Scraped from <200 https://twitter.com/i/search/timeline?l=en&f=tweets&q=%22Glitters%22&src=typed&max_position=TWEET-985136219171491841-985251459947261953>
None
2018-04-14 15:22:22 [scrapy] DEBUG: Scraped from <200 https://twitter.com/i/search/timeline?l=en&f=tweets&q=%22Glitters%22&src=typed&max_position=TWEET-985136219171491841-985251459947261953>
None
2018-04-14 15:22:22 [scrapy] DEBUG: Scraped from <200 https://twitter.com/i/search/timeline?l=en&f=tweets&q=%22Glitters%22&src=typed&max_position=TWEET-985136219171491841-985251459947261953>
None
2018-04-14 15:22:22 [scrapy] DEBUG: Scraped from <200 https://twitter.com/i/search/timeline?l=en&f=tweets&q=%22Glitters%22&src=typed&max_position=TWEET-985136219171491841-985251459947261953>
None
2018-04-14 15:22:22 [scrapy] DEBUG: Scraped from <200 https://twitter.com/i/search/timeline?l=en&f=tweets&q=%22Glitters%22&src=typed&max_position=TWEET-985136219171491841-985251459947261953>
None
2018-04-14 15:22:22 [scrapy] DEBUG: Scraped from <200 https://twitter.com/i/search/timeline?l=en&f=tweets&q=%22Glitters%22&src=typed&max_position=TWEET-985136219171491841-985251459947261953>
None
2018-04-14 15:22:22 [scrapy] DEBUG: Scraped from <200 https://twitter.com/i/search/timeline?l=en&f=tweets&q=%22Glitters%22&src=typed&max_position=TWEET-985136219171491841-985251459947261953>
None
2018-04-14 15:22:22 [scrapy] DEBUG: Scraped from <200 https://twitter.com/i/search/timeline?l=en&f=tweets&q=%22Glitters%22&src=typed&max_position=TWEET-985136219171491841-985251459947261953>
None
2018-04-14 15:22:23 [scrapy] DEBUG: Scraped from <200 https://twitter.com/i/search/timeline?l=en&f=tweets&q=%22Glitters%22&src=typed&max_position=TWEET-985136219171491841-985251459947261953>
None
2018-04-14 15:22:23 [scrapy] DEBUG: Scraped from <200 https://twitter.com/i/search/timeline?l=en&f=tweets&q=%22Glitters%22&src=typed&max_position=TWEET-985136219171491841-985251459947261953>
None
2018-04-14 15:22:23 [scrapy] DEBUG: Scraped from <200 https://twitter.com/i/search/timeline?l=en&f=tweets&q=%22Glitters%22&src=typed&max_position=TWEET-985136219171491841-985251459947261953>
None
2018-04-14 15:22:23 [scrapy] DEBUG: Scraped from <200 https://twitter.com/i/search/timeline?l=en&f=tweets&q=%22Glitters%22&src=typed&max_position=TWEET-985136219171491841-985251459947261953>
None
2018-04-14 15:22:23 [scrapy] DEBUG: Scraped from <200 https://twitter.com/i/search/timeline?l=en&f=tweets&q=%22Glitters%22&src=typed&max_position=TWEET-985136219171491841-985251459947261953>
None
2018-04-14 15:22:23 [scrapy] DEBUG: Scraped from <200 https://twitter.com/i/search/timeline?l=en&f=tweets&q=%22Glitters%22&src=typed&max_position=TWEET-985136219171491841-985251459947261953>
None
2018-04-14 15:22:23 [scrapy] DEBUG: Scraped from <200 https://twitter.com/i/search/timeline?l=en&f=tweets&q=%22Glitters%22&src=typed&max_position=TWEET-985136219171491841-985251459947261953>
None
2018-04-14 15:22:23 [scrapy] DEBUG: Scraped from <200 https://twitter.com/i/search/timeline?l=en&f=tweets&q=%22Glitters%22&src=typed&max_position=TWEET-985136219171491841-985251459947261953>
None
2018-04-14 15:22:23 [scrapy] DEBUG: Scraped from <200 https://twitter.com/i/search/timeline?l=en&f=tweets&q=%22Glitters%22&src=typed&max_position=TWEET-985136219171491841-985251459947261953>
None
2018-04-14 15:22:23 [scrapy] DEBUG: Scraped from <200 https://twitter.com/i/search/timeline?l=en&f=tweets&q=%22Glitters%22&src=typed&max_position=TWEET-985136219171491841-985251459947261953>
None
2018-04-14 15:22:23 [scrapy] DEBUG: Scraped from <200 https://twitter.com/i/search/timeline?l=en&f=tweets&q=%22Glitters%22&src=typed&max_position=TWEET-985136219171491841-985251459947261953>
None
2018-04-14 15:22:24 [scrapy] DEBUG: Crawled (200) <GET https://twitter.com/i/search/timeline?l=en&f=tweets&q=%22Glitters%22&src=typed&max_position=TWEET-985120749378818048-985251459947261953> (referer: https://twitter.com/i/search/timeline?l=en&f=tweets&q=%22Glitters%22&src=typed&max_position=TWEET-985136219171491841-985251459947261953)
2018-04-14 15:22:24 [scrapy] DEBUG: Scraped from <200 https://twitter.com/i/search/timeline?l=en&f=tweets&q=%22Glitters%22&src=typed&max_position=TWEET-985120749378818048-985251459947261953>
None
2018-04-14 15:22:24 [scrapy] DEBUG: Scraped from <200 https://twitter.com/i/search/timeline?l=en&f=tweets&q=%22Glitters%22&src=typed&max_position=TWEET-985120749378818048-985251459947261953>
None
2018-04-14 15:22:24 [scrapy] DEBUG: Scraped from <200 https://twitter.com/i/search/timeline?l=en&f=tweets&q=%22Glitters%22&src=typed&max_position=TWEET-985120749378818048-985251459947261953>
None
2018-04-14 15:22:24 [scrapy] DEBUG: Scraped from <200 https://twitter.com/i/search/timeline?l=en&f=tweets&q=%22Glitters%22&src=typed&max_position=TWEET-985120749378818048-985251459947261953>
None
2018-04-14 15:22:24 [scrapy] DEBUG: Scraped from <200 https://twitter.com/i/search/timeline?l=en&f=tweets&q=%22Glitters%22&src=typed&max_position=TWEET-985120749378818048-985251459947261953>
None
2018-04-14 15:22:24 [scrapy] DEBUG: Scraped from <200 https://twitter.com/i/search/timeline?l=en&f=tweets&q=%22Glitters%22&src=typed&max_position=TWEET-985120749378818048-985251459947261953>
None
2018-04-14 15:22:24 [scrapy] DEBUG: Scraped from <200 https://twitter.com/i/search/timeline?l=en&f=tweets&q=%22Glitters%22&src=typed&max_position=TWEET-985120749378818048-985251459947261953>
None
2018-04-14 15:22:24 [scrapy] DEBUG: Scraped from <200 https://twitter.com/i/search/timeline?l=en&f=tweets&q=%22Glitters%22&src=typed&max_position=TWEET-985120749378818048-985251459947261953>
None
2018-04-14 15:22:24 [scrapy] DEBUG: Scraped from <200 https://twitter.com/i/search/timeline?l=en&f=tweets&q=%22Glitters%22&src=typed&max_position=TWEET-985120749378818048-985251459947261953>
None
2018-04-14 15:22:24 [scrapy] DEBUG: Scraped from <200 https://twitter.com/i/search/timeline?l=en&f=tweets&q=%22Glitters%22&src=typed&max_position=TWEET-985120749378818048-985251459947261953>
None
2018-04-14 15:22:24 [scrapy] DEBUG: Scraped from <200 https://twitter.com/i/search/timeline?l=en&f=tweets&q=%22Glitters%22&src=typed&max_position=TWEET-985120749378818048-985251459947261953>
None
2018-04-14 15:22:24 [scrapy] DEBUG: Scraped from <200 https://twitter.com/i/search/timeline?l=en&f=tweets&q=%22Glitters%22&src=typed&max_position=TWEET-985120749378818048-985251459947261953>
None
2018-04-14 15:22:24 [scrapy] DEBUG: Scraped from <200 https://twitter.com/i/search/timeline?l=en&f=tweets&q=%22Glitters%22&src=typed&max_position=TWEET-985120749378818048-985251459947261953>
None
2018-04-14 15:22:24 [scrapy] DEBUG: Scraped from <200 https://twitter.com/i/search/timeline?l=en&f=tweets&q=%22Glitters%22&src=typed&max_position=TWEET-985120749378818048-985251459947261953>
None
2018-04-14 15:22:24 [scrapy] DEBUG: Scraped from <200 https://twitter.com/i/search/timeline?l=en&f=tweets&q=%22Glitters%22&src=typed&max_position=TWEET-985120749378818048-985251459947261953>
None
2018-04-14 15:22:25 [scrapy] DEBUG: Scraped from <200 https://twitter.com/i/search/timeline?l=en&f=tweets&q=%22Glitters%22&src=typed&max_position=TWEET-985120749378818048-985251459947261953>
None
2018-04-14 15:22:25 [scrapy] DEBUG: Scraped from <200 https://twitter.com/i/search/timeline?l=en&f=tweets&q=%22Glitters%22&src=typed&max_position=TWEET-985120749378818048-985251459947261953>
None
2018-04-14 15:22:25 [scrapy] DEBUG: Scraped from <200 https://twitter.com/i/search/timeline?l=en&f=tweets&q=%22Glitters%22&src=typed&max_position=TWEET-985120749378818048-985251459947261953>
None
2018-04-14 15:22:25 [scrapy] DEBUG: Scraped from <200 https://twitter.com/i/search/timeline?l=en&f=tweets&q=%22Glitters%22&src=typed&max_position=TWEET-985120749378818048-985251459947261953>
None
2018-04-14 15:22:25 [scrapy] DEBUG: Scraped from <200 https://twitter.com/i/search/timeline?l=en&f=tweets&q=%22Glitters%22&src=typed&max_position=TWEET-985120749378818048-985251459947261953>
None
2018-04-14 15:22:25 [scrapy] DEBUG: Crawled (200) <GET https://twitter.com/i/search/timeline?l=en&f=tweets&q=%22Glitters%22&src=typed&max_position=TWEET-985093725150957568-985251459947261953> (referer: https://twitter.com/i/search/timeline?l=en&f=tweets&q=%22Glitters%22&src=typed&max_position=TWEET-985120749378818048-985251459947261953)
2018-04-14 15:22:26 [scrapy] DEBUG: Scraped from <200 https://twitter.com/i/search/timeline?l=en&f=tweets&q=%22Glitters%22&src=typed&max_position=TWEET-985093725150957568-985251459947261953>
None
2018-04-14 15:22:26 [scrapy] DEBUG: Scraped from <200 https://twitter.com/i/search/timeline?l=en&f=tweets&q=%22Glitters%22&src=typed&max_position=TWEET-985093725150957568-985251459947261953>
None
2018-04-14 15:22:26 [scrapy] DEBUG: Scraped from <200 https://twitter.com/i/search/timeline?l=en&f=tweets&q=%22Glitters%22&src=typed&max_position=TWEET-985093725150957568-985251459947261953>
None
2018-04-14 15:22:26 [scrapy] DEBUG: Scraped from <200 https://twitter.com/i/search/timeline?l=en&f=tweets&q=%22Glitters%22&src=typed&max_position=TWEET-985093725150957568-985251459947261953>
None
2018-04-14 15:22:26 [scrapy] DEBUG: Scraped from <200 https://twitter.com/i/search/timeline?l=en&f=tweets&q=%22Glitters%22&src=typed&max_position=TWEET-985093725150957568-985251459947261953>
None
2018-04-14 15:22:26 [scrapy] DEBUG: Scraped from <200 https://twitter.com/i/search/timeline?l=en&f=tweets&q=%22Glitters%22&src=typed&max_position=TWEET-985093725150957568-985251459947261953>
None
2018-04-14 15:22:26 [scrapy] DEBUG: Scraped from <200 https://twitter.com/i/search/timeline?l=en&f=tweets&q=%22Glitters%22&src=typed&max_position=TWEET-985093725150957568-985251459947261953>
None
2018-04-14 15:22:26 [scrapy] DEBUG: Scraped from <200 https://twitter.com/i/search/timeline?l=en&f=tweets&q=%22Glitters%22&src=typed&max_position=TWEET-985093725150957568-985251459947261953>
None
2018-04-14 15:22:26 [scrapy] DEBUG: Scraped from <200 https://twitter.com/i/search/timeline?l=en&f=tweets&q=%22Glitters%22&src=typed&max_position=TWEET-985093725150957568-985251459947261953>
None
2018-04-14 15:22:26 [scrapy] DEBUG: Scraped from <200 https://twitter.com/i/search/timeline?l=en&f=tweets&q=%22Glitters%22&src=typed&max_position=TWEET-985093725150957568-985251459947261953>
None
2018-04-14 15:22:26 [scrapy] DEBUG: Scraped from <200 https://twitter.com/i/search/timeline?l=en&f=tweets&q=%22Glitters%22&src=typed&max_position=TWEET-985093725150957568-985251459947261953>
None
2018-04-14 15:22:26 [scrapy] DEBUG: Scraped from <200 https://twitter.com/i/search/timeline?l=en&f=tweets&q=%22Glitters%22&src=typed&max_position=TWEET-985093725150957568-985251459947261953>
None
2018-04-14 15:22:26 [scrapy] DEBUG: Scraped from <200 https://twitter.com/i/search/timeline?l=en&f=tweets&q=%22Glitters%22&src=typed&max_position=TWEET-985093725150957568-985251459947261953>
None
2018-04-14 15:22:26 [scrapy] DEBUG: Scraped from <200 https://twitter.com/i/search/timeline?l=en&f=tweets&q=%22Glitters%22&src=typed&max_position=TWEET-985093725150957568-985251459947261953>
None
2018-04-14 15:22:26 [scrapy] DEBUG: Scraped from <200 https://twitter.com/i/search/timeline?l=en&f=tweets&q=%22Glitters%22&src=typed&max_position=TWEET-985093725150957568-985251459947261953>
None
2018-04-14 15:22:26 [scrapy] DEBUG: Scraped from <200 https://twitter.com/i/search/timeline?l=en&f=tweets&q=%22Glitters%22&src=typed&max_position=TWEET-985093725150957568-985251459947261953>
None
2018-04-14 15:22:26 [scrapy] DEBUG: Scraped from <200 https://twitter.com/i/search/timeline?l=en&f=tweets&q=%22Glitters%22&src=typed&max_position=TWEET-985093725150957568-985251459947261953>
None
2018-04-14 15:22:26 [scrapy] DEBUG: Scraped from <200 https://twitter.com/i/search/timeline?l=en&f=tweets&q=%22Glitters%22&src=typed&max_position=TWEET-985093725150957568-985251459947261953>
None
2018-04-14 15:22:26 [scrapy] DEBUG: Scraped from <200 https://twitter.com/i/search/timeline?l=en&f=tweets&q=%22Glitters%22&src=typed&max_position=TWEET-985093725150957568-985251459947261953>
None
2018-04-14 15:22:27 [scrapy] DEBUG: Scraped from <200 https://twitter.com/i/search/timeline?l=en&f=tweets&q=%22Glitters%22&src=typed&max_position=TWEET-985093725150957568-985251459947261953>
None
2018-04-14 15:22:27 [scrapy] DEBUG: Crawled (200) <GET https://twitter.com/i/search/timeline?l=en&f=tweets&q=%22Glitters%22&src=typed&max_position=TWEET-985066737396781056-985251459947261953> (referer: https://twitter.com/i/search/timeline?l=en&f=tweets&q=%22Glitters%22&src=typed&max_position=TWEET-985093725150957568-985251459947261953)
2018-04-14 15:22:27 [scrapy] DEBUG: Scraped from <200 https://twitter.com/i/search/timeline?l=en&f=tweets&q=%22Glitters%22&src=typed&max_position=TWEET-985066737396781056-985251459947261953>
None
2018-04-14 15:22:27 [scrapy] DEBUG: Scraped from <200 https://twitter.com/i/search/timeline?l=en&f=tweets&q=%22Glitters%22&src=typed&max_position=TWEET-985066737396781056-985251459947261953>
None
2018-04-14 15:22:27 [scrapy] DEBUG: Scraped from <200 https://twitter.com/i/search/timeline?l=en&f=tweets&q=%22Glitters%22&src=typed&max_position=TWEET-985066737396781056-985251459947261953>
None
2018-04-14 15:22:27 [scrapy] DEBUG: Scraped from <200 https://twitter.com/i/search/timeline?l=en&f=tweets&q=%22Glitters%22&src=typed&max_position=TWEET-985066737396781056-985251459947261953>
None
2018-04-14 15:22:27 [scrapy] DEBUG: Scraped from <200 https://twitter.com/i/search/timeline?l=en&f=tweets&q=%22Glitters%22&src=typed&max_position=TWEET-985066737396781056-985251459947261953>
None
2018-04-14 15:22:27 [scrapy] DEBUG: Scraped from <200 https://twitter.com/i/search/timeline?l=en&f=tweets&q=%22Glitters%22&src=typed&max_position=TWEET-985066737396781056-985251459947261953>
None
2018-04-14 15:22:28 [scrapy] DEBUG: Scraped from <200 https://twitter.com/i/search/timeline?l=en&f=tweets&q=%22Glitters%22&src=typed&max_position=TWEET-985066737396781056-985251459947261953>
None
2018-04-14 15:22:28 [scrapy] DEBUG: Scraped from <200 https://twitter.com/i/search/timeline?l=en&f=tweets&q=%22Glitters%22&src=typed&max_position=TWEET-985066737396781056-985251459947261953>
None
2018-04-14 15:22:28 [scrapy] DEBUG: Scraped from <200 https://twitter.com/i/search/timeline?l=en&f=tweets&q=%22Glitters%22&src=typed&max_position=TWEET-985066737396781056-985251459947261953>
None
2018-04-14 15:22:28 [scrapy] DEBUG: Scraped from <200 https://twitter.com/i/search/timeline?l=en&f=tweets&q=%22Glitters%22&src=typed&max_position=TWEET-985066737396781056-985251459947261953>
None
2018-04-14 15:22:28 [scrapy] DEBUG: Scraped from <200 https://twitter.com/i/search/timeline?l=en&f=tweets&q=%22Glitters%22&src=typed&max_position=TWEET-985066737396781056-985251459947261953>
None
2018-04-14 15:22:28 [scrapy] DEBUG: Scraped from <200 https://twitter.com/i/search/timeline?l=en&f=tweets&q=%22Glitters%22&src=typed&max_position=TWEET-985066737396781056-985251459947261953>
None
2018-04-14 15:22:28 [scrapy] DEBUG: Scraped from <200 https://twitter.com/i/search/timeline?l=en&f=tweets&q=%22Glitters%22&src=typed&max_position=TWEET-985066737396781056-985251459947261953>
None
2018-04-14 15:22:28 [scrapy] DEBUG: Scraped from <200 https://twitter.com/i/search/timeline?l=en&f=tweets&q=%22Glitters%22&src=typed&max_position=TWEET-985066737396781056-985251459947261953>
None
2018-04-14 15:22:28 [scrapy] DEBUG: Scraped from <200 https://twitter.com/i/search/timeline?l=en&f=tweets&q=%22Glitters%22&src=typed&max_position=TWEET-985066737396781056-985251459947261953>
None
2018-04-14 15:22:28 [scrapy] DEBUG: Scraped from <200 https://twitter.com/i/search/timeline?l=en&f=tweets&q=%22Glitters%22&src=typed&max_position=TWEET-985066737396781056-985251459947261953>
None
2018-04-14 15:22:28 [scrapy] DEBUG: Scraped from <200 https://twitter.com/i/search/timeline?l=en&f=tweets&q=%22Glitters%22&src=typed&max_position=TWEET-985066737396781056-985251459947261953>
None
2018-04-14 15:22:28 [scrapy] DEBUG: Scraped from <200 https://twitter.com/i/search/timeline?l=en&f=tweets&q=%22Glitters%22&src=typed&max_position=TWEET-985066737396781056-985251459947261953>
None
2018-04-14 15:22:28 [scrapy] DEBUG: Scraped from <200 https://twitter.com/i/search/timeline?l=en&f=tweets&q=%22Glitters%22&src=typed&max_position=TWEET-985066737396781056-985251459947261953>
None
2018-04-14 15:22:28 [scrapy] DEBUG: Scraped from <200 https://twitter.com/i/search/timeline?l=en&f=tweets&q=%22Glitters%22&src=typed&max_position=TWEET-985066737396781056-985251459947261953>
None
2018-04-14 15:22:29 [scrapy] DEBUG: Crawled (200) <GET https://twitter.com/i/search/timeline?l=en&f=tweets&q=%22Glitters%22&src=typed&max_position=TWEET-985042096879878144-985251459947261953> (referer: https://twitter.com/i/search/timeline?l=en&f=tweets&q=%22Glitters%22&src=typed&max_position=TWEET-985066737396781056-985251459947261953)
2018-04-14 15:22:29 [scrapy] DEBUG: Scraped from <200 https://twitter.com/i/search/timeline?l=en&f=tweets&q=%22Glitters%22&src=typed&max_position=TWEET-985042096879878144-985251459947261953>
None
2018-04-14 15:22:30 [scrapy] DEBUG: Scraped from <200 https://twitter.com/i/search/timeline?l=en&f=tweets&q=%22Glitters%22&src=typed&max_position=TWEET-985042096879878144-985251459947261953>
None
2018-04-14 15:22:30 [scrapy] DEBUG: Scraped from <200 https://twitter.com/i/search/timeline?l=en&f=tweets&q=%22Glitters%22&src=typed&max_position=TWEET-985042096879878144-985251459947261953>
None
2018-04-14 15:22:30 [scrapy] DEBUG: Scraped from <200 https://twitter.com/i/search/timeline?l=en&f=tweets&q=%22Glitters%22&src=typed&max_position=TWEET-985042096879878144-985251459947261953>
None
2018-04-14 15:22:30 [scrapy] DEBUG: Scraped from <200 https://twitter.com/i/search/timeline?l=en&f=tweets&q=%22Glitters%22&src=typed&max_position=TWEET-985042096879878144-985251459947261953>
None
2018-04-14 15:22:30 [scrapy] DEBUG: Scraped from <200 https://twitter.com/i/search/timeline?l=en&f=tweets&q=%22Glitters%22&src=typed&max_position=TWEET-985042096879878144-985251459947261953>
None
2018-04-14 15:22:30 [scrapy] DEBUG: Scraped from <200 https://twitter.com/i/search/timeline?l=en&f=tweets&q=%22Glitters%22&src=typed&max_position=TWEET-985042096879878144-985251459947261953>
None
2018-04-14 15:22:30 [scrapy] DEBUG: Scraped from <200 https://twitter.com/i/search/timeline?l=en&f=tweets&q=%22Glitters%22&src=typed&max_position=TWEET-985042096879878144-985251459947261953>
None
2018-04-14 15:22:30 [scrapy] DEBUG: Scraped from <200 https://twitter.com/i/search/timeline?l=en&f=tweets&q=%22Glitters%22&src=typed&max_position=TWEET-985042096879878144-985251459947261953>
None
2018-04-14 15:22:30 [scrapy] DEBUG: Scraped from <200 https://twitter.com/i/search/timeline?l=en&f=tweets&q=%22Glitters%22&src=typed&max_position=TWEET-985042096879878144-985251459947261953>
None
2018-04-14 15:22:30 [scrapy] DEBUG: Scraped from <200 https://twitter.com/i/search/timeline?l=en&f=tweets&q=%22Glitters%22&src=typed&max_position=TWEET-985042096879878144-985251459947261953>
None
2018-04-14 15:22:30 [scrapy] DEBUG: Scraped from <200 https://twitter.com/i/search/timeline?l=en&f=tweets&q=%22Glitters%22&src=typed&max_position=TWEET-985042096879878144-985251459947261953>
None
2018-04-14 15:22:30 [scrapy] DEBUG: Scraped from <200 https://twitter.com/i/search/timeline?l=en&f=tweets&q=%22Glitters%22&src=typed&max_position=TWEET-985042096879878144-985251459947261953>
None
2018-04-14 15:22:30 [scrapy] DEBUG: Scraped from <200 https://twitter.com/i/search/timeline?l=en&f=tweets&q=%22Glitters%22&src=typed&max_position=TWEET-985042096879878144-985251459947261953>
None
2018-04-14 15:22:30 [scrapy] DEBUG: Scraped from <200 https://twitter.com/i/search/timeline?l=en&f=tweets&q=%22Glitters%22&src=typed&max_position=TWEET-985042096879878144-985251459947261953>
None
2018-04-14 15:22:31 [scrapy] DEBUG: Scraped from <200 https://twitter.com/i/search/timeline?l=en&f=tweets&q=%22Glitters%22&src=typed&max_position=TWEET-985042096879878144-985251459947261953>
None
2018-04-14 15:22:31 [scrapy] DEBUG: Scraped from <200 https://twitter.com/i/search/timeline?l=en&f=tweets&q=%22Glitters%22&src=typed&max_position=TWEET-985042096879878144-985251459947261953>
None
2018-04-14 15:22:31 [scrapy] DEBUG: Scraped from <200 https://twitter.com/i/search/timeline?l=en&f=tweets&q=%22Glitters%22&src=typed&max_position=TWEET-985042096879878144-985251459947261953>
None
2018-04-14 15:22:31 [scrapy] DEBUG: Scraped from <200 https://twitter.com/i/search/timeline?l=en&f=tweets&q=%22Glitters%22&src=typed&max_position=TWEET-985042096879878144-985251459947261953>
None
2018-04-14 15:22:31 [scrapy] DEBUG: Scraped from <200 https://twitter.com/i/search/timeline?l=en&f=tweets&q=%22Glitters%22&src=typed&max_position=TWEET-985042096879878144-985251459947261953>
None
2018-04-14 15:22:31 [scrapy] DEBUG: Crawled (200) <GET https://twitter.com/i/search/timeline?l=en&f=tweets&q=%22Glitters%22&src=typed&max_position=TWEET-985028701250187264-985251459947261953> (referer: https://twitter.com/i/search/timeline?l=en&f=tweets&q=%22Glitters%22&src=typed&max_position=TWEET-985042096879878144-985251459947261953)
2018-04-14 15:22:31 [scrapy] DEBUG: Scraped from <200 https://twitter.com/i/search/timeline?l=en&f=tweets&q=%22Glitters%22&src=typed&max_position=TWEET-985028701250187264-985251459947261953>
None
2018-04-14 15:22:31 [scrapy] DEBUG: Scraped from <200 https://twitter.com/i/search/timeline?l=en&f=tweets&q=%22Glitters%22&src=typed&max_position=TWEET-985028701250187264-985251459947261953>
None
2018-04-14 15:22:31 [scrapy] DEBUG: Scraped from <200 https://twitter.com/i/search/timeline?l=en&f=tweets&q=%22Glitters%22&src=typed&max_position=TWEET-985028701250187264-985251459947261953>
None
2018-04-14 15:22:32 [scrapy] DEBUG: Scraped from <200 https://twitter.com/i/search/timeline?l=en&f=tweets&q=%22Glitters%22&src=typed&max_position=TWEET-985028701250187264-985251459947261953>
None
2018-04-14 15:22:32 [scrapy] DEBUG: Scraped from <200 https://twitter.com/i/search/timeline?l=en&f=tweets&q=%22Glitters%22&src=typed&max_position=TWEET-985028701250187264-985251459947261953>
None
2018-04-14 15:22:32 [scrapy] DEBUG: Scraped from <200 https://twitter.com/i/search/timeline?l=en&f=tweets&q=%22Glitters%22&src=typed&max_position=TWEET-985028701250187264-985251459947261953>
None
2018-04-14 15:22:32 [scrapy] DEBUG: Scraped from <200 https://twitter.com/i/search/timeline?l=en&f=tweets&q=%22Glitters%22&src=typed&max_position=TWEET-985028701250187264-985251459947261953>
None
2018-04-14 15:22:32 [scrapy] DEBUG: Scraped from <200 https://twitter.com/i/search/timeline?l=en&f=tweets&q=%22Glitters%22&src=typed&max_position=TWEET-985028701250187264-985251459947261953>
None
2018-04-14 15:22:32 [scrapy] DEBUG: Scraped from <200 https://twitter.com/i/search/timeline?l=en&f=tweets&q=%22Glitters%22&src=typed&max_position=TWEET-985028701250187264-985251459947261953>
None
2018-04-14 15:22:32 [scrapy] DEBUG: Scraped from <200 https://twitter.com/i/search/timeline?l=en&f=tweets&q=%22Glitters%22&src=typed&max_position=TWEET-985028701250187264-985251459947261953>
None
2018-04-14 15:22:32 [scrapy] DEBUG: Scraped from <200 https://twitter.com/i/search/timeline?l=en&f=tweets&q=%22Glitters%22&src=typed&max_position=TWEET-985028701250187264-985251459947261953>
None
2018-04-14 15:22:32 [scrapy] DEBUG: Scraped from <200 https://twitter.com/i/search/timeline?l=en&f=tweets&q=%22Glitters%22&src=typed&max_position=TWEET-985028701250187264-985251459947261953>
None
2018-04-14 15:22:32 [scrapy] DEBUG: Scraped from <200 https://twitter.com/i/search/timeline?l=en&f=tweets&q=%22Glitters%22&src=typed&max_position=TWEET-985028701250187264-985251459947261953>
None
2018-04-14 15:22:32 [scrapy] DEBUG: Scraped from <200 https://twitter.com/i/search/timeline?l=en&f=tweets&q=%22Glitters%22&src=typed&max_position=TWEET-985028701250187264-985251459947261953>
None
2018-04-14 15:22:32 [scrapy] DEBUG: Scraped from <200 https://twitter.com/i/search/timeline?l=en&f=tweets&q=%22Glitters%22&src=typed&max_position=TWEET-985028701250187264-985251459947261953>
None
2018-04-14 15:22:32 [scrapy] DEBUG: Scraped from <200 https://twitter.com/i/search/timeline?l=en&f=tweets&q=%22Glitters%22&src=typed&max_position=TWEET-985028701250187264-985251459947261953>
None
2018-04-14 15:22:32 [scrapy] DEBUG: Scraped from <200 https://twitter.com/i/search/timeline?l=en&f=tweets&q=%22Glitters%22&src=typed&max_position=TWEET-985028701250187264-985251459947261953>
None
2018-04-14 15:22:32 [scrapy] DEBUG: Scraped from <200 https://twitter.com/i/search/timeline?l=en&f=tweets&q=%22Glitters%22&src=typed&max_position=TWEET-985028701250187264-985251459947261953>
None
2018-04-14 15:22:32 [scrapy] DEBUG: Scraped from <200 https://twitter.com/i/search/timeline?l=en&f=tweets&q=%22Glitters%22&src=typed&max_position=TWEET-985028701250187264-985251459947261953>
None
2018-04-14 15:22:32 [scrapy] DEBUG: Scraped from <200 https://twitter.com/i/search/timeline?l=en&f=tweets&q=%22Glitters%22&src=typed&max_position=TWEET-985028701250187264-985251459947261953>
None
2018-04-14 15:22:33 [scrapy] DEBUG: Crawled (200) <GET https://twitter.com/i/search/timeline?l=en&f=tweets&q=%22Glitters%22&src=typed&max_position=TWEET-985013283345190913-985251459947261953> (referer: https://twitter.com/i/search/timeline?l=en&f=tweets&q=%22Glitters%22&src=typed&max_position=TWEET-985028701250187264-985251459947261953)
2018-04-14 15:22:33 [scrapy] DEBUG: Scraped from <200 https://twitter.com/i/search/timeline?l=en&f=tweets&q=%22Glitters%22&src=typed&max_position=TWEET-985013283345190913-985251459947261953>
None
2018-04-14 15:22:33 [scrapy] DEBUG: Scraped from <200 https://twitter.com/i/search/timeline?l=en&f=tweets&q=%22Glitters%22&src=typed&max_position=TWEET-985013283345190913-985251459947261953>
None
2018-04-14 15:22:33 [scrapy] DEBUG: Scraped from <200 https://twitter.com/i/search/timeline?l=en&f=tweets&q=%22Glitters%22&src=typed&max_position=TWEET-985013283345190913-985251459947261953>
None
2018-04-14 15:22:33 [scrapy] DEBUG: Scraped from <200 https://twitter.com/i/search/timeline?l=en&f=tweets&q=%22Glitters%22&src=typed&max_position=TWEET-985013283345190913-985251459947261953>
None
2018-04-14 15:22:33 [scrapy] DEBUG: Scraped from <200 https://twitter.com/i/search/timeline?l=en&f=tweets&q=%22Glitters%22&src=typed&max_position=TWEET-985013283345190913-985251459947261953>
None
2018-04-14 15:22:33 [scrapy] DEBUG: Scraped from <200 https://twitter.com/i/search/timeline?l=en&f=tweets&q=%22Glitters%22&src=typed&max_position=TWEET-985013283345190913-985251459947261953>
None
2018-04-14 15:22:33 [scrapy] DEBUG: Scraped from <200 https://twitter.com/i/search/timeline?l=en&f=tweets&q=%22Glitters%22&src=typed&max_position=TWEET-985013283345190913-985251459947261953>
None
2018-04-14 15:22:33 [scrapy] DEBUG: Scraped from <200 https://twitter.com/i/search/timeline?l=en&f=tweets&q=%22Glitters%22&src=typed&max_position=TWEET-985013283345190913-985251459947261953>
None
2018-04-14 15:22:33 [scrapy] DEBUG: Scraped from <200 https://twitter.com/i/search/timeline?l=en&f=tweets&q=%22Glitters%22&src=typed&max_position=TWEET-985013283345190913-985251459947261953>
None
2018-04-14 15:22:33 [scrapy] DEBUG: Scraped from <200 https://twitter.com/i/search/timeline?l=en&f=tweets&q=%22Glitters%22&src=typed&max_position=TWEET-985013283345190913-985251459947261953>
None
2018-04-14 15:22:33 [scrapy] DEBUG: Scraped from <200 https://twitter.com/i/search/timeline?l=en&f=tweets&q=%22Glitters%22&src=typed&max_position=TWEET-985013283345190913-985251459947261953>
None
2018-04-14 15:22:33 [scrapy] DEBUG: Scraped from <200 https://twitter.com/i/search/timeline?l=en&f=tweets&q=%22Glitters%22&src=typed&max_position=TWEET-985013283345190913-985251459947261953>
None
2018-04-14 15:22:33 [scrapy] DEBUG: Scraped from <200 https://twitter.com/i/search/timeline?l=en&f=tweets&q=%22Glitters%22&src=typed&max_position=TWEET-985013283345190913-985251459947261953>
None
2018-04-14 15:22:34 [scrapy] DEBUG: Scraped from <200 https://twitter.com/i/search/timeline?l=en&f=tweets&q=%22Glitters%22&src=typed&max_position=TWEET-985013283345190913-985251459947261953>
None
2018-04-14 15:22:34 [scrapy] DEBUG: Scraped from <200 https://twitter.com/i/search/timeline?l=en&f=tweets&q=%22Glitters%22&src=typed&max_position=TWEET-985013283345190913-985251459947261953>
None
2018-04-14 15:22:34 [scrapy] DEBUG: Scraped from <200 https://twitter.com/i/search/timeline?l=en&f=tweets&q=%22Glitters%22&src=typed&max_position=TWEET-985013283345190913-985251459947261953>
None
2018-04-14 15:22:34 [scrapy] DEBUG: Scraped from <200 https://twitter.com/i/search/timeline?l=en&f=tweets&q=%22Glitters%22&src=typed&max_position=TWEET-985013283345190913-985251459947261953>
None
2018-04-14 15:22:34 [scrapy] DEBUG: Scraped from <200 https://twitter.com/i/search/timeline?l=en&f=tweets&q=%22Glitters%22&src=typed&max_position=TWEET-985013283345190913-985251459947261953>
None
2018-04-14 15:22:34 [scrapy] DEBUG: Scraped from <200 https://twitter.com/i/search/timeline?l=en&f=tweets&q=%22Glitters%22&src=typed&max_position=TWEET-985013283345190913-985251459947261953>
None
2018-04-14 15:22:34 [scrapy] DEBUG: Scraped from <200 https://twitter.com/i/search/timeline?l=en&f=tweets&q=%22Glitters%22&src=typed&max_position=TWEET-985013283345190913-985251459947261953>
None
2018-04-14 15:22:34 [scrapy] DEBUG: Crawled (200) <GET https://twitter.com/i/search/timeline?l=en&f=tweets&q=%22Glitters%22&src=typed&max_position=TWEET-984998292881895424-985251459947261953> (referer: https://twitter.com/i/search/timeline?l=en&f=tweets&q=%22Glitters%22&src=typed&max_position=TWEET-985013283345190913-985251459947261953)
2018-04-14 15:22:35 [scrapy] DEBUG: Scraped from <200 https://twitter.com/i/search/timeline?l=en&f=tweets&q=%22Glitters%22&src=typed&max_position=TWEET-984998292881895424-985251459947261953>
None
2018-04-14 15:22:35 [scrapy] DEBUG: Scraped from <200 https://twitter.com/i/search/timeline?l=en&f=tweets&q=%22Glitters%22&src=typed&max_position=TWEET-984998292881895424-985251459947261953>
None
2018-04-14 15:22:35 [scrapy] DEBUG: Scraped from <200 https://twitter.com/i/search/timeline?l=en&f=tweets&q=%22Glitters%22&src=typed&max_position=TWEET-984998292881895424-985251459947261953>
None
2018-04-14 15:22:35 [scrapy] DEBUG: Scraped from <200 https://twitter.com/i/search/timeline?l=en&f=tweets&q=%22Glitters%22&src=typed&max_position=TWEET-984998292881895424-985251459947261953>
None
2018-04-14 15:22:35 [scrapy] DEBUG: Scraped from <200 https://twitter.com/i/search/timeline?l=en&f=tweets&q=%22Glitters%22&src=typed&max_position=TWEET-984998292881895424-985251459947261953>
None
2018-04-14 15:22:35 [scrapy] DEBUG: Scraped from <200 https://twitter.com/i/search/timeline?l=en&f=tweets&q=%22Glitters%22&src=typed&max_position=TWEET-984998292881895424-985251459947261953>
None
2018-04-14 15:22:35 [scrapy] DEBUG: Scraped from <200 https://twitter.com/i/search/timeline?l=en&f=tweets&q=%22Glitters%22&src=typed&max_position=TWEET-984998292881895424-985251459947261953>
None
2018-04-14 15:22:35 [scrapy] DEBUG: Scraped from <200 https://twitter.com/i/search/timeline?l=en&f=tweets&q=%22Glitters%22&src=typed&max_position=TWEET-984998292881895424-985251459947261953>
None
2018-04-14 15:22:35 [scrapy] DEBUG: Scraped from <200 https://twitter.com/i/search/timeline?l=en&f=tweets&q=%22Glitters%22&src=typed&max_position=TWEET-984998292881895424-985251459947261953>
None
2018-04-14 15:22:35 [scrapy] DEBUG: Scraped from <200 https://twitter.com/i/search/timeline?l=en&f=tweets&q=%22Glitters%22&src=typed&max_position=TWEET-984998292881895424-985251459947261953>
None
2018-04-14 15:22:35 [scrapy] DEBUG: Scraped from <200 https://twitter.com/i/search/timeline?l=en&f=tweets&q=%22Glitters%22&src=typed&max_position=TWEET-984998292881895424-985251459947261953>
None
2018-04-14 15:22:35 [scrapy] DEBUG: Scraped from <200 https://twitter.com/i/search/timeline?l=en&f=tweets&q=%22Glitters%22&src=typed&max_position=TWEET-984998292881895424-985251459947261953>
None
2018-04-14 15:22:35 [scrapy] DEBUG: Scraped from <200 https://twitter.com/i/search/timeline?l=en&f=tweets&q=%22Glitters%22&src=typed&max_position=TWEET-984998292881895424-985251459947261953>
None
2018-04-14 15:22:35 [scrapy] DEBUG: Scraped from <200 https://twitter.com/i/search/timeline?l=en&f=tweets&q=%22Glitters%22&src=typed&max_position=TWEET-984998292881895424-985251459947261953>
None
2018-04-14 15:22:35 [scrapy] DEBUG: Scraped from <200 https://twitter.com/i/search/timeline?l=en&f=tweets&q=%22Glitters%22&src=typed&max_position=TWEET-984998292881895424-985251459947261953>
None
2018-04-14 15:22:35 [scrapy] DEBUG: Scraped from <200 https://twitter.com/i/search/timeline?l=en&f=tweets&q=%22Glitters%22&src=typed&max_position=TWEET-984998292881895424-985251459947261953>
None
2018-04-14 15:22:35 [scrapy] DEBUG: Scraped from <200 https://twitter.com/i/search/timeline?l=en&f=tweets&q=%22Glitters%22&src=typed&max_position=TWEET-984998292881895424-985251459947261953>
None
2018-04-14 15:22:35 [scrapy] DEBUG: Scraped from <200 https://twitter.com/i/search/timeline?l=en&f=tweets&q=%22Glitters%22&src=typed&max_position=TWEET-984998292881895424-985251459947261953>
None
2018-04-14 15:22:35 [scrapy] DEBUG: Scraped from <200 https://twitter.com/i/search/timeline?l=en&f=tweets&q=%22Glitters%22&src=typed&max_position=TWEET-984998292881895424-985251459947261953>
None
2018-04-14 15:22:36 [scrapy] DEBUG: Scraped from <200 https://twitter.com/i/search/timeline?l=en&f=tweets&q=%22Glitters%22&src=typed&max_position=TWEET-984998292881895424-985251459947261953>
None
2018-04-14 15:22:36 [scrapy] INFO: Closing spider (closespider_itemcount)
2018-04-14 15:22:36 [scrapy] INFO: Dumping Scrapy stats:
{'downloader/request_bytes': 12537,
 'downloader/request_count': 15,
 'downloader/request_method_count/GET': 15,
 'downloader/response_bytes': 240384,
 'downloader/response_count': 15,
 'downloader/response_status_count/200': 15,
 'finish_reason': 'closespider_itemcount',
 'finish_time': datetime.datetime(2018, 4, 14, 20, 22, 36, 8018),
 'item_scraped_count': 300,
 'log_count/DEBUG': 616,
 'log_count/ERROR': 300,
 'log_count/INFO': 6,
 'memusage/max': 65814528,
 'memusage/startup': 65814528,
 'request_depth_max': 15,
 'response_received_count': 15,
 'scheduler/dequeued': 15,
 'scheduler/dequeued/memory': 15,
 'scheduler/enqueued': 16,
 'scheduler/enqueued/memory': 16,
 'start_time': datetime.datetime(2018, 4, 14, 20, 22, 7, 976949)}
2018-04-14 15:22:36 [scrapy] INFO: Spider closed (closespider_itemcount)
